[INFO][LeapApp:276][2024-10-03 11:06:19] Adding classpath URL: file:/home/kooin/workspace/oss/Leap/leap1/WEB-INF/classes/
[INFO][LeapApp:276][2024-10-03 11:06:19] Adding classpath URL: file:/home/kooin/workspace/oss/Leap/leap/WEB-INF/classes/
[INFO][LeapApp:276][2024-10-03 11:06:19] Leap Server starting......Thu Oct 03 11:06:19 KST 2024
[INFO][LeapApp:276][2024-10-03 11:06:19] ============================================================
[INFO][LeapApp:276][2024-10-03 11:06:19] verbose mode on
[INFO][LeapApp:277][2024-10-03 11:06:19] [WATCH PATH] Watch Path: /home/kooin/workspace/oss/Leap/leap/static
[DEBUG][ForkJoinWorkerThread:-1][2024-10-03 11:06:19] [LOAD] In-Memory resource loading: favicon.ico  Size: 0.0 MB  Bytes: 1150
[DEBUG][ForkJoinWorkerThread:-1][2024-10-03 11:06:19] [LOAD] In-Memory resource loading: video1.mp4  Size: 10.06 MB  Bytes: 10546620
[DEBUG][ForkJoinWorkerThread:-1][2024-10-03 11:06:19] [LOAD] In-Memory resource loading: video.mp4  Size: 17.01 MB  Bytes: 17839845
[DEBUG][ForkJoinWorkerThread:-1][2024-10-03 11:06:19] [LOAD] In-Memory resource loading: video.html  Size: 0.01 MB  Bytes: 5329
[DEBUG][ForkJoinWorkerThread:-1][2024-10-03 11:06:19] [LOAD] In-Memory resource loading: genDir.js  Size: 0.0 MB  Bytes: 1791
[DEBUG][ForkJoinWorkerThread:-1][2024-10-03 11:06:19] [LOAD] In-Memory resource loading: login.js  Size: 0.0 MB  Bytes: 739
[DEBUG][ForkJoinWorkerThread:-1][2024-10-03 11:06:19] [LOAD] In-Memory resource loading: dashboard.js  Size: 0.0 MB  Bytes: 2692
[DEBUG][ForkJoinWorkerThread:-1][2024-10-03 11:06:19] [LOAD] In-Memory resource loading: refreshImage.js  Size: 0.0 MB  Bytes: 488
[DEBUG][ForkJoinWorkerThread:-1][2024-10-03 11:06:19] [LOAD] In-Memory resource loading: welcome.html  Size: 0.01 MB  Bytes: 7059
[DEBUG][ForkJoinWorkerThread:-1][2024-10-03 11:06:19] [LOAD] In-Memory resource loading: logo32.png  Size: 0.0 MB  Bytes: 1850
[DEBUG][ForkJoinWorkerThread:-1][2024-10-03 11:06:19] [LOAD] In-Memory resource loading: leap.png  Size: 0.01 MB  Bytes: 10484
[DEBUG][ForkJoinWorkerThread:-1][2024-10-03 11:06:19] [LOAD] In-Memory resource loading: file.png  Size: 0.01 MB  Bytes: 6667
[DEBUG][ForkJoinWorkerThread:-1][2024-10-03 11:06:19] [LOAD] In-Memory resource loading: logo16.png  Size: 0.0 MB  Bytes: 706
[DEBUG][ForkJoinWorkerThread:-1][2024-10-03 11:06:19] [LOAD] In-Memory resource loading: dir.png  Size: 0.01 MB  Bytes: 7295
[DEBUG][ForkJoinWorkerThread:-1][2024-10-03 11:06:19] [LOAD] In-Memory resource loading: logo100.png  Size: 0.0 MB  Bytes: 4709
[DEBUG][ForkJoinWorkerThread:-1][2024-10-03 11:06:19] [LOAD] In-Memory resource loading: styles.css  Size: 0.0 MB  Bytes: 4383
[INFO][LeapApp:277][2024-10-03 11:06:20] [RESOURCE-LOAD] Path: /home/kooin/workspace/oss/Leap/leap/static is complated: 1015
[INFO][LeapApp:277][2024-10-03 11:06:20] [WATCH PATH] Watch Path: /home/kooin/workspace/oss/Leap/leap1/static
[DEBUG][ForkJoinWorkerThread:-1][2024-10-03 11:06:20] [LOAD] In-Memory resource loading: favicon.ico  Size: 0.0 MB  Bytes: 1150
[DEBUG][ForkJoinWorkerThread:-1][2024-10-03 11:06:20] [LOAD] In-Memory resource loading: video1.mp4  Size: 10.06 MB  Bytes: 10546620
[DEBUG][ForkJoinWorkerThread:-1][2024-10-03 11:06:20] [LOAD] In-Memory resource loading: video.mp4  Size: 17.01 MB  Bytes: 17839845
[DEBUG][ForkJoinWorkerThread:-1][2024-10-03 11:06:20] [LOAD] In-Memory resource loading: video.html  Size: 0.01 MB  Bytes: 5329
[DEBUG][ForkJoinWorkerThread:-1][2024-10-03 11:06:20] [LOAD] In-Memory resource loading: genDir.js  Size: 0.0 MB  Bytes: 1791
[DEBUG][ForkJoinWorkerThread:-1][2024-10-03 11:06:20] [LOAD] In-Memory resource loading: login.js  Size: 0.0 MB  Bytes: 739
[DEBUG][ForkJoinWorkerThread:-1][2024-10-03 11:06:20] [LOAD] In-Memory resource loading: dashboard.js  Size: 0.0 MB  Bytes: 2692
[DEBUG][ForkJoinWorkerThread:-1][2024-10-03 11:06:20] [LOAD] In-Memory resource loading: refreshImage.js  Size: 0.0 MB  Bytes: 488
[DEBUG][ForkJoinWorkerThread:-1][2024-10-03 11:06:20] [LOAD] In-Memory resource loading: welcome.html  Size: 0.01 MB  Bytes: 7059
[DEBUG][ForkJoinWorkerThread:-1][2024-10-03 11:06:20] [LOAD] In-Memory resource loading: logo32.png  Size: 0.0 MB  Bytes: 1850
[DEBUG][ForkJoinWorkerThread:-1][2024-10-03 11:06:20] [LOAD] In-Memory resource loading: leap.png  Size: 0.01 MB  Bytes: 10484
[DEBUG][ForkJoinWorkerThread:-1][2024-10-03 11:06:20] [LOAD] In-Memory resource loading: file.png  Size: 0.01 MB  Bytes: 6667
[DEBUG][ForkJoinWorkerThread:-1][2024-10-03 11:06:20] [LOAD] In-Memory resource loading: logo16.png  Size: 0.0 MB  Bytes: 706
[DEBUG][ForkJoinWorkerThread:-1][2024-10-03 11:06:20] [LOAD] In-Memory resource loading: dir.png  Size: 0.01 MB  Bytes: 7295
[DEBUG][ForkJoinWorkerThread:-1][2024-10-03 11:06:20] [LOAD] In-Memory resource loading: logo100.png  Size: 0.0 MB  Bytes: 4709
[DEBUG][ForkJoinWorkerThread:-1][2024-10-03 11:06:20] [LOAD] In-Memory resource loading: styles.css  Size: 0.0 MB  Bytes: 4383
[INFO][LeapApp:277][2024-10-03 11:06:21] [RESOURCE-LOAD] Path: /home/kooin/workspace/oss/Leap/leap1/static is complated: 1001
[DEBUG][LeapApp:277][2024-10-03 11:06:21] status  CHANGED
[DEBUG][LeapApp:277][2024-10-03 11:06:21] status  CHANGED
[INFO][LeapApp:277][2024-10-03 11:06:21] [HOST:127.0.0.1:9292] - Protocol: HTTP   Server: leap   Host: www.leap.com   Port: 9292   Home: /home/kooin/workspace/oss/Leap/leap/static   Logging path: /home/kooin/workspace/oss/Leap/leap/logs/leap.log   Level: DEBUG
[DEBUG][LeapApp:277][2024-10-03 11:06:21] status  CHANGED
[DEBUG][LeapApp:277][2024-10-03 11:06:21] status  CHANGED
[INFO][LeapApp:277][2024-10-03 11:06:21] [HOST:127.0.0.1:8889] - Protocol: HTTP   Server: leap1   Host: www.leap-virtual.com   Port: 8889   Home: /home/kooin/workspace/oss/Leap/leap1/static   Logging path: /home/kooin/workspace/oss/Leap/leap1/logs/leap.log   Level: DEBUG
[INFO][LeapApp:277][2024-10-03 11:06:21] ----------------------------------------------------------------------------------------------------
[DEBUG][LeapServer:254][2024-10-03 11:06:21] status  CHANGED
[DEBUG][LeapServer:254][2024-10-03 11:06:21] status  CHANGED
[DEBUG][LeapServer:267][2024-10-03 11:06:21] status  CHANGED
[DEBUG][LeapServer:267][2024-10-03 11:06:21] status  CHANGED
[INFO][LeapServer:267][2024-10-03 11:06:21] [MONITOR ON] Leap system monitor turned on.
[INFO][LeapServer:267][2024-10-03 11:06:21] [MONITOR ON] Leap system monitor turned on.
[DEBUG][LeapServer:267][2024-10-03 11:06:21] cpu.x-index  CHANGED
[DEBUG][LeapServer:267][2024-10-03 11:06:21] cpu.x-index  CHANGED
[DEBUG][LeapServer:267][2024-10-03 11:06:21] memory.x-index  CHANGED
[DEBUG][LeapServer:267][2024-10-03 11:06:21] memory.x-index  CHANGED
[DEBUG][LeapServer:267][2024-10-03 11:06:21] thread.x-index  CHANGED
[DEBUG][LeapServer:267][2024-10-03 11:06:21] thread.x-index  CHANGED
[DEBUG][LeapServer:267][2024-10-03 11:06:21] heap.x-index  CHANGED
[DEBUG][LeapServer:267][2024-10-03 11:06:21] heap.x-index  CHANGED
[INFO][TimerThread:-1][2024-10-03 11:06:26] ================================================================================
[INFO][TimerThread:-1][2024-10-03 11:06:26] ================================================================================
[INFO][TimerThread:-1][2024-10-03 11:06:26] ThreadPool initialized - CORE: 300   MAX: 1000   KEEP-ALIVE WHEN IDLE(seconds): 3000
[INFO][TimerThread:-1][2024-10-03 11:06:26] ThreadPool initialized - CORE: 300   MAX: 1000   KEEP-ALIVE WHEN IDLE(seconds): 3000
[INFO][TimerThread:-1][2024-10-03 11:06:26] [THREAD-MONITOR]   Core: 300  Max: 1000  Active: 0  Largest: 0  Queued size: -1  Task completed: 0
[INFO][TimerThread:-1][2024-10-03 11:06:26] [THREAD-MONITOR]   Core: 300  Max: 1000  Active: 0  Largest: 0  Queued size: -1  Task completed: 0
[INFO][TimerThread:-1][2024-10-03 11:06:26] [MEMORY-MONITOR]   Process Max: 16810770432  Process Used: 73400832  Process Free: 16737369600  Physical Total: 67220975616  Physical Free: 42796015616  Process CPU load: 0.0  Process CPU time: 2  System CPU load: 0.0
[INFO][TimerThread:-1][2024-10-03 11:06:26] [MEMORY-MONITOR]   Process Max: 16810770432  Process Used: 73400832  Process Free: 16737369600  Physical Total: 67220975616  Physical Free: 42796015616  Process CPU load: 0.0  Process CPU time: 2  System CPU load: 75.0
[DEBUG][TimerThread:-1][2024-10-03 11:06:26] cpu.y-index.0  CHANGED
[DEBUG][TimerThread:-1][2024-10-03 11:06:26] cpu.y-index.0  CHANGED
[DEBUG][TimerThread:-1][2024-10-03 11:06:26] cpu.y-index.1  CHANGED
[DEBUG][TimerThread:-1][2024-10-03 11:06:26] cpu.y-index.1  CHANGED
[DEBUG][TimerThread:-1][2024-10-03 11:06:26] memory.y-index.0  CHANGED
[DEBUG][TimerThread:-1][2024-10-03 11:06:26] memory.y-index.0  CHANGED
[DEBUG][TimerThread:-1][2024-10-03 11:06:26] memory.y-index.1  CHANGED
[DEBUG][TimerThread:-1][2024-10-03 11:06:26] memory.y-index.1  CHANGED
[DEBUG][TimerThread:-1][2024-10-03 11:06:26] memory.y-index.2  CHANGED
[DEBUG][TimerThread:-1][2024-10-03 11:06:26] memory.y-index.2  CHANGED
[DEBUG][TimerThread:-1][2024-10-03 11:06:26] thread.y-index.0  CHANGED
[DEBUG][TimerThread:-1][2024-10-03 11:06:26] thread.y-index.0  CHANGED
[DEBUG][TimerThread:-1][2024-10-03 11:06:26] thread.y-index.1  CHANGED
[DEBUG][TimerThread:-1][2024-10-03 11:06:26] thread.y-index.1  CHANGED
[DEBUG][TimerThread:-1][2024-10-03 11:06:26] thread.y-index.2  CHANGED
[DEBUG][TimerThread:-1][2024-10-03 11:06:26] thread.y-index.2  CHANGED
[DEBUG][TimerThread:-1][2024-10-03 11:06:26] thread.y-index.3  CHANGED
[DEBUG][TimerThread:-1][2024-10-03 11:06:26] thread.y-index.3  CHANGED
[DEBUG][TimerThread:-1][2024-10-03 11:06:26] heap.y-index.0  CHANGED
[DEBUG][TimerThread:-1][2024-10-03 11:06:26] heap.y-index.0  CHANGED
[DEBUG][TimerThread:-1][2024-10-03 11:06:26] heap.y-index.1  CHANGED
[DEBUG][TimerThread:-1][2024-10-03 11:06:26] heap.y-index.1  CHANGED
[DEBUG][TimerThread:-1][2024-10-03 11:06:26] heap.y-index.2  CHANGED
[DEBUG][TimerThread:-1][2024-10-03 11:06:26] heap.y-index.2  CHANGED
[DEBUG][TimerThread:-1][2024-10-03 11:06:26] heap.y-index.3  CHANGED
[DEBUG][TimerThread:-1][2024-10-03 11:06:26] heap.y-index.3  CHANGED
[DEBUG][LeapServer:274][2024-10-03 11:06:26] status  CHANGED
[DEBUG][Thread:-1][2024-10-03 11:06:26] ============================== MULTIPART CONTENT: text/json
[DEBUG][Thread:-1][2024-10-03 11:06:26] form-data = 
[DEBUG][Thread:-1][2024-10-03 11:06:26] name = chart
[DEBUG][Thread:-1][2024-10-03 11:06:26] Uploaded - name: chart
[DEBUG][Thread:-1][2024-10-03 11:06:27] [ADD IN-MEMORY RESOURCE] Resource Path: /home/kooin/workspace/oss/Leap/leap/WEB-INF/monitor/cpu.png
[DEBUG][Thread:-1][2024-10-03 11:06:27] [ADD IN-MEMORY RESOURCE] Resource Path: /home/kooin/workspace/oss/Leap/leap/WEB-INF/monitor/memory.png
[DEBUG][Thread:-1][2024-10-03 11:06:27] [ADD IN-MEMORY RESOURCE] Resource Path: /home/kooin/workspace/oss/Leap/leap/WEB-INF/monitor/heap.png
[DEBUG][Thread:-1][2024-10-03 11:06:27] [ADD IN-MEMORY RESOURCE] Resource Path: /home/kooin/workspace/oss/Leap/leap/WEB-INF/monitor/thread.png
[DEBUG][Thread:-1][2024-10-03 11:06:27] [ADD IN-MEMORY RESOURCE] Resource Path: /home/kooin/workspace/oss/Leap/leap1/WEB-INF/monitor/cpu.png
[DEBUG][Thread:-1][2024-10-03 11:06:27] [ADD IN-MEMORY RESOURCE] Resource Path: /home/kooin/workspace/oss/Leap/leap1/WEB-INF/monitor/memory.png
[DEBUG][Thread:-1][2024-10-03 11:06:27] [ADD IN-MEMORY RESOURCE] Resource Path: /home/kooin/workspace/oss/Leap/leap1/WEB-INF/monitor/heap.png
[DEBUG][Thread:-1][2024-10-03 11:06:27] [ADD IN-MEMORY RESOURCE] Resource Path: /home/kooin/workspace/oss/Leap/leap1/WEB-INF/monitor/thread.png
[DEBUG][LeapServer:274][2024-10-03 11:06:27] status  CHANGED
[DEBUG][Thread:-1][2024-10-03 11:06:27] ============================== MULTIPART CONTENT: text/json
[DEBUG][Thread:-1][2024-10-03 11:06:27] form-data = 
[DEBUG][Thread:-1][2024-10-03 11:06:27] name = chart
[DEBUG][Thread:-1][2024-10-03 11:06:27] Uploaded - name: chart
[DEBUG][Thread:-1][2024-10-03 11:06:27] [ADD IN-MEMORY RESOURCE] Resource Path: /home/kooin/workspace/oss/Leap/leap/WEB-INF/monitor/cpu.png
[DEBUG][Thread:-1][2024-10-03 11:06:27] [ADD IN-MEMORY RESOURCE] Resource Path: /home/kooin/workspace/oss/Leap/leap/WEB-INF/monitor/memory.png
[DEBUG][Thread:-1][2024-10-03 11:06:27] [ADD IN-MEMORY RESOURCE] Resource Path: /home/kooin/workspace/oss/Leap/leap/WEB-INF/monitor/heap.png
[DEBUG][Thread:-1][2024-10-03 11:06:27] [ADD IN-MEMORY RESOURCE] Resource Path: /home/kooin/workspace/oss/Leap/leap/WEB-INF/monitor/thread.png
[DEBUG][Thread:-1][2024-10-03 11:06:27] [ADD IN-MEMORY RESOURCE] Resource Path: /home/kooin/workspace/oss/Leap/leap1/WEB-INF/monitor/cpu.png
[DEBUG][Thread:-1][2024-10-03 11:06:27] [ADD IN-MEMORY RESOURCE] Resource Path: /home/kooin/workspace/oss/Leap/leap1/WEB-INF/monitor/memory.png
[DEBUG][Thread:-1][2024-10-03 11:06:27] [ADD IN-MEMORY RESOURCE] Resource Path: /home/kooin/workspace/oss/Leap/leap1/WEB-INF/monitor/heap.png
[DEBUG][Thread:-1][2024-10-03 11:06:27] [ADD IN-MEMORY RESOURCE] Resource Path: /home/kooin/workspace/oss/Leap/leap1/WEB-INF/monitor/thread.png
[INFO][TimerThread:-1][2024-10-03 11:06:31] [THREAD-MONITOR]   Core: 300  Max: 1000  Active: 2  Largest: 2  Queued size: -1  Task completed: 2
[INFO][TimerThread:-1][2024-10-03 11:06:31] [THREAD-MONITOR]   Core: 300  Max: 1000  Active: 2  Largest: 2  Queued size: -1  Task completed: 2
[INFO][TimerThread:-1][2024-10-03 11:06:31] [MEMORY-MONITOR]   Process Max: 16810770432  Process Used: 129105328  Process Free: 16681665104  Physical Total: 67220975616  Physical Free: 42711642112  Process CPU load: 4.0  Process CPU time: 5  System CPU load: 7.0
[INFO][TimerThread:-1][2024-10-03 11:06:31] [MEMORY-MONITOR]   Process Max: 16810770432  Process Used: 129105328  Process Free: 16681665104  Physical Total: 67220975616  Physical Free: 42711642112  Process CPU load: 0.0  Process CPU time: 5  System CPU load: 0.0
[DEBUG][TimerThread:-1][2024-10-03 11:06:31] cpu.y-index.0  CHANGED
[DEBUG][TimerThread:-1][2024-10-03 11:06:31] cpu.y-index.1  CHANGED
[DEBUG][TimerThread:-1][2024-10-03 11:06:31] cpu.y-index.0  CHANGED
[DEBUG][TimerThread:-1][2024-10-03 11:06:31] cpu.y-index.1  CHANGED
[DEBUG][TimerThread:-1][2024-10-03 11:06:31] memory.y-index.0  CHANGED
[DEBUG][TimerThread:-1][2024-10-03 11:06:31] memory.y-index.0  CHANGED
[DEBUG][TimerThread:-1][2024-10-03 11:06:31] memory.y-index.1  CHANGED
[DEBUG][TimerThread:-1][2024-10-03 11:06:31] memory.y-index.2  CHANGED
[DEBUG][TimerThread:-1][2024-10-03 11:06:31] memory.y-index.1  CHANGED
[DEBUG][TimerThread:-1][2024-10-03 11:06:31] thread.y-index.0  CHANGED
[DEBUG][TimerThread:-1][2024-10-03 11:06:31] memory.y-index.2  CHANGED
[DEBUG][TimerThread:-1][2024-10-03 11:06:31] thread.y-index.1  CHANGED
[DEBUG][TimerThread:-1][2024-10-03 11:06:31] thread.y-index.0  CHANGED
[DEBUG][TimerThread:-1][2024-10-03 11:06:31] thread.y-index.2  CHANGED
[DEBUG][TimerThread:-1][2024-10-03 11:06:31] thread.y-index.1  CHANGED
[DEBUG][TimerThread:-1][2024-10-03 11:06:31] thread.y-index.3  CHANGED
[DEBUG][TimerThread:-1][2024-10-03 11:06:31] thread.y-index.2  CHANGED
[DEBUG][TimerThread:-1][2024-10-03 11:06:31] thread.y-index.3  CHANGED
[DEBUG][TimerThread:-1][2024-10-03 11:06:31] heap.y-index.0  CHANGED
[DEBUG][TimerThread:-1][2024-10-03 11:06:31] heap.y-index.0  CHANGED
[DEBUG][TimerThread:-1][2024-10-03 11:06:31] heap.y-index.1  CHANGED
[DEBUG][TimerThread:-1][2024-10-03 11:06:31] heap.y-index.1  CHANGED
[DEBUG][TimerThread:-1][2024-10-03 11:06:31] heap.y-index.2  CHANGED
[DEBUG][TimerThread:-1][2024-10-03 11:06:31] heap.y-index.2  CHANGED
[DEBUG][TimerThread:-1][2024-10-03 11:06:31] heap.y-index.3  CHANGED
[DEBUG][TimerThread:-1][2024-10-03 11:06:31] heap.y-index.3  CHANGED
[DEBUG][LeapServer:274][2024-10-03 11:06:31] status  CHANGED
[DEBUG][Thread:-1][2024-10-03 11:06:31] ============================== MULTIPART CONTENT: text/json
[DEBUG][Thread:-1][2024-10-03 11:06:31] form-data = 
[DEBUG][Thread:-1][2024-10-03 11:06:31] name = chart
[DEBUG][Thread:-1][2024-10-03 11:06:31] Uploaded - name: chart
[DEBUG][Thread:-1][2024-10-03 11:06:31] [ADD IN-MEMORY RESOURCE] Resource Path: /home/kooin/workspace/oss/Leap/leap/WEB-INF/monitor/cpu.png
[DEBUG][Thread:-1][2024-10-03 11:06:31] [ADD IN-MEMORY RESOURCE] Resource Path: /home/kooin/workspace/oss/Leap/leap/WEB-INF/monitor/memory.png
[DEBUG][Thread:-1][2024-10-03 11:06:31] [ADD IN-MEMORY RESOURCE] Resource Path: /home/kooin/workspace/oss/Leap/leap/WEB-INF/monitor/heap.png
[DEBUG][Thread:-1][2024-10-03 11:06:31] [ADD IN-MEMORY RESOURCE] Resource Path: /home/kooin/workspace/oss/Leap/leap/WEB-INF/monitor/thread.png
[DEBUG][Thread:-1][2024-10-03 11:06:31] [ADD IN-MEMORY RESOURCE] Resource Path: /home/kooin/workspace/oss/Leap/leap1/WEB-INF/monitor/cpu.png
[DEBUG][Thread:-1][2024-10-03 11:06:31] [ADD IN-MEMORY RESOURCE] Resource Path: /home/kooin/workspace/oss/Leap/leap1/WEB-INF/monitor/memory.png
[DEBUG][Thread:-1][2024-10-03 11:06:31] [ADD IN-MEMORY RESOURCE] Resource Path: /home/kooin/workspace/oss/Leap/leap1/WEB-INF/monitor/heap.png
[DEBUG][Thread:-1][2024-10-03 11:06:31] [ADD IN-MEMORY RESOURCE] Resource Path: /home/kooin/workspace/oss/Leap/leap1/WEB-INF/monitor/thread.png
[DEBUG][LeapServer:274][2024-10-03 11:06:31] status  CHANGED
[DEBUG][Thread:-1][2024-10-03 11:06:31] ============================== MULTIPART CONTENT: text/json
[DEBUG][Thread:-1][2024-10-03 11:06:31] form-data = 
[DEBUG][Thread:-1][2024-10-03 11:06:31] name = chart
[DEBUG][Thread:-1][2024-10-03 11:06:31] Uploaded - name: chart
[DEBUG][Thread:-1][2024-10-03 11:06:31] [ADD IN-MEMORY RESOURCE] Resource Path: /home/kooin/workspace/oss/Leap/leap/WEB-INF/monitor/cpu.png
[DEBUG][Thread:-1][2024-10-03 11:06:31] [ADD IN-MEMORY RESOURCE] Resource Path: /home/kooin/workspace/oss/Leap/leap/WEB-INF/monitor/memory.png
[DEBUG][Thread:-1][2024-10-03 11:06:31] [ADD IN-MEMORY RESOURCE] Resource Path: /home/kooin/workspace/oss/Leap/leap/WEB-INF/monitor/heap.png
[DEBUG][Thread:-1][2024-10-03 11:06:32] [ADD IN-MEMORY RESOURCE] Resource Path: /home/kooin/workspace/oss/Leap/leap/WEB-INF/monitor/thread.png
[DEBUG][Thread:-1][2024-10-03 11:06:32] [ADD IN-MEMORY RESOURCE] Resource Path: /home/kooin/workspace/oss/Leap/leap1/WEB-INF/monitor/cpu.png
[DEBUG][Thread:-1][2024-10-03 11:06:32] [ADD IN-MEMORY RESOURCE] Resource Path: /home/kooin/workspace/oss/Leap/leap1/WEB-INF/monitor/memory.png
[DEBUG][Thread:-1][2024-10-03 11:06:32] [ADD IN-MEMORY RESOURCE] Resource Path: /home/kooin/workspace/oss/Leap/leap1/WEB-INF/monitor/heap.png
[DEBUG][Thread:-1][2024-10-03 11:06:32] [ADD IN-MEMORY RESOURCE] Resource Path: /home/kooin/workspace/oss/Leap/leap1/WEB-INF/monitor/thread.png
[INFO][TimerThread:-1][2024-10-03 11:06:36] [THREAD-MONITOR]   Core: 300  Max: 1000  Active: 4  Largest: 4  Queued size: -1  Task completed: 4
[INFO][TimerThread:-1][2024-10-03 11:06:36] [THREAD-MONITOR]   Core: 300  Max: 1000  Active: 4  Largest: 4  Queued size: -1  Task completed: 4
[INFO][TimerThread:-1][2024-10-03 11:06:36] [MEMORY-MONITOR]   Process Max: 16810770432  Process Used: 151119936  Process Free: 16659650496  Physical Total: 67220975616  Physical Free: 42702827520  Process CPU load: 1.0  Process CPU time: 5  System CPU load: 4.0
[INFO][TimerThread:-1][2024-10-03 11:06:36] [MEMORY-MONITOR]   Process Max: 16810770432  Process Used: 83381248  Process Free: 16727389184  Physical Total: 67220975616  Physical Free: 42701131776  Process CPU load: 100.0  Process CPU time: 5  System CPU load: 0.0
[DEBUG][TimerThread:-1][2024-10-03 11:06:36] cpu.y-index.0  CHANGED
[DEBUG][TimerThread:-1][2024-10-03 11:06:36] cpu.y-index.1  CHANGED
[DEBUG][TimerThread:-1][2024-10-03 11:06:36] memory.y-index.0  CHANGED
[DEBUG][TimerThread:-1][2024-10-03 11:06:36] cpu.y-index.0  CHANGED
[DEBUG][TimerThread:-1][2024-10-03 11:06:36] memory.y-index.1  CHANGED
[DEBUG][TimerThread:-1][2024-10-03 11:06:36] cpu.y-index.1  CHANGED
[DEBUG][TimerThread:-1][2024-10-03 11:06:36] memory.y-index.2  CHANGED
[DEBUG][TimerThread:-1][2024-10-03 11:06:36] thread.y-index.0  CHANGED
[DEBUG][TimerThread:-1][2024-10-03 11:06:36] thread.y-index.1  CHANGED
[DEBUG][TimerThread:-1][2024-10-03 11:06:36] thread.y-index.2  CHANGED
[DEBUG][TimerThread:-1][2024-10-03 11:06:36] memory.y-index.0  CHANGED
[DEBUG][TimerThread:-1][2024-10-03 11:06:36] thread.y-index.3  CHANGED
[DEBUG][TimerThread:-1][2024-10-03 11:06:36] memory.y-index.1  CHANGED
[DEBUG][TimerThread:-1][2024-10-03 11:06:36] memory.y-index.2  CHANGED
[DEBUG][TimerThread:-1][2024-10-03 11:06:36] heap.y-index.0  CHANGED
[DEBUG][TimerThread:-1][2024-10-03 11:06:36] thread.y-index.0  CHANGED
[DEBUG][TimerThread:-1][2024-10-03 11:06:36] heap.y-index.1  CHANGED
[DEBUG][TimerThread:-1][2024-10-03 11:06:36] thread.y-index.1  CHANGED
[DEBUG][TimerThread:-1][2024-10-03 11:06:36] heap.y-index.2  CHANGED
[DEBUG][TimerThread:-1][2024-10-03 11:06:36] thread.y-index.2  CHANGED
[DEBUG][TimerThread:-1][2024-10-03 11:06:36] heap.y-index.3  CHANGED
[DEBUG][TimerThread:-1][2024-10-03 11:06:36] thread.y-index.3  CHANGED
[DEBUG][TimerThread:-1][2024-10-03 11:06:36] heap.y-index.0  CHANGED
[DEBUG][TimerThread:-1][2024-10-03 11:06:36] heap.y-index.1  CHANGED
[DEBUG][TimerThread:-1][2024-10-03 11:06:36] heap.y-index.2  CHANGED
[DEBUG][TimerThread:-1][2024-10-03 11:06:36] heap.y-index.3  CHANGED
[DEBUG][LeapServer:274][2024-10-03 11:06:36] status  CHANGED
[DEBUG][Thread:-1][2024-10-03 11:06:36] ============================== MULTIPART CONTENT: text/json
[DEBUG][Thread:-1][2024-10-03 11:06:36] form-data = 
[DEBUG][Thread:-1][2024-10-03 11:06:36] name = chart
[DEBUG][Thread:-1][2024-10-03 11:06:36] Uploaded - name: chart
[DEBUG][Thread:-1][2024-10-03 11:06:36] [ADD IN-MEMORY RESOURCE] Resource Path: /home/kooin/workspace/oss/Leap/leap/WEB-INF/monitor/cpu.png
[DEBUG][Thread:-1][2024-10-03 11:06:36] [ADD IN-MEMORY RESOURCE] Resource Path: /home/kooin/workspace/oss/Leap/leap/WEB-INF/monitor/memory.png
[DEBUG][Thread:-1][2024-10-03 11:06:36] [ADD IN-MEMORY RESOURCE] Resource Path: /home/kooin/workspace/oss/Leap/leap/WEB-INF/monitor/heap.png
[DEBUG][Thread:-1][2024-10-03 11:06:36] [ADD IN-MEMORY RESOURCE] Resource Path: /home/kooin/workspace/oss/Leap/leap/WEB-INF/monitor/thread.png
[DEBUG][Thread:-1][2024-10-03 11:06:36] [ADD IN-MEMORY RESOURCE] Resource Path: /home/kooin/workspace/oss/Leap/leap1/WEB-INF/monitor/cpu.png
[DEBUG][Thread:-1][2024-10-03 11:06:36] [ADD IN-MEMORY RESOURCE] Resource Path: /home/kooin/workspace/oss/Leap/leap1/WEB-INF/monitor/memory.png
[DEBUG][Thread:-1][2024-10-03 11:06:36] [ADD IN-MEMORY RESOURCE] Resource Path: /home/kooin/workspace/oss/Leap/leap1/WEB-INF/monitor/heap.png
[DEBUG][Thread:-1][2024-10-03 11:06:36] [ADD IN-MEMORY RESOURCE] Resource Path: /home/kooin/workspace/oss/Leap/leap1/WEB-INF/monitor/thread.png
[DEBUG][LeapServer:274][2024-10-03 11:06:36] status  CHANGED
[DEBUG][Thread:-1][2024-10-03 11:06:36] ============================== MULTIPART CONTENT: text/json
[DEBUG][Thread:-1][2024-10-03 11:06:36] form-data = 
[DEBUG][Thread:-1][2024-10-03 11:06:36] name = chart
[DEBUG][Thread:-1][2024-10-03 11:06:36] Uploaded - name: chart
[DEBUG][Thread:-1][2024-10-03 11:06:36] [ADD IN-MEMORY RESOURCE] Resource Path: /home/kooin/workspace/oss/Leap/leap/WEB-INF/monitor/cpu.png
[DEBUG][Thread:-1][2024-10-03 11:06:36] [ADD IN-MEMORY RESOURCE] Resource Path: /home/kooin/workspace/oss/Leap/leap/WEB-INF/monitor/memory.png
[DEBUG][Thread:-1][2024-10-03 11:06:36] [ADD IN-MEMORY RESOURCE] Resource Path: /home/kooin/workspace/oss/Leap/leap/WEB-INF/monitor/heap.png
[DEBUG][Thread:-1][2024-10-03 11:06:36] [ADD IN-MEMORY RESOURCE] Resource Path: /home/kooin/workspace/oss/Leap/leap/WEB-INF/monitor/thread.png
[DEBUG][Thread:-1][2024-10-03 11:06:37] [ADD IN-MEMORY RESOURCE] Resource Path: /home/kooin/workspace/oss/Leap/leap1/WEB-INF/monitor/cpu.png
[DEBUG][Thread:-1][2024-10-03 11:06:37] [ADD IN-MEMORY RESOURCE] Resource Path: /home/kooin/workspace/oss/Leap/leap1/WEB-INF/monitor/memory.png
[DEBUG][Thread:-1][2024-10-03 11:06:37] [ADD IN-MEMORY RESOURCE] Resource Path: /home/kooin/workspace/oss/Leap/leap1/WEB-INF/monitor/heap.png
[DEBUG][Thread:-1][2024-10-03 11:06:37] [ADD IN-MEMORY RESOURCE] Resource Path: /home/kooin/workspace/oss/Leap/leap1/WEB-INF/monitor/thread.png
[INFO][LeapApp:276][2024-10-03 11:10:27] Adding classpath URL: file:/home/kooin/workspace/oss/Leap/leap1/WEB-INF/classes/
[INFO][LeapApp:276][2024-10-03 11:10:27] Adding classpath URL: file:/home/kooin/workspace/oss/Leap/leap/WEB-INF/classes/
[INFO][LeapApp:276][2024-10-03 11:10:27] Leap Server starting......Thu Oct 03 11:10:27 KST 2024
[INFO][LeapApp:276][2024-10-03 11:10:27] ============================================================
[INFO][LeapApp:276][2024-10-03 11:10:27] verbose mode on
[INFO][LeapApp:277][2024-10-03 11:10:27] [WATCH PATH] Watch Path: /home/kooin/workspace/oss/Leap/leap/static
[DEBUG][ForkJoinWorkerThread:-1][2024-10-03 11:10:27] [LOAD] In-Memory resource loading: favicon.ico  Size: 0.0 MB  Bytes: 1150
[DEBUG][ForkJoinWorkerThread:-1][2024-10-03 11:10:27] [LOAD] In-Memory resource loading: video1.mp4  Size: 10.06 MB  Bytes: 10546620
[DEBUG][ForkJoinWorkerThread:-1][2024-10-03 11:10:27] [LOAD] In-Memory resource loading: video.mp4  Size: 17.01 MB  Bytes: 17839845
[DEBUG][ForkJoinWorkerThread:-1][2024-10-03 11:10:27] [LOAD] In-Memory resource loading: video.html  Size: 0.01 MB  Bytes: 5329
[DEBUG][ForkJoinWorkerThread:-1][2024-10-03 11:10:27] [LOAD] In-Memory resource loading: genDir.js  Size: 0.0 MB  Bytes: 1791
[DEBUG][ForkJoinWorkerThread:-1][2024-10-03 11:10:27] [LOAD] In-Memory resource loading: login.js  Size: 0.0 MB  Bytes: 739
[DEBUG][ForkJoinWorkerThread:-1][2024-10-03 11:10:27] [LOAD] In-Memory resource loading: dashboard.js  Size: 0.0 MB  Bytes: 2692
[DEBUG][ForkJoinWorkerThread:-1][2024-10-03 11:10:27] [LOAD] In-Memory resource loading: refreshImage.js  Size: 0.0 MB  Bytes: 488
[DEBUG][ForkJoinWorkerThread:-1][2024-10-03 11:10:27] [LOAD] In-Memory resource loading: welcome.html  Size: 0.01 MB  Bytes: 7059
[DEBUG][ForkJoinWorkerThread:-1][2024-10-03 11:10:27] [LOAD] In-Memory resource loading: logo32.png  Size: 0.0 MB  Bytes: 1850
[DEBUG][ForkJoinWorkerThread:-1][2024-10-03 11:10:27] [LOAD] In-Memory resource loading: leap.png  Size: 0.01 MB  Bytes: 10484
[DEBUG][ForkJoinWorkerThread:-1][2024-10-03 11:10:27] [LOAD] In-Memory resource loading: file.png  Size: 0.01 MB  Bytes: 6667
[DEBUG][ForkJoinWorkerThread:-1][2024-10-03 11:10:27] [LOAD] In-Memory resource loading: logo16.png  Size: 0.0 MB  Bytes: 706
[DEBUG][ForkJoinWorkerThread:-1][2024-10-03 11:10:27] [LOAD] In-Memory resource loading: dir.png  Size: 0.01 MB  Bytes: 7295
[DEBUG][ForkJoinWorkerThread:-1][2024-10-03 11:10:27] [LOAD] In-Memory resource loading: logo100.png  Size: 0.0 MB  Bytes: 4709
[DEBUG][ForkJoinWorkerThread:-1][2024-10-03 11:10:27] [LOAD] In-Memory resource loading: styles.css  Size: 0.0 MB  Bytes: 4383
[INFO][LeapApp:277][2024-10-03 11:10:28] [RESOURCE-LOAD] Path: /home/kooin/workspace/oss/Leap/leap/static is complated: 1016
[INFO][LeapApp:277][2024-10-03 11:10:28] [WATCH PATH] Watch Path: /home/kooin/workspace/oss/Leap/leap1/static
[DEBUG][ForkJoinWorkerThread:-1][2024-10-03 11:10:28] [LOAD] In-Memory resource loading: favicon.ico  Size: 0.0 MB  Bytes: 1150
[DEBUG][ForkJoinWorkerThread:-1][2024-10-03 11:10:28] [LOAD] In-Memory resource loading: video1.mp4  Size: 10.06 MB  Bytes: 10546620
[DEBUG][ForkJoinWorkerThread:-1][2024-10-03 11:10:28] [LOAD] In-Memory resource loading: video.mp4  Size: 17.01 MB  Bytes: 17839845
[DEBUG][ForkJoinWorkerThread:-1][2024-10-03 11:10:28] [LOAD] In-Memory resource loading: video.html  Size: 0.01 MB  Bytes: 5329
[DEBUG][ForkJoinWorkerThread:-1][2024-10-03 11:10:28] [LOAD] In-Memory resource loading: genDir.js  Size: 0.0 MB  Bytes: 1791
[DEBUG][ForkJoinWorkerThread:-1][2024-10-03 11:10:28] [LOAD] In-Memory resource loading: login.js  Size: 0.0 MB  Bytes: 739
[DEBUG][ForkJoinWorkerThread:-1][2024-10-03 11:10:28] [LOAD] In-Memory resource loading: dashboard.js  Size: 0.0 MB  Bytes: 2692
[DEBUG][ForkJoinWorkerThread:-1][2024-10-03 11:10:28] [LOAD] In-Memory resource loading: refreshImage.js  Size: 0.0 MB  Bytes: 488
[DEBUG][ForkJoinWorkerThread:-1][2024-10-03 11:10:28] [LOAD] In-Memory resource loading: welcome.html  Size: 0.01 MB  Bytes: 7059
[DEBUG][ForkJoinWorkerThread:-1][2024-10-03 11:10:28] [LOAD] In-Memory resource loading: logo32.png  Size: 0.0 MB  Bytes: 1850
[DEBUG][ForkJoinWorkerThread:-1][2024-10-03 11:10:28] [LOAD] In-Memory resource loading: leap.png  Size: 0.01 MB  Bytes: 10484
[DEBUG][ForkJoinWorkerThread:-1][2024-10-03 11:10:28] [LOAD] In-Memory resource loading: file.png  Size: 0.01 MB  Bytes: 6667
[DEBUG][ForkJoinWorkerThread:-1][2024-10-03 11:10:28] [LOAD] In-Memory resource loading: logo16.png  Size: 0.0 MB  Bytes: 706
[DEBUG][ForkJoinWorkerThread:-1][2024-10-03 11:10:28] [LOAD] In-Memory resource loading: dir.png  Size: 0.01 MB  Bytes: 7295
[DEBUG][ForkJoinWorkerThread:-1][2024-10-03 11:10:28] [LOAD] In-Memory resource loading: logo100.png  Size: 0.0 MB  Bytes: 4709
[DEBUG][ForkJoinWorkerThread:-1][2024-10-03 11:10:28] [LOAD] In-Memory resource loading: styles.css  Size: 0.0 MB  Bytes: 4383
[INFO][LeapApp:277][2024-10-03 11:10:29] [RESOURCE-LOAD] Path: /home/kooin/workspace/oss/Leap/leap1/static is complated: 1001
[DEBUG][LeapApp:277][2024-10-03 11:10:29] status  CHANGED
[DEBUG][LeapApp:277][2024-10-03 11:10:29] status  CHANGED
[INFO][LeapApp:277][2024-10-03 11:10:29] [HOST:127.0.0.1:9292] - Protocol: HTTP   Server: leap   Host: www.leap.com   Port: 9292   Home: /home/kooin/workspace/oss/Leap/leap/static   Logging path: /home/kooin/workspace/oss/Leap/leap/logs/leap.log   Level: DEBUG
[DEBUG][LeapApp:277][2024-10-03 11:10:29] status  CHANGED
[DEBUG][LeapApp:277][2024-10-03 11:10:29] status  CHANGED
[INFO][LeapApp:277][2024-10-03 11:10:29] [HOST:127.0.0.1:8889] - Protocol: HTTP   Server: leap1   Host: www.leap-virtual.com   Port: 8889   Home: /home/kooin/workspace/oss/Leap/leap1/static   Logging path: /home/kooin/workspace/oss/Leap/leap1/logs/leap.log   Level: DEBUG
[INFO][LeapApp:277][2024-10-03 11:10:29] ----------------------------------------------------------------------------------------------------
[DEBUG][LeapServer:254][2024-10-03 11:10:29] status  CHANGED
[DEBUG][LeapServer:254][2024-10-03 11:10:29] status  CHANGED
[DEBUG][LeapServer:338][2024-10-03 11:10:29] status  CHANGED
[DEBUG][LeapServer:338][2024-10-03 11:10:29] status  CHANGED
[INFO][LeapServer:338][2024-10-03 11:10:29] [TERMINATED] Shutdown Leap !!!
[INFO][LeapServer:338][2024-10-03 11:10:29] [TERMINATED] Shutdown Leap !!!
[INFO][LeapServer:338][2024-10-03 11:10:29] ================================================================================
[INFO][LeapServer:338][2024-10-03 11:10:29] ================================================================================
[INFO][LeapServer:338][2024-10-03 11:10:29] ThreadPool initialized - CORE: 300   MAX: 1000   KEEP-ALIVE WHEN IDLE(seconds): 3000
[INFO][LeapServer:338][2024-10-03 11:10:29] ThreadPool initialized - CORE: 300   MAX: 1000   KEEP-ALIVE WHEN IDLE(seconds): 3000
[INFO][LeapServer:338][2024-10-03 11:10:29] [THREAD POOL] Thread pool is terminated...
[INFO][LeapServer:338][2024-10-03 11:10:29] [THREAD POOL] Thread pool is terminated...
[DEBUG][LeapServer:338][2024-10-03 11:10:29] cpu.x-index  CHANGED
[DEBUG][LeapServer:338][2024-10-03 11:10:29] cpu.x-index  CHANGED
[DEBUG][LeapServer:338][2024-10-03 11:10:29] memory.x-index  CHANGED
[DEBUG][LeapServer:338][2024-10-03 11:10:29] memory.x-index  CHANGED
[DEBUG][LeapServer:338][2024-10-03 11:10:29] thread.x-index  CHANGED
[DEBUG][LeapServer:338][2024-10-03 11:10:29] thread.x-index  CHANGED
[DEBUG][LeapServer:338][2024-10-03 11:10:29] heap.x-index  CHANGED
[DEBUG][LeapServer:338][2024-10-03 11:10:29] heap.x-index  CHANGED
[DEBUG][LeapServer:338][2024-10-03 11:10:29] status  CHANGED
[INFO][LeapServer:338][2024-10-03 11:10:29] [TERMINATED] Shutdown Leap !!!
[DEBUG][LeapServer:338][2024-10-03 11:10:29] status  CHANGED
[INFO][LeapServer:338][2024-10-03 11:10:29] [THREAD POOL] Thread pool is terminated...
[INFO][LeapServer:338][2024-10-03 11:10:29] [TERMINATED] Shutdown Leap !!!
[INFO][LeapServer:338][2024-10-03 11:10:29] [THREAD POOL] Thread pool is terminated...
[DEBUG][LeapServer:338][2024-10-03 11:10:29] status  CHANGED
[INFO][LeapServer:338][2024-10-03 11:10:29] [TERMINATED] Shutdown Leap !!!
[INFO][LeapServer:338][2024-10-03 11:10:29] [THREAD POOL] Thread pool is terminated...
[INFO][LeapApp:276][2024-10-03 15:06:44] Adding classpath URL: file:/home/kooin/workspace/oss/Leap/leap1/WEB-INF/classes/
[INFO][LeapApp:276][2024-10-03 15:06:45] Adding classpath URL: file:/home/kooin/workspace/oss/Leap/leap/WEB-INF/classes/
[INFO][LeapApp:276][2024-10-03 15:06:45] Leap Server starting......Thu Oct 03 15:06:45 KST 2024
[INFO][LeapApp:276][2024-10-03 15:06:45] ============================================================
[INFO][LeapApp:276][2024-10-03 15:06:45] verbose mode on
[INFO][LeapApp:276][2024-10-03 15:08:16] Adding classpath URL: file:/home/kooin/workspace/oss/Leap/leap1/WEB-INF/classes/
[INFO][LeapApp:276][2024-10-03 15:08:16] Adding classpath URL: file:/home/kooin/workspace/oss/Leap/leap/WEB-INF/classes/
[INFO][LeapApp:276][2024-10-03 15:08:16] Leap Server starting......Thu Oct 03 15:08:16 KST 2024
[INFO][LeapApp:276][2024-10-03 15:08:16] ============================================================
[INFO][LeapApp:276][2024-10-03 15:08:16] verbose mode on
[INFO][LeapApp:276][2024-10-03 15:10:06] Adding classpath URL: file:/home/kooin/workspace/oss/Leap/leap1/WEB-INF/classes/
[INFO][LeapApp:276][2024-10-03 15:10:06] Adding classpath URL: file:/home/kooin/workspace/oss/Leap/leap/WEB-INF/classes/
[INFO][LeapApp:276][2024-10-03 15:10:06] Leap Server starting......Thu Oct 03 15:10:06 KST 2024
[INFO][LeapApp:276][2024-10-03 15:10:06] ============================================================
[INFO][LeapApp:276][2024-10-03 15:10:06] verbose mode on
[INFO][LeapApp:276][2024-10-03 15:11:51] Adding classpath URL: file:/home/kooin/workspace/oss/Leap/leap1/WEB-INF/classes/
[INFO][LeapApp:276][2024-10-03 15:11:51] Adding classpath URL: file:/home/kooin/workspace/oss/Leap/leap/WEB-INF/classes/
[INFO][LeapApp:276][2024-10-03 15:11:51] Leap Server starting......Thu Oct 03 15:11:51 KST 2024
[INFO][LeapApp:276][2024-10-03 15:11:51] ============================================================
[INFO][LeapApp:276][2024-10-03 15:11:51] verbose mode on
[INFO][LeapApp:277][2024-10-03 15:11:52] [WATCH PATH] Watch Path: /home/kooin/workspace/oss/Leap/leap/static
[DEBUG][ForkJoinWorkerThread:-1][2024-10-03 15:11:52] [LOAD] In-Memory resource loading: favicon.ico  Size: 0.0 MB  Bytes: 1150
[DEBUG][ForkJoinWorkerThread:-1][2024-10-03 15:11:52] [LOAD] In-Memory resource loading: video1.mp4  Size: 10.06 MB  Bytes: 10546620
[DEBUG][ForkJoinWorkerThread:-1][2024-10-03 15:11:52] [LOAD] In-Memory resource loading: video.mp4  Size: 17.01 MB  Bytes: 17839845
[DEBUG][ForkJoinWorkerThread:-1][2024-10-03 15:11:52] [LOAD] In-Memory resource loading: video.html  Size: 0.01 MB  Bytes: 5329
[DEBUG][ForkJoinWorkerThread:-1][2024-10-03 15:11:52] [LOAD] In-Memory resource loading: genDir.js  Size: 0.0 MB  Bytes: 1791
[DEBUG][ForkJoinWorkerThread:-1][2024-10-03 15:11:52] [LOAD] In-Memory resource loading: login.js  Size: 0.0 MB  Bytes: 739
[DEBUG][ForkJoinWorkerThread:-1][2024-10-03 15:11:52] [LOAD] In-Memory resource loading: dashboard.js  Size: 0.0 MB  Bytes: 2692
[DEBUG][ForkJoinWorkerThread:-1][2024-10-03 15:11:52] [LOAD] In-Memory resource loading: refreshImage.js  Size: 0.0 MB  Bytes: 488
[DEBUG][ForkJoinWorkerThread:-1][2024-10-03 15:11:52] [LOAD] In-Memory resource loading: welcome.html  Size: 0.01 MB  Bytes: 7059
[DEBUG][ForkJoinWorkerThread:-1][2024-10-03 15:11:52] [LOAD] In-Memory resource loading: logo32.png  Size: 0.0 MB  Bytes: 1850
[DEBUG][ForkJoinWorkerThread:-1][2024-10-03 15:11:52] [LOAD] In-Memory resource loading: leap.png  Size: 0.01 MB  Bytes: 10484
[DEBUG][ForkJoinWorkerThread:-1][2024-10-03 15:11:52] [LOAD] In-Memory resource loading: file.png  Size: 0.01 MB  Bytes: 6667
[DEBUG][ForkJoinWorkerThread:-1][2024-10-03 15:11:52] [LOAD] In-Memory resource loading: logo16.png  Size: 0.0 MB  Bytes: 706
[DEBUG][ForkJoinWorkerThread:-1][2024-10-03 15:11:52] [LOAD] In-Memory resource loading: dir.png  Size: 0.01 MB  Bytes: 7295
[DEBUG][ForkJoinWorkerThread:-1][2024-10-03 15:11:52] [LOAD] In-Memory resource loading: logo100.png  Size: 0.0 MB  Bytes: 4709
[DEBUG][ForkJoinWorkerThread:-1][2024-10-03 15:11:52] [LOAD] In-Memory resource loading: styles.css  Size: 0.0 MB  Bytes: 4383
[INFO][LeapApp:277][2024-10-03 15:11:53] [RESOURCE-LOAD] Path: /home/kooin/workspace/oss/Leap/leap/static is complated: 1012
[INFO][LeapApp:277][2024-10-03 15:11:53] [WATCH PATH] Watch Path: /home/kooin/workspace/oss/Leap/leap1/static
[DEBUG][ForkJoinWorkerThread:-1][2024-10-03 15:11:53] [LOAD] In-Memory resource loading: favicon.ico  Size: 0.0 MB  Bytes: 1150
[DEBUG][ForkJoinWorkerThread:-1][2024-10-03 15:11:53] [LOAD] In-Memory resource loading: video1.mp4  Size: 10.06 MB  Bytes: 10546620
[DEBUG][ForkJoinWorkerThread:-1][2024-10-03 15:11:53] [LOAD] In-Memory resource loading: video.mp4  Size: 17.01 MB  Bytes: 17839845
[DEBUG][ForkJoinWorkerThread:-1][2024-10-03 15:11:53] [LOAD] In-Memory resource loading: video.html  Size: 0.01 MB  Bytes: 5329
[DEBUG][ForkJoinWorkerThread:-1][2024-10-03 15:11:53] [LOAD] In-Memory resource loading: genDir.js  Size: 0.0 MB  Bytes: 1791
[DEBUG][ForkJoinWorkerThread:-1][2024-10-03 15:11:53] [LOAD] In-Memory resource loading: login.js  Size: 0.0 MB  Bytes: 739
[DEBUG][ForkJoinWorkerThread:-1][2024-10-03 15:11:53] [LOAD] In-Memory resource loading: dashboard.js  Size: 0.0 MB  Bytes: 2692
[DEBUG][ForkJoinWorkerThread:-1][2024-10-03 15:11:53] [LOAD] In-Memory resource loading: refreshImage.js  Size: 0.0 MB  Bytes: 488
[DEBUG][ForkJoinWorkerThread:-1][2024-10-03 15:11:53] [LOAD] In-Memory resource loading: welcome.html  Size: 0.01 MB  Bytes: 7059
[DEBUG][ForkJoinWorkerThread:-1][2024-10-03 15:11:53] [LOAD] In-Memory resource loading: logo32.png  Size: 0.0 MB  Bytes: 1850
[DEBUG][ForkJoinWorkerThread:-1][2024-10-03 15:11:53] [LOAD] In-Memory resource loading: leap.png  Size: 0.01 MB  Bytes: 10484
[DEBUG][ForkJoinWorkerThread:-1][2024-10-03 15:11:53] [LOAD] In-Memory resource loading: file.png  Size: 0.01 MB  Bytes: 6667
[DEBUG][ForkJoinWorkerThread:-1][2024-10-03 15:11:53] [LOAD] In-Memory resource loading: logo16.png  Size: 0.0 MB  Bytes: 706
[DEBUG][ForkJoinWorkerThread:-1][2024-10-03 15:11:53] [LOAD] In-Memory resource loading: dir.png  Size: 0.01 MB  Bytes: 7295
[DEBUG][ForkJoinWorkerThread:-1][2024-10-03 15:11:53] [LOAD] In-Memory resource loading: logo100.png  Size: 0.0 MB  Bytes: 4709
[DEBUG][ForkJoinWorkerThread:-1][2024-10-03 15:11:53] [LOAD] In-Memory resource loading: styles.css  Size: 0.0 MB  Bytes: 4383
[INFO][LeapApp:277][2024-10-03 15:11:54] [RESOURCE-LOAD] Path: /home/kooin/workspace/oss/Leap/leap1/static is complated: 1001
[DEBUG][LeapApp:277][2024-10-03 15:11:54] status  CHANGED
[DEBUG][LeapApp:277][2024-10-03 15:11:54] status  CHANGED
[INFO][LeapApp:276][2024-10-03 15:13:15] Adding classpath URL: file:/home/kooin/workspace/oss/Leap/leap1/WEB-INF/classes/
[INFO][LeapApp:276][2024-10-03 15:13:15] Adding classpath URL: file:/home/kooin/workspace/oss/Leap/leap/WEB-INF/classes/
[INFO][LeapApp:276][2024-10-03 15:13:15] Leap Server starting......Thu Oct 03 15:13:15 KST 2024
[INFO][LeapApp:276][2024-10-03 15:13:15] ============================================================
[INFO][LeapApp:276][2024-10-03 15:13:15] verbose mode on
[INFO][LeapApp:277][2024-10-03 15:13:15] [WATCH PATH] Watch Path: /home/kooin/workspace/oss/Leap/leap/static
[DEBUG][ForkJoinWorkerThread:-1][2024-10-03 15:13:15] [LOAD] In-Memory resource loading: favicon.ico  Size: 0.0 MB  Bytes: 1150
[DEBUG][ForkJoinWorkerThread:-1][2024-10-03 15:13:15] [LOAD] In-Memory resource loading: video1.mp4  Size: 10.06 MB  Bytes: 10546620
[DEBUG][ForkJoinWorkerThread:-1][2024-10-03 15:13:15] [LOAD] In-Memory resource loading: video.mp4  Size: 17.01 MB  Bytes: 17839845
[DEBUG][ForkJoinWorkerThread:-1][2024-10-03 15:13:15] [LOAD] In-Memory resource loading: video.html  Size: 0.01 MB  Bytes: 5329
[DEBUG][ForkJoinWorkerThread:-1][2024-10-03 15:13:15] [LOAD] In-Memory resource loading: genDir.js  Size: 0.0 MB  Bytes: 1791
[DEBUG][ForkJoinWorkerThread:-1][2024-10-03 15:13:15] [LOAD] In-Memory resource loading: login.js  Size: 0.0 MB  Bytes: 739
[DEBUG][ForkJoinWorkerThread:-1][2024-10-03 15:13:15] [LOAD] In-Memory resource loading: dashboard.js  Size: 0.0 MB  Bytes: 2692
[DEBUG][ForkJoinWorkerThread:-1][2024-10-03 15:13:15] [LOAD] In-Memory resource loading: refreshImage.js  Size: 0.0 MB  Bytes: 488
[DEBUG][ForkJoinWorkerThread:-1][2024-10-03 15:13:15] [LOAD] In-Memory resource loading: welcome.html  Size: 0.01 MB  Bytes: 7059
[DEBUG][ForkJoinWorkerThread:-1][2024-10-03 15:13:15] [LOAD] In-Memory resource loading: logo32.png  Size: 0.0 MB  Bytes: 1850
[DEBUG][ForkJoinWorkerThread:-1][2024-10-03 15:13:15] [LOAD] In-Memory resource loading: leap.png  Size: 0.01 MB  Bytes: 10484
[DEBUG][ForkJoinWorkerThread:-1][2024-10-03 15:13:15] [LOAD] In-Memory resource loading: file.png  Size: 0.01 MB  Bytes: 6667
[DEBUG][ForkJoinWorkerThread:-1][2024-10-03 15:13:15] [LOAD] In-Memory resource loading: logo16.png  Size: 0.0 MB  Bytes: 706
[DEBUG][ForkJoinWorkerThread:-1][2024-10-03 15:13:15] [LOAD] In-Memory resource loading: dir.png  Size: 0.01 MB  Bytes: 7295
[DEBUG][ForkJoinWorkerThread:-1][2024-10-03 15:13:15] [LOAD] In-Memory resource loading: logo100.png  Size: 0.0 MB  Bytes: 4709
[DEBUG][ForkJoinWorkerThread:-1][2024-10-03 15:13:15] [LOAD] In-Memory resource loading: styles.css  Size: 0.0 MB  Bytes: 4383
[INFO][LeapApp:277][2024-10-03 15:13:16] [RESOURCE-LOAD] Path: /home/kooin/workspace/oss/Leap/leap/static is complated: 1013
[INFO][LeapApp:277][2024-10-03 15:13:16] [WATCH PATH] Watch Path: /home/kooin/workspace/oss/Leap/leap1/static
[DEBUG][ForkJoinWorkerThread:-1][2024-10-03 15:13:16] [LOAD] In-Memory resource loading: favicon.ico  Size: 0.0 MB  Bytes: 1150
[DEBUG][ForkJoinWorkerThread:-1][2024-10-03 15:13:16] [LOAD] In-Memory resource loading: video1.mp4  Size: 10.06 MB  Bytes: 10546620
[DEBUG][ForkJoinWorkerThread:-1][2024-10-03 15:13:16] [LOAD] In-Memory resource loading: video.mp4  Size: 17.01 MB  Bytes: 17839845
[DEBUG][ForkJoinWorkerThread:-1][2024-10-03 15:13:16] [LOAD] In-Memory resource loading: video.html  Size: 0.01 MB  Bytes: 5329
[DEBUG][ForkJoinWorkerThread:-1][2024-10-03 15:13:16] [LOAD] In-Memory resource loading: genDir.js  Size: 0.0 MB  Bytes: 1791
[DEBUG][ForkJoinWorkerThread:-1][2024-10-03 15:13:16] [LOAD] In-Memory resource loading: login.js  Size: 0.0 MB  Bytes: 739
[DEBUG][ForkJoinWorkerThread:-1][2024-10-03 15:13:16] [LOAD] In-Memory resource loading: dashboard.js  Size: 0.0 MB  Bytes: 2692
[DEBUG][ForkJoinWorkerThread:-1][2024-10-03 15:13:16] [LOAD] In-Memory resource loading: refreshImage.js  Size: 0.0 MB  Bytes: 488
[DEBUG][ForkJoinWorkerThread:-1][2024-10-03 15:13:16] [LOAD] In-Memory resource loading: welcome.html  Size: 0.01 MB  Bytes: 7059
[DEBUG][ForkJoinWorkerThread:-1][2024-10-03 15:13:16] [LOAD] In-Memory resource loading: logo32.png  Size: 0.0 MB  Bytes: 1850
[DEBUG][ForkJoinWorkerThread:-1][2024-10-03 15:13:16] [LOAD] In-Memory resource loading: leap.png  Size: 0.01 MB  Bytes: 10484
[DEBUG][ForkJoinWorkerThread:-1][2024-10-03 15:13:16] [LOAD] In-Memory resource loading: file.png  Size: 0.01 MB  Bytes: 6667
[DEBUG][ForkJoinWorkerThread:-1][2024-10-03 15:13:16] [LOAD] In-Memory resource loading: logo16.png  Size: 0.0 MB  Bytes: 706
[DEBUG][ForkJoinWorkerThread:-1][2024-10-03 15:13:16] [LOAD] In-Memory resource loading: dir.png  Size: 0.01 MB  Bytes: 7295
[DEBUG][ForkJoinWorkerThread:-1][2024-10-03 15:13:16] [LOAD] In-Memory resource loading: logo100.png  Size: 0.0 MB  Bytes: 4709
[DEBUG][ForkJoinWorkerThread:-1][2024-10-03 15:13:16] [LOAD] In-Memory resource loading: styles.css  Size: 0.0 MB  Bytes: 4383
[INFO][LeapApp:277][2024-10-03 15:13:17] [RESOURCE-LOAD] Path: /home/kooin/workspace/oss/Leap/leap1/static is complated: 1001
[DEBUG][LeapApp:277][2024-10-03 15:13:17] status  CHANGED
[DEBUG][LeapApp:277][2024-10-03 15:13:17] status  CHANGED
[INFO][LeapApp:277][2024-10-03 15:13:17] [HOST:127.0.0.1:9292] - Protocol: HTTP   Server: leap   Host: www.leap.com   Port: 9292   Home: /home/kooin/workspace/oss/Leap/leap/static   Logging path: /home/kooin/workspace/oss/Leap/leap/logs/leap.log   Level: DEBUG
[DEBUG][LeapApp:277][2024-10-03 15:13:17] status  CHANGED
[DEBUG][LeapApp:277][2024-10-03 15:13:18] status  CHANGED
[INFO][LeapApp:277][2024-10-03 15:13:18] [HOST:199.59.243.227:9293] - Protocol: HTTP   Server: leap1   Host: www.leap2.com   Port: 9293   Home: /home/kooin/workspace/oss/Leap/leap1/static   Logging path: /home/kooin/workspace/oss/Leap/leap1/logs/leap.log   Level: DEBUG
[INFO][LeapApp:277][2024-10-03 15:13:18] ----------------------------------------------------------------------------------------------------
[DEBUG][LeapServer:254][2024-10-03 15:13:18] status  CHANGED
[DEBUG][LeapServer:254][2024-10-03 15:13:18] status  CHANGED
[DEBUG][LeapServer:338][2024-10-03 15:13:18] status  CHANGED
[INFO][LeapServer:338][2024-10-03 15:13:18] [TERMINATED] Shutdown Leap !!!
[DEBUG][LeapServer:267][2024-10-03 15:13:18] status  CHANGED
[INFO][LeapServer:267][2024-10-03 15:13:18] [MONITOR ON] Leap system monitor turned on.
[INFO][LeapServer:338][2024-10-03 15:13:18] ================================================================================
[INFO][LeapServer:338][2024-10-03 15:13:18] ThreadPool initialized - CORE: 300   MAX: 1000   KEEP-ALIVE WHEN IDLE(seconds): 3000
[INFO][LeapServer:338][2024-10-03 15:13:18] [THREAD POOL] Thread pool is terminated...
[DEBUG][LeapServer:338][2024-10-03 15:13:18] cpu.x-index  CHANGED
[DEBUG][LeapServer:267][2024-10-03 15:13:18] cpu.x-index  CHANGED
[DEBUG][LeapServer:338][2024-10-03 15:13:18] memory.x-index  CHANGED
[DEBUG][LeapServer:267][2024-10-03 15:13:18] memory.x-index  CHANGED
[DEBUG][LeapServer:338][2024-10-03 15:13:18] thread.x-index  CHANGED
[DEBUG][LeapServer:267][2024-10-03 15:13:18] thread.x-index  CHANGED
[DEBUG][LeapServer:338][2024-10-03 15:13:18] heap.x-index  CHANGED
[DEBUG][LeapServer:267][2024-10-03 15:13:18] heap.x-index  CHANGED
[DEBUG][LeapServer:338][2024-10-03 15:13:18] status  CHANGED
[INFO][LeapServer:338][2024-10-03 15:13:18] [TERMINATED] Shutdown Leap !!!
[INFO][LeapServer:338][2024-10-03 15:13:18] [THREAD POOL] Thread pool is terminated...
[DEBUG][LeapServer:338][2024-10-03 15:13:18] status  CHANGED
[INFO][LeapServer:338][2024-10-03 15:13:18] [TERMINATED] Shutdown Leap !!!
[INFO][LeapServer:338][2024-10-03 15:13:18] [THREAD POOL] Thread pool is terminated...
[DEBUG][LeapServer:338][2024-10-03 15:13:18] status  CHANGED
[INFO][LeapServer:338][2024-10-03 15:13:18] [TERMINATED] Shutdown Leap !!!
[INFO][LeapServer:338][2024-10-03 15:13:18] [THREAD POOL] Thread pool is terminated...
