2022-01-03 10:18:16.605 INFO  - Leap WAS server starting...
2022-01-03 10:18:16.734 INFO  - --------------------------------------------------------------------------
2022-01-03 10:18:16.747 INFO  - ThreadPool initialized - CORE: 50 MAX: 50 KEEP-ALIVE WHEN IDLE(seconds): 30
2022-01-03 10:18:16.759 INFO  - verbose mode on
2022-01-03 10:18:16.982 INFO  - Add service: org.chaostocosmos.leap.http.service.TimeServiceImpl  Mapping path: /time/GetTime
2022-01-03 10:18:16.982 DEBUG - Method not mapping with MethodMapper annotation: servePut
2022-01-03 10:18:16.983 DEBUG - Method not mapping with MethodMapper annotation: serveGet
2022-01-03 10:18:16.983 DEBUG - Method not mapping with MethodMapper annotation: servePost
2022-01-03 10:18:16.983 DEBUG - Method not mapping with MethodMapper annotation: serveDelete
2022-01-03 10:18:16.984 DEBUG - Method not mapping with MethodMapper annotation: serve
2022-01-03 10:18:16.984 DEBUG - Method not mapping with MethodMapper annotation: setFilters
2022-01-03 10:18:16.985 INFO  - Default host added - Server: leap   Host: localhost   Port: 8080   Doc-Root: home   Logging path: logs/leap.log   Level: [DEBUG]
2022-01-03 10:18:16.986 INFO  - Virtual host added - Server: leap1   Host: 127.0.0.1   Port: 8080   Doc-Root: home1   Logging path: logs/leap.log   Level: [DEBUG]
2022-01-03 10:18:16.997 INFO  - Add service: org.chaostocosmos.leap.http.service.TimeServiceImpl  Mapping path: /time/GetTime
2022-01-03 10:18:16.997 DEBUG - Method not mapping with MethodMapper annotation: servePut
2022-01-03 10:18:16.998 DEBUG - Method not mapping with MethodMapper annotation: serveGet
2022-01-03 10:18:16.998 DEBUG - Method not mapping with MethodMapper annotation: servePost
2022-01-03 10:18:16.998 DEBUG - Method not mapping with MethodMapper annotation: serveDelete
2022-01-03 10:18:16.998 DEBUG - Method not mapping with MethodMapper annotation: serve
2022-01-03 10:18:16.999 DEBUG - Method not mapping with MethodMapper annotation: setFilters
2022-01-03 10:18:16.999 INFO  - Virtual host added - Server: leap2   Host: 192.168.1.60   Port: 8082   Doc-Root: home2   Logging path: logs/leap.log   Level: [DEBUG]
2022-01-03 10:18:17.005 INFO  - Accepting connections on port 8082
2022-01-03 10:18:17.011 INFO  - Accepting connections on port 8080
2022-01-03 10:18:52.498 INFO  - Client request accepted... : /127.0.0.1
2022-01-03 10:54:43.695 INFO  - Leap WAS server starting...
2022-01-03 10:54:43.699 INFO  - --------------------------------------------------------------------------
2022-01-03 10:54:43.699 INFO  - ThreadPool initialized - CORE: 50 MAX: 50 KEEP-ALIVE WHEN IDLE(seconds): 30
2022-01-03 10:54:43.699 INFO  - verbose mode on
2022-01-03 10:54:43.741 INFO  - Add service: org.chaostocosmos.leap.http.service.TimeServiceImpl  Mapping path: /time/GetTime
2022-01-03 10:54:43.741 DEBUG - Method not mapping with MethodMapper annotation: setFilters
2022-01-03 10:54:43.742 DEBUG - Method not mapping with MethodMapper annotation: serve
2022-01-03 10:54:43.742 DEBUG - Method not mapping with MethodMapper annotation: servePut
2022-01-03 10:54:43.742 DEBUG - Method not mapping with MethodMapper annotation: serveDelete
2022-01-03 10:54:43.742 DEBUG - Method not mapping with MethodMapper annotation: serveGet
2022-01-03 10:54:43.743 DEBUG - Method not mapping with MethodMapper annotation: servePost
2022-01-03 10:54:43.743 INFO  - Default host added - Server: leap   Host: localhost   Port: 8080   Doc-Root: home   Logging path: logs/leap.log   Level: [DEBUG]
2022-01-03 10:54:43.744 INFO  - Virtual host added - Server: leap1   Host: 127.0.0.1   Port: 8080   Doc-Root: home1   Logging path: logs/leap.log   Level: [DEBUG]
2022-01-03 10:54:43.753 INFO  - Add service: org.chaostocosmos.leap.http.service.TimeServiceImpl  Mapping path: /time/GetTime
2022-01-03 10:54:43.753 DEBUG - Method not mapping with MethodMapper annotation: setFilters
2022-01-03 10:54:43.753 DEBUG - Method not mapping with MethodMapper annotation: serve
2022-01-03 10:54:43.753 DEBUG - Method not mapping with MethodMapper annotation: servePut
2022-01-03 10:54:43.753 DEBUG - Method not mapping with MethodMapper annotation: serveDelete
2022-01-03 10:54:43.754 DEBUG - Method not mapping with MethodMapper annotation: serveGet
2022-01-03 10:54:43.754 DEBUG - Method not mapping with MethodMapper annotation: servePost
2022-01-03 10:54:43.754 INFO  - Virtual host added - Server: leap2   Host: 192.168.1.60   Port: 8082   Doc-Root: home2   Logging path: logs/leap.log   Level: [DEBUG]
2022-01-03 10:54:43.761 INFO  - Accepting connections on port 8082
2022-01-03 10:54:43.766 INFO  - Accepting connections on port 8080
2022-01-03 10:54:48.057 INFO  - Client request accepted... : /127.0.0.1
2022-01-03 10:56:28.074 INFO  - Leap WAS server starting...
2022-01-03 10:56:28.077 INFO  - --------------------------------------------------------------------------
2022-01-03 10:56:28.078 INFO  - ThreadPool initialized - CORE: 50 MAX: 50 KEEP-ALIVE WHEN IDLE(seconds): 30
2022-01-03 10:56:28.078 INFO  - verbose mode on
2022-01-03 10:56:28.121 INFO  - Add service: org.chaostocosmos.leap.http.service.TimeServiceImpl  Mapping path: /time/GetTime
2022-01-03 10:56:28.121 DEBUG - Method not mapping with MethodMapper annotation: setFilters
2022-01-03 10:56:28.122 DEBUG - Method not mapping with MethodMapper annotation: serve
2022-01-03 10:56:28.122 DEBUG - Method not mapping with MethodMapper annotation: serveGet
2022-01-03 10:56:28.122 DEBUG - Method not mapping with MethodMapper annotation: servePost
2022-01-03 10:56:28.123 DEBUG - Method not mapping with MethodMapper annotation: serveDelete
2022-01-03 10:56:28.123 DEBUG - Method not mapping with MethodMapper annotation: servePut
2022-01-03 10:56:28.123 INFO  - Default host added - Server: leap   Host: localhost   Port: 8080   Doc-Root: home   Logging path: logs/leap.log   Level: [DEBUG]
2022-01-03 10:56:28.124 INFO  - Virtual host added - Server: leap1   Host: 127.0.0.1   Port: 8080   Doc-Root: home1   Logging path: logs/leap.log   Level: [DEBUG]
2022-01-03 10:56:28.132 INFO  - Add service: org.chaostocosmos.leap.http.service.TimeServiceImpl  Mapping path: /time/GetTime
2022-01-03 10:56:28.132 DEBUG - Method not mapping with MethodMapper annotation: setFilters
2022-01-03 10:56:28.133 DEBUG - Method not mapping with MethodMapper annotation: serve
2022-01-03 10:56:28.133 DEBUG - Method not mapping with MethodMapper annotation: serveGet
2022-01-03 10:56:28.133 DEBUG - Method not mapping with MethodMapper annotation: servePost
2022-01-03 10:56:28.133 DEBUG - Method not mapping with MethodMapper annotation: serveDelete
2022-01-03 10:56:28.133 DEBUG - Method not mapping with MethodMapper annotation: servePut
2022-01-03 10:56:28.134 INFO  - Virtual host added - Server: leap2   Host: 192.168.1.60   Port: 8082   Doc-Root: home2   Logging path: logs/leap.log   Level: [DEBUG]
2022-01-03 10:56:28.140 INFO  - Accepting connections on port 8082
2022-01-03 10:56:28.144 INFO  - Accepting connections on port 8080
2022-01-03 10:56:30.556 INFO  - Client request accepted... : /127.0.0.1
2022-01-03 10:58:29.620 INFO  - Leap WAS server starting...
2022-01-03 10:58:29.623 INFO  - --------------------------------------------------------------------------
2022-01-03 10:58:29.623 INFO  - ThreadPool initialized - CORE: 50 MAX: 50 KEEP-ALIVE WHEN IDLE(seconds): 30
2022-01-03 10:58:29.623 INFO  - verbose mode on
2022-01-03 10:58:29.665 INFO  - Add service: org.chaostocosmos.leap.http.service.TimeServiceImpl  Mapping path: /time/GetTime
2022-01-03 10:58:29.665 DEBUG - Method not mapping with MethodMapper annotation: setFilters
2022-01-03 10:58:29.665 DEBUG - Method not mapping with MethodMapper annotation: serve
2022-01-03 10:58:29.666 DEBUG - Method not mapping with MethodMapper annotation: serveGet
2022-01-03 10:58:29.666 DEBUG - Method not mapping with MethodMapper annotation: serveDelete
2022-01-03 10:58:29.666 DEBUG - Method not mapping with MethodMapper annotation: servePost
2022-01-03 10:58:29.667 DEBUG - Method not mapping with MethodMapper annotation: servePut
2022-01-03 10:58:29.667 INFO  - Default host added - Server: leap   Host: localhost   Port: 8080   Doc-Root: home   Logging path: logs/leap.log   Level: [DEBUG]
2022-01-03 10:58:29.669 INFO  - Virtual host added - Server: leap1   Host: 127.0.0.1   Port: 8080   Doc-Root: home1   Logging path: logs/leap.log   Level: [DEBUG]
2022-01-03 10:58:29.675 INFO  - Add service: org.chaostocosmos.leap.http.service.TimeServiceImpl  Mapping path: /time/GetTime
2022-01-03 10:58:29.676 DEBUG - Method not mapping with MethodMapper annotation: setFilters
2022-01-03 10:58:29.676 DEBUG - Method not mapping with MethodMapper annotation: serve
2022-01-03 10:58:29.677 DEBUG - Method not mapping with MethodMapper annotation: serveGet
2022-01-03 10:58:29.677 DEBUG - Method not mapping with MethodMapper annotation: serveDelete
2022-01-03 10:58:29.678 DEBUG - Method not mapping with MethodMapper annotation: servePost
2022-01-03 10:58:29.678 DEBUG - Method not mapping with MethodMapper annotation: servePut
2022-01-03 10:58:29.678 INFO  - Virtual host added - Server: leap2   Host: 192.168.1.60   Port: 8082   Doc-Root: home2   Logging path: logs/leap.log   Level: [DEBUG]
2022-01-03 10:58:29.685 INFO  - Accepting connections on port 8082
2022-01-03 10:58:29.690 INFO  - Accepting connections on port 8080
2022-01-03 10:58:33.477 INFO  - Client request accepted... : /127.0.0.1
2022-01-03 10:58:46.852 INFO  - Client request accepted... : /127.0.0.1
2022-01-03 10:59:02.940 INFO  - Leap WAS server starting...
2022-01-03 10:59:02.943 INFO  - --------------------------------------------------------------------------
2022-01-03 10:59:02.943 INFO  - ThreadPool initialized - CORE: 50 MAX: 50 KEEP-ALIVE WHEN IDLE(seconds): 30
2022-01-03 10:59:02.943 INFO  - verbose mode on
2022-01-03 10:59:02.982 INFO  - Add service: org.chaostocosmos.leap.http.service.TimeServiceImpl  Mapping path: /time/GetTime
2022-01-03 10:59:02.983 DEBUG - Method not mapping with MethodMapper annotation: serve
2022-01-03 10:59:02.983 DEBUG - Method not mapping with MethodMapper annotation: setFilters
2022-01-03 10:59:02.983 DEBUG - Method not mapping with MethodMapper annotation: servePut
2022-01-03 10:59:02.984 DEBUG - Method not mapping with MethodMapper annotation: servePost
2022-01-03 10:59:02.984 DEBUG - Method not mapping with MethodMapper annotation: serveGet
2022-01-03 10:59:02.984 DEBUG - Method not mapping with MethodMapper annotation: serveDelete
2022-01-03 10:59:02.984 INFO  - Default host added - Server: leap   Host: localhost   Port: 8080   Doc-Root: home   Logging path: logs/leap.log   Level: [DEBUG]
2022-01-03 10:59:02.986 INFO  - Virtual host added - Server: leap1   Host: 127.0.0.1   Port: 8080   Doc-Root: home1   Logging path: logs/leap.log   Level: [DEBUG]
2022-01-03 10:59:03.009 INFO  - Add service: org.chaostocosmos.leap.http.service.TimeServiceImpl  Mapping path: /time/GetTime
2022-01-03 10:59:03.010 DEBUG - Method not mapping with MethodMapper annotation: serve
2022-01-03 10:59:03.010 DEBUG - Method not mapping with MethodMapper annotation: setFilters
2022-01-03 10:59:03.011 DEBUG - Method not mapping with MethodMapper annotation: servePut
2022-01-03 10:59:03.011 DEBUG - Method not mapping with MethodMapper annotation: servePost
2022-01-03 10:59:03.011 DEBUG - Method not mapping with MethodMapper annotation: serveGet
2022-01-03 10:59:03.011 DEBUG - Method not mapping with MethodMapper annotation: serveDelete
2022-01-03 10:59:03.012 INFO  - Virtual host added - Server: leap2   Host: 192.168.1.60   Port: 8082   Doc-Root: home2   Logging path: logs/leap.log   Level: [DEBUG]
2022-01-03 10:59:03.020 INFO  - Accepting connections on port 8082
2022-01-03 10:59:03.024 INFO  - Accepting connections on port 8080
2022-01-03 10:59:05.389 INFO  - Client request accepted... : /127.0.0.1
