2022-02-18 10:02:40.931 INFO  - Leap WAS server starting......
2022-02-18 10:02:40.944 INFO  - --------------------------------------------------------------------------
2022-02-18 10:02:40.945 INFO  - ThreadPool initialized - CORE: 50 MAX: 50 KEEP-ALIVE WHEN IDLE(seconds): 30
2022-02-18 10:02:40.945 INFO  - verbose mode on
2022-02-18 10:02:45.294 INFO  - Add dynamic classpath to ClassLoader: file:/D:/0.github/Leap/./home/webapp/services/
2022-02-18 10:02:45.325 DEBUG - Method not mapped with MethodMapper: errorHandling
2022-02-18 10:02:45.327 DEBUG - org.chaostocosmos.leap.http.services.LeapServiceDeploy@61d6015a : POST
2022-02-18 10:02:45.327 INFO  - Add service: org.chaostocosmos.leap.http.services.LeapServiceDeploy  Mapping path: /deploy/service/
2022-02-18 10:02:45.330 DEBUG - org.chaostocosmos.leap.http.services.TimeServiceImpl@4e268090 : GET
2022-02-18 10:02:45.331 INFO  - Add service: org.chaostocosmos.leap.http.services.TimeServiceImpl  Mapping path: /time/GetTime
2022-02-18 10:02:45.331 DEBUG - Method not mapped with MethodMapper: errorHandling
2022-02-18 10:02:45.331 INFO  - DEFAULT HOST - Protocol: HTTP_1_0   Server: leap   Host: www.leap.org   Port: 8080   Doc-Root: home   Logging path: logs/leap.log   Level: [DEBUG]
2022-02-18 10:02:45.337 DEBUG - Method not mapped with MethodMapper: errorHandling
2022-02-18 10:02:45.337 DEBUG - org.chaostocosmos.leap.http.services.LeapServiceDeploy@3541cb24 : POST
2022-02-18 10:02:45.338 INFO  - Add service: org.chaostocosmos.leap.http.services.LeapServiceDeploy  Mapping path: /deploy/service/
2022-02-18 10:02:45.338 DEBUG - org.chaostocosmos.leap.http.services.TimeServiceImpl@2177849e : GET
2022-02-18 10:02:45.338 INFO  - Add service: org.chaostocosmos.leap.http.services.TimeServiceImpl  Mapping path: /time/GetTime
2022-02-18 10:02:45.339 DEBUG - Method not mapped with MethodMapper: errorHandling
2022-02-18 10:02:45.339 INFO  - VIRTUAL HOST - Protocol: HTTP_1_0   Server: leap2   Host: localhost   Port: 8080   Doc-Root: home2   Logging path: logs/leap.log   Level: [DEBUG]
2022-02-18 10:02:45.344 DEBUG - Method not mapped with MethodMapper: errorHandling
2022-02-18 10:02:45.345 DEBUG - org.chaostocosmos.leap.http.services.LeapServiceDeploy@40cb8df7 : POST
2022-02-18 10:02:45.345 INFO  - Add service: org.chaostocosmos.leap.http.services.LeapServiceDeploy  Mapping path: /deploy/service/
2022-02-18 10:02:45.346 DEBUG - org.chaostocosmos.leap.http.services.TimeServiceImpl@13b13b5d : GET
2022-02-18 10:02:45.346 INFO  - Add service: org.chaostocosmos.leap.http.services.TimeServiceImpl  Mapping path: /time/GetTime
2022-02-18 10:02:45.346 DEBUG - Method not mapped with MethodMapper: errorHandling
2022-02-18 10:02:45.346 INFO  - VIRTUAL HOST - Protocol: HTTP_1_0   Server: leap1   Host: www.leap.org   Port: 8080   Doc-Root: home1   Logging path: logs/leap.log   Level: [DEBUG]
2022-02-18 10:02:45.347 INFO  - --------------------------------------------------------------------------
2022-02-18 10:02:45.349 INFO  - HTTP SERVER START. localhost/127.0.0.1:8080
2022-02-18 10:02:45.353 ERROR - Address already in use: NET_Bind
java.net.BindException: Address already in use: NET_Bind
	at java.base/java.net.PlainSocketImpl.bind0(Native Method)
	at java.base/java.net.PlainSocketImpl.socketBind(PlainSocketImpl.java:132)
	at java.base/java.net.AbstractPlainSocketImpl.bind(AbstractPlainSocketImpl.java:436)
	at java.base/java.net.ServerSocket.bind(ServerSocket.java:395)
	at org.chaostocosmos.leap.http.LeapHttpServer.run(LeapHttpServer.java:183)
2022-02-18 10:48:16.750 INFO  - Leap WAS server starting......
2022-02-18 10:48:16.753 INFO  - --------------------------------------------------------------------------
2022-02-18 10:48:16.754 INFO  - ThreadPool initialized - CORE: 50 MAX: 50 KEEP-ALIVE WHEN IDLE(seconds): 30
2022-02-18 10:48:16.754 INFO  - verbose mode on
2022-02-18 10:48:32.387 INFO  - Leap WAS server starting......
2022-02-18 10:48:32.393 INFO  - --------------------------------------------------------------------------
2022-02-18 10:48:32.394 INFO  - ThreadPool initialized - CORE: 50 MAX: 50 KEEP-ALIVE WHEN IDLE(seconds): 30
2022-02-18 10:48:32.395 INFO  - verbose mode on
2022-02-18 10:48:32.407 INFO  - Add dynamic classpath to ClassLoader: file:/D:/0.github/Leap/./home/webapp/services/
2022-02-18 10:48:32.447 DEBUG - Method not mapped with MethodMapper: errorHandling
2022-02-18 10:48:32.449 DEBUG - org.chaostocosmos.leap.http.services.LeapServiceDeploy@2b4bac49 : POST
2022-02-18 10:48:32.450 INFO  - Add service: org.chaostocosmos.leap.http.services.LeapServiceDeploy  Mapping path: /deploy/service/
2022-02-18 10:48:32.455 DEBUG - org.chaostocosmos.leap.http.services.TimeServiceImpl@740773a3 : GET
2022-02-18 10:48:32.456 INFO  - Add service: org.chaostocosmos.leap.http.services.TimeServiceImpl  Mapping path: /time/GetTime
2022-02-18 10:48:32.457 DEBUG - Method not mapped with MethodMapper: errorHandling
2022-02-18 10:48:32.457 INFO  - DEFAULT HOST - Protocol: HTTP_1_0   Server: leap   Host: www.leap.org   Port: 8080   Doc-Root: home   Logging path: logs/leap.log   Level: [DEBUG]
2022-02-18 10:48:32.520 DEBUG - Method not mapped with MethodMapper: errorHandling
2022-02-18 10:48:32.520 DEBUG - org.chaostocosmos.leap.http.services.LeapServiceDeploy@568ff82 : POST
2022-02-18 10:48:32.521 INFO  - Add service: org.chaostocosmos.leap.http.services.LeapServiceDeploy  Mapping path: /deploy/service/
2022-02-18 10:48:32.521 DEBUG - org.chaostocosmos.leap.http.services.TimeServiceImpl@50caa560 : GET
2022-02-18 10:48:32.522 INFO  - Add service: org.chaostocosmos.leap.http.services.TimeServiceImpl  Mapping path: /time/GetTime
2022-02-18 10:48:32.522 DEBUG - Method not mapped with MethodMapper: errorHandling
2022-02-18 10:48:32.522 INFO  - VIRTUAL HOST - Protocol: HTTP_1_0   Server: leap1   Host: localhost   Port: 8080   Doc-Root: home1   Logging path: logs/leap.log   Level: [DEBUG]
2022-02-18 10:48:32.526 DEBUG - Method not mapped with MethodMapper: errorHandling
2022-02-18 10:48:32.527 DEBUG - org.chaostocosmos.leap.http.services.LeapServiceDeploy@2a266d09 : POST
2022-02-18 10:48:32.528 INFO  - Add service: org.chaostocosmos.leap.http.services.LeapServiceDeploy  Mapping path: /deploy/service/
2022-02-18 10:48:32.528 DEBUG - org.chaostocosmos.leap.http.services.TimeServiceImpl@5ab9e72c : GET
2022-02-18 10:48:32.528 INFO  - Add service: org.chaostocosmos.leap.http.services.TimeServiceImpl  Mapping path: /time/GetTime
2022-02-18 10:48:32.529 DEBUG - Method not mapped with MethodMapper: errorHandling
2022-02-18 10:48:32.530 INFO  - VIRTUAL HOST - Protocol: HTTP_1_0   Server: leap2   Host: www.leap.org   Port: 8081   Doc-Root: home2   Logging path: logs/leap.log   Level: [DEBUG]
2022-02-18 10:48:32.531 INFO  - --------------------------------------------------------------------------
2022-02-18 10:48:32.545 INFO  - HTTP SERVER START. localhost/127.0.0.1:8080
2022-02-18 10:48:32.545 INFO  - HTTP SERVER START. www.leap.org/127.0.0.1:8081
2022-02-18 10:49:46.552 INFO  - Leap WAS server starting......
2022-02-18 10:49:46.556 INFO  - --------------------------------------------------------------------------
2022-02-18 10:49:46.556 INFO  - ThreadPool initialized - CORE: 50 MAX: 50 KEEP-ALIVE WHEN IDLE(seconds): 30
2022-02-18 10:49:46.557 INFO  - verbose mode on
2022-02-18 10:49:46.564 INFO  - Add dynamic classpath to ClassLoader: file:/D:/0.github/Leap/./home/webapp/services/
2022-02-18 10:49:46.596 DEBUG - Method not mapped with MethodMapper: errorHandling
2022-02-18 10:49:46.597 DEBUG - org.chaostocosmos.leap.http.services.LeapServiceDeploy@2b4bac49 : POST
2022-02-18 10:49:46.598 INFO  - Add service: org.chaostocosmos.leap.http.services.LeapServiceDeploy  Mapping path: /deploy/service/
2022-02-18 10:49:46.602 DEBUG - org.chaostocosmos.leap.http.services.TimeServiceImpl@740773a3 : GET
2022-02-18 10:49:46.603 INFO  - Add service: org.chaostocosmos.leap.http.services.TimeServiceImpl  Mapping path: /time/GetTime
2022-02-18 10:49:46.603 DEBUG - Method not mapped with MethodMapper: errorHandling
2022-02-18 10:49:46.603 INFO  - DEFAULT HOST - Protocol: HTTP_1_0   Server: leap   Host: www.leap.org   Port: 8080   Doc-Root: home   Logging path: logs/leap.log   Level: [DEBUG]
2022-02-18 10:49:46.611 DEBUG - Method not mapped with MethodMapper: errorHandling
2022-02-18 10:49:46.612 DEBUG - org.chaostocosmos.leap.http.services.LeapServiceDeploy@568ff82 : POST
2022-02-18 10:49:46.612 INFO  - Add service: org.chaostocosmos.leap.http.services.LeapServiceDeploy  Mapping path: /deploy/service/
2022-02-18 10:49:46.612 DEBUG - org.chaostocosmos.leap.http.services.TimeServiceImpl@50caa560 : GET
2022-02-18 10:49:46.612 INFO  - Add service: org.chaostocosmos.leap.http.services.TimeServiceImpl  Mapping path: /time/GetTime
2022-02-18 10:49:46.612 DEBUG - Method not mapped with MethodMapper: errorHandling
2022-02-18 10:49:46.613 INFO  - VIRTUAL HOST - Protocol: HTTP_1_0   Server: leap1   Host: localhost   Port: 8080   Doc-Root: home1   Logging path: logs/leap.log   Level: [DEBUG]
2022-02-18 10:49:46.619 DEBUG - Method not mapped with MethodMapper: errorHandling
2022-02-18 10:49:46.620 DEBUG - org.chaostocosmos.leap.http.services.LeapServiceDeploy@2a266d09 : POST
2022-02-18 10:49:46.620 INFO  - Add service: org.chaostocosmos.leap.http.services.LeapServiceDeploy  Mapping path: /deploy/service/
2022-02-18 10:49:46.620 DEBUG - org.chaostocosmos.leap.http.services.TimeServiceImpl@5ab9e72c : GET
2022-02-18 10:49:46.621 INFO  - Add service: org.chaostocosmos.leap.http.services.TimeServiceImpl  Mapping path: /time/GetTime
2022-02-18 10:49:46.621 DEBUG - Method not mapped with MethodMapper: errorHandling
2022-02-18 10:49:46.621 INFO  - VIRTUAL HOST - Protocol: HTTP_1_0   Server: leap2   Host: www.leap.org   Port: 8081   Doc-Root: home2   Logging path: logs/leap.log   Level: [DEBUG]
2022-02-18 10:49:46.621 INFO  - --------------------------------------------------------------------------
2022-02-18 10:49:46.622 INFO  - --------------------------------------------------------------------------
2022-02-18 10:49:46.636 INFO  - HTTP SERVER START. www.leap.org/127.0.0.1:8081
2022-02-18 10:49:46.636 INFO  - HTTP SERVER START. localhost/127.0.0.1:8080
2022-02-18 10:50:06.061 INFO  - Leap WAS server starting......
2022-02-18 10:50:06.064 INFO  - --------------------------------------------------------------------------
2022-02-18 10:50:06.065 INFO  - ThreadPool initialized - CORE: 50 MAX: 50 KEEP-ALIVE WHEN IDLE(seconds): 30
2022-02-18 10:50:06.065 INFO  - verbose mode on
2022-02-18 10:50:06.076 INFO  - Add dynamic classpath to ClassLoader: file:/D:/0.github/Leap/./home/webapp/services/
2022-02-18 10:50:06.104 DEBUG - Method not mapped with MethodMapper: errorHandling
2022-02-18 10:50:06.108 DEBUG - org.chaostocosmos.leap.http.services.LeapServiceDeploy@2b4bac49 : POST
2022-02-18 10:50:06.108 INFO  - Add service: org.chaostocosmos.leap.http.services.LeapServiceDeploy  Mapping path: /deploy/service/
2022-02-18 10:50:06.111 DEBUG - org.chaostocosmos.leap.http.services.TimeServiceImpl@740773a3 : GET
2022-02-18 10:50:06.111 INFO  - Add service: org.chaostocosmos.leap.http.services.TimeServiceImpl  Mapping path: /time/GetTime
2022-02-18 10:50:06.112 DEBUG - Method not mapped with MethodMapper: errorHandling
2022-02-18 10:50:06.112 INFO  - DEFAULT HOST - Protocol: HTTP_1_0   Server: leap   Host: www.leap.org   Port: 8080   Doc-Root: home   Logging path: logs/leap.log   Level: [DEBUG]
2022-02-18 10:50:06.118 DEBUG - Method not mapped with MethodMapper: errorHandling
2022-02-18 10:50:06.120 DEBUG - org.chaostocosmos.leap.http.services.LeapServiceDeploy@568ff82 : POST
2022-02-18 10:50:06.120 INFO  - Add service: org.chaostocosmos.leap.http.services.LeapServiceDeploy  Mapping path: /deploy/service/
2022-02-18 10:50:06.121 DEBUG - org.chaostocosmos.leap.http.services.TimeServiceImpl@50caa560 : GET
2022-02-18 10:50:06.122 INFO  - Add service: org.chaostocosmos.leap.http.services.TimeServiceImpl  Mapping path: /time/GetTime
2022-02-18 10:50:06.123 DEBUG - Method not mapped with MethodMapper: errorHandling
2022-02-18 10:50:06.124 INFO  - VIRTUAL HOST - Protocol: HTTP_1_0   Server: leap1   Host: localhost   Port: 8080   Doc-Root: home1   Logging path: logs/leap.log   Level: [DEBUG]
2022-02-18 10:50:06.132 DEBUG - Method not mapped with MethodMapper: errorHandling
2022-02-18 10:50:06.132 DEBUG - org.chaostocosmos.leap.http.services.LeapServiceDeploy@2a266d09 : POST
2022-02-18 10:50:06.133 INFO  - Add service: org.chaostocosmos.leap.http.services.LeapServiceDeploy  Mapping path: /deploy/service/
2022-02-18 10:50:06.133 DEBUG - org.chaostocosmos.leap.http.services.TimeServiceImpl@5ab9e72c : GET
2022-02-18 10:50:06.134 INFO  - Add service: org.chaostocosmos.leap.http.services.TimeServiceImpl  Mapping path: /time/GetTime
2022-02-18 10:50:06.134 DEBUG - Method not mapped with MethodMapper: errorHandling
2022-02-18 10:50:06.135 INFO  - VIRTUAL HOST - Protocol: HTTP_1_0   Server: leap2   Host: www.leap.org   Port: 8081   Doc-Root: home2   Logging path: logs/leap.log   Level: [DEBUG]
2022-02-18 10:50:06.136 INFO  - --------------------------------------------------------------------------2
2022-02-18 10:50:06.150 INFO  - HTTP SERVER START. www.leap.org/127.0.0.1:8081
2022-02-18 10:50:06.150 INFO  - HTTP SERVER START. localhost/127.0.0.1:8080
2022-02-18 10:51:24.922 INFO  - Leap WAS server starting......
2022-02-18 10:51:24.927 INFO  - --------------------------------------------------------------------------
2022-02-18 10:51:24.927 INFO  - ThreadPool initialized - CORE: 50 MAX: 50 KEEP-ALIVE WHEN IDLE(seconds): 30
2022-02-18 10:51:24.928 INFO  - verbose mode on
2022-02-18 10:51:24.936 INFO  - Add dynamic classpath to ClassLoader: file:/D:/0.github/Leap/./home/webapp/services/
2022-02-18 10:51:24.979 DEBUG - Method not mapped with MethodMapper: errorHandling
2022-02-18 10:51:24.981 DEBUG - org.chaostocosmos.leap.http.services.LeapServiceDeploy@2b4bac49 : POST
2022-02-18 10:51:24.982 INFO  - Add service: org.chaostocosmos.leap.http.services.LeapServiceDeploy  Mapping path: /deploy/service/
2022-02-18 10:51:24.983 DEBUG - Method not mapped with MethodMapper: errorHandling
2022-02-18 10:51:25.000 DEBUG - org.chaostocosmos.leap.http.services.TimeServiceImpl@740773a3 : GET
2022-02-18 10:51:25.002 INFO  - Add service: org.chaostocosmos.leap.http.services.TimeServiceImpl  Mapping path: /time/GetTime
2022-02-18 10:51:25.002 INFO  - DEFAULT HOST - Protocol: HTTP_1_0   Server: leap   Host: www.leap.org   Port: 8080   Doc-Root: home   Logging path: logs/leap.log   Level: [DEBUG]
2022-02-18 10:51:25.011 DEBUG - Method not mapped with MethodMapper: errorHandling
2022-02-18 10:51:25.012 DEBUG - org.chaostocosmos.leap.http.services.LeapServiceDeploy@568ff82 : POST
2022-02-18 10:51:25.012 INFO  - Add service: org.chaostocosmos.leap.http.services.LeapServiceDeploy  Mapping path: /deploy/service/
2022-02-18 10:51:25.012 DEBUG - Method not mapped with MethodMapper: errorHandling
2022-02-18 10:51:25.013 DEBUG - org.chaostocosmos.leap.http.services.TimeServiceImpl@50caa560 : GET
2022-02-18 10:51:25.013 INFO  - Add service: org.chaostocosmos.leap.http.services.TimeServiceImpl  Mapping path: /time/GetTime
2022-02-18 10:51:25.013 INFO  - VIRTUAL HOST - Protocol: HTTP_1_0   Server: leap1   Host: localhost   Port: 8080   Doc-Root: home1   Logging path: logs/leap.log   Level: [DEBUG]
2022-02-18 10:51:25.018 DEBUG - Method not mapped with MethodMapper: errorHandling
2022-02-18 10:51:25.019 DEBUG - org.chaostocosmos.leap.http.services.LeapServiceDeploy@2a266d09 : POST
2022-02-18 10:51:25.019 INFO  - Add service: org.chaostocosmos.leap.http.services.LeapServiceDeploy  Mapping path: /deploy/service/
2022-02-18 10:51:25.019 DEBUG - Method not mapped with MethodMapper: errorHandling
2022-02-18 10:51:25.020 DEBUG - org.chaostocosmos.leap.http.services.TimeServiceImpl@5ab9e72c : GET
2022-02-18 10:51:25.020 INFO  - Add service: org.chaostocosmos.leap.http.services.TimeServiceImpl  Mapping path: /time/GetTime
2022-02-18 10:51:25.021 INFO  - VIRTUAL HOST - Protocol: HTTP_1_0   Server: leap2   Host: www.leap.org   Port: 8081   Doc-Root: home2   Logging path: logs/leap.log   Level: [DEBUG]
2022-02-18 10:51:25.021 INFO  - --------------------------------------------------------------------------2
2022-02-18 10:51:25.035 INFO  - HTTP SERVER START. localhost/127.0.0.1:8080
2022-02-18 10:51:25.035 INFO  - HTTP SERVER START. www.leap.org/127.0.0.1:8081
2022-02-18 10:51:51.832 INFO  - Leap WAS server starting......
2022-02-18 10:51:51.835 INFO  - --------------------------------------------------------------------------
2022-02-18 10:51:51.835 INFO  - ThreadPool initialized - CORE: 50 MAX: 50 KEEP-ALIVE WHEN IDLE(seconds): 30
2022-02-18 10:51:51.835 INFO  - verbose mode on
2022-02-18 10:51:51.844 INFO  - Add dynamic classpath to ClassLoader: file:/D:/0.github/Leap/./home/webapp/services/
2022-02-18 10:51:51.870 DEBUG - Method not mapped with MethodMapper: errorHandling
2022-02-18 10:51:51.872 DEBUG - org.chaostocosmos.leap.http.services.LeapServiceDeploy@3571b748 : POST
2022-02-18 10:51:51.879 INFO  - Add service: org.chaostocosmos.leap.http.services.LeapServiceDeploy  Mapping path: /deploy/service/
2022-02-18 10:51:51.945 DEBUG - org.chaostocosmos.leap.http.services.TimeServiceImpl@55740540 : GET
2022-02-18 10:51:51.965 INFO  - Add service: org.chaostocosmos.leap.http.services.TimeServiceImpl  Mapping path: /time/GetTime
2022-02-18 10:51:51.967 DEBUG - Method not mapped with MethodMapper: errorHandling
2022-02-18 10:51:51.967 INFO  - DEFAULT HOST - Protocol: HTTP_1_0   Server: leap   Host: www.leap.org   Port: 8080   Doc-Root: home   Logging path: logs/leap.log   Level: [DEBUG]
2022-02-18 10:51:51.978 DEBUG - Method not mapped with MethodMapper: errorHandling
2022-02-18 10:51:51.978 DEBUG - org.chaostocosmos.leap.http.services.LeapServiceDeploy@2a266d09 : POST
2022-02-18 10:51:51.978 INFO  - Add service: org.chaostocosmos.leap.http.services.LeapServiceDeploy  Mapping path: /deploy/service/
2022-02-18 10:51:51.979 DEBUG - org.chaostocosmos.leap.http.services.TimeServiceImpl@5ab9e72c : GET
2022-02-18 10:51:51.979 INFO  - Add service: org.chaostocosmos.leap.http.services.TimeServiceImpl  Mapping path: /time/GetTime
2022-02-18 10:51:51.979 DEBUG - Method not mapped with MethodMapper: errorHandling
2022-02-18 10:51:51.979 INFO  - VIRTUAL HOST - Protocol: HTTP_1_0   Server: leap1   Host: localhost   Port: 8080   Doc-Root: home1   Logging path: logs/leap.log   Level: [DEBUG]
2022-02-18 10:51:51.985 DEBUG - Method not mapped with MethodMapper: errorHandling
2022-02-18 10:51:51.985 DEBUG - org.chaostocosmos.leap.http.services.LeapServiceDeploy@186f8716 : POST
2022-02-18 10:51:51.986 INFO  - Add service: org.chaostocosmos.leap.http.services.LeapServiceDeploy  Mapping path: /deploy/service/
2022-02-18 10:51:51.986 DEBUG - org.chaostocosmos.leap.http.services.TimeServiceImpl@1d8bd0de : GET
2022-02-18 10:51:51.986 INFO  - Add service: org.chaostocosmos.leap.http.services.TimeServiceImpl  Mapping path: /time/GetTime
2022-02-18 10:51:51.987 DEBUG - Method not mapped with MethodMapper: errorHandling
2022-02-18 10:51:51.987 INFO  - VIRTUAL HOST - Protocol: HTTP_1_0   Server: leap2   Host: 192.168.0.1   Port: 8081   Doc-Root: home2   Logging path: logs/leap.log   Level: [DEBUG]
2022-02-18 10:51:51.987 INFO  - --------------------------------------------------------------------------3
2022-02-18 10:51:52.002 INFO  - HTTP SERVER START. localhost/127.0.0.1:8080
2022-02-18 10:51:52.000 ERROR - Cannot assign requested address: NET_Bind
java.net.BindException: Cannot assign requested address: NET_Bind
	at java.base/java.net.PlainSocketImpl.bind0(Native Method)
	at java.base/java.net.PlainSocketImpl.socketBind(PlainSocketImpl.java:132)
	at java.base/java.net.AbstractPlainSocketImpl.bind(AbstractPlainSocketImpl.java:436)
	at java.base/java.net.ServerSocket.bind(ServerSocket.java:395)
	at org.chaostocosmos.leap.http.LeapHttpServer.run(LeapHttpServer.java:183)
2022-02-18 10:51:52.003 ERROR - Address already in use: NET_Bind
java.net.BindException: Address already in use: NET_Bind
	at java.base/java.net.PlainSocketImpl.bind0(Native Method)
	at java.base/java.net.PlainSocketImpl.socketBind(PlainSocketImpl.java:132)
	at java.base/java.net.AbstractPlainSocketImpl.bind(AbstractPlainSocketImpl.java:436)
	at java.base/java.net.ServerSocket.bind(ServerSocket.java:395)
	at org.chaostocosmos.leap.http.LeapHttpServer.run(LeapHttpServer.java:183)
2022-02-18 10:53:30.009 INFO  - Leap WAS server starting......
2022-02-18 10:53:30.013 INFO  - --------------------------------------------------------------------------
2022-02-18 10:53:30.014 INFO  - ThreadPool initialized - CORE: 50 MAX: 50 KEEP-ALIVE WHEN IDLE(seconds): 30
2022-02-18 10:53:30.014 INFO  - verbose mode on
2022-02-18 10:53:30.023 INFO  - Add dynamic classpath to ClassLoader: file:/D:/0.github/Leap/./home/webapp/services/
2022-02-18 10:53:30.049 DEBUG - Method not mapped with MethodMapper: errorHandling
2022-02-18 10:53:30.051 DEBUG - org.chaostocosmos.leap.http.services.LeapServiceDeploy@2b4bac49 : POST
2022-02-18 10:53:30.051 INFO  - Add service: org.chaostocosmos.leap.http.services.LeapServiceDeploy  Mapping path: /deploy/service/
2022-02-18 10:53:30.056 DEBUG - org.chaostocosmos.leap.http.services.TimeServiceImpl@740773a3 : GET
2022-02-18 10:53:30.056 INFO  - Add service: org.chaostocosmos.leap.http.services.TimeServiceImpl  Mapping path: /time/GetTime
2022-02-18 10:53:30.056 DEBUG - Method not mapped with MethodMapper: errorHandling
2022-02-18 10:53:30.056 INFO  - DEFAULT HOST - Protocol: HTTP_1_0   Server: leap   Host: www.leap.org   Port: 8080   Doc-Root: home   Logging path: logs/leap.log   Level: [DEBUG]
2022-02-18 10:53:30.076 DEBUG - Method not mapped with MethodMapper: errorHandling
2022-02-18 10:53:30.076 DEBUG - org.chaostocosmos.leap.http.services.LeapServiceDeploy@568ff82 : POST
2022-02-18 10:53:30.078 INFO  - Add service: org.chaostocosmos.leap.http.services.LeapServiceDeploy  Mapping path: /deploy/service/
2022-02-18 10:53:30.078 DEBUG - org.chaostocosmos.leap.http.services.TimeServiceImpl@50caa560 : GET
2022-02-18 10:53:30.079 INFO  - Add service: org.chaostocosmos.leap.http.services.TimeServiceImpl  Mapping path: /time/GetTime
2022-02-18 10:53:30.079 DEBUG - Method not mapped with MethodMapper: errorHandling
2022-02-18 10:53:30.080 INFO  - VIRTUAL HOST - Protocol: HTTP_1_0   Server: leap1   Host: localhost   Port: 8080   Doc-Root: home1   Logging path: logs/leap.log   Level: [DEBUG]
2022-02-18 10:53:30.086 DEBUG - Method not mapped with MethodMapper: errorHandling
2022-02-18 10:53:30.087 DEBUG - org.chaostocosmos.leap.http.services.LeapServiceDeploy@2a266d09 : POST
2022-02-18 10:53:30.087 INFO  - Add service: org.chaostocosmos.leap.http.services.LeapServiceDeploy  Mapping path: /deploy/service/
2022-02-18 10:53:30.087 DEBUG - org.chaostocosmos.leap.http.services.TimeServiceImpl@5ab9e72c : GET
2022-02-18 10:53:30.088 INFO  - Add service: org.chaostocosmos.leap.http.services.TimeServiceImpl  Mapping path: /time/GetTime
2022-02-18 10:53:30.088 DEBUG - Method not mapped with MethodMapper: errorHandling
2022-02-18 10:53:30.089 INFO  - VIRTUAL HOST - Protocol: HTTP_1_0   Server: leap2   Host: 192.168.0.1   Port: 8081   Doc-Root: home2   Logging path: logs/leap.log   Level: [DEBUG]
2022-02-18 10:53:30.089 INFO  - --------------------------------------------------------------------------3
2022-02-18 10:53:30.099 ERROR - Cannot assign requested address: NET_Bind
java.net.BindException: Cannot assign requested address: NET_Bind
	at java.base/java.net.PlainSocketImpl.bind0(Native Method)
	at java.base/java.net.PlainSocketImpl.socketBind(PlainSocketImpl.java:132)
	at java.base/java.net.AbstractPlainSocketImpl.bind(AbstractPlainSocketImpl.java:436)
	at java.base/java.net.ServerSocket.bind(ServerSocket.java:395)
	at org.chaostocosmos.leap.http.LeapHttpServer.run(LeapHttpServer.java:183)
2022-02-18 10:53:30.102 INFO  - HTTP SERVER START. localhost/127.0.0.1:8080
2022-02-18 10:53:30.102 ERROR - Address already in use: NET_Bind
java.net.BindException: Address already in use: NET_Bind
	at java.base/java.net.PlainSocketImpl.bind0(Native Method)
	at java.base/java.net.PlainSocketImpl.socketBind(PlainSocketImpl.java:132)
	at java.base/java.net.AbstractPlainSocketImpl.bind(AbstractPlainSocketImpl.java:436)
	at java.base/java.net.ServerSocket.bind(ServerSocket.java:395)
	at org.chaostocosmos.leap.http.LeapHttpServer.run(LeapHttpServer.java:183)
2022-02-18 10:56:45.186 INFO  - Leap WAS server starting......
2022-02-18 10:56:45.189 INFO  - --------------------------------------------------------------------------
2022-02-18 10:56:45.190 INFO  - ThreadPool initialized - CORE: 50 MAX: 50 KEEP-ALIVE WHEN IDLE(seconds): 30
2022-02-18 10:56:45.190 INFO  - verbose mode on
2022-02-18 10:56:45.196 INFO  - Add dynamic classpath to ClassLoader: file:/D:/0.github/Leap/./home/webapp/services/
2022-02-18 10:56:45.216 DEBUG - Method not mapped with MethodMapper: errorHandling
2022-02-18 10:56:45.219 DEBUG - org.chaostocosmos.leap.http.services.LeapServiceDeploy@3571b748 : POST
2022-02-18 10:56:45.220 INFO  - Add service: org.chaostocosmos.leap.http.services.LeapServiceDeploy  Mapping path: /deploy/service/
2022-02-18 10:56:45.224 DEBUG - org.chaostocosmos.leap.http.services.TimeServiceImpl@55740540 : GET
2022-02-18 10:56:45.225 INFO  - Add service: org.chaostocosmos.leap.http.services.TimeServiceImpl  Mapping path: /time/GetTime
2022-02-18 10:56:45.226 DEBUG - Method not mapped with MethodMapper: errorHandling
2022-02-18 10:56:45.226 INFO  - DEFAULT HOST - Protocol: HTTP_1_0   Server: leap   Host: www.leap.org   Port: 8080   Doc-Root: home   Logging path: logs/leap.log   Level: [DEBUG]
2022-02-18 10:56:45.232 DEBUG - Method not mapped with MethodMapper: errorHandling
2022-02-18 10:56:45.233 DEBUG - org.chaostocosmos.leap.http.services.LeapServiceDeploy@2a266d09 : POST
2022-02-18 10:56:45.234 INFO  - Add service: org.chaostocosmos.leap.http.services.LeapServiceDeploy  Mapping path: /deploy/service/
2022-02-18 10:56:45.234 DEBUG - org.chaostocosmos.leap.http.services.TimeServiceImpl@5ab9e72c : GET
2022-02-18 10:56:45.234 INFO  - Add service: org.chaostocosmos.leap.http.services.TimeServiceImpl  Mapping path: /time/GetTime
2022-02-18 10:56:45.234 DEBUG - Method not mapped with MethodMapper: errorHandling
2022-02-18 10:56:45.235 INFO  - VIRTUAL HOST - Protocol: HTTP_1_0   Server: leap1   Host: localhost   Port: 8080   Doc-Root: home1   Logging path: logs/leap.log   Level: [DEBUG]
2022-02-18 10:56:45.243 DEBUG - Method not mapped with MethodMapper: errorHandling
2022-02-18 10:56:45.243 DEBUG - org.chaostocosmos.leap.http.services.LeapServiceDeploy@186f8716 : POST
2022-02-18 10:56:45.244 INFO  - Add service: org.chaostocosmos.leap.http.services.LeapServiceDeploy  Mapping path: /deploy/service/
2022-02-18 10:56:45.244 DEBUG - org.chaostocosmos.leap.http.services.TimeServiceImpl@1d8bd0de : GET
2022-02-18 10:56:45.244 INFO  - Add service: org.chaostocosmos.leap.http.services.TimeServiceImpl  Mapping path: /time/GetTime
2022-02-18 10:56:45.244 DEBUG - Method not mapped with MethodMapper: errorHandling
2022-02-18 10:56:45.245 INFO  - VIRTUAL HOST - Protocol: HTTP_1_0   Server: leap2   Host: www.leap1.org   Port: 8081   Doc-Root: home2   Logging path: logs/leap.log   Level: [DEBUG]
2022-02-18 10:56:45.245 INFO  - --------------------------------------------------------------------------3
2022-02-18 10:56:45.258 INFO  - HTTP SERVER START. www.leap.org/127.0.0.1:8080
2022-02-18 10:56:45.258 INFO  - HTTP SERVER START. www.leap1.org/127.0.0.1:8081
2022-02-18 10:56:45.261 ERROR - Address already in use: NET_Bind
java.net.BindException: Address already in use: NET_Bind
	at java.base/java.net.PlainSocketImpl.bind0(Native Method)
	at java.base/java.net.PlainSocketImpl.socketBind(PlainSocketImpl.java:132)
	at java.base/java.net.AbstractPlainSocketImpl.bind(AbstractPlainSocketImpl.java:436)
	at java.base/java.net.ServerSocket.bind(ServerSocket.java:395)
	at org.chaostocosmos.leap.http.LeapHttpServer.run(LeapHttpServer.java:183)
2022-02-18 10:57:58.515 INFO  - Leap WAS server starting......
2022-02-18 10:57:58.518 INFO  - --------------------------------------------------------------------------
2022-02-18 10:57:58.519 INFO  - ThreadPool initialized - CORE: 50 MAX: 50 KEEP-ALIVE WHEN IDLE(seconds): 30
2022-02-18 10:57:58.519 INFO  - verbose mode on
2022-02-18 10:57:58.529 INFO  - Add dynamic classpath to ClassLoader: file:/D:/0.github/Leap/./home/webapp/services/
2022-02-18 10:57:58.554 DEBUG - Method not mapped with MethodMapper: errorHandling
2022-02-18 10:57:58.556 DEBUG - org.chaostocosmos.leap.http.services.LeapServiceDeploy@3571b748 : POST
2022-02-18 10:57:58.556 INFO  - Add service: org.chaostocosmos.leap.http.services.LeapServiceDeploy  Mapping path: /deploy/service/
2022-02-18 10:57:58.560 DEBUG - org.chaostocosmos.leap.http.services.TimeServiceImpl@55740540 : GET
2022-02-18 10:57:58.561 INFO  - Add service: org.chaostocosmos.leap.http.services.TimeServiceImpl  Mapping path: /time/GetTime
2022-02-18 10:57:58.561 DEBUG - Method not mapped with MethodMapper: errorHandling
2022-02-18 10:57:58.561 INFO  - DEFAULT HOST - Protocol: HTTP_1_0   Server: leap   Host: www.leap.org   Port: 8080   Doc-Root: home   Logging path: logs/leap.log   Level: [DEBUG]
2022-02-18 10:57:58.594 DEBUG - Method not mapped with MethodMapper: errorHandling
2022-02-18 10:57:58.595 DEBUG - org.chaostocosmos.leap.http.services.LeapServiceDeploy@2a266d09 : POST
2022-02-18 10:57:58.595 INFO  - Add service: org.chaostocosmos.leap.http.services.LeapServiceDeploy  Mapping path: /deploy/service/
2022-02-18 10:57:58.595 DEBUG - org.chaostocosmos.leap.http.services.TimeServiceImpl@5ab9e72c : GET
2022-02-18 10:57:58.595 INFO  - Add service: org.chaostocosmos.leap.http.services.TimeServiceImpl  Mapping path: /time/GetTime
2022-02-18 10:57:58.596 DEBUG - Method not mapped with MethodMapper: errorHandling
2022-02-18 10:57:58.596 INFO  - VIRTUAL HOST - Protocol: HTTP_1_0   Server: leap1   Host: localhost   Port: 8080   Doc-Root: home1   Logging path: logs/leap.log   Level: [DEBUG]
2022-02-18 10:57:58.602 DEBUG - Method not mapped with MethodMapper: errorHandling
2022-02-18 10:57:58.603 DEBUG - org.chaostocosmos.leap.http.services.LeapServiceDeploy@186f8716 : POST
2022-02-18 10:57:58.603 INFO  - Add service: org.chaostocosmos.leap.http.services.LeapServiceDeploy  Mapping path: /deploy/service/
2022-02-18 10:57:58.603 DEBUG - org.chaostocosmos.leap.http.services.TimeServiceImpl@1d8bd0de : GET
2022-02-18 10:57:58.603 INFO  - Add service: org.chaostocosmos.leap.http.services.TimeServiceImpl  Mapping path: /time/GetTime
2022-02-18 10:57:58.603 DEBUG - Method not mapped with MethodMapper: errorHandling
2022-02-18 10:57:58.604 INFO  - VIRTUAL HOST - Protocol: HTTP_1_0   Server: leap2   Host: www.leap1.org   Port: 8080   Doc-Root: home2   Logging path: logs/leap.log   Level: [DEBUG]
2022-02-18 10:57:58.604 INFO  - --------------------------------------------------------------------------3
2022-02-18 10:57:58.618 INFO  - HTTP SERVER START. www.leap.org/127.0.0.1:8080
2022-02-18 10:57:58.622 ERROR - Address already in use: NET_Bind
java.net.BindException: Address already in use: NET_Bind
	at java.base/java.net.PlainSocketImpl.bind0(Native Method)
	at java.base/java.net.PlainSocketImpl.socketBind(PlainSocketImpl.java:132)
	at java.base/java.net.AbstractPlainSocketImpl.bind(AbstractPlainSocketImpl.java:436)
	at java.base/java.net.ServerSocket.bind(ServerSocket.java:395)
	at org.chaostocosmos.leap.http.LeapHttpServer.run(LeapHttpServer.java:183)
2022-02-18 10:57:58.622 ERROR - Address already in use: NET_Bind
java.net.BindException: Address already in use: NET_Bind
	at java.base/java.net.PlainSocketImpl.bind0(Native Method)
	at java.base/java.net.PlainSocketImpl.socketBind(PlainSocketImpl.java:132)
	at java.base/java.net.AbstractPlainSocketImpl.bind(AbstractPlainSocketImpl.java:436)
	at java.base/java.net.ServerSocket.bind(ServerSocket.java:395)
	at org.chaostocosmos.leap.http.LeapHttpServer.run(LeapHttpServer.java:183)
