2022-12-30 09:11:08.879 INFO  - Leap WAS server starting...
2022-12-30 09:11:08.898 INFO  - --------------------------------------------------------------------------
2022-12-30 09:11:08.898 INFO  - ThreadPool initialized - CORE: 50 MAX: 50 KEEP-ALIVE WHEN IDLE(seconds): 30
2022-12-30 09:11:08.899 INFO  - verbose mode on
2022-12-30 09:11:09.257 INFO  - Add service: org.chaostocosmos.leap.http.service.TimeServiceImpl  Mapping path: /time/GetTime
2022-12-30 09:11:09.258 DEBUG - Method not mapping with MethodMapper annotation: java.lang.reflect.Method
2022-12-30 09:11:09.259 DEBUG - Method not mapping with MethodMapper annotation: java.lang.reflect.Method
2022-12-30 09:11:09.259 DEBUG - Method not mapping with MethodMapper annotation: java.lang.reflect.Method
2022-12-30 09:11:09.260 DEBUG - Method not mapping with MethodMapper annotation: java.lang.reflect.Method
2022-12-30 09:11:09.260 DEBUG - Method not mapping with MethodMapper annotation: java.lang.reflect.Method
2022-12-30 09:11:09.260 DEBUG - Method not mapping with MethodMapper annotation: java.lang.reflect.Method
2022-12-30 09:11:09.260 INFO  - Default host added - Server: leap   Host: localhost   Port: 8080   Doc-Root: home   Logging path: logs/leap.log   Level: [INFO, DEBUG]
2022-12-30 09:11:09.263 INFO  - Virtual host added - Server: leap1   Host: 127.0.0.1   Port: 8080   Doc-Root: home1   Logging path: logs/leap.log   Level: [INFO]
2022-12-30 09:11:09.272 INFO  - Add service: org.chaostocosmos.leap.http.service.TimeServiceImpl  Mapping path: /time/GetTime
2022-12-30 09:11:09.273 DEBUG - Method not mapping with MethodMapper annotation: java.lang.reflect.Method
2022-12-30 09:11:09.273 DEBUG - Method not mapping with MethodMapper annotation: java.lang.reflect.Method
2022-12-30 09:11:09.273 DEBUG - Method not mapping with MethodMapper annotation: java.lang.reflect.Method
2022-12-30 09:11:09.273 DEBUG - Method not mapping with MethodMapper annotation: java.lang.reflect.Method
2022-12-30 09:11:09.274 DEBUG - Method not mapping with MethodMapper annotation: java.lang.reflect.Method
2022-12-30 09:11:09.274 DEBUG - Method not mapping with MethodMapper annotation: java.lang.reflect.Method
2022-12-30 09:11:09.275 INFO  - Virtual host added - Server: leap2   Host: 192.168.1.60   Port: 8082   Doc-Root: home2   Logging path: logs/leap.log   Level: [INFO]
2022-12-30 09:11:09.283 INFO  - Accepting connections on port 8082   Document Root: D:\0.github\Leap\home2
2022-12-30 09:11:09.288 INFO  - Accepting connections on port 8080   Document Root: D:\0.github\Leap\home
2022-12-30 09:12:21.563 INFO  - Leap WAS server starting...
2022-12-30 09:12:21.567 INFO  - --------------------------------------------------------------------------
2022-12-30 09:12:21.567 INFO  - ThreadPool initialized - CORE: 50 MAX: 50 KEEP-ALIVE WHEN IDLE(seconds): 30
2022-12-30 09:12:21.567 INFO  - verbose mode on
2022-12-30 09:12:21.632 INFO  - Add service: org.chaostocosmos.leap.http.service.TimeServiceImpl  Mapping path: /time/GetTime
2022-12-30 09:12:21.632 DEBUG - Method not mapping with MethodMapper annotation: java.lang.reflect.Method
2022-12-30 09:12:21.632 DEBUG - Method not mapping with MethodMapper annotation: java.lang.reflect.Method
2022-12-30 09:12:21.633 DEBUG - Method not mapping with MethodMapper annotation: java.lang.reflect.Method
2022-12-30 09:12:21.633 DEBUG - Method not mapping with MethodMapper annotation: java.lang.reflect.Method
2022-12-30 09:12:21.633 DEBUG - Method not mapping with MethodMapper annotation: java.lang.reflect.Method
2022-12-30 09:12:21.634 DEBUG - Method not mapping with MethodMapper annotation: java.lang.reflect.Method
2022-12-30 09:12:21.634 INFO  - Default host added - Server: leap   Host: localhost   Port: 8080   Doc-Root: home   Logging path: logs/leap.log   Level: [INFO, DEBUG]
2022-12-30 09:12:21.636 INFO  - Virtual host added - Server: leap1   Host: 127.0.0.1   Port: 8080   Doc-Root: home1   Logging path: logs/leap.log   Level: [INFO]
2022-12-30 09:12:21.646 INFO  - Add service: org.chaostocosmos.leap.http.service.TimeServiceImpl  Mapping path: /time/GetTime
2022-12-30 09:12:21.748 DEBUG - Method not mapping with MethodMapper annotation: java.lang.reflect.Method
2022-12-30 09:12:21.757 DEBUG - Method not mapping with MethodMapper annotation: java.lang.reflect.Method
2022-12-30 09:12:21.772 DEBUG - Method not mapping with MethodMapper annotation: java.lang.reflect.Method
2022-12-30 09:12:21.797 DEBUG - Method not mapping with MethodMapper annotation: java.lang.reflect.Method
2022-12-30 09:12:21.809 DEBUG - Method not mapping with MethodMapper annotation: java.lang.reflect.Method
2022-12-30 09:12:21.833 DEBUG - Method not mapping with MethodMapper annotation: java.lang.reflect.Method
2022-12-30 09:12:21.862 INFO  - Virtual host added - Server: leap2   Host: 192.168.1.60   Port: 8082   Doc-Root: home2   Logging path: logs/leap.log   Level: [INFO]
2022-12-30 09:12:21.916 INFO  - Accepting connections on port 8082   Document Root: D:\0.github\Leap\home2
2022-12-30 09:12:21.921 INFO  - Accepting connections on port 8080   Document Root: D:\0.github\Leap\home
2022-12-30 09:12:38.728 INFO  - Leap WAS server starting...
2022-12-30 09:12:38.732 INFO  - --------------------------------------------------------------------------
2022-12-30 09:12:38.732 INFO  - ThreadPool initialized - CORE: 50 MAX: 50 KEEP-ALIVE WHEN IDLE(seconds): 30
2022-12-30 09:12:38.732 INFO  - verbose mode on
2022-12-30 09:12:38.774 INFO  - Add service: org.chaostocosmos.leap.http.service.TimeServiceImpl  Mapping path: /time/GetTime
2022-12-30 09:12:38.774 DEBUG - Method not mapping with MethodMapper annotation: serveDelete
2022-12-30 09:12:38.774 DEBUG - Method not mapping with MethodMapper annotation: servePut
2022-12-30 09:12:38.775 DEBUG - Method not mapping with MethodMapper annotation: serveGet
2022-12-30 09:12:38.775 DEBUG - Method not mapping with MethodMapper annotation: servePost
2022-12-30 09:12:38.775 DEBUG - Method not mapping with MethodMapper annotation: setFilters
2022-12-30 09:12:38.775 DEBUG - Method not mapping with MethodMapper annotation: serve
2022-12-30 09:12:38.776 INFO  - Default host added - Server: leap   Host: localhost   Port: 8080   Doc-Root: home   Logging path: logs/leap.log   Level: [INFO, DEBUG]
2022-12-30 09:12:38.778 INFO  - Virtual host added - Server: leap1   Host: 127.0.0.1   Port: 8080   Doc-Root: home1   Logging path: logs/leap.log   Level: [INFO]
2022-12-30 09:12:38.833 INFO  - Add service: org.chaostocosmos.leap.http.service.TimeServiceImpl  Mapping path: /time/GetTime
2022-12-30 09:12:38.842 DEBUG - Method not mapping with MethodMapper annotation: serveDelete
2022-12-30 09:12:38.857 DEBUG - Method not mapping with MethodMapper annotation: servePut
2022-12-30 09:12:38.870 DEBUG - Method not mapping with MethodMapper annotation: serveGet
2022-12-30 09:12:38.871 DEBUG - Method not mapping with MethodMapper annotation: servePost
2022-12-30 09:12:38.871 DEBUG - Method not mapping with MethodMapper annotation: setFilters
2022-12-30 09:12:38.871 DEBUG - Method not mapping with MethodMapper annotation: serve
2022-12-30 09:12:38.872 INFO  - Virtual host added - Server: leap2   Host: 192.168.1.60   Port: 8082   Doc-Root: home2   Logging path: logs/leap.log   Level: [INFO]
2022-12-30 09:12:38.879 INFO  - Accepting connections on port 8082   Document Root: D:\0.github\Leap\home2
2022-12-30 09:12:38.887 INFO  - Accepting connections on port 8080   Document Root: D:\0.github\Leap\home
2022-12-30 09:13:42.605 INFO  - Leap WAS server starting...
2022-12-30 09:13:42.607 INFO  - --------------------------------------------------------------------------
2022-12-30 09:13:42.609 INFO  - ThreadPool initialized - CORE: 50 MAX: 50 KEEP-ALIVE WHEN IDLE(seconds): 30
2022-12-30 09:13:42.609 INFO  - verbose mode on
2022-12-30 09:13:42.685 INFO  - Add service: org.chaostocosmos.leap.http.service.TimeServiceImpl  Mapping path: /time/GetTime
2022-12-30 09:13:42.687 DEBUG - Method not mapping with MethodMapper annotation: setFilters
2022-12-30 09:13:42.687 DEBUG - Method not mapping with MethodMapper annotation: serve
2022-12-30 09:13:42.687 DEBUG - Method not mapping with MethodMapper annotation: serveGet
2022-12-30 09:13:42.687 DEBUG - Method not mapping with MethodMapper annotation: servePost
2022-12-30 09:13:42.687 DEBUG - Method not mapping with MethodMapper annotation: servePut
2022-12-30 09:13:42.687 DEBUG - Method not mapping with MethodMapper annotation: serveDelete
2022-12-30 09:13:42.687 INFO  - Default host added - Server: leap   Host: localhost   Port: 8080   Doc-Root: home   Logging path: logs/leap.log   Level: [INFO, DEBUG]
2022-12-30 09:13:42.690 INFO  - Virtual host added - Server: leap1   Host: 127.0.0.1   Port: 8080   Doc-Root: home1   Logging path: logs/leap.log   Level: [INFO]
2022-12-30 09:13:42.698 INFO  - Add service: org.chaostocosmos.leap.http.service.TimeServiceImpl  Mapping path: /time/GetTime
2022-12-30 09:13:42.698 DEBUG - Method not mapping with MethodMapper annotation: setFilters
2022-12-30 09:13:42.699 DEBUG - Method not mapping with MethodMapper annotation: serve
2022-12-30 09:13:42.699 DEBUG - Method not mapping with MethodMapper annotation: serveGet
2022-12-30 09:13:42.699 DEBUG - Method not mapping with MethodMapper annotation: servePost
2022-12-30 09:13:42.699 DEBUG - Method not mapping with MethodMapper annotation: servePut
2022-12-30 09:13:42.699 DEBUG - Method not mapping with MethodMapper annotation: serveDelete
2022-12-30 09:13:42.699 INFO  - Virtual host added - Server: leap2   Host: 192.168.1.60   Port: 8082   Doc-Root: home2   Logging path: logs/leap.log   Level: [INFO]
2022-12-30 09:13:42.708 INFO  - Accepting connections on port 8082   Document Root: D:\0.github\Leap\home2
2022-12-30 09:13:42.711 INFO  - Accepting connections on port 8080   Document Root: D:\0.github\Leap\home
2022-12-30 09:16:39.310 INFO  - Leap WAS server starting...
2022-12-30 09:16:39.313 INFO  - --------------------------------------------------------------------------
2022-12-30 09:16:39.313 INFO  - ThreadPool initialized - CORE: 50 MAX: 50 KEEP-ALIVE WHEN IDLE(seconds): 30
2022-12-30 09:16:39.313 INFO  - verbose mode on
2022-12-30 09:16:39.348 ERROR - org.chaostocosmos.leap.http.filter.IPreFilter
java.lang.InstantiationException: org.chaostocosmos.leap.http.filter.IPreFilter
	at java.base/java.lang.Class.newInstance(Class.java:571)
	at org.chaostocosmos.leap.http.commons.ClassUtils.instantiate(ClassUtils.java:173)
	at org.chaostocosmos.leap.http.service.ServiceManager.lambda$0(ServiceManager.java:93)
	at java.base/java.util.stream.ReferencePipeline$3$1.accept(ReferencePipeline.java:195)
	at java.base/java.util.Spliterators$ArraySpliterator.forEachRemaining(Spliterators.java:948)
	at java.base/java.util.stream.AbstractPipeline.copyInto(AbstractPipeline.java:484)
	at java.base/java.util.stream.AbstractPipeline.wrapAndCopyInto(AbstractPipeline.java:474)
	at java.base/java.util.stream.ReduceOps$ReduceOp.evaluateSequential(ReduceOps.java:913)
	at java.base/java.util.stream.AbstractPipeline.evaluate(AbstractPipeline.java:234)
	at java.base/java.util.stream.ReferencePipeline.collect(ReferencePipeline.java:578)
	at org.chaostocosmos.leap.http.service.ServiceManager.initialize(ServiceManager.java:93)
	at org.chaostocosmos.leap.http.service.ServiceManager.<init>(ServiceManager.java:72)
	at org.chaostocosmos.leap.http.LeapHttpServer.<init>(LeapHttpServer.java:134)
	at org.chaostocosmos.leap.http.LeapWAS.start(LeapWAS.java:159)
	at org.chaostocosmos.leap.http.LeapWAS.main(LeapWAS.java:227)
Caused by: java.lang.NoSuchMethodException: org.chaostocosmos.leap.http.filter.IPreFilter.<init>()
	at java.base/java.lang.Class.getConstructor0(Class.java:3349)
	at java.base/java.lang.Class.newInstance(Class.java:556)
	... 14 common frames omitted
2022-12-30 09:16:39.364 INFO  - Add service: org.chaostocosmos.leap.http.service.TimeServiceImpl  Mapping path: /time/GetTime
2022-12-30 09:16:39.365 DEBUG - Method not mapping with MethodMapper annotation: setFilters
2022-12-30 09:16:39.365 DEBUG - Method not mapping with MethodMapper annotation: serve
2022-12-30 09:16:39.365 DEBUG - Method not mapping with MethodMapper annotation: servePost
2022-12-30 09:16:39.463 DEBUG - Method not mapping with MethodMapper annotation: servePut
2022-12-30 09:16:39.464 DEBUG - Method not mapping with MethodMapper annotation: serveGet
2022-12-30 09:16:39.464 DEBUG - Method not mapping with MethodMapper annotation: serveDelete
2022-12-30 09:16:39.464 INFO  - Default host added - Server: leap   Host: localhost   Port: 8080   Doc-Root: home   Logging path: logs/leap.log   Level: [INFO, DEBUG]
2022-12-30 09:16:39.466 INFO  - Virtual host added - Server: leap1   Host: 127.0.0.1   Port: 8080   Doc-Root: home1   Logging path: logs/leap.log   Level: [INFO]
2022-12-30 09:16:39.474 ERROR - org.chaostocosmos.leap.http.filter.IPreFilter
java.lang.InstantiationException: org.chaostocosmos.leap.http.filter.IPreFilter
	at java.base/java.lang.Class.newInstance(Class.java:571)
	at org.chaostocosmos.leap.http.commons.ClassUtils.instantiate(ClassUtils.java:173)
	at org.chaostocosmos.leap.http.service.ServiceManager.lambda$0(ServiceManager.java:93)
	at java.base/java.util.stream.ReferencePipeline$3$1.accept(ReferencePipeline.java:195)
	at java.base/java.util.Spliterators$ArraySpliterator.forEachRemaining(Spliterators.java:948)
	at java.base/java.util.stream.AbstractPipeline.copyInto(AbstractPipeline.java:484)
	at java.base/java.util.stream.AbstractPipeline.wrapAndCopyInto(AbstractPipeline.java:474)
	at java.base/java.util.stream.ReduceOps$ReduceOp.evaluateSequential(ReduceOps.java:913)
	at java.base/java.util.stream.AbstractPipeline.evaluate(AbstractPipeline.java:234)
	at java.base/java.util.stream.ReferencePipeline.collect(ReferencePipeline.java:578)
	at org.chaostocosmos.leap.http.service.ServiceManager.initialize(ServiceManager.java:93)
	at org.chaostocosmos.leap.http.service.ServiceManager.<init>(ServiceManager.java:72)
	at org.chaostocosmos.leap.http.LeapHttpServer.<init>(LeapHttpServer.java:134)
	at org.chaostocosmos.leap.http.LeapWAS.start(LeapWAS.java:164)
	at org.chaostocosmos.leap.http.LeapWAS.main(LeapWAS.java:227)
Caused by: java.lang.NoSuchMethodException: org.chaostocosmos.leap.http.filter.IPreFilter.<init>()
	at java.base/java.lang.Class.getConstructor0(Class.java:3349)
	at java.base/java.lang.Class.newInstance(Class.java:556)
	... 14 common frames omitted
2022-12-30 09:16:39.478 INFO  - Add service: org.chaostocosmos.leap.http.service.TimeServiceImpl  Mapping path: /time/GetTime
2022-12-30 09:16:39.478 DEBUG - Method not mapping with MethodMapper annotation: setFilters
2022-12-30 09:16:39.478 DEBUG - Method not mapping with MethodMapper annotation: serve
2022-12-30 09:16:39.478 DEBUG - Method not mapping with MethodMapper annotation: servePost
2022-12-30 09:16:39.479 DEBUG - Method not mapping with MethodMapper annotation: servePut
2022-12-30 09:16:39.479 DEBUG - Method not mapping with MethodMapper annotation: serveGet
2022-12-30 09:16:39.479 DEBUG - Method not mapping with MethodMapper annotation: serveDelete
2022-12-30 09:16:39.479 INFO  - Virtual host added - Server: leap2   Host: 192.168.1.60   Port: 8082   Doc-Root: home2   Logging path: logs/leap.log   Level: [INFO]
2022-12-30 09:16:39.486 INFO  - Accepting connections on port 8082   Document Root: D:\0.github\Leap\home2
2022-12-30 09:16:39.492 INFO  - Accepting connections on port 8080   Document Root: D:\0.github\Leap\home
2022-12-30 09:34:56.104 INFO  - Leap WAS server starting...
2022-12-30 09:34:56.107 INFO  - --------------------------------------------------------------------------
2022-12-30 09:34:56.107 INFO  - ThreadPool initialized - CORE: 50 MAX: 50 KEEP-ALIVE WHEN IDLE(seconds): 30
2022-12-30 09:34:56.107 INFO  - verbose mode on
2022-12-30 09:34:56.140 INFO  - Add service: org.chaostocosmos.leap.http.service.TimeServiceImpl  Mapping path: /time/GetTime
2022-12-30 09:34:56.141 DEBUG - Method not mapping with MethodMapper annotation: serve
2022-12-30 09:34:56.141 DEBUG - Method not mapping with MethodMapper annotation: setFilters
2022-12-30 09:34:56.141 DEBUG - Method not mapping with MethodMapper annotation: serveGet
2022-12-30 09:34:56.141 DEBUG - Method not mapping with MethodMapper annotation: servePut
2022-12-30 09:34:56.141 DEBUG - Method not mapping with MethodMapper annotation: serveDelete
2022-12-30 09:34:56.142 DEBUG - Method not mapping with MethodMapper annotation: servePost
2022-12-30 09:34:56.142 INFO  - Default host added - Server: leap   Host: localhost   Port: 8080   Doc-Root: home   Logging path: logs/leap.log   Level: [INFO, DEBUG]
2022-12-30 09:34:56.144 INFO  - Virtual host added - Server: leap1   Host: 127.0.0.1   Port: 8080   Doc-Root: home1   Logging path: logs/leap.log   Level: [INFO]
2022-12-30 09:34:56.151 INFO  - Add service: org.chaostocosmos.leap.http.service.TimeServiceImpl  Mapping path: /time/GetTime
2022-12-30 09:34:56.151 DEBUG - Method not mapping with MethodMapper annotation: serve
2022-12-30 09:34:56.151 DEBUG - Method not mapping with MethodMapper annotation: setFilters
2022-12-30 09:34:56.152 DEBUG - Method not mapping with MethodMapper annotation: serveGet
2022-12-30 09:34:56.152 DEBUG - Method not mapping with MethodMapper annotation: servePut
2022-12-30 09:34:56.152 DEBUG - Method not mapping with MethodMapper annotation: serveDelete
2022-12-30 09:34:56.152 DEBUG - Method not mapping with MethodMapper annotation: servePost
2022-12-30 09:34:56.152 INFO  - Virtual host added - Server: leap2   Host: 192.168.1.60   Port: 8082   Doc-Root: home2   Logging path: logs/leap.log   Level: [INFO]
2022-12-30 09:34:56.157 INFO  - Accepting connections on port 8082   Document Root: D:\0.github\Leap\home2
2022-12-30 09:34:56.162 INFO  - Accepting connections on port 8080   Document Root: D:\0.github\Leap\home
2022-12-30 09:36:25.054 INFO  - Leap WAS server starting...
2022-12-30 09:36:25.057 INFO  - --------------------------------------------------------------------------
2022-12-30 09:36:25.058 INFO  - ThreadPool initialized - CORE: 50 MAX: 50 KEEP-ALIVE WHEN IDLE(seconds): 30
2022-12-30 09:36:25.058 INFO  - verbose mode on
2022-12-30 09:36:25.195 INFO  - Add service: org.chaostocosmos.leap.http.service.TimeServiceImpl  Mapping path: /time/GetTime
2022-12-30 09:36:25.195 DEBUG - Method not mapping with MethodMapper annotation: serve
2022-12-30 09:36:25.195 DEBUG - Method not mapping with MethodMapper annotation: setFilters
2022-12-30 09:36:25.195 DEBUG - Method not mapping with MethodMapper annotation: serveDelete
2022-12-30 09:36:25.196 DEBUG - Method not mapping with MethodMapper annotation: servePost
2022-12-30 09:36:25.196 DEBUG - Method not mapping with MethodMapper annotation: servePut
2022-12-30 09:36:25.196 DEBUG - Method not mapping with MethodMapper annotation: serveGet
2022-12-30 09:36:25.196 INFO  - Default host added - Server: leap   Host: localhost   Port: 8080   Doc-Root: home   Logging path: logs/leap.log   Level: [INFO, DEBUG]
2022-12-30 09:36:25.198 INFO  - Virtual host added - Server: leap1   Host: 127.0.0.1   Port: 8080   Doc-Root: home1   Logging path: logs/leap.log   Level: [INFO]
2022-12-30 09:36:25.206 INFO  - Add service: org.chaostocosmos.leap.http.service.TimeServiceImpl  Mapping path: /time/GetTime
2022-12-30 09:36:25.207 DEBUG - Method not mapping with MethodMapper annotation: serve
2022-12-30 09:36:25.207 DEBUG - Method not mapping with MethodMapper annotation: setFilters
2022-12-30 09:36:25.207 DEBUG - Method not mapping with MethodMapper annotation: serveDelete
2022-12-30 09:36:25.207 DEBUG - Method not mapping with MethodMapper annotation: servePost
2022-12-30 09:36:25.208 DEBUG - Method not mapping with MethodMapper annotation: servePut
2022-12-30 09:36:25.208 DEBUG - Method not mapping with MethodMapper annotation: serveGet
2022-12-30 09:36:25.208 INFO  - Virtual host added - Server: leap2   Host: 192.168.1.60   Port: 8082   Doc-Root: home2   Logging path: logs/leap.log   Level: [INFO]
2022-12-30 09:36:25.216 INFO  - Accepting connections on port 8082
2022-12-30 09:36:25.221 INFO  - Accepting connections on port 8080
2022-12-30 09:37:19.180 INFO  - Leap WAS server starting...
2022-12-30 09:37:19.183 INFO  - --------------------------------------------------------------------------
2022-12-30 09:37:19.183 INFO  - ThreadPool initialized - CORE: 50 MAX: 50 KEEP-ALIVE WHEN IDLE(seconds): 30
2022-12-30 09:37:19.183 INFO  - verbose mode on
2022-12-30 09:37:19.215 INFO  - Add service: org.chaostocosmos.leap.http.service.TimeServiceImpl  Mapping path: /time/GetTime
2022-12-30 09:37:19.216 DEBUG - Method not mapping with MethodMapper annotation: setFilters
2022-12-30 09:37:19.221 DEBUG - Method not mapping with MethodMapper annotation: serve
2022-12-30 09:37:19.232 DEBUG - Method not mapping with MethodMapper annotation: serveDelete
2022-12-30 09:37:19.240 DEBUG - Method not mapping with MethodMapper annotation: servePut
2022-12-30 09:37:19.245 DEBUG - Method not mapping with MethodMapper annotation: serveGet
2022-12-30 09:37:19.245 DEBUG - Method not mapping with MethodMapper annotation: servePost
2022-12-30 09:37:19.245 INFO  - Default host added - Server: leap   Host: localhost   Port: 8080   Doc-Root: home   Logging path: logs/leap.log   Level: [INFO, DEBUG]
2022-12-30 09:37:19.247 INFO  - Virtual host added - Server: leap1   Host: 127.0.0.1   Port: 8080   Doc-Root: home1   Logging path: logs/leap.log   Level: [INFO]
2022-12-30 09:37:19.255 INFO  - Add service: org.chaostocosmos.leap.http.service.TimeServiceImpl  Mapping path: /time/GetTime
2022-12-30 09:37:19.256 DEBUG - Method not mapping with MethodMapper annotation: setFilters
2022-12-30 09:37:19.256 DEBUG - Method not mapping with MethodMapper annotation: serve
2022-12-30 09:37:19.257 DEBUG - Method not mapping with MethodMapper annotation: serveDelete
2022-12-30 09:37:19.257 DEBUG - Method not mapping with MethodMapper annotation: servePut
2022-12-30 09:37:19.257 DEBUG - Method not mapping with MethodMapper annotation: serveGet
2022-12-30 09:37:19.257 DEBUG - Method not mapping with MethodMapper annotation: servePost
2022-12-30 09:37:19.257 INFO  - Virtual host added - Server: leap2   Host: 192.168.1.60   Port: 8082   Doc-Root: home2   Logging path: logs/leap.log   Level: [INFO]
2022-12-30 09:37:19.263 INFO  - Accepting connections on port 8082
2022-12-30 09:37:19.267 INFO  - Accepting connections on port 8080
2022-12-30 09:37:43.646 INFO  - Client request accepted... : /127.0.0.1
2022-12-30 09:37:43.649 INFO  - Client request accepted... : /127.0.0.1
2022-12-30 09:37:43.654 INFO  - GET / HTTP/1.1
2022-12-30 09:37:43.661 INFO  - Cookie= io=PL7TK76OSCzqZRBSAAAC
2022-12-30 09:37:43.661 INFO  - Accept= text/html,application/xhtml+xml,application/xml;q=0.9,image/avif,image/webp,image/apng,*/*;q=0.8,application/signed-exchange;v=b3;q=0.9
2022-12-30 09:37:43.662 INFO  - Connection= keep-alive
2022-12-30 09:37:43.662 INFO  - User-Agent= Mozilla/5.0 (Windows NT 10.0; Win64; x64) AppleWebKit/537.36 (KHTML, like Gecko) Chrome/96.0.4664.110 Safari/537.36
2022-12-30 09:37:43.662 INFO  - Sec-Fetch-Site= none
2022-12-30 09:37:43.662 INFO  - Sec-Fetch-Dest= document
2022-12-30 09:37:43.663 INFO  - Host= localhost:8080
2022-12-30 09:37:43.663 INFO  - Accept-Encoding= gzip, deflate, br
2022-12-30 09:37:43.664 INFO  - Sec-Fetch-Mode= navigate
2022-12-30 09:37:43.664 INFO  - sec-ch-ua= " Not A;Brand";v="99", "Chromium";v="96", "Google Chrome";v="96"
2022-12-30 09:37:43.665 INFO  - sec-ch-ua-mobile= ?0
2022-12-30 09:37:43.665 INFO  - Upgrade-Insecure-Requests= 1
2022-12-30 09:37:43.665 INFO  - sec-ch-ua-platform= "Windows"
2022-12-30 09:37:43.666 INFO  - Sec-Fetch-User= ?1
2022-12-30 09:37:43.666 INFO  - Accept-Language= ko,en-US;q=0.9,en;q=0.8
2022-12-30 09:37:43.694 DEBUG - Request host: localhost
2022-12-30 09:37:43.695 DEBUG - Host: localhost:8080
Connection: keep-alive
sec-ch-ua: " Not A;Brand";v="99", "Chromium";v="96", "Google Chrome";v="96"
sec-ch-ua-mobile: ?0
sec-ch-ua-platform: "Windows"
Upgrade-Insecure-Requests: 1
User-Agent: Mozilla/5.0 (Windows NT 10.0; Win64; x64) AppleWebKit/537.36 (KHTML, like Gecko) Chrome/96.0.4664.110 Safari/537.36
Accept: text/html,application/xhtml+xml,application/xml;q=0.9,image/avif,image/webp,image/apng,*/*;q=0.8,application/signed-exchange;v=b3;q=0.9
Sec-Fetch-Site: none
Sec-Fetch-Mode: navigate
Sec-Fetch-User: ?1
Sec-Fetch-Dest: document
Accept-Encoding: gzip, deflate, br
Accept-Language: ko,en-US;q=0.9,en;q=0.8
Cookie: io=PL7TK76OSCzqZRBSAAAC
2022-12-30 09:37:43.711 DEBUG - { httpRequestDescriptor='{ httpRequest='http://localhost:8080/ GET', httpVersion='HTTP/1.1', requestLines='Host: localhost:8080
Connection: keep-alive
sec-ch-ua: " Not A;Brand";v="99", "Chromium";v="96", "Google Chrome";v="96"
sec-ch-ua-mobile: ?0
sec-ch-ua-platform: "Windows"
Upgrade-Insecure-Requests: 1
User-Agent: Mozilla/5.0 (Windows NT 10.0; Win64; x64) AppleWebKit/537.36 (KHTML, like Gecko) Chrome/96.0.4664.110 Safari/537.36
Accept: text/html,application/xhtml+xml,application/xml;q=0.9,image/avif,image/webp,image/apng,*/*;q=0.8,application/signed-exchange;v=b3;q=0.9
Sec-Fetch-Site: none
Sec-Fetch-Mode: navigate
Sec-Fetch-User: ?1
Sec-Fetch-Dest: document
Accept-Encoding: gzip, deflate, br
Accept-Language: ko,en-US;q=0.9,en;q=0.8
Cookie: io=PL7TK76OSCzqZRBSAAAC', requestType='GET', requestHost='localhost', reqHeader='{Cookie= io=PL7TK76OSCzqZRBSAAAC, Accept= text/html,application/xhtml+xml,application/xml;q=0.9,image/avif,image/webp,image/apng,*/*;q=0.8,application/signed-exchange;v=b3;q=0.9, Connection= keep-alive, User-Agent= Mozilla/5.0 (Windows NT 10.0; Win64; x64) AppleWebKit/537.36 (KHTML, like Gecko) Chrome/96.0.4664.110 Safari/537.36, Sec-Fetch-Site= none, Sec-Fetch-Dest= document, Host= localhost:8080, Accept-Encoding= gzip, deflate, br, @Client=localhost, Sec-Fetch-Mode= navigate, sec-ch-ua= " Not A;Brand";v="99", "Chromium";v="96", "Google Chrome";v="96", sec-ch-ua-mobile= ?0, Upgrade-Insecure-Requests= 1, sec-ch-ua-platform= "Windows", Sec-Fetch-User= ?1, Accept-Language= ko,en-US;q=0.9,en;q=0.8}', contentType='null', reqBody='null', contextPath='/', url='http://localhost:8080/', contextParam='{}'}', httpResponse='null', requestedHost='localhost', responseCode='200', responseBody='[B@4534dac5', responseHeader='{Date: =Thu Dec 30 09:37:43 KST 2021, Server: =LeapWAS 1.0.0}'}
2022-12-30 09:37:43.809 INFO  - GET /favicon.ico HTTP/1.1
2022-12-30 09:37:43.810 INFO  - Cookie= io=PL7TK76OSCzqZRBSAAAC
2022-12-30 09:37:43.810 INFO  - Accept= image/avif,image/webp,image/apng,image/svg+xml,image/*,*/*;q=0.8
2022-12-30 09:37:43.810 INFO  - Connection= keep-alive
2022-12-30 09:37:43.810 INFO  - User-Agent= Mozilla/5.0 (Windows NT 10.0; Win64; x64) AppleWebKit/537.36 (KHTML, like Gecko) Chrome/96.0.4664.110 Safari/537.36
2022-12-30 09:37:43.811 INFO  - Referer= http://localhost:8080/
2022-12-30 09:37:43.811 INFO  - Sec-Fetch-Site= same-origin
2022-12-30 09:37:43.811 INFO  - Sec-Fetch-Dest= image
2022-12-30 09:37:43.811 INFO  - Host= localhost:8080
2022-12-30 09:37:43.811 INFO  - Accept-Encoding= gzip, deflate, br
2022-12-30 09:37:43.812 INFO  - Sec-Fetch-Mode= no-cors
2022-12-30 09:37:43.812 INFO  - sec-ch-ua= " Not A;Brand";v="99", "Chromium";v="96", "Google Chrome";v="96"
2022-12-30 09:37:43.812 INFO  - sec-ch-ua-mobile= ?0
2022-12-30 09:37:43.812 INFO  - sec-ch-ua-platform= "Windows"
2022-12-30 09:37:43.813 INFO  - Accept-Language= ko,en-US;q=0.9,en;q=0.8
2022-12-30 09:37:43.813 DEBUG - Request host: localhost
2022-12-30 09:37:43.813 DEBUG - Host: localhost:8080
Connection: keep-alive
sec-ch-ua: " Not A;Brand";v="99", "Chromium";v="96", "Google Chrome";v="96"
sec-ch-ua-mobile: ?0
User-Agent: Mozilla/5.0 (Windows NT 10.0; Win64; x64) AppleWebKit/537.36 (KHTML, like Gecko) Chrome/96.0.4664.110 Safari/537.36
sec-ch-ua-platform: "Windows"
Accept: image/avif,image/webp,image/apng,image/svg+xml,image/*,*/*;q=0.8
Sec-Fetch-Site: same-origin
Sec-Fetch-Mode: no-cors
Sec-Fetch-Dest: image
Referer: http://localhost:8080/
Accept-Encoding: gzip, deflate, br
Accept-Language: ko,en-US;q=0.9,en;q=0.8
Cookie: io=PL7TK76OSCzqZRBSAAAC
2022-12-30 09:37:43.843 DEBUG - { httpRequestDescriptor='{ httpRequest='http://localhost:8080/favicon.ico GET', httpVersion='HTTP/1.1', requestLines='Host: localhost:8080
Connection: keep-alive
sec-ch-ua: " Not A;Brand";v="99", "Chromium";v="96", "Google Chrome";v="96"
sec-ch-ua-mobile: ?0
User-Agent: Mozilla/5.0 (Windows NT 10.0; Win64; x64) AppleWebKit/537.36 (KHTML, like Gecko) Chrome/96.0.4664.110 Safari/537.36
sec-ch-ua-platform: "Windows"
Accept: image/avif,image/webp,image/apng,image/svg+xml,image/*,*/*;q=0.8
Sec-Fetch-Site: same-origin
Sec-Fetch-Mode: no-cors
Sec-Fetch-Dest: image
Referer: http://localhost:8080/
Accept-Encoding: gzip, deflate, br
Accept-Language: ko,en-US;q=0.9,en;q=0.8
Cookie: io=PL7TK76OSCzqZRBSAAAC', requestType='GET', requestHost='localhost', reqHeader='{Cookie= io=PL7TK76OSCzqZRBSAAAC, Accept= image/avif,image/webp,image/apng,image/svg+xml,image/*,*/*;q=0.8, Connection= keep-alive, User-Agent= Mozilla/5.0 (Windows NT 10.0; Win64; x64) AppleWebKit/537.36 (KHTML, like Gecko) Chrome/96.0.4664.110 Safari/537.36, Referer= http://localhost:8080/, Sec-Fetch-Site= same-origin, Sec-Fetch-Dest= image, Host= localhost:8080, Accept-Encoding= gzip, deflate, br, @Client=localhost, Sec-Fetch-Mode= no-cors, sec-ch-ua= " Not A;Brand";v="99", "Chromium";v="96", "Google Chrome";v="96", sec-ch-ua-mobile= ?0, sec-ch-ua-platform= "Windows", Accept-Language= ko,en-US;q=0.9,en;q=0.8}', contentType='null', reqBody='null', contextPath='/favicon.ico', url='http://localhost:8080/favicon.ico', contextParam='{}'}', httpResponse='null', requestedHost='localhost', responseCode='404', responseBody='[B@51003bba', responseHeader='{Date: =Thu Dec 30 09:37:43 KST 2021, Server: =LeapWAS 1.0.0}'}
2022-12-30 09:37:43.886 INFO  - Client request accepted... : /127.0.0.1
2022-12-30 09:39:33.631 INFO  - Client request accepted... : /127.0.0.1
2022-12-30 09:39:33.633 INFO  - Client request accepted... : /127.0.0.1
2022-12-30 09:39:33.635 INFO  - GET /time/GetTime HTTP/1.1
2022-12-30 09:39:33.637 INFO  - Cookie= io=PL7TK76OSCzqZRBSAAAC
2022-12-30 09:39:33.638 INFO  - Accept= text/html,application/xhtml+xml,application/xml;q=0.9,image/avif,image/webp,image/apng,*/*;q=0.8,application/signed-exchange;v=b3;q=0.9
2022-12-30 09:39:33.639 INFO  - Connection= keep-alive
2022-12-30 09:39:33.639 INFO  - User-Agent= Mozilla/5.0 (Windows NT 10.0; Win64; x64) AppleWebKit/537.36 (KHTML, like Gecko) Chrome/96.0.4664.110 Safari/537.36
2022-12-30 09:39:33.640 INFO  - Sec-Fetch-Site= none
2022-12-30 09:39:33.641 INFO  - Sec-Fetch-Dest= document
2022-12-30 09:39:33.642 INFO  - Host= localhost:8080
2022-12-30 09:39:33.642 INFO  - Accept-Encoding= gzip, deflate, br
2022-12-30 09:39:33.643 INFO  - Sec-Fetch-Mode= navigate
2022-12-30 09:39:33.644 INFO  - sec-ch-ua= " Not A;Brand";v="99", "Chromium";v="96", "Google Chrome";v="96"
2022-12-30 09:39:33.645 INFO  - sec-ch-ua-mobile= ?0
2022-12-30 09:39:33.645 INFO  - Upgrade-Insecure-Requests= 1
2022-12-30 09:39:33.646 INFO  - sec-ch-ua-platform= "Windows"
2022-12-30 09:39:33.647 INFO  - Sec-Fetch-User= ?1
2022-12-30 09:39:33.647 INFO  - Accept-Language= ko,en-US;q=0.9,en;q=0.8
2022-12-30 09:39:33.647 DEBUG - Request host: localhost
2022-12-30 09:39:33.647 DEBUG - Host: localhost:8080
Connection: keep-alive
sec-ch-ua: " Not A;Brand";v="99", "Chromium";v="96", "Google Chrome";v="96"
sec-ch-ua-mobile: ?0
sec-ch-ua-platform: "Windows"
Upgrade-Insecure-Requests: 1
User-Agent: Mozilla/5.0 (Windows NT 10.0; Win64; x64) AppleWebKit/537.36 (KHTML, like Gecko) Chrome/96.0.4664.110 Safari/537.36
Accept: text/html,application/xhtml+xml,application/xml;q=0.9,image/avif,image/webp,image/apng,*/*;q=0.8,application/signed-exchange;v=b3;q=0.9
Sec-Fetch-Site: none
Sec-Fetch-Mode: navigate
Sec-Fetch-User: ?1
Sec-Fetch-Dest: document
Accept-Encoding: gzip, deflate, br
Accept-Language: ko,en-US;q=0.9,en;q=0.8
Cookie: io=PL7TK76OSCzqZRBSAAAC
2022-12-30 09:39:33.650 INFO  - getTime servlet started....+++++++++++++++++++++++++++++++++++++++++++++++++
2022-12-30 09:39:33.650 DEBUG - { httpRequestDescriptor='{ httpRequest='http://localhost:8080/time/GetTime GET', httpVersion='HTTP/1.1', requestLines='Host: localhost:8080
Connection: keep-alive
sec-ch-ua: " Not A;Brand";v="99", "Chromium";v="96", "Google Chrome";v="96"
sec-ch-ua-mobile: ?0
sec-ch-ua-platform: "Windows"
Upgrade-Insecure-Requests: 1
User-Agent: Mozilla/5.0 (Windows NT 10.0; Win64; x64) AppleWebKit/537.36 (KHTML, like Gecko) Chrome/96.0.4664.110 Safari/537.36
Accept: text/html,application/xhtml+xml,application/xml;q=0.9,image/avif,image/webp,image/apng,*/*;q=0.8,application/signed-exchange;v=b3;q=0.9
Sec-Fetch-Site: none
Sec-Fetch-Mode: navigate
Sec-Fetch-User: ?1
Sec-Fetch-Dest: document
Accept-Encoding: gzip, deflate, br
Accept-Language: ko,en-US;q=0.9,en;q=0.8
Cookie: io=PL7TK76OSCzqZRBSAAAC', requestType='GET', requestHost='localhost', reqHeader='{Cookie= io=PL7TK76OSCzqZRBSAAAC, Accept= text/html,application/xhtml+xml,application/xml;q=0.9,image/avif,image/webp,image/apng,*/*;q=0.8,application/signed-exchange;v=b3;q=0.9, Connection= keep-alive, User-Agent= Mozilla/5.0 (Windows NT 10.0; Win64; x64) AppleWebKit/537.36 (KHTML, like Gecko) Chrome/96.0.4664.110 Safari/537.36, Sec-Fetch-Site= none, Sec-Fetch-Dest= document, Host= localhost:8080, Accept-Encoding= gzip, deflate, br, @Client=localhost, Sec-Fetch-Mode= navigate, sec-ch-ua= " Not A;Brand";v="99", "Chromium";v="96", "Google Chrome";v="96", sec-ch-ua-mobile= ?0, Upgrade-Insecure-Requests= 1, sec-ch-ua-platform= "Windows", Sec-Fetch-User= ?1, Accept-Language= ko,en-US;q=0.9,en;q=0.8}', contentType='null', reqBody='null', contextPath='/time/GetTime', url='http://localhost:8080/time/GetTime', contextParam='{}'}', httpResponse='null', requestedHost='localhost', responseCode='200', responseBody='[B@511d262f', responseHeader='{Date: =Thu Dec 30 09:39:33 KST 2021, Server: =LeapWAS 1.0.0}'}
2022-12-30 09:39:33.897 INFO  - Client request accepted... : /127.0.0.1
