2022-02-22 17:27:20.895 INFO  - Leap WAS server starting......
2022-02-22 17:27:20.903 INFO  - --------------------------------------------------------------------------
2022-02-22 17:27:20.904 INFO  - ThreadPool initialized - CORE: 50 MAX: 50 KEEP-ALIVE WHEN IDLE(seconds): 30
2022-02-22 17:27:20.904 INFO  - verbose mode on
2022-02-22 17:27:20.914 INFO  - [DEFAULT HOST] - Protocol: HTTP_1_0   Server: leap   Host: www.leap.org   Port: 8080   Doc-Root: home   Logging path: logs/leap.log   Level: [DEBUG]
2022-02-22 17:27:20.925 INFO  - Add dynamic classpath to ClassLoader: file:/D:/0.github/Leap/./home/webapp/services/
2022-02-22 17:27:20.963 DEBUG - org.chaostocosmos.leap.http.services.LeapServiceDeploy@44a7bfbc : POST
2022-02-22 17:27:20.963 INFO  - Add service: org.chaostocosmos.leap.http.services.LeapServiceDeploy  Mapping path: /deploy/service/
2022-02-22 17:27:20.964 DEBUG - Method not mapped with MethodMapper: errorHandling
2022-02-22 17:27:20.965 DEBUG - org.chaostocosmos.leap.http.services.TimeServiceImpl@5136d012 : GET
2022-02-22 17:27:20.966 INFO  - Add service: org.chaostocosmos.leap.http.services.TimeServiceImpl  Mapping path: /time/GetTime
2022-02-22 17:27:20.969 DEBUG - Method not mapped with MethodMapper: errorHandling
2022-02-22 17:27:20.977 DEBUG - org.chaostocosmos.leap.http.services.LeapServiceDeploy@2892dae4 : POST
2022-02-22 17:27:20.978 INFO  - Add service: org.chaostocosmos.leap.http.services.LeapServiceDeploy  Mapping path: /deploy/service/
2022-02-22 17:27:20.979 DEBUG - Method not mapped with MethodMapper: errorHandling
2022-02-22 17:27:20.979 DEBUG - org.chaostocosmos.leap.http.services.TimeServiceImpl@355ce81c : GET
2022-02-22 17:27:20.979 INFO  - Add service: org.chaostocosmos.leap.http.services.TimeServiceImpl  Mapping path: /time/GetTime
2022-02-22 17:27:20.979 DEBUG - Method not mapped with MethodMapper: errorHandling
2022-02-22 17:27:20.979 INFO  - [VIRTUAL HOST] - Protocol: HTTP_1_0   Server: leap1   Host: aweSome   Port: 8080   Doc-Root: home1   Logging path: logs/leap.log   Level: [DEBUG]
2022-02-22 17:27:20.984 DEBUG - org.chaostocosmos.leap.http.services.LeapServiceDeploy@29647f75 : POST
2022-02-22 17:27:20.985 INFO  - Add service: org.chaostocosmos.leap.http.services.LeapServiceDeploy  Mapping path: /deploy/service/
2022-02-22 17:27:20.985 DEBUG - Method not mapped with MethodMapper: errorHandling
2022-02-22 17:27:20.986 DEBUG - org.chaostocosmos.leap.http.services.TimeServiceImpl@3315d2d7 : GET
2022-02-22 17:27:20.986 INFO  - Add service: org.chaostocosmos.leap.http.services.TimeServiceImpl  Mapping path: /time/GetTime
2022-02-22 17:27:20.986 DEBUG - Method not mapped with MethodMapper: errorHandling
2022-02-22 17:27:20.986 INFO  - [VIRTUAL HOST] - Protocol: HTTP_1_0   Server: leap2   Host: www.leap1.org   Port: 8081   Doc-Root: home2   Logging path: logs/leap.log   Level: [DEBUG]
2022-02-22 17:27:20.986 INFO  - --------------------------------------------------------------------------2
2022-02-22 17:27:20.990 INFO  - [HTTP SERVER START] www.leap1.org/127.0.0.1:8081
2022-02-22 17:27:20.990 INFO  - [HTTP SERVER START] aweSome/127.0.0.1:8080
2022-02-22 17:28:07.957 INFO  - Leap WAS server starting......
2022-02-22 17:28:07.961 INFO  - --------------------------------------------------------------------------
2022-02-22 17:28:07.961 INFO  - ThreadPool initialized - CORE: 50 MAX: 50 KEEP-ALIVE WHEN IDLE(seconds): 30
2022-02-22 17:28:07.962 INFO  - verbose mode on
2022-02-22 17:28:07.963 INFO  - [DEFAULT HOST] - Protocol: HTTP_1_0   Server: leap   Host: www.leap.org   Port: 8080   Doc-Root: home   Logging path: logs/leap.log   Level: [DEBUG]
2022-02-22 17:28:07.971 INFO  - Add dynamic classpath to ClassLoader: file:/D:/0.github/Leap/./home/webapp/services/
2022-02-22 17:28:08.023 DEBUG - Method not mapped with MethodMapper: errorHandling
2022-02-22 17:28:08.029 DEBUG - org.chaostocosmos.leap.http.services.LeapServiceDeploy@1356d4d4 : POST
2022-02-22 17:28:08.030 INFO  - Add service: org.chaostocosmos.leap.http.services.LeapServiceDeploy  Mapping path: /deploy/service/
2022-02-22 17:28:08.035 DEBUG - org.chaostocosmos.leap.http.services.TimeServiceImpl@4f67eb2a : GET
2022-02-22 17:28:08.035 INFO  - Add service: org.chaostocosmos.leap.http.services.TimeServiceImpl  Mapping path: /time/GetTime
2022-02-22 17:28:08.036 DEBUG - Method not mapped with MethodMapper: errorHandling
2022-02-22 17:28:08.047 DEBUG - Method not mapped with MethodMapper: errorHandling
2022-02-22 17:28:08.049 DEBUG - org.chaostocosmos.leap.http.services.LeapServiceDeploy@6c779568 : POST
2022-02-22 17:28:08.050 INFO  - Add service: org.chaostocosmos.leap.http.services.LeapServiceDeploy  Mapping path: /deploy/service/
2022-02-22 17:28:08.051 DEBUG - org.chaostocosmos.leap.http.services.TimeServiceImpl@f381794 : GET
2022-02-22 17:28:08.051 INFO  - Add service: org.chaostocosmos.leap.http.services.TimeServiceImpl  Mapping path: /time/GetTime
2022-02-22 17:28:08.051 DEBUG - Method not mapped with MethodMapper: errorHandling
2022-02-22 17:28:08.052 INFO  - [VIRTUAL HOST] - Protocol: HTTP_1_0   Server: leap1   Host: aweSome   Port: 8080   Doc-Root: home1   Logging path: logs/leap.log   Level: [DEBUG]
2022-02-22 17:28:08.062 DEBUG - Method not mapped with MethodMapper: errorHandling
2022-02-22 17:28:08.064 DEBUG - org.chaostocosmos.leap.http.services.LeapServiceDeploy@2cdd0d4b : POST
2022-02-22 17:28:08.064 INFO  - Add service: org.chaostocosmos.leap.http.services.LeapServiceDeploy  Mapping path: /deploy/service/
2022-02-22 17:28:08.065 DEBUG - org.chaostocosmos.leap.http.services.TimeServiceImpl@7e9131d5 : GET
2022-02-22 17:28:08.066 INFO  - Add service: org.chaostocosmos.leap.http.services.TimeServiceImpl  Mapping path: /time/GetTime
2022-02-22 17:28:08.066 DEBUG - Method not mapped with MethodMapper: errorHandling
2022-02-22 17:28:08.066 INFO  - [VIRTUAL HOST] - Protocol: HTTP_1_0   Server: leap2   Host: www.leap1.org   Port: 8081   Doc-Root: home2   Logging path: logs/leap.log   Level: [DEBUG]
2022-02-22 17:28:08.067 INFO  - --------------------------------------------------------------------------2
2022-02-22 17:28:08.070 INFO  - [HTTP SERVER START] aweSome/127.0.0.1:8080
2022-02-22 17:28:08.070 INFO  - [HTTP SERVER START] www.leap1.org/127.0.0.1:8081
2022-02-22 17:28:39.051 INFO  - [CLIENT DETECTED]: aweSome:8080  Client request accepted....../127.0.0.1  ---  55791
2022-02-22 17:28:39.054 INFO  - [CLIENT DETECTED]: aweSome:8080  Client request accepted....../127.0.0.1  ---  55792
2022-02-22 17:28:47.284 INFO  - [CLIENT DETECTED]: aweSome:8080  Client request accepted....../127.0.0.1  ---  55794
2022-02-22 17:28:47.285 INFO  - [CLIENT DETECTED]: aweSome:8080  Client request accepted....../127.0.0.1  ---  55795
2022-02-22 17:28:47.286 DEBUG - ------------------------------ REQ: GET / HTTP/1.1 ------------------------------
Host: www.leap.org:8080
Connection: keep-alive
Upgrade-Insecure-Requests: 1
User-Agent: Mozilla/5.0 (Windows NT 10.0; Win64; x64) AppleWebKit/537.36 (KHTML, like Gecko) Chrome/98.0.4758.102 Safari/537.36
Accept: text/html,application/xhtml+xml,application/xml;q=0.9,image/avif,image/webp,image/apng,*/*;q=0.8,application/signed-exchange;v=b3;q=0.9
Accept-Encoding: gzip, deflate
Accept-Language: ko,en-US;q=0.9,en;q=0.8
2022-02-22 17:28:47.288 DEBUG - REQUEST CONTEXT: /   PATH: .\home\webapp\WEB-INF\static
2022-02-22 17:28:47.289 DEBUG - REQUEST RESOURCE: index.html   PATH: .\home\webapp\WEB-INF\static
2022-02-22 17:28:47.290 DEBUG - ============================== RES : HTTP_1_0 200 OK - /127.0.0.1:55794 ==============================
RES CODE: 200
Content-Length: [231]
Content-Type: [TEXT_HTML]
2022-02-22 17:28:47.464 DEBUG - ------------------------------ REQ: GET /favicon.ico HTTP/1.1 ------------------------------
Host: www.leap.org:8080
Connection: keep-alive
User-Agent: Mozilla/5.0 (Windows NT 10.0; Win64; x64) AppleWebKit/537.36 (KHTML, like Gecko) Chrome/98.0.4758.102 Safari/537.36
Accept: image/avif,image/webp,image/apng,image/svg+xml,image/*,*/*;q=0.8
Referer: http://www.leap.org:8080/
Accept-Encoding: gzip, deflate
Accept-Language: ko,en-US;q=0.9,en;q=0.8
2022-02-22 17:28:47.465 DEBUG - REQUEST CONTEXT: /favicon.ico   PATH: .\home\webapp\WEB-INF\static
2022-02-22 17:28:47.467 DEBUG - DOWNLOAD RESOURCE MIME-TYPE: image/x-icon
2022-02-22 17:28:47.468 DEBUG - ============================== RES : HTTP_1_0 200 OK - /127.0.0.1:55795 ==============================
RES CODE: 200
Content-Length: [1150]
Content-Type: [image/x-icon]
