2022-01-03 17:15:54.702 INFO  - Leap WAS server starting...
2022-01-03 17:15:54.709 INFO  - --------------------------------------------------------------------------
2022-01-03 17:15:54.710 INFO  - ThreadPool initialized - CORE: 50 MAX: 50 KEEP-ALIVE WHEN IDLE(seconds): 30
2022-01-03 17:15:54.711 INFO  - verbose mode on
2022-01-03 17:15:54.751 INFO  - Add service: org.chaostocosmos.leap.http.service.TimeServiceImpl  Mapping path: /time/GetTime
2022-01-03 17:15:54.751 DEBUG - Method not mapping with MethodMapper annotation: serveGet
2022-01-03 17:15:54.751 DEBUG - Method not mapping with MethodMapper annotation: serveDelete
2022-01-03 17:15:54.753 DEBUG - Method not mapping with MethodMapper annotation: servePost
2022-01-03 17:15:54.753 DEBUG - Method not mapping with MethodMapper annotation: servePut
2022-01-03 17:15:54.753 DEBUG - Method not mapping with MethodMapper annotation: setFilters
2022-01-03 17:15:54.753 DEBUG - Method not mapping with MethodMapper annotation: serve
2022-01-03 17:15:54.754 INFO  - Default host added - Server: leap   Host: localhost   Port: 8080   Doc-Root: home   Logging path: logs/leap.log   Level: [DEBUG]
2022-01-03 17:15:54.756 INFO  - Virtual host added - Server: leap1   Host: 127.0.0.1   Port: 8080   Doc-Root: home1   Logging path: logs/leap.log   Level: [DEBUG]
2022-01-03 17:15:54.761 INFO  - Add service: org.chaostocosmos.leap.http.service.TimeServiceImpl  Mapping path: /time/GetTime
2022-01-03 17:15:54.761 DEBUG - Method not mapping with MethodMapper annotation: serveGet
2022-01-03 17:15:54.761 DEBUG - Method not mapping with MethodMapper annotation: serveDelete
2022-01-03 17:15:54.761 DEBUG - Method not mapping with MethodMapper annotation: servePost
2022-01-03 17:15:54.762 DEBUG - Method not mapping with MethodMapper annotation: servePut
2022-01-03 17:15:54.762 DEBUG - Method not mapping with MethodMapper annotation: setFilters
2022-01-03 17:15:54.762 DEBUG - Method not mapping with MethodMapper annotation: serve
2022-01-03 17:15:54.762 INFO  - Virtual host added - Server: leap2   Host: 192.168.1.60   Port: 8082   Doc-Root: home2   Logging path: logs/leap.log   Level: [DEBUG]
2022-01-03 17:15:54.767 INFO  - Accepting connections on port 8082
2022-01-03 17:15:54.771 INFO  - Accepting connections on port 8080
2022-01-03 17:15:57.636 INFO  - Client request accepted... : /127.0.0.1
2022-01-03 17:15:57.687 DEBUG - Request host: localhost
2022-01-03 17:15:57.688 DEBUG - Accept: */*
User-Agent: PostmanRuntime/7.28.4
Connection: keep-alive
Postman-Token: 82e7e6a9-76f2-4a2e-92ee-4e872327312c
Host: localhost:8080
Accept-Encoding: gzip, deflate, br
Content-Length: 1724
@Client: localhost
Content-Type: multipart/form-data; boundary=--------------------------534881940875446229873328
2022-01-03 17:15:57.690 DEBUG - .\home\webapp\WEB-INF\static\index.html   index.html   .\home\webapp\WEB-INF\static
2022-01-03 17:15:57.704 DEBUG - { httpRequestDescriptor='{ httpRequest='http://localhost:8080/ GET', httpVersion='HTTP/1.1', requestType='GET', requestedHost='localhost', reqHeader='{Accept=*/*, User-Agent=PostmanRuntime/7.28.4, Connection=keep-alive, Postman-Token=82e7e6a9-76f2-4a2e-92ee-4e872327312c, Host=localhost:8080, Accept-Encoding=gzip, deflate, br, Content-Length=1724, @Client=localhost, Content-Type=multipart/form-data; boundary=--------------------------534881940875446229873328}', contentType='multipart/form-data', reqBody='null', contextPath='/', url='http://localhost:8080/', contextParam='{}', multipartList='org.chaostocosmos.leap.http.HttpRequestDescriptor$MultipartDescriptor@5276c8ae'}', httpResponse='null', requestedHost='localhost', responseCode='200', responseBody='[B@738aecb7', responseHeader='{Server=LeapWAS 1.0.0, Date=Mon Jan 03 17:15:57 KST 2022}'}
2022-01-03 17:17:26.197 INFO  - Client request accepted... : /127.0.0.1
2022-01-03 17:17:26.210 DEBUG - Request host: localhost
2022-01-03 17:17:26.211 DEBUG - Accept: */*
User-Agent: PostmanRuntime/7.28.4
Connection: keep-alive
Postman-Token: 0662fe7c-c87d-40a3-8aa8-84f471c12f1e
Host: localhost:8080
Accept-Encoding: gzip, deflate, br
Content-Length: 2478
@Client: localhost
Content-Type: multipart/form-data; boundary=--------------------------824777024026137414910148
2022-01-03 17:17:26.213 DEBUG - .\home\webapp\WEB-INF\static\index.html   index.html   .\home\webapp\WEB-INF\static
2022-01-03 17:17:26.215 DEBUG - { httpRequestDescriptor='{ httpRequest='http://localhost:8080/ GET', httpVersion='HTTP/1.1', requestType='GET', requestedHost='localhost', reqHeader='{Accept=*/*, User-Agent=PostmanRuntime/7.28.4, Connection=keep-alive, Postman-Token=0662fe7c-c87d-40a3-8aa8-84f471c12f1e, Host=localhost:8080, Accept-Encoding=gzip, deflate, br, Content-Length=2478, @Client=localhost, Content-Type=multipart/form-data; boundary=--------------------------824777024026137414910148}', contentType='multipart/form-data', reqBody='null', contextPath='/', url='http://localhost:8080/', contextParam='{}', multipartList='org.chaostocosmos.leap.http.HttpRequestDescriptor$MultipartDescriptor@65c09e90'}', httpResponse='null', requestedHost='localhost', responseCode='200', responseBody='[B@6b076c58', responseHeader='{Server=LeapWAS 1.0.0, Date=Mon Jan 03 17:17:26 KST 2022}'}
2022-01-03 17:18:00.107 INFO  - Client request accepted... : /127.0.0.1
2022-01-03 17:18:11.463 INFO  - Leap WAS server starting...
2022-01-03 17:18:11.466 INFO  - --------------------------------------------------------------------------
2022-01-03 17:18:11.467 INFO  - ThreadPool initialized - CORE: 50 MAX: 50 KEEP-ALIVE WHEN IDLE(seconds): 30
2022-01-03 17:18:11.467 INFO  - verbose mode on
2022-01-03 17:18:11.507 INFO  - Add service: org.chaostocosmos.leap.http.service.TimeServiceImpl  Mapping path: /time/GetTime
2022-01-03 17:18:11.508 DEBUG - Method not mapping with MethodMapper annotation: setFilters
2022-01-03 17:18:11.510 DEBUG - Method not mapping with MethodMapper annotation: serve
2022-01-03 17:18:11.510 DEBUG - Method not mapping with MethodMapper annotation: serveGet
2022-01-03 17:18:11.510 DEBUG - Method not mapping with MethodMapper annotation: servePost
2022-01-03 17:18:11.511 DEBUG - Method not mapping with MethodMapper annotation: serveDelete
2022-01-03 17:18:11.511 DEBUG - Method not mapping with MethodMapper annotation: servePut
2022-01-03 17:18:11.511 INFO  - Default host added - Server: leap   Host: localhost   Port: 8080   Doc-Root: home   Logging path: logs/leap.log   Level: [DEBUG]
2022-01-03 17:18:11.511 INFO  - Virtual host added - Server: leap1   Host: 127.0.0.1   Port: 8080   Doc-Root: home1   Logging path: logs/leap.log   Level: [DEBUG]
2022-01-03 17:18:11.519 INFO  - Add service: org.chaostocosmos.leap.http.service.TimeServiceImpl  Mapping path: /time/GetTime
2022-01-03 17:18:11.520 DEBUG - Method not mapping with MethodMapper annotation: setFilters
2022-01-03 17:18:11.520 DEBUG - Method not mapping with MethodMapper annotation: serve
2022-01-03 17:18:11.520 DEBUG - Method not mapping with MethodMapper annotation: serveGet
2022-01-03 17:18:11.521 DEBUG - Method not mapping with MethodMapper annotation: servePost
2022-01-03 17:18:11.521 DEBUG - Method not mapping with MethodMapper annotation: serveDelete
2022-01-03 17:18:11.521 DEBUG - Method not mapping with MethodMapper annotation: servePut
2022-01-03 17:18:11.521 INFO  - Virtual host added - Server: leap2   Host: 192.168.1.60   Port: 8082   Doc-Root: home2   Logging path: logs/leap.log   Level: [DEBUG]
2022-01-03 17:18:11.528 INFO  - Accepting connections on port 8082
2022-01-03 17:18:11.533 INFO  - Accepting connections on port 8080
2022-01-03 17:18:17.214 INFO  - Client request accepted... : /127.0.0.1
2022-01-03 17:19:35.909 INFO  - Leap WAS server starting...
2022-01-03 17:19:35.912 INFO  - --------------------------------------------------------------------------
2022-01-03 17:19:35.913 INFO  - ThreadPool initialized - CORE: 50 MAX: 50 KEEP-ALIVE WHEN IDLE(seconds): 30
2022-01-03 17:19:35.914 INFO  - verbose mode on
2022-01-03 17:19:35.970 INFO  - Add service: org.chaostocosmos.leap.http.service.TimeServiceImpl  Mapping path: /time/GetTime
2022-01-03 17:19:35.970 DEBUG - Method not mapping with MethodMapper annotation: serve
2022-01-03 17:19:35.971 DEBUG - Method not mapping with MethodMapper annotation: setFilters
2022-01-03 17:19:35.971 DEBUG - Method not mapping with MethodMapper annotation: serveDelete
2022-01-03 17:19:35.972 DEBUG - Method not mapping with MethodMapper annotation: servePost
2022-01-03 17:19:35.972 DEBUG - Method not mapping with MethodMapper annotation: serveGet
2022-01-03 17:19:35.972 DEBUG - Method not mapping with MethodMapper annotation: servePut
2022-01-03 17:19:35.972 INFO  - Default host added - Server: leap   Host: localhost   Port: 8080   Doc-Root: home   Logging path: logs/leap.log   Level: [DEBUG]
2022-01-03 17:19:35.974 INFO  - Virtual host added - Server: leap1   Host: 127.0.0.1   Port: 8080   Doc-Root: home1   Logging path: logs/leap.log   Level: [DEBUG]
2022-01-03 17:19:35.983 INFO  - Add service: org.chaostocosmos.leap.http.service.TimeServiceImpl  Mapping path: /time/GetTime
2022-01-03 17:19:35.983 DEBUG - Method not mapping with MethodMapper annotation: serve
2022-01-03 17:19:35.984 DEBUG - Method not mapping with MethodMapper annotation: setFilters
2022-01-03 17:19:35.984 DEBUG - Method not mapping with MethodMapper annotation: serveDelete
2022-01-03 17:19:35.984 DEBUG - Method not mapping with MethodMapper annotation: servePost
2022-01-03 17:19:35.985 DEBUG - Method not mapping with MethodMapper annotation: serveGet
2022-01-03 17:19:35.985 DEBUG - Method not mapping with MethodMapper annotation: servePut
2022-01-03 17:19:35.985 INFO  - Virtual host added - Server: leap2   Host: 192.168.1.60   Port: 8082   Doc-Root: home2   Logging path: logs/leap.log   Level: [DEBUG]
2022-01-03 17:19:35.990 INFO  - Accepting connections on port 8082
2022-01-03 17:19:35.994 INFO  - Accepting connections on port 8080
2022-01-03 17:19:38.975 INFO  - Client request accepted... : /127.0.0.1
2022-01-03 17:21:01.935 INFO  - Leap WAS server starting...
2022-01-03 17:21:01.939 INFO  - --------------------------------------------------------------------------
2022-01-03 17:21:01.939 INFO  - ThreadPool initialized - CORE: 50 MAX: 50 KEEP-ALIVE WHEN IDLE(seconds): 30
2022-01-03 17:21:01.939 INFO  - verbose mode on
2022-01-03 17:21:01.979 INFO  - Add service: org.chaostocosmos.leap.http.service.TimeServiceImpl  Mapping path: /time/GetTime
2022-01-03 17:21:01.981 DEBUG - Method not mapping with MethodMapper annotation: serve
2022-01-03 17:21:01.981 DEBUG - Method not mapping with MethodMapper annotation: setFilters
2022-01-03 17:21:01.981 DEBUG - Method not mapping with MethodMapper annotation: serveGet
2022-01-03 17:21:01.982 DEBUG - Method not mapping with MethodMapper annotation: serveDelete
2022-01-03 17:21:01.982 DEBUG - Method not mapping with MethodMapper annotation: servePost
2022-01-03 17:21:01.982 DEBUG - Method not mapping with MethodMapper annotation: servePut
2022-01-03 17:21:01.982 INFO  - Default host added - Server: leap   Host: localhost   Port: 8080   Doc-Root: home   Logging path: logs/leap.log   Level: [DEBUG]
2022-01-03 17:21:01.984 INFO  - Virtual host added - Server: leap1   Host: 127.0.0.1   Port: 8080   Doc-Root: home1   Logging path: logs/leap.log   Level: [DEBUG]
2022-01-03 17:21:01.993 INFO  - Add service: org.chaostocosmos.leap.http.service.TimeServiceImpl  Mapping path: /time/GetTime
2022-01-03 17:21:01.993 DEBUG - Method not mapping with MethodMapper annotation: serve
2022-01-03 17:21:01.993 DEBUG - Method not mapping with MethodMapper annotation: setFilters
2022-01-03 17:21:01.994 DEBUG - Method not mapping with MethodMapper annotation: serveGet
2022-01-03 17:21:01.995 DEBUG - Method not mapping with MethodMapper annotation: serveDelete
2022-01-03 17:21:01.995 DEBUG - Method not mapping with MethodMapper annotation: servePost
2022-01-03 17:21:01.995 DEBUG - Method not mapping with MethodMapper annotation: servePut
2022-01-03 17:21:01.995 INFO  - Virtual host added - Server: leap2   Host: 192.168.1.60   Port: 8082   Doc-Root: home2   Logging path: logs/leap.log   Level: [DEBUG]
2022-01-03 17:21:02.000 INFO  - Accepting connections on port 8082
2022-01-03 17:21:02.005 INFO  - Accepting connections on port 8080
2022-01-03 17:21:04.433 INFO  - Client request accepted... : /127.0.0.1
2022-01-03 17:22:22.087 INFO  - Leap WAS server starting...
2022-01-03 17:22:22.090 INFO  - --------------------------------------------------------------------------
2022-01-03 17:22:22.090 INFO  - ThreadPool initialized - CORE: 50 MAX: 50 KEEP-ALIVE WHEN IDLE(seconds): 30
2022-01-03 17:22:22.090 INFO  - verbose mode on
2022-01-03 17:22:22.128 INFO  - Add service: org.chaostocosmos.leap.http.service.TimeServiceImpl  Mapping path: /time/GetTime
2022-01-03 17:22:22.128 DEBUG - Method not mapping with MethodMapper annotation: serve
2022-01-03 17:22:22.128 DEBUG - Method not mapping with MethodMapper annotation: setFilters
2022-01-03 17:22:22.129 DEBUG - Method not mapping with MethodMapper annotation: servePost
2022-01-03 17:22:22.129 DEBUG - Method not mapping with MethodMapper annotation: servePut
2022-01-03 17:22:22.130 DEBUG - Method not mapping with MethodMapper annotation: serveGet
2022-01-03 17:22:22.130 DEBUG - Method not mapping with MethodMapper annotation: serveDelete
2022-01-03 17:22:22.130 INFO  - Default host added - Server: leap   Host: localhost   Port: 8080   Doc-Root: home   Logging path: logs/leap.log   Level: [DEBUG]
2022-01-03 17:22:22.132 INFO  - Virtual host added - Server: leap1   Host: 127.0.0.1   Port: 8080   Doc-Root: home1   Logging path: logs/leap.log   Level: [DEBUG]
2022-01-03 17:22:22.142 INFO  - Add service: org.chaostocosmos.leap.http.service.TimeServiceImpl  Mapping path: /time/GetTime
2022-01-03 17:22:22.143 DEBUG - Method not mapping with MethodMapper annotation: serve
2022-01-03 17:22:22.143 DEBUG - Method not mapping with MethodMapper annotation: setFilters
2022-01-03 17:22:22.144 DEBUG - Method not mapping with MethodMapper annotation: servePost
2022-01-03 17:22:22.144 DEBUG - Method not mapping with MethodMapper annotation: servePut
2022-01-03 17:22:22.144 DEBUG - Method not mapping with MethodMapper annotation: serveGet
2022-01-03 17:22:22.145 DEBUG - Method not mapping with MethodMapper annotation: serveDelete
2022-01-03 17:22:22.145 INFO  - Virtual host added - Server: leap2   Host: 192.168.1.60   Port: 8082   Doc-Root: home2   Logging path: logs/leap.log   Level: [DEBUG]
2022-01-03 17:22:22.150 INFO  - Accepting connections on port 8082
2022-01-03 17:22:22.154 INFO  - Accepting connections on port 8080
2022-01-03 17:22:26.515 INFO  - Client request accepted... : /127.0.0.1
2022-01-03 17:23:08.840 INFO  - Leap WAS server starting...
2022-01-03 17:23:08.843 INFO  - --------------------------------------------------------------------------
2022-01-03 17:23:08.843 INFO  - ThreadPool initialized - CORE: 50 MAX: 50 KEEP-ALIVE WHEN IDLE(seconds): 30
2022-01-03 17:23:08.844 INFO  - verbose mode on
2022-01-03 17:23:08.895 INFO  - Add service: org.chaostocosmos.leap.http.service.TimeServiceImpl  Mapping path: /time/GetTime
2022-01-03 17:23:08.895 DEBUG - Method not mapping with MethodMapper annotation: serve
2022-01-03 17:23:08.896 DEBUG - Method not mapping with MethodMapper annotation: setFilters
2022-01-03 17:23:08.896 DEBUG - Method not mapping with MethodMapper annotation: serveDelete
2022-01-03 17:23:08.896 DEBUG - Method not mapping with MethodMapper annotation: servePost
2022-01-03 17:23:08.896 DEBUG - Method not mapping with MethodMapper annotation: serveGet
2022-01-03 17:23:08.897 DEBUG - Method not mapping with MethodMapper annotation: servePut
2022-01-03 17:23:08.897 INFO  - Default host added - Server: leap   Host: localhost   Port: 8080   Doc-Root: home   Logging path: logs/leap.log   Level: [DEBUG]
2022-01-03 17:23:08.901 INFO  - Virtual host added - Server: leap1   Host: 127.0.0.1   Port: 8080   Doc-Root: home1   Logging path: logs/leap.log   Level: [DEBUG]
2022-01-03 17:23:08.906 INFO  - Add service: org.chaostocosmos.leap.http.service.TimeServiceImpl  Mapping path: /time/GetTime
2022-01-03 17:23:08.906 DEBUG - Method not mapping with MethodMapper annotation: serve
2022-01-03 17:23:08.906 DEBUG - Method not mapping with MethodMapper annotation: setFilters
2022-01-03 17:23:08.907 DEBUG - Method not mapping with MethodMapper annotation: serveDelete
2022-01-03 17:23:08.907 DEBUG - Method not mapping with MethodMapper annotation: servePost
2022-01-03 17:23:08.907 DEBUG - Method not mapping with MethodMapper annotation: serveGet
2022-01-03 17:23:08.907 DEBUG - Method not mapping with MethodMapper annotation: servePut
2022-01-03 17:23:08.907 INFO  - Virtual host added - Server: leap2   Host: 192.168.1.60   Port: 8082   Doc-Root: home2   Logging path: logs/leap.log   Level: [DEBUG]
2022-01-03 17:23:08.911 INFO  - Accepting connections on port 8082
2022-01-03 17:23:08.916 INFO  - Accepting connections on port 8080
2022-01-03 17:23:11.122 INFO  - Client request accepted... : /127.0.0.1
2022-01-03 17:26:45.422 INFO  - Leap WAS server starting...
2022-01-03 17:26:45.425 INFO  - --------------------------------------------------------------------------
2022-01-03 17:26:45.425 INFO  - ThreadPool initialized - CORE: 50 MAX: 50 KEEP-ALIVE WHEN IDLE(seconds): 30
2022-01-03 17:26:45.426 INFO  - verbose mode on
2022-01-03 17:26:45.466 INFO  - Add service: org.chaostocosmos.leap.http.service.TimeServiceImpl  Mapping path: /time/GetTime
2022-01-03 17:26:45.467 DEBUG - Method not mapping with MethodMapper annotation: servePost
2022-01-03 17:26:45.467 DEBUG - Method not mapping with MethodMapper annotation: serveDelete
2022-01-03 17:26:45.467 DEBUG - Method not mapping with MethodMapper annotation: serveGet
2022-01-03 17:26:45.468 DEBUG - Method not mapping with MethodMapper annotation: servePut
2022-01-03 17:26:45.468 DEBUG - Method not mapping with MethodMapper annotation: serve
2022-01-03 17:26:45.469 DEBUG - Method not mapping with MethodMapper annotation: setFilters
2022-01-03 17:26:45.469 INFO  - Default host added - Server: leap   Host: localhost   Port: 8080   Doc-Root: home   Logging path: logs/leap.log   Level: [DEBUG]
2022-01-03 17:26:45.495 INFO  - Virtual host added - Server: leap1   Host: 127.0.0.1   Port: 8080   Doc-Root: home1   Logging path: logs/leap.log   Level: [DEBUG]
2022-01-03 17:26:45.502 INFO  - Add service: org.chaostocosmos.leap.http.service.TimeServiceImpl  Mapping path: /time/GetTime
2022-01-03 17:26:45.503 DEBUG - Method not mapping with MethodMapper annotation: servePost
2022-01-03 17:26:45.503 DEBUG - Method not mapping with MethodMapper annotation: serveDelete
2022-01-03 17:26:45.504 DEBUG - Method not mapping with MethodMapper annotation: serveGet
2022-01-03 17:26:45.504 DEBUG - Method not mapping with MethodMapper annotation: servePut
2022-01-03 17:26:45.504 DEBUG - Method not mapping with MethodMapper annotation: serve
2022-01-03 17:26:45.505 DEBUG - Method not mapping with MethodMapper annotation: setFilters
2022-01-03 17:26:45.505 INFO  - Virtual host added - Server: leap2   Host: 192.168.1.60   Port: 8082   Doc-Root: home2   Logging path: logs/leap.log   Level: [DEBUG]
2022-01-03 17:26:45.511 INFO  - Accepting connections on port 8082
2022-01-03 17:26:45.515 INFO  - Accepting connections on port 8080
2022-01-03 17:26:47.966 INFO  - Client request accepted... : /127.0.0.1
2022-01-03 17:28:04.729 INFO  - Leap WAS server starting...
2022-01-03 17:28:04.732 INFO  - --------------------------------------------------------------------------
2022-01-03 17:28:04.733 INFO  - ThreadPool initialized - CORE: 50 MAX: 50 KEEP-ALIVE WHEN IDLE(seconds): 30
2022-01-03 17:28:04.733 INFO  - verbose mode on
2022-01-03 17:28:04.779 INFO  - Add service: org.chaostocosmos.leap.http.service.TimeServiceImpl  Mapping path: /time/GetTime
2022-01-03 17:28:04.780 DEBUG - Method not mapping with MethodMapper annotation: setFilters
2022-01-03 17:28:04.780 DEBUG - Method not mapping with MethodMapper annotation: serve
2022-01-03 17:28:04.781 DEBUG - Method not mapping with MethodMapper annotation: servePut
2022-01-03 17:28:04.781 DEBUG - Method not mapping with MethodMapper annotation: serveDelete
2022-01-03 17:28:04.781 DEBUG - Method not mapping with MethodMapper annotation: serveGet
2022-01-03 17:28:04.781 DEBUG - Method not mapping with MethodMapper annotation: servePost
2022-01-03 17:28:04.782 INFO  - Default host added - Server: leap   Host: localhost   Port: 8080   Doc-Root: home   Logging path: logs/leap.log   Level: [DEBUG]
2022-01-03 17:28:04.784 INFO  - Virtual host added - Server: leap1   Host: 127.0.0.1   Port: 8080   Doc-Root: home1   Logging path: logs/leap.log   Level: [DEBUG]
2022-01-03 17:28:04.795 INFO  - Add service: org.chaostocosmos.leap.http.service.TimeServiceImpl  Mapping path: /time/GetTime
2022-01-03 17:28:04.795 DEBUG - Method not mapping with MethodMapper annotation: setFilters
2022-01-03 17:28:04.795 DEBUG - Method not mapping with MethodMapper annotation: serve
2022-01-03 17:28:04.796 DEBUG - Method not mapping with MethodMapper annotation: servePut
2022-01-03 17:28:04.796 DEBUG - Method not mapping with MethodMapper annotation: serveDelete
2022-01-03 17:28:04.797 DEBUG - Method not mapping with MethodMapper annotation: serveGet
2022-01-03 17:28:04.797 DEBUG - Method not mapping with MethodMapper annotation: servePost
2022-01-03 17:28:04.797 INFO  - Virtual host added - Server: leap2   Host: 192.168.1.60   Port: 8082   Doc-Root: home2   Logging path: logs/leap.log   Level: [DEBUG]
2022-01-03 17:28:04.804 INFO  - Accepting connections on port 8082
2022-01-03 17:28:04.808 INFO  - Accepting connections on port 8080
2022-01-03 17:28:07.533 INFO  - Client request accepted... : /127.0.0.1
2022-01-03 17:28:38.702 INFO  - Leap WAS server starting...
2022-01-03 17:28:38.705 INFO  - --------------------------------------------------------------------------
2022-01-03 17:28:38.705 INFO  - ThreadPool initialized - CORE: 50 MAX: 50 KEEP-ALIVE WHEN IDLE(seconds): 30
2022-01-03 17:28:38.706 INFO  - verbose mode on
2022-01-03 17:28:38.739 INFO  - Add service: org.chaostocosmos.leap.http.service.TimeServiceImpl  Mapping path: /time/GetTime
2022-01-03 17:28:38.740 DEBUG - Method not mapping with MethodMapper annotation: setFilters
2022-01-03 17:28:38.740 DEBUG - Method not mapping with MethodMapper annotation: serve
2022-01-03 17:28:38.742 DEBUG - Method not mapping with MethodMapper annotation: serveGet
2022-01-03 17:28:38.742 DEBUG - Method not mapping with MethodMapper annotation: servePost
2022-01-03 17:28:38.742 DEBUG - Method not mapping with MethodMapper annotation: serveDelete
2022-01-03 17:28:38.742 DEBUG - Method not mapping with MethodMapper annotation: servePut
2022-01-03 17:28:38.743 INFO  - Default host added - Server: leap   Host: localhost   Port: 8080   Doc-Root: home   Logging path: logs/leap.log   Level: [DEBUG]
2022-01-03 17:28:38.745 INFO  - Virtual host added - Server: leap1   Host: 127.0.0.1   Port: 8080   Doc-Root: home1   Logging path: logs/leap.log   Level: [DEBUG]
2022-01-03 17:28:38.751 INFO  - Add service: org.chaostocosmos.leap.http.service.TimeServiceImpl  Mapping path: /time/GetTime
2022-01-03 17:28:38.751 DEBUG - Method not mapping with MethodMapper annotation: setFilters
2022-01-03 17:28:38.751 DEBUG - Method not mapping with MethodMapper annotation: serve
2022-01-03 17:28:38.752 DEBUG - Method not mapping with MethodMapper annotation: serveGet
2022-01-03 17:28:38.752 DEBUG - Method not mapping with MethodMapper annotation: servePost
2022-01-03 17:28:38.752 DEBUG - Method not mapping with MethodMapper annotation: serveDelete
2022-01-03 17:28:38.753 DEBUG - Method not mapping with MethodMapper annotation: servePut
2022-01-03 17:28:38.753 INFO  - Virtual host added - Server: leap2   Host: 192.168.1.60   Port: 8082   Doc-Root: home2   Logging path: logs/leap.log   Level: [DEBUG]
2022-01-03 17:28:38.759 INFO  - Accepting connections on port 8082
2022-01-03 17:28:38.764 INFO  - Accepting connections on port 8080
2022-01-03 17:28:40.826 INFO  - Client request accepted... : /127.0.0.1
2022-01-03 17:31:00.787 INFO  - Leap WAS server starting...
2022-01-03 17:31:00.790 INFO  - --------------------------------------------------------------------------
2022-01-03 17:31:00.790 INFO  - ThreadPool initialized - CORE: 50 MAX: 50 KEEP-ALIVE WHEN IDLE(seconds): 30
2022-01-03 17:31:00.791 INFO  - verbose mode on
2022-01-03 17:31:00.829 INFO  - Add service: org.chaostocosmos.leap.http.service.TimeServiceImpl  Mapping path: /time/GetTime
2022-01-03 17:31:00.829 DEBUG - Method not mapping with MethodMapper annotation: servePut
2022-01-03 17:31:00.830 DEBUG - Method not mapping with MethodMapper annotation: serveGet
2022-01-03 17:31:00.830 DEBUG - Method not mapping with MethodMapper annotation: servePost
2022-01-03 17:31:00.830 DEBUG - Method not mapping with MethodMapper annotation: setFilters
2022-01-03 17:31:00.831 DEBUG - Method not mapping with MethodMapper annotation: serve
2022-01-03 17:31:00.831 DEBUG - Method not mapping with MethodMapper annotation: serveDelete
2022-01-03 17:31:00.831 INFO  - Default host added - Server: leap   Host: localhost   Port: 8080   Doc-Root: home   Logging path: logs/leap.log   Level: [DEBUG]
2022-01-03 17:31:00.833 INFO  - Virtual host added - Server: leap1   Host: 127.0.0.1   Port: 8080   Doc-Root: home1   Logging path: logs/leap.log   Level: [DEBUG]
2022-01-03 17:31:00.840 INFO  - Add service: org.chaostocosmos.leap.http.service.TimeServiceImpl  Mapping path: /time/GetTime
2022-01-03 17:31:00.841 DEBUG - Method not mapping with MethodMapper annotation: servePut
2022-01-03 17:31:00.842 DEBUG - Method not mapping with MethodMapper annotation: serveGet
2022-01-03 17:31:00.842 DEBUG - Method not mapping with MethodMapper annotation: servePost
2022-01-03 17:31:00.842 DEBUG - Method not mapping with MethodMapper annotation: setFilters
2022-01-03 17:31:00.843 DEBUG - Method not mapping with MethodMapper annotation: serve
2022-01-03 17:31:00.843 DEBUG - Method not mapping with MethodMapper annotation: serveDelete
2022-01-03 17:31:00.843 INFO  - Virtual host added - Server: leap2   Host: 192.168.1.60   Port: 8082   Doc-Root: home2   Logging path: logs/leap.log   Level: [DEBUG]
2022-01-03 17:31:00.848 INFO  - Accepting connections on port 8082
2022-01-03 17:31:00.852 INFO  - Accepting connections on port 8080
2022-01-03 17:31:03.405 INFO  - Client request accepted... : /127.0.0.1
2022-01-03 17:31:48.888 INFO  - Leap WAS server starting...
2022-01-03 17:31:48.893 INFO  - --------------------------------------------------------------------------
2022-01-03 17:31:48.893 INFO  - ThreadPool initialized - CORE: 50 MAX: 50 KEEP-ALIVE WHEN IDLE(seconds): 30
2022-01-03 17:31:48.894 INFO  - verbose mode on
2022-01-03 17:31:48.941 INFO  - Add service: org.chaostocosmos.leap.http.service.TimeServiceImpl  Mapping path: /time/GetTime
2022-01-03 17:31:48.942 DEBUG - Method not mapping with MethodMapper annotation: servePost
2022-01-03 17:31:48.943 DEBUG - Method not mapping with MethodMapper annotation: serveDelete
2022-01-03 17:31:48.943 DEBUG - Method not mapping with MethodMapper annotation: serveGet
2022-01-03 17:31:48.943 DEBUG - Method not mapping with MethodMapper annotation: servePut
2022-01-03 17:31:48.943 DEBUG - Method not mapping with MethodMapper annotation: serve
2022-01-03 17:31:48.944 DEBUG - Method not mapping with MethodMapper annotation: setFilters
2022-01-03 17:31:48.944 INFO  - Default host added - Server: leap   Host: localhost   Port: 8080   Doc-Root: home   Logging path: logs/leap.log   Level: [DEBUG]
2022-01-03 17:31:48.945 INFO  - Virtual host added - Server: leap1   Host: 127.0.0.1   Port: 8080   Doc-Root: home1   Logging path: logs/leap.log   Level: [DEBUG]
2022-01-03 17:31:48.954 INFO  - Add service: org.chaostocosmos.leap.http.service.TimeServiceImpl  Mapping path: /time/GetTime
2022-01-03 17:31:48.955 DEBUG - Method not mapping with MethodMapper annotation: servePost
2022-01-03 17:31:48.955 DEBUG - Method not mapping with MethodMapper annotation: serveDelete
2022-01-03 17:31:48.955 DEBUG - Method not mapping with MethodMapper annotation: serveGet
2022-01-03 17:31:48.956 DEBUG - Method not mapping with MethodMapper annotation: servePut
2022-01-03 17:31:48.956 DEBUG - Method not mapping with MethodMapper annotation: serve
2022-01-03 17:31:48.957 DEBUG - Method not mapping with MethodMapper annotation: setFilters
2022-01-03 17:31:48.957 INFO  - Virtual host added - Server: leap2   Host: 192.168.1.60   Port: 8082   Doc-Root: home2   Logging path: logs/leap.log   Level: [DEBUG]
2022-01-03 17:31:48.964 INFO  - Accepting connections on port 8082
2022-01-03 17:31:48.968 INFO  - Accepting connections on port 8080
2022-01-03 17:31:50.748 INFO  - Client request accepted... : /127.0.0.1
2022-01-03 17:32:38.574 INFO  - Leap WAS server starting...
2022-01-03 17:32:38.577 INFO  - --------------------------------------------------------------------------
2022-01-03 17:32:38.577 INFO  - ThreadPool initialized - CORE: 50 MAX: 50 KEEP-ALIVE WHEN IDLE(seconds): 30
2022-01-03 17:32:38.578 INFO  - verbose mode on
2022-01-03 17:32:38.618 INFO  - Add service: org.chaostocosmos.leap.http.service.TimeServiceImpl  Mapping path: /time/GetTime
2022-01-03 17:32:38.619 DEBUG - Method not mapping with MethodMapper annotation: serve
2022-01-03 17:32:38.620 DEBUG - Method not mapping with MethodMapper annotation: setFilters
2022-01-03 17:32:38.620 DEBUG - Method not mapping with MethodMapper annotation: servePost
2022-01-03 17:32:38.620 DEBUG - Method not mapping with MethodMapper annotation: serveGet
2022-01-03 17:32:38.620 DEBUG - Method not mapping with MethodMapper annotation: servePut
2022-01-03 17:32:38.621 DEBUG - Method not mapping with MethodMapper annotation: serveDelete
2022-01-03 17:32:38.622 INFO  - Default host added - Server: leap   Host: localhost   Port: 8080   Doc-Root: home   Logging path: logs/leap.log   Level: [DEBUG]
2022-01-03 17:32:38.623 INFO  - Virtual host added - Server: leap1   Host: 127.0.0.1   Port: 8080   Doc-Root: home1   Logging path: logs/leap.log   Level: [DEBUG]
2022-01-03 17:32:38.634 INFO  - Add service: org.chaostocosmos.leap.http.service.TimeServiceImpl  Mapping path: /time/GetTime
2022-01-03 17:32:38.635 DEBUG - Method not mapping with MethodMapper annotation: serve
2022-01-03 17:32:38.636 DEBUG - Method not mapping with MethodMapper annotation: setFilters
2022-01-03 17:32:38.636 DEBUG - Method not mapping with MethodMapper annotation: servePost
2022-01-03 17:32:38.636 DEBUG - Method not mapping with MethodMapper annotation: serveGet
2022-01-03 17:32:38.636 DEBUG - Method not mapping with MethodMapper annotation: servePut
2022-01-03 17:32:38.636 DEBUG - Method not mapping with MethodMapper annotation: serveDelete
2022-01-03 17:32:38.637 INFO  - Virtual host added - Server: leap2   Host: 192.168.1.60   Port: 8082   Doc-Root: home2   Logging path: logs/leap.log   Level: [DEBUG]
2022-01-03 17:32:38.643 INFO  - Accepting connections on port 8082
2022-01-03 17:32:38.649 INFO  - Accepting connections on port 8080
2022-01-03 17:32:40.394 INFO  - Client request accepted... : /127.0.0.1
2022-01-03 17:33:12.632 INFO  - Leap WAS server starting...
2022-01-03 17:33:12.634 INFO  - --------------------------------------------------------------------------
2022-01-03 17:33:12.635 INFO  - ThreadPool initialized - CORE: 50 MAX: 50 KEEP-ALIVE WHEN IDLE(seconds): 30
2022-01-03 17:33:12.635 INFO  - verbose mode on
2022-01-03 17:33:12.672 INFO  - Add service: org.chaostocosmos.leap.http.service.TimeServiceImpl  Mapping path: /time/GetTime
2022-01-03 17:33:12.673 DEBUG - Method not mapping with MethodMapper annotation: serve
2022-01-03 17:33:12.673 DEBUG - Method not mapping with MethodMapper annotation: setFilters
2022-01-03 17:33:12.674 DEBUG - Method not mapping with MethodMapper annotation: serveGet
2022-01-03 17:33:12.675 DEBUG - Method not mapping with MethodMapper annotation: servePut
2022-01-03 17:33:12.675 DEBUG - Method not mapping with MethodMapper annotation: serveDelete
2022-01-03 17:33:12.675 DEBUG - Method not mapping with MethodMapper annotation: servePost
2022-01-03 17:33:12.676 INFO  - Default host added - Server: leap   Host: localhost   Port: 8080   Doc-Root: home   Logging path: logs/leap.log   Level: [DEBUG]
2022-01-03 17:33:12.677 INFO  - Virtual host added - Server: leap1   Host: 127.0.0.1   Port: 8080   Doc-Root: home1   Logging path: logs/leap.log   Level: [DEBUG]
2022-01-03 17:33:12.684 INFO  - Add service: org.chaostocosmos.leap.http.service.TimeServiceImpl  Mapping path: /time/GetTime
2022-01-03 17:33:12.685 DEBUG - Method not mapping with MethodMapper annotation: serve
2022-01-03 17:33:12.685 DEBUG - Method not mapping with MethodMapper annotation: setFilters
2022-01-03 17:33:12.685 DEBUG - Method not mapping with MethodMapper annotation: serveGet
2022-01-03 17:33:12.686 DEBUG - Method not mapping with MethodMapper annotation: servePut
2022-01-03 17:33:12.686 DEBUG - Method not mapping with MethodMapper annotation: serveDelete
2022-01-03 17:33:12.687 DEBUG - Method not mapping with MethodMapper annotation: servePost
2022-01-03 17:33:12.687 INFO  - Virtual host added - Server: leap2   Host: 192.168.1.60   Port: 8082   Doc-Root: home2   Logging path: logs/leap.log   Level: [DEBUG]
2022-01-03 17:33:12.693 INFO  - Accepting connections on port 8082
2022-01-03 17:33:12.697 INFO  - Accepting connections on port 8080
2022-01-03 17:33:15.576 INFO  - Client request accepted... : /127.0.0.1
2022-01-03 17:34:42.511 INFO  - Leap WAS server starting...
2022-01-03 17:34:42.514 INFO  - --------------------------------------------------------------------------
2022-01-03 17:34:42.515 INFO  - ThreadPool initialized - CORE: 50 MAX: 50 KEEP-ALIVE WHEN IDLE(seconds): 30
2022-01-03 17:34:42.515 INFO  - verbose mode on
2022-01-03 17:34:42.552 INFO  - Add service: org.chaostocosmos.leap.http.service.TimeServiceImpl  Mapping path: /time/GetTime
2022-01-03 17:34:42.552 DEBUG - Method not mapping with MethodMapper annotation: serve
2022-01-03 17:34:42.552 DEBUG - Method not mapping with MethodMapper annotation: setFilters
2022-01-03 17:34:42.552 DEBUG - Method not mapping with MethodMapper annotation: serveDelete
2022-01-03 17:34:42.553 DEBUG - Method not mapping with MethodMapper annotation: servePost
2022-01-03 17:34:42.553 DEBUG - Method not mapping with MethodMapper annotation: servePut
2022-01-03 17:34:42.554 DEBUG - Method not mapping with MethodMapper annotation: serveGet
2022-01-03 17:34:42.554 INFO  - Default host added - Server: leap   Host: localhost   Port: 8080   Doc-Root: home   Logging path: logs/leap.log   Level: [DEBUG]
2022-01-03 17:34:42.555 INFO  - Virtual host added - Server: leap1   Host: 127.0.0.1   Port: 8080   Doc-Root: home1   Logging path: logs/leap.log   Level: [DEBUG]
2022-01-03 17:34:42.562 INFO  - Add service: org.chaostocosmos.leap.http.service.TimeServiceImpl  Mapping path: /time/GetTime
2022-01-03 17:34:42.563 DEBUG - Method not mapping with MethodMapper annotation: serve
2022-01-03 17:34:42.564 DEBUG - Method not mapping with MethodMapper annotation: setFilters
2022-01-03 17:34:42.564 DEBUG - Method not mapping with MethodMapper annotation: serveDelete
2022-01-03 17:34:42.564 DEBUG - Method not mapping with MethodMapper annotation: servePost
2022-01-03 17:34:42.564 DEBUG - Method not mapping with MethodMapper annotation: servePut
2022-01-03 17:34:42.565 DEBUG - Method not mapping with MethodMapper annotation: serveGet
2022-01-03 17:34:42.565 INFO  - Virtual host added - Server: leap2   Host: 192.168.1.60   Port: 8082   Doc-Root: home2   Logging path: logs/leap.log   Level: [DEBUG]
2022-01-03 17:34:42.569 INFO  - Accepting connections on port 8082
2022-01-03 17:34:42.572 INFO  - Accepting connections on port 8080
2022-01-03 17:34:44.532 INFO  - Client request accepted... : /127.0.0.1
2022-01-03 17:35:39.478 INFO  - Leap WAS server starting...
2022-01-03 17:35:39.482 INFO  - --------------------------------------------------------------------------
2022-01-03 17:35:39.482 INFO  - ThreadPool initialized - CORE: 50 MAX: 50 KEEP-ALIVE WHEN IDLE(seconds): 30
2022-01-03 17:35:39.482 INFO  - verbose mode on
2022-01-03 17:35:39.516 INFO  - Add service: org.chaostocosmos.leap.http.service.TimeServiceImpl  Mapping path: /time/GetTime
2022-01-03 17:35:39.517 DEBUG - Method not mapping with MethodMapper annotation: serveDelete
2022-01-03 17:35:39.517 DEBUG - Method not mapping with MethodMapper annotation: servePost
2022-01-03 17:35:39.517 DEBUG - Method not mapping with MethodMapper annotation: serveGet
2022-01-03 17:35:39.518 DEBUG - Method not mapping with MethodMapper annotation: servePut
2022-01-03 17:35:39.518 DEBUG - Method not mapping with MethodMapper annotation: serve
2022-01-03 17:35:39.518 DEBUG - Method not mapping with MethodMapper annotation: setFilters
2022-01-03 17:35:39.519 INFO  - Default host added - Server: leap   Host: localhost   Port: 8080   Doc-Root: home   Logging path: logs/leap.log   Level: [DEBUG]
2022-01-03 17:35:39.520 INFO  - Virtual host added - Server: leap1   Host: 127.0.0.1   Port: 8080   Doc-Root: home1   Logging path: logs/leap.log   Level: [DEBUG]
2022-01-03 17:35:39.526 INFO  - Add service: org.chaostocosmos.leap.http.service.TimeServiceImpl  Mapping path: /time/GetTime
2022-01-03 17:35:39.526 DEBUG - Method not mapping with MethodMapper annotation: serveDelete
2022-01-03 17:35:39.526 DEBUG - Method not mapping with MethodMapper annotation: servePost
2022-01-03 17:35:39.527 DEBUG - Method not mapping with MethodMapper annotation: serveGet
2022-01-03 17:35:39.527 DEBUG - Method not mapping with MethodMapper annotation: servePut
2022-01-03 17:35:39.527 DEBUG - Method not mapping with MethodMapper annotation: serve
2022-01-03 17:35:39.527 DEBUG - Method not mapping with MethodMapper annotation: setFilters
2022-01-03 17:35:39.528 INFO  - Virtual host added - Server: leap2   Host: 192.168.1.60   Port: 8082   Doc-Root: home2   Logging path: logs/leap.log   Level: [DEBUG]
2022-01-03 17:35:39.533 INFO  - Accepting connections on port 8082
2022-01-03 17:35:39.537 INFO  - Accepting connections on port 8080
2022-01-03 17:35:43.155 INFO  - Client request accepted... : /127.0.0.1
2022-01-03 17:36:34.448 INFO  - Leap WAS server starting...
2022-01-03 17:36:34.452 INFO  - --------------------------------------------------------------------------
2022-01-03 17:36:34.452 INFO  - ThreadPool initialized - CORE: 50 MAX: 50 KEEP-ALIVE WHEN IDLE(seconds): 30
2022-01-03 17:36:34.453 INFO  - verbose mode on
2022-01-03 17:36:34.504 INFO  - Add service: org.chaostocosmos.leap.http.service.TimeServiceImpl  Mapping path: /time/GetTime
2022-01-03 17:36:34.504 DEBUG - Method not mapping with MethodMapper annotation: serveGet
2022-01-03 17:36:34.505 DEBUG - Method not mapping with MethodMapper annotation: servePut
2022-01-03 17:36:34.505 DEBUG - Method not mapping with MethodMapper annotation: serveDelete
2022-01-03 17:36:34.505 DEBUG - Method not mapping with MethodMapper annotation: servePost
2022-01-03 17:36:34.505 DEBUG - Method not mapping with MethodMapper annotation: setFilters
2022-01-03 17:36:34.506 DEBUG - Method not mapping with MethodMapper annotation: serve
2022-01-03 17:36:34.506 INFO  - Default host added - Server: leap   Host: localhost   Port: 8080   Doc-Root: home   Logging path: logs/leap.log   Level: [DEBUG]
2022-01-03 17:36:34.508 INFO  - Virtual host added - Server: leap1   Host: 127.0.0.1   Port: 8080   Doc-Root: home1   Logging path: logs/leap.log   Level: [DEBUG]
2022-01-03 17:36:34.515 INFO  - Add service: org.chaostocosmos.leap.http.service.TimeServiceImpl  Mapping path: /time/GetTime
2022-01-03 17:36:34.515 DEBUG - Method not mapping with MethodMapper annotation: serveGet
2022-01-03 17:36:34.515 DEBUG - Method not mapping with MethodMapper annotation: servePut
2022-01-03 17:36:34.516 DEBUG - Method not mapping with MethodMapper annotation: serveDelete
2022-01-03 17:36:34.516 DEBUG - Method not mapping with MethodMapper annotation: servePost
2022-01-03 17:36:34.516 DEBUG - Method not mapping with MethodMapper annotation: setFilters
2022-01-03 17:36:34.516 DEBUG - Method not mapping with MethodMapper annotation: serve
2022-01-03 17:36:34.517 INFO  - Virtual host added - Server: leap2   Host: 192.168.1.60   Port: 8082   Doc-Root: home2   Logging path: logs/leap.log   Level: [DEBUG]
2022-01-03 17:36:34.523 INFO  - Accepting connections on port 8082
2022-01-03 17:36:34.530 INFO  - Accepting connections on port 8080
2022-01-03 17:36:36.790 INFO  - Client request accepted... : /127.0.0.1
2022-01-03 17:37:20.808 INFO  - Leap WAS server starting...
2022-01-03 17:37:20.811 INFO  - --------------------------------------------------------------------------
2022-01-03 17:37:20.811 INFO  - ThreadPool initialized - CORE: 50 MAX: 50 KEEP-ALIVE WHEN IDLE(seconds): 30
2022-01-03 17:37:20.811 INFO  - verbose mode on
2022-01-03 17:37:20.862 INFO  - Add service: org.chaostocosmos.leap.http.service.TimeServiceImpl  Mapping path: /time/GetTime
2022-01-03 17:37:20.862 DEBUG - Method not mapping with MethodMapper annotation: serve
2022-01-03 17:37:20.862 DEBUG - Method not mapping with MethodMapper annotation: setFilters
2022-01-03 17:37:20.863 DEBUG - Method not mapping with MethodMapper annotation: serveGet
2022-01-03 17:37:20.864 DEBUG - Method not mapping with MethodMapper annotation: servePut
2022-01-03 17:37:20.864 DEBUG - Method not mapping with MethodMapper annotation: servePost
2022-01-03 17:37:20.864 DEBUG - Method not mapping with MethodMapper annotation: serveDelete
2022-01-03 17:37:20.864 INFO  - Default host added - Server: leap   Host: localhost   Port: 8080   Doc-Root: home   Logging path: logs/leap.log   Level: [DEBUG]
2022-01-03 17:37:20.867 INFO  - Virtual host added - Server: leap1   Host: 127.0.0.1   Port: 8080   Doc-Root: home1   Logging path: logs/leap.log   Level: [DEBUG]
2022-01-03 17:37:20.875 INFO  - Add service: org.chaostocosmos.leap.http.service.TimeServiceImpl  Mapping path: /time/GetTime
2022-01-03 17:37:20.876 DEBUG - Method not mapping with MethodMapper annotation: serve
2022-01-03 17:37:20.877 DEBUG - Method not mapping with MethodMapper annotation: setFilters
2022-01-03 17:37:20.877 DEBUG - Method not mapping with MethodMapper annotation: serveGet
2022-01-03 17:37:20.877 DEBUG - Method not mapping with MethodMapper annotation: servePut
2022-01-03 17:37:20.878 DEBUG - Method not mapping with MethodMapper annotation: servePost
2022-01-03 17:37:20.878 DEBUG - Method not mapping with MethodMapper annotation: serveDelete
2022-01-03 17:37:20.878 INFO  - Virtual host added - Server: leap2   Host: 192.168.1.60   Port: 8082   Doc-Root: home2   Logging path: logs/leap.log   Level: [DEBUG]
2022-01-03 17:37:20.883 INFO  - Accepting connections on port 8082
2022-01-03 17:37:20.887 INFO  - Accepting connections on port 8080
2022-01-03 17:37:22.772 INFO  - Client request accepted... : /127.0.0.1
2022-01-03 17:38:08.851 INFO  - Leap WAS server starting...
2022-01-03 17:38:08.855 INFO  - --------------------------------------------------------------------------
2022-01-03 17:38:08.855 INFO  - ThreadPool initialized - CORE: 50 MAX: 50 KEEP-ALIVE WHEN IDLE(seconds): 30
2022-01-03 17:38:08.856 INFO  - verbose mode on
2022-01-03 17:38:08.886 DEBUG - Method not mapping with MethodMapper annotation: serve
2022-01-03 17:38:08.887 DEBUG - Method not mapping with MethodMapper annotation: setFilters
2022-01-03 17:38:08.887 DEBUG - Method not mapping with MethodMapper annotation: serveGet
2022-01-03 17:38:08.887 DEBUG - Method not mapping with MethodMapper annotation: servePost
2022-01-03 17:38:08.887 DEBUG - Method not mapping with MethodMapper annotation: serveDelete
2022-01-03 17:38:08.888 DEBUG - Method not mapping with MethodMapper annotation: servePut
2022-01-03 17:38:08.891 INFO  - Add service: org.chaostocosmos.leap.http.service.TimeServiceImpl  Mapping path: /time/GetTime
2022-01-03 17:38:08.892 INFO  - Default host added - Server: leap   Host: localhost   Port: 8080   Doc-Root: home   Logging path: logs/leap.log   Level: [DEBUG]
2022-01-03 17:38:08.894 INFO  - Virtual host added - Server: leap1   Host: 127.0.0.1   Port: 8080   Doc-Root: home1   Logging path: logs/leap.log   Level: [DEBUG]
2022-01-03 17:38:08.901 DEBUG - Method not mapping with MethodMapper annotation: serve
2022-01-03 17:38:08.901 DEBUG - Method not mapping with MethodMapper annotation: setFilters
2022-01-03 17:38:08.902 DEBUG - Method not mapping with MethodMapper annotation: serveGet
2022-01-03 17:38:08.902 DEBUG - Method not mapping with MethodMapper annotation: servePost
2022-01-03 17:38:08.902 DEBUG - Method not mapping with MethodMapper annotation: serveDelete
2022-01-03 17:38:08.902 DEBUG - Method not mapping with MethodMapper annotation: servePut
2022-01-03 17:38:08.903 INFO  - Add service: org.chaostocosmos.leap.http.service.TimeServiceImpl  Mapping path: /time/GetTime
2022-01-03 17:38:08.903 INFO  - Virtual host added - Server: leap2   Host: 192.168.1.60   Port: 8082   Doc-Root: home2   Logging path: logs/leap.log   Level: [DEBUG]
2022-01-03 17:38:08.909 INFO  - Accepting connections on port 8082
2022-01-03 17:38:08.912 INFO  - Accepting connections on port 8080
2022-01-03 17:38:10.619 INFO  - Client request accepted... : /127.0.0.1
2022-01-03 17:38:23.965 INFO  - Leap WAS server starting...
2022-01-03 17:38:23.968 INFO  - --------------------------------------------------------------------------
2022-01-03 17:38:23.968 INFO  - ThreadPool initialized - CORE: 50 MAX: 50 KEEP-ALIVE WHEN IDLE(seconds): 30
2022-01-03 17:38:23.969 INFO  - verbose mode on
2022-01-03 17:38:24.010 INFO  - Add service: org.chaostocosmos.leap.http.service.TimeServiceImpl  Mapping path: /time/GetTime
2022-01-03 17:38:24.010 DEBUG - Method not mapping with MethodMapper annotation: serveDelete
2022-01-03 17:38:24.010 DEBUG - Method not mapping with MethodMapper annotation: serveGet
2022-01-03 17:38:24.010 DEBUG - Method not mapping with MethodMapper annotation: servePut
2022-01-03 17:38:24.011 DEBUG - Method not mapping with MethodMapper annotation: servePost
2022-01-03 17:38:24.011 DEBUG - Method not mapping with MethodMapper annotation: setFilters
2022-01-03 17:38:24.011 DEBUG - Method not mapping with MethodMapper annotation: serve
2022-01-03 17:38:24.012 INFO  - Default host added - Server: leap   Host: localhost   Port: 8080   Doc-Root: home   Logging path: logs/leap.log   Level: [DEBUG]
2022-01-03 17:38:24.014 INFO  - Virtual host added - Server: leap1   Host: 127.0.0.1   Port: 8080   Doc-Root: home1   Logging path: logs/leap.log   Level: [DEBUG]
2022-01-03 17:38:24.020 INFO  - Add service: org.chaostocosmos.leap.http.service.TimeServiceImpl  Mapping path: /time/GetTime
2022-01-03 17:38:24.020 DEBUG - Method not mapping with MethodMapper annotation: serveDelete
2022-01-03 17:38:24.021 DEBUG - Method not mapping with MethodMapper annotation: serveGet
2022-01-03 17:38:24.021 DEBUG - Method not mapping with MethodMapper annotation: servePut
2022-01-03 17:38:24.021 DEBUG - Method not mapping with MethodMapper annotation: servePost
2022-01-03 17:38:24.021 DEBUG - Method not mapping with MethodMapper annotation: setFilters
2022-01-03 17:38:24.021 DEBUG - Method not mapping with MethodMapper annotation: serve
2022-01-03 17:38:24.022 INFO  - Virtual host added - Server: leap2   Host: 192.168.1.60   Port: 8082   Doc-Root: home2   Logging path: logs/leap.log   Level: [DEBUG]
2022-01-03 17:38:24.026 INFO  - Accepting connections on port 8082
2022-01-03 17:38:24.030 INFO  - Accepting connections on port 8080
2022-01-03 17:38:27.539 INFO  - Client request accepted... : /127.0.0.1
2022-01-03 17:47:29.011 INFO  - Leap WAS server starting...
2022-01-03 17:47:29.014 INFO  - --------------------------------------------------------------------------
2022-01-03 17:47:29.014 INFO  - ThreadPool initialized - CORE: 50 MAX: 50 KEEP-ALIVE WHEN IDLE(seconds): 30
2022-01-03 17:47:29.014 INFO  - verbose mode on
2022-01-03 17:47:29.051 INFO  - Add service: org.chaostocosmos.leap.http.service.TimeServiceImpl  Mapping path: /time/GetTime
2022-01-03 17:47:29.052 DEBUG - Method not mapping with MethodMapper annotation: serveGet
2022-01-03 17:47:29.053 DEBUG - Method not mapping with MethodMapper annotation: servePut
2022-01-03 17:47:29.053 DEBUG - Method not mapping with MethodMapper annotation: servePost
2022-01-03 17:47:29.053 DEBUG - Method not mapping with MethodMapper annotation: serveDelete
2022-01-03 17:47:29.054 DEBUG - Method not mapping with MethodMapper annotation: serve
2022-01-03 17:47:29.054 DEBUG - Method not mapping with MethodMapper annotation: setFilters
2022-01-03 17:47:29.054 INFO  - Default host added - Server: leap   Host: localhost   Port: 8080   Doc-Root: home   Logging path: logs/leap.log   Level: [DEBUG]
2022-01-03 17:47:29.056 INFO  - Virtual host added - Server: leap1   Host: 127.0.0.1   Port: 8080   Doc-Root: home1   Logging path: logs/leap.log   Level: [DEBUG]
2022-01-03 17:47:29.064 INFO  - Add service: org.chaostocosmos.leap.http.service.TimeServiceImpl  Mapping path: /time/GetTime
2022-01-03 17:47:29.065 DEBUG - Method not mapping with MethodMapper annotation: serveGet
2022-01-03 17:47:29.065 DEBUG - Method not mapping with MethodMapper annotation: servePut
2022-01-03 17:47:29.065 DEBUG - Method not mapping with MethodMapper annotation: servePost
2022-01-03 17:47:29.066 DEBUG - Method not mapping with MethodMapper annotation: serveDelete
2022-01-03 17:47:29.066 DEBUG - Method not mapping with MethodMapper annotation: serve
2022-01-03 17:47:29.066 DEBUG - Method not mapping with MethodMapper annotation: setFilters
2022-01-03 17:47:29.066 INFO  - Virtual host added - Server: leap2   Host: 192.168.1.60   Port: 8082   Doc-Root: home2   Logging path: logs/leap.log   Level: [DEBUG]
2022-01-03 17:47:29.072 INFO  - Accepting connections on port 8082
2022-01-03 17:47:29.076 INFO  - Accepting connections on port 8080
2022-01-03 17:47:31.791 INFO  - Client request accepted... : /127.0.0.1
2022-01-03 17:47:53.714 INFO  - Leap WAS server starting...
2022-01-03 17:47:53.717 INFO  - --------------------------------------------------------------------------
2022-01-03 17:47:53.718 INFO  - ThreadPool initialized - CORE: 50 MAX: 50 KEEP-ALIVE WHEN IDLE(seconds): 30
2022-01-03 17:47:53.718 INFO  - verbose mode on
2022-01-03 17:47:53.757 INFO  - Add service: org.chaostocosmos.leap.http.service.TimeServiceImpl  Mapping path: /time/GetTime
2022-01-03 17:47:53.758 DEBUG - Method not mapping with MethodMapper annotation: setFilters
2022-01-03 17:47:53.758 DEBUG - Method not mapping with MethodMapper annotation: serve
2022-01-03 17:47:53.758 DEBUG - Method not mapping with MethodMapper annotation: servePost
2022-01-03 17:47:53.759 DEBUG - Method not mapping with MethodMapper annotation: servePut
2022-01-03 17:47:53.759 DEBUG - Method not mapping with MethodMapper annotation: serveDelete
2022-01-03 17:47:53.760 DEBUG - Method not mapping with MethodMapper annotation: serveGet
2022-01-03 17:47:53.760 INFO  - Default host added - Server: leap   Host: localhost   Port: 8080   Doc-Root: home   Logging path: logs/leap.log   Level: [DEBUG]
2022-01-03 17:47:53.760 INFO  - Virtual host added - Server: leap1   Host: 127.0.0.1   Port: 8080   Doc-Root: home1   Logging path: logs/leap.log   Level: [DEBUG]
2022-01-03 17:47:53.767 INFO  - Add service: org.chaostocosmos.leap.http.service.TimeServiceImpl  Mapping path: /time/GetTime
2022-01-03 17:47:53.768 DEBUG - Method not mapping with MethodMapper annotation: setFilters
2022-01-03 17:47:53.768 DEBUG - Method not mapping with MethodMapper annotation: serve
2022-01-03 17:47:53.768 DEBUG - Method not mapping with MethodMapper annotation: servePost
2022-01-03 17:47:53.768 DEBUG - Method not mapping with MethodMapper annotation: servePut
2022-01-03 17:47:53.769 DEBUG - Method not mapping with MethodMapper annotation: serveDelete
2022-01-03 17:47:53.769 DEBUG - Method not mapping with MethodMapper annotation: serveGet
2022-01-03 17:47:53.769 INFO  - Virtual host added - Server: leap2   Host: 192.168.1.60   Port: 8082   Doc-Root: home2   Logging path: logs/leap.log   Level: [DEBUG]
2022-01-03 17:47:53.775 INFO  - Accepting connections on port 8082
2022-01-03 17:47:53.779 INFO  - Accepting connections on port 8080
2022-01-03 17:47:56.017 INFO  - Client request accepted... : /127.0.0.1
2022-01-03 17:48:11.778 INFO  - Leap WAS server starting...
2022-01-03 17:48:11.781 INFO  - --------------------------------------------------------------------------
2022-01-03 17:48:11.781 INFO  - ThreadPool initialized - CORE: 50 MAX: 50 KEEP-ALIVE WHEN IDLE(seconds): 30
2022-01-03 17:48:11.782 INFO  - verbose mode on
2022-01-03 17:48:11.818 INFO  - Add service: org.chaostocosmos.leap.http.service.TimeServiceImpl  Mapping path: /time/GetTime
2022-01-03 17:48:11.819 DEBUG - Method not mapping with MethodMapper annotation: serve
2022-01-03 17:48:11.820 DEBUG - Method not mapping with MethodMapper annotation: setFilters
2022-01-03 17:48:11.820 DEBUG - Method not mapping with MethodMapper annotation: serveDelete
2022-01-03 17:48:11.821 DEBUG - Method not mapping with MethodMapper annotation: servePut
2022-01-03 17:48:11.828 DEBUG - Method not mapping with MethodMapper annotation: servePost
2022-01-03 17:48:11.834 DEBUG - Method not mapping with MethodMapper annotation: serveGet
2022-01-03 17:48:11.834 INFO  - Default host added - Server: leap   Host: localhost   Port: 8080   Doc-Root: home   Logging path: logs/leap.log   Level: [DEBUG]
2022-01-03 17:48:11.835 INFO  - Virtual host added - Server: leap1   Host: 127.0.0.1   Port: 8080   Doc-Root: home1   Logging path: logs/leap.log   Level: [DEBUG]
2022-01-03 17:48:11.843 INFO  - Add service: org.chaostocosmos.leap.http.service.TimeServiceImpl  Mapping path: /time/GetTime
2022-01-03 17:48:11.843 DEBUG - Method not mapping with MethodMapper annotation: serve
2022-01-03 17:48:11.843 DEBUG - Method not mapping with MethodMapper annotation: setFilters
2022-01-03 17:48:11.844 DEBUG - Method not mapping with MethodMapper annotation: serveDelete
2022-01-03 17:48:11.844 DEBUG - Method not mapping with MethodMapper annotation: servePut
2022-01-03 17:48:11.844 DEBUG - Method not mapping with MethodMapper annotation: servePost
2022-01-03 17:48:11.844 DEBUG - Method not mapping with MethodMapper annotation: serveGet
2022-01-03 17:48:11.845 INFO  - Virtual host added - Server: leap2   Host: 192.168.1.60   Port: 8082   Doc-Root: home2   Logging path: logs/leap.log   Level: [DEBUG]
2022-01-03 17:48:11.851 INFO  - Accepting connections on port 8082
2022-01-03 17:48:11.854 INFO  - Accepting connections on port 8080
2022-01-03 17:48:14.400 INFO  - Client request accepted... : /127.0.0.1
2022-01-03 17:48:36.395 INFO  - Leap WAS server starting...
2022-01-03 17:48:36.398 INFO  - --------------------------------------------------------------------------
2022-01-03 17:48:36.398 INFO  - ThreadPool initialized - CORE: 50 MAX: 50 KEEP-ALIVE WHEN IDLE(seconds): 30
2022-01-03 17:48:36.399 INFO  - verbose mode on
2022-01-03 17:48:36.437 INFO  - Add service: org.chaostocosmos.leap.http.service.TimeServiceImpl  Mapping path: /time/GetTime
2022-01-03 17:48:36.437 DEBUG - Method not mapping with MethodMapper annotation: serve
2022-01-03 17:48:36.438 DEBUG - Method not mapping with MethodMapper annotation: setFilters
2022-01-03 17:48:36.439 DEBUG - Method not mapping with MethodMapper annotation: servePut
2022-01-03 17:48:36.439 DEBUG - Method not mapping with MethodMapper annotation: servePost
2022-01-03 17:48:36.440 DEBUG - Method not mapping with MethodMapper annotation: serveDelete
2022-01-03 17:48:36.446 DEBUG - Method not mapping with MethodMapper annotation: serveGet
2022-01-03 17:48:36.452 INFO  - Default host added - Server: leap   Host: localhost   Port: 8080   Doc-Root: home   Logging path: logs/leap.log   Level: [DEBUG]
2022-01-03 17:48:36.467 INFO  - Virtual host added - Server: leap1   Host: 127.0.0.1   Port: 8080   Doc-Root: home1   Logging path: logs/leap.log   Level: [DEBUG]
2022-01-03 17:48:36.474 INFO  - Add service: org.chaostocosmos.leap.http.service.TimeServiceImpl  Mapping path: /time/GetTime
2022-01-03 17:48:36.475 DEBUG - Method not mapping with MethodMapper annotation: serve
2022-01-03 17:48:36.476 DEBUG - Method not mapping with MethodMapper annotation: setFilters
2022-01-03 17:48:36.476 DEBUG - Method not mapping with MethodMapper annotation: servePut
2022-01-03 17:48:36.476 DEBUG - Method not mapping with MethodMapper annotation: servePost
2022-01-03 17:48:36.476 DEBUG - Method not mapping with MethodMapper annotation: serveDelete
2022-01-03 17:48:36.477 DEBUG - Method not mapping with MethodMapper annotation: serveGet
2022-01-03 17:48:36.477 INFO  - Virtual host added - Server: leap2   Host: 192.168.1.60   Port: 8082   Doc-Root: home2   Logging path: logs/leap.log   Level: [DEBUG]
2022-01-03 17:48:36.482 INFO  - Accepting connections on port 8082
2022-01-03 17:48:36.486 INFO  - Accepting connections on port 8080
2022-01-03 17:48:40.017 INFO  - Client request accepted... : /127.0.0.1
2022-01-03 17:50:11.882 INFO  - Leap WAS server starting...
2022-01-03 17:50:11.885 INFO  - --------------------------------------------------------------------------
2022-01-03 17:50:11.885 INFO  - ThreadPool initialized - CORE: 50 MAX: 50 KEEP-ALIVE WHEN IDLE(seconds): 30
2022-01-03 17:50:11.886 INFO  - verbose mode on
2022-01-03 17:50:11.925 INFO  - Add service: org.chaostocosmos.leap.http.service.TimeServiceImpl  Mapping path: /time/GetTime
2022-01-03 17:50:11.925 DEBUG - Method not mapping with MethodMapper annotation: setFilters
2022-01-03 17:50:11.925 DEBUG - Method not mapping with MethodMapper annotation: serve
2022-01-03 17:50:11.925 DEBUG - Method not mapping with MethodMapper annotation: serveDelete
2022-01-03 17:50:11.926 DEBUG - Method not mapping with MethodMapper annotation: serveGet
2022-01-03 17:50:11.926 DEBUG - Method not mapping with MethodMapper annotation: servePut
2022-01-03 17:50:11.926 DEBUG - Method not mapping with MethodMapper annotation: servePost
2022-01-03 17:50:11.926 INFO  - Default host added - Server: leap   Host: localhost   Port: 8080   Doc-Root: home   Logging path: logs/leap.log   Level: [DEBUG]
2022-01-03 17:50:11.928 INFO  - Virtual host added - Server: leap1   Host: 127.0.0.1   Port: 8080   Doc-Root: home1   Logging path: logs/leap.log   Level: [DEBUG]
2022-01-03 17:50:11.935 INFO  - Add service: org.chaostocosmos.leap.http.service.TimeServiceImpl  Mapping path: /time/GetTime
2022-01-03 17:50:11.936 DEBUG - Method not mapping with MethodMapper annotation: setFilters
2022-01-03 17:50:11.936 DEBUG - Method not mapping with MethodMapper annotation: serve
2022-01-03 17:50:11.937 DEBUG - Method not mapping with MethodMapper annotation: serveDelete
2022-01-03 17:50:11.937 DEBUG - Method not mapping with MethodMapper annotation: serveGet
2022-01-03 17:50:11.937 DEBUG - Method not mapping with MethodMapper annotation: servePut
2022-01-03 17:50:11.938 DEBUG - Method not mapping with MethodMapper annotation: servePost
2022-01-03 17:50:11.938 INFO  - Virtual host added - Server: leap2   Host: 192.168.1.60   Port: 8082   Doc-Root: home2   Logging path: logs/leap.log   Level: [DEBUG]
2022-01-03 17:50:11.943 INFO  - Accepting connections on port 8082
2022-01-03 17:50:11.947 INFO  - Accepting connections on port 8080
2022-01-03 17:50:14.551 INFO  - Client request accepted... : /127.0.0.1
