2022-01-10 10:00:59.353 INFO  - Leap WAS server starting...
2022-01-10 10:00:59.360 INFO  - --------------------------------------------------------------------------
2022-01-10 10:00:59.362 INFO  - ThreadPool initialized - CORE: 50 MAX: 50 KEEP-ALIVE WHEN IDLE(seconds): 30
2022-01-10 10:00:59.363 INFO  - verbose mode on
2022-01-10 10:00:59.392 DEBUG - Service not mapping with ServiceMapper annotation: org.chaostocosmos.leap.http.service.DeployService
2022-01-10 10:00:59.400 DEBUG - Method not mapping with MethodMapper annotation: serve
2022-01-10 10:00:59.400 DEBUG - Method not mapping with MethodMapper annotation: setFilters
2022-01-10 10:00:59.401 DEBUG - Method not mapping with MethodMapper annotation: serveDelete
2022-01-10 10:00:59.402 DEBUG - Method not mapping with MethodMapper annotation: servePut
2022-01-10 10:00:59.402 DEBUG - Method not mapping with MethodMapper annotation: serveGet
2022-01-10 10:00:59.402 DEBUG - Method not mapping with MethodMapper annotation: servePost
2022-01-10 10:00:59.406 INFO  - Add service: org.chaostocosmos.leap.http.service.TimeServiceImpl  Mapping path: /time/GetTime
2022-01-10 10:00:59.407 INFO  - Default host added - Server: leap   Host: localhost   Port: 8080   Doc-Root: home   Logging path: logs/leap.log   Level: [DEBUG]
2022-01-10 10:00:59.415 DEBUG - Service not mapping with ServiceMapper annotation: org.chaostocosmos.leap.http.service.DeployService
2022-01-10 10:00:59.416 DEBUG - Method not mapping with MethodMapper annotation: serve
2022-01-10 10:00:59.416 DEBUG - Method not mapping with MethodMapper annotation: setFilters
2022-01-10 10:00:59.416 DEBUG - Method not mapping with MethodMapper annotation: serveDelete
2022-01-10 10:00:59.417 DEBUG - Method not mapping with MethodMapper annotation: servePut
2022-01-10 10:00:59.417 DEBUG - Method not mapping with MethodMapper annotation: serveGet
2022-01-10 10:00:59.417 DEBUG - Method not mapping with MethodMapper annotation: servePost
2022-01-10 10:00:59.418 INFO  - Add service: org.chaostocosmos.leap.http.service.TimeServiceImpl  Mapping path: /time/GetTime
2022-01-10 10:00:59.418 INFO  - Virtual host added - Server: leap2   Host: 192.168.1.28   Port: 8082   Doc-Root: home2   Logging path: logs/leap.log   Level: [DEBUG]
2022-01-10 10:00:59.418 INFO  - Virtual host added - Server: leap1   Host: 127.0.0.1   Port: 8080   Doc-Root: home1   Logging path: logs/leap.log   Level: [DEBUG]
2022-01-10 10:00:59.423 INFO  - Accepting connections on port 8082
2022-01-10 10:00:59.428 INFO  - Accepting connections on port 8080
2022-01-10 10:01:02.084 INFO  - Host: localhost:8080  Client request accepted... : /127.0.0.1
2022-01-10 10:27:26.231 INFO  - Leap WAS server starting...
2022-01-10 10:27:26.234 INFO  - --------------------------------------------------------------------------
2022-01-10 10:27:26.234 INFO  - ThreadPool initialized - CORE: 50 MAX: 50 KEEP-ALIVE WHEN IDLE(seconds): 30
2022-01-10 10:27:26.235 INFO  - verbose mode on
2022-01-10 10:27:26.269 INFO  - Add service: org.chaostocosmos.leap.http.service.TimeServiceImpl  Mapping path: /time/GetTime
2022-01-10 10:27:26.269 DEBUG - Method not mapping with MethodMapper annotation: setFilters
2022-01-10 10:27:26.269 DEBUG - Method not mapping with MethodMapper annotation: serve
2022-01-10 10:27:26.270 DEBUG - Method not mapping with MethodMapper annotation: servePut
2022-01-10 10:27:26.270 DEBUG - Method not mapping with MethodMapper annotation: servePost
2022-01-10 10:27:26.270 DEBUG - Method not mapping with MethodMapper annotation: serveGet
2022-01-10 10:27:26.270 DEBUG - Method not mapping with MethodMapper annotation: serveDelete
2022-01-10 10:27:26.271 DEBUG - Service not mapping with ServiceMapper annotation: org.chaostocosmos.leap.http.service.DeployService
2022-01-10 10:27:26.271 INFO  - Default host added - Server: leap   Host: localhost   Port: 8080   Doc-Root: home   Logging path: logs/leap.log   Level: [DEBUG]
2022-01-10 10:27:26.281 INFO  - Add service: org.chaostocosmos.leap.http.service.TimeServiceImpl  Mapping path: /time/GetTime
2022-01-10 10:27:26.281 DEBUG - Method not mapping with MethodMapper annotation: setFilters
2022-01-10 10:27:26.282 DEBUG - Method not mapping with MethodMapper annotation: serve
2022-01-10 10:27:26.282 DEBUG - Method not mapping with MethodMapper annotation: servePut
2022-01-10 10:27:26.282 DEBUG - Method not mapping with MethodMapper annotation: servePost
2022-01-10 10:27:26.282 DEBUG - Method not mapping with MethodMapper annotation: serveGet
2022-01-10 10:27:26.283 DEBUG - Method not mapping with MethodMapper annotation: serveDelete
2022-01-10 10:27:26.283 DEBUG - Service not mapping with ServiceMapper annotation: org.chaostocosmos.leap.http.service.DeployService
2022-01-10 10:27:26.283 INFO  - Virtual host added - Server: leap2   Host: 192.168.1.28   Port: 8082   Doc-Root: home2   Logging path: logs/leap.log   Level: [DEBUG]
2022-01-10 10:27:26.283 INFO  - Virtual host added - Server: leap1   Host: 127.0.0.1   Port: 8080   Doc-Root: home1   Logging path: logs/leap.log   Level: [DEBUG]
2022-01-10 10:27:26.289 INFO  - Accepting connections on port 8082
2022-01-10 10:27:26.292 INFO  - Accepting connections on port 8080
2022-01-10 10:27:29.092 INFO  - Host: localhost:8080  Client request accepted... : /127.0.0.1
