2022-12-30 14:10:47.494 INFO  - Client request accepted... : /127.0.0.1
2022-12-30 14:10:47.501 INFO  - Client request accepted... : /127.0.0.1
2022-12-30 14:10:47.503 INFO  - GET /time/GetTime HTTP/1.1
2022-12-30 14:10:47.504 INFO  - Cookie= io=PL7TK76OSCzqZRBSAAAC
2022-12-30 14:10:47.504 INFO  - Accept= text/html,application/xhtml+xml,application/xml;q=0.9,image/avif,image/webp,image/apng,*/*;q=0.8,application/signed-exchange;v=b3;q=0.9
2022-12-30 14:10:47.504 INFO  - Connection= keep-alive
2022-12-30 14:10:47.504 INFO  - User-Agent= Mozilla/5.0 (Windows NT 10.0; Win64; x64) AppleWebKit/537.36 (KHTML, like Gecko) Chrome/96.0.4664.110 Safari/537.36
2022-12-30 14:10:47.504 INFO  - Sec-Fetch-Site= none
2022-12-30 14:10:47.505 INFO  - Sec-Fetch-Dest= document
2022-12-30 14:10:47.506 INFO  - Host= localhost:8080
2022-12-30 14:10:47.506 INFO  - Accept-Encoding= gzip, deflate, br
2022-12-30 14:10:47.506 INFO  - Sec-Fetch-Mode= navigate
2022-12-30 14:10:47.506 INFO  - sec-ch-ua= " Not A;Brand";v="99", "Chromium";v="96", "Google Chrome";v="96"
2022-12-30 14:10:47.506 INFO  - sec-ch-ua-mobile= ?0
2022-12-30 14:10:47.506 INFO  - Cache-Control= max-age=0
2022-12-30 14:10:47.507 INFO  - Upgrade-Insecure-Requests= 1
2022-12-30 14:10:47.507 INFO  - sec-ch-ua-platform= "Windows"
2022-12-30 14:10:47.507 INFO  - Sec-Fetch-User= ?1
2022-12-30 14:10:47.507 INFO  - Accept-Language= ko,en-US;q=0.9,en;q=0.8
2022-12-30 14:10:47.507 DEBUG - Request host: localhost
2022-12-30 14:10:47.508 DEBUG - Host: localhost:8080
Connection: keep-alive
Cache-Control: max-age=0
sec-ch-ua: " Not A;Brand";v="99", "Chromium";v="96", "Google Chrome";v="96"
sec-ch-ua-mobile: ?0
sec-ch-ua-platform: "Windows"
Upgrade-Insecure-Requests: 1
User-Agent: Mozilla/5.0 (Windows NT 10.0; Win64; x64) AppleWebKit/537.36 (KHTML, like Gecko) Chrome/96.0.4664.110 Safari/537.36
Accept: text/html,application/xhtml+xml,application/xml;q=0.9,image/avif,image/webp,image/apng,*/*;q=0.8,application/signed-exchange;v=b3;q=0.9
Sec-Fetch-Site: none
Sec-Fetch-Mode: navigate
Sec-Fetch-User: ?1
Sec-Fetch-Dest: document
Accept-Encoding: gzip, deflate, br
Accept-Language: ko,en-US;q=0.9,en;q=0.8
Cookie: io=PL7TK76OSCzqZRBSAAAC
2022-12-30 14:10:47.511 ERROR - java.lang.reflect.InvocationTargetException
org.chaostocosmos.leap.http.WASException: java.lang.reflect.InvocationTargetException
	at org.chaostocosmos.leap.http.service.ServiceInvoker.invokeMethod(ServiceInvoker.java:64)
	at org.chaostocosmos.leap.http.service.AbstractLeapService.serve(AbstractLeapService.java:54)
	at org.chaostocosmos.leap.http.service.TimeServiceImpl.serve(TimeServiceImpl.java:1)
	at org.chaostocosmos.leap.http.service.ServiceInvoker.invokeService(ServiceInvoker.java:34)
	at org.chaostocosmos.leap.http.LeapRequestHandler.run(LeapRequestHandler.java:94)
	at java.base/java.util.concurrent.Executors$RunnableAdapter.call(Executors.java:515)
	at java.base/java.util.concurrent.FutureTask.run(FutureTask.java:264)
	at java.base/java.util.concurrent.ThreadPoolExecutor.runWorker(ThreadPoolExecutor.java:1128)
	at java.base/java.util.concurrent.ThreadPoolExecutor$Worker.run(ThreadPoolExecutor.java:628)
	at java.base/java.lang.Thread.run(Thread.java:829)
Caused by: java.lang.reflect.InvocationTargetException: null
	at java.base/jdk.internal.reflect.NativeMethodAccessorImpl.invoke0(Native Method)
	at java.base/jdk.internal.reflect.NativeMethodAccessorImpl.invoke(NativeMethodAccessorImpl.java:62)
	at java.base/jdk.internal.reflect.DelegatingMethodAccessorImpl.invoke(DelegatingMethodAccessorImpl.java:43)
	at java.base/java.lang.reflect.Method.invoke(Method.java:566)
	at org.chaostocosmos.leap.http.service.ServiceInvoker.invokeMethod(ServiceInvoker.java:62)
	... 9 common frames omitted
Caused by: org.chaostocosmos.leap.http.WASException: Error in building doc-root process: [Ljava.lang.Object;@46fe671d
	at org.chaostocosmos.leap.http.filter.BasicAuthFilter.filterRequest(BasicAuthFilter.java:35)
	... 14 common frames omitted
Caused by: java.lang.Exception: 
	at org.chaostocosmos.leap.http.WASException.<init>(WASException.java:32)
	at org.chaostocosmos.leap.http.WASException.<init>(WASException.java:21)
	... 15 common frames omitted
2022-12-30 14:10:47.760 INFO  - Client request accepted... : /127.0.0.1
