2022-01-07 17:01:37.136 INFO  - Leap WAS server starting...
2022-01-07 17:01:37.144 INFO  - --------------------------------------------------------------------------
2022-01-07 17:01:37.145 INFO  - ThreadPool initialized - CORE: 50 MAX: 50 KEEP-ALIVE WHEN IDLE(seconds): 30
2022-01-07 17:01:37.146 INFO  - verbose mode on
2022-01-07 17:01:37.176 DEBUG - Service not mapping with ServiceMapper annotation: org.chaostocosmos.leap.http.service.DeployService
2022-01-07 17:01:37.189 INFO  - Add service: org.chaostocosmos.leap.http.service.TimeServiceImpl  Mapping path: /time/GetTime
2022-01-07 17:01:37.189 DEBUG - Method not mapping with MethodMapper annotation: servePost
2022-01-07 17:01:37.190 DEBUG - Method not mapping with MethodMapper annotation: serveDelete
2022-01-07 17:01:37.191 DEBUG - Method not mapping with MethodMapper annotation: serveGet
2022-01-07 17:01:37.191 DEBUG - Method not mapping with MethodMapper annotation: servePut
2022-01-07 17:01:37.191 DEBUG - Method not mapping with MethodMapper annotation: setFilters
2022-01-07 17:01:37.192 DEBUG - Method not mapping with MethodMapper annotation: serve
2022-01-07 17:01:37.192 INFO  - Default host added - Server: leap   Host: localhost   Port: 8080   Doc-Root: home   Logging path: logs/leap.log   Level: [DEBUG]
2022-01-07 17:01:37.216 DEBUG - Service not mapping with ServiceMapper annotation: org.chaostocosmos.leap.http.service.DeployService
2022-01-07 17:01:37.217 INFO  - Add service: org.chaostocosmos.leap.http.service.TimeServiceImpl  Mapping path: /time/GetTime
2022-01-07 17:01:37.217 DEBUG - Method not mapping with MethodMapper annotation: servePost
2022-01-07 17:01:37.217 DEBUG - Method not mapping with MethodMapper annotation: serveDelete
2022-01-07 17:01:37.218 DEBUG - Method not mapping with MethodMapper annotation: serveGet
2022-01-07 17:01:37.218 DEBUG - Method not mapping with MethodMapper annotation: servePut
2022-01-07 17:01:37.218 DEBUG - Method not mapping with MethodMapper annotation: setFilters
2022-01-07 17:01:37.219 DEBUG - Method not mapping with MethodMapper annotation: serve
2022-01-07 17:01:37.219 INFO  - Virtual host added - Server: leap2   Host: 192.168.1.28   Port: 8082   Doc-Root: home2   Logging path: logs/leap.log   Level: [DEBUG]
2022-01-07 17:01:37.220 INFO  - Virtual host added - Server: leap1   Host: 127.0.0.1   Port: 8080   Doc-Root: home1   Logging path: logs/leap.log   Level: [DEBUG]
2022-01-07 17:01:37.227 INFO  - Accepting connections on port 8082
2022-01-07 17:01:37.232 INFO  - Accepting connections on port 8080
2022-01-07 17:01:39.782 INFO  - Host: localhost:8080  Client request accepted... : /127.0.0.1
2022-01-07 17:02:04.118 INFO  - Leap WAS server starting...
2022-01-07 17:02:04.121 INFO  - --------------------------------------------------------------------------
2022-01-07 17:02:04.122 INFO  - ThreadPool initialized - CORE: 50 MAX: 50 KEEP-ALIVE WHEN IDLE(seconds): 30
2022-01-07 17:02:04.122 INFO  - verbose mode on
2022-01-07 17:02:04.157 INFO  - Add service: org.chaostocosmos.leap.http.service.TimeServiceImpl  Mapping path: /time/GetTime
2022-01-07 17:02:04.157 DEBUG - Method not mapping with MethodMapper annotation: serve
2022-01-07 17:02:04.157 DEBUG - Method not mapping with MethodMapper annotation: setFilters
2022-01-07 17:02:04.158 DEBUG - Method not mapping with MethodMapper annotation: servePost
2022-01-07 17:02:04.158 DEBUG - Method not mapping with MethodMapper annotation: servePut
2022-01-07 17:02:04.158 DEBUG - Method not mapping with MethodMapper annotation: serveGet
2022-01-07 17:02:04.158 DEBUG - Method not mapping with MethodMapper annotation: serveDelete
2022-01-07 17:02:04.159 DEBUG - Service not mapping with ServiceMapper annotation: org.chaostocosmos.leap.http.service.DeployService
2022-01-07 17:02:04.159 INFO  - Default host added - Server: leap   Host: localhost   Port: 8080   Doc-Root: home   Logging path: logs/leap.log   Level: [DEBUG]
2022-01-07 17:02:04.167 INFO  - Add service: org.chaostocosmos.leap.http.service.TimeServiceImpl  Mapping path: /time/GetTime
2022-01-07 17:02:04.167 DEBUG - Method not mapping with MethodMapper annotation: serve
2022-01-07 17:02:04.168 DEBUG - Method not mapping with MethodMapper annotation: setFilters
2022-01-07 17:02:04.168 DEBUG - Method not mapping with MethodMapper annotation: servePost
2022-01-07 17:02:04.168 DEBUG - Method not mapping with MethodMapper annotation: servePut
2022-01-07 17:02:04.169 DEBUG - Method not mapping with MethodMapper annotation: serveGet
2022-01-07 17:02:04.169 DEBUG - Method not mapping with MethodMapper annotation: serveDelete
2022-01-07 17:02:04.170 DEBUG - Service not mapping with ServiceMapper annotation: org.chaostocosmos.leap.http.service.DeployService
2022-01-07 17:02:04.170 INFO  - Virtual host added - Server: leap2   Host: 192.168.1.28   Port: 8082   Doc-Root: home2   Logging path: logs/leap.log   Level: [DEBUG]
2022-01-07 17:02:04.170 INFO  - Virtual host added - Server: leap1   Host: 127.0.0.1   Port: 8080   Doc-Root: home1   Logging path: logs/leap.log   Level: [DEBUG]
2022-01-07 17:02:04.174 INFO  - Accepting connections on port 8082
2022-01-07 17:02:04.178 INFO  - Accepting connections on port 8080
2022-01-07 17:02:08.122 INFO  - Host: localhost:8080  Client request accepted... : /127.0.0.1
2022-01-07 17:02:20.852 DEBUG - Request host: localhost
2022-01-07 17:02:20.853 DEBUG - Accept: */*
User-Agent: PostmanRuntime/7.28.4
Connection: keep-alive
Postman-Token: 93b4d1a5-4c52-4138-b186-2597ac348cfd
Host: localhost:8080
Accept-Encoding: gzip, deflate, br
Content-Length: 18973468
@Client: localhost
Content-Type: multipart/form-data; boundary=--------------------------189629829557360330402786
2022-01-07 17:02:20.854 DEBUG - .\home\webapp\WEB-INF\static\index.html   index.html   .\home\webapp\WEB-INF\static
2022-01-07 17:02:20.867 DEBUG - { httpRequestDescriptor='{ httpRequest='http://localhost:8080/ GET', httpVersion='HTTP/1.1', requestType='GET', requestedHost='localhost', reqHeader='{Accept=*/*, User-Agent=PostmanRuntime/7.28.4, Connection=keep-alive, Postman-Token=93b4d1a5-4c52-4138-b186-2597ac348cfd, Host=localhost:8080, Accept-Encoding=gzip, deflate, br, Content-Length=18973468, @Client=localhost, Content-Type=multipart/form-data; boundary=--------------------------189629829557360330402786}', contentType='multipart/form-data', reqBody='null', contextPath='/', url='http://localhost:8080/', contextParam='{}', multipartList='org.chaostocosmos.leap.http.HttpRequestDescriptor$MultipartDescriptor@3e16f792'}', httpResponse='null', requestedHost='localhost', responseCode='200', responseBody='[B@49e3da', responseHeader='{Server=LeapWAS 1.0.0, Date=Fri Jan 07 17:02:20 KST 2022}'}
2022-01-07 17:03:13.345 INFO  - Host: localhost:8080  Client request accepted... : /127.0.0.1
2022-01-07 17:07:21.754 INFO  - Leap WAS server starting...
2022-01-07 17:07:21.758 INFO  - --------------------------------------------------------------------------
2022-01-07 17:07:21.760 INFO  - ThreadPool initialized - CORE: 50 MAX: 50 KEEP-ALIVE WHEN IDLE(seconds): 30
2022-01-07 17:07:21.761 INFO  - verbose mode on
2022-01-07 17:07:21.868 DEBUG - Method not mapping with MethodMapper annotation: serve
2022-01-07 17:07:21.878 DEBUG - Method not mapping with MethodMapper annotation: setFilters
2022-01-07 17:07:21.878 DEBUG - Method not mapping with MethodMapper annotation: serveDelete
2022-01-07 17:07:21.879 DEBUG - Method not mapping with MethodMapper annotation: serveGet
2022-01-07 17:07:21.880 DEBUG - Method not mapping with MethodMapper annotation: servePost
2022-01-07 17:07:21.881 DEBUG - Method not mapping with MethodMapper annotation: servePut
2022-01-07 17:07:21.885 INFO  - Add service: org.chaostocosmos.leap.http.service.TimeServiceImpl  Mapping path: /time/GetTime
2022-01-07 17:07:21.886 DEBUG - Service not mapping with ServiceMapper annotation: org.chaostocosmos.leap.http.service.DeployService
2022-01-07 17:07:21.886 INFO  - Default host added - Server: leap   Host: localhost   Port: 8080   Doc-Root: home   Logging path: logs/leap.log   Level: [DEBUG]
2022-01-07 17:07:21.896 DEBUG - Method not mapping with MethodMapper annotation: serve
2022-01-07 17:07:21.896 DEBUG - Method not mapping with MethodMapper annotation: setFilters
2022-01-07 17:07:21.897 DEBUG - Method not mapping with MethodMapper annotation: serveDelete
2022-01-07 17:07:21.897 DEBUG - Method not mapping with MethodMapper annotation: serveGet
2022-01-07 17:07:21.897 DEBUG - Method not mapping with MethodMapper annotation: servePost
2022-01-07 17:07:21.897 DEBUG - Method not mapping with MethodMapper annotation: servePut
2022-01-07 17:07:21.898 INFO  - Add service: org.chaostocosmos.leap.http.service.TimeServiceImpl  Mapping path: /time/GetTime
2022-01-07 17:07:21.898 DEBUG - Service not mapping with ServiceMapper annotation: org.chaostocosmos.leap.http.service.DeployService
2022-01-07 17:07:21.899 INFO  - Virtual host added - Server: leap2   Host: 192.168.1.28   Port: 8082   Doc-Root: home2   Logging path: logs/leap.log   Level: [DEBUG]
2022-01-07 17:07:21.900 INFO  - Virtual host added - Server: leap1   Host: 127.0.0.1   Port: 8080   Doc-Root: home1   Logging path: logs/leap.log   Level: [DEBUG]
2022-01-07 17:07:21.905 INFO  - Accepting connections on port 8082
2022-01-07 17:07:21.910 INFO  - Accepting connections on port 8080
2022-01-07 17:07:23.945 INFO  - Host: localhost:8080  Client request accepted... : /127.0.0.1
2022-01-07 17:08:20.657 INFO  - Leap WAS server starting...
2022-01-07 17:08:20.661 INFO  - --------------------------------------------------------------------------
2022-01-07 17:08:20.661 INFO  - ThreadPool initialized - CORE: 50 MAX: 50 KEEP-ALIVE WHEN IDLE(seconds): 30
2022-01-07 17:08:20.661 INFO  - verbose mode on
2022-01-07 17:08:20.695 INFO  - Add service: org.chaostocosmos.leap.http.service.TimeServiceImpl  Mapping path: /time/GetTime
2022-01-07 17:08:20.696 DEBUG - Method not mapping with MethodMapper annotation: setFilters
2022-01-07 17:08:20.696 DEBUG - Method not mapping with MethodMapper annotation: serve
2022-01-07 17:08:20.697 DEBUG - Method not mapping with MethodMapper annotation: serveGet
2022-01-07 17:08:20.697 DEBUG - Method not mapping with MethodMapper annotation: servePost
2022-01-07 17:08:20.697 DEBUG - Method not mapping with MethodMapper annotation: servePut
2022-01-07 17:08:20.697 DEBUG - Method not mapping with MethodMapper annotation: serveDelete
2022-01-07 17:08:20.698 DEBUG - Service not mapping with ServiceMapper annotation: org.chaostocosmos.leap.http.service.DeployService
2022-01-07 17:08:20.698 INFO  - Default host added - Server: leap   Host: localhost   Port: 8080   Doc-Root: home   Logging path: logs/leap.log   Level: [DEBUG]
2022-01-07 17:08:20.706 INFO  - Add service: org.chaostocosmos.leap.http.service.TimeServiceImpl  Mapping path: /time/GetTime
2022-01-07 17:08:20.707 DEBUG - Method not mapping with MethodMapper annotation: setFilters
2022-01-07 17:08:20.708 DEBUG - Method not mapping with MethodMapper annotation: serve
2022-01-07 17:08:20.708 DEBUG - Method not mapping with MethodMapper annotation: serveGet
2022-01-07 17:08:20.708 DEBUG - Method not mapping with MethodMapper annotation: servePost
2022-01-07 17:08:20.709 DEBUG - Method not mapping with MethodMapper annotation: servePut
2022-01-07 17:08:20.709 DEBUG - Method not mapping with MethodMapper annotation: serveDelete
2022-01-07 17:08:20.709 DEBUG - Service not mapping with ServiceMapper annotation: org.chaostocosmos.leap.http.service.DeployService
2022-01-07 17:08:20.709 INFO  - Virtual host added - Server: leap2   Host: 192.168.1.28   Port: 8082   Doc-Root: home2   Logging path: logs/leap.log   Level: [DEBUG]
2022-01-07 17:08:20.710 INFO  - Virtual host added - Server: leap1   Host: 127.0.0.1   Port: 8080   Doc-Root: home1   Logging path: logs/leap.log   Level: [DEBUG]
2022-01-07 17:08:20.714 INFO  - Accepting connections on port 8082
2022-01-07 17:08:20.718 INFO  - Accepting connections on port 8080
2022-01-07 17:08:23.485 INFO  - Host: localhost:8080  Client request accepted... : /127.0.0.1
2022-01-07 17:09:01.524 INFO  - Leap WAS server starting...
2022-01-07 17:09:01.527 INFO  - --------------------------------------------------------------------------
2022-01-07 17:09:01.527 INFO  - ThreadPool initialized - CORE: 50 MAX: 50 KEEP-ALIVE WHEN IDLE(seconds): 30
2022-01-07 17:09:01.528 INFO  - verbose mode on
2022-01-07 17:09:01.560 DEBUG - Method not mapping with MethodMapper annotation: serve
2022-01-07 17:09:01.560 DEBUG - Method not mapping with MethodMapper annotation: setFilters
2022-01-07 17:09:01.560 DEBUG - Method not mapping with MethodMapper annotation: serveGet
2022-01-07 17:09:01.561 DEBUG - Method not mapping with MethodMapper annotation: servePut
2022-01-07 17:09:01.561 DEBUG - Method not mapping with MethodMapper annotation: serveDelete
2022-01-07 17:09:01.561 DEBUG - Method not mapping with MethodMapper annotation: servePost
2022-01-07 17:09:01.565 INFO  - Add service: org.chaostocosmos.leap.http.service.TimeServiceImpl  Mapping path: /time/GetTime
2022-01-07 17:09:01.566 DEBUG - Service not mapping with ServiceMapper annotation: org.chaostocosmos.leap.http.service.DeployService
2022-01-07 17:09:01.567 INFO  - Default host added - Server: leap   Host: localhost   Port: 8080   Doc-Root: home   Logging path: logs/leap.log   Level: [DEBUG]
2022-01-07 17:09:01.575 DEBUG - Method not mapping with MethodMapper annotation: serve
2022-01-07 17:09:01.576 DEBUG - Method not mapping with MethodMapper annotation: setFilters
2022-01-07 17:09:01.576 DEBUG - Method not mapping with MethodMapper annotation: serveGet
2022-01-07 17:09:01.576 DEBUG - Method not mapping with MethodMapper annotation: servePut
2022-01-07 17:09:01.576 DEBUG - Method not mapping with MethodMapper annotation: serveDelete
2022-01-07 17:09:01.577 DEBUG - Method not mapping with MethodMapper annotation: servePost
2022-01-07 17:09:01.577 INFO  - Add service: org.chaostocosmos.leap.http.service.TimeServiceImpl  Mapping path: /time/GetTime
2022-01-07 17:09:01.577 DEBUG - Service not mapping with ServiceMapper annotation: org.chaostocosmos.leap.http.service.DeployService
2022-01-07 17:09:01.577 INFO  - Virtual host added - Server: leap2   Host: 192.168.1.28   Port: 8082   Doc-Root: home2   Logging path: logs/leap.log   Level: [DEBUG]
2022-01-07 17:09:01.578 INFO  - Virtual host added - Server: leap1   Host: 127.0.0.1   Port: 8080   Doc-Root: home1   Logging path: logs/leap.log   Level: [DEBUG]
2022-01-07 17:09:01.582 INFO  - Accepting connections on port 8082
2022-01-07 17:09:01.586 INFO  - Accepting connections on port 8080
2022-01-07 17:09:05.572 INFO  - Host: localhost:8080  Client request accepted... : /127.0.0.1
2022-01-07 17:10:40.282 INFO  - Leap WAS server starting...
2022-01-07 17:10:40.285 INFO  - --------------------------------------------------------------------------
2022-01-07 17:10:40.285 INFO  - ThreadPool initialized - CORE: 50 MAX: 50 KEEP-ALIVE WHEN IDLE(seconds): 30
2022-01-07 17:10:40.285 INFO  - verbose mode on
2022-01-07 17:10:40.319 INFO  - Add service: org.chaostocosmos.leap.http.service.TimeServiceImpl  Mapping path: /time/GetTime
2022-01-07 17:10:40.319 DEBUG - Method not mapping with MethodMapper annotation: serve
2022-01-07 17:10:40.319 DEBUG - Method not mapping with MethodMapper annotation: setFilters
2022-01-07 17:10:40.319 DEBUG - Method not mapping with MethodMapper annotation: servePut
2022-01-07 17:10:40.320 DEBUG - Method not mapping with MethodMapper annotation: serveGet
2022-01-07 17:10:40.320 DEBUG - Method not mapping with MethodMapper annotation: serveDelete
2022-01-07 17:10:40.321 DEBUG - Method not mapping with MethodMapper annotation: servePost
2022-01-07 17:10:40.322 DEBUG - Service not mapping with ServiceMapper annotation: org.chaostocosmos.leap.http.service.DeployService
2022-01-07 17:10:40.322 INFO  - Default host added - Server: leap   Host: localhost   Port: 8080   Doc-Root: home   Logging path: logs/leap.log   Level: [DEBUG]
2022-01-07 17:10:40.328 INFO  - Add service: org.chaostocosmos.leap.http.service.TimeServiceImpl  Mapping path: /time/GetTime
2022-01-07 17:10:40.329 DEBUG - Method not mapping with MethodMapper annotation: serve
2022-01-07 17:10:40.329 DEBUG - Method not mapping with MethodMapper annotation: setFilters
2022-01-07 17:10:40.330 DEBUG - Method not mapping with MethodMapper annotation: servePut
2022-01-07 17:10:40.330 DEBUG - Method not mapping with MethodMapper annotation: serveGet
2022-01-07 17:10:40.330 DEBUG - Method not mapping with MethodMapper annotation: serveDelete
2022-01-07 17:10:40.330 DEBUG - Method not mapping with MethodMapper annotation: servePost
2022-01-07 17:10:40.330 DEBUG - Service not mapping with ServiceMapper annotation: org.chaostocosmos.leap.http.service.DeployService
2022-01-07 17:10:40.331 INFO  - Virtual host added - Server: leap2   Host: 192.168.1.28   Port: 8082   Doc-Root: home2   Logging path: logs/leap.log   Level: [DEBUG]
2022-01-07 17:10:40.331 INFO  - Virtual host added - Server: leap1   Host: 127.0.0.1   Port: 8080   Doc-Root: home1   Logging path: logs/leap.log   Level: [DEBUG]
2022-01-07 17:10:40.335 INFO  - Accepting connections on port 8082
2022-01-07 17:10:40.338 INFO  - Accepting connections on port 8080
2022-01-07 17:10:42.494 INFO  - Host: localhost:8080  Client request accepted... : /127.0.0.1
2022-01-07 17:11:22.129 INFO  - Leap WAS server starting...
2022-01-07 17:11:22.133 INFO  - --------------------------------------------------------------------------
2022-01-07 17:11:22.133 INFO  - ThreadPool initialized - CORE: 50 MAX: 50 KEEP-ALIVE WHEN IDLE(seconds): 30
2022-01-07 17:11:22.134 INFO  - verbose mode on
2022-01-07 17:11:22.173 INFO  - Add service: org.chaostocosmos.leap.http.service.TimeServiceImpl  Mapping path: /time/GetTime
2022-01-07 17:11:22.173 DEBUG - Method not mapping with MethodMapper annotation: serve
2022-01-07 17:11:22.174 DEBUG - Method not mapping with MethodMapper annotation: setFilters
2022-01-07 17:11:22.174 DEBUG - Method not mapping with MethodMapper annotation: servePost
2022-01-07 17:11:22.174 DEBUG - Method not mapping with MethodMapper annotation: serveDelete
2022-01-07 17:11:22.174 DEBUG - Method not mapping with MethodMapper annotation: servePut
2022-01-07 17:11:22.175 DEBUG - Method not mapping with MethodMapper annotation: serveGet
2022-01-07 17:11:22.175 DEBUG - Service not mapping with ServiceMapper annotation: org.chaostocosmos.leap.http.service.DeployService
2022-01-07 17:11:22.175 INFO  - Default host added - Server: leap   Host: localhost   Port: 8080   Doc-Root: home   Logging path: logs/leap.log   Level: [DEBUG]
2022-01-07 17:11:22.183 INFO  - Add service: org.chaostocosmos.leap.http.service.TimeServiceImpl  Mapping path: /time/GetTime
2022-01-07 17:11:22.185 DEBUG - Method not mapping with MethodMapper annotation: serve
2022-01-07 17:11:22.185 DEBUG - Method not mapping with MethodMapper annotation: setFilters
2022-01-07 17:11:22.185 DEBUG - Method not mapping with MethodMapper annotation: servePost
2022-01-07 17:11:22.185 DEBUG - Method not mapping with MethodMapper annotation: serveDelete
2022-01-07 17:11:22.186 DEBUG - Method not mapping with MethodMapper annotation: servePut
2022-01-07 17:11:22.186 DEBUG - Method not mapping with MethodMapper annotation: serveGet
2022-01-07 17:11:22.186 DEBUG - Service not mapping with ServiceMapper annotation: org.chaostocosmos.leap.http.service.DeployService
2022-01-07 17:11:22.186 INFO  - Virtual host added - Server: leap2   Host: 192.168.1.28   Port: 8082   Doc-Root: home2   Logging path: logs/leap.log   Level: [DEBUG]
2022-01-07 17:11:22.187 INFO  - Virtual host added - Server: leap1   Host: 127.0.0.1   Port: 8080   Doc-Root: home1   Logging path: logs/leap.log   Level: [DEBUG]
2022-01-07 17:11:22.192 INFO  - Accepting connections on port 8082
2022-01-07 17:11:22.197 INFO  - Accepting connections on port 8080
2022-01-07 17:11:25.337 INFO  - Host: localhost:8080  Client request accepted... : /127.0.0.1
2022-01-07 17:11:43.956 INFO  - Leap WAS server starting...
2022-01-07 17:11:43.959 INFO  - --------------------------------------------------------------------------
2022-01-07 17:11:43.959 INFO  - ThreadPool initialized - CORE: 50 MAX: 50 KEEP-ALIVE WHEN IDLE(seconds): 30
2022-01-07 17:11:43.960 INFO  - verbose mode on
2022-01-07 17:11:44.003 DEBUG - Method not mapping with MethodMapper annotation: serve
2022-01-07 17:11:44.004 DEBUG - Method not mapping with MethodMapper annotation: setFilters
2022-01-07 17:11:44.004 DEBUG - Method not mapping with MethodMapper annotation: serveDelete
2022-01-07 17:11:44.005 DEBUG - Method not mapping with MethodMapper annotation: servePost
2022-01-07 17:11:44.005 DEBUG - Method not mapping with MethodMapper annotation: servePut
2022-01-07 17:11:44.005 DEBUG - Method not mapping with MethodMapper annotation: serveGet
2022-01-07 17:11:44.049 INFO  - Add service: org.chaostocosmos.leap.http.service.TimeServiceImpl  Mapping path: /time/GetTime
2022-01-07 17:11:44.057 DEBUG - Service not mapping with ServiceMapper annotation: org.chaostocosmos.leap.http.service.DeployService
2022-01-07 17:11:44.062 INFO  - Default host added - Server: leap   Host: localhost   Port: 8080   Doc-Root: home   Logging path: logs/leap.log   Level: [DEBUG]
2022-01-07 17:11:44.179 DEBUG - Method not mapping with MethodMapper annotation: serve
2022-01-07 17:11:44.180 DEBUG - Method not mapping with MethodMapper annotation: setFilters
2022-01-07 17:11:44.181 DEBUG - Method not mapping with MethodMapper annotation: serveDelete
2022-01-07 17:11:44.181 DEBUG - Method not mapping with MethodMapper annotation: servePost
2022-01-07 17:11:44.182 DEBUG - Method not mapping with MethodMapper annotation: servePut
2022-01-07 17:11:44.182 DEBUG - Method not mapping with MethodMapper annotation: serveGet
2022-01-07 17:11:44.182 INFO  - Add service: org.chaostocosmos.leap.http.service.TimeServiceImpl  Mapping path: /time/GetTime
2022-01-07 17:11:44.182 DEBUG - Service not mapping with ServiceMapper annotation: org.chaostocosmos.leap.http.service.DeployService
2022-01-07 17:11:44.183 INFO  - Virtual host added - Server: leap2   Host: 192.168.1.28   Port: 8082   Doc-Root: home2   Logging path: logs/leap.log   Level: [DEBUG]
2022-01-07 17:11:44.183 INFO  - Virtual host added - Server: leap1   Host: 127.0.0.1   Port: 8080   Doc-Root: home1   Logging path: logs/leap.log   Level: [DEBUG]
2022-01-07 17:11:44.189 INFO  - Accepting connections on port 8082
2022-01-07 17:11:44.194 INFO  - Accepting connections on port 8080
2022-01-07 17:11:46.535 INFO  - Host: localhost:8080  Client request accepted... : /127.0.0.1
2022-01-07 17:12:01.067 INFO  - Leap WAS server starting...
2022-01-07 17:12:01.070 INFO  - --------------------------------------------------------------------------
2022-01-07 17:12:01.070 INFO  - ThreadPool initialized - CORE: 50 MAX: 50 KEEP-ALIVE WHEN IDLE(seconds): 30
2022-01-07 17:12:01.070 INFO  - verbose mode on
2022-01-07 17:12:01.118 INFO  - Add service: org.chaostocosmos.leap.http.service.TimeServiceImpl  Mapping path: /time/GetTime
2022-01-07 17:12:01.119 DEBUG - Method not mapping with MethodMapper annotation: setFilters
2022-01-07 17:12:01.119 DEBUG - Method not mapping with MethodMapper annotation: serve
2022-01-07 17:12:01.119 DEBUG - Method not mapping with MethodMapper annotation: serveGet
2022-01-07 17:12:01.120 DEBUG - Method not mapping with MethodMapper annotation: serveDelete
2022-01-07 17:12:01.120 DEBUG - Method not mapping with MethodMapper annotation: servePut
2022-01-07 17:12:01.120 DEBUG - Method not mapping with MethodMapper annotation: servePost
2022-01-07 17:12:01.120 DEBUG - Service not mapping with ServiceMapper annotation: org.chaostocosmos.leap.http.service.DeployService
2022-01-07 17:12:01.120 INFO  - Default host added - Server: leap   Host: localhost   Port: 8080   Doc-Root: home   Logging path: logs/leap.log   Level: [DEBUG]
2022-01-07 17:12:01.128 INFO  - Add service: org.chaostocosmos.leap.http.service.TimeServiceImpl  Mapping path: /time/GetTime
2022-01-07 17:12:01.129 DEBUG - Method not mapping with MethodMapper annotation: setFilters
2022-01-07 17:12:01.129 DEBUG - Method not mapping with MethodMapper annotation: serve
2022-01-07 17:12:01.130 DEBUG - Method not mapping with MethodMapper annotation: serveGet
2022-01-07 17:12:01.130 DEBUG - Method not mapping with MethodMapper annotation: serveDelete
2022-01-07 17:12:01.130 DEBUG - Method not mapping with MethodMapper annotation: servePut
2022-01-07 17:12:01.131 DEBUG - Method not mapping with MethodMapper annotation: servePost
2022-01-07 17:12:01.131 DEBUG - Service not mapping with ServiceMapper annotation: org.chaostocosmos.leap.http.service.DeployService
2022-01-07 17:12:01.132 INFO  - Virtual host added - Server: leap2   Host: 192.168.1.28   Port: 8082   Doc-Root: home2   Logging path: logs/leap.log   Level: [DEBUG]
2022-01-07 17:12:01.132 INFO  - Virtual host added - Server: leap1   Host: 127.0.0.1   Port: 8080   Doc-Root: home1   Logging path: logs/leap.log   Level: [DEBUG]
2022-01-07 17:12:01.136 INFO  - Accepting connections on port 8082
2022-01-07 17:12:01.140 INFO  - Accepting connections on port 8080
2022-01-07 17:12:03.848 INFO  - Host: localhost:8080  Client request accepted... : /127.0.0.1
2022-01-07 17:17:01.299 INFO  - Leap WAS server starting...
2022-01-07 17:17:01.302 INFO  - --------------------------------------------------------------------------
2022-01-07 17:17:01.302 INFO  - ThreadPool initialized - CORE: 50 MAX: 50 KEEP-ALIVE WHEN IDLE(seconds): 30
2022-01-07 17:17:01.304 INFO  - verbose mode on
2022-01-07 17:17:01.339 INFO  - Add service: org.chaostocosmos.leap.http.service.TimeServiceImpl  Mapping path: /time/GetTime
2022-01-07 17:17:01.340 DEBUG - Method not mapping with MethodMapper annotation: setFilters
2022-01-07 17:17:01.340 DEBUG - Method not mapping with MethodMapper annotation: serve
2022-01-07 17:17:01.342 DEBUG - Method not mapping with MethodMapper annotation: serveDelete
2022-01-07 17:17:01.343 DEBUG - Method not mapping with MethodMapper annotation: servePut
2022-01-07 17:17:01.343 DEBUG - Method not mapping with MethodMapper annotation: serveGet
2022-01-07 17:17:01.343 DEBUG - Method not mapping with MethodMapper annotation: servePost
2022-01-07 17:17:01.343 DEBUG - Service not mapping with ServiceMapper annotation: org.chaostocosmos.leap.http.service.DeployService
2022-01-07 17:17:01.344 INFO  - Default host added - Server: leap   Host: localhost   Port: 8080   Doc-Root: home   Logging path: logs/leap.log   Level: [DEBUG]
2022-01-07 17:17:01.351 INFO  - Add service: org.chaostocosmos.leap.http.service.TimeServiceImpl  Mapping path: /time/GetTime
2022-01-07 17:17:01.352 DEBUG - Method not mapping with MethodMapper annotation: setFilters
2022-01-07 17:17:01.352 DEBUG - Method not mapping with MethodMapper annotation: serve
2022-01-07 17:17:01.353 DEBUG - Method not mapping with MethodMapper annotation: serveDelete
2022-01-07 17:17:01.354 DEBUG - Method not mapping with MethodMapper annotation: servePut
2022-01-07 17:17:01.354 DEBUG - Method not mapping with MethodMapper annotation: serveGet
2022-01-07 17:17:01.354 DEBUG - Method not mapping with MethodMapper annotation: servePost
2022-01-07 17:17:01.354 DEBUG - Service not mapping with ServiceMapper annotation: org.chaostocosmos.leap.http.service.DeployService
2022-01-07 17:17:01.355 INFO  - Virtual host added - Server: leap2   Host: 192.168.1.28   Port: 8082   Doc-Root: home2   Logging path: logs/leap.log   Level: [DEBUG]
2022-01-07 17:17:01.355 INFO  - Virtual host added - Server: leap1   Host: 127.0.0.1   Port: 8080   Doc-Root: home1   Logging path: logs/leap.log   Level: [DEBUG]
2022-01-07 17:17:01.361 INFO  - Accepting connections on port 8082
2022-01-07 17:17:01.365 INFO  - Accepting connections on port 8080
2022-01-07 17:17:03.487 INFO  - Host: localhost:8080  Client request accepted... : /127.0.0.1
2022-01-07 17:17:21.910 INFO  - Leap WAS server starting...
2022-01-07 17:17:21.913 INFO  - --------------------------------------------------------------------------
2022-01-07 17:17:21.913 INFO  - ThreadPool initialized - CORE: 50 MAX: 50 KEEP-ALIVE WHEN IDLE(seconds): 30
2022-01-07 17:17:21.913 INFO  - verbose mode on
2022-01-07 17:17:21.975 INFO  - Add service: org.chaostocosmos.leap.http.service.TimeServiceImpl  Mapping path: /time/GetTime
2022-01-07 17:17:21.976 DEBUG - Method not mapping with MethodMapper annotation: serve
2022-01-07 17:17:21.976 DEBUG - Method not mapping with MethodMapper annotation: setFilters
2022-01-07 17:17:21.976 DEBUG - Method not mapping with MethodMapper annotation: serveDelete
2022-01-07 17:17:21.976 DEBUG - Method not mapping with MethodMapper annotation: servePost
2022-01-07 17:17:21.977 DEBUG - Method not mapping with MethodMapper annotation: serveGet
2022-01-07 17:17:21.977 DEBUG - Method not mapping with MethodMapper annotation: servePut
2022-01-07 17:17:21.977 DEBUG - Service not mapping with ServiceMapper annotation: org.chaostocosmos.leap.http.service.DeployService
2022-01-07 17:17:21.978 INFO  - Default host added - Server: leap   Host: localhost   Port: 8080   Doc-Root: home   Logging path: logs/leap.log   Level: [DEBUG]
2022-01-07 17:17:21.989 INFO  - Add service: org.chaostocosmos.leap.http.service.TimeServiceImpl  Mapping path: /time/GetTime
2022-01-07 17:17:21.990 DEBUG - Method not mapping with MethodMapper annotation: serve
2022-01-07 17:17:21.990 DEBUG - Method not mapping with MethodMapper annotation: setFilters
2022-01-07 17:17:21.991 DEBUG - Method not mapping with MethodMapper annotation: serveDelete
2022-01-07 17:17:21.991 DEBUG - Method not mapping with MethodMapper annotation: servePost
2022-01-07 17:17:21.991 DEBUG - Method not mapping with MethodMapper annotation: serveGet
2022-01-07 17:17:21.992 DEBUG - Method not mapping with MethodMapper annotation: servePut
2022-01-07 17:17:21.992 DEBUG - Service not mapping with ServiceMapper annotation: org.chaostocosmos.leap.http.service.DeployService
2022-01-07 17:17:21.992 INFO  - Virtual host added - Server: leap2   Host: 192.168.1.28   Port: 8082   Doc-Root: home2   Logging path: logs/leap.log   Level: [DEBUG]
2022-01-07 17:17:21.993 INFO  - Virtual host added - Server: leap1   Host: 127.0.0.1   Port: 8080   Doc-Root: home1   Logging path: logs/leap.log   Level: [DEBUG]
2022-01-07 17:17:21.998 INFO  - Accepting connections on port 8082
2022-01-07 17:17:22.016 INFO  - Accepting connections on port 8080
2022-01-07 17:17:23.658 INFO  - Host: localhost:8080  Client request accepted... : /127.0.0.1
2022-01-07 17:18:54.631 INFO  - Leap WAS server starting...
2022-01-07 17:18:54.634 INFO  - --------------------------------------------------------------------------
2022-01-07 17:18:54.635 INFO  - ThreadPool initialized - CORE: 50 MAX: 50 KEEP-ALIVE WHEN IDLE(seconds): 30
2022-01-07 17:18:54.635 INFO  - verbose mode on
2022-01-07 17:18:54.668 DEBUG - Method not mapping with MethodMapper annotation: servePut
2022-01-07 17:18:54.668 DEBUG - Method not mapping with MethodMapper annotation: serveDelete
2022-01-07 17:18:54.668 DEBUG - Method not mapping with MethodMapper annotation: servePost
2022-01-07 17:18:54.669 DEBUG - Method not mapping with MethodMapper annotation: serveGet
2022-01-07 17:18:54.669 DEBUG - Method not mapping with MethodMapper annotation: serve
2022-01-07 17:18:54.669 DEBUG - Method not mapping with MethodMapper annotation: setFilters
2022-01-07 17:18:54.674 INFO  - Add service: org.chaostocosmos.leap.http.service.TimeServiceImpl  Mapping path: /time/GetTime
2022-01-07 17:18:54.674 DEBUG - Service not mapping with ServiceMapper annotation: org.chaostocosmos.leap.http.service.DeployService
2022-01-07 17:18:54.674 INFO  - Default host added - Server: leap   Host: localhost   Port: 8080   Doc-Root: home   Logging path: logs/leap.log   Level: [DEBUG]
2022-01-07 17:18:54.682 DEBUG - Method not mapping with MethodMapper annotation: servePut
2022-01-07 17:18:54.683 DEBUG - Method not mapping with MethodMapper annotation: serveDelete
2022-01-07 17:18:54.683 DEBUG - Method not mapping with MethodMapper annotation: servePost
2022-01-07 17:18:54.684 DEBUG - Method not mapping with MethodMapper annotation: serveGet
2022-01-07 17:18:54.684 DEBUG - Method not mapping with MethodMapper annotation: serve
2022-01-07 17:18:54.685 DEBUG - Method not mapping with MethodMapper annotation: setFilters
2022-01-07 17:18:54.685 INFO  - Add service: org.chaostocosmos.leap.http.service.TimeServiceImpl  Mapping path: /time/GetTime
2022-01-07 17:18:54.685 DEBUG - Service not mapping with ServiceMapper annotation: org.chaostocosmos.leap.http.service.DeployService
2022-01-07 17:18:54.685 INFO  - Virtual host added - Server: leap2   Host: 192.168.1.28   Port: 8082   Doc-Root: home2   Logging path: logs/leap.log   Level: [DEBUG]
2022-01-07 17:18:54.686 INFO  - Virtual host added - Server: leap1   Host: 127.0.0.1   Port: 8080   Doc-Root: home1   Logging path: logs/leap.log   Level: [DEBUG]
2022-01-07 17:18:54.691 INFO  - Accepting connections on port 8082
2022-01-07 17:18:54.695 INFO  - Accepting connections on port 8080
2022-01-07 17:18:56.409 INFO  - Host: localhost:8080  Client request accepted... : /127.0.0.1
2022-01-07 17:19:12.859 INFO  - Leap WAS server starting...
2022-01-07 17:19:12.862 INFO  - --------------------------------------------------------------------------
2022-01-07 17:19:12.862 INFO  - ThreadPool initialized - CORE: 50 MAX: 50 KEEP-ALIVE WHEN IDLE(seconds): 30
2022-01-07 17:19:12.863 INFO  - verbose mode on
2022-01-07 17:19:12.892 DEBUG - Method not mapping with MethodMapper annotation: servePost
2022-01-07 17:19:12.893 DEBUG - Method not mapping with MethodMapper annotation: serveGet
2022-01-07 17:19:12.893 DEBUG - Method not mapping with MethodMapper annotation: servePut
2022-01-07 17:19:12.894 DEBUG - Method not mapping with MethodMapper annotation: serveDelete
2022-01-07 17:19:12.894 DEBUG - Method not mapping with MethodMapper annotation: serve
2022-01-07 17:19:12.894 DEBUG - Method not mapping with MethodMapper annotation: setFilters
2022-01-07 17:19:12.896 INFO  - Add service: org.chaostocosmos.leap.http.service.TimeServiceImpl  Mapping path: /time/GetTime
2022-01-07 17:19:12.897 DEBUG - Service not mapping with ServiceMapper annotation: org.chaostocosmos.leap.http.service.DeployService
2022-01-07 17:19:12.897 INFO  - Default host added - Server: leap   Host: localhost   Port: 8080   Doc-Root: home   Logging path: logs/leap.log   Level: [DEBUG]
2022-01-07 17:19:12.907 DEBUG - Method not mapping with MethodMapper annotation: servePost
2022-01-07 17:19:12.907 DEBUG - Method not mapping with MethodMapper annotation: serveGet
2022-01-07 17:19:12.908 DEBUG - Method not mapping with MethodMapper annotation: servePut
2022-01-07 17:19:12.908 DEBUG - Method not mapping with MethodMapper annotation: serveDelete
2022-01-07 17:19:12.909 DEBUG - Method not mapping with MethodMapper annotation: serve
2022-01-07 17:19:12.910 DEBUG - Method not mapping with MethodMapper annotation: setFilters
2022-01-07 17:19:12.910 INFO  - Add service: org.chaostocosmos.leap.http.service.TimeServiceImpl  Mapping path: /time/GetTime
2022-01-07 17:19:12.910 DEBUG - Service not mapping with ServiceMapper annotation: org.chaostocosmos.leap.http.service.DeployService
2022-01-07 17:19:12.910 INFO  - Virtual host added - Server: leap2   Host: 192.168.1.28   Port: 8082   Doc-Root: home2   Logging path: logs/leap.log   Level: [DEBUG]
2022-01-07 17:19:12.910 INFO  - Virtual host added - Server: leap1   Host: 127.0.0.1   Port: 8080   Doc-Root: home1   Logging path: logs/leap.log   Level: [DEBUG]
2022-01-07 17:19:12.916 INFO  - Accepting connections on port 8082
2022-01-07 17:19:12.920 INFO  - Accepting connections on port 8080
2022-01-07 17:19:14.499 INFO  - Host: localhost:8080  Client request accepted... : /127.0.0.1
2022-01-07 17:20:40.891 INFO  - Leap WAS server starting...
2022-01-07 17:20:40.894 INFO  - --------------------------------------------------------------------------
2022-01-07 17:20:40.895 INFO  - ThreadPool initialized - CORE: 50 MAX: 50 KEEP-ALIVE WHEN IDLE(seconds): 30
2022-01-07 17:20:40.896 INFO  - verbose mode on
2022-01-07 17:20:40.950 DEBUG - Method not mapping with MethodMapper annotation: serveGet
2022-01-07 17:20:40.951 DEBUG - Method not mapping with MethodMapper annotation: servePut
2022-01-07 17:20:40.951 DEBUG - Method not mapping with MethodMapper annotation: servePost
2022-01-07 17:20:40.952 DEBUG - Method not mapping with MethodMapper annotation: serveDelete
2022-01-07 17:20:40.953 DEBUG - Method not mapping with MethodMapper annotation: serve
2022-01-07 17:20:40.953 DEBUG - Method not mapping with MethodMapper annotation: setFilters
2022-01-07 17:20:40.957 INFO  - Add service: org.chaostocosmos.leap.http.service.TimeServiceImpl  Mapping path: /time/GetTime
2022-01-07 17:20:40.957 DEBUG - Service not mapping with ServiceMapper annotation: org.chaostocosmos.leap.http.service.DeployService
2022-01-07 17:20:40.957 INFO  - Default host added - Server: leap   Host: localhost   Port: 8080   Doc-Root: home   Logging path: logs/leap.log   Level: [DEBUG]
2022-01-07 17:20:40.971 DEBUG - Method not mapping with MethodMapper annotation: serveGet
2022-01-07 17:20:40.971 DEBUG - Method not mapping with MethodMapper annotation: servePut
2022-01-07 17:20:40.972 DEBUG - Method not mapping with MethodMapper annotation: servePost
2022-01-07 17:20:40.972 DEBUG - Method not mapping with MethodMapper annotation: serveDelete
2022-01-07 17:20:40.972 DEBUG - Method not mapping with MethodMapper annotation: serve
2022-01-07 17:20:40.972 DEBUG - Method not mapping with MethodMapper annotation: setFilters
2022-01-07 17:20:40.973 INFO  - Add service: org.chaostocosmos.leap.http.service.TimeServiceImpl  Mapping path: /time/GetTime
2022-01-07 17:20:40.973 DEBUG - Service not mapping with ServiceMapper annotation: org.chaostocosmos.leap.http.service.DeployService
2022-01-07 17:20:40.973 INFO  - Virtual host added - Server: leap2   Host: 192.168.1.28   Port: 8082   Doc-Root: home2   Logging path: logs/leap.log   Level: [DEBUG]
2022-01-07 17:20:40.974 INFO  - Virtual host added - Server: leap1   Host: 127.0.0.1   Port: 8080   Doc-Root: home1   Logging path: logs/leap.log   Level: [DEBUG]
2022-01-07 17:20:40.979 INFO  - Accepting connections on port 8082
2022-01-07 17:20:40.986 INFO  - Accepting connections on port 8080
2022-01-07 17:20:42.889 INFO  - Host: localhost:8080  Client request accepted... : /127.0.0.1
2022-01-07 17:22:31.678 INFO  - Leap WAS server starting...
2022-01-07 17:22:31.680 INFO  - --------------------------------------------------------------------------
2022-01-07 17:22:31.681 INFO  - ThreadPool initialized - CORE: 50 MAX: 50 KEEP-ALIVE WHEN IDLE(seconds): 30
2022-01-07 17:22:31.681 INFO  - verbose mode on
2022-01-07 17:22:31.724 INFO  - Add service: org.chaostocosmos.leap.http.service.TimeServiceImpl  Mapping path: /time/GetTime
2022-01-07 17:22:31.724 DEBUG - Method not mapping with MethodMapper annotation: setFilters
2022-01-07 17:22:31.725 DEBUG - Method not mapping with MethodMapper annotation: serve
2022-01-07 17:22:31.725 DEBUG - Method not mapping with MethodMapper annotation: servePost
2022-01-07 17:22:31.726 DEBUG - Method not mapping with MethodMapper annotation: serveDelete
2022-01-07 17:22:31.727 DEBUG - Method not mapping with MethodMapper annotation: serveGet
2022-01-07 17:22:31.727 DEBUG - Method not mapping with MethodMapper annotation: servePut
2022-01-07 17:22:31.727 DEBUG - Service not mapping with ServiceMapper annotation: org.chaostocosmos.leap.http.service.DeployService
2022-01-07 17:22:31.728 INFO  - Default host added - Server: leap   Host: localhost   Port: 8080   Doc-Root: home   Logging path: logs/leap.log   Level: [DEBUG]
2022-01-07 17:22:31.738 INFO  - Add service: org.chaostocosmos.leap.http.service.TimeServiceImpl  Mapping path: /time/GetTime
2022-01-07 17:22:31.739 DEBUG - Method not mapping with MethodMapper annotation: setFilters
2022-01-07 17:22:31.739 DEBUG - Method not mapping with MethodMapper annotation: serve
2022-01-07 17:22:31.740 DEBUG - Method not mapping with MethodMapper annotation: servePost
2022-01-07 17:22:31.740 DEBUG - Method not mapping with MethodMapper annotation: serveDelete
2022-01-07 17:22:31.741 DEBUG - Method not mapping with MethodMapper annotation: serveGet
2022-01-07 17:22:31.741 DEBUG - Method not mapping with MethodMapper annotation: servePut
2022-01-07 17:22:31.741 DEBUG - Service not mapping with ServiceMapper annotation: org.chaostocosmos.leap.http.service.DeployService
2022-01-07 17:22:31.741 INFO  - Virtual host added - Server: leap2   Host: 192.168.1.28   Port: 8082   Doc-Root: home2   Logging path: logs/leap.log   Level: [DEBUG]
2022-01-07 17:22:31.742 INFO  - Virtual host added - Server: leap1   Host: 127.0.0.1   Port: 8080   Doc-Root: home1   Logging path: logs/leap.log   Level: [DEBUG]
2022-01-07 17:22:31.748 INFO  - Accepting connections on port 8082
2022-01-07 17:22:31.753 INFO  - Accepting connections on port 8080
2022-01-07 17:22:33.898 INFO  - Host: localhost:8080  Client request accepted... : /127.0.0.1
2022-01-07 17:22:34.104 DEBUG - Request host: localhost
2022-01-07 17:22:34.105 DEBUG - Accept: */*
User-Agent: PostmanRuntime/7.28.4
Connection: keep-alive
Postman-Token: b21f2f29-d92a-47ab-acd2-a54c61ab1e81
Host: localhost:8080
Accept-Encoding: gzip, deflate, br
Content-Length: 102306
@Client: localhost
Content-Type: multipart/form-data; boundary=--------------------------573283952508755890411371
2022-01-07 17:22:34.107 DEBUG - .\home\webapp\WEB-INF\static\index.html   index.html   .\home\webapp\WEB-INF\static
2022-01-07 17:22:34.121 DEBUG - { httpRequestDescriptor='{ httpRequest='http://localhost:8080/ GET', httpVersion='HTTP/1.1', requestType='GET', requestedHost='localhost', reqHeader='{Accept=*/*, User-Agent=PostmanRuntime/7.28.4, Connection=keep-alive, Postman-Token=b21f2f29-d92a-47ab-acd2-a54c61ab1e81, Host=localhost:8080, Accept-Encoding=gzip, deflate, br, Content-Length=102306, @Client=localhost, Content-Type=multipart/form-data; boundary=--------------------------573283952508755890411371}', contentType='multipart/form-data', reqBody='null', contextPath='/', url='http://localhost:8080/', contextParam='{}', multipartList='org.chaostocosmos.leap.http.HttpRequestDescriptor$MultipartDescriptor@6c3f1a3e'}', httpResponse='null', requestedHost='localhost', responseCode='200', responseBody='[B@40e780a5', responseHeader='{Server=LeapWAS 1.0.0, Date=Fri Jan 07 17:22:34 KST 2022}'}
2022-01-07 17:23:10.093 INFO  - Host: localhost:8080  Client request accepted... : /127.0.0.1
2022-01-07 17:23:10.241 DEBUG - Request host: localhost
2022-01-07 17:23:10.242 DEBUG - Accept: */*
User-Agent: PostmanRuntime/7.28.4
Connection: keep-alive
Postman-Token: 9cc2c37c-8297-4b63-93f3-11e5fc0e9874
Host: localhost:8080
Accept-Encoding: gzip, deflate, br
Content-Length: 102306
@Client: localhost
Content-Type: multipart/form-data; boundary=--------------------------968225080350406936763653
2022-01-07 17:23:10.243 DEBUG - .\home\webapp\WEB-INF\static\index.html   index.html   .\home\webapp\WEB-INF\static
2022-01-07 17:23:10.245 DEBUG - { httpRequestDescriptor='{ httpRequest='http://localhost:8080/ GET', httpVersion='HTTP/1.1', requestType='GET', requestedHost='localhost', reqHeader='{Accept=*/*, User-Agent=PostmanRuntime/7.28.4, Connection=keep-alive, Postman-Token=9cc2c37c-8297-4b63-93f3-11e5fc0e9874, Host=localhost:8080, Accept-Encoding=gzip, deflate, br, Content-Length=102306, @Client=localhost, Content-Type=multipart/form-data; boundary=--------------------------968225080350406936763653}', contentType='multipart/form-data', reqBody='null', contextPath='/', url='http://localhost:8080/', contextParam='{}', multipartList='org.chaostocosmos.leap.http.HttpRequestDescriptor$MultipartDescriptor@6f26677e'}', httpResponse='null', requestedHost='localhost', responseCode='200', responseBody='[B@61e194ea', responseHeader='{Server=LeapWAS 1.0.0, Date=Fri Jan 07 17:23:10 KST 2022}'}
2022-01-07 17:23:28.769 INFO  - Host: localhost:8080  Client request accepted... : /127.0.0.1
2022-01-07 17:23:40.608 DEBUG - Request host: localhost
2022-01-07 17:23:40.609 DEBUG - Accept: */*
User-Agent: PostmanRuntime/7.28.4
Connection: keep-alive
Postman-Token: 1789ea2b-1dfe-4bfb-9f66-37918404dfe2
Host: localhost:8080
Accept-Encoding: gzip, deflate, br
Content-Length: 12317509
@Client: localhost
Content-Type: multipart/form-data; boundary=--------------------------643378528194601803871827
2022-01-07 17:23:40.611 DEBUG - .\home\webapp\WEB-INF\static\index.html   index.html   .\home\webapp\WEB-INF\static
2022-01-07 17:23:40.612 DEBUG - { httpRequestDescriptor='{ httpRequest='http://localhost:8080/ GET', httpVersion='HTTP/1.1', requestType='GET', requestedHost='localhost', reqHeader='{Accept=*/*, User-Agent=PostmanRuntime/7.28.4, Connection=keep-alive, Postman-Token=1789ea2b-1dfe-4bfb-9f66-37918404dfe2, Host=localhost:8080, Accept-Encoding=gzip, deflate, br, Content-Length=12317509, @Client=localhost, Content-Type=multipart/form-data; boundary=--------------------------643378528194601803871827}', contentType='multipart/form-data', reqBody='null', contextPath='/', url='http://localhost:8080/', contextParam='{}', multipartList='org.chaostocosmos.leap.http.HttpRequestDescriptor$MultipartDescriptor@7c749580'}', httpResponse='null', requestedHost='localhost', responseCode='200', responseBody='[B@72b3747e', responseHeader='{Server=LeapWAS 1.0.0, Date=Fri Jan 07 17:23:40 KST 2022}'}
2022-01-07 17:25:11.411 INFO  - Leap WAS server starting...
2022-01-07 17:25:11.413 INFO  - --------------------------------------------------------------------------
2022-01-07 17:25:11.414 INFO  - ThreadPool initialized - CORE: 50 MAX: 50 KEEP-ALIVE WHEN IDLE(seconds): 30
2022-01-07 17:25:11.414 INFO  - verbose mode on
2022-01-07 17:25:11.454 INFO  - Add service: org.chaostocosmos.leap.http.service.TimeServiceImpl  Mapping path: /time/GetTime
2022-01-07 17:25:11.455 DEBUG - Method not mapping with MethodMapper annotation: servePost
2022-01-07 17:25:11.456 DEBUG - Method not mapping with MethodMapper annotation: servePut
2022-01-07 17:25:11.456 DEBUG - Method not mapping with MethodMapper annotation: serveGet
2022-01-07 17:25:11.456 DEBUG - Method not mapping with MethodMapper annotation: serveDelete
2022-01-07 17:25:11.456 DEBUG - Method not mapping with MethodMapper annotation: setFilters
2022-01-07 17:25:11.457 DEBUG - Method not mapping with MethodMapper annotation: serve
2022-01-07 17:25:11.457 DEBUG - Service not mapping with ServiceMapper annotation: org.chaostocosmos.leap.http.service.DeployService
2022-01-07 17:25:11.457 INFO  - Default host added - Server: leap   Host: localhost   Port: 8080   Doc-Root: home   Logging path: logs/leap.log   Level: [DEBUG]
2022-01-07 17:25:11.476 INFO  - Add service: org.chaostocosmos.leap.http.service.TimeServiceImpl  Mapping path: /time/GetTime
2022-01-07 17:25:11.477 DEBUG - Method not mapping with MethodMapper annotation: servePost
2022-01-07 17:25:11.477 DEBUG - Method not mapping with MethodMapper annotation: servePut
2022-01-07 17:25:11.477 DEBUG - Method not mapping with MethodMapper annotation: serveGet
2022-01-07 17:25:11.477 DEBUG - Method not mapping with MethodMapper annotation: serveDelete
2022-01-07 17:25:11.478 DEBUG - Method not mapping with MethodMapper annotation: setFilters
2022-01-07 17:25:11.478 DEBUG - Method not mapping with MethodMapper annotation: serve
2022-01-07 17:25:11.478 DEBUG - Service not mapping with ServiceMapper annotation: org.chaostocosmos.leap.http.service.DeployService
2022-01-07 17:25:11.479 INFO  - Virtual host added - Server: leap2   Host: 192.168.1.28   Port: 8082   Doc-Root: home2   Logging path: logs/leap.log   Level: [DEBUG]
2022-01-07 17:25:11.479 INFO  - Virtual host added - Server: leap1   Host: 127.0.0.1   Port: 8080   Doc-Root: home1   Logging path: logs/leap.log   Level: [DEBUG]
2022-01-07 17:25:11.487 INFO  - Accepting connections on port 8082
2022-01-07 17:25:11.491 INFO  - Accepting connections on port 8080
2022-01-07 17:25:13.787 INFO  - Host: localhost:8080  Client request accepted... : /127.0.0.1
2022-01-07 17:25:32.021 INFO  - Leap WAS server starting...
2022-01-07 17:25:32.024 INFO  - --------------------------------------------------------------------------
2022-01-07 17:25:32.024 INFO  - ThreadPool initialized - CORE: 50 MAX: 50 KEEP-ALIVE WHEN IDLE(seconds): 30
2022-01-07 17:25:32.025 INFO  - verbose mode on
2022-01-07 17:25:32.063 INFO  - Add service: org.chaostocosmos.leap.http.service.TimeServiceImpl  Mapping path: /time/GetTime
2022-01-07 17:25:32.063 DEBUG - Method not mapping with MethodMapper annotation: serve
2022-01-07 17:25:32.064 DEBUG - Method not mapping with MethodMapper annotation: setFilters
2022-01-07 17:25:32.065 DEBUG - Method not mapping with MethodMapper annotation: servePut
2022-01-07 17:25:32.065 DEBUG - Method not mapping with MethodMapper annotation: serveDelete
2022-01-07 17:25:32.065 DEBUG - Method not mapping with MethodMapper annotation: serveGet
2022-01-07 17:25:32.065 DEBUG - Method not mapping with MethodMapper annotation: servePost
2022-01-07 17:25:32.066 DEBUG - Service not mapping with ServiceMapper annotation: org.chaostocosmos.leap.http.service.DeployService
2022-01-07 17:25:32.066 INFO  - Default host added - Server: leap   Host: localhost   Port: 8080   Doc-Root: home   Logging path: logs/leap.log   Level: [DEBUG]
2022-01-07 17:25:32.074 INFO  - Add service: org.chaostocosmos.leap.http.service.TimeServiceImpl  Mapping path: /time/GetTime
2022-01-07 17:25:32.075 DEBUG - Method not mapping with MethodMapper annotation: serve
2022-01-07 17:25:32.075 DEBUG - Method not mapping with MethodMapper annotation: setFilters
2022-01-07 17:25:32.075 DEBUG - Method not mapping with MethodMapper annotation: servePut
2022-01-07 17:25:32.076 DEBUG - Method not mapping with MethodMapper annotation: serveDelete
2022-01-07 17:25:32.076 DEBUG - Method not mapping with MethodMapper annotation: serveGet
2022-01-07 17:25:32.076 DEBUG - Method not mapping with MethodMapper annotation: servePost
2022-01-07 17:25:32.077 DEBUG - Service not mapping with ServiceMapper annotation: org.chaostocosmos.leap.http.service.DeployService
2022-01-07 17:25:32.077 INFO  - Virtual host added - Server: leap2   Host: 192.168.1.28   Port: 8082   Doc-Root: home2   Logging path: logs/leap.log   Level: [DEBUG]
2022-01-07 17:25:32.077 INFO  - Virtual host added - Server: leap1   Host: 127.0.0.1   Port: 8080   Doc-Root: home1   Logging path: logs/leap.log   Level: [DEBUG]
2022-01-07 17:25:32.084 INFO  - Accepting connections on port 8082
2022-01-07 17:25:32.091 INFO  - Accepting connections on port 8080
2022-01-07 17:25:34.138 INFO  - Host: localhost:8080  Client request accepted... : /127.0.0.1
2022-01-07 17:26:11.384 INFO  - Leap WAS server starting...
2022-01-07 17:26:11.387 INFO  - --------------------------------------------------------------------------
2022-01-07 17:26:11.388 INFO  - ThreadPool initialized - CORE: 50 MAX: 50 KEEP-ALIVE WHEN IDLE(seconds): 30
2022-01-07 17:26:11.388 INFO  - verbose mode on
2022-01-07 17:26:11.425 INFO  - Add service: org.chaostocosmos.leap.http.service.TimeServiceImpl  Mapping path: /time/GetTime
2022-01-07 17:26:11.425 DEBUG - Method not mapping with MethodMapper annotation: serveDelete
2022-01-07 17:26:11.426 DEBUG - Method not mapping with MethodMapper annotation: servePost
2022-01-07 17:26:11.426 DEBUG - Method not mapping with MethodMapper annotation: servePut
2022-01-07 17:26:11.426 DEBUG - Method not mapping with MethodMapper annotation: serveGet
2022-01-07 17:26:11.426 DEBUG - Method not mapping with MethodMapper annotation: serve
2022-01-07 17:26:11.426 DEBUG - Method not mapping with MethodMapper annotation: setFilters
2022-01-07 17:26:11.427 DEBUG - Service not mapping with ServiceMapper annotation: org.chaostocosmos.leap.http.service.DeployService
2022-01-07 17:26:11.427 INFO  - Default host added - Server: leap   Host: localhost   Port: 8080   Doc-Root: home   Logging path: logs/leap.log   Level: [DEBUG]
2022-01-07 17:26:11.435 INFO  - Add service: org.chaostocosmos.leap.http.service.TimeServiceImpl  Mapping path: /time/GetTime
2022-01-07 17:26:11.435 DEBUG - Method not mapping with MethodMapper annotation: serveDelete
2022-01-07 17:26:11.435 DEBUG - Method not mapping with MethodMapper annotation: servePost
2022-01-07 17:26:11.436 DEBUG - Method not mapping with MethodMapper annotation: servePut
2022-01-07 17:26:11.436 DEBUG - Method not mapping with MethodMapper annotation: serveGet
2022-01-07 17:26:11.436 DEBUG - Method not mapping with MethodMapper annotation: serve
2022-01-07 17:26:11.436 DEBUG - Method not mapping with MethodMapper annotation: setFilters
2022-01-07 17:26:11.437 DEBUG - Service not mapping with ServiceMapper annotation: org.chaostocosmos.leap.http.service.DeployService
2022-01-07 17:26:11.437 INFO  - Virtual host added - Server: leap2   Host: 192.168.1.28   Port: 8082   Doc-Root: home2   Logging path: logs/leap.log   Level: [DEBUG]
2022-01-07 17:26:11.437 INFO  - Virtual host added - Server: leap1   Host: 127.0.0.1   Port: 8080   Doc-Root: home1   Logging path: logs/leap.log   Level: [DEBUG]
2022-01-07 17:26:11.441 INFO  - Accepting connections on port 8082
2022-01-07 17:26:11.446 INFO  - Accepting connections on port 8080
2022-01-07 17:26:13.348 INFO  - Host: localhost:8080  Client request accepted... : /127.0.0.1
2022-01-07 17:28:57.730 INFO  - Leap WAS server starting...
2022-01-07 17:28:57.733 INFO  - --------------------------------------------------------------------------
2022-01-07 17:28:57.734 INFO  - ThreadPool initialized - CORE: 50 MAX: 50 KEEP-ALIVE WHEN IDLE(seconds): 30
2022-01-07 17:28:57.734 INFO  - verbose mode on
2022-01-07 17:28:57.769 INFO  - Add service: org.chaostocosmos.leap.http.service.TimeServiceImpl  Mapping path: /time/GetTime
2022-01-07 17:28:57.770 DEBUG - Method not mapping with MethodMapper annotation: setFilters
2022-01-07 17:28:57.770 DEBUG - Method not mapping with MethodMapper annotation: serve
2022-01-07 17:28:57.771 DEBUG - Method not mapping with MethodMapper annotation: serveDelete
2022-01-07 17:28:57.772 DEBUG - Method not mapping with MethodMapper annotation: servePut
2022-01-07 17:28:57.772 DEBUG - Method not mapping with MethodMapper annotation: serveGet
2022-01-07 17:28:57.772 DEBUG - Method not mapping with MethodMapper annotation: servePost
2022-01-07 17:28:57.772 DEBUG - Service not mapping with ServiceMapper annotation: org.chaostocosmos.leap.http.service.DeployService
2022-01-07 17:28:57.773 INFO  - Default host added - Server: leap   Host: localhost   Port: 8080   Doc-Root: home   Logging path: logs/leap.log   Level: [DEBUG]
2022-01-07 17:28:57.780 INFO  - Add service: org.chaostocosmos.leap.http.service.TimeServiceImpl  Mapping path: /time/GetTime
2022-01-07 17:28:57.781 DEBUG - Method not mapping with MethodMapper annotation: setFilters
2022-01-07 17:28:57.781 DEBUG - Method not mapping with MethodMapper annotation: serve
2022-01-07 17:28:57.781 DEBUG - Method not mapping with MethodMapper annotation: serveDelete
2022-01-07 17:28:57.782 DEBUG - Method not mapping with MethodMapper annotation: servePut
2022-01-07 17:28:57.782 DEBUG - Method not mapping with MethodMapper annotation: serveGet
2022-01-07 17:28:57.782 DEBUG - Method not mapping with MethodMapper annotation: servePost
2022-01-07 17:28:57.782 DEBUG - Service not mapping with ServiceMapper annotation: org.chaostocosmos.leap.http.service.DeployService
2022-01-07 17:28:57.782 INFO  - Virtual host added - Server: leap2   Host: 192.168.1.28   Port: 8082   Doc-Root: home2   Logging path: logs/leap.log   Level: [DEBUG]
2022-01-07 17:28:57.783 INFO  - Virtual host added - Server: leap1   Host: 127.0.0.1   Port: 8080   Doc-Root: home1   Logging path: logs/leap.log   Level: [DEBUG]
2022-01-07 17:28:57.788 INFO  - Accepting connections on port 8082
2022-01-07 17:28:57.793 INFO  - Accepting connections on port 8080
2022-01-07 17:28:59.487 INFO  - Host: localhost:8080  Client request accepted... : /127.0.0.1
2022-01-07 17:29:47.047 INFO  - Leap WAS server starting...
2022-01-07 17:29:47.050 INFO  - --------------------------------------------------------------------------
2022-01-07 17:29:47.051 INFO  - ThreadPool initialized - CORE: 50 MAX: 50 KEEP-ALIVE WHEN IDLE(seconds): 30
2022-01-07 17:29:47.051 INFO  - verbose mode on
2022-01-07 17:29:47.094 INFO  - Add service: org.chaostocosmos.leap.http.service.TimeServiceImpl  Mapping path: /time/GetTime
2022-01-07 17:29:47.095 DEBUG - Method not mapping with MethodMapper annotation: setFilters
2022-01-07 17:29:47.095 DEBUG - Method not mapping with MethodMapper annotation: serve
2022-01-07 17:29:47.095 DEBUG - Method not mapping with MethodMapper annotation: servePut
2022-01-07 17:29:47.096 DEBUG - Method not mapping with MethodMapper annotation: serveGet
2022-01-07 17:29:47.096 DEBUG - Method not mapping with MethodMapper annotation: serveDelete
2022-01-07 17:29:47.096 DEBUG - Method not mapping with MethodMapper annotation: servePost
2022-01-07 17:29:47.097 DEBUG - Service not mapping with ServiceMapper annotation: org.chaostocosmos.leap.http.service.DeployService
2022-01-07 17:29:47.097 INFO  - Default host added - Server: leap   Host: localhost   Port: 8080   Doc-Root: home   Logging path: logs/leap.log   Level: [DEBUG]
2022-01-07 17:29:47.105 INFO  - Add service: org.chaostocosmos.leap.http.service.TimeServiceImpl  Mapping path: /time/GetTime
2022-01-07 17:29:47.106 DEBUG - Method not mapping with MethodMapper annotation: setFilters
2022-01-07 17:29:47.106 DEBUG - Method not mapping with MethodMapper annotation: serve
2022-01-07 17:29:47.107 DEBUG - Method not mapping with MethodMapper annotation: servePut
2022-01-07 17:29:47.107 DEBUG - Method not mapping with MethodMapper annotation: serveGet
2022-01-07 17:29:47.107 DEBUG - Method not mapping with MethodMapper annotation: serveDelete
2022-01-07 17:29:47.107 DEBUG - Method not mapping with MethodMapper annotation: servePost
2022-01-07 17:29:47.108 DEBUG - Service not mapping with ServiceMapper annotation: org.chaostocosmos.leap.http.service.DeployService
2022-01-07 17:29:47.108 INFO  - Virtual host added - Server: leap2   Host: 192.168.1.28   Port: 8082   Doc-Root: home2   Logging path: logs/leap.log   Level: [DEBUG]
2022-01-07 17:29:47.108 INFO  - Virtual host added - Server: leap1   Host: 127.0.0.1   Port: 8080   Doc-Root: home1   Logging path: logs/leap.log   Level: [DEBUG]
2022-01-07 17:29:47.115 INFO  - Accepting connections on port 8082
2022-01-07 17:29:47.119 INFO  - Accepting connections on port 8080
2022-01-07 17:29:48.904 INFO  - Host: localhost:8080  Client request accepted... : /127.0.0.1
2022-01-07 17:30:22.118 INFO  - Leap WAS server starting...
2022-01-07 17:30:22.121 INFO  - --------------------------------------------------------------------------
2022-01-07 17:30:22.121 INFO  - ThreadPool initialized - CORE: 50 MAX: 50 KEEP-ALIVE WHEN IDLE(seconds): 30
2022-01-07 17:30:22.121 INFO  - verbose mode on
2022-01-07 17:30:22.174 INFO  - Add service: org.chaostocosmos.leap.http.service.TimeServiceImpl  Mapping path: /time/GetTime
2022-01-07 17:30:22.174 DEBUG - Method not mapping with MethodMapper annotation: serve
2022-01-07 17:30:22.175 DEBUG - Method not mapping with MethodMapper annotation: setFilters
2022-01-07 17:30:22.176 DEBUG - Method not mapping with MethodMapper annotation: servePost
2022-01-07 17:30:22.176 DEBUG - Method not mapping with MethodMapper annotation: serveDelete
2022-01-07 17:30:22.176 DEBUG - Method not mapping with MethodMapper annotation: serveGet
2022-01-07 17:30:22.177 DEBUG - Method not mapping with MethodMapper annotation: servePut
2022-01-07 17:30:22.177 DEBUG - Service not mapping with ServiceMapper annotation: org.chaostocosmos.leap.http.service.DeployService
2022-01-07 17:30:22.177 INFO  - Default host added - Server: leap   Host: localhost   Port: 8080   Doc-Root: home   Logging path: logs/leap.log   Level: [DEBUG]
2022-01-07 17:30:22.188 INFO  - Add service: org.chaostocosmos.leap.http.service.TimeServiceImpl  Mapping path: /time/GetTime
2022-01-07 17:30:22.188 DEBUG - Method not mapping with MethodMapper annotation: serve
2022-01-07 17:30:22.188 DEBUG - Method not mapping with MethodMapper annotation: setFilters
2022-01-07 17:30:22.189 DEBUG - Method not mapping with MethodMapper annotation: servePost
2022-01-07 17:30:22.189 DEBUG - Method not mapping with MethodMapper annotation: serveDelete
2022-01-07 17:30:22.189 DEBUG - Method not mapping with MethodMapper annotation: serveGet
2022-01-07 17:30:22.190 DEBUG - Method not mapping with MethodMapper annotation: servePut
2022-01-07 17:30:22.190 DEBUG - Service not mapping with ServiceMapper annotation: org.chaostocosmos.leap.http.service.DeployService
2022-01-07 17:30:22.190 INFO  - Virtual host added - Server: leap2   Host: 192.168.1.28   Port: 8082   Doc-Root: home2   Logging path: logs/leap.log   Level: [DEBUG]
2022-01-07 17:30:22.190 INFO  - Virtual host added - Server: leap1   Host: 127.0.0.1   Port: 8080   Doc-Root: home1   Logging path: logs/leap.log   Level: [DEBUG]
2022-01-07 17:30:22.196 INFO  - Accepting connections on port 8082
2022-01-07 17:30:22.202 INFO  - Accepting connections on port 8080
2022-01-07 17:30:24.194 INFO  - Host: localhost:8080  Client request accepted... : /127.0.0.1
2022-01-07 17:30:24.992 DEBUG - Request host: localhost
2022-01-07 17:30:24.993 DEBUG - Accept: */*
User-Agent: PostmanRuntime/7.28.4
Connection: keep-alive
Postman-Token: 56a363c3-af85-485b-9fd0-2367a04d799d
Host: localhost:8080
Accept-Encoding: gzip, deflate, br
Content-Length: 102306
@Client: localhost
Content-Type: multipart/form-data; boundary=--------------------------818111969273487555976163
2022-01-07 17:30:24.995 DEBUG - .\home\webapp\WEB-INF\static\index.html   index.html   .\home\webapp\WEB-INF\static
2022-01-07 17:30:25.010 DEBUG - { httpRequestDescriptor='{ httpRequest='http://localhost:8080/ GET', httpVersion='HTTP/1.1', requestType='GET', requestedHost='localhost', reqHeader='{Accept=*/*, User-Agent=PostmanRuntime/7.28.4, Connection=keep-alive, Postman-Token=56a363c3-af85-485b-9fd0-2367a04d799d, Host=localhost:8080, Accept-Encoding=gzip, deflate, br, Content-Length=102306, @Client=localhost, Content-Type=multipart/form-data; boundary=--------------------------818111969273487555976163}', contentType='multipart/form-data', reqBody='null', contextPath='/', url='http://localhost:8080/', contextParam='{}', multipartList='org.chaostocosmos.leap.http.HttpRequestDescriptor$MultipartDescriptor@74fb08aa'}', httpResponse='null', requestedHost='localhost', responseCode='200', responseBody='[B@61b0df8a', responseHeader='{Server=LeapWAS 1.0.0, Date=Fri Jan 07 17:30:24 KST 2022}'}
