2022-01-10 12:59:34.808 DEBUG - Request host: localhost
2022-01-10 12:59:34.814 DEBUG - Accept: */*
User-Agent: PostmanRuntime/7.28.4
Connection: keep-alive
Postman-Token: 0398ace9-642b-4e8f-b32f-d1203ea7995c
Host: localhost:8080
Accept-Encoding: gzip, deflate, br
Content-Length: 12317509
@Client: localhost
Content-Type: multipart/form-data; boundary=--------------------------001257054010973490440701
2022-01-10 12:59:34.816 DEBUG - .\home\webapp\WEB-INF\static\index.html   index.html   .\home\webapp\WEB-INF\static
2022-01-10 12:59:34.833 DEBUG - { httpRequestDescriptor='{ httpRequest='http://localhost:8080/ GET', httpVersion='HTTP/1.1', requestType='GET', requestedHost='localhost', reqHeader='{Accept=*/*, User-Agent=PostmanRuntime/7.28.4, Connection=keep-alive, Postman-Token=0398ace9-642b-4e8f-b32f-d1203ea7995c, Host=localhost:8080, Accept-Encoding=gzip, deflate, br, Content-Length=12317509, @Client=localhost, Content-Type=multipart/form-data; boundary=--------------------------001257054010973490440701}', contentType='multipart/form-data', reqBody='null', contextPath='/', url='http://localhost:8080/', contextParam='{}', multipartList='org.chaostocosmos.leap.http.HttpRequestDescriptor$MultipartDescriptor@2ccde8a3'}', httpResponse='null', requestedHost='localhost', responseCode='200', responseBody='[B@51744e8a', responseHeader='{Server=LeapWAS 1.0.0, Date=Mon Jan 10 12:59:34 KST 2022}'}
2022-01-10 12:59:34.840 ERROR - Software caused connection abort: socket write error
java.net.SocketException: Software caused connection abort: socket write error
	at java.base/java.net.SocketOutputStream.socketWrite0(Native Method)
	at java.base/java.net.SocketOutputStream.socketWrite(SocketOutputStream.java:110)
	at java.base/java.net.SocketOutputStream.write(SocketOutputStream.java:138)
	at org.chaostocosmos.leap.http.LeapRequestHandler.sendResponse(LeapRequestHandler.java:223)
	at org.chaostocosmos.leap.http.LeapRequestHandler.run(LeapRequestHandler.java:134)
	at java.base/java.util.concurrent.Executors$RunnableAdapter.call(Executors.java:515)
	at java.base/java.util.concurrent.FutureTask.run(FutureTask.java:264)
	at java.base/java.util.concurrent.ThreadPoolExecutor.runWorker(ThreadPoolExecutor.java:1128)
	at java.base/java.util.concurrent.ThreadPoolExecutor$Worker.run(ThreadPoolExecutor.java:628)
	at java.base/java.lang.Thread.run(Thread.java:829)
