2022-01-13 15:16:29.619 INFO  - Leap WAS server starting...
2022-01-13 15:16:29.680 INFO  - --------------------------------------------------------------------------
2022-01-13 15:16:29.681 INFO  - ThreadPool initialized - CORE: 50 MAX: 50 KEEP-ALIVE WHEN IDLE(seconds): 30
2022-01-13 15:16:29.683 INFO  - verbose mode on
2022-01-13 15:16:29.689 INFO  - Add dynamic classpath to ClassLoader: file:/D:/0.github/Leap/./home/webapp/services/
2022-01-13 15:16:29.718 INFO  - Default host added - Server: leap   Host: localhost   Port: 8080   Doc-Root: home   Logging path: logs/leap.log   Level: [DEBUG]
2022-01-13 15:16:29.727 INFO  - Virtual host added - Server: leap2   Host: 192.168.1.28   Port: 8082   Doc-Root: home2   Logging path: logs/leap.log   Level: [DEBUG]
2022-01-13 15:16:29.727 INFO  - Virtual host added - Server: leap1   Host: 127.0.0.1   Port: 8080   Doc-Root: home1   Logging path: logs/leap.log   Level: [DEBUG]
2022-01-13 15:16:29.735 INFO  - Accepting connections on port 8082
2022-01-13 15:16:29.741 INFO  - Accepting connections on port 8080
2022-01-13 15:16:36.121 INFO  - Host: localhost:8080  Client request accepted... : /127.0.0.1
2022-01-13 15:20:06.979 INFO  - Leap WAS server starting...
2022-01-13 15:20:06.982 INFO  - --------------------------------------------------------------------------
2022-01-13 15:20:06.983 INFO  - ThreadPool initialized - CORE: 50 MAX: 50 KEEP-ALIVE WHEN IDLE(seconds): 30
2022-01-13 15:20:06.983 INFO  - verbose mode on
2022-01-13 15:20:06.988 INFO  - Add dynamic classpath to ClassLoader: file:/D:/0.github/Leap/./home/webapp/services/
2022-01-13 15:20:07.021 INFO  - Add service: org.chaostocosmos.leap.http.services.TimeServiceImpl  Mapping path: /time/GetTime
2022-01-13 15:20:07.021 INFO  - Default host added - Server: leap   Host: localhost   Port: 8080   Doc-Root: home   Logging path: logs/leap.log   Level: [DEBUG]
2022-01-13 15:20:07.034 INFO  - Add service: org.chaostocosmos.leap.http.services.TimeServiceImpl  Mapping path: /time/GetTime
2022-01-13 15:20:07.034 INFO  - Virtual host added - Server: leap2   Host: 192.168.1.28   Port: 8082   Doc-Root: home2   Logging path: logs/leap.log   Level: [DEBUG]
2022-01-13 15:20:07.035 INFO  - Virtual host added - Server: leap1   Host: 127.0.0.1   Port: 8080   Doc-Root: home1   Logging path: logs/leap.log   Level: [DEBUG]
2022-01-13 15:20:07.041 INFO  - Accepting connections on port 8082
2022-01-13 15:20:07.045 INFO  - Accepting connections on port 8080
2022-01-13 15:20:48.380 INFO  - Host: localhost:8080  Client request accepted... : /127.0.0.1
2022-01-13 15:24:20.149 INFO  - Leap WAS server starting...
2022-01-13 15:24:20.152 INFO  - --------------------------------------------------------------------------
2022-01-13 15:24:20.153 INFO  - ThreadPool initialized - CORE: 50 MAX: 50 KEEP-ALIVE WHEN IDLE(seconds): 30
2022-01-13 15:24:20.153 INFO  - verbose mode on
2022-01-13 15:24:20.159 INFO  - Add dynamic classpath to ClassLoader: file:/D:/0.github/Leap/./home/webapp/services/
2022-01-13 15:25:48.981 INFO  - Leap WAS server starting...
2022-01-13 15:25:48.984 INFO  - --------------------------------------------------------------------------
2022-01-13 15:25:48.984 INFO  - ThreadPool initialized - CORE: 50 MAX: 50 KEEP-ALIVE WHEN IDLE(seconds): 30
2022-01-13 15:25:48.985 INFO  - verbose mode on
2022-01-13 15:25:48.989 INFO  - Add dynamic classpath to ClassLoader: file:/D:/0.github/Leap/./home/webapp/services/
2022-01-13 15:26:51.620 INFO  - Leap WAS server starting...
2022-01-13 15:26:51.623 INFO  - --------------------------------------------------------------------------
2022-01-13 15:26:51.624 INFO  - ThreadPool initialized - CORE: 50 MAX: 50 KEEP-ALIVE WHEN IDLE(seconds): 30
2022-01-13 15:26:51.624 INFO  - verbose mode on
2022-01-13 15:26:51.630 INFO  - Add dynamic classpath to ClassLoader: file:/D:/0.github/Leap/./home/webapp/services/
2022-01-13 15:27:26.959 INFO  - Leap WAS server starting...
2022-01-13 15:27:26.961 INFO  - --------------------------------------------------------------------------
2022-01-13 15:27:26.962 INFO  - ThreadPool initialized - CORE: 50 MAX: 50 KEEP-ALIVE WHEN IDLE(seconds): 30
2022-01-13 15:27:26.962 INFO  - verbose mode on
2022-01-13 15:27:26.968 INFO  - Add dynamic classpath to ClassLoader: file:/D:/0.github/Leap/./home/webapp/services/
2022-01-13 15:30:21.754 INFO  - Leap WAS server starting...
2022-01-13 15:30:21.757 INFO  - --------------------------------------------------------------------------
2022-01-13 15:30:21.758 INFO  - ThreadPool initialized - CORE: 50 MAX: 50 KEEP-ALIVE WHEN IDLE(seconds): 30
2022-01-13 15:30:21.758 INFO  - verbose mode on
2022-01-13 15:30:21.762 INFO  - Add dynamic classpath to ClassLoader: file:/D:/0.github/Leap/./home/webapp/services/
2022-01-13 15:31:00.833 INFO  - Leap WAS server starting...
2022-01-13 15:31:00.836 INFO  - --------------------------------------------------------------------------
2022-01-13 15:31:00.836 INFO  - ThreadPool initialized - CORE: 50 MAX: 50 KEEP-ALIVE WHEN IDLE(seconds): 30
2022-01-13 15:31:00.837 INFO  - verbose mode on
2022-01-13 15:31:00.843 INFO  - Add dynamic classpath to ClassLoader: file:/D:/0.github/Leap/./home/webapp/services/
2022-01-13 15:31:55.966 INFO  - Leap WAS server starting...
2022-01-13 15:31:55.969 INFO  - --------------------------------------------------------------------------
2022-01-13 15:31:55.969 INFO  - ThreadPool initialized - CORE: 50 MAX: 50 KEEP-ALIVE WHEN IDLE(seconds): 30
2022-01-13 15:31:55.969 INFO  - verbose mode on
2022-01-13 15:31:55.974 INFO  - Add dynamic classpath to ClassLoader: file:/D:/0.github/Leap/./home/webapp/services/
2022-01-13 15:33:20.005 INFO  - Leap WAS server starting...
2022-01-13 15:33:20.008 INFO  - --------------------------------------------------------------------------
2022-01-13 15:33:20.008 INFO  - ThreadPool initialized - CORE: 50 MAX: 50 KEEP-ALIVE WHEN IDLE(seconds): 30
2022-01-13 15:33:20.009 INFO  - verbose mode on
2022-01-13 15:33:20.014 INFO  - Add dynamic classpath to ClassLoader: file:/D:/0.github/Leap/./home/webapp/services/
2022-01-13 15:34:48.199 INFO  - Leap WAS server starting...
2022-01-13 15:34:48.202 INFO  - --------------------------------------------------------------------------
2022-01-13 15:34:48.202 INFO  - ThreadPool initialized - CORE: 50 MAX: 50 KEEP-ALIVE WHEN IDLE(seconds): 30
2022-01-13 15:34:48.202 INFO  - verbose mode on
2022-01-13 15:34:48.209 INFO  - Add dynamic classpath to ClassLoader: file:/D:/0.github/Leap/./home/webapp/services/
2022-01-13 15:36:48.634 INFO  - Leap WAS server starting...
2022-01-13 15:36:48.637 INFO  - --------------------------------------------------------------------------
2022-01-13 15:36:48.638 INFO  - ThreadPool initialized - CORE: 50 MAX: 50 KEEP-ALIVE WHEN IDLE(seconds): 30
2022-01-13 15:36:48.638 INFO  - verbose mode on
2022-01-13 15:36:48.645 INFO  - Add dynamic classpath to ClassLoader: file:/D:/0.github/Leap/./home/webapp/services/
2022-01-13 15:38:06.723 INFO  - Leap WAS server starting...
2022-01-13 15:38:06.726 INFO  - --------------------------------------------------------------------------
2022-01-13 15:38:06.727 INFO  - ThreadPool initialized - CORE: 50 MAX: 50 KEEP-ALIVE WHEN IDLE(seconds): 30
2022-01-13 15:38:06.727 INFO  - verbose mode on
2022-01-13 15:38:06.732 INFO  - Add dynamic classpath to ClassLoader: file:/D:/0.github/Leap/./home/webapp/services/
2022-01-13 15:38:44.990 INFO  - Leap WAS server starting...
2022-01-13 15:38:44.992 INFO  - --------------------------------------------------------------------------
2022-01-13 15:38:44.993 INFO  - ThreadPool initialized - CORE: 50 MAX: 50 KEEP-ALIVE WHEN IDLE(seconds): 30
2022-01-13 15:38:44.993 INFO  - verbose mode on
2022-01-13 15:38:44.999 INFO  - Add dynamic classpath to ClassLoader: file:/D:/0.github/Leap/./home/webapp/services/
2022-01-13 15:38:55.934 INFO  - Leap WAS server starting...
2022-01-13 15:38:55.937 INFO  - --------------------------------------------------------------------------
2022-01-13 15:38:55.937 INFO  - ThreadPool initialized - CORE: 50 MAX: 50 KEEP-ALIVE WHEN IDLE(seconds): 30
2022-01-13 15:38:55.937 INFO  - verbose mode on
2022-01-13 15:38:55.942 INFO  - Add dynamic classpath to ClassLoader: file:/D:/0.github/Leap/./home/webapp/services/
2022-01-13 15:39:25.476 INFO  - Leap WAS server starting...
2022-01-13 15:39:25.479 INFO  - --------------------------------------------------------------------------
2022-01-13 15:39:25.479 INFO  - ThreadPool initialized - CORE: 50 MAX: 50 KEEP-ALIVE WHEN IDLE(seconds): 30
2022-01-13 15:39:25.479 INFO  - verbose mode on
2022-01-13 15:39:25.484 INFO  - Add dynamic classpath to ClassLoader: file:/D:/0.github/Leap/./home/webapp/services/
2022-01-13 15:46:01.360 INFO  - Leap WAS server starting...
2022-01-13 15:46:01.364 INFO  - --------------------------------------------------------------------------
2022-01-13 15:46:01.365 INFO  - ThreadPool initialized - CORE: 50 MAX: 50 KEEP-ALIVE WHEN IDLE(seconds): 30
2022-01-13 15:46:01.365 INFO  - verbose mode on
2022-01-13 15:46:01.371 INFO  - Add dynamic classpath to ClassLoader: file:/D:/0.github/Leap/./home/webapp/services/
2022-01-13 15:46:01.429 INFO  - Add service: org.chaostocosmos.leap.http.services.TimeServiceImpl  Mapping path: /time/GetTime
2022-01-13 15:46:01.431 INFO  - Add service: org.chaostocosmos.leap.http.services.TimeServiceImpl  Mapping path: /time/GetTime
2022-01-13 15:46:01.432 INFO  - Add service: org.chaostocosmos.leap.http.services.TimeServiceImpl  Mapping path: /time/GetTime
2022-01-13 15:46:01.432 INFO  - Default host added - Server: leap   Host: localhost   Port: 8080   Doc-Root: home   Logging path: logs/leap.log   Level: [DEBUG]
2022-01-13 15:46:01.450 INFO  - Add service: org.chaostocosmos.leap.http.services.TimeServiceImpl  Mapping path: /time/GetTime
2022-01-13 15:46:01.452 INFO  - Add service: org.chaostocosmos.leap.http.services.TimeServiceImpl  Mapping path: /time/GetTime
2022-01-13 15:46:01.453 INFO  - Add service: org.chaostocosmos.leap.http.services.TimeServiceImpl  Mapping path: /time/GetTime
2022-01-13 15:46:01.465 INFO  - Virtual host added - Server: leap2   Host: 192.168.1.28   Port: 8082   Doc-Root: home2   Logging path: logs/leap.log   Level: [DEBUG]
2022-01-13 15:46:01.474 INFO  - Virtual host added - Server: leap1   Host: 127.0.0.1   Port: 8080   Doc-Root: home1   Logging path: logs/leap.log   Level: [DEBUG]
2022-01-13 15:46:01.499 INFO  - Accepting connections on port 8082
2022-01-13 15:46:01.504 INFO  - Accepting connections on port 8080
2022-01-13 15:46:32.447 INFO  - Leap WAS server starting...
2022-01-13 15:46:32.451 INFO  - --------------------------------------------------------------------------
2022-01-13 15:46:32.451 INFO  - ThreadPool initialized - CORE: 50 MAX: 50 KEEP-ALIVE WHEN IDLE(seconds): 30
2022-01-13 15:46:32.451 INFO  - verbose mode on
2022-01-13 15:46:32.457 INFO  - Add dynamic classpath to ClassLoader: file:/D:/0.github/Leap/./home/webapp/services/
2022-01-13 15:46:32.500 INFO  - Add service: org.chaostocosmos.leap.http.services.TimeServiceImpl  Mapping path: /time/GetTime
2022-01-13 15:46:32.501 INFO  - Add service: org.chaostocosmos.leap.http.services.TimeServiceImpl  Mapping path: /time/GetTime
2022-01-13 15:46:32.502 INFO  - Add service: org.chaostocosmos.leap.http.services.TimeServiceImpl  Mapping path: /time/GetTime
2022-01-13 15:46:32.502 INFO  - Default host added - Server: leap   Host: localhost   Port: 8080   Doc-Root: home   Logging path: logs/leap.log   Level: [DEBUG]
2022-01-13 15:46:32.515 INFO  - Add service: org.chaostocosmos.leap.http.services.TimeServiceImpl  Mapping path: /time/GetTime
2022-01-13 15:46:32.516 INFO  - Add service: org.chaostocosmos.leap.http.services.TimeServiceImpl  Mapping path: /time/GetTime
2022-01-13 15:46:32.517 INFO  - Add service: org.chaostocosmos.leap.http.services.TimeServiceImpl  Mapping path: /time/GetTime
2022-01-13 15:46:32.517 INFO  - Virtual host added - Server: leap2   Host: 192.168.1.28   Port: 8082   Doc-Root: home2   Logging path: logs/leap.log   Level: [DEBUG]
2022-01-13 15:46:32.518 INFO  - Virtual host added - Server: leap1   Host: 127.0.0.1   Port: 8080   Doc-Root: home1   Logging path: logs/leap.log   Level: [DEBUG]
2022-01-13 15:46:32.525 INFO  - Accepting connections on port 8082
2022-01-13 15:46:32.529 INFO  - Accepting connections on port 8080
2022-01-13 15:46:51.754 INFO  - Leap WAS server starting...
2022-01-13 15:46:51.757 INFO  - --------------------------------------------------------------------------
2022-01-13 15:46:51.757 INFO  - ThreadPool initialized - CORE: 50 MAX: 50 KEEP-ALIVE WHEN IDLE(seconds): 30
2022-01-13 15:46:51.758 INFO  - verbose mode on
2022-01-13 15:46:51.764 INFO  - Add dynamic classpath to ClassLoader: file:/D:/0.github/Leap/./home/webapp/services/
2022-01-13 15:46:51.802 INFO  - Add service: org.chaostocosmos.leap.http.services.TimeServiceImpl  Mapping path: /time/GetTime
2022-01-13 15:46:51.803 INFO  - Add service: org.chaostocosmos.leap.http.services.TimeServiceImpl  Mapping path: /time/GetTime
2022-01-13 15:46:51.804 INFO  - Add service: org.chaostocosmos.leap.http.services.TimeServiceImpl  Mapping path: /time/GetTime
2022-01-13 15:46:51.805 INFO  - Default host added - Server: leap   Host: localhost   Port: 8080   Doc-Root: home   Logging path: logs/leap.log   Level: [DEBUG]
2022-01-13 15:46:51.826 INFO  - Add service: org.chaostocosmos.leap.http.services.TimeServiceImpl  Mapping path: /time/GetTime
2022-01-13 15:46:51.827 INFO  - Add service: org.chaostocosmos.leap.http.services.TimeServiceImpl  Mapping path: /time/GetTime
2022-01-13 15:46:51.828 INFO  - Add service: org.chaostocosmos.leap.http.services.TimeServiceImpl  Mapping path: /time/GetTime
2022-01-13 15:46:51.828 INFO  - Virtual host added - Server: leap2   Host: 192.168.1.28   Port: 8082   Doc-Root: home2   Logging path: logs/leap.log   Level: [DEBUG]
2022-01-13 15:46:51.829 INFO  - Virtual host added - Server: leap1   Host: 127.0.0.1   Port: 8080   Doc-Root: home1   Logging path: logs/leap.log   Level: [DEBUG]
2022-01-13 15:46:51.835 INFO  - Accepting connections on port 8082
2022-01-13 15:46:51.839 INFO  - Accepting connections on port 8080
2022-01-13 15:48:19.942 INFO  - Leap WAS server starting...
2022-01-13 15:48:19.945 INFO  - --------------------------------------------------------------------------
2022-01-13 15:48:19.946 INFO  - ThreadPool initialized - CORE: 50 MAX: 50 KEEP-ALIVE WHEN IDLE(seconds): 30
2022-01-13 15:48:19.946 INFO  - verbose mode on
2022-01-13 15:48:19.952 INFO  - Add dynamic classpath to ClassLoader: file:/D:/0.github/Leap/./home/webapp/services/
2022-01-13 15:48:19.992 INFO  - Add service: org.chaostocosmos.leap.http.services.TimeServiceImpl  Mapping path: /time/GetTime
2022-01-13 15:48:19.993 INFO  - Add service: org.chaostocosmos.leap.http.services.TimeServiceImpl  Mapping path: /time/GetTime
2022-01-13 15:48:19.994 INFO  - Add service: org.chaostocosmos.leap.http.services.TimeServiceImpl  Mapping path: /time/GetTime
2022-01-13 15:48:19.994 INFO  - Default host added - Server: leap   Host: localhost   Port: 8080   Doc-Root: home   Logging path: logs/leap.log   Level: [DEBUG]
2022-01-13 15:48:20.009 INFO  - Add service: org.chaostocosmos.leap.http.services.TimeServiceImpl  Mapping path: /time/GetTime
2022-01-13 15:48:20.010 INFO  - Add service: org.chaostocosmos.leap.http.services.TimeServiceImpl  Mapping path: /time/GetTime
2022-01-13 15:48:20.011 INFO  - Add service: org.chaostocosmos.leap.http.services.TimeServiceImpl  Mapping path: /time/GetTime
2022-01-13 15:48:20.011 INFO  - Virtual host added - Server: leap2   Host: 192.168.1.28   Port: 8082   Doc-Root: home2   Logging path: logs/leap.log   Level: [DEBUG]
2022-01-13 15:48:20.011 INFO  - Virtual host added - Server: leap1   Host: 127.0.0.1   Port: 8080   Doc-Root: home1   Logging path: logs/leap.log   Level: [DEBUG]
2022-01-13 15:48:20.016 INFO  - Accepting connections on port 8082
2022-01-13 15:48:20.019 INFO  - Accepting connections on port 8080
2022-01-13 15:48:47.250 INFO  - Leap WAS server starting...
2022-01-13 15:48:47.253 INFO  - --------------------------------------------------------------------------
2022-01-13 15:48:47.254 INFO  - ThreadPool initialized - CORE: 50 MAX: 50 KEEP-ALIVE WHEN IDLE(seconds): 30
2022-01-13 15:48:47.254 INFO  - verbose mode on
2022-01-13 15:48:47.260 INFO  - Add dynamic classpath to ClassLoader: file:/D:/0.github/Leap/./home/webapp/services/
2022-01-13 15:48:47.299 INFO  - Add service: org.chaostocosmos.leap.http.services.TimeServiceImpl  Mapping path: /time/GetTime
2022-01-13 15:48:47.300 INFO  - Add service: org.chaostocosmos.leap.http.services.TimeServiceImpl  Mapping path: /time/GetTime
2022-01-13 15:48:47.301 INFO  - Add service: org.chaostocosmos.leap.http.services.TimeServiceImpl  Mapping path: /time/GetTime
2022-01-13 15:48:47.301 INFO  - Default host added - Server: leap   Host: localhost   Port: 8080   Doc-Root: home   Logging path: logs/leap.log   Level: [DEBUG]
2022-01-13 15:48:47.315 INFO  - Add service: org.chaostocosmos.leap.http.services.TimeServiceImpl  Mapping path: /time/GetTime
2022-01-13 15:48:47.316 INFO  - Add service: org.chaostocosmos.leap.http.services.TimeServiceImpl  Mapping path: /time/GetTime
2022-01-13 15:48:47.317 INFO  - Add service: org.chaostocosmos.leap.http.services.TimeServiceImpl  Mapping path: /time/GetTime
2022-01-13 15:48:47.317 INFO  - Virtual host added - Server: leap2   Host: 192.168.1.28   Port: 8082   Doc-Root: home2   Logging path: logs/leap.log   Level: [DEBUG]
2022-01-13 15:48:47.318 INFO  - Virtual host added - Server: leap1   Host: 127.0.0.1   Port: 8080   Doc-Root: home1   Logging path: logs/leap.log   Level: [DEBUG]
2022-01-13 15:48:47.323 INFO  - Accepting connections on port 8082
2022-01-13 15:48:47.327 INFO  - Accepting connections on port 8080
2022-01-13 15:49:01.842 INFO  - Leap WAS server starting...
2022-01-13 15:49:01.845 INFO  - --------------------------------------------------------------------------
2022-01-13 15:49:01.845 INFO  - ThreadPool initialized - CORE: 50 MAX: 50 KEEP-ALIVE WHEN IDLE(seconds): 30
2022-01-13 15:49:01.845 INFO  - verbose mode on
2022-01-13 15:49:01.852 INFO  - Add dynamic classpath to ClassLoader: file:/D:/0.github/Leap/./home/webapp/services/
2022-01-13 15:49:01.892 INFO  - Add service: org.chaostocosmos.leap.http.services.TimeServiceImpl  Mapping path: /time/GetTime
2022-01-13 15:49:01.893 INFO  - Add service: org.chaostocosmos.leap.http.services.TimeServiceImpl  Mapping path: /time/GetTime
2022-01-13 15:49:01.894 INFO  - Add service: org.chaostocosmos.leap.http.services.TimeServiceImpl  Mapping path: /time/GetTime
2022-01-13 15:49:01.894 INFO  - Default host added - Server: leap   Host: localhost   Port: 8080   Doc-Root: home   Logging path: logs/leap.log   Level: [DEBUG]
2022-01-13 15:49:01.906 INFO  - Add service: org.chaostocosmos.leap.http.services.TimeServiceImpl  Mapping path: /time/GetTime
2022-01-13 15:49:01.908 INFO  - Add service: org.chaostocosmos.leap.http.services.TimeServiceImpl  Mapping path: /time/GetTime
2022-01-13 15:49:01.909 INFO  - Add service: org.chaostocosmos.leap.http.services.TimeServiceImpl  Mapping path: /time/GetTime
2022-01-13 15:49:01.909 INFO  - Virtual host added - Server: leap2   Host: 192.168.1.28   Port: 8082   Doc-Root: home2   Logging path: logs/leap.log   Level: [DEBUG]
2022-01-13 15:49:01.909 INFO  - Virtual host added - Server: leap1   Host: 127.0.0.1   Port: 8080   Doc-Root: home1   Logging path: logs/leap.log   Level: [DEBUG]
2022-01-13 15:49:01.921 INFO  - Accepting connections on port 8082
2022-01-13 15:49:01.930 INFO  - Accepting connections on port 8080
2022-01-13 15:50:39.170 INFO  - Leap WAS server starting...
2022-01-13 15:50:39.173 INFO  - --------------------------------------------------------------------------
2022-01-13 15:50:39.173 INFO  - ThreadPool initialized - CORE: 50 MAX: 50 KEEP-ALIVE WHEN IDLE(seconds): 30
2022-01-13 15:50:39.173 INFO  - verbose mode on
2022-01-13 15:50:39.182 INFO  - Add dynamic classpath to ClassLoader: file:/D:/0.github/Leap/./home/webapp/services/
2022-01-13 15:50:39.223 INFO  - Add service: org.chaostocosmos.leap.http.services.TimeServiceImpl  Mapping path: /time/GetTime
2022-01-13 15:50:39.224 INFO  - Add service: org.chaostocosmos.leap.http.services.TimeServiceImpl  Mapping path: /time/GetTime
2022-01-13 15:50:39.224 INFO  - Default host added - Server: leap   Host: localhost   Port: 8080   Doc-Root: home   Logging path: logs/leap.log   Level: [DEBUG]
2022-01-13 15:50:39.278 INFO  - Add service: org.chaostocosmos.leap.http.services.TimeServiceImpl  Mapping path: /time/GetTime
2022-01-13 15:50:39.280 INFO  - Add service: org.chaostocosmos.leap.http.services.TimeServiceImpl  Mapping path: /time/GetTime
2022-01-13 15:50:39.280 INFO  - Virtual host added - Server: leap2   Host: 192.168.1.28   Port: 8082   Doc-Root: home2   Logging path: logs/leap.log   Level: [DEBUG]
2022-01-13 15:50:39.281 INFO  - Virtual host added - Server: leap1   Host: 127.0.0.1   Port: 8080   Doc-Root: home1   Logging path: logs/leap.log   Level: [DEBUG]
2022-01-13 15:50:39.287 INFO  - Accepting connections on port 8082
2022-01-13 15:50:39.290 INFO  - Accepting connections on port 8080
2022-01-13 15:52:12.473 INFO  - Leap WAS server starting...
2022-01-13 15:52:12.476 INFO  - --------------------------------------------------------------------------
2022-01-13 15:52:12.477 INFO  - ThreadPool initialized - CORE: 50 MAX: 50 KEEP-ALIVE WHEN IDLE(seconds): 30
2022-01-13 15:52:12.477 INFO  - verbose mode on
2022-01-13 15:52:12.484 INFO  - Add dynamic classpath to ClassLoader: file:/D:/0.github/Leap/./home/webapp/services/
2022-01-13 15:52:36.379 INFO  - Leap WAS server starting...
2022-01-13 15:52:36.382 INFO  - --------------------------------------------------------------------------
2022-01-13 15:52:36.382 INFO  - ThreadPool initialized - CORE: 50 MAX: 50 KEEP-ALIVE WHEN IDLE(seconds): 30
2022-01-13 15:52:36.382 INFO  - verbose mode on
2022-01-13 15:52:36.389 INFO  - Add dynamic classpath to ClassLoader: file:/D:/0.github/Leap/./home/webapp/services/
2022-01-13 15:52:36.424 INFO  - Add service: org.chaostocosmos.leap.http.services.TimeServiceImpl  Mapping path: /time/GetTime
2022-01-13 15:52:36.425 INFO  - Add service: org.chaostocosmos.leap.http.services.TimeServiceImpl  Mapping path: /time/GetTime
2022-01-13 15:52:36.426 INFO  - Default host added - Server: leap   Host: localhost   Port: 8080   Doc-Root: home   Logging path: logs/leap.log   Level: [DEBUG]
2022-01-13 15:52:36.438 INFO  - Add service: org.chaostocosmos.leap.http.services.TimeServiceImpl  Mapping path: /time/GetTime
2022-01-13 15:52:36.439 INFO  - Add service: org.chaostocosmos.leap.http.services.TimeServiceImpl  Mapping path: /time/GetTime
2022-01-13 15:52:36.439 INFO  - Virtual host added - Server: leap2   Host: 192.168.1.28   Port: 8082   Doc-Root: home2   Logging path: logs/leap.log   Level: [DEBUG]
2022-01-13 15:52:36.439 INFO  - Virtual host added - Server: leap1   Host: 127.0.0.1   Port: 8080   Doc-Root: home1   Logging path: logs/leap.log   Level: [DEBUG]
2022-01-13 15:52:36.445 INFO  - Accepting connections on port 8082
2022-01-13 15:52:36.448 INFO  - Accepting connections on port 8080
2022-01-13 15:53:00.215 INFO  - Leap WAS server starting...
2022-01-13 15:53:00.218 INFO  - --------------------------------------------------------------------------
2022-01-13 15:53:00.218 INFO  - ThreadPool initialized - CORE: 50 MAX: 50 KEEP-ALIVE WHEN IDLE(seconds): 30
2022-01-13 15:53:00.218 INFO  - verbose mode on
2022-01-13 15:53:00.225 INFO  - Add dynamic classpath to ClassLoader: file:/D:/0.github/Leap/./home/webapp/services/
2022-01-13 15:54:20.225 INFO  - Leap WAS server starting...
2022-01-13 15:54:20.228 INFO  - --------------------------------------------------------------------------
2022-01-13 15:54:20.228 INFO  - ThreadPool initialized - CORE: 50 MAX: 50 KEEP-ALIVE WHEN IDLE(seconds): 30
2022-01-13 15:54:20.228 INFO  - verbose mode on
2022-01-13 15:54:20.234 INFO  - Add dynamic classpath to ClassLoader: file:/D:/0.github/Leap/./home/webapp/services/
2022-01-13 15:55:14.712 INFO  - Leap WAS server starting...
2022-01-13 15:55:14.716 INFO  - --------------------------------------------------------------------------
2022-01-13 15:55:14.716 INFO  - ThreadPool initialized - CORE: 50 MAX: 50 KEEP-ALIVE WHEN IDLE(seconds): 30
2022-01-13 15:55:14.716 INFO  - verbose mode on
2022-01-13 15:55:14.722 INFO  - Add dynamic classpath to ClassLoader: file:/D:/0.github/Leap/./home/webapp/services/
2022-01-13 15:56:57.319 INFO  - Leap WAS server starting...
2022-01-13 15:56:57.322 INFO  - --------------------------------------------------------------------------
2022-01-13 15:56:57.323 INFO  - ThreadPool initialized - CORE: 50 MAX: 50 KEEP-ALIVE WHEN IDLE(seconds): 30
2022-01-13 15:56:57.323 INFO  - verbose mode on
2022-01-13 15:56:57.330 INFO  - Add dynamic classpath to ClassLoader: file:/D:/0.github/Leap/./home/webapp/services/
2022-01-13 15:56:57.370 INFO  - Default host added - Server: leap   Host: localhost   Port: 8080   Doc-Root: home   Logging path: logs/leap.log   Level: [DEBUG]
2022-01-13 15:56:57.385 INFO  - Virtual host added - Server: leap2   Host: 192.168.1.28   Port: 8082   Doc-Root: home2   Logging path: logs/leap.log   Level: [DEBUG]
2022-01-13 15:56:57.386 INFO  - Virtual host added - Server: leap1   Host: 127.0.0.1   Port: 8080   Doc-Root: home1   Logging path: logs/leap.log   Level: [DEBUG]
2022-01-13 15:56:57.390 INFO  - Accepting connections on port 8082
2022-01-13 15:56:57.393 INFO  - Accepting connections on port 8080
2022-01-13 15:58:20.841 INFO  - Leap WAS server starting...
2022-01-13 15:58:20.843 INFO  - --------------------------------------------------------------------------
2022-01-13 15:58:20.844 INFO  - ThreadPool initialized - CORE: 50 MAX: 50 KEEP-ALIVE WHEN IDLE(seconds): 30
2022-01-13 15:58:20.844 INFO  - verbose mode on
2022-01-13 15:58:20.849 INFO  - Add dynamic classpath to ClassLoader: file:/D:/0.github/Leap/./home/webapp/services/
2022-01-13 15:58:20.887 INFO  - Default host added - Server: leap   Host: localhost   Port: 8080   Doc-Root: home   Logging path: logs/leap.log   Level: [DEBUG]
2022-01-13 15:58:20.901 INFO  - Virtual host added - Server: leap2   Host: 192.168.1.28   Port: 8082   Doc-Root: home2   Logging path: logs/leap.log   Level: [DEBUG]
2022-01-13 15:58:20.901 INFO  - Virtual host added - Server: leap1   Host: 127.0.0.1   Port: 8080   Doc-Root: home1   Logging path: logs/leap.log   Level: [DEBUG]
2022-01-13 15:58:20.907 INFO  - Accepting connections on port 8082
2022-01-13 15:58:20.911 INFO  - Accepting connections on port 8080
