2022-01-04 09:02:22.123 INFO  - Leap WAS server starting...
2022-01-04 09:02:22.128 INFO  - --------------------------------------------------------------------------
2022-01-04 09:02:22.128 INFO  - ThreadPool initialized - CORE: 50 MAX: 50 KEEP-ALIVE WHEN IDLE(seconds): 30
2022-01-04 09:02:22.128 INFO  - verbose mode on
2022-01-04 09:02:23.095 INFO  - Add service: org.chaostocosmos.leap.http.service.TimeServiceImpl  Mapping path: /time/GetTime
2022-01-04 09:02:23.095 DEBUG - Method not mapping with MethodMapper annotation: setFilters
2022-01-04 09:02:23.096 DEBUG - Method not mapping with MethodMapper annotation: serve
2022-01-04 09:02:23.096 DEBUG - Method not mapping with MethodMapper annotation: servePost
2022-01-04 09:02:23.096 DEBUG - Method not mapping with MethodMapper annotation: serveGet
2022-01-04 09:02:23.096 DEBUG - Method not mapping with MethodMapper annotation: serveDelete
2022-01-04 09:02:23.096 DEBUG - Method not mapping with MethodMapper annotation: servePut
2022-01-04 09:02:23.096 INFO  - Default host added - Server: leap   Host: localhost   Port: 8080   Doc-Root: home   Logging path: logs/leap.log   Level: [DEBUG]
2022-01-04 09:02:23.098 INFO  - Virtual host added - Server: leap1   Host: 127.0.0.1   Port: 8080   Doc-Root: home1   Logging path: logs/leap.log   Level: [DEBUG]
2022-01-04 09:02:23.106 INFO  - Add service: org.chaostocosmos.leap.http.service.TimeServiceImpl  Mapping path: /time/GetTime
2022-01-04 09:02:23.107 DEBUG - Method not mapping with MethodMapper annotation: setFilters
2022-01-04 09:02:23.108 DEBUG - Method not mapping with MethodMapper annotation: serve
2022-01-04 09:02:23.108 DEBUG - Method not mapping with MethodMapper annotation: servePost
2022-01-04 09:02:23.108 DEBUG - Method not mapping with MethodMapper annotation: serveGet
2022-01-04 09:02:23.108 DEBUG - Method not mapping with MethodMapper annotation: serveDelete
2022-01-04 09:02:23.108 DEBUG - Method not mapping with MethodMapper annotation: servePut
2022-01-04 09:02:23.109 INFO  - Virtual host added - Server: leap2   Host: 192.168.1.60   Port: 8082   Doc-Root: home2   Logging path: logs/leap.log   Level: [DEBUG]
2022-01-04 09:02:23.114 INFO  - Accepting connections on port 8082
2022-01-04 09:02:23.120 INFO  - Accepting connections on port 8080
2022-01-04 09:02:39.463 INFO  - Client request accepted... : /127.0.0.1
2022-01-04 09:03:21.913 INFO  - Leap WAS server starting...
2022-01-04 09:03:21.915 INFO  - --------------------------------------------------------------------------
2022-01-04 09:03:21.915 INFO  - ThreadPool initialized - CORE: 50 MAX: 50 KEEP-ALIVE WHEN IDLE(seconds): 30
2022-01-04 09:03:21.916 INFO  - verbose mode on
2022-01-04 09:03:21.970 INFO  - Add service: org.chaostocosmos.leap.http.service.TimeServiceImpl  Mapping path: /time/GetTime
2022-01-04 09:03:21.971 DEBUG - Method not mapping with MethodMapper annotation: serve
2022-01-04 09:03:21.971 DEBUG - Method not mapping with MethodMapper annotation: setFilters
2022-01-04 09:03:21.972 DEBUG - Method not mapping with MethodMapper annotation: servePut
2022-01-04 09:03:21.972 DEBUG - Method not mapping with MethodMapper annotation: servePost
2022-01-04 09:03:21.972 DEBUG - Method not mapping with MethodMapper annotation: serveGet
2022-01-04 09:03:21.972 DEBUG - Method not mapping with MethodMapper annotation: serveDelete
2022-01-04 09:03:21.972 INFO  - Default host added - Server: leap   Host: localhost   Port: 8080   Doc-Root: home   Logging path: logs/leap.log   Level: [DEBUG]
2022-01-04 09:03:21.975 INFO  - Virtual host added - Server: leap1   Host: 127.0.0.1   Port: 8080   Doc-Root: home1   Logging path: logs/leap.log   Level: [DEBUG]
2022-01-04 09:03:21.982 INFO  - Add service: org.chaostocosmos.leap.http.service.TimeServiceImpl  Mapping path: /time/GetTime
2022-01-04 09:03:21.982 DEBUG - Method not mapping with MethodMapper annotation: serve
2022-01-04 09:03:21.983 DEBUG - Method not mapping with MethodMapper annotation: setFilters
2022-01-04 09:03:21.983 DEBUG - Method not mapping with MethodMapper annotation: servePut
2022-01-04 09:03:21.983 DEBUG - Method not mapping with MethodMapper annotation: servePost
2022-01-04 09:03:21.983 DEBUG - Method not mapping with MethodMapper annotation: serveGet
2022-01-04 09:03:21.983 DEBUG - Method not mapping with MethodMapper annotation: serveDelete
2022-01-04 09:03:21.984 INFO  - Virtual host added - Server: leap2   Host: 192.168.1.60   Port: 8082   Doc-Root: home2   Logging path: logs/leap.log   Level: [DEBUG]
2022-01-04 09:03:22.003 INFO  - Accepting connections on port 8082
2022-01-04 09:03:22.007 INFO  - Accepting connections on port 8080
2022-01-04 09:03:24.778 INFO  - Client request accepted... : /127.0.0.1
2022-01-04 09:04:48.920 INFO  - Leap WAS server starting...
2022-01-04 09:04:48.922 INFO  - --------------------------------------------------------------------------
2022-01-04 09:04:48.923 INFO  - ThreadPool initialized - CORE: 50 MAX: 50 KEEP-ALIVE WHEN IDLE(seconds): 30
2022-01-04 09:04:48.923 INFO  - verbose mode on
2022-01-04 09:04:48.977 INFO  - Add service: org.chaostocosmos.leap.http.service.TimeServiceImpl  Mapping path: /time/GetTime
2022-01-04 09:04:48.977 DEBUG - Method not mapping with MethodMapper annotation: serve
2022-01-04 09:04:48.977 DEBUG - Method not mapping with MethodMapper annotation: setFilters
2022-01-04 09:04:48.977 DEBUG - Method not mapping with MethodMapper annotation: servePost
2022-01-04 09:04:48.978 DEBUG - Method not mapping with MethodMapper annotation: serveGet
2022-01-04 09:04:48.978 DEBUG - Method not mapping with MethodMapper annotation: serveDelete
2022-01-04 09:04:48.978 DEBUG - Method not mapping with MethodMapper annotation: servePut
2022-01-04 09:04:48.978 INFO  - Default host added - Server: leap   Host: localhost   Port: 8080   Doc-Root: home   Logging path: logs/leap.log   Level: [DEBUG]
2022-01-04 09:04:48.981 INFO  - Virtual host added - Server: leap1   Host: 127.0.0.1   Port: 8080   Doc-Root: home1   Logging path: logs/leap.log   Level: [DEBUG]
2022-01-04 09:04:48.989 INFO  - Add service: org.chaostocosmos.leap.http.service.TimeServiceImpl  Mapping path: /time/GetTime
2022-01-04 09:04:48.990 DEBUG - Method not mapping with MethodMapper annotation: serve
2022-01-04 09:04:48.990 DEBUG - Method not mapping with MethodMapper annotation: setFilters
2022-01-04 09:04:48.990 DEBUG - Method not mapping with MethodMapper annotation: servePost
2022-01-04 09:04:48.990 DEBUG - Method not mapping with MethodMapper annotation: serveGet
2022-01-04 09:04:48.991 DEBUG - Method not mapping with MethodMapper annotation: serveDelete
2022-01-04 09:04:48.991 DEBUG - Method not mapping with MethodMapper annotation: servePut
2022-01-04 09:04:48.991 INFO  - Virtual host added - Server: leap2   Host: 192.168.1.60   Port: 8082   Doc-Root: home2   Logging path: logs/leap.log   Level: [DEBUG]
2022-01-04 09:04:48.998 INFO  - Accepting connections on port 8082
2022-01-04 09:04:49.003 INFO  - Accepting connections on port 8080
2022-01-04 09:04:51.636 INFO  - Client request accepted... : /127.0.0.1
2022-01-04 09:05:07.148 INFO  - Leap WAS server starting...
2022-01-04 09:05:07.151 INFO  - --------------------------------------------------------------------------
2022-01-04 09:05:07.152 INFO  - ThreadPool initialized - CORE: 50 MAX: 50 KEEP-ALIVE WHEN IDLE(seconds): 30
2022-01-04 09:05:07.152 INFO  - verbose mode on
2022-01-04 09:05:07.188 INFO  - Add service: org.chaostocosmos.leap.http.service.TimeServiceImpl  Mapping path: /time/GetTime
2022-01-04 09:05:07.188 DEBUG - Method not mapping with MethodMapper annotation: serveGet
2022-01-04 09:05:07.188 DEBUG - Method not mapping with MethodMapper annotation: servePost
2022-01-04 09:05:07.188 DEBUG - Method not mapping with MethodMapper annotation: servePut
2022-01-04 09:05:07.189 DEBUG - Method not mapping with MethodMapper annotation: serveDelete
2022-01-04 09:05:07.189 DEBUG - Method not mapping with MethodMapper annotation: setFilters
2022-01-04 09:05:07.189 DEBUG - Method not mapping with MethodMapper annotation: serve
2022-01-04 09:05:07.189 INFO  - Default host added - Server: leap   Host: localhost   Port: 8080   Doc-Root: home   Logging path: logs/leap.log   Level: [DEBUG]
2022-01-04 09:05:07.191 INFO  - Virtual host added - Server: leap1   Host: 127.0.0.1   Port: 8080   Doc-Root: home1   Logging path: logs/leap.log   Level: [DEBUG]
2022-01-04 09:05:07.198 INFO  - Add service: org.chaostocosmos.leap.http.service.TimeServiceImpl  Mapping path: /time/GetTime
2022-01-04 09:05:07.199 DEBUG - Method not mapping with MethodMapper annotation: serveGet
2022-01-04 09:05:07.199 DEBUG - Method not mapping with MethodMapper annotation: servePost
2022-01-04 09:05:07.199 DEBUG - Method not mapping with MethodMapper annotation: servePut
2022-01-04 09:05:07.199 DEBUG - Method not mapping with MethodMapper annotation: serveDelete
2022-01-04 09:05:07.199 DEBUG - Method not mapping with MethodMapper annotation: setFilters
2022-01-04 09:05:07.200 DEBUG - Method not mapping with MethodMapper annotation: serve
2022-01-04 09:05:07.201 INFO  - Virtual host added - Server: leap2   Host: 192.168.1.60   Port: 8082   Doc-Root: home2   Logging path: logs/leap.log   Level: [DEBUG]
2022-01-04 09:05:07.209 INFO  - Accepting connections on port 8082
2022-01-04 09:05:07.239 INFO  - Accepting connections on port 8080
2022-01-04 09:05:09.683 INFO  - Client request accepted... : /127.0.0.1
2022-01-04 09:05:32.437 INFO  - Leap WAS server starting...
2022-01-04 09:05:32.440 INFO  - --------------------------------------------------------------------------
2022-01-04 09:05:32.440 INFO  - ThreadPool initialized - CORE: 50 MAX: 50 KEEP-ALIVE WHEN IDLE(seconds): 30
2022-01-04 09:05:32.440 INFO  - verbose mode on
2022-01-04 09:05:32.477 INFO  - Add service: org.chaostocosmos.leap.http.service.TimeServiceImpl  Mapping path: /time/GetTime
2022-01-04 09:05:32.477 DEBUG - Method not mapping with MethodMapper annotation: serve
2022-01-04 09:05:32.477 DEBUG - Method not mapping with MethodMapper annotation: setFilters
2022-01-04 09:05:32.478 DEBUG - Method not mapping with MethodMapper annotation: servePost
2022-01-04 09:05:32.478 DEBUG - Method not mapping with MethodMapper annotation: servePut
2022-01-04 09:05:32.479 DEBUG - Method not mapping with MethodMapper annotation: serveDelete
2022-01-04 09:05:32.479 DEBUG - Method not mapping with MethodMapper annotation: serveGet
2022-01-04 09:05:32.479 INFO  - Default host added - Server: leap   Host: localhost   Port: 8080   Doc-Root: home   Logging path: logs/leap.log   Level: [DEBUG]
2022-01-04 09:05:32.482 INFO  - Virtual host added - Server: leap1   Host: 127.0.0.1   Port: 8080   Doc-Root: home1   Logging path: logs/leap.log   Level: [DEBUG]
2022-01-04 09:05:32.488 INFO  - Add service: org.chaostocosmos.leap.http.service.TimeServiceImpl  Mapping path: /time/GetTime
2022-01-04 09:05:32.488 DEBUG - Method not mapping with MethodMapper annotation: serve
2022-01-04 09:05:32.488 DEBUG - Method not mapping with MethodMapper annotation: setFilters
2022-01-04 09:05:32.488 DEBUG - Method not mapping with MethodMapper annotation: servePost
2022-01-04 09:05:32.489 DEBUG - Method not mapping with MethodMapper annotation: servePut
2022-01-04 09:05:32.489 DEBUG - Method not mapping with MethodMapper annotation: serveDelete
2022-01-04 09:05:32.489 DEBUG - Method not mapping with MethodMapper annotation: serveGet
2022-01-04 09:05:32.489 INFO  - Virtual host added - Server: leap2   Host: 192.168.1.60   Port: 8082   Doc-Root: home2   Logging path: logs/leap.log   Level: [DEBUG]
2022-01-04 09:05:32.495 INFO  - Accepting connections on port 8082
2022-01-04 09:05:32.500 INFO  - Accepting connections on port 8080
2022-01-04 09:05:34.573 INFO  - Client request accepted... : /127.0.0.1
2022-01-04 09:07:02.495 INFO  - Leap WAS server starting...
2022-01-04 09:07:02.497 INFO  - --------------------------------------------------------------------------
2022-01-04 09:07:02.498 INFO  - ThreadPool initialized - CORE: 50 MAX: 50 KEEP-ALIVE WHEN IDLE(seconds): 30
2022-01-04 09:07:02.498 INFO  - verbose mode on
2022-01-04 09:07:02.548 INFO  - Add service: org.chaostocosmos.leap.http.service.TimeServiceImpl  Mapping path: /time/GetTime
2022-01-04 09:07:02.549 DEBUG - Method not mapping with MethodMapper annotation: serve
2022-01-04 09:07:02.550 DEBUG - Method not mapping with MethodMapper annotation: setFilters
2022-01-04 09:07:02.550 DEBUG - Method not mapping with MethodMapper annotation: serveGet
2022-01-04 09:07:02.550 DEBUG - Method not mapping with MethodMapper annotation: servePost
2022-01-04 09:07:02.550 DEBUG - Method not mapping with MethodMapper annotation: servePut
2022-01-04 09:07:02.550 DEBUG - Method not mapping with MethodMapper annotation: serveDelete
2022-01-04 09:07:02.551 INFO  - Default host added - Server: leap   Host: localhost   Port: 8080   Doc-Root: home   Logging path: logs/leap.log   Level: [DEBUG]
2022-01-04 09:07:02.552 INFO  - Virtual host added - Server: leap1   Host: 127.0.0.1   Port: 8080   Doc-Root: home1   Logging path: logs/leap.log   Level: [DEBUG]
2022-01-04 09:07:02.560 INFO  - Add service: org.chaostocosmos.leap.http.service.TimeServiceImpl  Mapping path: /time/GetTime
2022-01-04 09:07:02.561 DEBUG - Method not mapping with MethodMapper annotation: serve
2022-01-04 09:07:02.561 DEBUG - Method not mapping with MethodMapper annotation: setFilters
2022-01-04 09:07:02.561 DEBUG - Method not mapping with MethodMapper annotation: serveGet
2022-01-04 09:07:02.561 DEBUG - Method not mapping with MethodMapper annotation: servePost
2022-01-04 09:07:02.562 DEBUG - Method not mapping with MethodMapper annotation: servePut
2022-01-04 09:07:02.562 DEBUG - Method not mapping with MethodMapper annotation: serveDelete
2022-01-04 09:07:02.562 INFO  - Virtual host added - Server: leap2   Host: 192.168.1.60   Port: 8082   Doc-Root: home2   Logging path: logs/leap.log   Level: [DEBUG]
2022-01-04 09:07:02.569 INFO  - Accepting connections on port 8082
2022-01-04 09:07:02.573 INFO  - Accepting connections on port 8080
2022-01-04 09:07:04.911 INFO  - Client request accepted... : /127.0.0.1
2022-01-04 09:07:35.869 INFO  - Leap WAS server starting...
2022-01-04 09:07:35.871 INFO  - --------------------------------------------------------------------------
2022-01-04 09:07:35.871 INFO  - ThreadPool initialized - CORE: 50 MAX: 50 KEEP-ALIVE WHEN IDLE(seconds): 30
2022-01-04 09:07:35.872 INFO  - verbose mode on
2022-01-04 09:07:35.914 INFO  - Add service: org.chaostocosmos.leap.http.service.TimeServiceImpl  Mapping path: /time/GetTime
2022-01-04 09:07:35.914 DEBUG - Method not mapping with MethodMapper annotation: serve
2022-01-04 09:07:35.915 DEBUG - Method not mapping with MethodMapper annotation: setFilters
2022-01-04 09:07:35.915 DEBUG - Method not mapping with MethodMapper annotation: serveDelete
2022-01-04 09:07:35.915 DEBUG - Method not mapping with MethodMapper annotation: serveGet
2022-01-04 09:07:35.916 DEBUG - Method not mapping with MethodMapper annotation: servePost
2022-01-04 09:07:35.916 DEBUG - Method not mapping with MethodMapper annotation: servePut
2022-01-04 09:07:35.916 INFO  - Default host added - Server: leap   Host: localhost   Port: 8080   Doc-Root: home   Logging path: logs/leap.log   Level: [DEBUG]
2022-01-04 09:07:35.917 INFO  - Virtual host added - Server: leap1   Host: 127.0.0.1   Port: 8080   Doc-Root: home1   Logging path: logs/leap.log   Level: [DEBUG]
2022-01-04 09:07:35.924 INFO  - Add service: org.chaostocosmos.leap.http.service.TimeServiceImpl  Mapping path: /time/GetTime
2022-01-04 09:07:35.924 DEBUG - Method not mapping with MethodMapper annotation: serve
2022-01-04 09:07:35.925 DEBUG - Method not mapping with MethodMapper annotation: setFilters
2022-01-04 09:07:35.925 DEBUG - Method not mapping with MethodMapper annotation: serveDelete
2022-01-04 09:07:35.925 DEBUG - Method not mapping with MethodMapper annotation: serveGet
2022-01-04 09:07:35.925 DEBUG - Method not mapping with MethodMapper annotation: servePost
2022-01-04 09:07:35.925 DEBUG - Method not mapping with MethodMapper annotation: servePut
2022-01-04 09:07:35.926 INFO  - Virtual host added - Server: leap2   Host: 192.168.1.60   Port: 8082   Doc-Root: home2   Logging path: logs/leap.log   Level: [DEBUG]
2022-01-04 09:07:35.934 INFO  - Accepting connections on port 8082
2022-01-04 09:07:35.941 INFO  - Accepting connections on port 8080
2022-01-04 09:07:50.623 INFO  - Leap WAS server starting...
2022-01-04 09:07:50.626 INFO  - --------------------------------------------------------------------------
2022-01-04 09:07:50.626 INFO  - ThreadPool initialized - CORE: 50 MAX: 50 KEEP-ALIVE WHEN IDLE(seconds): 30
2022-01-04 09:07:50.626 INFO  - verbose mode on
2022-01-04 09:07:50.754 INFO  - Add service: org.chaostocosmos.leap.http.service.TimeServiceImpl  Mapping path: /time/GetTime
2022-01-04 09:07:50.754 DEBUG - Method not mapping with MethodMapper annotation: serveDelete
2022-01-04 09:07:50.754 DEBUG - Method not mapping with MethodMapper annotation: serveGet
2022-01-04 09:07:50.755 DEBUG - Method not mapping with MethodMapper annotation: servePost
2022-01-04 09:07:50.755 DEBUG - Method not mapping with MethodMapper annotation: servePut
2022-01-04 09:07:50.756 DEBUG - Method not mapping with MethodMapper annotation: serve
2022-01-04 09:07:50.756 DEBUG - Method not mapping with MethodMapper annotation: setFilters
2022-01-04 09:07:50.757 INFO  - Default host added - Server: leap   Host: localhost   Port: 8080   Doc-Root: home   Logging path: logs/leap.log   Level: [DEBUG]
2022-01-04 09:07:50.759 INFO  - Virtual host added - Server: leap1   Host: 127.0.0.1   Port: 8080   Doc-Root: home1   Logging path: logs/leap.log   Level: [DEBUG]
2022-01-04 09:07:50.765 INFO  - Add service: org.chaostocosmos.leap.http.service.TimeServiceImpl  Mapping path: /time/GetTime
2022-01-04 09:07:50.765 DEBUG - Method not mapping with MethodMapper annotation: serveDelete
2022-01-04 09:07:50.766 DEBUG - Method not mapping with MethodMapper annotation: serveGet
2022-01-04 09:07:50.766 DEBUG - Method not mapping with MethodMapper annotation: servePost
2022-01-04 09:07:50.766 DEBUG - Method not mapping with MethodMapper annotation: servePut
2022-01-04 09:07:50.766 DEBUG - Method not mapping with MethodMapper annotation: serve
2022-01-04 09:07:50.767 DEBUG - Method not mapping with MethodMapper annotation: setFilters
2022-01-04 09:07:50.767 INFO  - Virtual host added - Server: leap2   Host: 192.168.1.60   Port: 8082   Doc-Root: home2   Logging path: logs/leap.log   Level: [DEBUG]
2022-01-04 09:07:50.774 INFO  - Accepting connections on port 8082
2022-01-04 09:07:50.778 INFO  - Accepting connections on port 8080
2022-01-04 09:07:53.201 INFO  - Client request accepted... : /127.0.0.1
2022-01-04 09:10:06.404 INFO  - Leap WAS server starting...
2022-01-04 09:10:06.406 INFO  - --------------------------------------------------------------------------
2022-01-04 09:10:06.407 INFO  - ThreadPool initialized - CORE: 50 MAX: 50 KEEP-ALIVE WHEN IDLE(seconds): 30
2022-01-04 09:10:06.407 INFO  - verbose mode on
2022-01-04 09:10:06.450 INFO  - Add service: org.chaostocosmos.leap.http.service.TimeServiceImpl  Mapping path: /time/GetTime
2022-01-04 09:10:06.450 DEBUG - Method not mapping with MethodMapper annotation: serveGet
2022-01-04 09:10:06.450 DEBUG - Method not mapping with MethodMapper annotation: servePost
2022-01-04 09:10:06.451 DEBUG - Method not mapping with MethodMapper annotation: serveDelete
2022-01-04 09:10:06.451 DEBUG - Method not mapping with MethodMapper annotation: servePut
2022-01-04 09:10:06.451 DEBUG - Method not mapping with MethodMapper annotation: serve
2022-01-04 09:10:06.451 DEBUG - Method not mapping with MethodMapper annotation: setFilters
2022-01-04 09:10:06.451 INFO  - Default host added - Server: leap   Host: localhost   Port: 8080   Doc-Root: home   Logging path: logs/leap.log   Level: [DEBUG]
2022-01-04 09:10:06.453 INFO  - Virtual host added - Server: leap1   Host: 127.0.0.1   Port: 8080   Doc-Root: home1   Logging path: logs/leap.log   Level: [DEBUG]
2022-01-04 09:10:06.485 INFO  - Add service: org.chaostocosmos.leap.http.service.TimeServiceImpl  Mapping path: /time/GetTime
2022-01-04 09:10:06.485 DEBUG - Method not mapping with MethodMapper annotation: serveGet
2022-01-04 09:10:06.486 DEBUG - Method not mapping with MethodMapper annotation: servePost
2022-01-04 09:10:06.486 DEBUG - Method not mapping with MethodMapper annotation: serveDelete
2022-01-04 09:10:06.486 DEBUG - Method not mapping with MethodMapper annotation: servePut
2022-01-04 09:10:06.487 DEBUG - Method not mapping with MethodMapper annotation: serve
2022-01-04 09:10:06.487 DEBUG - Method not mapping with MethodMapper annotation: setFilters
2022-01-04 09:10:06.487 INFO  - Virtual host added - Server: leap2   Host: 192.168.1.60   Port: 8082   Doc-Root: home2   Logging path: logs/leap.log   Level: [DEBUG]
2022-01-04 09:10:06.495 INFO  - Accepting connections on port 8082
2022-01-04 09:10:06.501 INFO  - Accepting connections on port 8080
2022-01-04 09:10:09.321 INFO  - Client request accepted... : /127.0.0.1
2022-01-04 09:11:50.725 INFO  - Leap WAS server starting...
2022-01-04 09:11:50.728 INFO  - --------------------------------------------------------------------------
2022-01-04 09:11:50.728 INFO  - ThreadPool initialized - CORE: 50 MAX: 50 KEEP-ALIVE WHEN IDLE(seconds): 30
2022-01-04 09:11:50.728 INFO  - verbose mode on
2022-01-04 09:11:50.763 INFO  - Add service: org.chaostocosmos.leap.http.service.TimeServiceImpl  Mapping path: /time/GetTime
2022-01-04 09:11:50.763 DEBUG - Method not mapping with MethodMapper annotation: servePost
2022-01-04 09:11:50.764 DEBUG - Method not mapping with MethodMapper annotation: serveDelete
2022-01-04 09:11:50.764 DEBUG - Method not mapping with MethodMapper annotation: servePut
2022-01-04 09:11:50.765 DEBUG - Method not mapping with MethodMapper annotation: serveGet
2022-01-04 09:11:50.765 DEBUG - Method not mapping with MethodMapper annotation: serve
2022-01-04 09:11:50.765 DEBUG - Method not mapping with MethodMapper annotation: setFilters
2022-01-04 09:11:50.765 INFO  - Default host added - Server: leap   Host: localhost   Port: 8080   Doc-Root: home   Logging path: logs/leap.log   Level: [DEBUG]
2022-01-04 09:11:50.768 INFO  - Virtual host added - Server: leap1   Host: 127.0.0.1   Port: 8080   Doc-Root: home1   Logging path: logs/leap.log   Level: [DEBUG]
2022-01-04 09:11:50.774 INFO  - Add service: org.chaostocosmos.leap.http.service.TimeServiceImpl  Mapping path: /time/GetTime
2022-01-04 09:11:50.774 DEBUG - Method not mapping with MethodMapper annotation: servePost
2022-01-04 09:11:50.775 DEBUG - Method not mapping with MethodMapper annotation: serveDelete
2022-01-04 09:11:50.775 DEBUG - Method not mapping with MethodMapper annotation: servePut
2022-01-04 09:11:50.775 DEBUG - Method not mapping with MethodMapper annotation: serveGet
2022-01-04 09:11:50.775 DEBUG - Method not mapping with MethodMapper annotation: serve
2022-01-04 09:11:50.775 DEBUG - Method not mapping with MethodMapper annotation: setFilters
2022-01-04 09:11:50.776 INFO  - Virtual host added - Server: leap2   Host: 192.168.1.60   Port: 8082   Doc-Root: home2   Logging path: logs/leap.log   Level: [DEBUG]
2022-01-04 09:11:50.781 INFO  - Accepting connections on port 8082
2022-01-04 09:11:50.787 INFO  - Accepting connections on port 8080
2022-01-04 09:11:54.343 INFO  - Client request accepted... : /127.0.0.1
2022-01-04 09:13:45.035 INFO  - Leap WAS server starting...
2022-01-04 09:13:45.038 INFO  - --------------------------------------------------------------------------
2022-01-04 09:13:45.038 INFO  - ThreadPool initialized - CORE: 50 MAX: 50 KEEP-ALIVE WHEN IDLE(seconds): 30
2022-01-04 09:13:45.038 INFO  - verbose mode on
2022-01-04 09:13:45.073 DEBUG - Method not mapping with MethodMapper annotation: servePut
2022-01-04 09:13:45.074 DEBUG - Method not mapping with MethodMapper annotation: servePost
2022-01-04 09:13:45.075 DEBUG - Method not mapping with MethodMapper annotation: serveDelete
2022-01-04 09:13:45.075 DEBUG - Method not mapping with MethodMapper annotation: serveGet
2022-01-04 09:13:45.075 DEBUG - Method not mapping with MethodMapper annotation: serve
2022-01-04 09:13:45.075 DEBUG - Method not mapping with MethodMapper annotation: setFilters
2022-01-04 09:13:45.078 INFO  - Add service: org.chaostocosmos.leap.http.service.TimeServiceImpl  Mapping path: /time/GetTime
2022-01-04 09:13:45.079 INFO  - Default host added - Server: leap   Host: localhost   Port: 8080   Doc-Root: home   Logging path: logs/leap.log   Level: [DEBUG]
2022-01-04 09:13:45.081 INFO  - Virtual host added - Server: leap1   Host: 127.0.0.1   Port: 8080   Doc-Root: home1   Logging path: logs/leap.log   Level: [DEBUG]
2022-01-04 09:13:45.089 DEBUG - Method not mapping with MethodMapper annotation: servePut
2022-01-04 09:13:45.090 DEBUG - Method not mapping with MethodMapper annotation: servePost
2022-01-04 09:13:45.090 DEBUG - Method not mapping with MethodMapper annotation: serveDelete
2022-01-04 09:13:45.091 DEBUG - Method not mapping with MethodMapper annotation: serveGet
2022-01-04 09:13:45.091 DEBUG - Method not mapping with MethodMapper annotation: serve
2022-01-04 09:13:45.091 DEBUG - Method not mapping with MethodMapper annotation: setFilters
2022-01-04 09:13:45.091 INFO  - Add service: org.chaostocosmos.leap.http.service.TimeServiceImpl  Mapping path: /time/GetTime
2022-01-04 09:13:45.091 INFO  - Virtual host added - Server: leap2   Host: 192.168.1.60   Port: 8082   Doc-Root: home2   Logging path: logs/leap.log   Level: [DEBUG]
2022-01-04 09:13:45.097 INFO  - Accepting connections on port 8082
2022-01-04 09:13:45.101 INFO  - Accepting connections on port 8080
2022-01-04 09:13:47.589 INFO  - Client request accepted... : /127.0.0.1
2022-01-04 09:14:58.061 INFO  - Leap WAS server starting...
2022-01-04 09:14:58.063 INFO  - --------------------------------------------------------------------------
2022-01-04 09:14:58.064 INFO  - ThreadPool initialized - CORE: 50 MAX: 50 KEEP-ALIVE WHEN IDLE(seconds): 30
2022-01-04 09:14:58.064 INFO  - verbose mode on
2022-01-04 09:14:58.103 INFO  - Add service: org.chaostocosmos.leap.http.service.TimeServiceImpl  Mapping path: /time/GetTime
2022-01-04 09:14:58.104 DEBUG - Method not mapping with MethodMapper annotation: serveGet
2022-01-04 09:14:58.104 DEBUG - Method not mapping with MethodMapper annotation: servePut
2022-01-04 09:14:58.104 DEBUG - Method not mapping with MethodMapper annotation: servePost
2022-01-04 09:14:58.105 DEBUG - Method not mapping with MethodMapper annotation: serveDelete
2022-01-04 09:14:58.105 DEBUG - Method not mapping with MethodMapper annotation: serve
2022-01-04 09:14:58.105 DEBUG - Method not mapping with MethodMapper annotation: setFilters
2022-01-04 09:14:58.105 INFO  - Default host added - Server: leap   Host: localhost   Port: 8080   Doc-Root: home   Logging path: logs/leap.log   Level: [DEBUG]
2022-01-04 09:14:58.107 INFO  - Virtual host added - Server: leap1   Host: 127.0.0.1   Port: 8080   Doc-Root: home1   Logging path: logs/leap.log   Level: [DEBUG]
2022-01-04 09:14:58.113 INFO  - Add service: org.chaostocosmos.leap.http.service.TimeServiceImpl  Mapping path: /time/GetTime
2022-01-04 09:14:58.113 DEBUG - Method not mapping with MethodMapper annotation: serveGet
2022-01-04 09:14:58.114 DEBUG - Method not mapping with MethodMapper annotation: servePut
2022-01-04 09:14:58.114 DEBUG - Method not mapping with MethodMapper annotation: servePost
2022-01-04 09:14:58.114 DEBUG - Method not mapping with MethodMapper annotation: serveDelete
2022-01-04 09:14:58.114 DEBUG - Method not mapping with MethodMapper annotation: serve
2022-01-04 09:14:58.114 DEBUG - Method not mapping with MethodMapper annotation: setFilters
2022-01-04 09:14:58.114 INFO  - Virtual host added - Server: leap2   Host: 192.168.1.60   Port: 8082   Doc-Root: home2   Logging path: logs/leap.log   Level: [DEBUG]
2022-01-04 09:14:58.120 INFO  - Accepting connections on port 8082
2022-01-04 09:14:58.124 INFO  - Accepting connections on port 8080
2022-01-04 09:15:00.427 INFO  - Client request accepted... : /127.0.0.1
2022-01-04 09:15:00.458 DEBUG - Request host: localhost
2022-01-04 09:15:00.459 DEBUG - Accept: */*
User-Agent: PostmanRuntime/7.28.4
Connection: keep-alive
Postman-Token: 81d50a54-3d12-4977-aad6-0775220a1454
Host: localhost:8080
Accept-Encoding: gzip, deflate, br
Content-Length: 826
@Client: localhost
Content-Type: multipart/form-data; boundary=--------------------------537121379885749633887344
2022-01-04 09:15:00.462 DEBUG - .\home\webapp\WEB-INF\static\index.html   index.html   .\home\webapp\WEB-INF\static
2022-01-04 09:15:00.485 DEBUG - { httpRequestDescriptor='{ httpRequest='http://localhost:8080/ GET', httpVersion='HTTP/1.1', requestType='GET', requestedHost='localhost', reqHeader='{Accept=*/*, User-Agent=PostmanRuntime/7.28.4, Connection=keep-alive, Postman-Token=81d50a54-3d12-4977-aad6-0775220a1454, Host=localhost:8080, Accept-Encoding=gzip, deflate, br, Content-Length=826, @Client=localhost, Content-Type=multipart/form-data; boundary=--------------------------537121379885749633887344}', contentType='multipart/form-data', reqBody='null', contextPath='/', url='http://localhost:8080/', contextParam='{}', multipartList='org.chaostocosmos.leap.http.HttpRequestDescriptor$MultipartDescriptor@22878255'}', httpResponse='null', requestedHost='localhost', responseCode='200', responseBody='[B@4b3763d6', responseHeader='{Server=LeapWAS 1.0.0, Date=Tue Jan 04 09:15:00 KST 2022}'}
2022-01-04 09:36:48.704 INFO  - Leap WAS server starting...
2022-01-04 09:36:48.707 INFO  - --------------------------------------------------------------------------
2022-01-04 09:36:48.707 INFO  - ThreadPool initialized - CORE: 50 MAX: 50 KEEP-ALIVE WHEN IDLE(seconds): 30
2022-01-04 09:36:48.707 INFO  - verbose mode on
2022-01-04 09:36:48.744 INFO  - Add service: org.chaostocosmos.leap.http.service.TimeServiceImpl  Mapping path: /time/GetTime
2022-01-04 09:36:48.744 DEBUG - Method not mapping with MethodMapper annotation: serve
2022-01-04 09:36:48.745 DEBUG - Method not mapping with MethodMapper annotation: setFilters
2022-01-04 09:36:48.745 DEBUG - Method not mapping with MethodMapper annotation: servePut
2022-01-04 09:36:48.745 DEBUG - Method not mapping with MethodMapper annotation: serveDelete
2022-01-04 09:36:48.745 DEBUG - Method not mapping with MethodMapper annotation: serveGet
2022-01-04 09:36:48.745 DEBUG - Method not mapping with MethodMapper annotation: servePost
2022-01-04 09:36:48.746 INFO  - Default host added - Server: leap   Host: localhost   Port: 8080   Doc-Root: home   Logging path: logs/leap.log   Level: [DEBUG]
2022-01-04 09:36:48.748 INFO  - Virtual host added - Server: leap1   Host: 127.0.0.1   Port: 8080   Doc-Root: home1   Logging path: logs/leap.log   Level: [DEBUG]
2022-01-04 09:36:48.755 INFO  - Add service: org.chaostocosmos.leap.http.service.TimeServiceImpl  Mapping path: /time/GetTime
2022-01-04 09:36:48.756 DEBUG - Method not mapping with MethodMapper annotation: serve
2022-01-04 09:36:48.756 DEBUG - Method not mapping with MethodMapper annotation: setFilters
2022-01-04 09:36:48.756 DEBUG - Method not mapping with MethodMapper annotation: servePut
2022-01-04 09:36:48.757 DEBUG - Method not mapping with MethodMapper annotation: serveDelete
2022-01-04 09:36:48.757 DEBUG - Method not mapping with MethodMapper annotation: serveGet
2022-01-04 09:36:48.757 DEBUG - Method not mapping with MethodMapper annotation: servePost
2022-01-04 09:36:48.757 INFO  - Virtual host added - Server: leap2   Host: 192.168.1.60   Port: 8082   Doc-Root: home2   Logging path: logs/leap.log   Level: [DEBUG]
2022-01-04 09:36:48.761 INFO  - Accepting connections on port 8082
2022-01-04 09:36:48.768 INFO  - Accepting connections on port 8080
2022-01-04 09:36:52.188 INFO  - Client request accepted... : /127.0.0.1
2022-01-04 09:36:52.217 DEBUG - Request host: localhost
2022-01-04 09:36:52.219 DEBUG - Accept: */*
User-Agent: PostmanRuntime/7.28.4
Connection: keep-alive
Postman-Token: eb44c974-60f4-4edf-a257-e3509d0d4f42
Host: localhost:8080
Accept-Encoding: gzip, deflate, br
Content-Length: 826
@Client: localhost
Content-Type: multipart/form-data; boundary=--------------------------820585166811620688448754
2022-01-04 09:36:52.220 DEBUG - .\home\webapp\WEB-INF\static\index.html   index.html   .\home\webapp\WEB-INF\static
2022-01-04 09:36:52.235 DEBUG - { httpRequestDescriptor='{ httpRequest='http://localhost:8080/ GET', httpVersion='HTTP/1.1', requestType='GET', requestedHost='localhost', reqHeader='{Accept=*/*, User-Agent=PostmanRuntime/7.28.4, Connection=keep-alive, Postman-Token=eb44c974-60f4-4edf-a257-e3509d0d4f42, Host=localhost:8080, Accept-Encoding=gzip, deflate, br, Content-Length=826, @Client=localhost, Content-Type=multipart/form-data; boundary=--------------------------820585166811620688448754}', contentType='multipart/form-data', reqBody='null', contextPath='/', url='http://localhost:8080/', contextParam='{}', multipartList='org.chaostocosmos.leap.http.HttpRequestDescriptor$MultipartDescriptor@27333c70'}', httpResponse='null', requestedHost='localhost', responseCode='200', responseBody='[B@77b256db', responseHeader='{Server=LeapWAS 1.0.0, Date=Tue Jan 04 09:36:52 KST 2022}'}
2022-01-04 09:49:30.834 INFO  - Leap WAS server starting...
2022-01-04 09:49:30.837 INFO  - --------------------------------------------------------------------------
2022-01-04 09:49:30.838 INFO  - ThreadPool initialized - CORE: 50 MAX: 50 KEEP-ALIVE WHEN IDLE(seconds): 30
2022-01-04 09:49:30.838 INFO  - verbose mode on
2022-01-04 09:49:30.878 INFO  - Add service: org.chaostocosmos.leap.http.service.TimeServiceImpl  Mapping path: /time/GetTime
2022-01-04 09:49:30.878 DEBUG - Method not mapping with MethodMapper annotation: serve
2022-01-04 09:49:30.878 DEBUG - Method not mapping with MethodMapper annotation: setFilters
2022-01-04 09:49:30.879 DEBUG - Method not mapping with MethodMapper annotation: serveDelete
2022-01-04 09:49:30.879 DEBUG - Method not mapping with MethodMapper annotation: servePost
2022-01-04 09:49:30.879 DEBUG - Method not mapping with MethodMapper annotation: serveGet
2022-01-04 09:49:30.879 DEBUG - Method not mapping with MethodMapper annotation: servePut
2022-01-04 09:49:30.879 INFO  - Default host added - Server: leap   Host: localhost   Port: 8080   Doc-Root: home   Logging path: logs/leap.log   Level: [DEBUG]
2022-01-04 09:49:30.881 INFO  - Virtual host added - Server: leap1   Host: 127.0.0.1   Port: 8080   Doc-Root: home1   Logging path: logs/leap.log   Level: [DEBUG]
2022-01-04 09:49:30.886 INFO  - Add service: org.chaostocosmos.leap.http.service.TimeServiceImpl  Mapping path: /time/GetTime
2022-01-04 09:49:30.886 DEBUG - Method not mapping with MethodMapper annotation: serve
2022-01-04 09:49:30.886 DEBUG - Method not mapping with MethodMapper annotation: setFilters
2022-01-04 09:49:30.887 DEBUG - Method not mapping with MethodMapper annotation: serveDelete
2022-01-04 09:49:30.887 DEBUG - Method not mapping with MethodMapper annotation: servePost
2022-01-04 09:49:30.888 DEBUG - Method not mapping with MethodMapper annotation: serveGet
2022-01-04 09:49:30.888 DEBUG - Method not mapping with MethodMapper annotation: servePut
2022-01-04 09:49:30.889 INFO  - Virtual host added - Server: leap2   Host: 192.168.1.60   Port: 8082   Doc-Root: home2   Logging path: logs/leap.log   Level: [DEBUG]
2022-01-04 09:49:30.897 INFO  - Accepting connections on port 8082
2022-01-04 09:49:30.901 INFO  - Accepting connections on port 8080
2022-01-04 09:49:34.547 INFO  - Client request accepted... : /127.0.0.1
2022-01-04 09:50:41.759 INFO  - Leap WAS server starting...
2022-01-04 09:50:41.762 INFO  - --------------------------------------------------------------------------
2022-01-04 09:50:41.762 INFO  - ThreadPool initialized - CORE: 50 MAX: 50 KEEP-ALIVE WHEN IDLE(seconds): 30
2022-01-04 09:50:41.763 INFO  - verbose mode on
2022-01-04 09:50:41.813 INFO  - Add service: org.chaostocosmos.leap.http.service.TimeServiceImpl  Mapping path: /time/GetTime
2022-01-04 09:50:41.814 DEBUG - Method not mapping with MethodMapper annotation: serve
2022-01-04 09:50:41.814 DEBUG - Method not mapping with MethodMapper annotation: setFilters
2022-01-04 09:50:41.814 DEBUG - Method not mapping with MethodMapper annotation: serveDelete
2022-01-04 09:50:41.814 DEBUG - Method not mapping with MethodMapper annotation: serveGet
2022-01-04 09:50:41.814 DEBUG - Method not mapping with MethodMapper annotation: servePost
2022-01-04 09:50:41.814 DEBUG - Method not mapping with MethodMapper annotation: servePut
2022-01-04 09:50:41.815 INFO  - Default host added - Server: leap   Host: localhost   Port: 8080   Doc-Root: home   Logging path: logs/leap.log   Level: [DEBUG]
2022-01-04 09:50:41.816 INFO  - Virtual host added - Server: leap1   Host: 127.0.0.1   Port: 8080   Doc-Root: home1   Logging path: logs/leap.log   Level: [DEBUG]
2022-01-04 09:50:41.821 INFO  - Add service: org.chaostocosmos.leap.http.service.TimeServiceImpl  Mapping path: /time/GetTime
2022-01-04 09:50:41.822 DEBUG - Method not mapping with MethodMapper annotation: serve
2022-01-04 09:50:41.822 DEBUG - Method not mapping with MethodMapper annotation: setFilters
2022-01-04 09:50:41.822 DEBUG - Method not mapping with MethodMapper annotation: serveDelete
2022-01-04 09:50:41.822 DEBUG - Method not mapping with MethodMapper annotation: serveGet
2022-01-04 09:50:41.822 DEBUG - Method not mapping with MethodMapper annotation: servePost
2022-01-04 09:50:41.822 DEBUG - Method not mapping with MethodMapper annotation: servePut
2022-01-04 09:50:41.823 INFO  - Virtual host added - Server: leap2   Host: 192.168.1.60   Port: 8082   Doc-Root: home2   Logging path: logs/leap.log   Level: [DEBUG]
2022-01-04 09:50:41.828 INFO  - Accepting connections on port 8082
2022-01-04 09:50:41.832 INFO  - Accepting connections on port 8080
2022-01-04 09:50:44.355 INFO  - Client request accepted... : /127.0.0.1
2022-01-04 09:52:11.867 INFO  - Leap WAS server starting...
2022-01-04 09:52:11.870 INFO  - --------------------------------------------------------------------------
2022-01-04 09:52:11.870 INFO  - ThreadPool initialized - CORE: 50 MAX: 50 KEEP-ALIVE WHEN IDLE(seconds): 30
2022-01-04 09:52:11.870 INFO  - verbose mode on
2022-01-04 09:52:11.908 INFO  - Add service: org.chaostocosmos.leap.http.service.TimeServiceImpl  Mapping path: /time/GetTime
2022-01-04 09:52:11.909 DEBUG - Method not mapping with MethodMapper annotation: servePost
2022-01-04 09:52:11.909 DEBUG - Method not mapping with MethodMapper annotation: serveGet
2022-01-04 09:52:11.909 DEBUG - Method not mapping with MethodMapper annotation: serveDelete
2022-01-04 09:52:11.909 DEBUG - Method not mapping with MethodMapper annotation: servePut
2022-01-04 09:52:11.910 DEBUG - Method not mapping with MethodMapper annotation: serve
2022-01-04 09:52:11.910 DEBUG - Method not mapping with MethodMapper annotation: setFilters
2022-01-04 09:52:11.910 INFO  - Default host added - Server: leap   Host: localhost   Port: 8080   Doc-Root: home   Logging path: logs/leap.log   Level: [DEBUG]
2022-01-04 09:52:11.912 INFO  - Virtual host added - Server: leap1   Host: 127.0.0.1   Port: 8080   Doc-Root: home1   Logging path: logs/leap.log   Level: [DEBUG]
2022-01-04 09:52:11.919 INFO  - Add service: org.chaostocosmos.leap.http.service.TimeServiceImpl  Mapping path: /time/GetTime
2022-01-04 09:52:11.919 DEBUG - Method not mapping with MethodMapper annotation: servePost
2022-01-04 09:52:11.919 DEBUG - Method not mapping with MethodMapper annotation: serveGet
2022-01-04 09:52:11.919 DEBUG - Method not mapping with MethodMapper annotation: serveDelete
2022-01-04 09:52:11.920 DEBUG - Method not mapping with MethodMapper annotation: servePut
2022-01-04 09:52:11.920 DEBUG - Method not mapping with MethodMapper annotation: serve
2022-01-04 09:52:11.920 DEBUG - Method not mapping with MethodMapper annotation: setFilters
2022-01-04 09:52:11.920 INFO  - Virtual host added - Server: leap2   Host: 192.168.1.60   Port: 8082   Doc-Root: home2   Logging path: logs/leap.log   Level: [DEBUG]
2022-01-04 09:52:11.926 INFO  - Accepting connections on port 8082
2022-01-04 09:52:11.930 INFO  - Accepting connections on port 8080
2022-01-04 09:52:14.343 INFO  - Client request accepted... : /127.0.0.1
2022-01-04 09:54:11.092 INFO  - Leap WAS server starting...
2022-01-04 09:54:11.094 INFO  - --------------------------------------------------------------------------
2022-01-04 09:54:11.095 INFO  - ThreadPool initialized - CORE: 50 MAX: 50 KEEP-ALIVE WHEN IDLE(seconds): 30
2022-01-04 09:54:11.095 INFO  - verbose mode on
2022-01-04 09:54:11.139 INFO  - Add service: org.chaostocosmos.leap.http.service.TimeServiceImpl  Mapping path: /time/GetTime
2022-01-04 09:54:11.140 DEBUG - Method not mapping with MethodMapper annotation: setFilters
2022-01-04 09:54:11.140 DEBUG - Method not mapping with MethodMapper annotation: serve
2022-01-04 09:54:11.140 DEBUG - Method not mapping with MethodMapper annotation: serveDelete
2022-01-04 09:54:11.140 DEBUG - Method not mapping with MethodMapper annotation: serveGet
2022-01-04 09:54:11.140 DEBUG - Method not mapping with MethodMapper annotation: servePost
2022-01-04 09:54:11.140 DEBUG - Method not mapping with MethodMapper annotation: servePut
2022-01-04 09:54:11.141 INFO  - Default host added - Server: leap   Host: localhost   Port: 8080   Doc-Root: home   Logging path: logs/leap.log   Level: [DEBUG]
2022-01-04 09:54:11.143 INFO  - Virtual host added - Server: leap1   Host: 127.0.0.1   Port: 8080   Doc-Root: home1   Logging path: logs/leap.log   Level: [DEBUG]
2022-01-04 09:54:11.149 INFO  - Add service: org.chaostocosmos.leap.http.service.TimeServiceImpl  Mapping path: /time/GetTime
2022-01-04 09:54:11.149 DEBUG - Method not mapping with MethodMapper annotation: setFilters
2022-01-04 09:54:11.149 DEBUG - Method not mapping with MethodMapper annotation: serve
2022-01-04 09:54:11.150 DEBUG - Method not mapping with MethodMapper annotation: serveDelete
2022-01-04 09:54:11.150 DEBUG - Method not mapping with MethodMapper annotation: serveGet
2022-01-04 09:54:11.150 DEBUG - Method not mapping with MethodMapper annotation: servePost
2022-01-04 09:54:11.150 DEBUG - Method not mapping with MethodMapper annotation: servePut
2022-01-04 09:54:11.150 INFO  - Virtual host added - Server: leap2   Host: 192.168.1.60   Port: 8082   Doc-Root: home2   Logging path: logs/leap.log   Level: [DEBUG]
2022-01-04 09:54:11.159 INFO  - Accepting connections on port 8082
2022-01-04 09:54:11.164 INFO  - Accepting connections on port 8080
2022-01-04 09:54:13.194 INFO  - Client request accepted... : /127.0.0.1
2022-01-04 09:55:11.582 INFO  - Leap WAS server starting...
2022-01-04 09:55:11.585 INFO  - --------------------------------------------------------------------------
2022-01-04 09:55:11.585 INFO  - ThreadPool initialized - CORE: 50 MAX: 50 KEEP-ALIVE WHEN IDLE(seconds): 30
2022-01-04 09:55:11.585 INFO  - verbose mode on
2022-01-04 09:55:11.670 INFO  - Add service: org.chaostocosmos.leap.http.service.TimeServiceImpl  Mapping path: /time/GetTime
2022-01-04 09:55:11.670 DEBUG - Method not mapping with MethodMapper annotation: serve
2022-01-04 09:55:11.670 DEBUG - Method not mapping with MethodMapper annotation: setFilters
2022-01-04 09:55:11.671 DEBUG - Method not mapping with MethodMapper annotation: serveGet
2022-01-04 09:55:11.671 DEBUG - Method not mapping with MethodMapper annotation: servePost
2022-01-04 09:55:11.671 DEBUG - Method not mapping with MethodMapper annotation: servePut
2022-01-04 09:55:11.671 DEBUG - Method not mapping with MethodMapper annotation: serveDelete
2022-01-04 09:55:11.672 INFO  - Default host added - Server: leap   Host: localhost   Port: 8080   Doc-Root: home   Logging path: logs/leap.log   Level: [DEBUG]
2022-01-04 09:55:11.674 INFO  - Virtual host added - Server: leap1   Host: 127.0.0.1   Port: 8080   Doc-Root: home1   Logging path: logs/leap.log   Level: [DEBUG]
2022-01-04 09:55:11.681 INFO  - Add service: org.chaostocosmos.leap.http.service.TimeServiceImpl  Mapping path: /time/GetTime
2022-01-04 09:55:11.682 DEBUG - Method not mapping with MethodMapper annotation: serve
2022-01-04 09:55:11.682 DEBUG - Method not mapping with MethodMapper annotation: setFilters
2022-01-04 09:55:11.682 DEBUG - Method not mapping with MethodMapper annotation: serveGet
2022-01-04 09:55:11.682 DEBUG - Method not mapping with MethodMapper annotation: servePost
2022-01-04 09:55:11.682 DEBUG - Method not mapping with MethodMapper annotation: servePut
2022-01-04 09:55:11.683 DEBUG - Method not mapping with MethodMapper annotation: serveDelete
2022-01-04 09:55:11.683 INFO  - Virtual host added - Server: leap2   Host: 192.168.1.60   Port: 8082   Doc-Root: home2   Logging path: logs/leap.log   Level: [DEBUG]
2022-01-04 09:55:11.688 INFO  - Accepting connections on port 8082
2022-01-04 09:55:11.692 INFO  - Accepting connections on port 8080
2022-01-04 09:55:13.810 INFO  - Client request accepted... : /127.0.0.1
2022-01-04 09:55:36.784 INFO  - Leap WAS server starting...
2022-01-04 09:55:36.787 INFO  - --------------------------------------------------------------------------
2022-01-04 09:55:36.787 INFO  - ThreadPool initialized - CORE: 50 MAX: 50 KEEP-ALIVE WHEN IDLE(seconds): 30
2022-01-04 09:55:36.787 INFO  - verbose mode on
2022-01-04 09:55:36.823 INFO  - Add service: org.chaostocosmos.leap.http.service.TimeServiceImpl  Mapping path: /time/GetTime
2022-01-04 09:55:36.824 DEBUG - Method not mapping with MethodMapper annotation: setFilters
2022-01-04 09:55:36.824 DEBUG - Method not mapping with MethodMapper annotation: serve
2022-01-04 09:55:36.825 DEBUG - Method not mapping with MethodMapper annotation: servePut
2022-01-04 09:55:36.825 DEBUG - Method not mapping with MethodMapper annotation: servePost
2022-01-04 09:55:36.825 DEBUG - Method not mapping with MethodMapper annotation: serveGet
2022-01-04 09:55:36.826 DEBUG - Method not mapping with MethodMapper annotation: serveDelete
2022-01-04 09:55:36.826 INFO  - Default host added - Server: leap   Host: localhost   Port: 8080   Doc-Root: home   Logging path: logs/leap.log   Level: [DEBUG]
2022-01-04 09:55:36.829 INFO  - Virtual host added - Server: leap1   Host: 127.0.0.1   Port: 8080   Doc-Root: home1   Logging path: logs/leap.log   Level: [DEBUG]
2022-01-04 09:55:36.835 INFO  - Add service: org.chaostocosmos.leap.http.service.TimeServiceImpl  Mapping path: /time/GetTime
2022-01-04 09:55:36.836 DEBUG - Method not mapping with MethodMapper annotation: setFilters
2022-01-04 09:55:36.836 DEBUG - Method not mapping with MethodMapper annotation: serve
2022-01-04 09:55:36.836 DEBUG - Method not mapping with MethodMapper annotation: servePut
2022-01-04 09:55:36.836 DEBUG - Method not mapping with MethodMapper annotation: servePost
2022-01-04 09:55:36.837 DEBUG - Method not mapping with MethodMapper annotation: serveGet
2022-01-04 09:55:36.837 DEBUG - Method not mapping with MethodMapper annotation: serveDelete
2022-01-04 09:55:36.837 INFO  - Virtual host added - Server: leap2   Host: 192.168.1.60   Port: 8082   Doc-Root: home2   Logging path: logs/leap.log   Level: [DEBUG]
2022-01-04 09:55:36.843 INFO  - Accepting connections on port 8082
2022-01-04 09:55:36.847 INFO  - Accepting connections on port 8080
2022-01-04 09:55:38.664 INFO  - Client request accepted... : /127.0.0.1
2022-01-04 09:56:31.979 INFO  - Leap WAS server starting...
2022-01-04 09:56:31.982 INFO  - --------------------------------------------------------------------------
2022-01-04 09:56:31.982 INFO  - ThreadPool initialized - CORE: 50 MAX: 50 KEEP-ALIVE WHEN IDLE(seconds): 30
2022-01-04 09:56:31.982 INFO  - verbose mode on
2022-01-04 09:56:32.021 INFO  - Add service: org.chaostocosmos.leap.http.service.TimeServiceImpl  Mapping path: /time/GetTime
2022-01-04 09:56:32.022 DEBUG - Method not mapping with MethodMapper annotation: serve
2022-01-04 09:56:32.023 DEBUG - Method not mapping with MethodMapper annotation: setFilters
2022-01-04 09:56:32.023 DEBUG - Method not mapping with MethodMapper annotation: servePost
2022-01-04 09:56:32.023 DEBUG - Method not mapping with MethodMapper annotation: serveDelete
2022-01-04 09:56:32.023 DEBUG - Method not mapping with MethodMapper annotation: servePut
2022-01-04 09:56:32.023 DEBUG - Method not mapping with MethodMapper annotation: serveGet
2022-01-04 09:56:32.024 INFO  - Default host added - Server: leap   Host: localhost   Port: 8080   Doc-Root: home   Logging path: logs/leap.log   Level: [DEBUG]
2022-01-04 09:56:32.025 INFO  - Virtual host added - Server: leap1   Host: 127.0.0.1   Port: 8080   Doc-Root: home1   Logging path: logs/leap.log   Level: [DEBUG]
2022-01-04 09:56:32.032 INFO  - Add service: org.chaostocosmos.leap.http.service.TimeServiceImpl  Mapping path: /time/GetTime
2022-01-04 09:56:32.032 DEBUG - Method not mapping with MethodMapper annotation: serve
2022-01-04 09:56:32.033 DEBUG - Method not mapping with MethodMapper annotation: setFilters
2022-01-04 09:56:32.033 DEBUG - Method not mapping with MethodMapper annotation: servePost
2022-01-04 09:56:32.033 DEBUG - Method not mapping with MethodMapper annotation: serveDelete
2022-01-04 09:56:32.033 DEBUG - Method not mapping with MethodMapper annotation: servePut
2022-01-04 09:56:32.033 DEBUG - Method not mapping with MethodMapper annotation: serveGet
2022-01-04 09:56:32.034 INFO  - Virtual host added - Server: leap2   Host: 192.168.1.60   Port: 8082   Doc-Root: home2   Logging path: logs/leap.log   Level: [DEBUG]
2022-01-04 09:56:32.040 INFO  - Accepting connections on port 8082
2022-01-04 09:56:32.045 INFO  - Accepting connections on port 8080
2022-01-04 09:56:33.868 INFO  - Client request accepted... : /127.0.0.1
2022-01-04 09:57:16.090 INFO  - Leap WAS server starting...
2022-01-04 09:57:16.094 INFO  - --------------------------------------------------------------------------
2022-01-04 09:57:16.094 INFO  - ThreadPool initialized - CORE: 50 MAX: 50 KEEP-ALIVE WHEN IDLE(seconds): 30
2022-01-04 09:57:16.095 INFO  - verbose mode on
2022-01-04 09:57:16.143 INFO  - Add service: org.chaostocosmos.leap.http.service.TimeServiceImpl  Mapping path: /time/GetTime
2022-01-04 09:57:16.144 DEBUG - Method not mapping with MethodMapper annotation: setFilters
2022-01-04 09:57:16.144 DEBUG - Method not mapping with MethodMapper annotation: serve
2022-01-04 09:57:16.144 DEBUG - Method not mapping with MethodMapper annotation: servePost
2022-01-04 09:57:16.144 DEBUG - Method not mapping with MethodMapper annotation: servePut
2022-01-04 09:57:16.144 DEBUG - Method not mapping with MethodMapper annotation: serveGet
2022-01-04 09:57:16.145 DEBUG - Method not mapping with MethodMapper annotation: serveDelete
2022-01-04 09:57:16.145 INFO  - Default host added - Server: leap   Host: localhost   Port: 8080   Doc-Root: home   Logging path: logs/leap.log   Level: [DEBUG]
2022-01-04 09:57:16.147 INFO  - Virtual host added - Server: leap1   Host: 127.0.0.1   Port: 8080   Doc-Root: home1   Logging path: logs/leap.log   Level: [DEBUG]
2022-01-04 09:57:16.156 INFO  - Add service: org.chaostocosmos.leap.http.service.TimeServiceImpl  Mapping path: /time/GetTime
2022-01-04 09:57:16.156 DEBUG - Method not mapping with MethodMapper annotation: setFilters
2022-01-04 09:57:16.156 DEBUG - Method not mapping with MethodMapper annotation: serve
2022-01-04 09:57:16.156 DEBUG - Method not mapping with MethodMapper annotation: servePost
2022-01-04 09:57:16.157 DEBUG - Method not mapping with MethodMapper annotation: servePut
2022-01-04 09:57:16.157 DEBUG - Method not mapping with MethodMapper annotation: serveGet
2022-01-04 09:57:16.157 DEBUG - Method not mapping with MethodMapper annotation: serveDelete
2022-01-04 09:57:16.157 INFO  - Virtual host added - Server: leap2   Host: 192.168.1.60   Port: 8082   Doc-Root: home2   Logging path: logs/leap.log   Level: [DEBUG]
2022-01-04 09:57:16.162 INFO  - Accepting connections on port 8082
2022-01-04 09:57:16.165 INFO  - Accepting connections on port 8080
2022-01-04 09:57:18.638 INFO  - Client request accepted... : /127.0.0.1
