2022-12-31 11:00:07.059 INFO  - Leap WAS server starting...
2022-12-31 11:00:07.065 INFO  - --------------------------------------------------------------------------
2022-12-31 11:00:07.066 INFO  - ThreadPool initialized - CORE: 50 MAX: 50 KEEP-ALIVE WHEN IDLE(seconds): 30
2022-12-31 11:00:07.066 INFO  - verbose mode on
2022-12-31 11:00:07.110 INFO  - Add service: org.chaostocosmos.leap.http.service.TimeServiceImpl  Mapping path: /time/GetTime
2022-12-31 11:00:07.111 DEBUG - Method not mapping with MethodMapper annotation: serve
2022-12-31 11:00:07.112 DEBUG - Method not mapping with MethodMapper annotation: setFilters
2022-12-31 11:00:07.112 DEBUG - Method not mapping with MethodMapper annotation: serveDelete
2022-12-31 11:00:07.112 DEBUG - Method not mapping with MethodMapper annotation: servePost
2022-12-31 11:00:07.113 DEBUG - Method not mapping with MethodMapper annotation: servePut
2022-12-31 11:00:07.113 DEBUG - Method not mapping with MethodMapper annotation: serveGet
2022-12-31 11:00:07.113 INFO  - Default host added - Server: leap   Host: localhost   Port: 8080   Doc-Root: home   Logging path: logs/leap.log   Level: [DEBUG]
2022-12-31 11:00:07.115 INFO  - Virtual host added - Server: leap1   Host: 127.0.0.1   Port: 8080   Doc-Root: home1   Logging path: logs/leap.log   Level: [DEBUG]
2022-12-31 11:00:07.120 INFO  - Add service: org.chaostocosmos.leap.http.service.TimeServiceImpl  Mapping path: /time/GetTime
2022-12-31 11:00:07.120 DEBUG - Method not mapping with MethodMapper annotation: serve
2022-12-31 11:00:07.120 DEBUG - Method not mapping with MethodMapper annotation: setFilters
2022-12-31 11:00:07.121 DEBUG - Method not mapping with MethodMapper annotation: serveDelete
2022-12-31 11:00:07.121 DEBUG - Method not mapping with MethodMapper annotation: servePost
2022-12-31 11:00:07.121 DEBUG - Method not mapping with MethodMapper annotation: servePut
2022-12-31 11:00:07.121 DEBUG - Method not mapping with MethodMapper annotation: serveGet
2022-12-31 11:00:07.121 INFO  - Virtual host added - Server: leap2   Host: 192.168.1.60   Port: 8082   Doc-Root: home2   Logging path: logs/leap.log   Level: [DEBUG]
2022-12-31 11:00:07.128 INFO  - Accepting connections on port 8082
2022-12-31 11:00:07.132 INFO  - Accepting connections on port 8080
2022-12-31 11:00:09.887 INFO  - Client request accepted... : /127.0.0.1
2022-12-31 11:00:09.918 DEBUG - Request host: localhost
2022-12-31 11:00:09.919 DEBUG - User-Agent: PostmanRuntime/7.28.4
Accept: */*
Postman-Token: fdd1a897-ae73-4d2e-8282-9fbd6a7066cf
Host: localhost:8080
Accept-Encoding: gzip, deflate, br
Connection: keep-alive
Content-Type: multipart/form-data; boundary=--------------------------814993903228951195330769
Content-Length: 3579951
2022-12-31 11:00:09.920 DEBUG - .\home\webapp\WEB-INF\static\index.html   index.html   .\home\webapp\WEB-INF\static
2022-12-31 11:00:09.933 DEBUG - { httpRequestDescriptor='{ httpRequest='http://localhost:8080/ GET', httpVersion='HTTP/1.1', requestLines='User-Agent: PostmanRuntime/7.28.4
Accept: */*
Postman-Token: fdd1a897-ae73-4d2e-8282-9fbd6a7066cf
Host: localhost:8080
Accept-Encoding: gzip, deflate, br
Connection: keep-alive
Content-Type: multipart/form-data; boundary=--------------------------814993903228951195330769
Content-Length: 3579951', requestType='GET', requestedHost='localhost', reqHeader='{Accept= */*, User-Agent= PostmanRuntime/7.28.4, Connection= keep-alive, Postman-Token= fdd1a897-ae73-4d2e-8282-9fbd6a7066cf, Host= localhost:8080, Accept-Encoding= gzip, deflate, br, Content-Length= 3579951, @Client=localhost, Content-Type= multipart/form-data; boundary=--------------------------814993903228951195330769}', contentType='null', reqBody='null', contextPath='/', url='http://localhost:8080/', contextParam='{}', requestInputStream='java.net.SocketInputStream@19d4192b'}', httpResponse='null', requestedHost='localhost', responseCode='200', responseBody='[B@223b440c', responseHeader='{Server=LeapWAS 1.0.0, Date=Fri Dec 31 11:00:09 KST 2021}'}
2022-12-31 11:01:38.348 INFO  - Leap WAS server starting...
2022-12-31 11:01:38.351 INFO  - --------------------------------------------------------------------------
2022-12-31 11:01:38.351 INFO  - ThreadPool initialized - CORE: 50 MAX: 50 KEEP-ALIVE WHEN IDLE(seconds): 30
2022-12-31 11:01:38.352 INFO  - verbose mode on
2022-12-31 11:01:38.388 INFO  - Add service: org.chaostocosmos.leap.http.service.TimeServiceImpl  Mapping path: /time/GetTime
2022-12-31 11:01:38.389 DEBUG - Method not mapping with MethodMapper annotation: setFilters
2022-12-31 11:01:38.389 DEBUG - Method not mapping with MethodMapper annotation: serve
2022-12-31 11:01:38.389 DEBUG - Method not mapping with MethodMapper annotation: serveDelete
2022-12-31 11:01:38.390 DEBUG - Method not mapping with MethodMapper annotation: servePost
2022-12-31 11:01:38.390 DEBUG - Method not mapping with MethodMapper annotation: serveGet
2022-12-31 11:01:38.390 DEBUG - Method not mapping with MethodMapper annotation: servePut
2022-12-31 11:01:38.390 INFO  - Default host added - Server: leap   Host: localhost   Port: 8080   Doc-Root: home   Logging path: logs/leap.log   Level: [DEBUG]
2022-12-31 11:01:38.394 INFO  - Virtual host added - Server: leap1   Host: 127.0.0.1   Port: 8080   Doc-Root: home1   Logging path: logs/leap.log   Level: [DEBUG]
2022-12-31 11:01:38.401 INFO  - Add service: org.chaostocosmos.leap.http.service.TimeServiceImpl  Mapping path: /time/GetTime
2022-12-31 11:01:38.401 DEBUG - Method not mapping with MethodMapper annotation: setFilters
2022-12-31 11:01:38.401 DEBUG - Method not mapping with MethodMapper annotation: serve
2022-12-31 11:01:38.402 DEBUG - Method not mapping with MethodMapper annotation: serveDelete
2022-12-31 11:01:38.402 DEBUG - Method not mapping with MethodMapper annotation: servePost
2022-12-31 11:01:38.402 DEBUG - Method not mapping with MethodMapper annotation: serveGet
2022-12-31 11:01:38.402 DEBUG - Method not mapping with MethodMapper annotation: servePut
2022-12-31 11:01:38.402 INFO  - Virtual host added - Server: leap2   Host: 192.168.1.60   Port: 8082   Doc-Root: home2   Logging path: logs/leap.log   Level: [DEBUG]
2022-12-31 11:01:38.407 INFO  - Accepting connections on port 8082
2022-12-31 11:01:38.414 INFO  - Accepting connections on port 8080
2022-12-31 11:01:40.930 INFO  - Client request accepted... : /127.0.0.1
2022-12-31 11:01:40.954 DEBUG - Request host: localhost
2022-12-31 11:01:40.954 DEBUG - User-Agent: PostmanRuntime/7.28.4
Accept: */*
Postman-Token: 11653d8e-65c9-49de-b770-d156f1336479
Host: localhost:8080
Accept-Encoding: gzip, deflate, br
Connection: keep-alive
Content-Type: multipart/form-data; boundary=--------------------------841592532431794172109341
Content-Length: 3579951
2022-12-31 11:01:40.956 DEBUG - .\home\webapp\WEB-INF\static\index.html   index.html   .\home\webapp\WEB-INF\static
2022-12-31 11:01:40.970 DEBUG - { httpRequestDescriptor='{ httpRequest='http://localhost:8080/ GET', httpVersion='HTTP/1.1', requestLines='User-Agent: PostmanRuntime/7.28.4
Accept: */*
Postman-Token: 11653d8e-65c9-49de-b770-d156f1336479
Host: localhost:8080
Accept-Encoding: gzip, deflate, br
Connection: keep-alive
Content-Type: multipart/form-data; boundary=--------------------------841592532431794172109341
Content-Length: 3579951', requestType='GET', requestedHost='localhost', reqHeader='{Accept= */*, User-Agent= PostmanRuntime/7.28.4, Connection= keep-alive, Postman-Token= 11653d8e-65c9-49de-b770-d156f1336479, Host= localhost:8080, Accept-Encoding= gzip, deflate, br, Content-Length= 3579951, @Client=localhost, Content-Type= multipart/form-data; boundary=--------------------------841592532431794172109341}', contentType='null', reqBody='null', contextPath='/', url='http://localhost:8080/', contextParam='{}', requestInputStream='java.net.SocketInputStream@2177f69d'}', httpResponse='null', requestedHost='localhost', responseCode='200', responseBody='[B@2311d40', responseHeader='{Server=LeapWAS 1.0.0, Date=Fri Dec 31 11:01:40 KST 2021}'}
2022-12-31 11:02:08.945 INFO  - Leap WAS server starting...
2022-12-31 11:02:08.947 INFO  - --------------------------------------------------------------------------
2022-12-31 11:02:08.949 INFO  - ThreadPool initialized - CORE: 50 MAX: 50 KEEP-ALIVE WHEN IDLE(seconds): 30
2022-12-31 11:02:08.949 INFO  - verbose mode on
2022-12-31 11:02:08.987 INFO  - Add service: org.chaostocosmos.leap.http.service.TimeServiceImpl  Mapping path: /time/GetTime
2022-12-31 11:02:08.988 DEBUG - Method not mapping with MethodMapper annotation: serve
2022-12-31 11:02:08.988 DEBUG - Method not mapping with MethodMapper annotation: setFilters
2022-12-31 11:02:08.988 DEBUG - Method not mapping with MethodMapper annotation: serveGet
2022-12-31 11:02:08.988 DEBUG - Method not mapping with MethodMapper annotation: servePost
2022-12-31 11:02:08.989 DEBUG - Method not mapping with MethodMapper annotation: servePut
2022-12-31 11:02:08.989 DEBUG - Method not mapping with MethodMapper annotation: serveDelete
2022-12-31 11:02:08.990 INFO  - Default host added - Server: leap   Host: localhost   Port: 8080   Doc-Root: home   Logging path: logs/leap.log   Level: [DEBUG]
2022-12-31 11:02:08.992 INFO  - Virtual host added - Server: leap1   Host: 127.0.0.1   Port: 8080   Doc-Root: home1   Logging path: logs/leap.log   Level: [DEBUG]
2022-12-31 11:02:09.013 INFO  - Add service: org.chaostocosmos.leap.http.service.TimeServiceImpl  Mapping path: /time/GetTime
2022-12-31 11:02:09.014 DEBUG - Method not mapping with MethodMapper annotation: serve
2022-12-31 11:02:09.014 DEBUG - Method not mapping with MethodMapper annotation: setFilters
2022-12-31 11:02:09.014 DEBUG - Method not mapping with MethodMapper annotation: serveGet
2022-12-31 11:02:09.015 DEBUG - Method not mapping with MethodMapper annotation: servePost
2022-12-31 11:02:09.015 DEBUG - Method not mapping with MethodMapper annotation: servePut
2022-12-31 11:02:09.015 DEBUG - Method not mapping with MethodMapper annotation: serveDelete
2022-12-31 11:02:09.015 INFO  - Virtual host added - Server: leap2   Host: 192.168.1.60   Port: 8082   Doc-Root: home2   Logging path: logs/leap.log   Level: [DEBUG]
2022-12-31 11:02:09.021 INFO  - Accepting connections on port 8082
2022-12-31 11:02:09.026 INFO  - Accepting connections on port 8080
2022-12-31 11:02:11.719 INFO  - Client request accepted... : /127.0.0.1
2022-12-31 11:02:11.758 DEBUG - Request host: localhost
2022-12-31 11:02:11.759 DEBUG - User-Agent: PostmanRuntime/7.28.4
Accept: */*
Postman-Token: a79527d6-ab89-4d1a-a342-9c2b96538b04
Host: localhost:8080
Accept-Encoding: gzip, deflate, br
Connection: keep-alive
Content-Type: multipart/form-data; boundary=--------------------------126383469863191817175206
Content-Length: 3579951
2022-12-31 11:02:11.760 DEBUG - .\home\webapp\WEB-INF\static\index.html   index.html   .\home\webapp\WEB-INF\static
2022-12-31 11:02:11.774 DEBUG - { httpRequestDescriptor='{ httpRequest='http://localhost:8080/ GET', httpVersion='HTTP/1.1', requestLines='User-Agent: PostmanRuntime/7.28.4
Accept: */*
Postman-Token: a79527d6-ab89-4d1a-a342-9c2b96538b04
Host: localhost:8080
Accept-Encoding: gzip, deflate, br
Connection: keep-alive
Content-Type: multipart/form-data; boundary=--------------------------126383469863191817175206
Content-Length: 3579951', requestType='GET', requestedHost='localhost', reqHeader='{Accept= */*, User-Agent= PostmanRuntime/7.28.4, Connection= keep-alive, Postman-Token= a79527d6-ab89-4d1a-a342-9c2b96538b04, Host= localhost:8080, Accept-Encoding= gzip, deflate, br, Content-Length= 3579951, @Client=localhost, Content-Type= multipart/form-data; boundary=--------------------------126383469863191817175206}', contentType='null', reqBody='null', contextPath='/', url='http://localhost:8080/', contextParam='{}', requestInputStream='java.net.SocketInputStream@7f9a6604'}', httpResponse='null', requestedHost='localhost', responseCode='200', responseBody='[B@59b662f0', responseHeader='{Server=LeapWAS 1.0.0, Date=Fri Dec 31 11:02:11 KST 2021}'}
2022-12-31 11:02:36.199 INFO  - Leap WAS server starting...
2022-12-31 11:02:36.202 INFO  - --------------------------------------------------------------------------
2022-12-31 11:02:36.202 INFO  - ThreadPool initialized - CORE: 50 MAX: 50 KEEP-ALIVE WHEN IDLE(seconds): 30
2022-12-31 11:02:36.203 INFO  - verbose mode on
2022-12-31 11:02:36.236 INFO  - Add service: org.chaostocosmos.leap.http.service.TimeServiceImpl  Mapping path: /time/GetTime
2022-12-31 11:02:36.236 DEBUG - Method not mapping with MethodMapper annotation: serve
2022-12-31 11:02:36.237 DEBUG - Method not mapping with MethodMapper annotation: setFilters
2022-12-31 11:02:36.237 DEBUG - Method not mapping with MethodMapper annotation: servePost
2022-12-31 11:02:36.237 DEBUG - Method not mapping with MethodMapper annotation: serveGet
2022-12-31 11:02:36.237 DEBUG - Method not mapping with MethodMapper annotation: servePut
2022-12-31 11:02:36.238 DEBUG - Method not mapping with MethodMapper annotation: serveDelete
2022-12-31 11:02:36.238 INFO  - Default host added - Server: leap   Host: localhost   Port: 8080   Doc-Root: home   Logging path: logs/leap.log   Level: [DEBUG]
2022-12-31 11:02:36.240 INFO  - Virtual host added - Server: leap1   Host: 127.0.0.1   Port: 8080   Doc-Root: home1   Logging path: logs/leap.log   Level: [DEBUG]
2022-12-31 11:02:36.246 INFO  - Add service: org.chaostocosmos.leap.http.service.TimeServiceImpl  Mapping path: /time/GetTime
2022-12-31 11:02:36.246 DEBUG - Method not mapping with MethodMapper annotation: serve
2022-12-31 11:02:36.247 DEBUG - Method not mapping with MethodMapper annotation: setFilters
2022-12-31 11:02:36.247 DEBUG - Method not mapping with MethodMapper annotation: servePost
2022-12-31 11:02:36.247 DEBUG - Method not mapping with MethodMapper annotation: serveGet
2022-12-31 11:02:36.247 DEBUG - Method not mapping with MethodMapper annotation: servePut
2022-12-31 11:02:36.248 DEBUG - Method not mapping with MethodMapper annotation: serveDelete
2022-12-31 11:02:36.248 INFO  - Virtual host added - Server: leap2   Host: 192.168.1.60   Port: 8082   Doc-Root: home2   Logging path: logs/leap.log   Level: [DEBUG]
2022-12-31 11:02:36.254 INFO  - Accepting connections on port 8082
2022-12-31 11:02:36.258 INFO  - Accepting connections on port 8080
2022-12-31 11:02:38.789 INFO  - Client request accepted... : /127.0.0.1
2022-12-31 11:02:38.812 DEBUG - Request host: localhost
2022-12-31 11:02:38.812 DEBUG - User-Agent: PostmanRuntime/7.28.4
Accept: */*
Postman-Token: 1b66dbfe-6525-4324-b8f0-1a45ac1ac413
Host: localhost:8080
Accept-Encoding: gzip, deflate, br
Connection: keep-alive
Content-Type: multipart/form-data; boundary=--------------------------024915311851131102621960
Content-Length: 3579951
2022-12-31 11:02:38.815 DEBUG - .\home\webapp\WEB-INF\static\index.html   index.html   .\home\webapp\WEB-INF\static
2022-12-31 11:02:38.825 DEBUG - { httpRequestDescriptor='{ httpRequest='http://localhost:8080/ GET', httpVersion='HTTP/1.1', requestLines='User-Agent: PostmanRuntime/7.28.4
Accept: */*
Postman-Token: 1b66dbfe-6525-4324-b8f0-1a45ac1ac413
Host: localhost:8080
Accept-Encoding: gzip, deflate, br
Connection: keep-alive
Content-Type: multipart/form-data; boundary=--------------------------024915311851131102621960
Content-Length: 3579951', requestType='GET', requestedHost='localhost', reqHeader='{Accept= */*, User-Agent= PostmanRuntime/7.28.4, Connection= keep-alive, Postman-Token= 1b66dbfe-6525-4324-b8f0-1a45ac1ac413, Host= localhost:8080, Accept-Encoding= gzip, deflate, br, Content-Length= 3579951, @Client=localhost, Content-Type= multipart/form-data; boundary=--------------------------024915311851131102621960}', contentType=' multipart/form-data; boundary=--------------------------024915311851131102621960', reqBody='null', contextPath='/', url='http://localhost:8080/', contextParam='{}', requestInputStream='java.net.SocketInputStream@5c4261d9'}', httpResponse='null', requestedHost='localhost', responseCode='200', responseBody='[B@758481d6', responseHeader='{Server=LeapWAS 1.0.0, Date=Fri Dec 31 11:02:38 KST 2021}'}
2022-12-31 11:03:03.148 INFO  - Leap WAS server starting...
2022-12-31 11:03:03.151 INFO  - --------------------------------------------------------------------------
2022-12-31 11:03:03.152 INFO  - ThreadPool initialized - CORE: 50 MAX: 50 KEEP-ALIVE WHEN IDLE(seconds): 30
2022-12-31 11:03:03.152 INFO  - verbose mode on
2022-12-31 11:03:03.197 INFO  - Add service: org.chaostocosmos.leap.http.service.TimeServiceImpl  Mapping path: /time/GetTime
2022-12-31 11:03:03.197 DEBUG - Method not mapping with MethodMapper annotation: serve
2022-12-31 11:03:03.197 DEBUG - Method not mapping with MethodMapper annotation: setFilters
2022-12-31 11:03:03.197 DEBUG - Method not mapping with MethodMapper annotation: serveDelete
2022-12-31 11:03:03.199 DEBUG - Method not mapping with MethodMapper annotation: servePut
2022-12-31 11:03:03.199 DEBUG - Method not mapping with MethodMapper annotation: servePost
2022-12-31 11:03:03.199 DEBUG - Method not mapping with MethodMapper annotation: serveGet
2022-12-31 11:03:03.199 INFO  - Default host added - Server: leap   Host: localhost   Port: 8080   Doc-Root: home   Logging path: logs/leap.log   Level: [DEBUG]
2022-12-31 11:03:03.202 INFO  - Virtual host added - Server: leap1   Host: 127.0.0.1   Port: 8080   Doc-Root: home1   Logging path: logs/leap.log   Level: [DEBUG]
2022-12-31 11:03:03.214 INFO  - Add service: org.chaostocosmos.leap.http.service.TimeServiceImpl  Mapping path: /time/GetTime
2022-12-31 11:03:03.214 DEBUG - Method not mapping with MethodMapper annotation: serve
2022-12-31 11:03:03.214 DEBUG - Method not mapping with MethodMapper annotation: setFilters
2022-12-31 11:03:03.215 DEBUG - Method not mapping with MethodMapper annotation: serveDelete
2022-12-31 11:03:03.215 DEBUG - Method not mapping with MethodMapper annotation: servePut
2022-12-31 11:03:03.215 DEBUG - Method not mapping with MethodMapper annotation: servePost
2022-12-31 11:03:03.215 DEBUG - Method not mapping with MethodMapper annotation: serveGet
2022-12-31 11:03:03.215 INFO  - Virtual host added - Server: leap2   Host: 192.168.1.60   Port: 8082   Doc-Root: home2   Logging path: logs/leap.log   Level: [DEBUG]
2022-12-31 11:03:03.222 INFO  - Accepting connections on port 8082
2022-12-31 11:03:03.228 INFO  - Accepting connections on port 8080
2022-12-31 11:03:05.259 INFO  - Client request accepted... : /127.0.0.1
2022-12-31 11:03:05.642 DEBUG - Request host: localhost
2022-12-31 11:03:05.642 DEBUG - User-Agent: PostmanRuntime/7.28.4
Accept: */*
Postman-Token: a2a1b6b8-7ac1-4aae-99c1-1e076a1b688c
Host: localhost:8080
Accept-Encoding: gzip, deflate, br
Connection: keep-alive
Content-Type: multipart/form-data; boundary=--------------------------604248575531001179546863
Content-Length: 3579951
2022-12-31 11:03:05.644 DEBUG - .\home\webapp\WEB-INF\static\index.html   index.html   .\home\webapp\WEB-INF\static
2022-12-31 11:03:05.653 DEBUG - { httpRequestDescriptor='{ httpRequest='http://localhost:8080/ GET', httpVersion='HTTP/1.1', requestLines='User-Agent: PostmanRuntime/7.28.4
Accept: */*
Postman-Token: a2a1b6b8-7ac1-4aae-99c1-1e076a1b688c
Host: localhost:8080
Accept-Encoding: gzip, deflate, br
Connection: keep-alive
Content-Type: multipart/form-data; boundary=--------------------------604248575531001179546863
Content-Length: 3579951', requestType='GET', requestedHost='localhost', reqHeader='{Accept=*/*, User-Agent=PostmanRuntime/7.28.4, Connection=keep-alive, Postman-Token=a2a1b6b8-7ac1-4aae-99c1-1e076a1b688c, Host=localhost:8080, Accept-Encoding=gzip, deflate, br, Content-Length=3579951, @Client=localhost, Content-Type=multipart/form-data; boundary=--------------------------604248575531001179546863}', contentType='multipart/form-data; boundary=--------------------------604248575531001179546863', reqBody='null', contextPath='/', url='http://localhost:8080/', contextParam='{}', requestInputStream='java.net.SocketInputStream@19730a9f'}', httpResponse='null', requestedHost='localhost', responseCode='200', responseBody='[B@26e06a29', responseHeader='{Server=LeapWAS 1.0.0, Date=Fri Dec 31 11:03:05 KST 2021}'}
2022-12-31 11:03:54.450 INFO  - Client request accepted... : /127.0.0.1
2022-12-31 11:04:00.013 DEBUG - Request host: localhost
2022-12-31 11:04:00.013 DEBUG - User-Agent: PostmanRuntime/7.28.4
Accept: */*
Postman-Token: 8413b645-7d11-4610-85b6-4ef32208d7a6
Host: localhost:8080
Accept-Encoding: gzip, deflate, br
Connection: keep-alive
Content-Type: multipart/form-data; boundary=--------------------------749848409429638560760181
Content-Length: 201392046
2022-12-31 11:04:00.014 DEBUG - .\home\webapp\WEB-INF\static\index.html   index.html   .\home\webapp\WEB-INF\static
2022-12-31 11:04:00.015 DEBUG - { httpRequestDescriptor='{ httpRequest='http://localhost:8080/ GET', httpVersion='HTTP/1.1', requestLines='User-Agent: PostmanRuntime/7.28.4
Accept: */*
Postman-Token: 8413b645-7d11-4610-85b6-4ef32208d7a6
Host: localhost:8080
Accept-Encoding: gzip, deflate, br
Connection: keep-alive
Content-Type: multipart/form-data; boundary=--------------------------749848409429638560760181
Content-Length: 201392046', requestType='GET', requestedHost='localhost', reqHeader='{Accept=*/*, User-Agent=PostmanRuntime/7.28.4, Connection=keep-alive, Postman-Token=8413b645-7d11-4610-85b6-4ef32208d7a6, Host=localhost:8080, Accept-Encoding=gzip, deflate, br, Content-Length=201392046, @Client=localhost, Content-Type=multipart/form-data; boundary=--------------------------749848409429638560760181}', contentType='multipart/form-data; boundary=--------------------------749848409429638560760181', reqBody='null', contextPath='/', url='http://localhost:8080/', contextParam='{}', requestInputStream='java.net.SocketInputStream@29b44667'}', httpResponse='null', requestedHost='localhost', responseCode='200', responseBody='[B@2773ad21', responseHeader='{Server=LeapWAS 1.0.0, Date=Fri Dec 31 11:04:00 KST 2021}'}
2022-12-31 11:50:35.745 INFO  - Leap WAS server starting...
2022-12-31 11:50:35.748 INFO  - --------------------------------------------------------------------------
2022-12-31 11:50:35.748 INFO  - ThreadPool initialized - CORE: 50 MAX: 50 KEEP-ALIVE WHEN IDLE(seconds): 30
2022-12-31 11:50:35.748 INFO  - verbose mode on
2022-12-31 11:50:35.797 INFO  - Add service: org.chaostocosmos.leap.http.service.TimeServiceImpl  Mapping path: /time/GetTime
2022-12-31 11:50:35.798 DEBUG - Method not mapping with MethodMapper annotation: setFilters
2022-12-31 11:50:35.798 DEBUG - Method not mapping with MethodMapper annotation: serve
2022-12-31 11:50:35.798 DEBUG - Method not mapping with MethodMapper annotation: serveGet
2022-12-31 11:50:35.799 DEBUG - Method not mapping with MethodMapper annotation: servePut
2022-12-31 11:50:35.799 DEBUG - Method not mapping with MethodMapper annotation: serveDelete
2022-12-31 11:50:35.799 DEBUG - Method not mapping with MethodMapper annotation: servePost
2022-12-31 11:50:35.799 INFO  - Default host added - Server: leap   Host: localhost   Port: 8080   Doc-Root: home   Logging path: logs/leap.log   Level: [DEBUG]
2022-12-31 11:50:35.801 INFO  - Virtual host added - Server: leap1   Host: 127.0.0.1   Port: 8080   Doc-Root: home1   Logging path: logs/leap.log   Level: [DEBUG]
2022-12-31 11:50:35.809 INFO  - Add service: org.chaostocosmos.leap.http.service.TimeServiceImpl  Mapping path: /time/GetTime
2022-12-31 11:50:35.810 DEBUG - Method not mapping with MethodMapper annotation: setFilters
2022-12-31 11:50:35.810 DEBUG - Method not mapping with MethodMapper annotation: serve
2022-12-31 11:50:35.810 DEBUG - Method not mapping with MethodMapper annotation: serveGet
2022-12-31 11:50:35.810 DEBUG - Method not mapping with MethodMapper annotation: servePut
2022-12-31 11:50:35.811 DEBUG - Method not mapping with MethodMapper annotation: serveDelete
2022-12-31 11:50:35.811 DEBUG - Method not mapping with MethodMapper annotation: servePost
2022-12-31 11:50:35.811 INFO  - Virtual host added - Server: leap2   Host: 192.168.1.60   Port: 8082   Doc-Root: home2   Logging path: logs/leap.log   Level: [DEBUG]
2022-12-31 11:50:35.816 INFO  - Accepting connections on port 8082
2022-12-31 11:50:35.822 INFO  - Accepting connections on port 8080
2022-12-31 11:50:38.346 INFO  - Client request accepted... : /127.0.0.1
2022-12-31 11:50:38.448 DEBUG - Request host: localhost
2022-12-31 11:50:38.448 DEBUG - User-Agent: PostmanRuntime/7.28.4
Accept: */*
Postman-Token: 64fca8a5-959f-46e9-93b1-8ece28453b88
Host: localhost:8080
Accept-Encoding: gzip, deflate, br
Connection: keep-alive
Content-Type: multipart/form-data; boundary=--------------------------815985021528595044452497
Content-Length: 201392046
2022-12-31 11:50:38.450 DEBUG - .\home\webapp\WEB-INF\static\index.html   index.html   .\home\webapp\WEB-INF\static
2022-12-31 11:50:38.463 DEBUG - { httpRequestDescriptor='{ httpRequest='http://localhost:8080/ GET', httpVersion='HTTP/1.1', requestLines='User-Agent: PostmanRuntime/7.28.4
Accept: */*
Postman-Token: 64fca8a5-959f-46e9-93b1-8ece28453b88
Host: localhost:8080
Accept-Encoding: gzip, deflate, br
Connection: keep-alive
Content-Type: multipart/form-data; boundary=--------------------------815985021528595044452497
Content-Length: 201392046', requestType='GET', requestedHost='localhost', reqHeader='{Accept=*/*, User-Agent=PostmanRuntime/7.28.4, Connection=keep-alive, Postman-Token=64fca8a5-959f-46e9-93b1-8ece28453b88, Host=localhost:8080, Accept-Encoding=gzip, deflate, br, Content-Length=201392046, @Client=localhost, Content-Type=multipart/form-data; boundary=--------------------------815985021528595044452497}', contentType='multipart/form-data; boundary=--------------------------815985021528595044452497', reqBody='null', contextPath='/', url='http://localhost:8080/', contextParam='{}', requestInputStream='java.net.SocketInputStream@7bf79699'}', httpResponse='null', requestedHost='localhost', responseCode='200', responseBody='[B@7288b1fe', responseHeader='{Server=LeapWAS 1.0.0, Date=Fri Dec 31 11:50:38 KST 2021}'}
2022-12-31 11:50:52.434 INFO  - Client request accepted... : /127.0.0.1
2022-12-31 11:51:11.336 INFO  - Leap WAS server starting...
2022-12-31 11:51:11.338 INFO  - --------------------------------------------------------------------------
2022-12-31 11:51:11.339 INFO  - ThreadPool initialized - CORE: 50 MAX: 50 KEEP-ALIVE WHEN IDLE(seconds): 30
2022-12-31 11:51:11.339 INFO  - verbose mode on
2022-12-31 11:51:11.384 INFO  - Add service: org.chaostocosmos.leap.http.service.TimeServiceImpl  Mapping path: /time/GetTime
2022-12-31 11:51:11.384 DEBUG - Method not mapping with MethodMapper annotation: setFilters
2022-12-31 11:51:11.385 DEBUG - Method not mapping with MethodMapper annotation: serve
2022-12-31 11:51:11.385 DEBUG - Method not mapping with MethodMapper annotation: servePost
2022-12-31 11:51:11.385 DEBUG - Method not mapping with MethodMapper annotation: serveDelete
2022-12-31 11:51:11.385 DEBUG - Method not mapping with MethodMapper annotation: serveGet
2022-12-31 11:51:11.385 DEBUG - Method not mapping with MethodMapper annotation: servePut
2022-12-31 11:51:11.385 INFO  - Default host added - Server: leap   Host: localhost   Port: 8080   Doc-Root: home   Logging path: logs/leap.log   Level: [DEBUG]
2022-12-31 11:51:11.389 INFO  - Virtual host added - Server: leap1   Host: 127.0.0.1   Port: 8080   Doc-Root: home1   Logging path: logs/leap.log   Level: [DEBUG]
2022-12-31 11:51:11.398 INFO  - Add service: org.chaostocosmos.leap.http.service.TimeServiceImpl  Mapping path: /time/GetTime
2022-12-31 11:51:11.399 DEBUG - Method not mapping with MethodMapper annotation: setFilters
2022-12-31 11:51:11.399 DEBUG - Method not mapping with MethodMapper annotation: serve
2022-12-31 11:51:11.399 DEBUG - Method not mapping with MethodMapper annotation: servePost
2022-12-31 11:51:11.400 DEBUG - Method not mapping with MethodMapper annotation: serveDelete
2022-12-31 11:51:11.401 DEBUG - Method not mapping with MethodMapper annotation: serveGet
2022-12-31 11:51:11.401 DEBUG - Method not mapping with MethodMapper annotation: servePut
2022-12-31 11:51:11.401 INFO  - Virtual host added - Server: leap2   Host: 192.168.1.60   Port: 8082   Doc-Root: home2   Logging path: logs/leap.log   Level: [DEBUG]
2022-12-31 11:51:11.409 INFO  - Accepting connections on port 8082
2022-12-31 11:51:11.413 INFO  - Accepting connections on port 8080
2022-12-31 11:51:13.726 INFO  - Client request accepted... : /127.0.0.1
2022-12-31 11:51:30.055 INFO  - Leap WAS server starting...
2022-12-31 11:51:30.058 INFO  - --------------------------------------------------------------------------
2022-12-31 11:51:30.059 INFO  - ThreadPool initialized - CORE: 50 MAX: 50 KEEP-ALIVE WHEN IDLE(seconds): 30
2022-12-31 11:51:30.059 INFO  - verbose mode on
2022-12-31 11:51:30.089 DEBUG - Method not mapping with MethodMapper annotation: servePost
2022-12-31 11:51:30.089 DEBUG - Method not mapping with MethodMapper annotation: serveGet
2022-12-31 11:51:30.090 DEBUG - Method not mapping with MethodMapper annotation: serveDelete
2022-12-31 11:51:30.090 DEBUG - Method not mapping with MethodMapper annotation: servePut
2022-12-31 11:51:30.090 DEBUG - Method not mapping with MethodMapper annotation: serve
2022-12-31 11:51:30.090 DEBUG - Method not mapping with MethodMapper annotation: setFilters
2022-12-31 11:51:30.094 INFO  - Add service: org.chaostocosmos.leap.http.service.TimeServiceImpl  Mapping path: /time/GetTime
2022-12-31 11:51:30.095 INFO  - Default host added - Server: leap   Host: localhost   Port: 8080   Doc-Root: home   Logging path: logs/leap.log   Level: [DEBUG]
2022-12-31 11:51:30.097 INFO  - Virtual host added - Server: leap1   Host: 127.0.0.1   Port: 8080   Doc-Root: home1   Logging path: logs/leap.log   Level: [DEBUG]
2022-12-31 11:51:30.104 DEBUG - Method not mapping with MethodMapper annotation: servePost
2022-12-31 11:51:30.105 DEBUG - Method not mapping with MethodMapper annotation: serveGet
2022-12-31 11:51:30.105 DEBUG - Method not mapping with MethodMapper annotation: serveDelete
2022-12-31 11:51:30.105 DEBUG - Method not mapping with MethodMapper annotation: servePut
2022-12-31 11:51:30.106 DEBUG - Method not mapping with MethodMapper annotation: serve
2022-12-31 11:51:30.106 DEBUG - Method not mapping with MethodMapper annotation: setFilters
2022-12-31 11:51:30.106 INFO  - Add service: org.chaostocosmos.leap.http.service.TimeServiceImpl  Mapping path: /time/GetTime
2022-12-31 11:51:30.107 INFO  - Virtual host added - Server: leap2   Host: 192.168.1.60   Port: 8082   Doc-Root: home2   Logging path: logs/leap.log   Level: [DEBUG]
2022-12-31 11:51:30.112 INFO  - Accepting connections on port 8082
2022-12-31 11:51:30.118 INFO  - Accepting connections on port 8080
2022-12-31 11:51:32.450 INFO  - Client request accepted... : /127.0.0.1
2022-12-31 11:51:58.905 INFO  - Client request accepted... : /127.0.0.1
2022-12-31 11:52:04.336 DEBUG - Request host: localhost
2022-12-31 11:52:04.337 DEBUG - User-Agent: PostmanRuntime/7.28.4
Accept: */*
Postman-Token: 07d5ba31-7a7a-43fc-87d1-7e5f23598910
Host: localhost:8080
Accept-Encoding: gzip, deflate, br
Connection: keep-alive
Content-Type: multipart/form-data; boundary=--------------------------632549370345522795071645
Content-Length: 201392046
2022-12-31 11:52:04.338 DEBUG - .\home\webapp\WEB-INF\static\index.html   index.html   .\home\webapp\WEB-INF\static
2022-12-31 11:52:04.352 DEBUG - { httpRequestDescriptor='{ httpRequest='http://localhost:8080/ GET', httpVersion='HTTP/1.1', requestLines='User-Agent: PostmanRuntime/7.28.4
Accept: */*
Postman-Token: 07d5ba31-7a7a-43fc-87d1-7e5f23598910
Host: localhost:8080
Accept-Encoding: gzip, deflate, br
Connection: keep-alive
Content-Type: multipart/form-data; boundary=--------------------------632549370345522795071645
Content-Length: 201392046', requestType='GET', requestedHost='localhost', reqHeader='{Accept=*/*, User-Agent=PostmanRuntime/7.28.4, Connection=keep-alive, Postman-Token=07d5ba31-7a7a-43fc-87d1-7e5f23598910, Host=localhost:8080, Accept-Encoding=gzip, deflate, br, Content-Length=201392046, @Client=localhost, Content-Type=multipart/form-data; boundary=--------------------------632549370345522795071645}', contentType='multipart/form-data; boundary=--------------------------632549370345522795071645', reqBody='null', contextPath='/', url='http://localhost:8080/', contextParam='{}', requestInputStream='java.net.SocketInputStream@326002e4'}', httpResponse='null', requestedHost='localhost', responseCode='200', responseBody='[B@556b00e6', responseHeader='{Server=LeapWAS 1.0.0, Date=Fri Dec 31 11:52:04 KST 2021}'}
2022-12-31 11:55:47.805 INFO  - Leap WAS server starting...
2022-12-31 11:55:47.808 INFO  - --------------------------------------------------------------------------
2022-12-31 11:55:47.808 INFO  - ThreadPool initialized - CORE: 50 MAX: 50 KEEP-ALIVE WHEN IDLE(seconds): 30
2022-12-31 11:55:47.809 INFO  - verbose mode on
2022-12-31 11:55:47.847 INFO  - Add service: org.chaostocosmos.leap.http.service.TimeServiceImpl  Mapping path: /time/GetTime
2022-12-31 11:55:47.847 DEBUG - Method not mapping with MethodMapper annotation: serve
2022-12-31 11:55:47.848 DEBUG - Method not mapping with MethodMapper annotation: setFilters
2022-12-31 11:55:47.848 DEBUG - Method not mapping with MethodMapper annotation: servePut
2022-12-31 11:55:47.848 DEBUG - Method not mapping with MethodMapper annotation: serveGet
2022-12-31 11:55:47.848 DEBUG - Method not mapping with MethodMapper annotation: serveDelete
2022-12-31 11:55:47.848 DEBUG - Method not mapping with MethodMapper annotation: servePost
2022-12-31 11:55:47.849 INFO  - Default host added - Server: leap   Host: localhost   Port: 8080   Doc-Root: home   Logging path: logs/leap.log   Level: [DEBUG]
2022-12-31 11:55:47.850 INFO  - Virtual host added - Server: leap1   Host: 127.0.0.1   Port: 8080   Doc-Root: home1   Logging path: logs/leap.log   Level: [DEBUG]
2022-12-31 11:55:47.856 INFO  - Add service: org.chaostocosmos.leap.http.service.TimeServiceImpl  Mapping path: /time/GetTime
2022-12-31 11:55:47.856 DEBUG - Method not mapping with MethodMapper annotation: serve
2022-12-31 11:55:47.856 DEBUG - Method not mapping with MethodMapper annotation: setFilters
2022-12-31 11:55:47.857 DEBUG - Method not mapping with MethodMapper annotation: servePut
2022-12-31 11:55:47.857 DEBUG - Method not mapping with MethodMapper annotation: serveGet
2022-12-31 11:55:47.857 DEBUG - Method not mapping with MethodMapper annotation: serveDelete
2022-12-31 11:55:47.857 DEBUG - Method not mapping with MethodMapper annotation: servePost
2022-12-31 11:55:47.857 INFO  - Virtual host added - Server: leap2   Host: 192.168.1.60   Port: 8082   Doc-Root: home2   Logging path: logs/leap.log   Level: [DEBUG]
2022-12-31 11:55:47.863 INFO  - Accepting connections on port 8082
2022-12-31 11:55:47.867 INFO  - Accepting connections on port 8080
2022-12-31 11:55:50.476 INFO  - Client request accepted... : /127.0.0.1
2022-12-31 11:56:20.463 INFO  - Leap WAS server starting...
2022-12-31 11:56:20.465 INFO  - --------------------------------------------------------------------------
2022-12-31 11:56:20.466 INFO  - ThreadPool initialized - CORE: 50 MAX: 50 KEEP-ALIVE WHEN IDLE(seconds): 30
2022-12-31 11:56:20.466 INFO  - verbose mode on
2022-12-31 11:56:20.499 INFO  - Add service: org.chaostocosmos.leap.http.service.TimeServiceImpl  Mapping path: /time/GetTime
2022-12-31 11:56:20.500 DEBUG - Method not mapping with MethodMapper annotation: setFilters
2022-12-31 11:56:20.500 DEBUG - Method not mapping with MethodMapper annotation: serve
2022-12-31 11:56:20.500 DEBUG - Method not mapping with MethodMapper annotation: serveGet
2022-12-31 11:56:20.501 DEBUG - Method not mapping with MethodMapper annotation: servePut
2022-12-31 11:56:20.501 DEBUG - Method not mapping with MethodMapper annotation: servePost
2022-12-31 11:56:20.501 DEBUG - Method not mapping with MethodMapper annotation: serveDelete
2022-12-31 11:56:20.501 INFO  - Default host added - Server: leap   Host: localhost   Port: 8080   Doc-Root: home   Logging path: logs/leap.log   Level: [DEBUG]
2022-12-31 11:56:20.503 INFO  - Virtual host added - Server: leap1   Host: 127.0.0.1   Port: 8080   Doc-Root: home1   Logging path: logs/leap.log   Level: [DEBUG]
2022-12-31 11:56:20.536 INFO  - Add service: org.chaostocosmos.leap.http.service.TimeServiceImpl  Mapping path: /time/GetTime
2022-12-31 11:56:20.536 DEBUG - Method not mapping with MethodMapper annotation: setFilters
2022-12-31 11:56:20.537 DEBUG - Method not mapping with MethodMapper annotation: serve
2022-12-31 11:56:20.537 DEBUG - Method not mapping with MethodMapper annotation: serveGet
2022-12-31 11:56:20.538 DEBUG - Method not mapping with MethodMapper annotation: servePut
2022-12-31 11:56:20.538 DEBUG - Method not mapping with MethodMapper annotation: servePost
2022-12-31 11:56:20.538 DEBUG - Method not mapping with MethodMapper annotation: serveDelete
2022-12-31 11:56:20.538 INFO  - Virtual host added - Server: leap2   Host: 192.168.1.60   Port: 8082   Doc-Root: home2   Logging path: logs/leap.log   Level: [DEBUG]
2022-12-31 11:56:20.545 INFO  - Accepting connections on port 8082
2022-12-31 11:56:20.550 INFO  - Accepting connections on port 8080
2022-12-31 11:56:22.961 INFO  - Client request accepted... : /127.0.0.1
2022-12-31 11:57:01.553 INFO  - Leap WAS server starting...
2022-12-31 11:57:01.556 INFO  - --------------------------------------------------------------------------
2022-12-31 11:57:01.556 INFO  - ThreadPool initialized - CORE: 50 MAX: 50 KEEP-ALIVE WHEN IDLE(seconds): 30
2022-12-31 11:57:01.556 INFO  - verbose mode on
2022-12-31 11:57:01.588 INFO  - Add service: org.chaostocosmos.leap.http.service.TimeServiceImpl  Mapping path: /time/GetTime
2022-12-31 11:57:01.589 DEBUG - Method not mapping with MethodMapper annotation: servePost
2022-12-31 11:57:01.589 DEBUG - Method not mapping with MethodMapper annotation: serveGet
2022-12-31 11:57:01.589 DEBUG - Method not mapping with MethodMapper annotation: servePut
2022-12-31 11:57:01.590 DEBUG - Method not mapping with MethodMapper annotation: serveDelete
2022-12-31 11:57:01.590 DEBUG - Method not mapping with MethodMapper annotation: setFilters
2022-12-31 11:57:01.591 DEBUG - Method not mapping with MethodMapper annotation: serve
2022-12-31 11:57:01.599 INFO  - Default host added - Server: leap   Host: localhost   Port: 8080   Doc-Root: home   Logging path: logs/leap.log   Level: [DEBUG]
2022-12-31 11:57:01.605 INFO  - Virtual host added - Server: leap1   Host: 127.0.0.1   Port: 8080   Doc-Root: home1   Logging path: logs/leap.log   Level: [DEBUG]
2022-12-31 11:57:01.716 INFO  - Add service: org.chaostocosmos.leap.http.service.TimeServiceImpl  Mapping path: /time/GetTime
2022-12-31 11:57:01.717 DEBUG - Method not mapping with MethodMapper annotation: servePost
2022-12-31 11:57:01.717 DEBUG - Method not mapping with MethodMapper annotation: serveGet
2022-12-31 11:57:01.717 DEBUG - Method not mapping with MethodMapper annotation: servePut
2022-12-31 11:57:01.718 DEBUG - Method not mapping with MethodMapper annotation: serveDelete
2022-12-31 11:57:01.718 DEBUG - Method not mapping with MethodMapper annotation: setFilters
2022-12-31 11:57:01.718 DEBUG - Method not mapping with MethodMapper annotation: serve
2022-12-31 11:57:01.719 INFO  - Virtual host added - Server: leap2   Host: 192.168.1.60   Port: 8082   Doc-Root: home2   Logging path: logs/leap.log   Level: [DEBUG]
2022-12-31 11:57:01.727 INFO  - Accepting connections on port 8082
2022-12-31 11:57:01.730 INFO  - Accepting connections on port 8080
2022-12-31 11:57:05.644 INFO  - Client request accepted... : /127.0.0.1
2022-12-31 11:58:42.632 INFO  - Leap WAS server starting...
2022-12-31 11:58:42.635 INFO  - --------------------------------------------------------------------------
2022-12-31 11:58:42.635 INFO  - ThreadPool initialized - CORE: 50 MAX: 50 KEEP-ALIVE WHEN IDLE(seconds): 30
2022-12-31 11:58:42.636 INFO  - verbose mode on
2022-12-31 11:58:42.673 INFO  - Add service: org.chaostocosmos.leap.http.service.TimeServiceImpl  Mapping path: /time/GetTime
2022-12-31 11:58:42.674 DEBUG - Method not mapping with MethodMapper annotation: setFilters
2022-12-31 11:58:42.674 DEBUG - Method not mapping with MethodMapper annotation: serve
2022-12-31 11:58:42.674 DEBUG - Method not mapping with MethodMapper annotation: serveGet
2022-12-31 11:58:42.675 DEBUG - Method not mapping with MethodMapper annotation: servePut
2022-12-31 11:58:42.675 DEBUG - Method not mapping with MethodMapper annotation: servePost
2022-12-31 11:58:42.675 DEBUG - Method not mapping with MethodMapper annotation: serveDelete
2022-12-31 11:58:42.675 INFO  - Default host added - Server: leap   Host: localhost   Port: 8080   Doc-Root: home   Logging path: logs/leap.log   Level: [DEBUG]
2022-12-31 11:58:42.676 INFO  - Virtual host added - Server: leap1   Host: 127.0.0.1   Port: 8080   Doc-Root: home1   Logging path: logs/leap.log   Level: [DEBUG]
2022-12-31 11:58:42.694 INFO  - Add service: org.chaostocosmos.leap.http.service.TimeServiceImpl  Mapping path: /time/GetTime
2022-12-31 11:58:42.695 DEBUG - Method not mapping with MethodMapper annotation: setFilters
2022-12-31 11:58:42.695 DEBUG - Method not mapping with MethodMapper annotation: serve
2022-12-31 11:58:42.696 DEBUG - Method not mapping with MethodMapper annotation: serveGet
2022-12-31 11:58:42.696 DEBUG - Method not mapping with MethodMapper annotation: servePut
2022-12-31 11:58:42.696 DEBUG - Method not mapping with MethodMapper annotation: servePost
2022-12-31 11:58:42.696 DEBUG - Method not mapping with MethodMapper annotation: serveDelete
2022-12-31 11:58:42.697 INFO  - Virtual host added - Server: leap2   Host: 192.168.1.60   Port: 8082   Doc-Root: home2   Logging path: logs/leap.log   Level: [DEBUG]
2022-12-31 11:58:42.704 INFO  - Accepting connections on port 8082
2022-12-31 11:58:42.709 INFO  - Accepting connections on port 8080
2022-12-31 11:58:46.647 INFO  - Client request accepted... : /127.0.0.1
2022-12-31 11:59:46.894 INFO  - Leap WAS server starting...
2022-12-31 11:59:46.897 INFO  - --------------------------------------------------------------------------
2022-12-31 11:59:46.897 INFO  - ThreadPool initialized - CORE: 50 MAX: 50 KEEP-ALIVE WHEN IDLE(seconds): 30
2022-12-31 11:59:46.897 INFO  - verbose mode on
2022-12-31 11:59:46.931 INFO  - Add service: org.chaostocosmos.leap.http.service.TimeServiceImpl  Mapping path: /time/GetTime
2022-12-31 11:59:46.931 DEBUG - Method not mapping with MethodMapper annotation: setFilters
2022-12-31 11:59:46.932 DEBUG - Method not mapping with MethodMapper annotation: serve
2022-12-31 11:59:46.932 DEBUG - Method not mapping with MethodMapper annotation: serveDelete
2022-12-31 11:59:46.933 DEBUG - Method not mapping with MethodMapper annotation: serveGet
2022-12-31 11:59:46.933 DEBUG - Method not mapping with MethodMapper annotation: servePost
2022-12-31 11:59:46.933 DEBUG - Method not mapping with MethodMapper annotation: servePut
2022-12-31 11:59:46.933 INFO  - Default host added - Server: leap   Host: localhost   Port: 8080   Doc-Root: home   Logging path: logs/leap.log   Level: [DEBUG]
2022-12-31 11:59:46.935 INFO  - Virtual host added - Server: leap1   Host: 127.0.0.1   Port: 8080   Doc-Root: home1   Logging path: logs/leap.log   Level: [DEBUG]
2022-12-31 11:59:46.941 INFO  - Add service: org.chaostocosmos.leap.http.service.TimeServiceImpl  Mapping path: /time/GetTime
2022-12-31 11:59:46.942 DEBUG - Method not mapping with MethodMapper annotation: setFilters
2022-12-31 11:59:46.942 DEBUG - Method not mapping with MethodMapper annotation: serve
2022-12-31 11:59:46.942 DEBUG - Method not mapping with MethodMapper annotation: serveDelete
2022-12-31 11:59:46.943 DEBUG - Method not mapping with MethodMapper annotation: serveGet
2022-12-31 11:59:46.943 DEBUG - Method not mapping with MethodMapper annotation: servePost
2022-12-31 11:59:46.943 DEBUG - Method not mapping with MethodMapper annotation: servePut
2022-12-31 11:59:46.943 INFO  - Virtual host added - Server: leap2   Host: 192.168.1.60   Port: 8082   Doc-Root: home2   Logging path: logs/leap.log   Level: [DEBUG]
2022-12-31 11:59:46.951 INFO  - Accepting connections on port 8082
2022-12-31 11:59:46.954 INFO  - Accepting connections on port 8080
2022-12-31 11:59:49.489 INFO  - Client request accepted... : /127.0.0.1
