2022-01-04 15:14:04.480 INFO  - Leap WAS server starting...
2022-01-04 15:14:04.487 INFO  - --------------------------------------------------------------------------
2022-01-04 15:14:04.488 INFO  - ThreadPool initialized - CORE: 50 MAX: 50 KEEP-ALIVE WHEN IDLE(seconds): 30
2022-01-04 15:14:04.488 INFO  - verbose mode on
2022-01-04 15:14:04.545 INFO  - Add service: org.chaostocosmos.leap.http.service.TimeServiceImpl  Mapping path: /time/GetTime
2022-01-04 15:14:04.546 DEBUG - Method not mapping with MethodMapper annotation: serve
2022-01-04 15:14:04.546 DEBUG - Method not mapping with MethodMapper annotation: setFilters
2022-01-04 15:14:04.546 DEBUG - Method not mapping with MethodMapper annotation: serveDelete
2022-01-04 15:14:04.547 DEBUG - Method not mapping with MethodMapper annotation: serveGet
2022-01-04 15:14:04.547 DEBUG - Method not mapping with MethodMapper annotation: servePut
2022-01-04 15:14:04.548 DEBUG - Method not mapping with MethodMapper annotation: servePost
2022-01-04 15:14:04.548 INFO  - Default host added - Server: leap   Host: localhost   Port: 8080   Doc-Root: home   Logging path: logs/leap.log   Level: [DEBUG]
2022-01-04 15:14:04.549 INFO  - Virtual host added - Server: leap1   Host: 127.0.0.1   Port: 8080   Doc-Root: home1   Logging path: logs/leap.log   Level: [DEBUG]
2022-01-04 15:14:04.555 INFO  - Add service: org.chaostocosmos.leap.http.service.TimeServiceImpl  Mapping path: /time/GetTime
2022-01-04 15:14:04.555 DEBUG - Method not mapping with MethodMapper annotation: serve
2022-01-04 15:14:04.555 DEBUG - Method not mapping with MethodMapper annotation: setFilters
2022-01-04 15:14:04.555 DEBUG - Method not mapping with MethodMapper annotation: serveDelete
2022-01-04 15:14:04.555 DEBUG - Method not mapping with MethodMapper annotation: serveGet
2022-01-04 15:14:04.556 DEBUG - Method not mapping with MethodMapper annotation: servePut
2022-01-04 15:14:04.556 DEBUG - Method not mapping with MethodMapper annotation: servePost
2022-01-04 15:14:04.556 INFO  - Virtual host added - Server: leap2   Host: 192.168.1.60   Port: 8082   Doc-Root: home2   Logging path: logs/leap.log   Level: [DEBUG]
2022-01-04 15:14:04.561 INFO  - Accepting connections on port 8082
2022-01-04 15:14:04.564 INFO  - Accepting connections on port 8080
2022-01-04 15:14:08.931 INFO  - Client request accepted... : /127.0.0.1
2022-01-04 15:15:02.773 INFO  - Leap WAS server starting...
2022-01-04 15:15:02.775 INFO  - --------------------------------------------------------------------------
2022-01-04 15:15:02.776 INFO  - ThreadPool initialized - CORE: 50 MAX: 50 KEEP-ALIVE WHEN IDLE(seconds): 30
2022-01-04 15:15:02.776 INFO  - verbose mode on
2022-01-04 15:15:02.811 DEBUG - Method not mapping with MethodMapper annotation: setFilters
2022-01-04 15:15:02.811 DEBUG - Method not mapping with MethodMapper annotation: serve
2022-01-04 15:15:02.812 DEBUG - Method not mapping with MethodMapper annotation: servePost
2022-01-04 15:15:02.812 DEBUG - Method not mapping with MethodMapper annotation: serveGet
2022-01-04 15:15:02.812 DEBUG - Method not mapping with MethodMapper annotation: servePut
2022-01-04 15:15:02.812 DEBUG - Method not mapping with MethodMapper annotation: serveDelete
2022-01-04 15:15:02.815 INFO  - Add service: org.chaostocosmos.leap.http.service.TimeServiceImpl  Mapping path: /time/GetTime
2022-01-04 15:15:02.815 INFO  - Default host added - Server: leap   Host: localhost   Port: 8080   Doc-Root: home   Logging path: logs/leap.log   Level: [DEBUG]
2022-01-04 15:15:02.817 INFO  - Virtual host added - Server: leap1   Host: 127.0.0.1   Port: 8080   Doc-Root: home1   Logging path: logs/leap.log   Level: [DEBUG]
2022-01-04 15:15:02.825 DEBUG - Method not mapping with MethodMapper annotation: setFilters
2022-01-04 15:15:02.825 DEBUG - Method not mapping with MethodMapper annotation: serve
2022-01-04 15:15:02.826 DEBUG - Method not mapping with MethodMapper annotation: servePost
2022-01-04 15:15:02.826 DEBUG - Method not mapping with MethodMapper annotation: serveGet
2022-01-04 15:15:02.826 DEBUG - Method not mapping with MethodMapper annotation: servePut
2022-01-04 15:15:02.827 DEBUG - Method not mapping with MethodMapper annotation: serveDelete
2022-01-04 15:15:02.827 INFO  - Add service: org.chaostocosmos.leap.http.service.TimeServiceImpl  Mapping path: /time/GetTime
2022-01-04 15:15:02.828 INFO  - Virtual host added - Server: leap2   Host: 192.168.1.60   Port: 8082   Doc-Root: home2   Logging path: logs/leap.log   Level: [DEBUG]
2022-01-04 15:15:02.832 INFO  - Accepting connections on port 8082
2022-01-04 15:15:02.836 INFO  - Accepting connections on port 8080
2022-01-04 15:15:05.226 INFO  - Client request accepted... : /127.0.0.1
2022-01-04 15:16:19.135 INFO  - Leap WAS server starting...
2022-01-04 15:16:19.147 INFO  - --------------------------------------------------------------------------
2022-01-04 15:16:19.151 INFO  - ThreadPool initialized - CORE: 50 MAX: 50 KEEP-ALIVE WHEN IDLE(seconds): 30
2022-01-04 15:16:19.151 INFO  - verbose mode on
2022-01-04 15:16:19.196 INFO  - Add service: org.chaostocosmos.leap.http.service.TimeServiceImpl  Mapping path: /time/GetTime
2022-01-04 15:16:19.196 DEBUG - Method not mapping with MethodMapper annotation: setFilters
2022-01-04 15:16:19.196 DEBUG - Method not mapping with MethodMapper annotation: serve
2022-01-04 15:16:19.197 DEBUG - Method not mapping with MethodMapper annotation: serveGet
2022-01-04 15:16:19.197 DEBUG - Method not mapping with MethodMapper annotation: servePost
2022-01-04 15:16:19.197 DEBUG - Method not mapping with MethodMapper annotation: servePut
2022-01-04 15:16:19.197 DEBUG - Method not mapping with MethodMapper annotation: serveDelete
2022-01-04 15:16:19.197 INFO  - Default host added - Server: leap   Host: localhost   Port: 8080   Doc-Root: home   Logging path: logs/leap.log   Level: [DEBUG]
2022-01-04 15:16:19.199 INFO  - Virtual host added - Server: leap1   Host: 127.0.0.1   Port: 8080   Doc-Root: home1   Logging path: logs/leap.log   Level: [DEBUG]
2022-01-04 15:16:19.204 INFO  - Add service: org.chaostocosmos.leap.http.service.TimeServiceImpl  Mapping path: /time/GetTime
2022-01-04 15:16:19.205 DEBUG - Method not mapping with MethodMapper annotation: setFilters
2022-01-04 15:16:19.205 DEBUG - Method not mapping with MethodMapper annotation: serve
2022-01-04 15:16:19.205 DEBUG - Method not mapping with MethodMapper annotation: serveGet
2022-01-04 15:16:19.205 DEBUG - Method not mapping with MethodMapper annotation: servePost
2022-01-04 15:16:19.205 DEBUG - Method not mapping with MethodMapper annotation: servePut
2022-01-04 15:16:19.205 DEBUG - Method not mapping with MethodMapper annotation: serveDelete
2022-01-04 15:16:19.206 INFO  - Virtual host added - Server: leap2   Host: 192.168.1.60   Port: 8082   Doc-Root: home2   Logging path: logs/leap.log   Level: [DEBUG]
2022-01-04 15:16:19.210 INFO  - Accepting connections on port 8082
2022-01-04 15:16:19.216 INFO  - Accepting connections on port 8080
2022-01-04 15:16:22.752 INFO  - Client request accepted... : /127.0.0.1
2022-01-04 15:17:23.740 INFO  - Leap WAS server starting...
2022-01-04 15:17:23.743 INFO  - --------------------------------------------------------------------------
2022-01-04 15:17:23.743 INFO  - ThreadPool initialized - CORE: 50 MAX: 50 KEEP-ALIVE WHEN IDLE(seconds): 30
2022-01-04 15:17:23.743 INFO  - verbose mode on
2022-01-04 15:17:23.817 INFO  - Add service: org.chaostocosmos.leap.http.service.TimeServiceImpl  Mapping path: /time/GetTime
2022-01-04 15:17:23.818 DEBUG - Method not mapping with MethodMapper annotation: serve
2022-01-04 15:17:23.818 DEBUG - Method not mapping with MethodMapper annotation: setFilters
2022-01-04 15:17:23.818 DEBUG - Method not mapping with MethodMapper annotation: serveGet
2022-01-04 15:17:23.818 DEBUG - Method not mapping with MethodMapper annotation: serveDelete
2022-01-04 15:17:23.818 DEBUG - Method not mapping with MethodMapper annotation: servePut
2022-01-04 15:17:23.819 DEBUG - Method not mapping with MethodMapper annotation: servePost
2022-01-04 15:17:23.819 INFO  - Default host added - Server: leap   Host: localhost   Port: 8080   Doc-Root: home   Logging path: logs/leap.log   Level: [DEBUG]
2022-01-04 15:17:23.820 INFO  - Virtual host added - Server: leap1   Host: 127.0.0.1   Port: 8080   Doc-Root: home1   Logging path: logs/leap.log   Level: [DEBUG]
2022-01-04 15:17:23.827 INFO  - Add service: org.chaostocosmos.leap.http.service.TimeServiceImpl  Mapping path: /time/GetTime
2022-01-04 15:17:23.828 DEBUG - Method not mapping with MethodMapper annotation: serve
2022-01-04 15:17:23.828 DEBUG - Method not mapping with MethodMapper annotation: setFilters
2022-01-04 15:17:23.829 DEBUG - Method not mapping with MethodMapper annotation: serveGet
2022-01-04 15:17:23.829 DEBUG - Method not mapping with MethodMapper annotation: serveDelete
2022-01-04 15:17:23.829 DEBUG - Method not mapping with MethodMapper annotation: servePut
2022-01-04 15:17:23.830 DEBUG - Method not mapping with MethodMapper annotation: servePost
2022-01-04 15:17:23.830 INFO  - Virtual host added - Server: leap2   Host: 192.168.1.60   Port: 8082   Doc-Root: home2   Logging path: logs/leap.log   Level: [DEBUG]
2022-01-04 15:17:23.835 INFO  - Accepting connections on port 8082
2022-01-04 15:17:23.838 INFO  - Accepting connections on port 8080
2022-01-04 15:17:26.539 INFO  - Client request accepted... : /127.0.0.1
2022-01-04 15:18:37.197 INFO  - Leap WAS server starting...
2022-01-04 15:18:37.200 INFO  - --------------------------------------------------------------------------
2022-01-04 15:18:37.201 INFO  - ThreadPool initialized - CORE: 50 MAX: 50 KEEP-ALIVE WHEN IDLE(seconds): 30
2022-01-04 15:18:37.201 INFO  - verbose mode on
2022-01-04 15:18:37.315 INFO  - Add service: org.chaostocosmos.leap.http.service.TimeServiceImpl  Mapping path: /time/GetTime
2022-01-04 15:18:37.315 DEBUG - Method not mapping with MethodMapper annotation: serve
2022-01-04 15:18:37.315 DEBUG - Method not mapping with MethodMapper annotation: setFilters
2022-01-04 15:18:37.316 DEBUG - Method not mapping with MethodMapper annotation: serveGet
2022-01-04 15:18:37.316 DEBUG - Method not mapping with MethodMapper annotation: serveDelete
2022-01-04 15:18:37.316 DEBUG - Method not mapping with MethodMapper annotation: servePost
2022-01-04 15:18:37.317 DEBUG - Method not mapping with MethodMapper annotation: servePut
2022-01-04 15:18:37.317 INFO  - Default host added - Server: leap   Host: localhost   Port: 8080   Doc-Root: home   Logging path: logs/leap.log   Level: [DEBUG]
2022-01-04 15:18:37.320 INFO  - Virtual host added - Server: leap1   Host: 127.0.0.1   Port: 8080   Doc-Root: home1   Logging path: logs/leap.log   Level: [DEBUG]
2022-01-04 15:18:37.328 INFO  - Add service: org.chaostocosmos.leap.http.service.TimeServiceImpl  Mapping path: /time/GetTime
2022-01-04 15:18:37.329 DEBUG - Method not mapping with MethodMapper annotation: serve
2022-01-04 15:18:37.329 DEBUG - Method not mapping with MethodMapper annotation: setFilters
2022-01-04 15:18:37.329 DEBUG - Method not mapping with MethodMapper annotation: serveGet
2022-01-04 15:18:37.330 DEBUG - Method not mapping with MethodMapper annotation: serveDelete
2022-01-04 15:18:37.330 DEBUG - Method not mapping with MethodMapper annotation: servePost
2022-01-04 15:18:37.330 DEBUG - Method not mapping with MethodMapper annotation: servePut
2022-01-04 15:18:37.330 INFO  - Virtual host added - Server: leap2   Host: 192.168.1.60   Port: 8082   Doc-Root: home2   Logging path: logs/leap.log   Level: [DEBUG]
2022-01-04 15:18:37.337 INFO  - Accepting connections on port 8082
2022-01-04 15:18:37.342 INFO  - Accepting connections on port 8080
2022-01-04 15:18:39.388 INFO  - Client request accepted... : /127.0.0.1
2022-01-04 15:28:16.113 INFO  - Leap WAS server starting...
2022-01-04 15:28:16.116 INFO  - --------------------------------------------------------------------------
2022-01-04 15:28:16.116 INFO  - ThreadPool initialized - CORE: 50 MAX: 50 KEEP-ALIVE WHEN IDLE(seconds): 30
2022-01-04 15:28:16.116 INFO  - verbose mode on
2022-01-04 15:28:16.150 DEBUG - Method not mapping with MethodMapper annotation: setFilters
2022-01-04 15:28:16.151 DEBUG - Method not mapping with MethodMapper annotation: serve
2022-01-04 15:28:16.151 DEBUG - Method not mapping with MethodMapper annotation: serveGet
2022-01-04 15:28:16.152 DEBUG - Method not mapping with MethodMapper annotation: serveDelete
2022-01-04 15:28:16.152 DEBUG - Method not mapping with MethodMapper annotation: servePost
2022-01-04 15:28:16.152 DEBUG - Method not mapping with MethodMapper annotation: servePut
2022-01-04 15:28:16.155 INFO  - Add service: org.chaostocosmos.leap.http.service.TimeServiceImpl  Mapping path: /time/GetTime
2022-01-04 15:28:16.156 INFO  - Default host added - Server: leap   Host: localhost   Port: 8080   Doc-Root: home   Logging path: logs/leap.log   Level: [DEBUG]
2022-01-04 15:28:16.157 INFO  - Virtual host added - Server: leap1   Host: 127.0.0.1   Port: 8080   Doc-Root: home1   Logging path: logs/leap.log   Level: [DEBUG]
2022-01-04 15:28:16.165 DEBUG - Method not mapping with MethodMapper annotation: setFilters
2022-01-04 15:28:16.165 DEBUG - Method not mapping with MethodMapper annotation: serve
2022-01-04 15:28:16.165 DEBUG - Method not mapping with MethodMapper annotation: serveGet
2022-01-04 15:28:16.165 DEBUG - Method not mapping with MethodMapper annotation: serveDelete
2022-01-04 15:28:16.166 DEBUG - Method not mapping with MethodMapper annotation: servePost
2022-01-04 15:28:16.166 DEBUG - Method not mapping with MethodMapper annotation: servePut
2022-01-04 15:28:16.166 INFO  - Add service: org.chaostocosmos.leap.http.service.TimeServiceImpl  Mapping path: /time/GetTime
2022-01-04 15:28:16.166 INFO  - Virtual host added - Server: leap2   Host: 192.168.1.60   Port: 8082   Doc-Root: home2   Logging path: logs/leap.log   Level: [DEBUG]
2022-01-04 15:28:16.172 INFO  - Accepting connections on port 8082
2022-01-04 15:28:16.177 INFO  - Accepting connections on port 8080
2022-01-04 15:28:18.149 INFO  - Client request accepted... : /127.0.0.1
2022-01-04 15:30:01.973 INFO  - Leap WAS server starting...
2022-01-04 15:30:01.976 INFO  - --------------------------------------------------------------------------
2022-01-04 15:30:01.976 INFO  - ThreadPool initialized - CORE: 50 MAX: 50 KEEP-ALIVE WHEN IDLE(seconds): 30
2022-01-04 15:30:01.977 INFO  - verbose mode on
2022-01-04 15:30:02.017 INFO  - Add service: org.chaostocosmos.leap.http.service.TimeServiceImpl  Mapping path: /time/GetTime
2022-01-04 15:30:02.018 DEBUG - Method not mapping with MethodMapper annotation: setFilters
2022-01-04 15:30:02.018 DEBUG - Method not mapping with MethodMapper annotation: serve
2022-01-04 15:30:02.018 DEBUG - Method not mapping with MethodMapper annotation: servePost
2022-01-04 15:30:02.019 DEBUG - Method not mapping with MethodMapper annotation: servePut
2022-01-04 15:30:02.019 DEBUG - Method not mapping with MethodMapper annotation: serveDelete
2022-01-04 15:30:02.019 DEBUG - Method not mapping with MethodMapper annotation: serveGet
2022-01-04 15:30:02.019 INFO  - Default host added - Server: leap   Host: localhost   Port: 8080   Doc-Root: home   Logging path: logs/leap.log   Level: [DEBUG]
2022-01-04 15:30:02.021 INFO  - Virtual host added - Server: leap1   Host: 127.0.0.1   Port: 8080   Doc-Root: home1   Logging path: logs/leap.log   Level: [DEBUG]
2022-01-04 15:30:02.027 INFO  - Add service: org.chaostocosmos.leap.http.service.TimeServiceImpl  Mapping path: /time/GetTime
2022-01-04 15:30:02.027 DEBUG - Method not mapping with MethodMapper annotation: setFilters
2022-01-04 15:30:02.027 DEBUG - Method not mapping with MethodMapper annotation: serve
2022-01-04 15:30:02.027 DEBUG - Method not mapping with MethodMapper annotation: servePost
2022-01-04 15:30:02.028 DEBUG - Method not mapping with MethodMapper annotation: servePut
2022-01-04 15:30:02.028 DEBUG - Method not mapping with MethodMapper annotation: serveDelete
2022-01-04 15:30:02.028 DEBUG - Method not mapping with MethodMapper annotation: serveGet
2022-01-04 15:30:02.028 INFO  - Virtual host added - Server: leap2   Host: 192.168.1.60   Port: 8082   Doc-Root: home2   Logging path: logs/leap.log   Level: [DEBUG]
2022-01-04 15:30:02.035 INFO  - Accepting connections on port 8082
2022-01-04 15:30:02.040 INFO  - Accepting connections on port 8080
2022-01-04 15:30:04.993 INFO  - Client request accepted... : /127.0.0.1
2022-01-04 15:31:48.362 INFO  - Leap WAS server starting...
2022-01-04 15:31:48.364 INFO  - --------------------------------------------------------------------------
2022-01-04 15:31:48.365 INFO  - ThreadPool initialized - CORE: 50 MAX: 50 KEEP-ALIVE WHEN IDLE(seconds): 30
2022-01-04 15:31:48.365 INFO  - verbose mode on
2022-01-04 15:31:48.410 INFO  - Add service: org.chaostocosmos.leap.http.service.TimeServiceImpl  Mapping path: /time/GetTime
2022-01-04 15:31:48.411 DEBUG - Method not mapping with MethodMapper annotation: serve
2022-01-04 15:31:48.411 DEBUG - Method not mapping with MethodMapper annotation: setFilters
2022-01-04 15:31:48.411 DEBUG - Method not mapping with MethodMapper annotation: serveDelete
2022-01-04 15:31:48.411 DEBUG - Method not mapping with MethodMapper annotation: servePost
2022-01-04 15:31:48.412 DEBUG - Method not mapping with MethodMapper annotation: servePut
2022-01-04 15:31:48.412 DEBUG - Method not mapping with MethodMapper annotation: serveGet
2022-01-04 15:31:48.412 INFO  - Default host added - Server: leap   Host: localhost   Port: 8080   Doc-Root: home   Logging path: logs/leap.log   Level: [DEBUG]
2022-01-04 15:31:48.413 INFO  - Virtual host added - Server: leap1   Host: 127.0.0.1   Port: 8080   Doc-Root: home1   Logging path: logs/leap.log   Level: [DEBUG]
2022-01-04 15:31:48.418 INFO  - Add service: org.chaostocosmos.leap.http.service.TimeServiceImpl  Mapping path: /time/GetTime
2022-01-04 15:31:48.419 DEBUG - Method not mapping with MethodMapper annotation: serve
2022-01-04 15:31:48.419 DEBUG - Method not mapping with MethodMapper annotation: setFilters
2022-01-04 15:31:48.419 DEBUG - Method not mapping with MethodMapper annotation: serveDelete
2022-01-04 15:31:48.419 DEBUG - Method not mapping with MethodMapper annotation: servePost
2022-01-04 15:31:48.419 DEBUG - Method not mapping with MethodMapper annotation: servePut
2022-01-04 15:31:48.419 DEBUG - Method not mapping with MethodMapper annotation: serveGet
2022-01-04 15:31:48.420 INFO  - Virtual host added - Server: leap2   Host: 192.168.1.60   Port: 8082   Doc-Root: home2   Logging path: logs/leap.log   Level: [DEBUG]
2022-01-04 15:31:48.425 INFO  - Accepting connections on port 8082
2022-01-04 15:31:48.430 INFO  - Accepting connections on port 8080
2022-01-04 15:31:50.631 INFO  - Client request accepted... : /127.0.0.1
2022-01-04 15:32:22.070 INFO  - Leap WAS server starting...
2022-01-04 15:32:22.072 INFO  - --------------------------------------------------------------------------
2022-01-04 15:32:22.074 INFO  - ThreadPool initialized - CORE: 50 MAX: 50 KEEP-ALIVE WHEN IDLE(seconds): 30
2022-01-04 15:32:22.074 INFO  - verbose mode on
2022-01-04 15:32:22.114 INFO  - Add service: org.chaostocosmos.leap.http.service.TimeServiceImpl  Mapping path: /time/GetTime
2022-01-04 15:32:22.114 DEBUG - Method not mapping with MethodMapper annotation: serveDelete
2022-01-04 15:32:22.114 DEBUG - Method not mapping with MethodMapper annotation: servePost
2022-01-04 15:32:22.114 DEBUG - Method not mapping with MethodMapper annotation: servePut
2022-01-04 15:32:22.115 DEBUG - Method not mapping with MethodMapper annotation: serveGet
2022-01-04 15:32:22.115 DEBUG - Method not mapping with MethodMapper annotation: setFilters
2022-01-04 15:32:22.115 DEBUG - Method not mapping with MethodMapper annotation: serve
2022-01-04 15:32:22.115 INFO  - Default host added - Server: leap   Host: localhost   Port: 8080   Doc-Root: home   Logging path: logs/leap.log   Level: [DEBUG]
2022-01-04 15:32:22.117 INFO  - Virtual host added - Server: leap1   Host: 127.0.0.1   Port: 8080   Doc-Root: home1   Logging path: logs/leap.log   Level: [DEBUG]
2022-01-04 15:32:22.123 INFO  - Add service: org.chaostocosmos.leap.http.service.TimeServiceImpl  Mapping path: /time/GetTime
2022-01-04 15:32:22.124 DEBUG - Method not mapping with MethodMapper annotation: serveDelete
2022-01-04 15:32:22.124 DEBUG - Method not mapping with MethodMapper annotation: servePost
2022-01-04 15:32:22.124 DEBUG - Method not mapping with MethodMapper annotation: servePut
2022-01-04 15:32:22.125 DEBUG - Method not mapping with MethodMapper annotation: serveGet
2022-01-04 15:32:22.126 DEBUG - Method not mapping with MethodMapper annotation: setFilters
2022-01-04 15:32:22.126 DEBUG - Method not mapping with MethodMapper annotation: serve
2022-01-04 15:32:22.126 INFO  - Virtual host added - Server: leap2   Host: 192.168.1.60   Port: 8082   Doc-Root: home2   Logging path: logs/leap.log   Level: [DEBUG]
2022-01-04 15:32:22.132 INFO  - Accepting connections on port 8082
2022-01-04 15:32:22.134 INFO  - Accepting connections on port 8080
2022-01-04 15:32:23.863 INFO  - Client request accepted... : /127.0.0.1
2022-01-04 15:33:35.780 INFO  - Leap WAS server starting...
2022-01-04 15:33:35.782 INFO  - --------------------------------------------------------------------------
2022-01-04 15:33:35.783 INFO  - ThreadPool initialized - CORE: 50 MAX: 50 KEEP-ALIVE WHEN IDLE(seconds): 30
2022-01-04 15:33:35.783 INFO  - verbose mode on
2022-01-04 15:33:35.821 INFO  - Add service: org.chaostocosmos.leap.http.service.TimeServiceImpl  Mapping path: /time/GetTime
2022-01-04 15:33:35.821 DEBUG - Method not mapping with MethodMapper annotation: serve
2022-01-04 15:33:35.821 DEBUG - Method not mapping with MethodMapper annotation: setFilters
2022-01-04 15:33:35.821 DEBUG - Method not mapping with MethodMapper annotation: servePost
2022-01-04 15:33:35.822 DEBUG - Method not mapping with MethodMapper annotation: servePut
2022-01-04 15:33:35.822 DEBUG - Method not mapping with MethodMapper annotation: serveGet
2022-01-04 15:33:35.822 DEBUG - Method not mapping with MethodMapper annotation: serveDelete
2022-01-04 15:33:35.822 INFO  - Default host added - Server: leap   Host: localhost   Port: 8080   Doc-Root: home   Logging path: logs/leap.log   Level: [DEBUG]
2022-01-04 15:33:35.823 INFO  - Virtual host added - Server: leap1   Host: 127.0.0.1   Port: 8080   Doc-Root: home1   Logging path: logs/leap.log   Level: [DEBUG]
2022-01-04 15:33:35.829 INFO  - Add service: org.chaostocosmos.leap.http.service.TimeServiceImpl  Mapping path: /time/GetTime
2022-01-04 15:33:35.830 DEBUG - Method not mapping with MethodMapper annotation: serve
2022-01-04 15:33:35.830 DEBUG - Method not mapping with MethodMapper annotation: setFilters
2022-01-04 15:33:35.830 DEBUG - Method not mapping with MethodMapper annotation: servePost
2022-01-04 15:33:35.830 DEBUG - Method not mapping with MethodMapper annotation: servePut
2022-01-04 15:33:35.831 DEBUG - Method not mapping with MethodMapper annotation: serveGet
2022-01-04 15:33:35.831 DEBUG - Method not mapping with MethodMapper annotation: serveDelete
2022-01-04 15:33:35.831 INFO  - Virtual host added - Server: leap2   Host: 192.168.1.60   Port: 8082   Doc-Root: home2   Logging path: logs/leap.log   Level: [DEBUG]
2022-01-04 15:33:35.837 INFO  - Accepting connections on port 8082
2022-01-04 15:33:35.841 INFO  - Accepting connections on port 8080
2022-01-04 15:33:39.280 INFO  - Client request accepted... : /127.0.0.1
2022-01-04 15:34:37.366 INFO  - Leap WAS server starting...
2022-01-04 15:34:37.369 INFO  - --------------------------------------------------------------------------
2022-01-04 15:34:37.370 INFO  - ThreadPool initialized - CORE: 50 MAX: 50 KEEP-ALIVE WHEN IDLE(seconds): 30
2022-01-04 15:34:37.370 INFO  - verbose mode on
2022-01-04 15:34:37.409 INFO  - Add service: org.chaostocosmos.leap.http.service.TimeServiceImpl  Mapping path: /time/GetTime
2022-01-04 15:34:37.410 DEBUG - Method not mapping with MethodMapper annotation: serve
2022-01-04 15:34:37.410 DEBUG - Method not mapping with MethodMapper annotation: setFilters
2022-01-04 15:34:37.410 DEBUG - Method not mapping with MethodMapper annotation: servePost
2022-01-04 15:34:37.410 DEBUG - Method not mapping with MethodMapper annotation: servePut
2022-01-04 15:34:37.411 DEBUG - Method not mapping with MethodMapper annotation: serveGet
2022-01-04 15:34:37.411 DEBUG - Method not mapping with MethodMapper annotation: serveDelete
2022-01-04 15:34:37.411 INFO  - Default host added - Server: leap   Host: localhost   Port: 8080   Doc-Root: home   Logging path: logs/leap.log   Level: [DEBUG]
2022-01-04 15:34:37.412 INFO  - Virtual host added - Server: leap1   Host: 127.0.0.1   Port: 8080   Doc-Root: home1   Logging path: logs/leap.log   Level: [DEBUG]
2022-01-04 15:34:37.420 INFO  - Add service: org.chaostocosmos.leap.http.service.TimeServiceImpl  Mapping path: /time/GetTime
2022-01-04 15:34:37.420 DEBUG - Method not mapping with MethodMapper annotation: serve
2022-01-04 15:34:37.421 DEBUG - Method not mapping with MethodMapper annotation: setFilters
2022-01-04 15:34:37.421 DEBUG - Method not mapping with MethodMapper annotation: servePost
2022-01-04 15:34:37.421 DEBUG - Method not mapping with MethodMapper annotation: servePut
2022-01-04 15:34:37.422 DEBUG - Method not mapping with MethodMapper annotation: serveGet
2022-01-04 15:34:37.422 DEBUG - Method not mapping with MethodMapper annotation: serveDelete
2022-01-04 15:34:37.422 INFO  - Virtual host added - Server: leap2   Host: 192.168.1.60   Port: 8082   Doc-Root: home2   Logging path: logs/leap.log   Level: [DEBUG]
2022-01-04 15:34:37.427 INFO  - Accepting connections on port 8082
2022-01-04 15:34:37.432 INFO  - Accepting connections on port 8080
2022-01-04 15:34:41.334 INFO  - Client request accepted... : /127.0.0.1
2022-01-04 15:36:48.521 INFO  - Leap WAS server starting...
2022-01-04 15:36:48.523 INFO  - --------------------------------------------------------------------------
2022-01-04 15:36:48.524 INFO  - ThreadPool initialized - CORE: 50 MAX: 50 KEEP-ALIVE WHEN IDLE(seconds): 30
2022-01-04 15:36:48.524 INFO  - verbose mode on
2022-01-04 15:36:48.569 INFO  - Add service: org.chaostocosmos.leap.http.service.TimeServiceImpl  Mapping path: /time/GetTime
2022-01-04 15:36:48.569 DEBUG - Method not mapping with MethodMapper annotation: servePut
2022-01-04 15:36:48.569 DEBUG - Method not mapping with MethodMapper annotation: serveDelete
2022-01-04 15:36:48.570 DEBUG - Method not mapping with MethodMapper annotation: servePost
2022-01-04 15:36:48.570 DEBUG - Method not mapping with MethodMapper annotation: serveGet
2022-01-04 15:36:48.570 DEBUG - Method not mapping with MethodMapper annotation: serve
2022-01-04 15:36:48.570 DEBUG - Method not mapping with MethodMapper annotation: setFilters
2022-01-04 15:36:48.571 INFO  - Default host added - Server: leap   Host: localhost   Port: 8080   Doc-Root: home   Logging path: logs/leap.log   Level: [DEBUG]
2022-01-04 15:36:48.573 INFO  - Virtual host added - Server: leap1   Host: 127.0.0.1   Port: 8080   Doc-Root: home1   Logging path: logs/leap.log   Level: [DEBUG]
2022-01-04 15:36:48.580 INFO  - Add service: org.chaostocosmos.leap.http.service.TimeServiceImpl  Mapping path: /time/GetTime
2022-01-04 15:36:48.580 DEBUG - Method not mapping with MethodMapper annotation: servePut
2022-01-04 15:36:48.581 DEBUG - Method not mapping with MethodMapper annotation: serveDelete
2022-01-04 15:36:48.581 DEBUG - Method not mapping with MethodMapper annotation: servePost
2022-01-04 15:36:48.581 DEBUG - Method not mapping with MethodMapper annotation: serveGet
2022-01-04 15:36:48.581 DEBUG - Method not mapping with MethodMapper annotation: serve
2022-01-04 15:36:48.581 DEBUG - Method not mapping with MethodMapper annotation: setFilters
2022-01-04 15:36:48.581 INFO  - Virtual host added - Server: leap2   Host: 192.168.1.60   Port: 8082   Doc-Root: home2   Logging path: logs/leap.log   Level: [DEBUG]
2022-01-04 15:36:48.588 INFO  - Accepting connections on port 8082
2022-01-04 15:36:48.593 INFO  - Accepting connections on port 8080
2022-01-04 15:36:50.099 INFO  - Client request accepted... : /127.0.0.1
2022-01-04 15:37:31.170 INFO  - Leap WAS server starting...
2022-01-04 15:37:31.175 INFO  - --------------------------------------------------------------------------
2022-01-04 15:37:31.176 INFO  - ThreadPool initialized - CORE: 50 MAX: 50 KEEP-ALIVE WHEN IDLE(seconds): 30
2022-01-04 15:37:31.176 INFO  - verbose mode on
2022-01-04 15:37:31.276 INFO  - Add service: org.chaostocosmos.leap.http.service.TimeServiceImpl  Mapping path: /time/GetTime
2022-01-04 15:37:31.276 DEBUG - Method not mapping with MethodMapper annotation: setFilters
2022-01-04 15:37:31.277 DEBUG - Method not mapping with MethodMapper annotation: serve
2022-01-04 15:37:31.278 DEBUG - Method not mapping with MethodMapper annotation: servePost
2022-01-04 15:37:31.278 DEBUG - Method not mapping with MethodMapper annotation: servePut
2022-01-04 15:37:31.278 DEBUG - Method not mapping with MethodMapper annotation: serveGet
2022-01-04 15:37:31.279 DEBUG - Method not mapping with MethodMapper annotation: serveDelete
2022-01-04 15:37:31.280 INFO  - Default host added - Server: leap   Host: localhost   Port: 8080   Doc-Root: home   Logging path: logs/leap.log   Level: [DEBUG]
2022-01-04 15:37:31.284 INFO  - Virtual host added - Server: leap1   Host: 127.0.0.1   Port: 8080   Doc-Root: home1   Logging path: logs/leap.log   Level: [DEBUG]
2022-01-04 15:37:31.293 INFO  - Add service: org.chaostocosmos.leap.http.service.TimeServiceImpl  Mapping path: /time/GetTime
2022-01-04 15:37:31.294 DEBUG - Method not mapping with MethodMapper annotation: setFilters
2022-01-04 15:37:31.294 DEBUG - Method not mapping with MethodMapper annotation: serve
2022-01-04 15:37:31.294 DEBUG - Method not mapping with MethodMapper annotation: servePost
2022-01-04 15:37:31.294 DEBUG - Method not mapping with MethodMapper annotation: servePut
2022-01-04 15:37:31.295 DEBUG - Method not mapping with MethodMapper annotation: serveGet
2022-01-04 15:37:31.295 DEBUG - Method not mapping with MethodMapper annotation: serveDelete
2022-01-04 15:37:31.295 INFO  - Virtual host added - Server: leap2   Host: 192.168.1.60   Port: 8082   Doc-Root: home2   Logging path: logs/leap.log   Level: [DEBUG]
2022-01-04 15:37:31.301 INFO  - Accepting connections on port 8082
2022-01-04 15:37:31.308 INFO  - Accepting connections on port 8080
2022-01-04 15:37:33.963 INFO  - Client request accepted... : /127.0.0.1
2022-01-04 15:38:04.065 INFO  - Leap WAS server starting...
2022-01-04 15:38:04.069 INFO  - --------------------------------------------------------------------------
2022-01-04 15:38:04.069 INFO  - ThreadPool initialized - CORE: 50 MAX: 50 KEEP-ALIVE WHEN IDLE(seconds): 30
2022-01-04 15:38:04.070 INFO  - verbose mode on
2022-01-04 15:38:04.152 INFO  - Add service: org.chaostocosmos.leap.http.service.TimeServiceImpl  Mapping path: /time/GetTime
2022-01-04 15:38:04.153 DEBUG - Method not mapping with MethodMapper annotation: serve
2022-01-04 15:38:04.154 DEBUG - Method not mapping with MethodMapper annotation: setFilters
2022-01-04 15:38:04.154 DEBUG - Method not mapping with MethodMapper annotation: servePost
2022-01-04 15:38:04.155 DEBUG - Method not mapping with MethodMapper annotation: servePut
2022-01-04 15:38:04.155 DEBUG - Method not mapping with MethodMapper annotation: serveGet
2022-01-04 15:38:04.155 DEBUG - Method not mapping with MethodMapper annotation: serveDelete
2022-01-04 15:38:04.155 INFO  - Default host added - Server: leap   Host: localhost   Port: 8080   Doc-Root: home   Logging path: logs/leap.log   Level: [DEBUG]
2022-01-04 15:38:04.157 INFO  - Virtual host added - Server: leap1   Host: 127.0.0.1   Port: 8080   Doc-Root: home1   Logging path: logs/leap.log   Level: [DEBUG]
2022-01-04 15:38:04.165 INFO  - Add service: org.chaostocosmos.leap.http.service.TimeServiceImpl  Mapping path: /time/GetTime
2022-01-04 15:38:04.166 DEBUG - Method not mapping with MethodMapper annotation: serve
2022-01-04 15:38:04.166 DEBUG - Method not mapping with MethodMapper annotation: setFilters
2022-01-04 15:38:04.166 DEBUG - Method not mapping with MethodMapper annotation: servePost
2022-01-04 15:38:04.167 DEBUG - Method not mapping with MethodMapper annotation: servePut
2022-01-04 15:38:04.167 DEBUG - Method not mapping with MethodMapper annotation: serveGet
2022-01-04 15:38:04.167 DEBUG - Method not mapping with MethodMapper annotation: serveDelete
2022-01-04 15:38:04.167 INFO  - Virtual host added - Server: leap2   Host: 192.168.1.60   Port: 8082   Doc-Root: home2   Logging path: logs/leap.log   Level: [DEBUG]
2022-01-04 15:38:04.176 INFO  - Accepting connections on port 8082
2022-01-04 15:38:04.181 INFO  - Accepting connections on port 8080
2022-01-04 15:38:06.089 INFO  - Client request accepted... : /127.0.0.1
2022-01-04 15:40:51.306 INFO  - Leap WAS server starting...
2022-01-04 15:40:51.309 INFO  - --------------------------------------------------------------------------
2022-01-04 15:40:51.309 INFO  - ThreadPool initialized - CORE: 50 MAX: 50 KEEP-ALIVE WHEN IDLE(seconds): 30
2022-01-04 15:40:51.309 INFO  - verbose mode on
2022-01-04 15:40:51.348 INFO  - Add service: org.chaostocosmos.leap.http.service.TimeServiceImpl  Mapping path: /time/GetTime
2022-01-04 15:40:51.348 DEBUG - Method not mapping with MethodMapper annotation: serveGet
2022-01-04 15:40:51.349 DEBUG - Method not mapping with MethodMapper annotation: servePost
2022-01-04 15:40:51.349 DEBUG - Method not mapping with MethodMapper annotation: servePut
2022-01-04 15:40:51.349 DEBUG - Method not mapping with MethodMapper annotation: serveDelete
2022-01-04 15:40:51.349 DEBUG - Method not mapping with MethodMapper annotation: setFilters
2022-01-04 15:40:51.349 DEBUG - Method not mapping with MethodMapper annotation: serve
2022-01-04 15:40:51.349 INFO  - Default host added - Server: leap   Host: localhost   Port: 8080   Doc-Root: home   Logging path: logs/leap.log   Level: [DEBUG]
2022-01-04 15:40:51.351 INFO  - Virtual host added - Server: leap1   Host: 127.0.0.1   Port: 8080   Doc-Root: home1   Logging path: logs/leap.log   Level: [DEBUG]
2022-01-04 15:40:51.359 INFO  - Add service: org.chaostocosmos.leap.http.service.TimeServiceImpl  Mapping path: /time/GetTime
2022-01-04 15:40:51.359 DEBUG - Method not mapping with MethodMapper annotation: serveGet
2022-01-04 15:40:51.360 DEBUG - Method not mapping with MethodMapper annotation: servePost
2022-01-04 15:40:51.360 DEBUG - Method not mapping with MethodMapper annotation: servePut
2022-01-04 15:40:51.360 DEBUG - Method not mapping with MethodMapper annotation: serveDelete
2022-01-04 15:40:51.360 DEBUG - Method not mapping with MethodMapper annotation: setFilters
2022-01-04 15:40:51.361 DEBUG - Method not mapping with MethodMapper annotation: serve
2022-01-04 15:40:51.361 INFO  - Virtual host added - Server: leap2   Host: 192.168.1.60   Port: 8082   Doc-Root: home2   Logging path: logs/leap.log   Level: [DEBUG]
2022-01-04 15:40:51.367 INFO  - Accepting connections on port 8082
2022-01-04 15:40:51.424 INFO  - Accepting connections on port 8080
2022-01-04 15:40:54.115 INFO  - Client request accepted... : /127.0.0.1
2022-01-04 15:41:39.628 INFO  - Leap WAS server starting...
2022-01-04 15:41:39.630 INFO  - --------------------------------------------------------------------------
2022-01-04 15:41:39.631 INFO  - ThreadPool initialized - CORE: 50 MAX: 50 KEEP-ALIVE WHEN IDLE(seconds): 30
2022-01-04 15:41:39.631 INFO  - verbose mode on
2022-01-04 15:41:39.670 INFO  - Add service: org.chaostocosmos.leap.http.service.TimeServiceImpl  Mapping path: /time/GetTime
2022-01-04 15:41:39.671 DEBUG - Method not mapping with MethodMapper annotation: serve
2022-01-04 15:41:39.671 DEBUG - Method not mapping with MethodMapper annotation: setFilters
2022-01-04 15:41:39.671 DEBUG - Method not mapping with MethodMapper annotation: serveDelete
2022-01-04 15:41:39.671 DEBUG - Method not mapping with MethodMapper annotation: serveGet
2022-01-04 15:41:39.672 DEBUG - Method not mapping with MethodMapper annotation: servePut
2022-01-04 15:41:39.672 DEBUG - Method not mapping with MethodMapper annotation: servePost
2022-01-04 15:41:39.672 INFO  - Default host added - Server: leap   Host: localhost   Port: 8080   Doc-Root: home   Logging path: logs/leap.log   Level: [DEBUG]
2022-01-04 15:41:39.674 INFO  - Virtual host added - Server: leap1   Host: 127.0.0.1   Port: 8080   Doc-Root: home1   Logging path: logs/leap.log   Level: [DEBUG]
2022-01-04 15:41:39.680 INFO  - Add service: org.chaostocosmos.leap.http.service.TimeServiceImpl  Mapping path: /time/GetTime
2022-01-04 15:41:39.680 DEBUG - Method not mapping with MethodMapper annotation: serve
2022-01-04 15:41:39.680 DEBUG - Method not mapping with MethodMapper annotation: setFilters
2022-01-04 15:41:39.680 DEBUG - Method not mapping with MethodMapper annotation: serveDelete
2022-01-04 15:41:39.680 DEBUG - Method not mapping with MethodMapper annotation: serveGet
2022-01-04 15:41:39.681 DEBUG - Method not mapping with MethodMapper annotation: servePut
2022-01-04 15:41:39.681 DEBUG - Method not mapping with MethodMapper annotation: servePost
2022-01-04 15:41:39.681 INFO  - Virtual host added - Server: leap2   Host: 192.168.1.60   Port: 8082   Doc-Root: home2   Logging path: logs/leap.log   Level: [DEBUG]
2022-01-04 15:41:39.686 INFO  - Accepting connections on port 8082
2022-01-04 15:41:39.691 INFO  - Accepting connections on port 8080
2022-01-04 15:41:43.082 INFO  - Client request accepted... : /127.0.0.1
2022-01-04 15:50:39.469 INFO  - Leap WAS server starting...
2022-01-04 15:50:39.471 INFO  - --------------------------------------------------------------------------
2022-01-04 15:50:39.472 INFO  - ThreadPool initialized - CORE: 50 MAX: 50 KEEP-ALIVE WHEN IDLE(seconds): 30
2022-01-04 15:50:39.472 INFO  - verbose mode on
2022-01-04 15:50:39.511 INFO  - Add service: org.chaostocosmos.leap.http.service.TimeServiceImpl  Mapping path: /time/GetTime
2022-01-04 15:50:39.512 DEBUG - Method not mapping with MethodMapper annotation: setFilters
2022-01-04 15:50:39.512 DEBUG - Method not mapping with MethodMapper annotation: serve
2022-01-04 15:50:39.512 DEBUG - Method not mapping with MethodMapper annotation: serveGet
2022-01-04 15:50:39.513 DEBUG - Method not mapping with MethodMapper annotation: servePost
2022-01-04 15:50:39.513 DEBUG - Method not mapping with MethodMapper annotation: servePut
2022-01-04 15:50:39.513 DEBUG - Method not mapping with MethodMapper annotation: serveDelete
2022-01-04 15:50:39.513 INFO  - Default host added - Server: leap   Host: localhost   Port: 8080   Doc-Root: home   Logging path: logs/leap.log   Level: [DEBUG]
2022-01-04 15:50:39.514 INFO  - Virtual host added - Server: leap1   Host: 127.0.0.1   Port: 8080   Doc-Root: home1   Logging path: logs/leap.log   Level: [DEBUG]
2022-01-04 15:50:39.520 INFO  - Add service: org.chaostocosmos.leap.http.service.TimeServiceImpl  Mapping path: /time/GetTime
2022-01-04 15:50:39.520 DEBUG - Method not mapping with MethodMapper annotation: setFilters
2022-01-04 15:50:39.520 DEBUG - Method not mapping with MethodMapper annotation: serve
2022-01-04 15:50:39.521 DEBUG - Method not mapping with MethodMapper annotation: serveGet
2022-01-04 15:50:39.521 DEBUG - Method not mapping with MethodMapper annotation: servePost
2022-01-04 15:50:39.521 DEBUG - Method not mapping with MethodMapper annotation: servePut
2022-01-04 15:50:39.521 DEBUG - Method not mapping with MethodMapper annotation: serveDelete
2022-01-04 15:50:39.522 INFO  - Virtual host added - Server: leap2   Host: 192.168.1.60   Port: 8082   Doc-Root: home2   Logging path: logs/leap.log   Level: [DEBUG]
2022-01-04 15:50:39.527 INFO  - Accepting connections on port 8082
2022-01-04 15:50:39.530 INFO  - Accepting connections on port 8080
2022-01-04 15:50:45.841 INFO  - Client request accepted... : /127.0.0.1
2022-01-04 15:51:57.268 INFO  - Leap WAS server starting...
2022-01-04 15:51:57.270 INFO  - --------------------------------------------------------------------------
2022-01-04 15:51:57.271 INFO  - ThreadPool initialized - CORE: 50 MAX: 50 KEEP-ALIVE WHEN IDLE(seconds): 30
2022-01-04 15:51:57.271 INFO  - verbose mode on
2022-01-04 15:51:57.309 INFO  - Add service: org.chaostocosmos.leap.http.service.TimeServiceImpl  Mapping path: /time/GetTime
2022-01-04 15:51:57.309 DEBUG - Method not mapping with MethodMapper annotation: serve
2022-01-04 15:51:57.310 DEBUG - Method not mapping with MethodMapper annotation: setFilters
2022-01-04 15:51:57.310 DEBUG - Method not mapping with MethodMapper annotation: serveGet
2022-01-04 15:51:57.310 DEBUG - Method not mapping with MethodMapper annotation: servePut
2022-01-04 15:51:57.310 DEBUG - Method not mapping with MethodMapper annotation: serveDelete
2022-01-04 15:51:57.311 DEBUG - Method not mapping with MethodMapper annotation: servePost
2022-01-04 15:51:57.311 INFO  - Default host added - Server: leap   Host: localhost   Port: 8080   Doc-Root: home   Logging path: logs/leap.log   Level: [DEBUG]
2022-01-04 15:51:57.312 INFO  - Virtual host added - Server: leap1   Host: 127.0.0.1   Port: 8080   Doc-Root: home1   Logging path: logs/leap.log   Level: [DEBUG]
2022-01-04 15:51:57.317 INFO  - Add service: org.chaostocosmos.leap.http.service.TimeServiceImpl  Mapping path: /time/GetTime
2022-01-04 15:51:57.318 DEBUG - Method not mapping with MethodMapper annotation: serve
2022-01-04 15:51:57.318 DEBUG - Method not mapping with MethodMapper annotation: setFilters
2022-01-04 15:51:57.318 DEBUG - Method not mapping with MethodMapper annotation: serveGet
2022-01-04 15:51:57.318 DEBUG - Method not mapping with MethodMapper annotation: servePut
2022-01-04 15:51:57.318 DEBUG - Method not mapping with MethodMapper annotation: serveDelete
2022-01-04 15:51:57.319 DEBUG - Method not mapping with MethodMapper annotation: servePost
2022-01-04 15:51:57.319 INFO  - Virtual host added - Server: leap2   Host: 192.168.1.60   Port: 8082   Doc-Root: home2   Logging path: logs/leap.log   Level: [DEBUG]
2022-01-04 15:51:57.325 INFO  - Accepting connections on port 8082
2022-01-04 15:51:57.329 INFO  - Accepting connections on port 8080
2022-01-04 15:51:59.431 INFO  - Client request accepted... : /127.0.0.1
2022-01-04 15:52:37.394 INFO  - Leap WAS server starting...
2022-01-04 15:52:37.397 INFO  - --------------------------------------------------------------------------
2022-01-04 15:52:37.398 INFO  - ThreadPool initialized - CORE: 50 MAX: 50 KEEP-ALIVE WHEN IDLE(seconds): 30
2022-01-04 15:52:37.398 INFO  - verbose mode on
2022-01-04 15:52:37.435 INFO  - Add service: org.chaostocosmos.leap.http.service.TimeServiceImpl  Mapping path: /time/GetTime
2022-01-04 15:52:37.436 DEBUG - Method not mapping with MethodMapper annotation: serve
2022-01-04 15:52:37.436 DEBUG - Method not mapping with MethodMapper annotation: setFilters
2022-01-04 15:52:37.436 DEBUG - Method not mapping with MethodMapper annotation: serveDelete
2022-01-04 15:52:37.436 DEBUG - Method not mapping with MethodMapper annotation: serveGet
2022-01-04 15:52:37.436 DEBUG - Method not mapping with MethodMapper annotation: servePost
2022-01-04 15:52:37.436 DEBUG - Method not mapping with MethodMapper annotation: servePut
2022-01-04 15:52:37.437 INFO  - Default host added - Server: leap   Host: localhost   Port: 8080   Doc-Root: home   Logging path: logs/leap.log   Level: [DEBUG]
2022-01-04 15:52:37.438 INFO  - Virtual host added - Server: leap1   Host: 127.0.0.1   Port: 8080   Doc-Root: home1   Logging path: logs/leap.log   Level: [DEBUG]
2022-01-04 15:52:37.456 INFO  - Add service: org.chaostocosmos.leap.http.service.TimeServiceImpl  Mapping path: /time/GetTime
2022-01-04 15:52:37.457 DEBUG - Method not mapping with MethodMapper annotation: serve
2022-01-04 15:52:37.457 DEBUG - Method not mapping with MethodMapper annotation: setFilters
2022-01-04 15:52:37.457 DEBUG - Method not mapping with MethodMapper annotation: serveDelete
2022-01-04 15:52:37.457 DEBUG - Method not mapping with MethodMapper annotation: serveGet
2022-01-04 15:52:37.458 DEBUG - Method not mapping with MethodMapper annotation: servePost
2022-01-04 15:52:37.458 DEBUG - Method not mapping with MethodMapper annotation: servePut
2022-01-04 15:52:37.458 INFO  - Virtual host added - Server: leap2   Host: 192.168.1.60   Port: 8082   Doc-Root: home2   Logging path: logs/leap.log   Level: [DEBUG]
2022-01-04 15:52:37.463 INFO  - Accepting connections on port 8082
2022-01-04 15:52:37.467 INFO  - Accepting connections on port 8080
2022-01-04 15:52:40.173 INFO  - Client request accepted... : /127.0.0.1
2022-01-04 15:53:55.102 INFO  - Leap WAS server starting...
2022-01-04 15:53:55.105 INFO  - --------------------------------------------------------------------------
2022-01-04 15:53:55.105 INFO  - ThreadPool initialized - CORE: 50 MAX: 50 KEEP-ALIVE WHEN IDLE(seconds): 30
2022-01-04 15:53:55.106 INFO  - verbose mode on
2022-01-04 15:53:55.139 INFO  - Add service: org.chaostocosmos.leap.http.service.TimeServiceImpl  Mapping path: /time/GetTime
2022-01-04 15:53:55.140 DEBUG - Method not mapping with MethodMapper annotation: servePut
2022-01-04 15:53:55.140 DEBUG - Method not mapping with MethodMapper annotation: serveDelete
2022-01-04 15:53:55.140 DEBUG - Method not mapping with MethodMapper annotation: serveGet
2022-01-04 15:53:55.140 DEBUG - Method not mapping with MethodMapper annotation: servePost
2022-01-04 15:53:55.140 DEBUG - Method not mapping with MethodMapper annotation: serve
2022-01-04 15:53:55.140 DEBUG - Method not mapping with MethodMapper annotation: setFilters
2022-01-04 15:53:55.140 INFO  - Default host added - Server: leap   Host: localhost   Port: 8080   Doc-Root: home   Logging path: logs/leap.log   Level: [DEBUG]
2022-01-04 15:53:55.142 INFO  - Virtual host added - Server: leap1   Host: 127.0.0.1   Port: 8080   Doc-Root: home1   Logging path: logs/leap.log   Level: [DEBUG]
2022-01-04 15:53:55.150 INFO  - Add service: org.chaostocosmos.leap.http.service.TimeServiceImpl  Mapping path: /time/GetTime
2022-01-04 15:53:55.151 DEBUG - Method not mapping with MethodMapper annotation: servePut
2022-01-04 15:53:55.151 DEBUG - Method not mapping with MethodMapper annotation: serveDelete
2022-01-04 15:53:55.152 DEBUG - Method not mapping with MethodMapper annotation: serveGet
2022-01-04 15:53:55.152 DEBUG - Method not mapping with MethodMapper annotation: servePost
2022-01-04 15:53:55.152 DEBUG - Method not mapping with MethodMapper annotation: serve
2022-01-04 15:53:55.152 DEBUG - Method not mapping with MethodMapper annotation: setFilters
2022-01-04 15:53:55.152 INFO  - Virtual host added - Server: leap2   Host: 192.168.1.60   Port: 8082   Doc-Root: home2   Logging path: logs/leap.log   Level: [DEBUG]
2022-01-04 15:53:55.158 INFO  - Accepting connections on port 8082
2022-01-04 15:53:55.163 INFO  - Accepting connections on port 8080
2022-01-04 15:53:57.952 INFO  - Client request accepted... : /127.0.0.1
2022-01-04 15:54:14.231 INFO  - Leap WAS server starting...
2022-01-04 15:54:14.233 INFO  - --------------------------------------------------------------------------
2022-01-04 15:54:14.234 INFO  - ThreadPool initialized - CORE: 50 MAX: 50 KEEP-ALIVE WHEN IDLE(seconds): 30
2022-01-04 15:54:14.234 INFO  - verbose mode on
2022-01-04 15:54:14.269 INFO  - Add service: org.chaostocosmos.leap.http.service.TimeServiceImpl  Mapping path: /time/GetTime
2022-01-04 15:54:14.270 DEBUG - Method not mapping with MethodMapper annotation: setFilters
2022-01-04 15:54:14.270 DEBUG - Method not mapping with MethodMapper annotation: serve
2022-01-04 15:54:14.270 DEBUG - Method not mapping with MethodMapper annotation: serveGet
2022-01-04 15:54:14.270 DEBUG - Method not mapping with MethodMapper annotation: servePut
2022-01-04 15:54:14.271 DEBUG - Method not mapping with MethodMapper annotation: serveDelete
2022-01-04 15:54:14.271 DEBUG - Method not mapping with MethodMapper annotation: servePost
2022-01-04 15:54:14.271 INFO  - Default host added - Server: leap   Host: localhost   Port: 8080   Doc-Root: home   Logging path: logs/leap.log   Level: [DEBUG]
2022-01-04 15:54:14.272 INFO  - Virtual host added - Server: leap1   Host: 127.0.0.1   Port: 8080   Doc-Root: home1   Logging path: logs/leap.log   Level: [DEBUG]
2022-01-04 15:54:14.278 INFO  - Add service: org.chaostocosmos.leap.http.service.TimeServiceImpl  Mapping path: /time/GetTime
2022-01-04 15:54:14.279 DEBUG - Method not mapping with MethodMapper annotation: setFilters
2022-01-04 15:54:14.279 DEBUG - Method not mapping with MethodMapper annotation: serve
2022-01-04 15:54:14.279 DEBUG - Method not mapping with MethodMapper annotation: serveGet
2022-01-04 15:54:14.279 DEBUG - Method not mapping with MethodMapper annotation: servePut
2022-01-04 15:54:14.279 DEBUG - Method not mapping with MethodMapper annotation: serveDelete
2022-01-04 15:54:14.280 DEBUG - Method not mapping with MethodMapper annotation: servePost
2022-01-04 15:54:14.280 INFO  - Virtual host added - Server: leap2   Host: 192.168.1.60   Port: 8082   Doc-Root: home2   Logging path: logs/leap.log   Level: [DEBUG]
2022-01-04 15:54:14.285 INFO  - Accepting connections on port 8082
2022-01-04 15:54:14.289 INFO  - Accepting connections on port 8080
2022-01-04 15:54:16.240 INFO  - Client request accepted... : /127.0.0.1
2022-01-04 15:54:46.123 INFO  - Leap WAS server starting...
2022-01-04 15:54:46.126 INFO  - --------------------------------------------------------------------------
2022-01-04 15:54:46.126 INFO  - ThreadPool initialized - CORE: 50 MAX: 50 KEEP-ALIVE WHEN IDLE(seconds): 30
2022-01-04 15:54:46.127 INFO  - verbose mode on
2022-01-04 15:54:46.160 INFO  - Add service: org.chaostocosmos.leap.http.service.TimeServiceImpl  Mapping path: /time/GetTime
2022-01-04 15:54:46.160 DEBUG - Method not mapping with MethodMapper annotation: setFilters
2022-01-04 15:54:46.160 DEBUG - Method not mapping with MethodMapper annotation: serve
2022-01-04 15:54:46.161 DEBUG - Method not mapping with MethodMapper annotation: servePost
2022-01-04 15:54:46.161 DEBUG - Method not mapping with MethodMapper annotation: serveGet
2022-01-04 15:54:46.161 DEBUG - Method not mapping with MethodMapper annotation: servePut
2022-01-04 15:54:46.161 DEBUG - Method not mapping with MethodMapper annotation: serveDelete
2022-01-04 15:54:46.161 INFO  - Default host added - Server: leap   Host: localhost   Port: 8080   Doc-Root: home   Logging path: logs/leap.log   Level: [DEBUG]
2022-01-04 15:54:46.163 INFO  - Virtual host added - Server: leap1   Host: 127.0.0.1   Port: 8080   Doc-Root: home1   Logging path: logs/leap.log   Level: [DEBUG]
2022-01-04 15:54:46.170 INFO  - Add service: org.chaostocosmos.leap.http.service.TimeServiceImpl  Mapping path: /time/GetTime
2022-01-04 15:54:46.171 DEBUG - Method not mapping with MethodMapper annotation: setFilters
2022-01-04 15:54:46.171 DEBUG - Method not mapping with MethodMapper annotation: serve
2022-01-04 15:54:46.171 DEBUG - Method not mapping with MethodMapper annotation: servePost
2022-01-04 15:54:46.171 DEBUG - Method not mapping with MethodMapper annotation: serveGet
2022-01-04 15:54:46.171 DEBUG - Method not mapping with MethodMapper annotation: servePut
2022-01-04 15:54:46.172 DEBUG - Method not mapping with MethodMapper annotation: serveDelete
2022-01-04 15:54:46.172 INFO  - Virtual host added - Server: leap2   Host: 192.168.1.60   Port: 8082   Doc-Root: home2   Logging path: logs/leap.log   Level: [DEBUG]
2022-01-04 15:54:46.176 INFO  - Accepting connections on port 8082
2022-01-04 15:54:46.180 INFO  - Accepting connections on port 8080
2022-01-04 15:54:48.081 INFO  - Client request accepted... : /127.0.0.1
2022-01-04 15:54:48.122 DEBUG - .\home\webapp\WEB-INF\static\response.html   response.html   .\home\webapp\WEB-INF\static
2022-01-04 15:59:31.568 INFO  - Leap WAS server starting...
2022-01-04 15:59:31.571 INFO  - --------------------------------------------------------------------------
2022-01-04 15:59:31.571 INFO  - ThreadPool initialized - CORE: 50 MAX: 50 KEEP-ALIVE WHEN IDLE(seconds): 30
2022-01-04 15:59:31.571 INFO  - verbose mode on
2022-01-04 15:59:31.616 INFO  - Add service: org.chaostocosmos.leap.http.service.TimeServiceImpl  Mapping path: /time/GetTime
2022-01-04 15:59:31.616 DEBUG - Method not mapping with MethodMapper annotation: serve
2022-01-04 15:59:31.616 DEBUG - Method not mapping with MethodMapper annotation: setFilters
2022-01-04 15:59:31.617 DEBUG - Method not mapping with MethodMapper annotation: servePut
2022-01-04 15:59:31.617 DEBUG - Method not mapping with MethodMapper annotation: serveDelete
2022-01-04 15:59:31.617 DEBUG - Method not mapping with MethodMapper annotation: servePost
2022-01-04 15:59:31.617 DEBUG - Method not mapping with MethodMapper annotation: serveGet
2022-01-04 15:59:31.617 INFO  - Default host added - Server: leap   Host: localhost   Port: 8080   Doc-Root: home   Logging path: logs/leap.log   Level: [DEBUG]
2022-01-04 15:59:31.619 INFO  - Virtual host added - Server: leap1   Host: 127.0.0.1   Port: 8080   Doc-Root: home1   Logging path: logs/leap.log   Level: [DEBUG]
2022-01-04 15:59:31.629 INFO  - Add service: org.chaostocosmos.leap.http.service.TimeServiceImpl  Mapping path: /time/GetTime
2022-01-04 15:59:31.629 DEBUG - Method not mapping with MethodMapper annotation: serve
2022-01-04 15:59:31.630 DEBUG - Method not mapping with MethodMapper annotation: setFilters
2022-01-04 15:59:31.630 DEBUG - Method not mapping with MethodMapper annotation: servePut
2022-01-04 15:59:31.630 DEBUG - Method not mapping with MethodMapper annotation: serveDelete
2022-01-04 15:59:31.631 DEBUG - Method not mapping with MethodMapper annotation: servePost
2022-01-04 15:59:31.631 DEBUG - Method not mapping with MethodMapper annotation: serveGet
2022-01-04 15:59:31.631 INFO  - Virtual host added - Server: leap2   Host: 192.168.1.60   Port: 8082   Doc-Root: home2   Logging path: logs/leap.log   Level: [DEBUG]
2022-01-04 15:59:31.638 INFO  - Accepting connections on port 8082
2022-01-04 15:59:31.642 INFO  - Accepting connections on port 8080
2022-01-04 15:59:33.862 INFO  - Client request accepted... : /127.0.0.1
2022-01-04 15:59:33.897 DEBUG - .\home\webapp\WEB-INF\static\response.html   response.html   .\home\webapp\WEB-INF\static
