2022-01-12 09:07:56.212 INFO  - Leap WAS server starting...
2022-01-12 09:07:56.219 INFO  - --------------------------------------------------------------------------
2022-01-12 09:07:56.220 INFO  - ThreadPool initialized - CORE: 50 MAX: 50 KEEP-ALIVE WHEN IDLE(seconds): 30
2022-01-12 09:07:56.221 INFO  - verbose mode on
2022-01-12 09:07:56.261 DEBUG - Service not mapping with ServiceMapper annotation: org.chaostocosmos.leap.http.service.DeployService
2022-01-12 09:07:56.276 INFO  - Add service: org.chaostocosmos.leap.http.service.TimeServiceImpl  Mapping path: /time/GetTime
2022-01-12 09:07:56.277 DEBUG - Method not mapping with MethodMapper annotation: serveDelete
2022-01-12 09:07:56.278 DEBUG - Method not mapping with MethodMapper annotation: serveGet
2022-01-12 09:07:56.278 DEBUG - Method not mapping with MethodMapper annotation: servePost
2022-01-12 09:07:56.278 DEBUG - Method not mapping with MethodMapper annotation: servePut
2022-01-12 09:07:56.278 DEBUG - Method not mapping with MethodMapper annotation: serve
2022-01-12 09:07:56.279 DEBUG - Method not mapping with MethodMapper annotation: setFilters
2022-01-12 09:07:56.279 INFO  - Default host added - Server: leap   Host: localhost   Port: 8080   Doc-Root: home   Logging path: logs/leap.log   Level: [DEBUG]
2022-01-12 09:07:56.290 DEBUG - Service not mapping with ServiceMapper annotation: org.chaostocosmos.leap.http.service.DeployService
2022-01-12 09:07:56.291 INFO  - Add service: org.chaostocosmos.leap.http.service.TimeServiceImpl  Mapping path: /time/GetTime
2022-01-12 09:07:56.291 DEBUG - Method not mapping with MethodMapper annotation: serveDelete
2022-01-12 09:07:56.291 DEBUG - Method not mapping with MethodMapper annotation: serveGet
2022-01-12 09:07:56.291 DEBUG - Method not mapping with MethodMapper annotation: servePost
2022-01-12 09:07:56.292 DEBUG - Method not mapping with MethodMapper annotation: servePut
2022-01-12 09:07:56.292 DEBUG - Method not mapping with MethodMapper annotation: serve
2022-01-12 09:07:56.292 DEBUG - Method not mapping with MethodMapper annotation: setFilters
2022-01-12 09:07:56.292 INFO  - Virtual host added - Server: leap2   Host: 192.168.1.28   Port: 8082   Doc-Root: home2   Logging path: logs/leap.log   Level: [DEBUG]
2022-01-12 09:07:56.293 INFO  - Virtual host added - Server: leap1   Host: 127.0.0.1   Port: 8080   Doc-Root: home1   Logging path: logs/leap.log   Level: [DEBUG]
2022-01-12 09:07:56.299 INFO  - Accepting connections on port 8082
2022-01-12 09:07:56.304 INFO  - Accepting connections on port 8080
2022-01-12 09:08:00.580 INFO  - Host: localhost:8080  Client request accepted... : /127.0.0.1
2022-01-12 09:09:33.574 INFO  - Leap WAS server starting...
2022-01-12 09:09:33.578 INFO  - --------------------------------------------------------------------------
2022-01-12 09:09:33.578 INFO  - ThreadPool initialized - CORE: 50 MAX: 50 KEEP-ALIVE WHEN IDLE(seconds): 30
2022-01-12 09:09:33.578 INFO  - verbose mode on
2022-01-12 09:09:33.622 INFO  - Add service: org.chaostocosmos.leap.http.service.TimeServiceImpl  Mapping path: /time/GetTime
2022-01-12 09:09:33.622 DEBUG - Method not mapping with MethodMapper annotation: setFilters
2022-01-12 09:09:33.623 DEBUG - Method not mapping with MethodMapper annotation: serve
2022-01-12 09:09:33.623 DEBUG - Method not mapping with MethodMapper annotation: servePost
2022-01-12 09:09:33.623 DEBUG - Method not mapping with MethodMapper annotation: servePut
2022-01-12 09:09:33.623 DEBUG - Method not mapping with MethodMapper annotation: serveGet
2022-01-12 09:09:33.624 DEBUG - Method not mapping with MethodMapper annotation: serveDelete
2022-01-12 09:09:33.624 DEBUG - Service not mapping with ServiceMapper annotation: org.chaostocosmos.leap.http.service.DeployService
2022-01-12 09:09:33.624 INFO  - Default host added - Server: leap   Host: localhost   Port: 8080   Doc-Root: home   Logging path: logs/leap.log   Level: [DEBUG]
2022-01-12 09:09:33.633 INFO  - Add service: org.chaostocosmos.leap.http.service.TimeServiceImpl  Mapping path: /time/GetTime
2022-01-12 09:09:33.634 DEBUG - Method not mapping with MethodMapper annotation: setFilters
2022-01-12 09:09:33.634 DEBUG - Method not mapping with MethodMapper annotation: serve
2022-01-12 09:09:33.634 DEBUG - Method not mapping with MethodMapper annotation: servePost
2022-01-12 09:09:33.635 DEBUG - Method not mapping with MethodMapper annotation: servePut
2022-01-12 09:09:33.635 DEBUG - Method not mapping with MethodMapper annotation: serveGet
2022-01-12 09:09:33.635 DEBUG - Method not mapping with MethodMapper annotation: serveDelete
2022-01-12 09:09:33.635 DEBUG - Service not mapping with ServiceMapper annotation: org.chaostocosmos.leap.http.service.DeployService
2022-01-12 09:09:33.635 INFO  - Virtual host added - Server: leap2   Host: 192.168.1.28   Port: 8082   Doc-Root: home2   Logging path: logs/leap.log   Level: [DEBUG]
2022-01-12 09:09:33.636 INFO  - Virtual host added - Server: leap1   Host: 127.0.0.1   Port: 8080   Doc-Root: home1   Logging path: logs/leap.log   Level: [DEBUG]
2022-01-12 09:09:33.641 INFO  - Accepting connections on port 8082
2022-01-12 09:09:33.646 INFO  - Accepting connections on port 8080
2022-01-12 09:09:35.977 INFO  - Host: localhost:8080  Client request accepted... : /127.0.0.1
2022-01-12 09:09:36.085 DEBUG - Request host: localhost
2022-01-12 09:09:36.086 DEBUG - Accept: */*
User-Agent: PostmanRuntime/7.28.4
Connection: keep-alive
Postman-Token: e95efd20-5e4a-462f-aa0d-4fc1d4d9eff8
Host: localhost:8080
Accept-Encoding: gzip, deflate, br
Content-Length: 103142
@Client: localhost
Content-Type: multipart/form-data; boundary=--------------------------059984479749069153978637
2022-01-12 09:09:36.088 DEBUG - .\home\webapp\WEB-INF\static\index.html   index.html   .\home\webapp\WEB-INF\static
2022-01-12 09:09:36.100 DEBUG - { httpRequestDescriptor='{ httpRequest='http://localhost:8080/ GET', httpVersion='HTTP/1.1', requestType='GET', requestedHost='localhost', reqHeader='{Accept=*/*, User-Agent=PostmanRuntime/7.28.4, Connection=keep-alive, Postman-Token=e95efd20-5e4a-462f-aa0d-4fc1d4d9eff8, Host=localhost:8080, Accept-Encoding=gzip, deflate, br, Content-Length=103142, @Client=localhost, Content-Type=multipart/form-data; boundary=--------------------------059984479749069153978637}', contentType='multipart/form-data', reqBody='null', contextPath='/', url='http://localhost:8080/', contextParam='{}', multipartList='org.chaostocosmos.leap.http.HttpRequestDescriptor$MultipartDescriptor@4e4c9525'}', httpResponse='null', requestedHost='localhost', responseCode='200', responseBody='[B@77ea37e', responseHeader='{Server=LeapWAS 1.0.0, Date=Wed Jan 12 09:09:36 KST 2022}'}
2022-01-12 09:10:29.173 INFO  - Leap WAS server starting...
2022-01-12 09:10:29.176 INFO  - --------------------------------------------------------------------------
2022-01-12 09:10:29.177 INFO  - ThreadPool initialized - CORE: 50 MAX: 50 KEEP-ALIVE WHEN IDLE(seconds): 30
2022-01-12 09:10:29.177 INFO  - verbose mode on
2022-01-12 09:10:29.214 INFO  - Add service: org.chaostocosmos.leap.http.service.TimeServiceImpl  Mapping path: /time/GetTime
2022-01-12 09:10:29.229 DEBUG - Method not mapping with MethodMapper annotation: serve
2022-01-12 09:10:29.237 DEBUG - Method not mapping with MethodMapper annotation: setFilters
2022-01-12 09:10:29.242 DEBUG - Method not mapping with MethodMapper annotation: serveGet
2022-01-12 09:10:29.256 DEBUG - Method not mapping with MethodMapper annotation: servePost
2022-01-12 09:10:29.256 DEBUG - Method not mapping with MethodMapper annotation: servePut
2022-01-12 09:10:29.257 DEBUG - Method not mapping with MethodMapper annotation: serveDelete
2022-01-12 09:10:29.257 DEBUG - Service not mapping with ServiceMapper annotation: org.chaostocosmos.leap.http.service.DeployService
2022-01-12 09:10:29.257 INFO  - Default host added - Server: leap   Host: localhost   Port: 8080   Doc-Root: home   Logging path: logs/leap.log   Level: [DEBUG]
2022-01-12 09:10:29.266 INFO  - Add service: org.chaostocosmos.leap.http.service.TimeServiceImpl  Mapping path: /time/GetTime
2022-01-12 09:10:29.267 DEBUG - Method not mapping with MethodMapper annotation: serve
2022-01-12 09:10:29.267 DEBUG - Method not mapping with MethodMapper annotation: setFilters
2022-01-12 09:10:29.267 DEBUG - Method not mapping with MethodMapper annotation: serveGet
2022-01-12 09:10:29.267 DEBUG - Method not mapping with MethodMapper annotation: servePost
2022-01-12 09:10:29.268 DEBUG - Method not mapping with MethodMapper annotation: servePut
2022-01-12 09:10:29.268 DEBUG - Method not mapping with MethodMapper annotation: serveDelete
2022-01-12 09:10:29.268 DEBUG - Service not mapping with ServiceMapper annotation: org.chaostocosmos.leap.http.service.DeployService
2022-01-12 09:10:29.268 INFO  - Virtual host added - Server: leap2   Host: 192.168.1.28   Port: 8082   Doc-Root: home2   Logging path: logs/leap.log   Level: [DEBUG]
2022-01-12 09:10:29.268 INFO  - Virtual host added - Server: leap1   Host: 127.0.0.1   Port: 8080   Doc-Root: home1   Logging path: logs/leap.log   Level: [DEBUG]
2022-01-12 09:10:29.274 INFO  - Accepting connections on port 8082
2022-01-12 09:10:29.280 INFO  - Accepting connections on port 8080
2022-01-12 09:10:31.518 INFO  - Host: localhost:8080  Client request accepted... : /127.0.0.1
2022-01-12 09:10:31.634 DEBUG - Request host: localhost
2022-01-12 09:10:31.635 DEBUG - Accept: */*
User-Agent: PostmanRuntime/7.28.4
Connection: keep-alive
Postman-Token: f804180c-779d-4de3-9b1f-8206ce40d6b4
Host: localhost:8080
Accept-Encoding: gzip, deflate, br
Content-Length: 103142
@Client: localhost
Content-Type: multipart/form-data; boundary=--------------------------994565189725691650663873
2022-01-12 09:10:31.637 DEBUG - .\home\webapp\WEB-INF\static\index.html   index.html   .\home\webapp\WEB-INF\static
2022-01-12 09:10:31.651 DEBUG - { httpRequestDescriptor='{ httpRequest='http://localhost:8080/ GET', httpVersion='HTTP/1.1', requestType='GET', requestedHost='localhost', reqHeader='{Accept=*/*, User-Agent=PostmanRuntime/7.28.4, Connection=keep-alive, Postman-Token=f804180c-779d-4de3-9b1f-8206ce40d6b4, Host=localhost:8080, Accept-Encoding=gzip, deflate, br, Content-Length=103142, @Client=localhost, Content-Type=multipart/form-data; boundary=--------------------------994565189725691650663873}', contentType='multipart/form-data', reqBody='null', contextPath='/', url='http://localhost:8080/', contextParam='{}', multipartList='org.chaostocosmos.leap.http.HttpRequestDescriptor$MultipartDescriptor@620f4b9b'}', httpResponse='null', requestedHost='localhost', responseCode='200', responseBody='[B@b0cdf38', responseHeader='{Server=LeapWAS 1.0.0, Date=Wed Jan 12 09:10:31 KST 2022}'}
2022-01-12 09:11:39.462 INFO  - Leap WAS server starting...
2022-01-12 09:11:39.466 INFO  - --------------------------------------------------------------------------
2022-01-12 09:11:39.467 INFO  - ThreadPool initialized - CORE: 50 MAX: 50 KEEP-ALIVE WHEN IDLE(seconds): 30
2022-01-12 09:11:39.467 INFO  - verbose mode on
2022-01-12 09:11:39.513 INFO  - Add service: org.chaostocosmos.leap.http.service.TimeServiceImpl  Mapping path: /time/GetTime
2022-01-12 09:11:39.513 DEBUG - Method not mapping with MethodMapper annotation: serveGet
2022-01-12 09:11:39.514 DEBUG - Method not mapping with MethodMapper annotation: servePut
2022-01-12 09:11:39.514 DEBUG - Method not mapping with MethodMapper annotation: serveDelete
2022-01-12 09:11:39.514 DEBUG - Method not mapping with MethodMapper annotation: servePost
2022-01-12 09:11:39.514 DEBUG - Method not mapping with MethodMapper annotation: setFilters
2022-01-12 09:11:39.514 DEBUG - Method not mapping with MethodMapper annotation: serve
2022-01-12 09:11:39.515 DEBUG - Service not mapping with ServiceMapper annotation: org.chaostocosmos.leap.http.service.DeployService
2022-01-12 09:11:39.515 INFO  - Default host added - Server: leap   Host: localhost   Port: 8080   Doc-Root: home   Logging path: logs/leap.log   Level: [DEBUG]
2022-01-12 09:11:39.527 INFO  - Add service: org.chaostocosmos.leap.http.service.TimeServiceImpl  Mapping path: /time/GetTime
2022-01-12 09:11:39.529 DEBUG - Method not mapping with MethodMapper annotation: serveGet
2022-01-12 09:11:39.529 DEBUG - Method not mapping with MethodMapper annotation: servePut
2022-01-12 09:11:39.530 DEBUG - Method not mapping with MethodMapper annotation: serveDelete
2022-01-12 09:11:39.530 DEBUG - Method not mapping with MethodMapper annotation: servePost
2022-01-12 09:11:39.530 DEBUG - Method not mapping with MethodMapper annotation: setFilters
2022-01-12 09:11:39.531 DEBUG - Method not mapping with MethodMapper annotation: serve
2022-01-12 09:11:39.531 DEBUG - Service not mapping with ServiceMapper annotation: org.chaostocosmos.leap.http.service.DeployService
2022-01-12 09:11:39.531 INFO  - Virtual host added - Server: leap2   Host: 192.168.1.28   Port: 8082   Doc-Root: home2   Logging path: logs/leap.log   Level: [DEBUG]
2022-01-12 09:11:39.531 INFO  - Virtual host added - Server: leap1   Host: 127.0.0.1   Port: 8080   Doc-Root: home1   Logging path: logs/leap.log   Level: [DEBUG]
2022-01-12 09:11:39.540 INFO  - Accepting connections on port 8082
2022-01-12 09:11:39.545 INFO  - Accepting connections on port 8080
2022-01-12 09:11:44.362 INFO  - Host: localhost:8080  Client request accepted... : /127.0.0.1
2022-01-12 09:11:44.465 DEBUG - Request host: localhost
2022-01-12 09:11:44.466 DEBUG - Accept: */*
User-Agent: PostmanRuntime/7.28.4
Connection: keep-alive
Postman-Token: 4e243cff-1c68-4d3b-b3c2-35262308d01f
Host: localhost:8080
Accept-Encoding: gzip, deflate, br
Content-Length: 103142
@Client: localhost
Content-Type: multipart/form-data; boundary=--------------------------182433896450506208202015
2022-01-12 09:11:44.468 DEBUG - .\home\webapp\WEB-INF\static\index.html   index.html   .\home\webapp\WEB-INF\static
2022-01-12 09:11:44.482 DEBUG - { httpRequestDescriptor='{ httpRequest='http://localhost:8080/ GET', httpVersion='HTTP/1.1', requestType='GET', requestedHost='localhost', reqHeader='{Accept=*/*, User-Agent=PostmanRuntime/7.28.4, Connection=keep-alive, Postman-Token=4e243cff-1c68-4d3b-b3c2-35262308d01f, Host=localhost:8080, Accept-Encoding=gzip, deflate, br, Content-Length=103142, @Client=localhost, Content-Type=multipart/form-data; boundary=--------------------------182433896450506208202015}', contentType='multipart/form-data', reqBody='null', contextPath='/', url='http://localhost:8080/', contextParam='{}', multipartList='org.chaostocosmos.leap.http.HttpRequestDescriptor$MultipartDescriptor@487e17e2'}', httpResponse='null', requestedHost='localhost', responseCode='200', responseBody='[B@1254e4cc', responseHeader='{Server=LeapWAS 1.0.0, Date=Wed Jan 12 09:11:44 KST 2022}'}
2022-01-12 09:15:21.486 INFO  - Leap WAS server starting...
2022-01-12 09:15:21.489 INFO  - --------------------------------------------------------------------------
2022-01-12 09:15:21.490 INFO  - ThreadPool initialized - CORE: 50 MAX: 50 KEEP-ALIVE WHEN IDLE(seconds): 30
2022-01-12 09:15:21.490 INFO  - verbose mode on
2022-01-12 09:15:21.525 INFO  - Add service: org.chaostocosmos.leap.http.service.TimeServiceImpl  Mapping path: /time/GetTime
2022-01-12 09:15:21.526 DEBUG - Method not mapping with MethodMapper annotation: serve
2022-01-12 09:15:21.526 DEBUG - Method not mapping with MethodMapper annotation: setFilters
2022-01-12 09:15:21.526 DEBUG - Method not mapping with MethodMapper annotation: serveGet
2022-01-12 09:15:21.527 DEBUG - Method not mapping with MethodMapper annotation: servePost
2022-01-12 09:15:21.527 DEBUG - Method not mapping with MethodMapper annotation: serveDelete
2022-01-12 09:15:21.527 DEBUG - Method not mapping with MethodMapper annotation: servePut
2022-01-12 09:15:21.527 DEBUG - Service not mapping with ServiceMapper annotation: org.chaostocosmos.leap.http.service.DeployService
2022-01-12 09:15:21.527 INFO  - Default host added - Server: leap   Host: localhost   Port: 8080   Doc-Root: home   Logging path: logs/leap.log   Level: [DEBUG]
2022-01-12 09:15:21.535 INFO  - Add service: org.chaostocosmos.leap.http.service.TimeServiceImpl  Mapping path: /time/GetTime
2022-01-12 09:15:21.536 DEBUG - Method not mapping with MethodMapper annotation: serve
2022-01-12 09:15:21.536 DEBUG - Method not mapping with MethodMapper annotation: setFilters
2022-01-12 09:15:21.536 DEBUG - Method not mapping with MethodMapper annotation: serveGet
2022-01-12 09:15:21.536 DEBUG - Method not mapping with MethodMapper annotation: servePost
2022-01-12 09:15:21.537 DEBUG - Method not mapping with MethodMapper annotation: serveDelete
2022-01-12 09:15:21.537 DEBUG - Method not mapping with MethodMapper annotation: servePut
2022-01-12 09:15:21.537 DEBUG - Service not mapping with ServiceMapper annotation: org.chaostocosmos.leap.http.service.DeployService
2022-01-12 09:15:21.537 INFO  - Virtual host added - Server: leap2   Host: 192.168.1.28   Port: 8082   Doc-Root: home2   Logging path: logs/leap.log   Level: [DEBUG]
2022-01-12 09:15:21.538 INFO  - Virtual host added - Server: leap1   Host: 127.0.0.1   Port: 8080   Doc-Root: home1   Logging path: logs/leap.log   Level: [DEBUG]
2022-01-12 09:15:21.543 INFO  - Accepting connections on port 8082
2022-01-12 09:15:21.547 INFO  - Accepting connections on port 8080
2022-01-12 09:15:24.505 INFO  - Host: localhost:8080  Client request accepted... : /127.0.0.1
2022-01-12 09:15:24.623 DEBUG - Request host: localhost
2022-01-12 09:15:24.625 DEBUG - Accept: */*
User-Agent: PostmanRuntime/7.28.4
Connection: keep-alive
Postman-Token: d0c50237-8dc4-4783-bb71-9325dcf54cf7
Host: localhost:8080
Accept-Encoding: gzip, deflate, br
Content-Length: 103142
@Client: localhost
Content-Type: multipart/form-data; boundary=--------------------------124269807893474351033831
2022-01-12 09:15:24.627 DEBUG - .\home\webapp\WEB-INF\static\index.html   index.html   .\home\webapp\WEB-INF\static
2022-01-12 09:15:24.642 DEBUG - { httpRequestDescriptor='{ httpRequest='http://localhost:8080/ GET', httpVersion='HTTP/1.1', requestType='GET', requestedHost='localhost', reqHeader='{Accept=*/*, User-Agent=PostmanRuntime/7.28.4, Connection=keep-alive, Postman-Token=d0c50237-8dc4-4783-bb71-9325dcf54cf7, Host=localhost:8080, Accept-Encoding=gzip, deflate, br, Content-Length=103142, @Client=localhost, Content-Type=multipart/form-data; boundary=--------------------------124269807893474351033831}', contentType='multipart/form-data', reqBody='null', contextPath='/', url='http://localhost:8080/', contextParam='{}', multipartList='org.chaostocosmos.leap.http.HttpRequestDescriptor$MultipartDescriptor@638c53e6'}', httpResponse='null', requestedHost='localhost', responseCode='200', responseBody='[B@3381f953', responseHeader='{Server=LeapWAS 1.0.0, Date=Wed Jan 12 09:15:24 KST 2022}'}
2022-01-12 09:15:53.598 INFO  - Leap WAS server starting...
2022-01-12 09:15:53.603 INFO  - --------------------------------------------------------------------------
2022-01-12 09:15:53.603 INFO  - ThreadPool initialized - CORE: 50 MAX: 50 KEEP-ALIVE WHEN IDLE(seconds): 30
2022-01-12 09:15:53.604 INFO  - verbose mode on
2022-01-12 09:15:53.645 INFO  - Add service: org.chaostocosmos.leap.http.service.TimeServiceImpl  Mapping path: /time/GetTime
2022-01-12 09:15:53.645 DEBUG - Method not mapping with MethodMapper annotation: setFilters
2022-01-12 09:15:53.645 DEBUG - Method not mapping with MethodMapper annotation: serve
2022-01-12 09:15:53.645 DEBUG - Method not mapping with MethodMapper annotation: servePut
2022-01-12 09:15:53.647 DEBUG - Method not mapping with MethodMapper annotation: servePost
2022-01-12 09:15:53.647 DEBUG - Method not mapping with MethodMapper annotation: serveGet
2022-01-12 09:15:53.647 DEBUG - Method not mapping with MethodMapper annotation: serveDelete
2022-01-12 09:15:53.647 DEBUG - Service not mapping with ServiceMapper annotation: org.chaostocosmos.leap.http.service.DeployService
2022-01-12 09:15:53.648 INFO  - Default host added - Server: leap   Host: localhost   Port: 8080   Doc-Root: home   Logging path: logs/leap.log   Level: [DEBUG]
2022-01-12 09:15:53.659 INFO  - Add service: org.chaostocosmos.leap.http.service.TimeServiceImpl  Mapping path: /time/GetTime
2022-01-12 09:15:53.660 DEBUG - Method not mapping with MethodMapper annotation: setFilters
2022-01-12 09:15:53.660 DEBUG - Method not mapping with MethodMapper annotation: serve
2022-01-12 09:15:53.661 DEBUG - Method not mapping with MethodMapper annotation: servePut
2022-01-12 09:15:53.661 DEBUG - Method not mapping with MethodMapper annotation: servePost
2022-01-12 09:15:53.661 DEBUG - Method not mapping with MethodMapper annotation: serveGet
2022-01-12 09:15:53.661 DEBUG - Method not mapping with MethodMapper annotation: serveDelete
2022-01-12 09:15:53.661 DEBUG - Service not mapping with ServiceMapper annotation: org.chaostocosmos.leap.http.service.DeployService
2022-01-12 09:15:53.662 INFO  - Virtual host added - Server: leap2   Host: 192.168.1.28   Port: 8082   Doc-Root: home2   Logging path: logs/leap.log   Level: [DEBUG]
2022-01-12 09:15:53.662 INFO  - Virtual host added - Server: leap1   Host: 127.0.0.1   Port: 8080   Doc-Root: home1   Logging path: logs/leap.log   Level: [DEBUG]
2022-01-12 09:15:53.668 INFO  - Accepting connections on port 8082
2022-01-12 09:15:53.672 INFO  - Accepting connections on port 8080
2022-01-12 09:15:56.246 INFO  - Host: localhost:8080  Client request accepted... : /127.0.0.1
2022-01-12 09:15:56.348 DEBUG - Request host: localhost
2022-01-12 09:15:56.351 DEBUG - Accept: */*
User-Agent: PostmanRuntime/7.28.4
Connection: keep-alive
Postman-Token: bb1183ad-3770-4126-94c7-300adca28209
Host: localhost:8080
Accept-Encoding: gzip, deflate, br
Content-Length: 103142
@Client: localhost
Content-Type: multipart/form-data; boundary=--------------------------375102496707150160525493
2022-01-12 09:15:56.353 DEBUG - .\home\webapp\WEB-INF\static\index.html   index.html   .\home\webapp\WEB-INF\static
2022-01-12 09:15:56.364 DEBUG - { httpRequestDescriptor='{ httpRequest='http://localhost:8080/ GET', httpVersion='HTTP/1.1', requestType='GET', requestedHost='localhost', reqHeader='{Accept=*/*, User-Agent=PostmanRuntime/7.28.4, Connection=keep-alive, Postman-Token=bb1183ad-3770-4126-94c7-300adca28209, Host=localhost:8080, Accept-Encoding=gzip, deflate, br, Content-Length=103142, @Client=localhost, Content-Type=multipart/form-data; boundary=--------------------------375102496707150160525493}', contentType='multipart/form-data', reqBody='null', contextPath='/', url='http://localhost:8080/', contextParam='{}', multipartList='org.chaostocosmos.leap.http.HttpRequestDescriptor$MultipartDescriptor@5cd89572'}', httpResponse='null', requestedHost='localhost', responseCode='200', responseBody='[B@7a8755fe', responseHeader='{Server=LeapWAS 1.0.0, Date=Wed Jan 12 09:15:56 KST 2022}'}
2022-01-12 09:16:05.592 INFO  - Leap WAS server starting...
2022-01-12 09:16:05.595 INFO  - --------------------------------------------------------------------------
2022-01-12 09:16:05.596 INFO  - ThreadPool initialized - CORE: 50 MAX: 50 KEEP-ALIVE WHEN IDLE(seconds): 30
2022-01-12 09:16:05.596 INFO  - verbose mode on
2022-01-12 09:16:05.659 INFO  - Add service: org.chaostocosmos.leap.http.service.TimeServiceImpl  Mapping path: /time/GetTime
2022-01-12 09:16:05.659 DEBUG - Method not mapping with MethodMapper annotation: serve
2022-01-12 09:16:05.660 DEBUG - Method not mapping with MethodMapper annotation: setFilters
2022-01-12 09:16:05.660 DEBUG - Method not mapping with MethodMapper annotation: servePut
2022-01-12 09:16:05.660 DEBUG - Method not mapping with MethodMapper annotation: serveGet
2022-01-12 09:16:05.661 DEBUG - Method not mapping with MethodMapper annotation: serveDelete
2022-01-12 09:16:05.661 DEBUG - Method not mapping with MethodMapper annotation: servePost
2022-01-12 09:16:05.661 DEBUG - Service not mapping with ServiceMapper annotation: org.chaostocosmos.leap.http.service.DeployService
2022-01-12 09:16:05.662 INFO  - Default host added - Server: leap   Host: localhost   Port: 8080   Doc-Root: home   Logging path: logs/leap.log   Level: [DEBUG]
2022-01-12 09:16:05.694 INFO  - Add service: org.chaostocosmos.leap.http.service.TimeServiceImpl  Mapping path: /time/GetTime
2022-01-12 09:16:05.695 DEBUG - Method not mapping with MethodMapper annotation: serve
2022-01-12 09:16:05.695 DEBUG - Method not mapping with MethodMapper annotation: setFilters
2022-01-12 09:16:05.695 DEBUG - Method not mapping with MethodMapper annotation: servePut
2022-01-12 09:16:05.695 DEBUG - Method not mapping with MethodMapper annotation: serveGet
2022-01-12 09:16:05.695 DEBUG - Method not mapping with MethodMapper annotation: serveDelete
2022-01-12 09:16:05.696 DEBUG - Method not mapping with MethodMapper annotation: servePost
2022-01-12 09:16:05.696 DEBUG - Service not mapping with ServiceMapper annotation: org.chaostocosmos.leap.http.service.DeployService
2022-01-12 09:16:05.696 INFO  - Virtual host added - Server: leap2   Host: 192.168.1.28   Port: 8082   Doc-Root: home2   Logging path: logs/leap.log   Level: [DEBUG]
2022-01-12 09:16:05.697 INFO  - Virtual host added - Server: leap1   Host: 127.0.0.1   Port: 8080   Doc-Root: home1   Logging path: logs/leap.log   Level: [DEBUG]
2022-01-12 09:16:05.702 INFO  - Accepting connections on port 8082
2022-01-12 09:16:05.732 INFO  - Accepting connections on port 8080
2022-01-12 09:16:07.793 INFO  - Host: localhost:8080  Client request accepted... : /127.0.0.1
2022-01-12 09:16:07.872 DEBUG - Request host: localhost
2022-01-12 09:16:07.873 DEBUG - Accept: */*
User-Agent: PostmanRuntime/7.28.4
Connection: keep-alive
Postman-Token: 69269220-5a9d-42c1-8a75-db86a0b83faf
Host: localhost:8080
Accept-Encoding: gzip, deflate, br
Content-Length: 103142
@Client: localhost
Content-Type: multipart/form-data; boundary=--------------------------502627763477608661882246
2022-01-12 09:16:07.875 DEBUG - .\home\webapp\WEB-INF\static\index.html   index.html   .\home\webapp\WEB-INF\static
2022-01-12 09:16:07.889 DEBUG - { httpRequestDescriptor='{ httpRequest='http://localhost:8080/ GET', httpVersion='HTTP/1.1', requestType='GET', requestedHost='localhost', reqHeader='{Accept=*/*, User-Agent=PostmanRuntime/7.28.4, Connection=keep-alive, Postman-Token=69269220-5a9d-42c1-8a75-db86a0b83faf, Host=localhost:8080, Accept-Encoding=gzip, deflate, br, Content-Length=103142, @Client=localhost, Content-Type=multipart/form-data; boundary=--------------------------502627763477608661882246}', contentType='multipart/form-data', reqBody='null', contextPath='/', url='http://localhost:8080/', contextParam='{}', multipartList='org.chaostocosmos.leap.http.HttpRequestDescriptor$MultipartDescriptor@5cd89572'}', httpResponse='null', requestedHost='localhost', responseCode='200', responseBody='[B@7a8755fe', responseHeader='{Server=LeapWAS 1.0.0, Date=Wed Jan 12 09:16:07 KST 2022}'}
2022-01-12 09:16:51.402 INFO  - Leap WAS server starting...
2022-01-12 09:16:51.406 INFO  - --------------------------------------------------------------------------
2022-01-12 09:16:51.406 INFO  - ThreadPool initialized - CORE: 50 MAX: 50 KEEP-ALIVE WHEN IDLE(seconds): 30
2022-01-12 09:16:51.406 INFO  - verbose mode on
2022-01-12 09:16:51.441 INFO  - Add service: org.chaostocosmos.leap.http.service.TimeServiceImpl  Mapping path: /time/GetTime
2022-01-12 09:16:51.441 DEBUG - Method not mapping with MethodMapper annotation: setFilters
2022-01-12 09:16:51.442 DEBUG - Method not mapping with MethodMapper annotation: serve
2022-01-12 09:16:51.442 DEBUG - Method not mapping with MethodMapper annotation: serveDelete
2022-01-12 09:16:51.442 DEBUG - Method not mapping with MethodMapper annotation: servePut
2022-01-12 09:16:51.442 DEBUG - Method not mapping with MethodMapper annotation: servePost
2022-01-12 09:16:51.443 DEBUG - Method not mapping with MethodMapper annotation: serveGet
2022-01-12 09:16:51.443 DEBUG - Service not mapping with ServiceMapper annotation: org.chaostocosmos.leap.http.service.DeployService
2022-01-12 09:16:51.443 INFO  - Default host added - Server: leap   Host: localhost   Port: 8080   Doc-Root: home   Logging path: logs/leap.log   Level: [DEBUG]
2022-01-12 09:16:51.452 INFO  - Add service: org.chaostocosmos.leap.http.service.TimeServiceImpl  Mapping path: /time/GetTime
2022-01-12 09:16:51.452 DEBUG - Method not mapping with MethodMapper annotation: setFilters
2022-01-12 09:16:51.452 DEBUG - Method not mapping with MethodMapper annotation: serve
2022-01-12 09:16:51.453 DEBUG - Method not mapping with MethodMapper annotation: serveDelete
2022-01-12 09:16:51.453 DEBUG - Method not mapping with MethodMapper annotation: servePut
2022-01-12 09:16:51.453 DEBUG - Method not mapping with MethodMapper annotation: servePost
2022-01-12 09:16:51.454 DEBUG - Method not mapping with MethodMapper annotation: serveGet
2022-01-12 09:16:51.454 DEBUG - Service not mapping with ServiceMapper annotation: org.chaostocosmos.leap.http.service.DeployService
2022-01-12 09:16:51.454 INFO  - Virtual host added - Server: leap2   Host: 192.168.1.28   Port: 8082   Doc-Root: home2   Logging path: logs/leap.log   Level: [DEBUG]
2022-01-12 09:16:51.454 INFO  - Virtual host added - Server: leap1   Host: 127.0.0.1   Port: 8080   Doc-Root: home1   Logging path: logs/leap.log   Level: [DEBUG]
2022-01-12 09:16:51.459 INFO  - Accepting connections on port 8082
2022-01-12 09:16:51.463 INFO  - Accepting connections on port 8080
2022-01-12 09:16:53.267 INFO  - Host: localhost:8080  Client request accepted... : /127.0.0.1
2022-01-12 09:16:53.328 DEBUG - Request host: localhost
2022-01-12 09:16:53.329 DEBUG - Accept: */*
User-Agent: PostmanRuntime/7.28.4
Connection: keep-alive
Postman-Token: 0d4def9b-6dbd-47ce-9901-5d7254d7a2b6
Host: localhost:8080
Accept-Encoding: gzip, deflate, br
Content-Length: 103142
@Client: localhost
Content-Type: multipart/form-data; boundary=--------------------------002363693286589855651304
2022-01-12 09:16:53.331 DEBUG - .\home\webapp\WEB-INF\static\index.html   index.html   .\home\webapp\WEB-INF\static
2022-01-12 09:16:53.357 DEBUG - { httpRequestDescriptor='{ httpRequest='http://localhost:8080/ GET', httpVersion='HTTP/1.1', requestType='GET', requestedHost='localhost', reqHeader='{Accept=*/*, User-Agent=PostmanRuntime/7.28.4, Connection=keep-alive, Postman-Token=0d4def9b-6dbd-47ce-9901-5d7254d7a2b6, Host=localhost:8080, Accept-Encoding=gzip, deflate, br, Content-Length=103142, @Client=localhost, Content-Type=multipart/form-data; boundary=--------------------------002363693286589855651304}', contentType='multipart/form-data', reqBody='null', contextPath='/', url='http://localhost:8080/', contextParam='{}', multipartList='org.chaostocosmos.leap.http.HttpRequestDescriptor$MultipartDescriptor@2c4f0bb'}', httpResponse='null', requestedHost='localhost', responseCode='200', responseBody='[B@295b426', responseHeader='{Server=LeapWAS 1.0.0, Date=Wed Jan 12 09:16:53 KST 2022}'}
2022-01-12 09:17:53.371 INFO  - Leap WAS server starting...
2022-01-12 09:17:53.375 INFO  - --------------------------------------------------------------------------
2022-01-12 09:17:53.375 INFO  - ThreadPool initialized - CORE: 50 MAX: 50 KEEP-ALIVE WHEN IDLE(seconds): 30
2022-01-12 09:17:53.376 INFO  - verbose mode on
2022-01-12 09:17:53.424 INFO  - Add service: org.chaostocosmos.leap.http.service.TimeServiceImpl  Mapping path: /time/GetTime
2022-01-12 09:17:53.425 DEBUG - Method not mapping with MethodMapper annotation: setFilters
2022-01-12 09:17:53.425 DEBUG - Method not mapping with MethodMapper annotation: serve
2022-01-12 09:17:53.425 DEBUG - Method not mapping with MethodMapper annotation: serveGet
2022-01-12 09:17:53.426 DEBUG - Method not mapping with MethodMapper annotation: servePut
2022-01-12 09:17:53.426 DEBUG - Method not mapping with MethodMapper annotation: serveDelete
2022-01-12 09:17:53.426 DEBUG - Method not mapping with MethodMapper annotation: servePost
2022-01-12 09:17:53.427 DEBUG - Service not mapping with ServiceMapper annotation: org.chaostocosmos.leap.http.service.DeployService
2022-01-12 09:17:53.427 INFO  - Default host added - Server: leap   Host: localhost   Port: 8080   Doc-Root: home   Logging path: logs/leap.log   Level: [DEBUG]
2022-01-12 09:17:53.434 INFO  - Add service: org.chaostocosmos.leap.http.service.TimeServiceImpl  Mapping path: /time/GetTime
2022-01-12 09:17:53.435 DEBUG - Method not mapping with MethodMapper annotation: setFilters
2022-01-12 09:17:53.435 DEBUG - Method not mapping with MethodMapper annotation: serve
2022-01-12 09:17:53.435 DEBUG - Method not mapping with MethodMapper annotation: serveGet
2022-01-12 09:17:53.435 DEBUG - Method not mapping with MethodMapper annotation: servePut
2022-01-12 09:17:53.435 DEBUG - Method not mapping with MethodMapper annotation: serveDelete
2022-01-12 09:17:53.436 DEBUG - Method not mapping with MethodMapper annotation: servePost
2022-01-12 09:17:53.436 DEBUG - Service not mapping with ServiceMapper annotation: org.chaostocosmos.leap.http.service.DeployService
2022-01-12 09:17:53.436 INFO  - Virtual host added - Server: leap2   Host: 192.168.1.28   Port: 8082   Doc-Root: home2   Logging path: logs/leap.log   Level: [DEBUG]
2022-01-12 09:17:53.436 INFO  - Virtual host added - Server: leap1   Host: 127.0.0.1   Port: 8080   Doc-Root: home1   Logging path: logs/leap.log   Level: [DEBUG]
2022-01-12 09:17:53.441 INFO  - Accepting connections on port 8082
2022-01-12 09:17:53.445 INFO  - Accepting connections on port 8080
2022-01-12 09:17:55.963 INFO  - Host: localhost:8080  Client request accepted... : /127.0.0.1
2022-01-12 09:19:21.271 INFO  - Leap WAS server starting...
2022-01-12 09:19:21.274 INFO  - --------------------------------------------------------------------------
2022-01-12 09:19:21.274 INFO  - ThreadPool initialized - CORE: 50 MAX: 50 KEEP-ALIVE WHEN IDLE(seconds): 30
2022-01-12 09:19:21.275 INFO  - verbose mode on
2022-01-12 09:19:21.323 INFO  - Add service: org.chaostocosmos.leap.http.service.TimeServiceImpl  Mapping path: /time/GetTime
2022-01-12 09:19:21.324 DEBUG - Method not mapping with MethodMapper annotation: serveDelete
2022-01-12 09:19:21.324 DEBUG - Method not mapping with MethodMapper annotation: servePost
2022-01-12 09:19:21.324 DEBUG - Method not mapping with MethodMapper annotation: serveGet
2022-01-12 09:19:21.324 DEBUG - Method not mapping with MethodMapper annotation: servePut
2022-01-12 09:19:21.324 DEBUG - Method not mapping with MethodMapper annotation: serve
2022-01-12 09:19:21.325 DEBUG - Method not mapping with MethodMapper annotation: setFilters
2022-01-12 09:19:21.325 DEBUG - Service not mapping with ServiceMapper annotation: org.chaostocosmos.leap.http.service.DeployService
2022-01-12 09:19:21.325 INFO  - Default host added - Server: leap   Host: localhost   Port: 8080   Doc-Root: home   Logging path: logs/leap.log   Level: [DEBUG]
2022-01-12 09:19:21.334 INFO  - Add service: org.chaostocosmos.leap.http.service.TimeServiceImpl  Mapping path: /time/GetTime
2022-01-12 09:19:21.335 DEBUG - Method not mapping with MethodMapper annotation: serveDelete
2022-01-12 09:19:21.335 DEBUG - Method not mapping with MethodMapper annotation: servePost
2022-01-12 09:19:21.335 DEBUG - Method not mapping with MethodMapper annotation: serveGet
2022-01-12 09:19:21.335 DEBUG - Method not mapping with MethodMapper annotation: servePut
2022-01-12 09:19:21.335 DEBUG - Method not mapping with MethodMapper annotation: serve
2022-01-12 09:19:21.335 DEBUG - Method not mapping with MethodMapper annotation: setFilters
2022-01-12 09:19:21.336 DEBUG - Service not mapping with ServiceMapper annotation: org.chaostocosmos.leap.http.service.DeployService
2022-01-12 09:19:21.336 INFO  - Virtual host added - Server: leap2   Host: 192.168.1.28   Port: 8082   Doc-Root: home2   Logging path: logs/leap.log   Level: [DEBUG]
2022-01-12 09:19:21.336 INFO  - Virtual host added - Server: leap1   Host: 127.0.0.1   Port: 8080   Doc-Root: home1   Logging path: logs/leap.log   Level: [DEBUG]
2022-01-12 09:19:21.340 INFO  - Accepting connections on port 8082
2022-01-12 09:19:21.345 INFO  - Accepting connections on port 8080
2022-01-12 09:19:25.128 INFO  - Host: localhost:8080  Client request accepted... : /127.0.0.1
2022-01-12 09:23:30.132 INFO  - Leap WAS server starting...
2022-01-12 09:23:30.135 INFO  - --------------------------------------------------------------------------
2022-01-12 09:23:30.135 INFO  - ThreadPool initialized - CORE: 50 MAX: 50 KEEP-ALIVE WHEN IDLE(seconds): 30
2022-01-12 09:23:30.136 INFO  - verbose mode on
2022-01-12 09:23:30.172 INFO  - Add service: org.chaostocosmos.leap.http.service.TimeServiceImpl  Mapping path: /time/GetTime
2022-01-12 09:23:30.172 DEBUG - Method not mapping with MethodMapper annotation: serve
2022-01-12 09:23:30.172 DEBUG - Method not mapping with MethodMapper annotation: setFilters
2022-01-12 09:23:30.173 DEBUG - Method not mapping with MethodMapper annotation: servePut
2022-01-12 09:23:30.173 DEBUG - Method not mapping with MethodMapper annotation: servePost
2022-01-12 09:23:30.173 DEBUG - Method not mapping with MethodMapper annotation: serveGet
2022-01-12 09:23:30.173 DEBUG - Method not mapping with MethodMapper annotation: serveDelete
2022-01-12 09:23:30.174 DEBUG - Service not mapping with ServiceMapper annotation: org.chaostocosmos.leap.http.service.DeployService
2022-01-12 09:23:30.174 INFO  - Default host added - Server: leap   Host: localhost   Port: 8080   Doc-Root: home   Logging path: logs/leap.log   Level: [DEBUG]
2022-01-12 09:23:30.183 INFO  - Add service: org.chaostocosmos.leap.http.service.TimeServiceImpl  Mapping path: /time/GetTime
2022-01-12 09:23:30.184 DEBUG - Method not mapping with MethodMapper annotation: serve
2022-01-12 09:23:30.184 DEBUG - Method not mapping with MethodMapper annotation: setFilters
2022-01-12 09:23:30.184 DEBUG - Method not mapping with MethodMapper annotation: servePut
2022-01-12 09:23:30.185 DEBUG - Method not mapping with MethodMapper annotation: servePost
2022-01-12 09:23:30.185 DEBUG - Method not mapping with MethodMapper annotation: serveGet
2022-01-12 09:23:30.185 DEBUG - Method not mapping with MethodMapper annotation: serveDelete
2022-01-12 09:23:30.185 DEBUG - Service not mapping with ServiceMapper annotation: org.chaostocosmos.leap.http.service.DeployService
2022-01-12 09:23:30.185 INFO  - Virtual host added - Server: leap2   Host: 192.168.1.28   Port: 8082   Doc-Root: home2   Logging path: logs/leap.log   Level: [DEBUG]
2022-01-12 09:23:30.186 INFO  - Virtual host added - Server: leap1   Host: 127.0.0.1   Port: 8080   Doc-Root: home1   Logging path: logs/leap.log   Level: [DEBUG]
2022-01-12 09:23:30.193 INFO  - Accepting connections on port 8082
2022-01-12 09:23:30.196 INFO  - Accepting connections on port 8080
2022-01-12 09:23:32.650 INFO  - Host: localhost:8080  Client request accepted... : /127.0.0.1
2022-01-12 09:23:32.698 DEBUG - Request host: localhost
2022-01-12 09:23:32.699 DEBUG - Accept: */*
User-Agent: PostmanRuntime/7.28.4
Connection: keep-alive
Postman-Token: 94194725-c2ae-4e86-8ba3-7f446e9fbb75
Host: localhost:8080
Accept-Encoding: gzip, deflate, br
Content-Length: 103142
@Client: localhost
Content-Type: multipart/form-data; boundary=--------------------------233436250662359109262815
2022-01-12 09:23:32.700 DEBUG - .\home\webapp\WEB-INF\static\index.html   index.html   .\home\webapp\WEB-INF\static
2022-01-12 09:23:32.715 DEBUG - { httpRequestDescriptor='{ httpRequest='http://localhost:8080/ GET', httpVersion='HTTP/1.1', requestType='GET', requestedHost='localhost', reqHeader='{Accept=*/*, User-Agent=PostmanRuntime/7.28.4, Connection=keep-alive, Postman-Token=94194725-c2ae-4e86-8ba3-7f446e9fbb75, Host=localhost:8080, Accept-Encoding=gzip, deflate, br, Content-Length=103142, @Client=localhost, Content-Type=multipart/form-data; boundary=--------------------------233436250662359109262815}', contentType='multipart/form-data', reqBody='null', contextPath='/', url='http://localhost:8080/', contextParam='{}', multipartList='org.chaostocosmos.leap.http.HttpRequestDescriptor$MultipartDescriptor@77ea37e'}', httpResponse='null', requestedHost='localhost', responseCode='200', responseBody='[B@22064c', responseHeader='{Server=LeapWAS 1.0.0, Date=Wed Jan 12 09:23:32 KST 2022}'}
2022-01-12 09:36:24.538 INFO  - Leap WAS server starting...
2022-01-12 09:36:24.541 INFO  - --------------------------------------------------------------------------
2022-01-12 09:36:24.542 INFO  - ThreadPool initialized - CORE: 50 MAX: 50 KEEP-ALIVE WHEN IDLE(seconds): 30
2022-01-12 09:36:24.542 INFO  - verbose mode on
2022-01-12 09:36:24.581 INFO  - Add service: org.chaostocosmos.leap.http.service.TimeServiceImpl  Mapping path: /time/GetTime
2022-01-12 09:36:24.581 DEBUG - Method not mapping with MethodMapper annotation: serve
2022-01-12 09:36:24.581 DEBUG - Method not mapping with MethodMapper annotation: setFilters
2022-01-12 09:36:24.582 DEBUG - Method not mapping with MethodMapper annotation: serveGet
2022-01-12 09:36:24.582 DEBUG - Method not mapping with MethodMapper annotation: serveDelete
2022-01-12 09:36:24.583 DEBUG - Method not mapping with MethodMapper annotation: servePost
2022-01-12 09:36:24.583 DEBUG - Method not mapping with MethodMapper annotation: servePut
2022-01-12 09:36:24.583 DEBUG - Service not mapping with ServiceMapper annotation: org.chaostocosmos.leap.http.service.DeployService
2022-01-12 09:36:24.583 INFO  - Default host added - Server: leap   Host: localhost   Port: 8080   Doc-Root: home   Logging path: logs/leap.log   Level: [DEBUG]
2022-01-12 09:36:24.594 INFO  - Add service: org.chaostocosmos.leap.http.service.TimeServiceImpl  Mapping path: /time/GetTime
2022-01-12 09:36:24.594 DEBUG - Method not mapping with MethodMapper annotation: serve
2022-01-12 09:36:24.594 DEBUG - Method not mapping with MethodMapper annotation: setFilters
2022-01-12 09:36:24.595 DEBUG - Method not mapping with MethodMapper annotation: serveGet
2022-01-12 09:36:24.595 DEBUG - Method not mapping with MethodMapper annotation: serveDelete
2022-01-12 09:36:24.595 DEBUG - Method not mapping with MethodMapper annotation: servePost
2022-01-12 09:36:24.595 DEBUG - Method not mapping with MethodMapper annotation: servePut
2022-01-12 09:36:24.595 DEBUG - Service not mapping with ServiceMapper annotation: org.chaostocosmos.leap.http.service.DeployService
2022-01-12 09:36:24.595 INFO  - Virtual host added - Server: leap2   Host: 192.168.1.28   Port: 8082   Doc-Root: home2   Logging path: logs/leap.log   Level: [DEBUG]
2022-01-12 09:36:24.596 INFO  - Virtual host added - Server: leap1   Host: 127.0.0.1   Port: 8080   Doc-Root: home1   Logging path: logs/leap.log   Level: [DEBUG]
2022-01-12 09:36:24.601 INFO  - Accepting connections on port 8082
2022-01-12 09:36:24.605 INFO  - Accepting connections on port 8080
2022-01-12 09:36:26.450 INFO  - Host: localhost:8080  Client request accepted... : /127.0.0.1
2022-01-12 09:36:26.521 DEBUG - Request host: localhost
2022-01-12 09:36:26.521 DEBUG - Accept: */*
User-Agent: PostmanRuntime/7.28.4
Connection: keep-alive
Postman-Token: f891d1f8-409b-46a2-add7-ff5892445025
Host: localhost:8080
Accept-Encoding: gzip, deflate, br
Content-Length: 103142
@Client: localhost
Content-Type: multipart/form-data; boundary=--------------------------062143904162226682179044
2022-01-12 09:36:26.523 DEBUG - .\home\webapp\WEB-INF\static\index.html   index.html   .\home\webapp\WEB-INF\static
2022-01-12 09:36:26.535 DEBUG - { httpRequestDescriptor='{ httpRequest='http://localhost:8080/ GET', httpVersion='HTTP/1.1', requestType='GET', requestedHost='localhost', reqHeader='{Accept=*/*, User-Agent=PostmanRuntime/7.28.4, Connection=keep-alive, Postman-Token=f891d1f8-409b-46a2-add7-ff5892445025, Host=localhost:8080, Accept-Encoding=gzip, deflate, br, Content-Length=103142, @Client=localhost, Content-Type=multipart/form-data; boundary=--------------------------062143904162226682179044}', contentType='multipart/form-data', reqBody='null', contextPath='/', url='http://localhost:8080/', contextParam='{}', multipartList='org.chaostocosmos.leap.http.HttpRequestDescriptor$MultipartDescriptor@5dcb232a'}', httpResponse='null', requestedHost='localhost', responseCode='200', responseBody='[B@d132039', responseHeader='{Server=LeapWAS 1.0.0, Date=Wed Jan 12 09:36:26 KST 2022}'}
2022-01-12 09:36:50.130 INFO  - Host: localhost:8080  Client request accepted... : /127.0.0.1
2022-01-12 09:36:50.153 DEBUG - Request host: localhost
2022-01-12 09:36:50.154 DEBUG - Accept: */*
User-Agent: PostmanRuntime/7.28.4
Connection: keep-alive
Postman-Token: e41b4699-3c77-45ca-b688-17e4805ff40b
Host: localhost:8080
Accept-Encoding: gzip, deflate, br
Content-Length: 184518
@Client: localhost
Content-Type: multipart/form-data; boundary=--------------------------701091962878773368280729
2022-01-12 09:36:50.156 DEBUG - .\home\webapp\WEB-INF\static\index.html   index.html   .\home\webapp\WEB-INF\static
2022-01-12 09:36:50.158 DEBUG - { httpRequestDescriptor='{ httpRequest='http://localhost:8080/ GET', httpVersion='HTTP/1.1', requestType='GET', requestedHost='localhost', reqHeader='{Accept=*/*, User-Agent=PostmanRuntime/7.28.4, Connection=keep-alive, Postman-Token=e41b4699-3c77-45ca-b688-17e4805ff40b, Host=localhost:8080, Accept-Encoding=gzip, deflate, br, Content-Length=184518, @Client=localhost, Content-Type=multipart/form-data; boundary=--------------------------701091962878773368280729}', contentType='multipart/form-data', reqBody='null', contextPath='/', url='http://localhost:8080/', contextParam='{}', multipartList='org.chaostocosmos.leap.http.HttpRequestDescriptor$MultipartDescriptor@fd5207c'}', httpResponse='null', requestedHost='localhost', responseCode='200', responseBody='[B@112cff6', responseHeader='{Server=LeapWAS 1.0.0, Date=Wed Jan 12 09:36:50 KST 2022}'}
2022-01-12 09:37:24.660 INFO  - Host: localhost:8080  Client request accepted... : /127.0.0.1
2022-01-12 09:37:25.670 DEBUG - Request host: localhost
2022-01-12 09:37:25.671 DEBUG - Accept: */*
User-Agent: PostmanRuntime/7.28.4
Connection: keep-alive
Postman-Token: 4cbcfa1a-d8d6-4da3-aa9b-434a6e92beee
Host: localhost:8080
Accept-Encoding: gzip, deflate, br
Content-Length: 19075162
@Client: localhost
Content-Type: multipart/form-data; boundary=--------------------------753380907975120110234458
2022-01-12 09:37:25.673 DEBUG - .\home\webapp\WEB-INF\static\index.html   index.html   .\home\webapp\WEB-INF\static
2022-01-12 09:37:25.677 DEBUG - { httpRequestDescriptor='{ httpRequest='http://localhost:8080/ GET', httpVersion='HTTP/1.1', requestType='GET', requestedHost='localhost', reqHeader='{Accept=*/*, User-Agent=PostmanRuntime/7.28.4, Connection=keep-alive, Postman-Token=4cbcfa1a-d8d6-4da3-aa9b-434a6e92beee, Host=localhost:8080, Accept-Encoding=gzip, deflate, br, Content-Length=19075162, @Client=localhost, Content-Type=multipart/form-data; boundary=--------------------------753380907975120110234458}', contentType='multipart/form-data', reqBody='null', contextPath='/', url='http://localhost:8080/', contextParam='{}', multipartList='org.chaostocosmos.leap.http.HttpRequestDescriptor$MultipartDescriptor@7b529401'}', httpResponse='null', requestedHost='localhost', responseCode='200', responseBody='[B@7595751b', responseHeader='{Server=LeapWAS 1.0.0, Date=Wed Jan 12 09:37:25 KST 2022}'}
2022-01-12 09:38:38.970 INFO  - Host: localhost:8080  Client request accepted... : /127.0.0.1
2022-01-12 09:38:42.198 DEBUG - Request host: localhost
2022-01-12 09:38:42.198 DEBUG - Accept: */*
User-Agent: PostmanRuntime/7.28.4
Connection: keep-alive
Postman-Token: 86388c8a-77d7-439c-ad1c-c942578f7fee
Host: localhost:8080
Accept-Encoding: gzip, deflate, br
Content-Length: 150057973
@Client: localhost
Content-Type: multipart/form-data; boundary=--------------------------433321308949745621221874
2022-01-12 09:38:42.199 DEBUG - .\home\webapp\WEB-INF\static\index.html   index.html   .\home\webapp\WEB-INF\static
2022-01-12 09:38:42.200 DEBUG - { httpRequestDescriptor='{ httpRequest='http://localhost:8080/ GET', httpVersion='HTTP/1.1', requestType='GET', requestedHost='localhost', reqHeader='{Accept=*/*, User-Agent=PostmanRuntime/7.28.4, Connection=keep-alive, Postman-Token=86388c8a-77d7-439c-ad1c-c942578f7fee, Host=localhost:8080, Accept-Encoding=gzip, deflate, br, Content-Length=150057973, @Client=localhost, Content-Type=multipart/form-data; boundary=--------------------------433321308949745621221874}', contentType='multipart/form-data', reqBody='null', contextPath='/', url='http://localhost:8080/', contextParam='{}', multipartList='org.chaostocosmos.leap.http.HttpRequestDescriptor$MultipartDescriptor@4341358d'}', httpResponse='null', requestedHost='localhost', responseCode='200', responseBody='[B@4d86c395', responseHeader='{Server=LeapWAS 1.0.0, Date=Wed Jan 12 09:38:42 KST 2022}'}
2022-01-12 09:50:15.426 INFO  - Leap WAS server starting...
2022-01-12 09:50:15.428 INFO  - --------------------------------------------------------------------------
2022-01-12 09:50:15.429 INFO  - ThreadPool initialized - CORE: 50 MAX: 50 KEEP-ALIVE WHEN IDLE(seconds): 30
2022-01-12 09:50:15.429 INFO  - verbose mode on
2022-01-12 09:50:15.464 INFO  - Add service: org.chaostocosmos.leap.http.service.TimeServiceImpl  Mapping path: /time/GetTime
2022-01-12 09:50:15.464 DEBUG - Method not mapping with MethodMapper annotation: serve
2022-01-12 09:50:15.464 DEBUG - Method not mapping with MethodMapper annotation: setFilters
2022-01-12 09:50:15.464 DEBUG - Method not mapping with MethodMapper annotation: serveDelete
2022-01-12 09:50:15.465 DEBUG - Method not mapping with MethodMapper annotation: servePut
2022-01-12 09:50:15.465 DEBUG - Method not mapping with MethodMapper annotation: serveGet
2022-01-12 09:50:15.465 DEBUG - Method not mapping with MethodMapper annotation: servePost
2022-01-12 09:50:15.465 DEBUG - Service not mapping with ServiceMapper annotation: org.chaostocosmos.leap.http.service.DeployService
2022-01-12 09:50:15.466 INFO  - Default host added - Server: leap   Host: localhost   Port: 8080   Doc-Root: home   Logging path: logs/leap.log   Level: [DEBUG]
2022-01-12 09:50:15.473 INFO  - Add service: org.chaostocosmos.leap.http.service.TimeServiceImpl  Mapping path: /time/GetTime
2022-01-12 09:50:15.474 DEBUG - Method not mapping with MethodMapper annotation: serve
2022-01-12 09:50:15.474 DEBUG - Method not mapping with MethodMapper annotation: setFilters
2022-01-12 09:50:15.474 DEBUG - Method not mapping with MethodMapper annotation: serveDelete
2022-01-12 09:50:15.474 DEBUG - Method not mapping with MethodMapper annotation: servePut
2022-01-12 09:50:15.474 DEBUG - Method not mapping with MethodMapper annotation: serveGet
2022-01-12 09:50:15.474 DEBUG - Method not mapping with MethodMapper annotation: servePost
2022-01-12 09:50:15.475 DEBUG - Service not mapping with ServiceMapper annotation: org.chaostocosmos.leap.http.service.DeployService
2022-01-12 09:50:15.475 INFO  - Virtual host added - Server: leap2   Host: 192.168.1.28   Port: 8082   Doc-Root: home2   Logging path: logs/leap.log   Level: [DEBUG]
2022-01-12 09:50:15.475 INFO  - Virtual host added - Server: leap1   Host: 127.0.0.1   Port: 8080   Doc-Root: home1   Logging path: logs/leap.log   Level: [DEBUG]
2022-01-12 09:50:15.480 INFO  - Accepting connections on port 8082
2022-01-12 09:50:15.484 INFO  - Accepting connections on port 8080
2022-01-12 09:50:19.053 INFO  - Host: localhost:8080  Client request accepted... : /127.0.0.1
2022-01-12 09:51:24.124 INFO  - Leap WAS server starting...
2022-01-12 09:51:24.128 INFO  - --------------------------------------------------------------------------
2022-01-12 09:51:24.128 INFO  - ThreadPool initialized - CORE: 50 MAX: 50 KEEP-ALIVE WHEN IDLE(seconds): 30
2022-01-12 09:51:24.128 INFO  - verbose mode on
2022-01-12 09:51:24.175 INFO  - Add service: org.chaostocosmos.leap.http.service.TimeServiceImpl  Mapping path: /time/GetTime
2022-01-12 09:51:24.175 DEBUG - Method not mapping with MethodMapper annotation: serve
2022-01-12 09:51:24.175 DEBUG - Method not mapping with MethodMapper annotation: setFilters
2022-01-12 09:51:24.176 DEBUG - Method not mapping with MethodMapper annotation: serveGet
2022-01-12 09:51:24.176 DEBUG - Method not mapping with MethodMapper annotation: servePut
2022-01-12 09:51:24.176 DEBUG - Method not mapping with MethodMapper annotation: serveDelete
2022-01-12 09:51:24.176 DEBUG - Method not mapping with MethodMapper annotation: servePost
2022-01-12 09:51:24.176 DEBUG - Service not mapping with ServiceMapper annotation: org.chaostocosmos.leap.http.service.DeployService
2022-01-12 09:51:24.177 INFO  - Default host added - Server: leap   Host: localhost   Port: 8080   Doc-Root: home   Logging path: logs/leap.log   Level: [DEBUG]
2022-01-12 09:51:24.186 INFO  - Add service: org.chaostocosmos.leap.http.service.TimeServiceImpl  Mapping path: /time/GetTime
2022-01-12 09:51:24.187 DEBUG - Method not mapping with MethodMapper annotation: serve
2022-01-12 09:51:24.187 DEBUG - Method not mapping with MethodMapper annotation: setFilters
2022-01-12 09:51:24.187 DEBUG - Method not mapping with MethodMapper annotation: serveGet
2022-01-12 09:51:24.187 DEBUG - Method not mapping with MethodMapper annotation: servePut
2022-01-12 09:51:24.188 DEBUG - Method not mapping with MethodMapper annotation: serveDelete
2022-01-12 09:51:24.188 DEBUG - Method not mapping with MethodMapper annotation: servePost
2022-01-12 09:51:24.188 DEBUG - Service not mapping with ServiceMapper annotation: org.chaostocosmos.leap.http.service.DeployService
2022-01-12 09:51:24.188 INFO  - Virtual host added - Server: leap2   Host: 192.168.1.28   Port: 8082   Doc-Root: home2   Logging path: logs/leap.log   Level: [DEBUG]
2022-01-12 09:51:24.189 INFO  - Virtual host added - Server: leap1   Host: 127.0.0.1   Port: 8080   Doc-Root: home1   Logging path: logs/leap.log   Level: [DEBUG]
2022-01-12 09:51:24.193 INFO  - Accepting connections on port 8082
2022-01-12 09:51:24.198 INFO  - Accepting connections on port 8080
2022-01-12 09:51:26.515 INFO  - Host: localhost:8080  Client request accepted... : /127.0.0.1
