2022-01-10 09:08:47.233 INFO  - Leap WAS server starting...
2022-01-10 09:08:47.239 INFO  - --------------------------------------------------------------------------
2022-01-10 09:08:47.240 INFO  - ThreadPool initialized - CORE: 50 MAX: 50 KEEP-ALIVE WHEN IDLE(seconds): 30
2022-01-10 09:08:47.241 INFO  - verbose mode on
2022-01-10 09:08:47.617 DEBUG - Service not mapping with ServiceMapper annotation: org.chaostocosmos.leap.http.service.DeployService
2022-01-10 09:08:47.629 INFO  - Add service: org.chaostocosmos.leap.http.service.TimeServiceImpl  Mapping path: /time/GetTime
2022-01-10 09:08:47.629 DEBUG - Method not mapping with MethodMapper annotation: setFilters
2022-01-10 09:08:47.630 DEBUG - Method not mapping with MethodMapper annotation: serve
2022-01-10 09:08:47.630 DEBUG - Method not mapping with MethodMapper annotation: serveDelete
2022-01-10 09:08:47.630 DEBUG - Method not mapping with MethodMapper annotation: servePost
2022-01-10 09:08:47.630 DEBUG - Method not mapping with MethodMapper annotation: serveGet
2022-01-10 09:08:47.631 DEBUG - Method not mapping with MethodMapper annotation: servePut
2022-01-10 09:08:47.632 INFO  - Default host added - Server: leap   Host: localhost   Port: 8080   Doc-Root: home   Logging path: logs/leap.log   Level: [DEBUG]
2022-01-10 09:08:47.641 DEBUG - Service not mapping with ServiceMapper annotation: org.chaostocosmos.leap.http.service.DeployService
2022-01-10 09:08:47.642 INFO  - Add service: org.chaostocosmos.leap.http.service.TimeServiceImpl  Mapping path: /time/GetTime
2022-01-10 09:08:47.642 DEBUG - Method not mapping with MethodMapper annotation: setFilters
2022-01-10 09:08:47.642 DEBUG - Method not mapping with MethodMapper annotation: serve
2022-01-10 09:08:47.642 DEBUG - Method not mapping with MethodMapper annotation: serveDelete
2022-01-10 09:08:47.642 DEBUG - Method not mapping with MethodMapper annotation: servePost
2022-01-10 09:08:47.642 DEBUG - Method not mapping with MethodMapper annotation: serveGet
2022-01-10 09:08:47.644 DEBUG - Method not mapping with MethodMapper annotation: servePut
2022-01-10 09:08:47.644 INFO  - Virtual host added - Server: leap2   Host: 192.168.1.28   Port: 8082   Doc-Root: home2   Logging path: logs/leap.log   Level: [DEBUG]
2022-01-10 09:08:47.644 INFO  - Virtual host added - Server: leap1   Host: 127.0.0.1   Port: 8080   Doc-Root: home1   Logging path: logs/leap.log   Level: [DEBUG]
2022-01-10 09:08:47.649 INFO  - Accepting connections on port 8082
2022-01-10 09:08:47.654 INFO  - Accepting connections on port 8080
2022-01-10 09:09:20.400 INFO  - Host: localhost:8080  Client request accepted... : /127.0.0.1
2022-01-10 09:09:20.401 INFO  - Host: localhost:8080  Client request accepted... : /127.0.0.1
2022-01-10 09:10:31.780 INFO  - Leap WAS server starting...
2022-01-10 09:10:31.782 INFO  - --------------------------------------------------------------------------
2022-01-10 09:10:31.783 INFO  - ThreadPool initialized - CORE: 50 MAX: 50 KEEP-ALIVE WHEN IDLE(seconds): 30
2022-01-10 09:10:31.783 INFO  - verbose mode on
2022-01-10 09:10:31.823 INFO  - Add service: org.chaostocosmos.leap.http.service.TimeServiceImpl  Mapping path: /time/GetTime
2022-01-10 09:10:31.824 DEBUG - Method not mapping with MethodMapper annotation: servePost
2022-01-10 09:10:31.824 DEBUG - Method not mapping with MethodMapper annotation: servePut
2022-01-10 09:10:31.829 DEBUG - Method not mapping with MethodMapper annotation: serveGet
2022-01-10 09:10:31.837 DEBUG - Method not mapping with MethodMapper annotation: serveDelete
2022-01-10 09:10:31.837 DEBUG - Method not mapping with MethodMapper annotation: setFilters
2022-01-10 09:10:31.837 DEBUG - Method not mapping with MethodMapper annotation: serve
2022-01-10 09:10:31.837 DEBUG - Service not mapping with ServiceMapper annotation: org.chaostocosmos.leap.http.service.DeployService
2022-01-10 09:10:31.837 INFO  - Default host added - Server: leap   Host: localhost   Port: 8080   Doc-Root: home   Logging path: logs/leap.log   Level: [DEBUG]
2022-01-10 09:10:31.847 INFO  - Add service: org.chaostocosmos.leap.http.service.TimeServiceImpl  Mapping path: /time/GetTime
2022-01-10 09:10:31.848 DEBUG - Method not mapping with MethodMapper annotation: servePost
2022-01-10 09:10:31.848 DEBUG - Method not mapping with MethodMapper annotation: servePut
2022-01-10 09:10:31.848 DEBUG - Method not mapping with MethodMapper annotation: serveGet
2022-01-10 09:10:31.849 DEBUG - Method not mapping with MethodMapper annotation: serveDelete
2022-01-10 09:10:31.849 DEBUG - Method not mapping with MethodMapper annotation: setFilters
2022-01-10 09:10:31.849 DEBUG - Method not mapping with MethodMapper annotation: serve
2022-01-10 09:10:31.849 DEBUG - Service not mapping with ServiceMapper annotation: org.chaostocosmos.leap.http.service.DeployService
2022-01-10 09:10:31.849 INFO  - Virtual host added - Server: leap2   Host: 192.168.1.28   Port: 8082   Doc-Root: home2   Logging path: logs/leap.log   Level: [DEBUG]
2022-01-10 09:10:31.850 INFO  - Virtual host added - Server: leap1   Host: 127.0.0.1   Port: 8080   Doc-Root: home1   Logging path: logs/leap.log   Level: [DEBUG]
2022-01-10 09:10:31.854 INFO  - Accepting connections on port 8082
2022-01-10 09:10:31.858 INFO  - Accepting connections on port 8080
2022-01-10 09:10:32.001 INFO  - Host: localhost:8080  Client request accepted... : /127.0.0.1
2022-01-10 09:10:32.045 DEBUG - Request host: localhost
2022-01-10 09:10:32.047 DEBUG - Cookie: io=PL7TK76OSCzqZRBSAAAC
Accept: text/html,application/xhtml+xml,application/xml;q=0.9,image/avif,image/webp,image/apng,*/*;q=0.8,application/signed-exchange;v=b3;q=0.9
Connection: keep-alive
User-Agent: Mozilla/5.0 (Windows NT 10.0; Win64; x64) AppleWebKit/537.36 (KHTML, like Gecko) Chrome/97.0.4692.71 Safari/537.36
Sec-Fetch-Site: none
Sec-Fetch-Dest: document
Host: localhost:8080
Accept-Encoding: gzip, deflate, br
@Client: localhost
Sec-Fetch-Mode: navigate
sec-ch-ua: " Not;A Brand";v="99", "Google Chrome";v="97", "Chromium";v="97"
sec-ch-ua-mobile: ?0
Cache-Control: max-age=0
Upgrade-Insecure-Requests: 1
sec-ch-ua-platform: "Windows"
Sec-Fetch-User: ?1
Accept-Language: ko,en-US;q=0.9,en;q=0.8
2022-01-10 09:10:32.050 DEBUG - .\home\webapp\WEB-INF\static\index.html   index.html   .\home\webapp\WEB-INF\static
2022-01-10 09:10:32.069 DEBUG - { httpRequestDescriptor='{ httpRequest='http://localhost:8080/ GET', httpVersion='HTTP/1.1', requestType='GET', requestedHost='localhost', reqHeader='{Cookie=io=PL7TK76OSCzqZRBSAAAC, Accept=text/html,application/xhtml+xml,application/xml;q=0.9,image/avif,image/webp,image/apng,*/*;q=0.8,application/signed-exchange;v=b3;q=0.9, Connection=keep-alive, User-Agent=Mozilla/5.0 (Windows NT 10.0; Win64; x64) AppleWebKit/537.36 (KHTML, like Gecko) Chrome/97.0.4692.71 Safari/537.36, Sec-Fetch-Site=none, Sec-Fetch-Dest=document, Host=localhost:8080, Accept-Encoding=gzip, deflate, br, @Client=localhost, Sec-Fetch-Mode=navigate, sec-ch-ua=" Not;A Brand";v="99", "Google Chrome";v="97", "Chromium";v="97", sec-ch-ua-mobile=?0, Cache-Control=max-age=0, Upgrade-Insecure-Requests=1, sec-ch-ua-platform="Windows", Sec-Fetch-User=?1, Accept-Language=ko,en-US;q=0.9,en;q=0.8}', contentType='null', reqBody='null', contextPath='/', url='http://localhost:8080/', contextParam='{}', multipartList='null'}', httpResponse='null', requestedHost='localhost', responseCode='200', responseBody='[B@4383dcad', responseHeader='{Server=LeapWAS 1.0.0, Date=Mon Jan 10 09:10:32 KST 2022}'}
2022-01-10 09:10:32.249 INFO  - Host: localhost:8080  Client request accepted... : /127.0.0.1
2022-01-10 09:10:32.250 DEBUG - Request host: localhost
2022-01-10 09:10:32.251 DEBUG - Cookie: io=PL7TK76OSCzqZRBSAAAC
Accept: image/avif,image/webp,image/apng,image/svg+xml,image/*,*/*;q=0.8
Connection: keep-alive
User-Agent: Mozilla/5.0 (Windows NT 10.0; Win64; x64) AppleWebKit/537.36 (KHTML, like Gecko) Chrome/97.0.4692.71 Safari/537.36
Referer: http://localhost:8080/
Sec-Fetch-Site: same-origin
Sec-Fetch-Dest: image
Host: localhost:8080
Accept-Encoding: gzip, deflate, br
@Client: localhost
Sec-Fetch-Mode: no-cors
sec-ch-ua: " Not;A Brand";v="99", "Google Chrome";v="97", "Chromium";v="97"
sec-ch-ua-mobile: ?0
sec-ch-ua-platform: "Windows"
Accept-Language: ko,en-US;q=0.9,en;q=0.8
2022-01-10 09:10:32.362 DEBUG - .\home\webapp\WEB-INF\static\favicon.ico   favicon.ico   .\home\webapp\WEB-INF\static
2022-01-10 09:10:32.384 DEBUG - { httpRequestDescriptor='{ httpRequest='http://localhost:8080/favicon.ico GET', httpVersion='HTTP/1.1', requestType='GET', requestedHost='localhost', reqHeader='{Cookie=io=PL7TK76OSCzqZRBSAAAC, Accept=image/avif,image/webp,image/apng,image/svg+xml,image/*,*/*;q=0.8, Connection=keep-alive, User-Agent=Mozilla/5.0 (Windows NT 10.0; Win64; x64) AppleWebKit/537.36 (KHTML, like Gecko) Chrome/97.0.4692.71 Safari/537.36, Referer=http://localhost:8080/, Sec-Fetch-Site=same-origin, Sec-Fetch-Dest=image, Host=localhost:8080, Accept-Encoding=gzip, deflate, br, @Client=localhost, Sec-Fetch-Mode=no-cors, sec-ch-ua=" Not;A Brand";v="99", "Google Chrome";v="97", "Chromium";v="97", sec-ch-ua-mobile=?0, sec-ch-ua-platform="Windows", Accept-Language=ko,en-US;q=0.9,en;q=0.8}', contentType='null', reqBody='null', contextPath='/favicon.ico', url='http://localhost:8080/favicon.ico', contextParam='{}', multipartList='null'}', httpResponse='null', requestedHost='localhost', responseCode='200', responseBody='[B@6940366a', responseHeader='{Server=LeapWAS 1.0.0, Date=Mon Jan 10 09:10:32 KST 2022, Content-Type=image/x-icon}'}
2022-01-10 09:10:32.404 INFO  - Host: localhost:8080  Client request accepted... : /127.0.0.1
2022-01-10 09:10:59.192 INFO  - Host: localhost:8080  Client request accepted... : /127.0.0.1
2022-01-10 09:10:59.196 DEBUG - Request host: localhost
2022-01-10 09:10:59.197 DEBUG - Accept: */*
User-Agent: PostmanRuntime/7.28.4
Connection: keep-alive
Postman-Token: 7dffad6e-e417-4348-9db1-5149473322dc
Host: localhost:8080
Accept-Encoding: gzip, deflate, br
Content-Length: 102306
@Client: localhost
Content-Type: multipart/form-data; boundary=--------------------------537038483238513952907267
2022-01-10 09:10:59.199 DEBUG - .\home\webapp\WEB-INF\static\index.html   index.html   .\home\webapp\WEB-INF\static
2022-01-10 09:10:59.200 DEBUG - { httpRequestDescriptor='{ httpRequest='http://localhost:8080/ GET', httpVersion='HTTP/1.1', requestType='GET', requestedHost='localhost', reqHeader='{Accept=*/*, User-Agent=PostmanRuntime/7.28.4, Connection=keep-alive, Postman-Token=7dffad6e-e417-4348-9db1-5149473322dc, Host=localhost:8080, Accept-Encoding=gzip, deflate, br, Content-Length=102306, @Client=localhost, Content-Type=multipart/form-data; boundary=--------------------------537038483238513952907267}', contentType='multipart/form-data', reqBody='null', contextPath='/', url='http://localhost:8080/', contextParam='{}', multipartList='org.chaostocosmos.leap.http.HttpRequestDescriptor$MultipartDescriptor@6a279e94'}', httpResponse='null', requestedHost='localhost', responseCode='200', responseBody='[B@64e06da0', responseHeader='{Server=LeapWAS 1.0.0, Date=Mon Jan 10 09:10:59 KST 2022}'}
2022-01-10 09:11:42.738 INFO  - Host: localhost:8080  Client request accepted... : /127.0.0.1
2022-01-10 09:11:42.740 DEBUG - Request host: localhost
2022-01-10 09:11:42.740 DEBUG - Accept: */*
User-Agent: PostmanRuntime/7.28.4
Connection: keep-alive
Postman-Token: 604261ea-dd80-47c6-b87f-f32a3c13bd44
Host: localhost:8080
Accept-Encoding: gzip, deflate, br
Content-Length: 102306
@Client: localhost
Content-Type: multipart/form-data; boundary=--------------------------446108287670398322054607
2022-01-10 09:11:42.742 DEBUG - .\home\webapp\WEB-INF\static\index.html   index.html   .\home\webapp\WEB-INF\static
2022-01-10 09:11:42.743 DEBUG - { httpRequestDescriptor='{ httpRequest='http://localhost:8080/ GET', httpVersion='HTTP/1.1', requestType='GET', requestedHost='localhost', reqHeader='{Accept=*/*, User-Agent=PostmanRuntime/7.28.4, Connection=keep-alive, Postman-Token=604261ea-dd80-47c6-b87f-f32a3c13bd44, Host=localhost:8080, Accept-Encoding=gzip, deflate, br, Content-Length=102306, @Client=localhost, Content-Type=multipart/form-data; boundary=--------------------------446108287670398322054607}', contentType='multipart/form-data', reqBody='null', contextPath='/', url='http://localhost:8080/', contextParam='{}', multipartList='org.chaostocosmos.leap.http.HttpRequestDescriptor$MultipartDescriptor@665f593c'}', httpResponse='null', requestedHost='localhost', responseCode='200', responseBody='[B@6898ab87', responseHeader='{Server=LeapWAS 1.0.0, Date=Mon Jan 10 09:11:42 KST 2022}'}
2022-01-10 09:12:00.850 INFO  - Leap WAS server starting...
2022-01-10 09:12:00.855 INFO  - --------------------------------------------------------------------------
2022-01-10 09:12:00.855 INFO  - ThreadPool initialized - CORE: 50 MAX: 50 KEEP-ALIVE WHEN IDLE(seconds): 30
2022-01-10 09:12:00.855 INFO  - verbose mode on
2022-01-10 09:12:00.892 INFO  - Add service: org.chaostocosmos.leap.http.service.TimeServiceImpl  Mapping path: /time/GetTime
2022-01-10 09:12:00.892 DEBUG - Method not mapping with MethodMapper annotation: serve
2022-01-10 09:12:00.892 DEBUG - Method not mapping with MethodMapper annotation: setFilters
2022-01-10 09:12:00.893 DEBUG - Method not mapping with MethodMapper annotation: serveGet
2022-01-10 09:12:00.893 DEBUG - Method not mapping with MethodMapper annotation: serveDelete
2022-01-10 09:12:00.893 DEBUG - Method not mapping with MethodMapper annotation: servePut
2022-01-10 09:12:00.893 DEBUG - Method not mapping with MethodMapper annotation: servePost
2022-01-10 09:12:00.893 DEBUG - Service not mapping with ServiceMapper annotation: org.chaostocosmos.leap.http.service.DeployService
2022-01-10 09:12:00.894 INFO  - Default host added - Server: leap   Host: localhost   Port: 8080   Doc-Root: home   Logging path: logs/leap.log   Level: [DEBUG]
2022-01-10 09:12:00.903 INFO  - Add service: org.chaostocosmos.leap.http.service.TimeServiceImpl  Mapping path: /time/GetTime
2022-01-10 09:12:00.903 DEBUG - Method not mapping with MethodMapper annotation: serve
2022-01-10 09:12:00.904 DEBUG - Method not mapping with MethodMapper annotation: setFilters
2022-01-10 09:12:00.904 DEBUG - Method not mapping with MethodMapper annotation: serveGet
2022-01-10 09:12:00.904 DEBUG - Method not mapping with MethodMapper annotation: serveDelete
2022-01-10 09:12:00.904 DEBUG - Method not mapping with MethodMapper annotation: servePut
2022-01-10 09:12:00.904 DEBUG - Method not mapping with MethodMapper annotation: servePost
2022-01-10 09:12:00.905 DEBUG - Service not mapping with ServiceMapper annotation: org.chaostocosmos.leap.http.service.DeployService
2022-01-10 09:12:00.905 INFO  - Virtual host added - Server: leap2   Host: 192.168.1.28   Port: 8082   Doc-Root: home2   Logging path: logs/leap.log   Level: [DEBUG]
2022-01-10 09:12:00.905 INFO  - Virtual host added - Server: leap1   Host: 127.0.0.1   Port: 8080   Doc-Root: home1   Logging path: logs/leap.log   Level: [DEBUG]
2022-01-10 09:12:00.909 INFO  - Accepting connections on port 8082
2022-01-10 09:12:00.914 INFO  - Accepting connections on port 8080
2022-01-10 09:12:02.998 INFO  - Host: localhost:8080  Client request accepted... : /127.0.0.1
2022-01-10 09:12:04.215 DEBUG - Request host: localhost
2022-01-10 09:12:04.216 DEBUG - Accept: */*
User-Agent: PostmanRuntime/7.28.4
Connection: keep-alive
Postman-Token: f54bbca0-fa3c-4e66-a4e9-bd7c91caae56
Host: localhost:8080
Accept-Encoding: gzip, deflate, br
Content-Length: 102306
@Client: localhost
Content-Type: multipart/form-data; boundary=--------------------------808807287998726672909457
2022-01-10 09:12:04.218 DEBUG - .\home\webapp\WEB-INF\static\index.html   index.html   .\home\webapp\WEB-INF\static
2022-01-10 09:12:04.227 DEBUG - { httpRequestDescriptor='{ httpRequest='http://localhost:8080/ GET', httpVersion='HTTP/1.1', requestType='GET', requestedHost='localhost', reqHeader='{Accept=*/*, User-Agent=PostmanRuntime/7.28.4, Connection=keep-alive, Postman-Token=f54bbca0-fa3c-4e66-a4e9-bd7c91caae56, Host=localhost:8080, Accept-Encoding=gzip, deflate, br, Content-Length=102306, @Client=localhost, Content-Type=multipart/form-data; boundary=--------------------------808807287998726672909457}', contentType='multipart/form-data', reqBody='null', contextPath='/', url='http://localhost:8080/', contextParam='{}', multipartList='org.chaostocosmos.leap.http.HttpRequestDescriptor$MultipartDescriptor@74fb08aa'}', httpResponse='null', requestedHost='localhost', responseCode='200', responseBody='[B@61b0df8a', responseHeader='{Server=LeapWAS 1.0.0, Date=Mon Jan 10 09:12:04 KST 2022}'}
2022-01-10 09:13:50.009 INFO  - Leap WAS server starting...
2022-01-10 09:13:50.011 INFO  - --------------------------------------------------------------------------
2022-01-10 09:13:50.012 INFO  - ThreadPool initialized - CORE: 50 MAX: 50 KEEP-ALIVE WHEN IDLE(seconds): 30
2022-01-10 09:13:50.012 INFO  - verbose mode on
2022-01-10 09:13:50.050 INFO  - Add service: org.chaostocosmos.leap.http.service.TimeServiceImpl  Mapping path: /time/GetTime
2022-01-10 09:13:50.051 DEBUG - Method not mapping with MethodMapper annotation: setFilters
2022-01-10 09:13:50.052 DEBUG - Method not mapping with MethodMapper annotation: serve
2022-01-10 09:13:50.052 DEBUG - Method not mapping with MethodMapper annotation: servePut
2022-01-10 09:13:50.052 DEBUG - Method not mapping with MethodMapper annotation: serveGet
2022-01-10 09:13:50.052 DEBUG - Method not mapping with MethodMapper annotation: servePost
2022-01-10 09:13:50.052 DEBUG - Method not mapping with MethodMapper annotation: serveDelete
2022-01-10 09:13:50.053 DEBUG - Service not mapping with ServiceMapper annotation: org.chaostocosmos.leap.http.service.DeployService
2022-01-10 09:13:50.054 INFO  - Default host added - Server: leap   Host: localhost   Port: 8080   Doc-Root: home   Logging path: logs/leap.log   Level: [DEBUG]
2022-01-10 09:13:50.062 INFO  - Add service: org.chaostocosmos.leap.http.service.TimeServiceImpl  Mapping path: /time/GetTime
2022-01-10 09:13:50.062 DEBUG - Method not mapping with MethodMapper annotation: setFilters
2022-01-10 09:13:50.063 DEBUG - Method not mapping with MethodMapper annotation: serve
2022-01-10 09:13:50.063 DEBUG - Method not mapping with MethodMapper annotation: servePut
2022-01-10 09:13:50.063 DEBUG - Method not mapping with MethodMapper annotation: serveGet
2022-01-10 09:13:50.063 DEBUG - Method not mapping with MethodMapper annotation: servePost
2022-01-10 09:13:50.063 DEBUG - Method not mapping with MethodMapper annotation: serveDelete
2022-01-10 09:13:50.063 DEBUG - Service not mapping with ServiceMapper annotation: org.chaostocosmos.leap.http.service.DeployService
2022-01-10 09:13:50.064 INFO  - Virtual host added - Server: leap2   Host: 192.168.1.28   Port: 8082   Doc-Root: home2   Logging path: logs/leap.log   Level: [DEBUG]
2022-01-10 09:13:50.064 INFO  - Virtual host added - Server: leap1   Host: 127.0.0.1   Port: 8080   Doc-Root: home1   Logging path: logs/leap.log   Level: [DEBUG]
2022-01-10 09:13:50.069 INFO  - Accepting connections on port 8082
2022-01-10 09:13:50.074 INFO  - Accepting connections on port 8080
2022-01-10 09:13:51.872 INFO  - Host: localhost:8080  Client request accepted... : /127.0.0.1
2022-01-10 09:13:53.006 DEBUG - Request host: localhost
2022-01-10 09:13:53.007 DEBUG - Accept: */*
User-Agent: PostmanRuntime/7.28.4
Connection: keep-alive
Postman-Token: ca59c6c3-d6df-44bd-8141-3c63e032d85a
Host: localhost:8080
Accept-Encoding: gzip, deflate, br
Content-Length: 102306
@Client: localhost
Content-Type: multipart/form-data; boundary=--------------------------442603762718031398744510
2022-01-10 09:13:53.009 DEBUG - .\home\webapp\WEB-INF\static\index.html   index.html   .\home\webapp\WEB-INF\static
2022-01-10 09:13:53.023 DEBUG - { httpRequestDescriptor='{ httpRequest='http://localhost:8080/ GET', httpVersion='HTTP/1.1', requestType='GET', requestedHost='localhost', reqHeader='{Accept=*/*, User-Agent=PostmanRuntime/7.28.4, Connection=keep-alive, Postman-Token=ca59c6c3-d6df-44bd-8141-3c63e032d85a, Host=localhost:8080, Accept-Encoding=gzip, deflate, br, Content-Length=102306, @Client=localhost, Content-Type=multipart/form-data; boundary=--------------------------442603762718031398744510}', contentType='multipart/form-data', reqBody='null', contextPath='/', url='http://localhost:8080/', contextParam='{}', multipartList='org.chaostocosmos.leap.http.HttpRequestDescriptor$MultipartDescriptor@74fb08aa'}', httpResponse='null', requestedHost='localhost', responseCode='200', responseBody='[B@61b0df8a', responseHeader='{Server=LeapWAS 1.0.0, Date=Mon Jan 10 09:13:53 KST 2022}'}
2022-01-10 09:17:29.060 INFO  - Leap WAS server starting...
2022-01-10 09:17:29.063 INFO  - --------------------------------------------------------------------------
2022-01-10 09:17:29.063 INFO  - ThreadPool initialized - CORE: 50 MAX: 50 KEEP-ALIVE WHEN IDLE(seconds): 30
2022-01-10 09:17:29.064 INFO  - verbose mode on
2022-01-10 09:17:29.098 INFO  - Add service: org.chaostocosmos.leap.http.service.TimeServiceImpl  Mapping path: /time/GetTime
2022-01-10 09:17:29.099 DEBUG - Method not mapping with MethodMapper annotation: serve
2022-01-10 09:17:29.099 DEBUG - Method not mapping with MethodMapper annotation: setFilters
2022-01-10 09:17:29.099 DEBUG - Method not mapping with MethodMapper annotation: servePost
2022-01-10 09:17:29.099 DEBUG - Method not mapping with MethodMapper annotation: serveGet
2022-01-10 09:17:29.100 DEBUG - Method not mapping with MethodMapper annotation: serveDelete
2022-01-10 09:17:29.100 DEBUG - Method not mapping with MethodMapper annotation: servePut
2022-01-10 09:17:29.100 DEBUG - Service not mapping with ServiceMapper annotation: org.chaostocosmos.leap.http.service.DeployService
2022-01-10 09:17:29.101 INFO  - Default host added - Server: leap   Host: localhost   Port: 8080   Doc-Root: home   Logging path: logs/leap.log   Level: [DEBUG]
2022-01-10 09:17:29.108 INFO  - Add service: org.chaostocosmos.leap.http.service.TimeServiceImpl  Mapping path: /time/GetTime
2022-01-10 09:17:29.108 DEBUG - Method not mapping with MethodMapper annotation: serve
2022-01-10 09:17:29.109 DEBUG - Method not mapping with MethodMapper annotation: setFilters
2022-01-10 09:17:29.109 DEBUG - Method not mapping with MethodMapper annotation: servePost
2022-01-10 09:17:29.109 DEBUG - Method not mapping with MethodMapper annotation: serveGet
2022-01-10 09:17:29.109 DEBUG - Method not mapping with MethodMapper annotation: serveDelete
2022-01-10 09:17:29.109 DEBUG - Method not mapping with MethodMapper annotation: servePut
2022-01-10 09:17:29.110 DEBUG - Service not mapping with ServiceMapper annotation: org.chaostocosmos.leap.http.service.DeployService
2022-01-10 09:17:29.110 INFO  - Virtual host added - Server: leap2   Host: 192.168.1.28   Port: 8082   Doc-Root: home2   Logging path: logs/leap.log   Level: [DEBUG]
2022-01-10 09:17:29.110 INFO  - Virtual host added - Server: leap1   Host: 127.0.0.1   Port: 8080   Doc-Root: home1   Logging path: logs/leap.log   Level: [DEBUG]
2022-01-10 09:17:29.116 INFO  - Accepting connections on port 8082
2022-01-10 09:17:29.121 INFO  - Accepting connections on port 8080
2022-01-10 09:17:30.940 INFO  - Host: localhost:8080  Client request accepted... : /127.0.0.1
2022-01-10 09:17:31.950 DEBUG - Request host: localhost
2022-01-10 09:17:31.951 DEBUG - Accept: */*
User-Agent: PostmanRuntime/7.28.4
Connection: keep-alive
Postman-Token: d956a965-f4c5-4f12-bd1d-5fb6ef2885f5
Host: localhost:8080
Accept-Encoding: gzip, deflate, br
Content-Length: 102306
@Client: localhost
Content-Type: multipart/form-data; boundary=--------------------------704705099041465527002642
2022-01-10 09:17:31.953 DEBUG - .\home\webapp\WEB-INF\static\index.html   index.html   .\home\webapp\WEB-INF\static
2022-01-10 09:17:31.967 DEBUG - { httpRequestDescriptor='{ httpRequest='http://localhost:8080/ GET', httpVersion='HTTP/1.1', requestType='GET', requestedHost='localhost', reqHeader='{Accept=*/*, User-Agent=PostmanRuntime/7.28.4, Connection=keep-alive, Postman-Token=d956a965-f4c5-4f12-bd1d-5fb6ef2885f5, Host=localhost:8080, Accept-Encoding=gzip, deflate, br, Content-Length=102306, @Client=localhost, Content-Type=multipart/form-data; boundary=--------------------------704705099041465527002642}', contentType='multipart/form-data', reqBody='null', contextPath='/', url='http://localhost:8080/', contextParam='{}', multipartList='org.chaostocosmos.leap.http.HttpRequestDescriptor$MultipartDescriptor@66833caf'}', httpResponse='null', requestedHost='localhost', responseCode='200', responseBody='[B@142771f6', responseHeader='{Server=LeapWAS 1.0.0, Date=Mon Jan 10 09:17:31 KST 2022}'}
2022-01-10 09:31:07.457 INFO  - Leap WAS server starting...
2022-01-10 09:31:07.461 INFO  - --------------------------------------------------------------------------
2022-01-10 09:31:07.461 INFO  - ThreadPool initialized - CORE: 50 MAX: 50 KEEP-ALIVE WHEN IDLE(seconds): 30
2022-01-10 09:31:07.461 INFO  - verbose mode on
2022-01-10 09:31:07.496 INFO  - Add service: org.chaostocosmos.leap.http.service.TimeServiceImpl  Mapping path: /time/GetTime
2022-01-10 09:31:07.496 DEBUG - Method not mapping with MethodMapper annotation: serve
2022-01-10 09:31:07.497 DEBUG - Method not mapping with MethodMapper annotation: setFilters
2022-01-10 09:31:07.497 DEBUG - Method not mapping with MethodMapper annotation: servePut
2022-01-10 09:31:07.497 DEBUG - Method not mapping with MethodMapper annotation: serveDelete
2022-01-10 09:31:07.497 DEBUG - Method not mapping with MethodMapper annotation: serveGet
2022-01-10 09:31:07.497 DEBUG - Method not mapping with MethodMapper annotation: servePost
2022-01-10 09:31:07.498 DEBUG - Service not mapping with ServiceMapper annotation: org.chaostocosmos.leap.http.service.DeployService
2022-01-10 09:31:07.498 INFO  - Default host added - Server: leap   Host: localhost   Port: 8080   Doc-Root: home   Logging path: logs/leap.log   Level: [DEBUG]
2022-01-10 09:31:07.506 INFO  - Add service: org.chaostocosmos.leap.http.service.TimeServiceImpl  Mapping path: /time/GetTime
2022-01-10 09:31:07.507 DEBUG - Method not mapping with MethodMapper annotation: serve
2022-01-10 09:31:07.507 DEBUG - Method not mapping with MethodMapper annotation: setFilters
2022-01-10 09:31:07.508 DEBUG - Method not mapping with MethodMapper annotation: servePut
2022-01-10 09:31:07.508 DEBUG - Method not mapping with MethodMapper annotation: serveDelete
2022-01-10 09:31:07.508 DEBUG - Method not mapping with MethodMapper annotation: serveGet
2022-01-10 09:31:07.508 DEBUG - Method not mapping with MethodMapper annotation: servePost
2022-01-10 09:31:07.508 DEBUG - Service not mapping with ServiceMapper annotation: org.chaostocosmos.leap.http.service.DeployService
2022-01-10 09:31:07.509 INFO  - Virtual host added - Server: leap2   Host: 192.168.1.28   Port: 8082   Doc-Root: home2   Logging path: logs/leap.log   Level: [DEBUG]
2022-01-10 09:31:07.509 INFO  - Virtual host added - Server: leap1   Host: 127.0.0.1   Port: 8080   Doc-Root: home1   Logging path: logs/leap.log   Level: [DEBUG]
2022-01-10 09:31:07.515 INFO  - Accepting connections on port 8082
2022-01-10 09:31:07.521 INFO  - Accepting connections on port 8080
2022-01-10 09:31:10.526 INFO  - Host: localhost:8080  Client request accepted... : /127.0.0.1
2022-01-10 09:31:11.690 DEBUG - Request host: localhost
2022-01-10 09:31:11.691 DEBUG - Accept: */*
User-Agent: PostmanRuntime/7.28.4
Connection: keep-alive
Postman-Token: d0dafdbf-1ffb-461f-8ee5-fe2c2b7b1ad7
Host: localhost:8080
Accept-Encoding: gzip, deflate, br
Content-Length: 102306
@Client: localhost
Content-Type: multipart/form-data; boundary=--------------------------823150885755935397538439
2022-01-10 09:31:11.693 DEBUG - .\home\webapp\WEB-INF\static\index.html   index.html   .\home\webapp\WEB-INF\static
2022-01-10 09:31:11.704 DEBUG - { httpRequestDescriptor='{ httpRequest='http://localhost:8080/ GET', httpVersion='HTTP/1.1', requestType='GET', requestedHost='localhost', reqHeader='{Accept=*/*, User-Agent=PostmanRuntime/7.28.4, Connection=keep-alive, Postman-Token=d0dafdbf-1ffb-461f-8ee5-fe2c2b7b1ad7, Host=localhost:8080, Accept-Encoding=gzip, deflate, br, Content-Length=102306, @Client=localhost, Content-Type=multipart/form-data; boundary=--------------------------823150885755935397538439}', contentType='multipart/form-data', reqBody='null', contextPath='/', url='http://localhost:8080/', contextParam='{}', multipartList='org.chaostocosmos.leap.http.HttpRequestDescriptor$MultipartDescriptor@3e16f792'}', httpResponse='null', requestedHost='localhost', responseCode='200', responseBody='[B@49e3da', responseHeader='{Server=LeapWAS 1.0.0, Date=Mon Jan 10 09:31:11 KST 2022}'}
2022-01-10 09:41:21.555 INFO  - Leap WAS server starting...
2022-01-10 09:41:21.557 INFO  - --------------------------------------------------------------------------
2022-01-10 09:41:21.558 INFO  - ThreadPool initialized - CORE: 50 MAX: 50 KEEP-ALIVE WHEN IDLE(seconds): 30
2022-01-10 09:41:21.558 INFO  - verbose mode on
2022-01-10 09:41:21.593 INFO  - Add service: org.chaostocosmos.leap.http.service.TimeServiceImpl  Mapping path: /time/GetTime
2022-01-10 09:41:21.593 DEBUG - Method not mapping with MethodMapper annotation: serve
2022-01-10 09:41:21.594 DEBUG - Method not mapping with MethodMapper annotation: setFilters
2022-01-10 09:41:21.594 DEBUG - Method not mapping with MethodMapper annotation: servePost
2022-01-10 09:41:21.594 DEBUG - Method not mapping with MethodMapper annotation: serveGet
2022-01-10 09:41:21.594 DEBUG - Method not mapping with MethodMapper annotation: servePut
2022-01-10 09:41:21.594 DEBUG - Method not mapping with MethodMapper annotation: serveDelete
2022-01-10 09:41:21.595 DEBUG - Service not mapping with ServiceMapper annotation: org.chaostocosmos.leap.http.service.DeployService
2022-01-10 09:41:21.595 INFO  - Default host added - Server: leap   Host: localhost   Port: 8080   Doc-Root: home   Logging path: logs/leap.log   Level: [DEBUG]
2022-01-10 09:41:21.628 INFO  - Add service: org.chaostocosmos.leap.http.service.TimeServiceImpl  Mapping path: /time/GetTime
2022-01-10 09:41:21.629 DEBUG - Method not mapping with MethodMapper annotation: serve
2022-01-10 09:41:21.629 DEBUG - Method not mapping with MethodMapper annotation: setFilters
2022-01-10 09:41:21.629 DEBUG - Method not mapping with MethodMapper annotation: servePost
2022-01-10 09:41:21.629 DEBUG - Method not mapping with MethodMapper annotation: serveGet
2022-01-10 09:41:21.630 DEBUG - Method not mapping with MethodMapper annotation: servePut
2022-01-10 09:41:21.630 DEBUG - Method not mapping with MethodMapper annotation: serveDelete
2022-01-10 09:41:21.630 DEBUG - Service not mapping with ServiceMapper annotation: org.chaostocosmos.leap.http.service.DeployService
2022-01-10 09:41:21.630 INFO  - Virtual host added - Server: leap2   Host: 192.168.1.28   Port: 8082   Doc-Root: home2   Logging path: logs/leap.log   Level: [DEBUG]
2022-01-10 09:41:21.631 INFO  - Virtual host added - Server: leap1   Host: 127.0.0.1   Port: 8080   Doc-Root: home1   Logging path: logs/leap.log   Level: [DEBUG]
2022-01-10 09:41:21.637 INFO  - Accepting connections on port 8082
2022-01-10 09:41:21.640 INFO  - Accepting connections on port 8080
2022-01-10 09:41:24.391 INFO  - Host: localhost:8080  Client request accepted... : /127.0.0.1
2022-01-10 09:42:18.563 INFO  - Leap WAS server starting...
2022-01-10 09:42:18.566 INFO  - --------------------------------------------------------------------------
2022-01-10 09:42:18.567 INFO  - ThreadPool initialized - CORE: 50 MAX: 50 KEEP-ALIVE WHEN IDLE(seconds): 30
2022-01-10 09:42:18.567 INFO  - verbose mode on
2022-01-10 09:42:18.600 INFO  - Add service: org.chaostocosmos.leap.http.service.TimeServiceImpl  Mapping path: /time/GetTime
2022-01-10 09:42:18.601 DEBUG - Method not mapping with MethodMapper annotation: serve
2022-01-10 09:42:18.601 DEBUG - Method not mapping with MethodMapper annotation: setFilters
2022-01-10 09:42:18.601 DEBUG - Method not mapping with MethodMapper annotation: serveDelete
2022-01-10 09:42:18.602 DEBUG - Method not mapping with MethodMapper annotation: servePost
2022-01-10 09:42:18.602 DEBUG - Method not mapping with MethodMapper annotation: serveGet
2022-01-10 09:42:18.602 DEBUG - Method not mapping with MethodMapper annotation: servePut
2022-01-10 09:42:18.602 DEBUG - Service not mapping with ServiceMapper annotation: org.chaostocosmos.leap.http.service.DeployService
2022-01-10 09:42:18.603 INFO  - Default host added - Server: leap   Host: localhost   Port: 8080   Doc-Root: home   Logging path: logs/leap.log   Level: [DEBUG]
2022-01-10 09:42:18.611 INFO  - Add service: org.chaostocosmos.leap.http.service.TimeServiceImpl  Mapping path: /time/GetTime
2022-01-10 09:42:18.611 DEBUG - Method not mapping with MethodMapper annotation: serve
2022-01-10 09:42:18.611 DEBUG - Method not mapping with MethodMapper annotation: setFilters
2022-01-10 09:42:18.611 DEBUG - Method not mapping with MethodMapper annotation: serveDelete
2022-01-10 09:42:18.612 DEBUG - Method not mapping with MethodMapper annotation: servePost
2022-01-10 09:42:18.612 DEBUG - Method not mapping with MethodMapper annotation: serveGet
2022-01-10 09:42:18.612 DEBUG - Method not mapping with MethodMapper annotation: servePut
2022-01-10 09:42:18.612 DEBUG - Service not mapping with ServiceMapper annotation: org.chaostocosmos.leap.http.service.DeployService
2022-01-10 09:42:18.612 INFO  - Virtual host added - Server: leap2   Host: 192.168.1.28   Port: 8082   Doc-Root: home2   Logging path: logs/leap.log   Level: [DEBUG]
2022-01-10 09:42:18.613 INFO  - Virtual host added - Server: leap1   Host: 127.0.0.1   Port: 8080   Doc-Root: home1   Logging path: logs/leap.log   Level: [DEBUG]
2022-01-10 09:42:18.617 INFO  - Accepting connections on port 8082
2022-01-10 09:42:18.621 INFO  - Accepting connections on port 8080
2022-01-10 09:42:20.894 INFO  - Host: localhost:8080  Client request accepted... : /127.0.0.1
2022-01-10 09:42:21.928 DEBUG - Request host: localhost
2022-01-10 09:42:21.929 DEBUG - Accept: */*
User-Agent: PostmanRuntime/7.28.4
Connection: keep-alive
Postman-Token: dfab0958-3872-48bf-9a85-0d765dd676d6
Host: localhost:8080
Accept-Encoding: gzip, deflate, br
Content-Length: 102306
@Client: localhost
Content-Type: multipart/form-data; boundary=--------------------------187921950804048439746450
2022-01-10 09:42:21.931 DEBUG - .\home\webapp\WEB-INF\static\index.html   index.html   .\home\webapp\WEB-INF\static
2022-01-10 09:42:21.944 DEBUG - { httpRequestDescriptor='{ httpRequest='http://localhost:8080/ GET', httpVersion='HTTP/1.1', requestType='GET', requestedHost='localhost', reqHeader='{Accept=*/*, User-Agent=PostmanRuntime/7.28.4, Connection=keep-alive, Postman-Token=dfab0958-3872-48bf-9a85-0d765dd676d6, Host=localhost:8080, Accept-Encoding=gzip, deflate, br, Content-Length=102306, @Client=localhost, Content-Type=multipart/form-data; boundary=--------------------------187921950804048439746450}', contentType='multipart/form-data', reqBody='null', contextPath='/', url='http://localhost:8080/', contextParam='{}', multipartList='org.chaostocosmos.leap.http.HttpRequestDescriptor$MultipartDescriptor@6c3f1a3e'}', httpResponse='null', requestedHost='localhost', responseCode='200', responseBody='[B@40e780a5', responseHeader='{Server=LeapWAS 1.0.0, Date=Mon Jan 10 09:42:21 KST 2022}'}
2022-01-10 09:42:54.329 INFO  - Leap WAS server starting...
2022-01-10 09:42:54.331 INFO  - --------------------------------------------------------------------------
2022-01-10 09:42:54.332 INFO  - ThreadPool initialized - CORE: 50 MAX: 50 KEEP-ALIVE WHEN IDLE(seconds): 30
2022-01-10 09:42:54.332 INFO  - verbose mode on
2022-01-10 09:42:54.372 INFO  - Add service: org.chaostocosmos.leap.http.service.TimeServiceImpl  Mapping path: /time/GetTime
2022-01-10 09:42:54.372 DEBUG - Method not mapping with MethodMapper annotation: setFilters
2022-01-10 09:42:54.372 DEBUG - Method not mapping with MethodMapper annotation: serve
2022-01-10 09:42:54.373 DEBUG - Method not mapping with MethodMapper annotation: servePut
2022-01-10 09:42:54.373 DEBUG - Method not mapping with MethodMapper annotation: serveDelete
2022-01-10 09:42:54.373 DEBUG - Method not mapping with MethodMapper annotation: servePost
2022-01-10 09:42:54.374 DEBUG - Method not mapping with MethodMapper annotation: serveGet
2022-01-10 09:42:54.374 DEBUG - Service not mapping with ServiceMapper annotation: org.chaostocosmos.leap.http.service.DeployService
2022-01-10 09:42:54.374 INFO  - Default host added - Server: leap   Host: localhost   Port: 8080   Doc-Root: home   Logging path: logs/leap.log   Level: [DEBUG]
2022-01-10 09:42:54.381 INFO  - Add service: org.chaostocosmos.leap.http.service.TimeServiceImpl  Mapping path: /time/GetTime
2022-01-10 09:42:54.382 DEBUG - Method not mapping with MethodMapper annotation: setFilters
2022-01-10 09:42:54.382 DEBUG - Method not mapping with MethodMapper annotation: serve
2022-01-10 09:42:54.382 DEBUG - Method not mapping with MethodMapper annotation: servePut
2022-01-10 09:42:54.382 DEBUG - Method not mapping with MethodMapper annotation: serveDelete
2022-01-10 09:42:54.383 DEBUG - Method not mapping with MethodMapper annotation: servePost
2022-01-10 09:42:54.383 DEBUG - Method not mapping with MethodMapper annotation: serveGet
2022-01-10 09:42:54.383 DEBUG - Service not mapping with ServiceMapper annotation: org.chaostocosmos.leap.http.service.DeployService
2022-01-10 09:42:54.383 INFO  - Virtual host added - Server: leap2   Host: 192.168.1.28   Port: 8082   Doc-Root: home2   Logging path: logs/leap.log   Level: [DEBUG]
2022-01-10 09:42:54.384 INFO  - Virtual host added - Server: leap1   Host: 127.0.0.1   Port: 8080   Doc-Root: home1   Logging path: logs/leap.log   Level: [DEBUG]
2022-01-10 09:42:54.389 INFO  - Accepting connections on port 8082
2022-01-10 09:42:54.393 INFO  - Accepting connections on port 8080
2022-01-10 09:42:56.761 INFO  - Host: localhost:8080  Client request accepted... : /127.0.0.1
2022-01-10 09:42:57.925 DEBUG - Request host: localhost
2022-01-10 09:42:57.926 DEBUG - Accept: */*
User-Agent: PostmanRuntime/7.28.4
Connection: keep-alive
Postman-Token: 7caddedc-8113-4124-9f40-675787c89d28
Host: localhost:8080
Accept-Encoding: gzip, deflate, br
Content-Length: 102306
@Client: localhost
Content-Type: multipart/form-data; boundary=--------------------------705263652659097492154744
2022-01-10 09:42:57.928 DEBUG - .\home\webapp\WEB-INF\static\index.html   index.html   .\home\webapp\WEB-INF\static
2022-01-10 09:42:57.946 DEBUG - { httpRequestDescriptor='{ httpRequest='http://localhost:8080/ GET', httpVersion='HTTP/1.1', requestType='GET', requestedHost='localhost', reqHeader='{Accept=*/*, User-Agent=PostmanRuntime/7.28.4, Connection=keep-alive, Postman-Token=7caddedc-8113-4124-9f40-675787c89d28, Host=localhost:8080, Accept-Encoding=gzip, deflate, br, Content-Length=102306, @Client=localhost, Content-Type=multipart/form-data; boundary=--------------------------705263652659097492154744}', contentType='multipart/form-data', reqBody='null', contextPath='/', url='http://localhost:8080/', contextParam='{}', multipartList='org.chaostocosmos.leap.http.HttpRequestDescriptor$MultipartDescriptor@7ec45649'}', httpResponse='null', requestedHost='localhost', responseCode='200', responseBody='[B@6360436b', responseHeader='{Server=LeapWAS 1.0.0, Date=Mon Jan 10 09:42:57 KST 2022}'}
2022-01-10 09:43:45.949 INFO  - Host: localhost:8080  Client request accepted... : /127.0.0.1
2022-01-10 09:44:46.004 DEBUG - Request host: localhost
2022-01-10 09:44:46.005 DEBUG - Accept: */*
User-Agent: PostmanRuntime/7.28.4
Connection: keep-alive
Postman-Token: db641942-4754-4793-a877-da8bb88b4f0b
Host: localhost:8080
Accept-Encoding: gzip, deflate, br
Content-Length: 12317509
@Client: localhost
Content-Type: multipart/form-data; boundary=--------------------------286063363512937008041827
2022-01-10 09:44:46.019 DEBUG - .\home\webapp\WEB-INF\static\index.html   index.html   .\home\webapp\WEB-INF\static
2022-01-10 09:44:46.020 DEBUG - { httpRequestDescriptor='{ httpRequest='http://localhost:8080/ GET', httpVersion='HTTP/1.1', requestType='GET', requestedHost='localhost', reqHeader='{Accept=*/*, User-Agent=PostmanRuntime/7.28.4, Connection=keep-alive, Postman-Token=db641942-4754-4793-a877-da8bb88b4f0b, Host=localhost:8080, Accept-Encoding=gzip, deflate, br, Content-Length=12317509, @Client=localhost, Content-Type=multipart/form-data; boundary=--------------------------286063363512937008041827}', contentType='multipart/form-data', reqBody='null', contextPath='/', url='http://localhost:8080/', contextParam='{}', multipartList='org.chaostocosmos.leap.http.HttpRequestDescriptor$MultipartDescriptor@7b31175a'}', httpResponse='null', requestedHost='localhost', responseCode='200', responseBody='[B@75f6f64c', responseHeader='{Server=LeapWAS 1.0.0, Date=Mon Jan 10 09:44:46 KST 2022}'}
2022-01-10 09:45:47.100 INFO  - Leap WAS server starting...
2022-01-10 09:45:47.103 INFO  - --------------------------------------------------------------------------
2022-01-10 09:45:47.103 INFO  - ThreadPool initialized - CORE: 50 MAX: 50 KEEP-ALIVE WHEN IDLE(seconds): 30
2022-01-10 09:45:47.104 INFO  - verbose mode on
2022-01-10 09:45:47.134 DEBUG - Method not mapping with MethodMapper annotation: setFilters
2022-01-10 09:45:47.135 DEBUG - Method not mapping with MethodMapper annotation: serve
2022-01-10 09:45:47.135 DEBUG - Method not mapping with MethodMapper annotation: servePost
2022-01-10 09:45:47.135 DEBUG - Method not mapping with MethodMapper annotation: servePut
2022-01-10 09:45:47.135 DEBUG - Method not mapping with MethodMapper annotation: serveGet
2022-01-10 09:45:47.135 DEBUG - Method not mapping with MethodMapper annotation: serveDelete
2022-01-10 09:45:47.152 INFO  - Add service: org.chaostocosmos.leap.http.service.TimeServiceImpl  Mapping path: /time/GetTime
2022-01-10 09:45:47.153 DEBUG - Service not mapping with ServiceMapper annotation: org.chaostocosmos.leap.http.service.DeployService
2022-01-10 09:45:47.153 INFO  - Default host added - Server: leap   Host: localhost   Port: 8080   Doc-Root: home   Logging path: logs/leap.log   Level: [DEBUG]
2022-01-10 09:45:47.163 DEBUG - Method not mapping with MethodMapper annotation: setFilters
2022-01-10 09:45:47.164 DEBUG - Method not mapping with MethodMapper annotation: serve
2022-01-10 09:45:47.164 DEBUG - Method not mapping with MethodMapper annotation: servePost
2022-01-10 09:45:47.165 DEBUG - Method not mapping with MethodMapper annotation: servePut
2022-01-10 09:45:47.165 DEBUG - Method not mapping with MethodMapper annotation: serveGet
2022-01-10 09:45:47.165 DEBUG - Method not mapping with MethodMapper annotation: serveDelete
2022-01-10 09:45:47.165 INFO  - Add service: org.chaostocosmos.leap.http.service.TimeServiceImpl  Mapping path: /time/GetTime
2022-01-10 09:45:47.166 DEBUG - Service not mapping with ServiceMapper annotation: org.chaostocosmos.leap.http.service.DeployService
2022-01-10 09:45:47.166 INFO  - Virtual host added - Server: leap2   Host: 192.168.1.28   Port: 8082   Doc-Root: home2   Logging path: logs/leap.log   Level: [DEBUG]
2022-01-10 09:45:47.166 INFO  - Virtual host added - Server: leap1   Host: 127.0.0.1   Port: 8080   Doc-Root: home1   Logging path: logs/leap.log   Level: [DEBUG]
2022-01-10 09:45:47.172 INFO  - Accepting connections on port 8082
2022-01-10 09:45:47.178 INFO  - Accepting connections on port 8080
2022-01-10 09:45:49.633 INFO  - Host: localhost:8080  Client request accepted... : /127.0.0.1
2022-01-10 09:48:02.516 INFO  - Leap WAS server starting...
2022-01-10 09:48:02.523 INFO  - --------------------------------------------------------------------------
2022-01-10 09:48:02.523 INFO  - ThreadPool initialized - CORE: 50 MAX: 50 KEEP-ALIVE WHEN IDLE(seconds): 30
2022-01-10 09:48:02.523 INFO  - verbose mode on
2022-01-10 09:48:02.598 INFO  - Add service: org.chaostocosmos.leap.http.service.TimeServiceImpl  Mapping path: /time/GetTime
2022-01-10 09:48:02.599 DEBUG - Method not mapping with MethodMapper annotation: serve
2022-01-10 09:48:02.599 DEBUG - Method not mapping with MethodMapper annotation: setFilters
2022-01-10 09:48:02.599 DEBUG - Method not mapping with MethodMapper annotation: servePost
2022-01-10 09:48:02.599 DEBUG - Method not mapping with MethodMapper annotation: serveGet
2022-01-10 09:48:02.600 DEBUG - Method not mapping with MethodMapper annotation: servePut
2022-01-10 09:48:02.600 DEBUG - Method not mapping with MethodMapper annotation: serveDelete
2022-01-10 09:48:02.601 DEBUG - Service not mapping with ServiceMapper annotation: org.chaostocosmos.leap.http.service.DeployService
2022-01-10 09:48:02.601 INFO  - Default host added - Server: leap   Host: localhost   Port: 8080   Doc-Root: home   Logging path: logs/leap.log   Level: [DEBUG]
2022-01-10 09:48:02.619 INFO  - Add service: org.chaostocosmos.leap.http.service.TimeServiceImpl  Mapping path: /time/GetTime
2022-01-10 09:48:02.620 DEBUG - Method not mapping with MethodMapper annotation: serve
2022-01-10 09:48:02.621 DEBUG - Method not mapping with MethodMapper annotation: setFilters
2022-01-10 09:48:02.622 DEBUG - Method not mapping with MethodMapper annotation: servePost
2022-01-10 09:48:02.622 DEBUG - Method not mapping with MethodMapper annotation: serveGet
2022-01-10 09:48:02.623 DEBUG - Method not mapping with MethodMapper annotation: servePut
2022-01-10 09:48:02.623 DEBUG - Method not mapping with MethodMapper annotation: serveDelete
2022-01-10 09:48:02.623 DEBUG - Service not mapping with ServiceMapper annotation: org.chaostocosmos.leap.http.service.DeployService
2022-01-10 09:48:02.623 INFO  - Virtual host added - Server: leap2   Host: 192.168.1.28   Port: 8082   Doc-Root: home2   Logging path: logs/leap.log   Level: [DEBUG]
2022-01-10 09:48:02.624 INFO  - Virtual host added - Server: leap1   Host: 127.0.0.1   Port: 8080   Doc-Root: home1   Logging path: logs/leap.log   Level: [DEBUG]
2022-01-10 09:48:02.639 ERROR - Address already in use: NET_Bind
java.net.BindException: Address already in use: NET_Bind
	at java.base/java.net.PlainSocketImpl.bind0(Native Method)
	at java.base/java.net.PlainSocketImpl.socketBind(PlainSocketImpl.java:132)
	at java.base/java.net.AbstractPlainSocketImpl.bind(AbstractPlainSocketImpl.java:436)
	at java.base/java.net.ServerSocket.bind(ServerSocket.java:395)
	at org.chaostocosmos.leap.http.LeapHttpServer.run(LeapHttpServer.java:175)
2022-01-10 09:48:02.642 ERROR - Address already in use: NET_Bind
java.net.BindException: Address already in use: NET_Bind
	at java.base/java.net.PlainSocketImpl.bind0(Native Method)
	at java.base/java.net.PlainSocketImpl.socketBind(PlainSocketImpl.java:132)
	at java.base/java.net.AbstractPlainSocketImpl.bind(AbstractPlainSocketImpl.java:436)
	at java.base/java.net.ServerSocket.bind(ServerSocket.java:395)
	at org.chaostocosmos.leap.http.LeapHttpServer.run(LeapHttpServer.java:175)
2022-01-10 09:48:19.993 INFO  - Leap WAS server starting...
2022-01-10 09:48:19.996 INFO  - --------------------------------------------------------------------------
2022-01-10 09:48:19.996 INFO  - ThreadPool initialized - CORE: 50 MAX: 50 KEEP-ALIVE WHEN IDLE(seconds): 30
2022-01-10 09:48:19.996 INFO  - verbose mode on
2022-01-10 09:48:20.034 INFO  - Add service: org.chaostocosmos.leap.http.service.TimeServiceImpl  Mapping path: /time/GetTime
2022-01-10 09:48:20.034 DEBUG - Method not mapping with MethodMapper annotation: serve
2022-01-10 09:48:20.034 DEBUG - Method not mapping with MethodMapper annotation: setFilters
2022-01-10 09:48:20.034 DEBUG - Method not mapping with MethodMapper annotation: serveDelete
2022-01-10 09:48:20.035 DEBUG - Method not mapping with MethodMapper annotation: servePut
2022-01-10 09:48:20.035 DEBUG - Method not mapping with MethodMapper annotation: servePost
2022-01-10 09:48:20.035 DEBUG - Method not mapping with MethodMapper annotation: serveGet
2022-01-10 09:48:20.035 DEBUG - Service not mapping with ServiceMapper annotation: org.chaostocosmos.leap.http.service.DeployService
2022-01-10 09:48:20.035 INFO  - Default host added - Server: leap   Host: localhost   Port: 8080   Doc-Root: home   Logging path: logs/leap.log   Level: [DEBUG]
2022-01-10 09:48:20.044 INFO  - Add service: org.chaostocosmos.leap.http.service.TimeServiceImpl  Mapping path: /time/GetTime
2022-01-10 09:48:20.045 DEBUG - Method not mapping with MethodMapper annotation: serve
2022-01-10 09:48:20.045 DEBUG - Method not mapping with MethodMapper annotation: setFilters
2022-01-10 09:48:20.045 DEBUG - Method not mapping with MethodMapper annotation: serveDelete
2022-01-10 09:48:20.046 DEBUG - Method not mapping with MethodMapper annotation: servePut
2022-01-10 09:48:20.046 DEBUG - Method not mapping with MethodMapper annotation: servePost
2022-01-10 09:48:20.046 DEBUG - Method not mapping with MethodMapper annotation: serveGet
2022-01-10 09:48:20.046 DEBUG - Service not mapping with ServiceMapper annotation: org.chaostocosmos.leap.http.service.DeployService
2022-01-10 09:48:20.046 INFO  - Virtual host added - Server: leap2   Host: 192.168.1.28   Port: 8082   Doc-Root: home2   Logging path: logs/leap.log   Level: [DEBUG]
2022-01-10 09:48:20.047 INFO  - Virtual host added - Server: leap1   Host: 127.0.0.1   Port: 8080   Doc-Root: home1   Logging path: logs/leap.log   Level: [DEBUG]
2022-01-10 09:48:20.052 INFO  - Accepting connections on port 8082
2022-01-10 09:48:20.057 INFO  - Accepting connections on port 8080
2022-01-10 09:48:45.475 INFO  - Leap WAS server starting...
2022-01-10 09:48:45.477 INFO  - --------------------------------------------------------------------------
2022-01-10 09:48:45.478 INFO  - ThreadPool initialized - CORE: 50 MAX: 50 KEEP-ALIVE WHEN IDLE(seconds): 30
2022-01-10 09:48:45.478 INFO  - verbose mode on
2022-01-10 09:48:45.516 INFO  - Add service: org.chaostocosmos.leap.http.service.TimeServiceImpl  Mapping path: /time/GetTime
2022-01-10 09:48:45.517 DEBUG - Method not mapping with MethodMapper annotation: serve
2022-01-10 09:48:45.517 DEBUG - Method not mapping with MethodMapper annotation: setFilters
2022-01-10 09:48:45.518 DEBUG - Method not mapping with MethodMapper annotation: serveGet
2022-01-10 09:48:45.518 DEBUG - Method not mapping with MethodMapper annotation: servePut
2022-01-10 09:48:45.518 DEBUG - Method not mapping with MethodMapper annotation: serveDelete
2022-01-10 09:48:45.518 DEBUG - Method not mapping with MethodMapper annotation: servePost
2022-01-10 09:48:45.518 DEBUG - Service not mapping with ServiceMapper annotation: org.chaostocosmos.leap.http.service.DeployService
2022-01-10 09:48:45.519 INFO  - Default host added - Server: leap   Host: localhost   Port: 8080   Doc-Root: home   Logging path: logs/leap.log   Level: [DEBUG]
2022-01-10 09:48:45.528 INFO  - Add service: org.chaostocosmos.leap.http.service.TimeServiceImpl  Mapping path: /time/GetTime
2022-01-10 09:48:45.529 DEBUG - Method not mapping with MethodMapper annotation: serve
2022-01-10 09:48:45.529 DEBUG - Method not mapping with MethodMapper annotation: setFilters
2022-01-10 09:48:45.529 DEBUG - Method not mapping with MethodMapper annotation: serveGet
2022-01-10 09:48:45.529 DEBUG - Method not mapping with MethodMapper annotation: servePut
2022-01-10 09:48:45.529 DEBUG - Method not mapping with MethodMapper annotation: serveDelete
2022-01-10 09:48:45.529 DEBUG - Method not mapping with MethodMapper annotation: servePost
2022-01-10 09:48:45.530 DEBUG - Service not mapping with ServiceMapper annotation: org.chaostocosmos.leap.http.service.DeployService
2022-01-10 09:48:45.530 INFO  - Virtual host added - Server: leap2   Host: 192.168.1.28   Port: 8082   Doc-Root: home2   Logging path: logs/leap.log   Level: [DEBUG]
2022-01-10 09:48:45.530 INFO  - Virtual host added - Server: leap1   Host: 127.0.0.1   Port: 8080   Doc-Root: home1   Logging path: logs/leap.log   Level: [DEBUG]
2022-01-10 09:48:45.536 INFO  - Accepting connections on port 8082
2022-01-10 09:48:45.541 INFO  - Accepting connections on port 8080
2022-01-10 09:48:47.511 INFO  - Host: localhost:8080  Client request accepted... : /127.0.0.1
2022-01-10 09:49:41.437 INFO  - Leap WAS server starting...
2022-01-10 09:49:41.440 INFO  - --------------------------------------------------------------------------
2022-01-10 09:49:41.440 INFO  - ThreadPool initialized - CORE: 50 MAX: 50 KEEP-ALIVE WHEN IDLE(seconds): 30
2022-01-10 09:49:41.441 INFO  - verbose mode on
2022-01-10 09:49:41.479 INFO  - Add service: org.chaostocosmos.leap.http.service.TimeServiceImpl  Mapping path: /time/GetTime
2022-01-10 09:49:41.480 DEBUG - Method not mapping with MethodMapper annotation: serve
2022-01-10 09:49:41.480 DEBUG - Method not mapping with MethodMapper annotation: setFilters
2022-01-10 09:49:41.480 DEBUG - Method not mapping with MethodMapper annotation: serveDelete
2022-01-10 09:49:41.481 DEBUG - Method not mapping with MethodMapper annotation: serveGet
2022-01-10 09:49:41.481 DEBUG - Method not mapping with MethodMapper annotation: servePost
2022-01-10 09:49:41.481 DEBUG - Method not mapping with MethodMapper annotation: servePut
2022-01-10 09:49:41.481 DEBUG - Service not mapping with ServiceMapper annotation: org.chaostocosmos.leap.http.service.DeployService
2022-01-10 09:49:41.482 INFO  - Default host added - Server: leap   Host: localhost   Port: 8080   Doc-Root: home   Logging path: logs/leap.log   Level: [DEBUG]
2022-01-10 09:49:41.489 INFO  - Add service: org.chaostocosmos.leap.http.service.TimeServiceImpl  Mapping path: /time/GetTime
2022-01-10 09:49:41.490 DEBUG - Method not mapping with MethodMapper annotation: serve
2022-01-10 09:49:41.490 DEBUG - Method not mapping with MethodMapper annotation: setFilters
2022-01-10 09:49:41.490 DEBUG - Method not mapping with MethodMapper annotation: serveDelete
2022-01-10 09:49:41.490 DEBUG - Method not mapping with MethodMapper annotation: serveGet
2022-01-10 09:49:41.491 DEBUG - Method not mapping with MethodMapper annotation: servePost
2022-01-10 09:49:41.491 DEBUG - Method not mapping with MethodMapper annotation: servePut
2022-01-10 09:49:41.491 DEBUG - Service not mapping with ServiceMapper annotation: org.chaostocosmos.leap.http.service.DeployService
2022-01-10 09:49:41.492 INFO  - Virtual host added - Server: leap2   Host: 192.168.1.28   Port: 8082   Doc-Root: home2   Logging path: logs/leap.log   Level: [DEBUG]
2022-01-10 09:49:41.492 INFO  - Virtual host added - Server: leap1   Host: 127.0.0.1   Port: 8080   Doc-Root: home1   Logging path: logs/leap.log   Level: [DEBUG]
2022-01-10 09:49:41.498 INFO  - Accepting connections on port 8082
2022-01-10 09:49:41.502 INFO  - Accepting connections on port 8080
2022-01-10 09:49:54.898 INFO  - Host: localhost:8080  Client request accepted... : /127.0.0.1
2022-01-10 09:51:13.586 INFO  - Leap WAS server starting...
2022-01-10 09:51:13.590 INFO  - --------------------------------------------------------------------------
2022-01-10 09:51:13.590 INFO  - ThreadPool initialized - CORE: 50 MAX: 50 KEEP-ALIVE WHEN IDLE(seconds): 30
2022-01-10 09:51:13.591 INFO  - verbose mode on
2022-01-10 09:51:13.642 INFO  - Add service: org.chaostocosmos.leap.http.service.TimeServiceImpl  Mapping path: /time/GetTime
2022-01-10 09:51:13.644 DEBUG - Method not mapping with MethodMapper annotation: serve
2022-01-10 09:51:13.645 DEBUG - Method not mapping with MethodMapper annotation: setFilters
2022-01-10 09:51:13.645 DEBUG - Method not mapping with MethodMapper annotation: servePost
2022-01-10 09:51:13.645 DEBUG - Method not mapping with MethodMapper annotation: servePut
2022-01-10 09:51:13.645 DEBUG - Method not mapping with MethodMapper annotation: serveGet
2022-01-10 09:51:13.646 DEBUG - Method not mapping with MethodMapper annotation: serveDelete
2022-01-10 09:51:13.646 DEBUG - Service not mapping with ServiceMapper annotation: org.chaostocosmos.leap.http.service.DeployService
2022-01-10 09:51:13.646 INFO  - Default host added - Server: leap   Host: localhost   Port: 8080   Doc-Root: home   Logging path: logs/leap.log   Level: [DEBUG]
2022-01-10 09:51:13.659 INFO  - Add service: org.chaostocosmos.leap.http.service.TimeServiceImpl  Mapping path: /time/GetTime
2022-01-10 09:51:13.659 DEBUG - Method not mapping with MethodMapper annotation: serve
2022-01-10 09:51:13.659 DEBUG - Method not mapping with MethodMapper annotation: setFilters
2022-01-10 09:51:13.659 DEBUG - Method not mapping with MethodMapper annotation: servePost
2022-01-10 09:51:13.660 DEBUG - Method not mapping with MethodMapper annotation: servePut
2022-01-10 09:51:13.660 DEBUG - Method not mapping with MethodMapper annotation: serveGet
2022-01-10 09:51:13.660 DEBUG - Method not mapping with MethodMapper annotation: serveDelete
2022-01-10 09:51:13.660 DEBUG - Service not mapping with ServiceMapper annotation: org.chaostocosmos.leap.http.service.DeployService
2022-01-10 09:51:13.661 INFO  - Virtual host added - Server: leap2   Host: 192.168.1.28   Port: 8082   Doc-Root: home2   Logging path: logs/leap.log   Level: [DEBUG]
2022-01-10 09:51:13.661 INFO  - Virtual host added - Server: leap1   Host: 127.0.0.1   Port: 8080   Doc-Root: home1   Logging path: logs/leap.log   Level: [DEBUG]
2022-01-10 09:51:13.669 INFO  - Accepting connections on port 8082
2022-01-10 09:51:13.672 INFO  - Accepting connections on port 8080
2022-01-10 09:51:15.998 INFO  - Host: localhost:8080  Client request accepted... : /127.0.0.1
2022-01-10 09:53:39.101 INFO  - Leap WAS server starting...
2022-01-10 09:53:39.104 INFO  - --------------------------------------------------------------------------
2022-01-10 09:53:39.104 INFO  - ThreadPool initialized - CORE: 50 MAX: 50 KEEP-ALIVE WHEN IDLE(seconds): 30
2022-01-10 09:53:39.104 INFO  - verbose mode on
2022-01-10 09:53:39.138 INFO  - Add service: org.chaostocosmos.leap.http.service.TimeServiceImpl  Mapping path: /time/GetTime
2022-01-10 09:53:39.138 DEBUG - Method not mapping with MethodMapper annotation: serve
2022-01-10 09:53:39.139 DEBUG - Method not mapping with MethodMapper annotation: setFilters
2022-01-10 09:53:39.139 DEBUG - Method not mapping with MethodMapper annotation: serveGet
2022-01-10 09:53:39.139 DEBUG - Method not mapping with MethodMapper annotation: servePost
2022-01-10 09:53:39.139 DEBUG - Method not mapping with MethodMapper annotation: servePut
2022-01-10 09:53:39.140 DEBUG - Method not mapping with MethodMapper annotation: serveDelete
2022-01-10 09:53:39.140 DEBUG - Service not mapping with ServiceMapper annotation: org.chaostocosmos.leap.http.service.DeployService
2022-01-10 09:53:39.140 INFO  - Default host added - Server: leap   Host: localhost   Port: 8080   Doc-Root: home   Logging path: logs/leap.log   Level: [DEBUG]
2022-01-10 09:53:39.148 INFO  - Add service: org.chaostocosmos.leap.http.service.TimeServiceImpl  Mapping path: /time/GetTime
2022-01-10 09:53:39.148 DEBUG - Method not mapping with MethodMapper annotation: serve
2022-01-10 09:53:39.149 DEBUG - Method not mapping with MethodMapper annotation: setFilters
2022-01-10 09:53:39.149 DEBUG - Method not mapping with MethodMapper annotation: serveGet
2022-01-10 09:53:39.149 DEBUG - Method not mapping with MethodMapper annotation: servePost
2022-01-10 09:53:39.149 DEBUG - Method not mapping with MethodMapper annotation: servePut
2022-01-10 09:53:39.149 DEBUG - Method not mapping with MethodMapper annotation: serveDelete
2022-01-10 09:53:39.150 DEBUG - Service not mapping with ServiceMapper annotation: org.chaostocosmos.leap.http.service.DeployService
2022-01-10 09:53:39.150 INFO  - Virtual host added - Server: leap2   Host: 192.168.1.28   Port: 8082   Doc-Root: home2   Logging path: logs/leap.log   Level: [DEBUG]
2022-01-10 09:53:39.150 INFO  - Virtual host added - Server: leap1   Host: 127.0.0.1   Port: 8080   Doc-Root: home1   Logging path: logs/leap.log   Level: [DEBUG]
2022-01-10 09:53:39.154 INFO  - Accepting connections on port 8082
2022-01-10 09:53:39.158 INFO  - Accepting connections on port 8080
2022-01-10 09:53:41.486 INFO  - Host: localhost:8080  Client request accepted... : /127.0.0.1
2022-01-10 09:56:10.304 DEBUG - Request host: localhost
2022-01-10 09:56:10.305 DEBUG - Accept: */*
User-Agent: PostmanRuntime/7.28.4
Connection: keep-alive
Postman-Token: 96c23950-8471-4ee3-a5e4-58689aaae8b1
Host: localhost:8080
Accept-Encoding: gzip, deflate, br
Content-Length: 12317509
@Client: localhost
Content-Type: multipart/form-data; boundary=--------------------------969000127182159097977866
2022-01-10 09:56:10.308 DEBUG - .\home\webapp\WEB-INF\static\index.html   index.html   .\home\webapp\WEB-INF\static
2022-01-10 09:56:10.326 DEBUG - { httpRequestDescriptor='{ httpRequest='http://localhost:8080/ GET', httpVersion='HTTP/1.1', requestType='GET', requestedHost='localhost', reqHeader='{Accept=*/*, User-Agent=PostmanRuntime/7.28.4, Connection=keep-alive, Postman-Token=96c23950-8471-4ee3-a5e4-58689aaae8b1, Host=localhost:8080, Accept-Encoding=gzip, deflate, br, Content-Length=12317509, @Client=localhost, Content-Type=multipart/form-data; boundary=--------------------------969000127182159097977866}', contentType='multipart/form-data', reqBody='null', contextPath='/', url='http://localhost:8080/', contextParam='{}', multipartList='org.chaostocosmos.leap.http.HttpRequestDescriptor$MultipartDescriptor@7ec45649'}', httpResponse='null', requestedHost='localhost', responseCode='200', responseBody='[B@6360436b', responseHeader='{Server=LeapWAS 1.0.0, Date=Mon Jan 10 09:56:10 KST 2022}'}
2022-01-10 09:57:23.792 INFO  - Leap WAS server starting...
2022-01-10 09:57:23.796 INFO  - --------------------------------------------------------------------------
2022-01-10 09:57:23.796 INFO  - ThreadPool initialized - CORE: 50 MAX: 50 KEEP-ALIVE WHEN IDLE(seconds): 30
2022-01-10 09:57:23.797 INFO  - verbose mode on
2022-01-10 09:57:23.902 INFO  - Add service: org.chaostocosmos.leap.http.service.TimeServiceImpl  Mapping path: /time/GetTime
2022-01-10 09:57:23.903 DEBUG - Method not mapping with MethodMapper annotation: setFilters
2022-01-10 09:57:23.903 DEBUG - Method not mapping with MethodMapper annotation: serve
2022-01-10 09:57:23.904 DEBUG - Method not mapping with MethodMapper annotation: serveDelete
2022-01-10 09:57:23.904 DEBUG - Method not mapping with MethodMapper annotation: servePost
2022-01-10 09:57:23.904 DEBUG - Method not mapping with MethodMapper annotation: servePut
2022-01-10 09:57:23.905 DEBUG - Method not mapping with MethodMapper annotation: serveGet
2022-01-10 09:57:23.905 DEBUG - Service not mapping with ServiceMapper annotation: org.chaostocosmos.leap.http.service.DeployService
2022-01-10 09:57:23.905 INFO  - Default host added - Server: leap   Host: localhost   Port: 8080   Doc-Root: home   Logging path: logs/leap.log   Level: [DEBUG]
2022-01-10 09:57:23.917 INFO  - Add service: org.chaostocosmos.leap.http.service.TimeServiceImpl  Mapping path: /time/GetTime
2022-01-10 09:57:23.917 DEBUG - Method not mapping with MethodMapper annotation: setFilters
2022-01-10 09:57:23.918 DEBUG - Method not mapping with MethodMapper annotation: serve
2022-01-10 09:57:23.918 DEBUG - Method not mapping with MethodMapper annotation: serveDelete
2022-01-10 09:57:23.918 DEBUG - Method not mapping with MethodMapper annotation: servePost
2022-01-10 09:57:23.918 DEBUG - Method not mapping with MethodMapper annotation: servePut
2022-01-10 09:57:23.918 DEBUG - Method not mapping with MethodMapper annotation: serveGet
2022-01-10 09:57:23.919 DEBUG - Service not mapping with ServiceMapper annotation: org.chaostocosmos.leap.http.service.DeployService
2022-01-10 09:57:23.919 INFO  - Virtual host added - Server: leap2   Host: 192.168.1.28   Port: 8082   Doc-Root: home2   Logging path: logs/leap.log   Level: [DEBUG]
2022-01-10 09:57:23.919 INFO  - Virtual host added - Server: leap1   Host: 127.0.0.1   Port: 8080   Doc-Root: home1   Logging path: logs/leap.log   Level: [DEBUG]
2022-01-10 09:57:23.926 INFO  - Accepting connections on port 8082
2022-01-10 09:57:23.931 INFO  - Accepting connections on port 8080
2022-01-10 09:57:27.275 INFO  - Host: localhost:8080  Client request accepted... : /127.0.0.1
2022-01-10 09:59:19.493 DEBUG - Request host: localhost
2022-01-10 09:59:19.494 DEBUG - Accept: */*
User-Agent: PostmanRuntime/7.28.4
Connection: keep-alive
Postman-Token: e4d626fd-f963-49ec-94be-fdabf822cda4
Host: localhost:8080
Accept-Encoding: gzip, deflate, br
Content-Length: 12317509
@Client: localhost
Content-Type: multipart/form-data; boundary=--------------------------720185817632204397364566
2022-01-10 09:59:19.496 DEBUG - .\home\webapp\WEB-INF\static\index.html   index.html   .\home\webapp\WEB-INF\static
2022-01-10 09:59:19.513 DEBUG - { httpRequestDescriptor='{ httpRequest='http://localhost:8080/ GET', httpVersion='HTTP/1.1', requestType='GET', requestedHost='localhost', reqHeader='{Accept=*/*, User-Agent=PostmanRuntime/7.28.4, Connection=keep-alive, Postman-Token=e4d626fd-f963-49ec-94be-fdabf822cda4, Host=localhost:8080, Accept-Encoding=gzip, deflate, br, Content-Length=12317509, @Client=localhost, Content-Type=multipart/form-data; boundary=--------------------------720185817632204397364566}', contentType='multipart/form-data', reqBody='null', contextPath='/', url='http://localhost:8080/', contextParam='{}', multipartList='org.chaostocosmos.leap.http.HttpRequestDescriptor$MultipartDescriptor@69044b6b'}', httpResponse='null', requestedHost='localhost', responseCode='200', responseBody='[B@3e482b8', responseHeader='{Server=LeapWAS 1.0.0, Date=Mon Jan 10 09:59:19 KST 2022}'}
2022-01-10 09:59:28.591 INFO  - Leap WAS server starting...
2022-01-10 09:59:28.593 INFO  - --------------------------------------------------------------------------
2022-01-10 09:59:28.596 INFO  - ThreadPool initialized - CORE: 50 MAX: 50 KEEP-ALIVE WHEN IDLE(seconds): 30
2022-01-10 09:59:28.597 INFO  - verbose mode on
2022-01-10 09:59:28.634 INFO  - Add service: org.chaostocosmos.leap.http.service.TimeServiceImpl  Mapping path: /time/GetTime
2022-01-10 09:59:28.635 DEBUG - Method not mapping with MethodMapper annotation: serve
2022-01-10 09:59:28.635 DEBUG - Method not mapping with MethodMapper annotation: setFilters
2022-01-10 09:59:28.635 DEBUG - Method not mapping with MethodMapper annotation: serveGet
2022-01-10 09:59:28.635 DEBUG - Method not mapping with MethodMapper annotation: servePost
2022-01-10 09:59:28.636 DEBUG - Method not mapping with MethodMapper annotation: servePut
2022-01-10 09:59:28.636 DEBUG - Method not mapping with MethodMapper annotation: serveDelete
2022-01-10 09:59:28.636 DEBUG - Service not mapping with ServiceMapper annotation: org.chaostocosmos.leap.http.service.DeployService
2022-01-10 09:59:28.636 INFO  - Default host added - Server: leap   Host: localhost   Port: 8080   Doc-Root: home   Logging path: logs/leap.log   Level: [DEBUG]
2022-01-10 09:59:28.669 INFO  - Add service: org.chaostocosmos.leap.http.service.TimeServiceImpl  Mapping path: /time/GetTime
2022-01-10 09:59:28.670 DEBUG - Method not mapping with MethodMapper annotation: serve
2022-01-10 09:59:28.671 DEBUG - Method not mapping with MethodMapper annotation: setFilters
2022-01-10 09:59:28.671 DEBUG - Method not mapping with MethodMapper annotation: serveGet
2022-01-10 09:59:28.671 DEBUG - Method not mapping with MethodMapper annotation: servePost
2022-01-10 09:59:28.672 DEBUG - Method not mapping with MethodMapper annotation: servePut
2022-01-10 09:59:28.672 DEBUG - Method not mapping with MethodMapper annotation: serveDelete
2022-01-10 09:59:28.672 DEBUG - Service not mapping with ServiceMapper annotation: org.chaostocosmos.leap.http.service.DeployService
2022-01-10 09:59:28.673 INFO  - Virtual host added - Server: leap2   Host: 192.168.1.28   Port: 8082   Doc-Root: home2   Logging path: logs/leap.log   Level: [DEBUG]
2022-01-10 09:59:28.673 INFO  - Virtual host added - Server: leap1   Host: 127.0.0.1   Port: 8080   Doc-Root: home1   Logging path: logs/leap.log   Level: [DEBUG]
2022-01-10 09:59:28.678 INFO  - Accepting connections on port 8082
2022-01-10 09:59:28.683 INFO  - Accepting connections on port 8080
2022-01-10 09:59:30.417 INFO  - Host: localhost:8080  Client request accepted... : /127.0.0.1
