2022-02-28 16:19:28.091 INFO  - Leap WAS server starting......
2022-02-28 16:19:28.101 INFO  - --------------------------------------------------------------------------
2022-02-28 16:19:28.103 INFO  - ThreadPool initialized - CORE: 50 MAX: 50 KEEP-ALIVE WHEN IDLE(seconds): 30
2022-02-28 16:19:28.109 INFO  - verbose mode on
2022-02-28 16:19:28.202 DEBUG - Method not mapped with MethodMapper: errorHandling
2022-02-28 16:19:28.202 DEBUG - Method not mapped with MethodMapper: removeService
2022-02-28 16:19:28.204 DEBUG - Method not mapped with MethodMapper: deployService
2022-02-28 16:19:28.210 DEBUG - org.chaostocosmos.leap.http.services.LeapServiceDeploy@65f095f8 : POST
2022-02-28 16:19:28.211 INFO  - Add service: org.chaostocosmos.leap.http.services.LeapServiceDeploy  Mapping path: /deploy/upload
2022-02-28 16:19:28.214 DEBUG - org.chaostocosmos.leap.http.services.TimeServiceImpl@2e55dd0c : GET
2022-02-28 16:19:28.215 INFO  - Add service: org.chaostocosmos.leap.http.services.TimeServiceImpl  Mapping path: /time/GetTime
2022-02-28 16:19:28.215 DEBUG - Method not mapped with MethodMapper: errorHandling
2022-02-28 16:19:28.215 DEBUG - org.chaostocosmos.leap.http.services.TimeServiceImpl@e7edb54 : GET
2022-02-28 16:19:28.216 INFO  - Add service: org.chaostocosmos.leap.http.services.TimeServiceImpl  Mapping path: /time/GetTime
2022-02-28 16:19:28.216 DEBUG - Method not mapped with MethodMapper: errorHandling
2022-02-28 16:19:28.217 INFO  - [DEFAULT HOST] - Protocol: HTTP_1_0   Server: leap   Host: localhost   Port: 8080   Doc-Root: home   Logging path: logs\leap.log   Level: [DEBUG]
2022-02-28 16:19:28.225 DEBUG - Method not mapped with MethodMapper: errorHandling
2022-02-28 16:19:28.225 DEBUG - Method not mapped with MethodMapper: removeService
2022-02-28 16:19:28.229 DEBUG - Method not mapped with MethodMapper: deployService
2022-02-28 16:19:28.231 DEBUG - org.chaostocosmos.leap.http.services.LeapServiceDeploy@3738449f : POST
2022-02-28 16:19:28.231 INFO  - Add service: org.chaostocosmos.leap.http.services.LeapServiceDeploy  Mapping path: /deploy/upload
2022-02-28 16:19:28.231 DEBUG - org.chaostocosmos.leap.http.services.TimeServiceImpl@69e1dd28 : GET
2022-02-28 16:19:28.232 INFO  - Add service: org.chaostocosmos.leap.http.services.TimeServiceImpl  Mapping path: /time/GetTime
2022-02-28 16:19:28.232 DEBUG - Method not mapped with MethodMapper: errorHandling
2022-02-28 16:19:28.233 INFO  - [VIRTUAL HOST] - Protocol: HTTPS_1_0   Server: leap1   Host: awesome   Port: 8082   Doc-Root: home1   Logging path: logs\leap.log   Level: [DEBUG]
2022-02-28 16:19:28.243 DEBUG - Method not mapped with MethodMapper: errorHandling
2022-02-28 16:19:28.244 DEBUG - Method not mapped with MethodMapper: removeService
2022-02-28 16:19:28.245 DEBUG - Method not mapped with MethodMapper: deployService
2022-02-28 16:19:28.246 DEBUG - org.chaostocosmos.leap.http.services.LeapServiceDeploy@c333c60 : POST
2022-02-28 16:19:28.247 INFO  - Add service: org.chaostocosmos.leap.http.services.LeapServiceDeploy  Mapping path: /deploy/upload
2022-02-28 16:19:28.248 DEBUG - org.chaostocosmos.leap.http.services.TimeServiceImpl@79da8dc5 : GET
2022-02-28 16:19:28.248 INFO  - Add service: org.chaostocosmos.leap.http.services.TimeServiceImpl  Mapping path: /time/GetTime
2022-02-28 16:19:28.248 DEBUG - Method not mapped with MethodMapper: errorHandling
2022-02-28 16:19:28.249 INFO  - [VIRTUAL HOST] - Protocol: HTTP_1_0   Server: leap2   Host: www.leap1.org   Port: 8081   Doc-Root: home2   Logging path: logs\leap.log   Level: [DEBUG]
2022-02-28 16:19:28.250 INFO  - --------------------------------------------------------------------------
2022-02-28 16:19:28.254 INFO  - [HTTP SERVER START] Address: localhost/127.0.0.1:8080
2022-02-28 16:19:28.254 INFO  - [HTTP SERVER START] Address: www.leap1.org/127.0.0.1:8081
2022-02-28 16:19:28.749 INFO  - [HTTPS SERVER START] Address: awesome/127.0.0.1:8082  Protocol: TLS  KeyStore: leap-keystore.jks  Supported Protocol: [TLSv1.3, TLSv1.2, TLSv1.1, TLSv1, SSLv3, SSLv2Hello]
2022-02-28 16:39:06.595 INFO  - Leap WAS server starting......
2022-02-28 16:39:06.598 INFO  - --------------------------------------------------------------------------
2022-02-28 16:39:06.599 INFO  - ThreadPool initialized - CORE: 50 MAX: 50 KEEP-ALIVE WHEN IDLE(seconds): 30
2022-02-28 16:39:06.599 INFO  - verbose mode on
2022-02-28 16:39:06.638 DEBUG - Method not mapped with MethodMapper: removeService
2022-02-28 16:39:06.639 DEBUG - Method not mapped with MethodMapper: errorHandling
2022-02-28 16:39:06.642 DEBUG - org.chaostocosmos.leap.http.services.LeapServiceDeploy@4da4253 : POST
2022-02-28 16:39:06.642 INFO  - Add service: org.chaostocosmos.leap.http.services.LeapServiceDeploy  Mapping path: /deploy/upload
2022-02-28 16:39:06.642 DEBUG - Method not mapped with MethodMapper: deployService
2022-02-28 16:39:06.644 DEBUG - org.chaostocosmos.leap.http.services.TimeServiceImpl@19d481b : GET
2022-02-28 16:39:06.644 INFO  - Add service: org.chaostocosmos.leap.http.services.TimeServiceImpl  Mapping path: /time/GetTime
2022-02-28 16:39:06.644 DEBUG - Method not mapped with MethodMapper: errorHandling
2022-02-28 16:39:06.644 DEBUG - org.chaostocosmos.leap.http.services.TimeServiceImpl@140c9f39 : GET
2022-02-28 16:39:06.645 INFO  - Add service: org.chaostocosmos.leap.http.services.TimeServiceImpl  Mapping path: /time/GetTime
2022-02-28 16:39:06.645 DEBUG - Method not mapped with MethodMapper: errorHandling
2022-02-28 16:39:06.645 INFO  - [DEFAULT HOST] - Protocol: HTTP_1_0   Server: leap   Host: localhost   Port: 8080   Doc-Root: home   Logging path: logs\leap.log   Level: [DEBUG]
2022-02-28 16:39:06.651 DEBUG - Method not mapped with MethodMapper: removeService
2022-02-28 16:39:06.651 DEBUG - Method not mapped with MethodMapper: errorHandling
2022-02-28 16:39:06.651 DEBUG - org.chaostocosmos.leap.http.services.LeapServiceDeploy@26275bef : POST
2022-02-28 16:39:06.652 INFO  - Add service: org.chaostocosmos.leap.http.services.LeapServiceDeploy  Mapping path: /deploy/upload
2022-02-28 16:39:06.652 DEBUG - Method not mapped with MethodMapper: deployService
2022-02-28 16:39:06.652 DEBUG - org.chaostocosmos.leap.http.services.TimeServiceImpl@7690781 : GET
2022-02-28 16:39:06.652 INFO  - Add service: org.chaostocosmos.leap.http.services.TimeServiceImpl  Mapping path: /time/GetTime
2022-02-28 16:39:06.652 DEBUG - Method not mapped with MethodMapper: errorHandling
2022-02-28 16:39:06.653 INFO  - [VIRTUAL HOST] - Protocol: HTTPS_1_0   Server: leap1   Host: awesome   Port: 8082   Doc-Root: home1   Logging path: logs\leap.log   Level: [DEBUG]
2022-02-28 16:39:06.658 DEBUG - Method not mapped with MethodMapper: removeService
2022-02-28 16:39:06.658 DEBUG - Method not mapped with MethodMapper: errorHandling
2022-02-28 16:39:06.659 DEBUG - org.chaostocosmos.leap.http.services.LeapServiceDeploy@3246fb96 : POST
2022-02-28 16:39:06.659 INFO  - Add service: org.chaostocosmos.leap.http.services.LeapServiceDeploy  Mapping path: /deploy/upload
2022-02-28 16:39:06.659 DEBUG - Method not mapped with MethodMapper: deployService
2022-02-28 16:39:06.659 DEBUG - org.chaostocosmos.leap.http.services.TimeServiceImpl@2e222612 : GET
2022-02-28 16:39:06.660 INFO  - Add service: org.chaostocosmos.leap.http.services.TimeServiceImpl  Mapping path: /time/GetTime
2022-02-28 16:39:06.660 DEBUG - Method not mapped with MethodMapper: errorHandling
2022-02-28 16:39:06.660 INFO  - [VIRTUAL HOST] - Protocol: HTTP_1_0   Server: leap2   Host: www.leap1.org   Port: 8081   Doc-Root: home2   Logging path: logs\leap.log   Level: [DEBUG]
2022-02-28 16:39:06.660 INFO  - --------------------------------------------------------------------------
2022-02-28 16:39:06.663 INFO  - [HTTP SERVER START] Address: www.leap1.org/127.0.0.1:8081
2022-02-28 16:39:06.663 INFO  - [HTTP SERVER START] Address: localhost/127.0.0.1:8080
2022-02-28 16:39:06.994 INFO  - [HTTPS SERVER START] Address: awesome/127.0.0.1:8082  Protocol: TLS  KeyStore: leap-keystore.jks  Supported Protocol: [TLSv1.3, TLSv1.2, TLSv1.1, TLSv1, SSLv3, SSLv2Hello]
2022-02-28 16:40:13.718 INFO  - Leap WAS server starting......
2022-02-28 16:40:13.723 INFO  - --------------------------------------------------------------------------
2022-02-28 16:40:13.723 INFO  - ThreadPool initialized - CORE: 50 MAX: 50 KEEP-ALIVE WHEN IDLE(seconds): 30
2022-02-28 16:40:13.724 INFO  - verbose mode on
2022-02-28 16:40:13.774 DEBUG - Method not mapped with MethodMapper: removeService
2022-02-28 16:40:13.774 DEBUG - Method not mapped with MethodMapper: errorHandling
2022-02-28 16:40:13.778 DEBUG - org.chaostocosmos.leap.http.services.LeapServiceDeploy@4da4253 : POST
2022-02-28 16:40:13.778 INFO  - Add service: org.chaostocosmos.leap.http.services.LeapServiceDeploy  Mapping path: /deploy/upload
2022-02-28 16:40:13.779 DEBUG - Method not mapped with MethodMapper: deployService
2022-02-28 16:40:13.780 DEBUG - org.chaostocosmos.leap.http.services.TimeServiceImpl@19d481b : GET
2022-02-28 16:40:13.780 INFO  - Add service: org.chaostocosmos.leap.http.services.TimeServiceImpl  Mapping path: /time/GetTime
2022-02-28 16:40:13.780 DEBUG - Method not mapped with MethodMapper: errorHandling
2022-02-28 16:40:13.781 DEBUG - org.chaostocosmos.leap.http.services.TimeServiceImpl@140c9f39 : GET
2022-02-28 16:40:13.781 INFO  - Add service: org.chaostocosmos.leap.http.services.TimeServiceImpl  Mapping path: /time/GetTime
2022-02-28 16:40:13.782 DEBUG - Method not mapped with MethodMapper: errorHandling
2022-02-28 16:40:13.782 INFO  - [DEFAULT HOST] - Protocol: HTTP_1_0   Server: leap   Host: localhost   Port: 8080   Doc-Root: home   Logging path: logs\leap.log   Level: [DEBUG]
2022-02-28 16:40:13.790 DEBUG - Method not mapped with MethodMapper: removeService
2022-02-28 16:40:13.791 DEBUG - Method not mapped with MethodMapper: errorHandling
2022-02-28 16:40:13.791 DEBUG - org.chaostocosmos.leap.http.services.LeapServiceDeploy@26275bef : POST
2022-02-28 16:40:13.792 INFO  - Add service: org.chaostocosmos.leap.http.services.LeapServiceDeploy  Mapping path: /deploy/upload
2022-02-28 16:40:13.792 DEBUG - Method not mapped with MethodMapper: deployService
2022-02-28 16:40:13.792 DEBUG - org.chaostocosmos.leap.http.services.TimeServiceImpl@7690781 : GET
2022-02-28 16:40:13.792 INFO  - Add service: org.chaostocosmos.leap.http.services.TimeServiceImpl  Mapping path: /time/GetTime
2022-02-28 16:40:13.793 DEBUG - Method not mapped with MethodMapper: errorHandling
2022-02-28 16:40:13.793 INFO  - [VIRTUAL HOST] - Protocol: HTTPS_1_0   Server: leap1   Host: awesome   Port: 8082   Doc-Root: home1   Logging path: logs\leap.log   Level: [DEBUG]
2022-02-28 16:40:13.799 DEBUG - Method not mapped with MethodMapper: removeService
2022-02-28 16:40:13.799 DEBUG - Method not mapped with MethodMapper: errorHandling
2022-02-28 16:40:13.799 DEBUG - org.chaostocosmos.leap.http.services.LeapServiceDeploy@3246fb96 : POST
2022-02-28 16:40:13.799 INFO  - Add service: org.chaostocosmos.leap.http.services.LeapServiceDeploy  Mapping path: /deploy/upload
2022-02-28 16:40:13.799 DEBUG - Method not mapped with MethodMapper: deployService
2022-02-28 16:40:13.799 DEBUG - org.chaostocosmos.leap.http.services.TimeServiceImpl@2e222612 : GET
2022-02-28 16:40:13.800 INFO  - Add service: org.chaostocosmos.leap.http.services.TimeServiceImpl  Mapping path: /time/GetTime
2022-02-28 16:40:13.800 DEBUG - Method not mapped with MethodMapper: errorHandling
2022-02-28 16:40:13.800 INFO  - [VIRTUAL HOST] - Protocol: HTTP_1_0   Server: leap2   Host: www.leap1.org   Port: 8081   Doc-Root: home2   Logging path: logs\leap.log   Level: [DEBUG]
2022-02-28 16:40:13.800 INFO  - --------------------------------------------------------------------------
2022-02-28 16:40:13.804 INFO  - [HTTP SERVER START] Address: www.leap1.org/127.0.0.1:8081
2022-02-28 16:40:13.804 INFO  - [HTTP SERVER START] Address: localhost/127.0.0.1:8080
2022-02-28 16:40:14.273 INFO  - [HTTPS SERVER START] Address: awesome/127.0.0.1:8082  Protocol: TLS  KeyStore: leap-keystore.jks  Supported Protocol: [TLSv1.3, TLSv1.2, TLSv1.1, TLSv1, SSLv3, SSLv2Hello]
2022-02-28 16:41:33.740 INFO  - Leap WAS server starting......
2022-02-28 16:41:33.745 INFO  - --------------------------------------------------------------------------
2022-02-28 16:41:33.745 INFO  - ThreadPool initialized - CORE: 50 MAX: 50 KEEP-ALIVE WHEN IDLE(seconds): 30
2022-02-28 16:41:33.745 INFO  - verbose mode on
2022-02-28 16:41:33.815 DEBUG - Method not mapped with MethodMapper: removeService
2022-02-28 16:41:33.816 DEBUG - Method not mapped with MethodMapper: errorHandling
2022-02-28 16:41:33.819 DEBUG - org.chaostocosmos.leap.http.services.LeapServiceDeploy@4da4253 : POST
2022-02-28 16:41:33.820 INFO  - Add service: org.chaostocosmos.leap.http.services.LeapServiceDeploy  Mapping path: /deploy/upload
2022-02-28 16:41:33.820 DEBUG - Method not mapped with MethodMapper: deployService
2022-02-28 16:41:33.821 DEBUG - org.chaostocosmos.leap.http.services.TimeServiceImpl@19d481b : GET
2022-02-28 16:41:33.821 INFO  - Add service: org.chaostocosmos.leap.http.services.TimeServiceImpl  Mapping path: /time/GetTime
2022-02-28 16:41:33.821 DEBUG - Method not mapped with MethodMapper: errorHandling
2022-02-28 16:41:33.822 DEBUG - org.chaostocosmos.leap.http.services.TimeServiceImpl@140c9f39 : GET
2022-02-28 16:41:33.822 INFO  - Add service: org.chaostocosmos.leap.http.services.TimeServiceImpl  Mapping path: /time/GetTime
2022-02-28 16:41:33.822 DEBUG - Method not mapped with MethodMapper: errorHandling
2022-02-28 16:41:33.823 INFO  - [DEFAULT HOST] - Protocol: HTTP_1_0   Server: leap   Host: localhost   Port: 8080   Doc-Root: home   Logging path: logs\leap.log   Level: [DEBUG]
2022-02-28 16:41:33.871 DEBUG - Method not mapped with MethodMapper: removeService
2022-02-28 16:41:33.872 DEBUG - Method not mapped with MethodMapper: errorHandling
2022-02-28 16:41:33.873 DEBUG - org.chaostocosmos.leap.http.services.LeapServiceDeploy@26275bef : POST
2022-02-28 16:41:33.873 INFO  - Add service: org.chaostocosmos.leap.http.services.LeapServiceDeploy  Mapping path: /deploy/upload
2022-02-28 16:41:33.873 DEBUG - Method not mapped with MethodMapper: deployService
2022-02-28 16:41:33.874 DEBUG - org.chaostocosmos.leap.http.services.TimeServiceImpl@7690781 : GET
2022-02-28 16:41:33.874 INFO  - Add service: org.chaostocosmos.leap.http.services.TimeServiceImpl  Mapping path: /time/GetTime
2022-02-28 16:41:33.874 DEBUG - Method not mapped with MethodMapper: errorHandling
2022-02-28 16:41:33.875 INFO  - [VIRTUAL HOST] - Protocol: HTTPS_1_0   Server: leap1   Host: awesome   Port: 8082   Doc-Root: home1   Logging path: logs\leap.log   Level: [DEBUG]
2022-02-28 16:41:33.881 DEBUG - Method not mapped with MethodMapper: removeService
2022-02-28 16:41:33.881 DEBUG - Method not mapped with MethodMapper: errorHandling
2022-02-28 16:41:33.882 DEBUG - org.chaostocosmos.leap.http.services.LeapServiceDeploy@3246fb96 : POST
2022-02-28 16:41:33.882 INFO  - Add service: org.chaostocosmos.leap.http.services.LeapServiceDeploy  Mapping path: /deploy/upload
2022-02-28 16:41:33.882 DEBUG - Method not mapped with MethodMapper: deployService
2022-02-28 16:41:33.882 DEBUG - org.chaostocosmos.leap.http.services.TimeServiceImpl@2e222612 : GET
2022-02-28 16:41:33.883 INFO  - Add service: org.chaostocosmos.leap.http.services.TimeServiceImpl  Mapping path: /time/GetTime
2022-02-28 16:41:33.883 DEBUG - Method not mapped with MethodMapper: errorHandling
2022-02-28 16:41:33.883 INFO  - [VIRTUAL HOST] - Protocol: HTTP_1_0   Server: leap2   Host: www.leap1.org   Port: 8081   Doc-Root: home2   Logging path: logs\leap.log   Level: [DEBUG]
2022-02-28 16:41:33.883 INFO  - --------------------------------------------------------------------------
2022-02-28 16:41:33.886 INFO  - [HTTP SERVER START] Address: www.leap1.org/127.0.0.1:8081
2022-02-28 16:41:33.886 INFO  - [HTTP SERVER START] Address: localhost/127.0.0.1:8080
2022-02-28 16:41:34.251 INFO  - [HTTPS SERVER START] Address: awesome/127.0.0.1:8082  Protocol: TLS  KeyStore: leap-keystore.jks  Supported Protocol: [TLSv1.3, TLSv1.2, TLSv1.1, TLSv1, SSLv3, SSLv2Hello]
