2022-01-04 10:01:27.655 INFO  - Leap WAS server starting...
2022-01-04 10:01:27.662 INFO  - --------------------------------------------------------------------------
2022-01-04 10:01:27.662 INFO  - ThreadPool initialized - CORE: 50 MAX: 50 KEEP-ALIVE WHEN IDLE(seconds): 30
2022-01-04 10:01:27.663 INFO  - verbose mode on
2022-01-04 10:01:27.792 INFO  - Add service: org.chaostocosmos.leap.http.service.TimeServiceImpl  Mapping path: /time/GetTime
2022-01-04 10:01:27.799 DEBUG - Method not mapping with MethodMapper annotation: serveGet
2022-01-04 10:01:27.805 DEBUG - Method not mapping with MethodMapper annotation: servePost
2022-01-04 10:01:27.808 DEBUG - Method not mapping with MethodMapper annotation: serve
2022-01-04 10:01:27.813 DEBUG - Method not mapping with MethodMapper annotation: setFilters
2022-01-04 10:01:27.820 DEBUG - Method not mapping with MethodMapper annotation: serveDelete
2022-01-04 10:01:27.824 DEBUG - Method not mapping with MethodMapper annotation: servePut
2022-01-04 10:01:27.831 INFO  - Default host added - Server: leap   Host: localhost   Port: 8080   Doc-Root: home   Logging path: logs/leap.log   Level: [DEBUG]
2022-01-04 10:01:27.869 INFO  - Virtual host added - Server: leap1   Host: 127.0.0.1   Port: 8080   Doc-Root: home1   Logging path: logs/leap.log   Level: [DEBUG]
2022-01-04 10:01:27.894 INFO  - Add service: org.chaostocosmos.leap.http.service.TimeServiceImpl  Mapping path: /time/GetTime
2022-01-04 10:01:27.895 DEBUG - Method not mapping with MethodMapper annotation: serveGet
2022-01-04 10:01:27.895 DEBUG - Method not mapping with MethodMapper annotation: servePost
2022-01-04 10:01:27.895 DEBUG - Method not mapping with MethodMapper annotation: serve
2022-01-04 10:01:27.895 DEBUG - Method not mapping with MethodMapper annotation: setFilters
2022-01-04 10:01:27.896 DEBUG - Method not mapping with MethodMapper annotation: serveDelete
2022-01-04 10:01:27.896 DEBUG - Method not mapping with MethodMapper annotation: servePut
2022-01-04 10:01:27.896 INFO  - Virtual host added - Server: leap2   Host: 192.168.1.60   Port: 8082   Doc-Root: home2   Logging path: logs/leap.log   Level: [DEBUG]
2022-01-04 10:01:27.901 INFO  - Accepting connections on port 8082
2022-01-04 10:01:27.907 INFO  - Accepting connections on port 8080
2022-01-04 10:01:29.612 INFO  - Client request accepted... : /127.0.0.1
2022-01-04 10:01:48.819 INFO  - Leap WAS server starting...
2022-01-04 10:01:48.822 INFO  - --------------------------------------------------------------------------
2022-01-04 10:01:48.822 INFO  - ThreadPool initialized - CORE: 50 MAX: 50 KEEP-ALIVE WHEN IDLE(seconds): 30
2022-01-04 10:01:48.823 INFO  - verbose mode on
2022-01-04 10:01:48.873 INFO  - Add service: org.chaostocosmos.leap.http.service.TimeServiceImpl  Mapping path: /time/GetTime
2022-01-04 10:01:48.873 DEBUG - Method not mapping with MethodMapper annotation: serve
2022-01-04 10:01:48.873 DEBUG - Method not mapping with MethodMapper annotation: setFilters
2022-01-04 10:01:48.874 DEBUG - Method not mapping with MethodMapper annotation: serveGet
2022-01-04 10:01:48.874 DEBUG - Method not mapping with MethodMapper annotation: serveDelete
2022-01-04 10:01:48.874 DEBUG - Method not mapping with MethodMapper annotation: servePut
2022-01-04 10:01:48.874 DEBUG - Method not mapping with MethodMapper annotation: servePost
2022-01-04 10:01:48.874 INFO  - Default host added - Server: leap   Host: localhost   Port: 8080   Doc-Root: home   Logging path: logs/leap.log   Level: [DEBUG]
2022-01-04 10:01:48.876 INFO  - Virtual host added - Server: leap1   Host: 127.0.0.1   Port: 8080   Doc-Root: home1   Logging path: logs/leap.log   Level: [DEBUG]
2022-01-04 10:01:48.884 INFO  - Add service: org.chaostocosmos.leap.http.service.TimeServiceImpl  Mapping path: /time/GetTime
2022-01-04 10:01:48.885 DEBUG - Method not mapping with MethodMapper annotation: serve
2022-01-04 10:01:48.885 DEBUG - Method not mapping with MethodMapper annotation: setFilters
2022-01-04 10:01:48.885 DEBUG - Method not mapping with MethodMapper annotation: serveGet
2022-01-04 10:01:48.885 DEBUG - Method not mapping with MethodMapper annotation: serveDelete
2022-01-04 10:01:48.885 DEBUG - Method not mapping with MethodMapper annotation: servePut
2022-01-04 10:01:48.886 DEBUG - Method not mapping with MethodMapper annotation: servePost
2022-01-04 10:01:48.886 INFO  - Virtual host added - Server: leap2   Host: 192.168.1.60   Port: 8082   Doc-Root: home2   Logging path: logs/leap.log   Level: [DEBUG]
2022-01-04 10:01:48.891 INFO  - Accepting connections on port 8082
2022-01-04 10:01:48.896 INFO  - Accepting connections on port 8080
2022-01-04 10:01:50.681 INFO  - Client request accepted... : /127.0.0.1
2022-01-04 10:02:33.586 INFO  - Leap WAS server starting...
2022-01-04 10:02:33.588 INFO  - --------------------------------------------------------------------------
2022-01-04 10:02:33.589 INFO  - ThreadPool initialized - CORE: 50 MAX: 50 KEEP-ALIVE WHEN IDLE(seconds): 30
2022-01-04 10:02:33.589 INFO  - verbose mode on
2022-01-04 10:02:33.628 INFO  - Add service: org.chaostocosmos.leap.http.service.TimeServiceImpl  Mapping path: /time/GetTime
2022-01-04 10:02:33.629 DEBUG - Method not mapping with MethodMapper annotation: serve
2022-01-04 10:02:33.629 DEBUG - Method not mapping with MethodMapper annotation: setFilters
2022-01-04 10:02:33.629 DEBUG - Method not mapping with MethodMapper annotation: serveGet
2022-01-04 10:02:33.630 DEBUG - Method not mapping with MethodMapper annotation: servePut
2022-01-04 10:02:33.630 DEBUG - Method not mapping with MethodMapper annotation: servePost
2022-01-04 10:02:33.630 DEBUG - Method not mapping with MethodMapper annotation: serveDelete
2022-01-04 10:02:33.631 INFO  - Default host added - Server: leap   Host: localhost   Port: 8080   Doc-Root: home   Logging path: logs/leap.log   Level: [DEBUG]
2022-01-04 10:02:33.633 INFO  - Virtual host added - Server: leap1   Host: 127.0.0.1   Port: 8080   Doc-Root: home1   Logging path: logs/leap.log   Level: [DEBUG]
2022-01-04 10:02:33.639 INFO  - Add service: org.chaostocosmos.leap.http.service.TimeServiceImpl  Mapping path: /time/GetTime
2022-01-04 10:02:33.640 DEBUG - Method not mapping with MethodMapper annotation: serve
2022-01-04 10:02:33.640 DEBUG - Method not mapping with MethodMapper annotation: setFilters
2022-01-04 10:02:33.640 DEBUG - Method not mapping with MethodMapper annotation: serveGet
2022-01-04 10:02:33.640 DEBUG - Method not mapping with MethodMapper annotation: servePut
2022-01-04 10:02:33.641 DEBUG - Method not mapping with MethodMapper annotation: servePost
2022-01-04 10:02:33.641 DEBUG - Method not mapping with MethodMapper annotation: serveDelete
2022-01-04 10:02:33.641 INFO  - Virtual host added - Server: leap2   Host: 192.168.1.60   Port: 8082   Doc-Root: home2   Logging path: logs/leap.log   Level: [DEBUG]
2022-01-04 10:02:33.646 INFO  - Accepting connections on port 8082
2022-01-04 10:02:33.650 INFO  - Accepting connections on port 8080
2022-01-04 10:02:35.519 INFO  - Client request accepted... : /127.0.0.1
2022-01-04 10:03:38.055 INFO  - Leap WAS server starting...
2022-01-04 10:03:38.058 INFO  - --------------------------------------------------------------------------
2022-01-04 10:03:38.059 INFO  - ThreadPool initialized - CORE: 50 MAX: 50 KEEP-ALIVE WHEN IDLE(seconds): 30
2022-01-04 10:03:38.059 INFO  - verbose mode on
2022-01-04 10:03:38.110 INFO  - Add service: org.chaostocosmos.leap.http.service.TimeServiceImpl  Mapping path: /time/GetTime
2022-01-04 10:03:38.110 DEBUG - Method not mapping with MethodMapper annotation: setFilters
2022-01-04 10:03:38.111 DEBUG - Method not mapping with MethodMapper annotation: serve
2022-01-04 10:03:38.111 DEBUG - Method not mapping with MethodMapper annotation: servePost
2022-01-04 10:03:38.111 DEBUG - Method not mapping with MethodMapper annotation: serveDelete
2022-01-04 10:03:38.111 DEBUG - Method not mapping with MethodMapper annotation: servePut
2022-01-04 10:03:38.112 DEBUG - Method not mapping with MethodMapper annotation: serveGet
2022-01-04 10:03:38.112 INFO  - Default host added - Server: leap   Host: localhost   Port: 8080   Doc-Root: home   Logging path: logs/leap.log   Level: [DEBUG]
2022-01-04 10:03:38.114 INFO  - Virtual host added - Server: leap1   Host: 127.0.0.1   Port: 8080   Doc-Root: home1   Logging path: logs/leap.log   Level: [DEBUG]
2022-01-04 10:03:38.121 INFO  - Add service: org.chaostocosmos.leap.http.service.TimeServiceImpl  Mapping path: /time/GetTime
2022-01-04 10:03:38.122 DEBUG - Method not mapping with MethodMapper annotation: setFilters
2022-01-04 10:03:38.122 DEBUG - Method not mapping with MethodMapper annotation: serve
2022-01-04 10:03:38.122 DEBUG - Method not mapping with MethodMapper annotation: servePost
2022-01-04 10:03:38.122 DEBUG - Method not mapping with MethodMapper annotation: serveDelete
2022-01-04 10:03:38.122 DEBUG - Method not mapping with MethodMapper annotation: servePut
2022-01-04 10:03:38.123 DEBUG - Method not mapping with MethodMapper annotation: serveGet
2022-01-04 10:03:38.123 INFO  - Virtual host added - Server: leap2   Host: 192.168.1.60   Port: 8082   Doc-Root: home2   Logging path: logs/leap.log   Level: [DEBUG]
2022-01-04 10:03:38.139 INFO  - Accepting connections on port 8082
2022-01-04 10:03:38.145 INFO  - Accepting connections on port 8080
2022-01-04 10:03:40.476 INFO  - Client request accepted... : /127.0.0.1
2022-01-04 10:04:56.250 INFO  - Leap WAS server starting...
2022-01-04 10:04:56.252 INFO  - --------------------------------------------------------------------------
2022-01-04 10:04:56.253 INFO  - ThreadPool initialized - CORE: 50 MAX: 50 KEEP-ALIVE WHEN IDLE(seconds): 30
2022-01-04 10:04:56.253 INFO  - verbose mode on
2022-01-04 10:04:56.292 INFO  - Add service: org.chaostocosmos.leap.http.service.TimeServiceImpl  Mapping path: /time/GetTime
2022-01-04 10:04:56.293 DEBUG - Method not mapping with MethodMapper annotation: serve
2022-01-04 10:04:56.293 DEBUG - Method not mapping with MethodMapper annotation: setFilters
2022-01-04 10:04:56.293 DEBUG - Method not mapping with MethodMapper annotation: serveGet
2022-01-04 10:04:56.293 DEBUG - Method not mapping with MethodMapper annotation: serveDelete
2022-01-04 10:04:56.294 DEBUG - Method not mapping with MethodMapper annotation: servePost
2022-01-04 10:04:56.294 DEBUG - Method not mapping with MethodMapper annotation: servePut
2022-01-04 10:04:56.294 INFO  - Default host added - Server: leap   Host: localhost   Port: 8080   Doc-Root: home   Logging path: logs/leap.log   Level: [DEBUG]
2022-01-04 10:04:56.295 INFO  - Virtual host added - Server: leap1   Host: 127.0.0.1   Port: 8080   Doc-Root: home1   Logging path: logs/leap.log   Level: [DEBUG]
2022-01-04 10:04:56.302 INFO  - Add service: org.chaostocosmos.leap.http.service.TimeServiceImpl  Mapping path: /time/GetTime
2022-01-04 10:04:56.303 DEBUG - Method not mapping with MethodMapper annotation: serve
2022-01-04 10:04:56.304 DEBUG - Method not mapping with MethodMapper annotation: setFilters
2022-01-04 10:04:56.304 DEBUG - Method not mapping with MethodMapper annotation: serveGet
2022-01-04 10:04:56.304 DEBUG - Method not mapping with MethodMapper annotation: serveDelete
2022-01-04 10:04:56.304 DEBUG - Method not mapping with MethodMapper annotation: servePost
2022-01-04 10:04:56.305 DEBUG - Method not mapping with MethodMapper annotation: servePut
2022-01-04 10:04:56.305 INFO  - Virtual host added - Server: leap2   Host: 192.168.1.60   Port: 8082   Doc-Root: home2   Logging path: logs/leap.log   Level: [DEBUG]
2022-01-04 10:04:56.309 INFO  - Accepting connections on port 8082
2022-01-04 10:04:56.313 INFO  - Accepting connections on port 8080
2022-01-04 10:04:58.134 INFO  - Client request accepted... : /127.0.0.1
2022-01-04 10:04:58.160 DEBUG - Request host: localhost
2022-01-04 10:04:58.163 DEBUG - Accept: */*
User-Agent: PostmanRuntime/7.28.4
Connection: keep-alive
Postman-Token: 9a51a849-f089-4ee6-82fb-e2342add02f3
Host: localhost:8080
Accept-Encoding: gzip, deflate, br
Content-Length: 826
@Client: localhost
Content-Type: multipart/form-data; boundary=--------------------------844782255114161501857815
2022-01-04 10:04:58.166 DEBUG - .\home\webapp\WEB-INF\static\index.html   index.html   .\home\webapp\WEB-INF\static
2022-01-04 10:04:58.178 DEBUG - { httpRequestDescriptor='{ httpRequest='http://localhost:8080/ GET', httpVersion='HTTP/1.1', requestType='GET', requestedHost='localhost', reqHeader='{Accept=*/*, User-Agent=PostmanRuntime/7.28.4, Connection=keep-alive, Postman-Token=9a51a849-f089-4ee6-82fb-e2342add02f3, Host=localhost:8080, Accept-Encoding=gzip, deflate, br, Content-Length=826, @Client=localhost, Content-Type=multipart/form-data; boundary=--------------------------844782255114161501857815}', contentType='multipart/form-data', reqBody='null', contextPath='/', url='http://localhost:8080/', contextParam='{}', multipartList='org.chaostocosmos.leap.http.HttpRequestDescriptor$MultipartDescriptor@6068152'}', httpResponse='null', requestedHost='localhost', responseCode='200', responseBody='[B@166937b', responseHeader='{Server=LeapWAS 1.0.0, Date=Tue Jan 04 10:04:58 KST 2022}'}
2022-01-04 10:06:42.262 INFO  - Leap WAS server starting...
2022-01-04 10:06:42.265 INFO  - --------------------------------------------------------------------------
2022-01-04 10:06:42.265 INFO  - ThreadPool initialized - CORE: 50 MAX: 50 KEEP-ALIVE WHEN IDLE(seconds): 30
2022-01-04 10:06:42.265 INFO  - verbose mode on
2022-01-04 10:06:42.308 INFO  - Add service: org.chaostocosmos.leap.http.service.TimeServiceImpl  Mapping path: /time/GetTime
2022-01-04 10:06:42.309 DEBUG - Method not mapping with MethodMapper annotation: setFilters
2022-01-04 10:06:42.310 DEBUG - Method not mapping with MethodMapper annotation: serve
2022-01-04 10:06:42.310 DEBUG - Method not mapping with MethodMapper annotation: serveGet
2022-01-04 10:06:42.310 DEBUG - Method not mapping with MethodMapper annotation: servePost
2022-01-04 10:06:42.310 DEBUG - Method not mapping with MethodMapper annotation: serveDelete
2022-01-04 10:06:42.311 DEBUG - Method not mapping with MethodMapper annotation: servePut
2022-01-04 10:06:42.311 INFO  - Default host added - Server: leap   Host: localhost   Port: 8080   Doc-Root: home   Logging path: logs/leap.log   Level: [DEBUG]
2022-01-04 10:06:42.313 INFO  - Virtual host added - Server: leap1   Host: 127.0.0.1   Port: 8080   Doc-Root: home1   Logging path: logs/leap.log   Level: [DEBUG]
2022-01-04 10:06:42.321 INFO  - Add service: org.chaostocosmos.leap.http.service.TimeServiceImpl  Mapping path: /time/GetTime
2022-01-04 10:06:42.321 DEBUG - Method not mapping with MethodMapper annotation: setFilters
2022-01-04 10:06:42.321 DEBUG - Method not mapping with MethodMapper annotation: serve
2022-01-04 10:06:42.322 DEBUG - Method not mapping with MethodMapper annotation: serveGet
2022-01-04 10:06:42.322 DEBUG - Method not mapping with MethodMapper annotation: servePost
2022-01-04 10:06:42.322 DEBUG - Method not mapping with MethodMapper annotation: serveDelete
2022-01-04 10:06:42.323 DEBUG - Method not mapping with MethodMapper annotation: servePut
2022-01-04 10:06:42.323 INFO  - Virtual host added - Server: leap2   Host: 192.168.1.60   Port: 8082   Doc-Root: home2   Logging path: logs/leap.log   Level: [DEBUG]
2022-01-04 10:06:42.329 INFO  - Accepting connections on port 8082
2022-01-04 10:06:42.333 INFO  - Accepting connections on port 8080
2022-01-04 10:06:45.597 INFO  - Client request accepted... : /127.0.0.1
2022-01-04 10:20:37.257 INFO  - Leap WAS server starting...
2022-01-04 10:20:37.260 INFO  - --------------------------------------------------------------------------
2022-01-04 10:20:37.261 INFO  - ThreadPool initialized - CORE: 50 MAX: 50 KEEP-ALIVE WHEN IDLE(seconds): 30
2022-01-04 10:20:37.261 INFO  - verbose mode on
2022-01-04 10:20:37.300 INFO  - Add service: org.chaostocosmos.leap.http.service.TimeServiceImpl  Mapping path: /time/GetTime
2022-01-04 10:20:37.300 DEBUG - Method not mapping with MethodMapper annotation: setFilters
2022-01-04 10:20:37.300 DEBUG - Method not mapping with MethodMapper annotation: serve
2022-01-04 10:20:37.301 DEBUG - Method not mapping with MethodMapper annotation: servePost
2022-01-04 10:20:37.301 DEBUG - Method not mapping with MethodMapper annotation: serveGet
2022-01-04 10:20:37.301 DEBUG - Method not mapping with MethodMapper annotation: servePut
2022-01-04 10:20:37.301 DEBUG - Method not mapping with MethodMapper annotation: serveDelete
2022-01-04 10:20:37.301 INFO  - Default host added - Server: leap   Host: localhost   Port: 8080   Doc-Root: home   Logging path: logs/leap.log   Level: [DEBUG]
2022-01-04 10:20:37.303 INFO  - Virtual host added - Server: leap1   Host: 127.0.0.1   Port: 8080   Doc-Root: home1   Logging path: logs/leap.log   Level: [DEBUG]
2022-01-04 10:20:37.309 INFO  - Add service: org.chaostocosmos.leap.http.service.TimeServiceImpl  Mapping path: /time/GetTime
2022-01-04 10:20:37.309 DEBUG - Method not mapping with MethodMapper annotation: setFilters
2022-01-04 10:20:37.310 DEBUG - Method not mapping with MethodMapper annotation: serve
2022-01-04 10:20:37.310 DEBUG - Method not mapping with MethodMapper annotation: servePost
2022-01-04 10:20:37.310 DEBUG - Method not mapping with MethodMapper annotation: serveGet
2022-01-04 10:20:37.310 DEBUG - Method not mapping with MethodMapper annotation: servePut
2022-01-04 10:20:37.310 DEBUG - Method not mapping with MethodMapper annotation: serveDelete
2022-01-04 10:20:37.310 INFO  - Virtual host added - Server: leap2   Host: 192.168.1.60   Port: 8082   Doc-Root: home2   Logging path: logs/leap.log   Level: [DEBUG]
2022-01-04 10:20:37.317 INFO  - Accepting connections on port 8082
2022-01-04 10:20:37.321 INFO  - Accepting connections on port 8080
2022-01-04 10:20:41.578 INFO  - Client request accepted... : /127.0.0.1
2022-01-04 10:20:41.623 DEBUG - Request host: localhost
2022-01-04 10:20:41.624 DEBUG - Accept: */*
User-Agent: PostmanRuntime/7.28.4
Connection: keep-alive
Postman-Token: a028a628-951a-4eeb-9340-9d7500ebb110
Host: localhost:8080
Accept-Encoding: gzip, deflate, br
Content-Length: 826
@Client: localhost
Content-Type: multipart/form-data; boundary=--------------------------164241346996176606934716
2022-01-04 10:20:41.627 DEBUG - .\home\webapp\WEB-INF\static\index.html   index.html   .\home\webapp\WEB-INF\static
2022-01-04 10:20:41.641 DEBUG - { httpRequestDescriptor='{ httpRequest='http://localhost:8080/ GET', httpVersion='HTTP/1.1', requestType='GET', requestedHost='localhost', reqHeader='{Accept=*/*, User-Agent=PostmanRuntime/7.28.4, Connection=keep-alive, Postman-Token=a028a628-951a-4eeb-9340-9d7500ebb110, Host=localhost:8080, Accept-Encoding=gzip, deflate, br, Content-Length=826, @Client=localhost, Content-Type=multipart/form-data; boundary=--------------------------164241346996176606934716}', contentType='multipart/form-data', reqBody='null', contextPath='/', url='http://localhost:8080/', contextParam='{}', multipartList='org.chaostocosmos.leap.http.HttpRequestDescriptor$MultipartDescriptor@4ff41d61'}', httpResponse='null', requestedHost='localhost', responseCode='200', responseBody='[B@15f58edb', responseHeader='{Server=LeapWAS 1.0.0, Date=Tue Jan 04 10:20:41 KST 2022}'}
2022-01-04 10:37:32.731 INFO  - Leap WAS server starting...
2022-01-04 10:37:32.734 INFO  - --------------------------------------------------------------------------
2022-01-04 10:37:32.735 INFO  - ThreadPool initialized - CORE: 50 MAX: 50 KEEP-ALIVE WHEN IDLE(seconds): 30
2022-01-04 10:37:32.735 INFO  - verbose mode on
2022-01-04 10:37:32.783 INFO  - Add service: org.chaostocosmos.leap.http.service.TimeServiceImpl  Mapping path: /time/GetTime
2022-01-04 10:37:32.784 DEBUG - Method not mapping with MethodMapper annotation: serve
2022-01-04 10:37:32.784 DEBUG - Method not mapping with MethodMapper annotation: setFilters
2022-01-04 10:37:32.784 DEBUG - Method not mapping with MethodMapper annotation: serveGet
2022-01-04 10:37:32.785 DEBUG - Method not mapping with MethodMapper annotation: servePost
2022-01-04 10:37:32.785 DEBUG - Method not mapping with MethodMapper annotation: servePut
2022-01-04 10:37:32.785 DEBUG - Method not mapping with MethodMapper annotation: serveDelete
2022-01-04 10:37:32.785 INFO  - Default host added - Server: leap   Host: localhost   Port: 8080   Doc-Root: home   Logging path: logs/leap.log   Level: [DEBUG]
2022-01-04 10:37:32.787 INFO  - Virtual host added - Server: leap1   Host: 127.0.0.1   Port: 8080   Doc-Root: home1   Logging path: logs/leap.log   Level: [DEBUG]
2022-01-04 10:37:32.796 INFO  - Add service: org.chaostocosmos.leap.http.service.TimeServiceImpl  Mapping path: /time/GetTime
2022-01-04 10:37:32.796 DEBUG - Method not mapping with MethodMapper annotation: serve
2022-01-04 10:37:32.796 DEBUG - Method not mapping with MethodMapper annotation: setFilters
2022-01-04 10:37:32.796 DEBUG - Method not mapping with MethodMapper annotation: serveGet
2022-01-04 10:37:32.797 DEBUG - Method not mapping with MethodMapper annotation: servePost
2022-01-04 10:37:32.797 DEBUG - Method not mapping with MethodMapper annotation: servePut
2022-01-04 10:37:32.797 DEBUG - Method not mapping with MethodMapper annotation: serveDelete
2022-01-04 10:37:32.797 INFO  - Virtual host added - Server: leap2   Host: 192.168.1.60   Port: 8082   Doc-Root: home2   Logging path: logs/leap.log   Level: [DEBUG]
2022-01-04 10:37:32.805 INFO  - Accepting connections on port 8082
2022-01-04 10:37:32.812 INFO  - Accepting connections on port 8080
2022-01-04 10:37:35.344 INFO  - Client request accepted... : /127.0.0.1
2022-01-04 10:37:59.871 INFO  - Leap WAS server starting...
2022-01-04 10:37:59.875 INFO  - --------------------------------------------------------------------------
2022-01-04 10:37:59.875 INFO  - ThreadPool initialized - CORE: 50 MAX: 50 KEEP-ALIVE WHEN IDLE(seconds): 30
2022-01-04 10:37:59.875 INFO  - verbose mode on
2022-01-04 10:37:59.916 INFO  - Add service: org.chaostocosmos.leap.http.service.TimeServiceImpl  Mapping path: /time/GetTime
2022-01-04 10:37:59.916 DEBUG - Method not mapping with MethodMapper annotation: serveDelete
2022-01-04 10:37:59.916 DEBUG - Method not mapping with MethodMapper annotation: serveGet
2022-01-04 10:37:59.917 DEBUG - Method not mapping with MethodMapper annotation: servePost
2022-01-04 10:37:59.917 DEBUG - Method not mapping with MethodMapper annotation: servePut
2022-01-04 10:37:59.917 DEBUG - Method not mapping with MethodMapper annotation: setFilters
2022-01-04 10:37:59.917 DEBUG - Method not mapping with MethodMapper annotation: serve
2022-01-04 10:37:59.917 INFO  - Default host added - Server: leap   Host: localhost   Port: 8080   Doc-Root: home   Logging path: logs/leap.log   Level: [DEBUG]
2022-01-04 10:37:59.919 INFO  - Virtual host added - Server: leap1   Host: 127.0.0.1   Port: 8080   Doc-Root: home1   Logging path: logs/leap.log   Level: [DEBUG]
2022-01-04 10:37:59.924 INFO  - Add service: org.chaostocosmos.leap.http.service.TimeServiceImpl  Mapping path: /time/GetTime
2022-01-04 10:37:59.924 DEBUG - Method not mapping with MethodMapper annotation: serveDelete
2022-01-04 10:37:59.925 DEBUG - Method not mapping with MethodMapper annotation: serveGet
2022-01-04 10:37:59.925 DEBUG - Method not mapping with MethodMapper annotation: servePost
2022-01-04 10:37:59.925 DEBUG - Method not mapping with MethodMapper annotation: servePut
2022-01-04 10:37:59.925 DEBUG - Method not mapping with MethodMapper annotation: setFilters
2022-01-04 10:37:59.925 DEBUG - Method not mapping with MethodMapper annotation: serve
2022-01-04 10:37:59.925 INFO  - Virtual host added - Server: leap2   Host: 192.168.1.60   Port: 8082   Doc-Root: home2   Logging path: logs/leap.log   Level: [DEBUG]
2022-01-04 10:37:59.932 INFO  - Accepting connections on port 8082
2022-01-04 10:37:59.937 INFO  - Accepting connections on port 8080
2022-01-04 10:38:02.564 INFO  - Client request accepted... : /127.0.0.1
2022-01-04 10:41:58.863 INFO  - Leap WAS server starting...
2022-01-04 10:41:58.866 INFO  - --------------------------------------------------------------------------
2022-01-04 10:41:58.866 INFO  - ThreadPool initialized - CORE: 50 MAX: 50 KEEP-ALIVE WHEN IDLE(seconds): 30
2022-01-04 10:41:58.866 INFO  - verbose mode on
2022-01-04 10:41:58.917 INFO  - Add service: org.chaostocosmos.leap.http.service.TimeServiceImpl  Mapping path: /time/GetTime
2022-01-04 10:41:58.918 DEBUG - Method not mapping with MethodMapper annotation: servePost
2022-01-04 10:41:58.918 DEBUG - Method not mapping with MethodMapper annotation: serveDelete
2022-01-04 10:41:58.918 DEBUG - Method not mapping with MethodMapper annotation: serveGet
2022-01-04 10:41:58.918 DEBUG - Method not mapping with MethodMapper annotation: servePut
2022-01-04 10:41:58.919 DEBUG - Method not mapping with MethodMapper annotation: setFilters
2022-01-04 10:41:58.919 DEBUG - Method not mapping with MethodMapper annotation: serve
2022-01-04 10:41:58.919 INFO  - Default host added - Server: leap   Host: localhost   Port: 8080   Doc-Root: home   Logging path: logs/leap.log   Level: [DEBUG]
2022-01-04 10:41:58.920 INFO  - Virtual host added - Server: leap1   Host: 127.0.0.1   Port: 8080   Doc-Root: home1   Logging path: logs/leap.log   Level: [DEBUG]
2022-01-04 10:41:58.927 INFO  - Add service: org.chaostocosmos.leap.http.service.TimeServiceImpl  Mapping path: /time/GetTime
2022-01-04 10:41:58.927 DEBUG - Method not mapping with MethodMapper annotation: servePost
2022-01-04 10:41:58.928 DEBUG - Method not mapping with MethodMapper annotation: serveDelete
2022-01-04 10:41:58.928 DEBUG - Method not mapping with MethodMapper annotation: serveGet
2022-01-04 10:41:58.928 DEBUG - Method not mapping with MethodMapper annotation: servePut
2022-01-04 10:41:58.928 DEBUG - Method not mapping with MethodMapper annotation: setFilters
2022-01-04 10:41:58.928 DEBUG - Method not mapping with MethodMapper annotation: serve
2022-01-04 10:41:58.929 INFO  - Virtual host added - Server: leap2   Host: 192.168.1.60   Port: 8082   Doc-Root: home2   Logging path: logs/leap.log   Level: [DEBUG]
2022-01-04 10:41:58.934 INFO  - Accepting connections on port 8082
2022-01-04 10:41:58.937 INFO  - Accepting connections on port 8080
2022-01-04 10:42:01.151 INFO  - Client request accepted... : /127.0.0.1
2022-01-04 10:42:51.086 INFO  - Leap WAS server starting...
2022-01-04 10:42:51.088 INFO  - --------------------------------------------------------------------------
2022-01-04 10:42:51.088 INFO  - ThreadPool initialized - CORE: 50 MAX: 50 KEEP-ALIVE WHEN IDLE(seconds): 30
2022-01-04 10:42:51.089 INFO  - verbose mode on
2022-01-04 10:42:51.136 INFO  - Add service: org.chaostocosmos.leap.http.service.TimeServiceImpl  Mapping path: /time/GetTime
2022-01-04 10:42:51.137 DEBUG - Method not mapping with MethodMapper annotation: setFilters
2022-01-04 10:42:51.137 DEBUG - Method not mapping with MethodMapper annotation: serve
2022-01-04 10:42:51.137 DEBUG - Method not mapping with MethodMapper annotation: serveGet
2022-01-04 10:42:51.137 DEBUG - Method not mapping with MethodMapper annotation: servePut
2022-01-04 10:42:51.138 DEBUG - Method not mapping with MethodMapper annotation: servePost
2022-01-04 10:42:51.138 DEBUG - Method not mapping with MethodMapper annotation: serveDelete
2022-01-04 10:42:51.138 INFO  - Default host added - Server: leap   Host: localhost   Port: 8080   Doc-Root: home   Logging path: logs/leap.log   Level: [DEBUG]
2022-01-04 10:42:51.139 INFO  - Virtual host added - Server: leap1   Host: 127.0.0.1   Port: 8080   Doc-Root: home1   Logging path: logs/leap.log   Level: [DEBUG]
2022-01-04 10:42:51.146 INFO  - Add service: org.chaostocosmos.leap.http.service.TimeServiceImpl  Mapping path: /time/GetTime
2022-01-04 10:42:51.147 DEBUG - Method not mapping with MethodMapper annotation: setFilters
2022-01-04 10:42:51.147 DEBUG - Method not mapping with MethodMapper annotation: serve
2022-01-04 10:42:51.147 DEBUG - Method not mapping with MethodMapper annotation: serveGet
2022-01-04 10:42:51.147 DEBUG - Method not mapping with MethodMapper annotation: servePut
2022-01-04 10:42:51.147 DEBUG - Method not mapping with MethodMapper annotation: servePost
2022-01-04 10:42:51.148 DEBUG - Method not mapping with MethodMapper annotation: serveDelete
2022-01-04 10:42:51.148 INFO  - Virtual host added - Server: leap2   Host: 192.168.1.60   Port: 8082   Doc-Root: home2   Logging path: logs/leap.log   Level: [DEBUG]
2022-01-04 10:42:51.153 INFO  - Accepting connections on port 8082
2022-01-04 10:42:51.156 INFO  - Accepting connections on port 8080
2022-01-04 10:42:53.303 INFO  - Client request accepted... : /127.0.0.1
2022-01-04 10:44:25.991 INFO  - Leap WAS server starting...
2022-01-04 10:44:25.993 INFO  - --------------------------------------------------------------------------
2022-01-04 10:44:25.994 INFO  - ThreadPool initialized - CORE: 50 MAX: 50 KEEP-ALIVE WHEN IDLE(seconds): 30
2022-01-04 10:44:25.994 INFO  - verbose mode on
2022-01-04 10:44:26.032 INFO  - Add service: org.chaostocosmos.leap.http.service.TimeServiceImpl  Mapping path: /time/GetTime
2022-01-04 10:44:26.032 DEBUG - Method not mapping with MethodMapper annotation: serve
2022-01-04 10:44:26.032 DEBUG - Method not mapping with MethodMapper annotation: setFilters
2022-01-04 10:44:26.033 DEBUG - Method not mapping with MethodMapper annotation: servePost
2022-01-04 10:44:26.033 DEBUG - Method not mapping with MethodMapper annotation: servePut
2022-01-04 10:44:26.033 DEBUG - Method not mapping with MethodMapper annotation: serveDelete
2022-01-04 10:44:26.034 DEBUG - Method not mapping with MethodMapper annotation: serveGet
2022-01-04 10:44:26.034 INFO  - Default host added - Server: leap   Host: localhost   Port: 8080   Doc-Root: home   Logging path: logs/leap.log   Level: [DEBUG]
2022-01-04 10:44:26.036 INFO  - Virtual host added - Server: leap1   Host: 127.0.0.1   Port: 8080   Doc-Root: home1   Logging path: logs/leap.log   Level: [DEBUG]
2022-01-04 10:44:26.041 INFO  - Add service: org.chaostocosmos.leap.http.service.TimeServiceImpl  Mapping path: /time/GetTime
2022-01-04 10:44:26.042 DEBUG - Method not mapping with MethodMapper annotation: serve
2022-01-04 10:44:26.042 DEBUG - Method not mapping with MethodMapper annotation: setFilters
2022-01-04 10:44:26.042 DEBUG - Method not mapping with MethodMapper annotation: servePost
2022-01-04 10:44:26.042 DEBUG - Method not mapping with MethodMapper annotation: servePut
2022-01-04 10:44:26.042 DEBUG - Method not mapping with MethodMapper annotation: serveDelete
2022-01-04 10:44:26.042 DEBUG - Method not mapping with MethodMapper annotation: serveGet
2022-01-04 10:44:26.043 INFO  - Virtual host added - Server: leap2   Host: 192.168.1.60   Port: 8082   Doc-Root: home2   Logging path: logs/leap.log   Level: [DEBUG]
2022-01-04 10:44:26.048 INFO  - Accepting connections on port 8082
2022-01-04 10:44:26.053 INFO  - Accepting connections on port 8080
2022-01-04 10:44:28.867 INFO  - Client request accepted... : /127.0.0.1
2022-01-04 10:45:11.780 INFO  - Leap WAS server starting...
2022-01-04 10:45:11.783 INFO  - --------------------------------------------------------------------------
2022-01-04 10:45:11.784 INFO  - ThreadPool initialized - CORE: 50 MAX: 50 KEEP-ALIVE WHEN IDLE(seconds): 30
2022-01-04 10:45:11.784 INFO  - verbose mode on
2022-01-04 10:45:11.822 INFO  - Add service: org.chaostocosmos.leap.http.service.TimeServiceImpl  Mapping path: /time/GetTime
2022-01-04 10:45:11.823 DEBUG - Method not mapping with MethodMapper annotation: serve
2022-01-04 10:45:11.823 DEBUG - Method not mapping with MethodMapper annotation: setFilters
2022-01-04 10:45:11.823 DEBUG - Method not mapping with MethodMapper annotation: serveGet
2022-01-04 10:45:11.823 DEBUG - Method not mapping with MethodMapper annotation: servePut
2022-01-04 10:45:11.823 DEBUG - Method not mapping with MethodMapper annotation: servePost
2022-01-04 10:45:11.824 DEBUG - Method not mapping with MethodMapper annotation: serveDelete
2022-01-04 10:45:11.824 INFO  - Default host added - Server: leap   Host: localhost   Port: 8080   Doc-Root: home   Logging path: logs/leap.log   Level: [DEBUG]
2022-01-04 10:45:11.825 INFO  - Virtual host added - Server: leap1   Host: 127.0.0.1   Port: 8080   Doc-Root: home1   Logging path: logs/leap.log   Level: [DEBUG]
2022-01-04 10:45:11.830 INFO  - Add service: org.chaostocosmos.leap.http.service.TimeServiceImpl  Mapping path: /time/GetTime
2022-01-04 10:45:11.831 DEBUG - Method not mapping with MethodMapper annotation: serve
2022-01-04 10:45:11.831 DEBUG - Method not mapping with MethodMapper annotation: setFilters
2022-01-04 10:45:11.831 DEBUG - Method not mapping with MethodMapper annotation: serveGet
2022-01-04 10:45:11.831 DEBUG - Method not mapping with MethodMapper annotation: servePut
2022-01-04 10:45:11.831 DEBUG - Method not mapping with MethodMapper annotation: servePost
2022-01-04 10:45:11.831 DEBUG - Method not mapping with MethodMapper annotation: serveDelete
2022-01-04 10:45:11.832 INFO  - Virtual host added - Server: leap2   Host: 192.168.1.60   Port: 8082   Doc-Root: home2   Logging path: logs/leap.log   Level: [DEBUG]
2022-01-04 10:45:11.839 INFO  - Accepting connections on port 8082
2022-01-04 10:45:11.843 INFO  - Accepting connections on port 8080
2022-01-04 10:45:13.668 INFO  - Client request accepted... : /127.0.0.1
2022-01-04 10:46:06.959 INFO  - Leap WAS server starting...
2022-01-04 10:46:06.962 INFO  - --------------------------------------------------------------------------
2022-01-04 10:46:06.963 INFO  - ThreadPool initialized - CORE: 50 MAX: 50 KEEP-ALIVE WHEN IDLE(seconds): 30
2022-01-04 10:46:06.963 INFO  - verbose mode on
2022-01-04 10:46:07.001 DEBUG - Method not mapping with MethodMapper annotation: setFilters
2022-01-04 10:46:07.001 DEBUG - Method not mapping with MethodMapper annotation: serve
2022-01-04 10:46:07.001 DEBUG - Method not mapping with MethodMapper annotation: servePost
2022-01-04 10:46:07.002 DEBUG - Method not mapping with MethodMapper annotation: serveDelete
2022-01-04 10:46:07.003 DEBUG - Method not mapping with MethodMapper annotation: servePut
2022-01-04 10:46:07.003 DEBUG - Method not mapping with MethodMapper annotation: serveGet
2022-01-04 10:46:07.008 INFO  - Add service: org.chaostocosmos.leap.http.service.TimeServiceImpl  Mapping path: /time/GetTime
2022-01-04 10:46:07.009 INFO  - Default host added - Server: leap   Host: localhost   Port: 8080   Doc-Root: home   Logging path: logs/leap.log   Level: [DEBUG]
2022-01-04 10:46:07.010 INFO  - Virtual host added - Server: leap1   Host: 127.0.0.1   Port: 8080   Doc-Root: home1   Logging path: logs/leap.log   Level: [DEBUG]
2022-01-04 10:46:07.016 DEBUG - Method not mapping with MethodMapper annotation: setFilters
2022-01-04 10:46:07.016 DEBUG - Method not mapping with MethodMapper annotation: serve
2022-01-04 10:46:07.016 DEBUG - Method not mapping with MethodMapper annotation: servePost
2022-01-04 10:46:07.016 DEBUG - Method not mapping with MethodMapper annotation: serveDelete
2022-01-04 10:46:07.017 DEBUG - Method not mapping with MethodMapper annotation: servePut
2022-01-04 10:46:07.017 DEBUG - Method not mapping with MethodMapper annotation: serveGet
2022-01-04 10:46:07.017 INFO  - Add service: org.chaostocosmos.leap.http.service.TimeServiceImpl  Mapping path: /time/GetTime
2022-01-04 10:46:07.017 INFO  - Virtual host added - Server: leap2   Host: 192.168.1.60   Port: 8082   Doc-Root: home2   Logging path: logs/leap.log   Level: [DEBUG]
2022-01-04 10:46:07.025 INFO  - Accepting connections on port 8082
2022-01-04 10:46:07.028 INFO  - Accepting connections on port 8080
2022-01-04 10:46:09.401 INFO  - Client request accepted... : /127.0.0.1
2022-01-04 10:46:24.500 INFO  - Leap WAS server starting...
2022-01-04 10:46:24.504 INFO  - --------------------------------------------------------------------------
2022-01-04 10:46:24.504 INFO  - ThreadPool initialized - CORE: 50 MAX: 50 KEEP-ALIVE WHEN IDLE(seconds): 30
2022-01-04 10:46:24.504 INFO  - verbose mode on
2022-01-04 10:46:24.543 INFO  - Add service: org.chaostocosmos.leap.http.service.TimeServiceImpl  Mapping path: /time/GetTime
2022-01-04 10:46:24.543 DEBUG - Method not mapping with MethodMapper annotation: setFilters
2022-01-04 10:46:24.543 DEBUG - Method not mapping with MethodMapper annotation: serve
2022-01-04 10:46:24.544 DEBUG - Method not mapping with MethodMapper annotation: serveGet
2022-01-04 10:46:24.544 DEBUG - Method not mapping with MethodMapper annotation: servePut
2022-01-04 10:46:24.544 DEBUG - Method not mapping with MethodMapper annotation: serveDelete
2022-01-04 10:46:24.544 DEBUG - Method not mapping with MethodMapper annotation: servePost
2022-01-04 10:46:24.545 INFO  - Default host added - Server: leap   Host: localhost   Port: 8080   Doc-Root: home   Logging path: logs/leap.log   Level: [DEBUG]
2022-01-04 10:46:24.546 INFO  - Virtual host added - Server: leap1   Host: 127.0.0.1   Port: 8080   Doc-Root: home1   Logging path: logs/leap.log   Level: [DEBUG]
2022-01-04 10:46:24.551 INFO  - Add service: org.chaostocosmos.leap.http.service.TimeServiceImpl  Mapping path: /time/GetTime
2022-01-04 10:46:24.552 DEBUG - Method not mapping with MethodMapper annotation: setFilters
2022-01-04 10:46:24.552 DEBUG - Method not mapping with MethodMapper annotation: serve
2022-01-04 10:46:24.552 DEBUG - Method not mapping with MethodMapper annotation: serveGet
2022-01-04 10:46:24.552 DEBUG - Method not mapping with MethodMapper annotation: servePut
2022-01-04 10:46:24.552 DEBUG - Method not mapping with MethodMapper annotation: serveDelete
2022-01-04 10:46:24.552 DEBUG - Method not mapping with MethodMapper annotation: servePost
2022-01-04 10:46:24.552 INFO  - Virtual host added - Server: leap2   Host: 192.168.1.60   Port: 8082   Doc-Root: home2   Logging path: logs/leap.log   Level: [DEBUG]
2022-01-04 10:46:24.559 INFO  - Accepting connections on port 8082
2022-01-04 10:46:24.563 INFO  - Accepting connections on port 8080
2022-01-04 10:46:26.791 INFO  - Client request accepted... : /127.0.0.1
2022-01-04 10:47:17.135 INFO  - Leap WAS server starting...
2022-01-04 10:47:17.138 INFO  - --------------------------------------------------------------------------
2022-01-04 10:47:17.138 INFO  - ThreadPool initialized - CORE: 50 MAX: 50 KEEP-ALIVE WHEN IDLE(seconds): 30
2022-01-04 10:47:17.138 INFO  - verbose mode on
2022-01-04 10:47:17.179 INFO  - Add service: org.chaostocosmos.leap.http.service.TimeServiceImpl  Mapping path: /time/GetTime
2022-01-04 10:47:17.180 DEBUG - Method not mapping with MethodMapper annotation: setFilters
2022-01-04 10:47:17.180 DEBUG - Method not mapping with MethodMapper annotation: serve
2022-01-04 10:47:17.180 DEBUG - Method not mapping with MethodMapper annotation: servePut
2022-01-04 10:47:17.180 DEBUG - Method not mapping with MethodMapper annotation: servePost
2022-01-04 10:47:17.181 DEBUG - Method not mapping with MethodMapper annotation: serveDelete
2022-01-04 10:47:17.181 DEBUG - Method not mapping with MethodMapper annotation: serveGet
2022-01-04 10:47:17.181 INFO  - Default host added - Server: leap   Host: localhost   Port: 8080   Doc-Root: home   Logging path: logs/leap.log   Level: [DEBUG]
2022-01-04 10:47:17.183 INFO  - Virtual host added - Server: leap1   Host: 127.0.0.1   Port: 8080   Doc-Root: home1   Logging path: logs/leap.log   Level: [DEBUG]
2022-01-04 10:47:17.188 INFO  - Add service: org.chaostocosmos.leap.http.service.TimeServiceImpl  Mapping path: /time/GetTime
2022-01-04 10:47:17.188 DEBUG - Method not mapping with MethodMapper annotation: setFilters
2022-01-04 10:47:17.188 DEBUG - Method not mapping with MethodMapper annotation: serve
2022-01-04 10:47:17.188 DEBUG - Method not mapping with MethodMapper annotation: servePut
2022-01-04 10:47:17.189 DEBUG - Method not mapping with MethodMapper annotation: servePost
2022-01-04 10:47:17.189 DEBUG - Method not mapping with MethodMapper annotation: serveDelete
2022-01-04 10:47:17.189 DEBUG - Method not mapping with MethodMapper annotation: serveGet
2022-01-04 10:47:17.189 INFO  - Virtual host added - Server: leap2   Host: 192.168.1.60   Port: 8082   Doc-Root: home2   Logging path: logs/leap.log   Level: [DEBUG]
2022-01-04 10:47:17.195 INFO  - Accepting connections on port 8082
2022-01-04 10:47:17.199 INFO  - Accepting connections on port 8080
2022-01-04 10:47:19.898 INFO  - Client request accepted... : /127.0.0.1
2022-01-04 10:47:46.252 INFO  - Leap WAS server starting...
2022-01-04 10:47:46.254 INFO  - --------------------------------------------------------------------------
2022-01-04 10:47:46.255 INFO  - ThreadPool initialized - CORE: 50 MAX: 50 KEEP-ALIVE WHEN IDLE(seconds): 30
2022-01-04 10:47:46.255 INFO  - verbose mode on
2022-01-04 10:47:46.306 INFO  - Add service: org.chaostocosmos.leap.http.service.TimeServiceImpl  Mapping path: /time/GetTime
2022-01-04 10:47:46.306 DEBUG - Method not mapping with MethodMapper annotation: serve
2022-01-04 10:47:46.307 DEBUG - Method not mapping with MethodMapper annotation: setFilters
2022-01-04 10:47:46.307 DEBUG - Method not mapping with MethodMapper annotation: serveGet
2022-01-04 10:47:46.307 DEBUG - Method not mapping with MethodMapper annotation: servePut
2022-01-04 10:47:46.307 DEBUG - Method not mapping with MethodMapper annotation: serveDelete
2022-01-04 10:47:46.307 DEBUG - Method not mapping with MethodMapper annotation: servePost
2022-01-04 10:47:46.308 INFO  - Default host added - Server: leap   Host: localhost   Port: 8080   Doc-Root: home   Logging path: logs/leap.log   Level: [DEBUG]
2022-01-04 10:47:46.309 INFO  - Virtual host added - Server: leap1   Host: 127.0.0.1   Port: 8080   Doc-Root: home1   Logging path: logs/leap.log   Level: [DEBUG]
2022-01-04 10:47:46.316 INFO  - Add service: org.chaostocosmos.leap.http.service.TimeServiceImpl  Mapping path: /time/GetTime
2022-01-04 10:47:46.316 DEBUG - Method not mapping with MethodMapper annotation: serve
2022-01-04 10:47:46.316 DEBUG - Method not mapping with MethodMapper annotation: setFilters
2022-01-04 10:47:46.316 DEBUG - Method not mapping with MethodMapper annotation: serveGet
2022-01-04 10:47:46.316 DEBUG - Method not mapping with MethodMapper annotation: servePut
2022-01-04 10:47:46.317 DEBUG - Method not mapping with MethodMapper annotation: serveDelete
2022-01-04 10:47:46.317 DEBUG - Method not mapping with MethodMapper annotation: servePost
2022-01-04 10:47:46.317 INFO  - Virtual host added - Server: leap2   Host: 192.168.1.60   Port: 8082   Doc-Root: home2   Logging path: logs/leap.log   Level: [DEBUG]
2022-01-04 10:47:46.321 INFO  - Accepting connections on port 8082
2022-01-04 10:47:46.325 INFO  - Accepting connections on port 8080
2022-01-04 10:47:48.253 INFO  - Client request accepted... : /127.0.0.1
2022-01-04 10:48:02.594 INFO  - Leap WAS server starting...
2022-01-04 10:48:02.597 INFO  - --------------------------------------------------------------------------
2022-01-04 10:48:02.597 INFO  - ThreadPool initialized - CORE: 50 MAX: 50 KEEP-ALIVE WHEN IDLE(seconds): 30
2022-01-04 10:48:02.598 INFO  - verbose mode on
2022-01-04 10:48:02.639 INFO  - Add service: org.chaostocosmos.leap.http.service.TimeServiceImpl  Mapping path: /time/GetTime
2022-01-04 10:48:02.640 DEBUG - Method not mapping with MethodMapper annotation: setFilters
2022-01-04 10:48:02.640 DEBUG - Method not mapping with MethodMapper annotation: serve
2022-01-04 10:48:02.641 DEBUG - Method not mapping with MethodMapper annotation: serveGet
2022-01-04 10:48:02.641 DEBUG - Method not mapping with MethodMapper annotation: servePut
2022-01-04 10:48:02.641 DEBUG - Method not mapping with MethodMapper annotation: servePost
2022-01-04 10:48:02.641 DEBUG - Method not mapping with MethodMapper annotation: serveDelete
2022-01-04 10:48:02.641 INFO  - Default host added - Server: leap   Host: localhost   Port: 8080   Doc-Root: home   Logging path: logs/leap.log   Level: [DEBUG]
2022-01-04 10:48:02.643 INFO  - Virtual host added - Server: leap1   Host: 127.0.0.1   Port: 8080   Doc-Root: home1   Logging path: logs/leap.log   Level: [DEBUG]
2022-01-04 10:48:02.649 INFO  - Add service: org.chaostocosmos.leap.http.service.TimeServiceImpl  Mapping path: /time/GetTime
2022-01-04 10:48:02.650 DEBUG - Method not mapping with MethodMapper annotation: setFilters
2022-01-04 10:48:02.650 DEBUG - Method not mapping with MethodMapper annotation: serve
2022-01-04 10:48:02.650 DEBUG - Method not mapping with MethodMapper annotation: serveGet
2022-01-04 10:48:02.651 DEBUG - Method not mapping with MethodMapper annotation: servePut
2022-01-04 10:48:02.651 DEBUG - Method not mapping with MethodMapper annotation: servePost
2022-01-04 10:48:02.651 DEBUG - Method not mapping with MethodMapper annotation: serveDelete
2022-01-04 10:48:02.652 INFO  - Virtual host added - Server: leap2   Host: 192.168.1.60   Port: 8082   Doc-Root: home2   Logging path: logs/leap.log   Level: [DEBUG]
2022-01-04 10:48:02.657 INFO  - Accepting connections on port 8082
2022-01-04 10:48:02.660 INFO  - Accepting connections on port 8080
2022-01-04 10:48:04.585 INFO  - Client request accepted... : /127.0.0.1
2022-01-04 10:48:24.203 INFO  - Leap WAS server starting...
2022-01-04 10:48:24.206 INFO  - --------------------------------------------------------------------------
2022-01-04 10:48:24.206 INFO  - ThreadPool initialized - CORE: 50 MAX: 50 KEEP-ALIVE WHEN IDLE(seconds): 30
2022-01-04 10:48:24.206 INFO  - verbose mode on
2022-01-04 10:48:24.254 INFO  - Add service: org.chaostocosmos.leap.http.service.TimeServiceImpl  Mapping path: /time/GetTime
2022-01-04 10:48:24.254 DEBUG - Method not mapping with MethodMapper annotation: serve
2022-01-04 10:48:24.255 DEBUG - Method not mapping with MethodMapper annotation: setFilters
2022-01-04 10:48:24.255 DEBUG - Method not mapping with MethodMapper annotation: servePost
2022-01-04 10:48:24.255 DEBUG - Method not mapping with MethodMapper annotation: servePut
2022-01-04 10:48:24.255 DEBUG - Method not mapping with MethodMapper annotation: serveDelete
2022-01-04 10:48:24.255 DEBUG - Method not mapping with MethodMapper annotation: serveGet
2022-01-04 10:48:24.256 INFO  - Default host added - Server: leap   Host: localhost   Port: 8080   Doc-Root: home   Logging path: logs/leap.log   Level: [DEBUG]
2022-01-04 10:48:24.257 INFO  - Virtual host added - Server: leap1   Host: 127.0.0.1   Port: 8080   Doc-Root: home1   Logging path: logs/leap.log   Level: [DEBUG]
2022-01-04 10:48:24.268 INFO  - Add service: org.chaostocosmos.leap.http.service.TimeServiceImpl  Mapping path: /time/GetTime
2022-01-04 10:48:24.268 DEBUG - Method not mapping with MethodMapper annotation: serve
2022-01-04 10:48:24.268 DEBUG - Method not mapping with MethodMapper annotation: setFilters
2022-01-04 10:48:24.268 DEBUG - Method not mapping with MethodMapper annotation: servePost
2022-01-04 10:48:24.268 DEBUG - Method not mapping with MethodMapper annotation: servePut
2022-01-04 10:48:24.269 DEBUG - Method not mapping with MethodMapper annotation: serveDelete
2022-01-04 10:48:24.269 DEBUG - Method not mapping with MethodMapper annotation: serveGet
2022-01-04 10:48:24.269 INFO  - Virtual host added - Server: leap2   Host: 192.168.1.60   Port: 8082   Doc-Root: home2   Logging path: logs/leap.log   Level: [DEBUG]
2022-01-04 10:48:24.275 INFO  - Accepting connections on port 8082
2022-01-04 10:48:24.283 INFO  - Accepting connections on port 8080
2022-01-04 10:48:26.101 INFO  - Client request accepted... : /127.0.0.1
2022-01-04 10:49:40.710 INFO  - Leap WAS server starting...
2022-01-04 10:49:40.713 INFO  - --------------------------------------------------------------------------
2022-01-04 10:49:40.713 INFO  - ThreadPool initialized - CORE: 50 MAX: 50 KEEP-ALIVE WHEN IDLE(seconds): 30
2022-01-04 10:49:40.713 INFO  - verbose mode on
2022-01-04 10:49:40.754 INFO  - Add service: org.chaostocosmos.leap.http.service.TimeServiceImpl  Mapping path: /time/GetTime
2022-01-04 10:49:40.754 DEBUG - Method not mapping with MethodMapper annotation: serve
2022-01-04 10:49:40.754 DEBUG - Method not mapping with MethodMapper annotation: setFilters
2022-01-04 10:49:40.755 DEBUG - Method not mapping with MethodMapper annotation: serveDelete
2022-01-04 10:49:40.755 DEBUG - Method not mapping with MethodMapper annotation: servePut
2022-01-04 10:49:40.755 DEBUG - Method not mapping with MethodMapper annotation: servePost
2022-01-04 10:49:40.755 DEBUG - Method not mapping with MethodMapper annotation: serveGet
2022-01-04 10:49:40.755 INFO  - Default host added - Server: leap   Host: localhost   Port: 8080   Doc-Root: home   Logging path: logs/leap.log   Level: [DEBUG]
2022-01-04 10:49:40.757 INFO  - Virtual host added - Server: leap1   Host: 127.0.0.1   Port: 8080   Doc-Root: home1   Logging path: logs/leap.log   Level: [DEBUG]
2022-01-04 10:49:40.762 INFO  - Add service: org.chaostocosmos.leap.http.service.TimeServiceImpl  Mapping path: /time/GetTime
2022-01-04 10:49:40.763 DEBUG - Method not mapping with MethodMapper annotation: serve
2022-01-04 10:49:40.763 DEBUG - Method not mapping with MethodMapper annotation: setFilters
2022-01-04 10:49:40.763 DEBUG - Method not mapping with MethodMapper annotation: serveDelete
2022-01-04 10:49:40.764 DEBUG - Method not mapping with MethodMapper annotation: servePut
2022-01-04 10:49:40.764 DEBUG - Method not mapping with MethodMapper annotation: servePost
2022-01-04 10:49:40.764 DEBUG - Method not mapping with MethodMapper annotation: serveGet
2022-01-04 10:49:40.764 INFO  - Virtual host added - Server: leap2   Host: 192.168.1.60   Port: 8082   Doc-Root: home2   Logging path: logs/leap.log   Level: [DEBUG]
2022-01-04 10:49:40.770 INFO  - Accepting connections on port 8082
2022-01-04 10:49:40.774 INFO  - Accepting connections on port 8080
2022-01-04 10:49:42.722 INFO  - Client request accepted... : /127.0.0.1
2022-01-04 10:50:09.192 INFO  - Leap WAS server starting...
2022-01-04 10:50:09.195 INFO  - --------------------------------------------------------------------------
2022-01-04 10:50:09.196 INFO  - ThreadPool initialized - CORE: 50 MAX: 50 KEEP-ALIVE WHEN IDLE(seconds): 30
2022-01-04 10:50:09.196 INFO  - verbose mode on
2022-01-04 10:50:09.253 INFO  - Add service: org.chaostocosmos.leap.http.service.TimeServiceImpl  Mapping path: /time/GetTime
2022-01-04 10:50:09.254 DEBUG - Method not mapping with MethodMapper annotation: serve
2022-01-04 10:50:09.254 DEBUG - Method not mapping with MethodMapper annotation: setFilters
2022-01-04 10:50:09.255 DEBUG - Method not mapping with MethodMapper annotation: servePost
2022-01-04 10:50:09.255 DEBUG - Method not mapping with MethodMapper annotation: serveGet
2022-01-04 10:50:09.255 DEBUG - Method not mapping with MethodMapper annotation: servePut
2022-01-04 10:50:09.255 DEBUG - Method not mapping with MethodMapper annotation: serveDelete
2022-01-04 10:50:09.256 INFO  - Default host added - Server: leap   Host: localhost   Port: 8080   Doc-Root: home   Logging path: logs/leap.log   Level: [DEBUG]
2022-01-04 10:50:09.258 INFO  - Virtual host added - Server: leap1   Host: 127.0.0.1   Port: 8080   Doc-Root: home1   Logging path: logs/leap.log   Level: [DEBUG]
2022-01-04 10:50:09.267 INFO  - Add service: org.chaostocosmos.leap.http.service.TimeServiceImpl  Mapping path: /time/GetTime
2022-01-04 10:50:09.268 DEBUG - Method not mapping with MethodMapper annotation: serve
2022-01-04 10:50:09.268 DEBUG - Method not mapping with MethodMapper annotation: setFilters
2022-01-04 10:50:09.269 DEBUG - Method not mapping with MethodMapper annotation: servePost
2022-01-04 10:50:09.269 DEBUG - Method not mapping with MethodMapper annotation: serveGet
2022-01-04 10:50:09.269 DEBUG - Method not mapping with MethodMapper annotation: servePut
2022-01-04 10:50:09.269 DEBUG - Method not mapping with MethodMapper annotation: serveDelete
2022-01-04 10:50:09.269 INFO  - Virtual host added - Server: leap2   Host: 192.168.1.60   Port: 8082   Doc-Root: home2   Logging path: logs/leap.log   Level: [DEBUG]
2022-01-04 10:50:09.275 INFO  - Accepting connections on port 8082
2022-01-04 10:50:09.279 INFO  - Accepting connections on port 8080
2022-01-04 10:50:11.365 INFO  - Client request accepted... : /127.0.0.1
2022-01-04 10:50:42.243 INFO  - Leap WAS server starting...
2022-01-04 10:50:42.246 INFO  - --------------------------------------------------------------------------
2022-01-04 10:50:42.246 INFO  - ThreadPool initialized - CORE: 50 MAX: 50 KEEP-ALIVE WHEN IDLE(seconds): 30
2022-01-04 10:50:42.246 INFO  - verbose mode on
2022-01-04 10:50:42.286 INFO  - Add service: org.chaostocosmos.leap.http.service.TimeServiceImpl  Mapping path: /time/GetTime
2022-01-04 10:50:42.287 DEBUG - Method not mapping with MethodMapper annotation: setFilters
2022-01-04 10:50:42.288 DEBUG - Method not mapping with MethodMapper annotation: serve
2022-01-04 10:50:42.288 DEBUG - Method not mapping with MethodMapper annotation: serveGet
2022-01-04 10:50:42.288 DEBUG - Method not mapping with MethodMapper annotation: servePut
2022-01-04 10:50:42.288 DEBUG - Method not mapping with MethodMapper annotation: servePost
2022-01-04 10:50:42.289 DEBUG - Method not mapping with MethodMapper annotation: serveDelete
2022-01-04 10:50:42.289 INFO  - Default host added - Server: leap   Host: localhost   Port: 8080   Doc-Root: home   Logging path: logs/leap.log   Level: [DEBUG]
2022-01-04 10:50:42.290 INFO  - Virtual host added - Server: leap1   Host: 127.0.0.1   Port: 8080   Doc-Root: home1   Logging path: logs/leap.log   Level: [DEBUG]
2022-01-04 10:50:42.296 INFO  - Add service: org.chaostocosmos.leap.http.service.TimeServiceImpl  Mapping path: /time/GetTime
2022-01-04 10:50:42.296 DEBUG - Method not mapping with MethodMapper annotation: setFilters
2022-01-04 10:50:42.296 DEBUG - Method not mapping with MethodMapper annotation: serve
2022-01-04 10:50:42.296 DEBUG - Method not mapping with MethodMapper annotation: serveGet
2022-01-04 10:50:42.296 DEBUG - Method not mapping with MethodMapper annotation: servePut
2022-01-04 10:50:42.297 DEBUG - Method not mapping with MethodMapper annotation: servePost
2022-01-04 10:50:42.297 DEBUG - Method not mapping with MethodMapper annotation: serveDelete
2022-01-04 10:50:42.297 INFO  - Virtual host added - Server: leap2   Host: 192.168.1.60   Port: 8082   Doc-Root: home2   Logging path: logs/leap.log   Level: [DEBUG]
2022-01-04 10:50:42.303 INFO  - Accepting connections on port 8082
2022-01-04 10:50:42.308 INFO  - Accepting connections on port 8080
2022-01-04 10:50:44.140 INFO  - Client request accepted... : /127.0.0.1
2022-01-04 10:52:25.193 INFO  - Leap WAS server starting...
2022-01-04 10:52:25.196 INFO  - --------------------------------------------------------------------------
2022-01-04 10:52:25.196 INFO  - ThreadPool initialized - CORE: 50 MAX: 50 KEEP-ALIVE WHEN IDLE(seconds): 30
2022-01-04 10:52:25.196 INFO  - verbose mode on
2022-01-04 10:52:25.240 INFO  - Add service: org.chaostocosmos.leap.http.service.TimeServiceImpl  Mapping path: /time/GetTime
2022-01-04 10:52:25.240 DEBUG - Method not mapping with MethodMapper annotation: serve
2022-01-04 10:52:25.241 DEBUG - Method not mapping with MethodMapper annotation: setFilters
2022-01-04 10:52:25.241 DEBUG - Method not mapping with MethodMapper annotation: servePut
2022-01-04 10:52:25.241 DEBUG - Method not mapping with MethodMapper annotation: servePost
2022-01-04 10:52:25.241 DEBUG - Method not mapping with MethodMapper annotation: serveDelete
2022-01-04 10:52:25.241 DEBUG - Method not mapping with MethodMapper annotation: serveGet
2022-01-04 10:52:25.242 INFO  - Default host added - Server: leap   Host: localhost   Port: 8080   Doc-Root: home   Logging path: logs/leap.log   Level: [DEBUG]
2022-01-04 10:52:25.244 INFO  - Virtual host added - Server: leap1   Host: 127.0.0.1   Port: 8080   Doc-Root: home1   Logging path: logs/leap.log   Level: [DEBUG]
2022-01-04 10:52:25.250 INFO  - Add service: org.chaostocosmos.leap.http.service.TimeServiceImpl  Mapping path: /time/GetTime
2022-01-04 10:52:25.251 DEBUG - Method not mapping with MethodMapper annotation: serve
2022-01-04 10:52:25.251 DEBUG - Method not mapping with MethodMapper annotation: setFilters
2022-01-04 10:52:25.251 DEBUG - Method not mapping with MethodMapper annotation: servePut
2022-01-04 10:52:25.251 DEBUG - Method not mapping with MethodMapper annotation: servePost
2022-01-04 10:52:25.252 DEBUG - Method not mapping with MethodMapper annotation: serveDelete
2022-01-04 10:52:25.252 DEBUG - Method not mapping with MethodMapper annotation: serveGet
2022-01-04 10:52:25.252 INFO  - Virtual host added - Server: leap2   Host: 192.168.1.60   Port: 8082   Doc-Root: home2   Logging path: logs/leap.log   Level: [DEBUG]
2022-01-04 10:52:25.272 INFO  - Accepting connections on port 8082
2022-01-04 10:52:25.277 INFO  - Accepting connections on port 8080
2022-01-04 10:52:27.219 INFO  - Client request accepted... : /127.0.0.1
2022-01-04 10:53:51.989 INFO  - Leap WAS server starting...
2022-01-04 10:53:51.992 INFO  - --------------------------------------------------------------------------
2022-01-04 10:53:51.993 INFO  - ThreadPool initialized - CORE: 50 MAX: 50 KEEP-ALIVE WHEN IDLE(seconds): 30
2022-01-04 10:53:51.993 INFO  - verbose mode on
2022-01-04 10:53:52.032 INFO  - Add service: org.chaostocosmos.leap.http.service.TimeServiceImpl  Mapping path: /time/GetTime
2022-01-04 10:53:52.032 DEBUG - Method not mapping with MethodMapper annotation: setFilters
2022-01-04 10:53:52.033 DEBUG - Method not mapping with MethodMapper annotation: serve
2022-01-04 10:53:52.033 DEBUG - Method not mapping with MethodMapper annotation: serveGet
2022-01-04 10:53:52.033 DEBUG - Method not mapping with MethodMapper annotation: servePost
2022-01-04 10:53:52.034 DEBUG - Method not mapping with MethodMapper annotation: servePut
2022-01-04 10:53:52.034 DEBUG - Method not mapping with MethodMapper annotation: serveDelete
2022-01-04 10:53:52.034 INFO  - Default host added - Server: leap   Host: localhost   Port: 8080   Doc-Root: home   Logging path: logs/leap.log   Level: [DEBUG]
2022-01-04 10:53:52.036 INFO  - Virtual host added - Server: leap1   Host: 127.0.0.1   Port: 8080   Doc-Root: home1   Logging path: logs/leap.log   Level: [DEBUG]
2022-01-04 10:53:52.042 INFO  - Add service: org.chaostocosmos.leap.http.service.TimeServiceImpl  Mapping path: /time/GetTime
2022-01-04 10:53:52.042 DEBUG - Method not mapping with MethodMapper annotation: setFilters
2022-01-04 10:53:52.042 DEBUG - Method not mapping with MethodMapper annotation: serve
2022-01-04 10:53:52.042 DEBUG - Method not mapping with MethodMapper annotation: serveGet
2022-01-04 10:53:52.043 DEBUG - Method not mapping with MethodMapper annotation: servePost
2022-01-04 10:53:52.043 DEBUG - Method not mapping with MethodMapper annotation: servePut
2022-01-04 10:53:52.043 DEBUG - Method not mapping with MethodMapper annotation: serveDelete
2022-01-04 10:53:52.043 INFO  - Virtual host added - Server: leap2   Host: 192.168.1.60   Port: 8082   Doc-Root: home2   Logging path: logs/leap.log   Level: [DEBUG]
2022-01-04 10:53:52.050 INFO  - Accepting connections on port 8082
2022-01-04 10:53:52.054 INFO  - Accepting connections on port 8080
2022-01-04 10:53:53.693 INFO  - Client request accepted... : /127.0.0.1
2022-01-04 10:54:13.576 INFO  - Leap WAS server starting...
2022-01-04 10:54:13.579 INFO  - --------------------------------------------------------------------------
2022-01-04 10:54:13.579 INFO  - ThreadPool initialized - CORE: 50 MAX: 50 KEEP-ALIVE WHEN IDLE(seconds): 30
2022-01-04 10:54:13.579 INFO  - verbose mode on
2022-01-04 10:54:13.643 INFO  - Add service: org.chaostocosmos.leap.http.service.TimeServiceImpl  Mapping path: /time/GetTime
2022-01-04 10:54:13.643 DEBUG - Method not mapping with MethodMapper annotation: setFilters
2022-01-04 10:54:13.644 DEBUG - Method not mapping with MethodMapper annotation: serve
2022-01-04 10:54:13.644 DEBUG - Method not mapping with MethodMapper annotation: serveGet
2022-01-04 10:54:13.644 DEBUG - Method not mapping with MethodMapper annotation: servePost
2022-01-04 10:54:13.645 DEBUG - Method not mapping with MethodMapper annotation: servePut
2022-01-04 10:54:13.648 DEBUG - Method not mapping with MethodMapper annotation: serveDelete
2022-01-04 10:54:13.649 INFO  - Default host added - Server: leap   Host: localhost   Port: 8080   Doc-Root: home   Logging path: logs/leap.log   Level: [DEBUG]
2022-01-04 10:54:13.651 INFO  - Virtual host added - Server: leap1   Host: 127.0.0.1   Port: 8080   Doc-Root: home1   Logging path: logs/leap.log   Level: [DEBUG]
2022-01-04 10:54:13.659 INFO  - Add service: org.chaostocosmos.leap.http.service.TimeServiceImpl  Mapping path: /time/GetTime
2022-01-04 10:54:13.660 DEBUG - Method not mapping with MethodMapper annotation: setFilters
2022-01-04 10:54:13.660 DEBUG - Method not mapping with MethodMapper annotation: serve
2022-01-04 10:54:13.660 DEBUG - Method not mapping with MethodMapper annotation: serveGet
2022-01-04 10:54:13.660 DEBUG - Method not mapping with MethodMapper annotation: servePost
2022-01-04 10:54:13.661 DEBUG - Method not mapping with MethodMapper annotation: servePut
2022-01-04 10:54:13.661 DEBUG - Method not mapping with MethodMapper annotation: serveDelete
2022-01-04 10:54:13.661 INFO  - Virtual host added - Server: leap2   Host: 192.168.1.60   Port: 8082   Doc-Root: home2   Logging path: logs/leap.log   Level: [DEBUG]
2022-01-04 10:54:13.668 INFO  - Accepting connections on port 8082
2022-01-04 10:54:13.672 INFO  - Accepting connections on port 8080
2022-01-04 10:54:16.140 INFO  - Client request accepted... : /127.0.0.1
2022-01-04 10:55:07.766 INFO  - Leap WAS server starting...
2022-01-04 10:55:07.769 INFO  - --------------------------------------------------------------------------
2022-01-04 10:55:07.770 INFO  - ThreadPool initialized - CORE: 50 MAX: 50 KEEP-ALIVE WHEN IDLE(seconds): 30
2022-01-04 10:55:07.770 INFO  - verbose mode on
2022-01-04 10:55:07.818 INFO  - Add service: org.chaostocosmos.leap.http.service.TimeServiceImpl  Mapping path: /time/GetTime
2022-01-04 10:55:07.819 DEBUG - Method not mapping with MethodMapper annotation: serve
2022-01-04 10:55:07.819 DEBUG - Method not mapping with MethodMapper annotation: setFilters
2022-01-04 10:55:07.819 DEBUG - Method not mapping with MethodMapper annotation: serveDelete
2022-01-04 10:55:07.820 DEBUG - Method not mapping with MethodMapper annotation: serveGet
2022-01-04 10:55:07.820 DEBUG - Method not mapping with MethodMapper annotation: servePut
2022-01-04 10:55:07.820 DEBUG - Method not mapping with MethodMapper annotation: servePost
2022-01-04 10:55:07.821 INFO  - Default host added - Server: leap   Host: localhost   Port: 8080   Doc-Root: home   Logging path: logs/leap.log   Level: [DEBUG]
2022-01-04 10:55:07.823 INFO  - Virtual host added - Server: leap1   Host: 127.0.0.1   Port: 8080   Doc-Root: home1   Logging path: logs/leap.log   Level: [DEBUG]
2022-01-04 10:55:07.829 INFO  - Add service: org.chaostocosmos.leap.http.service.TimeServiceImpl  Mapping path: /time/GetTime
2022-01-04 10:55:07.829 DEBUG - Method not mapping with MethodMapper annotation: serve
2022-01-04 10:55:07.829 DEBUG - Method not mapping with MethodMapper annotation: setFilters
2022-01-04 10:55:07.830 DEBUG - Method not mapping with MethodMapper annotation: serveDelete
2022-01-04 10:55:07.830 DEBUG - Method not mapping with MethodMapper annotation: serveGet
2022-01-04 10:55:07.830 DEBUG - Method not mapping with MethodMapper annotation: servePut
2022-01-04 10:55:07.830 DEBUG - Method not mapping with MethodMapper annotation: servePost
2022-01-04 10:55:07.831 INFO  - Virtual host added - Server: leap2   Host: 192.168.1.60   Port: 8082   Doc-Root: home2   Logging path: logs/leap.log   Level: [DEBUG]
2022-01-04 10:55:07.836 INFO  - Accepting connections on port 8082
2022-01-04 10:55:07.841 INFO  - Accepting connections on port 8080
2022-01-04 10:55:09.863 INFO  - Client request accepted... : /127.0.0.1
2022-01-04 10:55:32.401 INFO  - Leap WAS server starting...
2022-01-04 10:55:32.404 INFO  - --------------------------------------------------------------------------
2022-01-04 10:55:32.404 INFO  - ThreadPool initialized - CORE: 50 MAX: 50 KEEP-ALIVE WHEN IDLE(seconds): 30
2022-01-04 10:55:32.404 INFO  - verbose mode on
2022-01-04 10:55:32.441 INFO  - Add service: org.chaostocosmos.leap.http.service.TimeServiceImpl  Mapping path: /time/GetTime
2022-01-04 10:55:32.442 DEBUG - Method not mapping with MethodMapper annotation: serve
2022-01-04 10:55:32.442 DEBUG - Method not mapping with MethodMapper annotation: setFilters
2022-01-04 10:55:32.442 DEBUG - Method not mapping with MethodMapper annotation: serveGet
2022-01-04 10:55:32.442 DEBUG - Method not mapping with MethodMapper annotation: servePost
2022-01-04 10:55:32.442 DEBUG - Method not mapping with MethodMapper annotation: servePut
2022-01-04 10:55:32.442 DEBUG - Method not mapping with MethodMapper annotation: serveDelete
2022-01-04 10:55:32.443 INFO  - Default host added - Server: leap   Host: localhost   Port: 8080   Doc-Root: home   Logging path: logs/leap.log   Level: [DEBUG]
2022-01-04 10:55:32.444 INFO  - Virtual host added - Server: leap1   Host: 127.0.0.1   Port: 8080   Doc-Root: home1   Logging path: logs/leap.log   Level: [DEBUG]
2022-01-04 10:55:32.449 INFO  - Add service: org.chaostocosmos.leap.http.service.TimeServiceImpl  Mapping path: /time/GetTime
2022-01-04 10:55:32.450 DEBUG - Method not mapping with MethodMapper annotation: serve
2022-01-04 10:55:32.450 DEBUG - Method not mapping with MethodMapper annotation: setFilters
2022-01-04 10:55:32.451 DEBUG - Method not mapping with MethodMapper annotation: serveGet
2022-01-04 10:55:32.451 DEBUG - Method not mapping with MethodMapper annotation: servePost
2022-01-04 10:55:32.451 DEBUG - Method not mapping with MethodMapper annotation: servePut
2022-01-04 10:55:32.451 DEBUG - Method not mapping with MethodMapper annotation: serveDelete
2022-01-04 10:55:32.451 INFO  - Virtual host added - Server: leap2   Host: 192.168.1.60   Port: 8082   Doc-Root: home2   Logging path: logs/leap.log   Level: [DEBUG]
2022-01-04 10:55:32.456 INFO  - Accepting connections on port 8082
2022-01-04 10:55:32.461 INFO  - Accepting connections on port 8080
2022-01-04 10:55:34.379 INFO  - Client request accepted... : /127.0.0.1
2022-01-04 10:57:04.910 INFO  - Leap WAS server starting...
2022-01-04 10:57:04.913 INFO  - --------------------------------------------------------------------------
2022-01-04 10:57:04.913 INFO  - ThreadPool initialized - CORE: 50 MAX: 50 KEEP-ALIVE WHEN IDLE(seconds): 30
2022-01-04 10:57:04.913 INFO  - verbose mode on
2022-01-04 10:57:04.952 INFO  - Add service: org.chaostocosmos.leap.http.service.TimeServiceImpl  Mapping path: /time/GetTime
2022-01-04 10:57:04.952 DEBUG - Method not mapping with MethodMapper annotation: setFilters
2022-01-04 10:57:04.952 DEBUG - Method not mapping with MethodMapper annotation: serve
2022-01-04 10:57:04.953 DEBUG - Method not mapping with MethodMapper annotation: servePut
2022-01-04 10:57:04.953 DEBUG - Method not mapping with MethodMapper annotation: servePost
2022-01-04 10:57:04.953 DEBUG - Method not mapping with MethodMapper annotation: serveGet
2022-01-04 10:57:04.953 DEBUG - Method not mapping with MethodMapper annotation: serveDelete
2022-01-04 10:57:04.953 INFO  - Default host added - Server: leap   Host: localhost   Port: 8080   Doc-Root: home   Logging path: logs/leap.log   Level: [DEBUG]
2022-01-04 10:57:04.955 INFO  - Virtual host added - Server: leap1   Host: 127.0.0.1   Port: 8080   Doc-Root: home1   Logging path: logs/leap.log   Level: [DEBUG]
2022-01-04 10:57:04.962 INFO  - Add service: org.chaostocosmos.leap.http.service.TimeServiceImpl  Mapping path: /time/GetTime
2022-01-04 10:57:04.962 DEBUG - Method not mapping with MethodMapper annotation: setFilters
2022-01-04 10:57:04.963 DEBUG - Method not mapping with MethodMapper annotation: serve
2022-01-04 10:57:04.963 DEBUG - Method not mapping with MethodMapper annotation: servePut
2022-01-04 10:57:04.963 DEBUG - Method not mapping with MethodMapper annotation: servePost
2022-01-04 10:57:04.963 DEBUG - Method not mapping with MethodMapper annotation: serveGet
2022-01-04 10:57:04.964 DEBUG - Method not mapping with MethodMapper annotation: serveDelete
2022-01-04 10:57:04.964 INFO  - Virtual host added - Server: leap2   Host: 192.168.1.60   Port: 8082   Doc-Root: home2   Logging path: logs/leap.log   Level: [DEBUG]
2022-01-04 10:57:04.968 INFO  - Accepting connections on port 8082
2022-01-04 10:57:04.972 INFO  - Accepting connections on port 8080
2022-01-04 10:57:07.801 INFO  - Client request accepted... : /127.0.0.1
2022-01-04 10:57:36.762 INFO  - Leap WAS server starting...
2022-01-04 10:57:36.766 INFO  - --------------------------------------------------------------------------
2022-01-04 10:57:36.767 INFO  - ThreadPool initialized - CORE: 50 MAX: 50 KEEP-ALIVE WHEN IDLE(seconds): 30
2022-01-04 10:57:36.768 INFO  - verbose mode on
2022-01-04 10:57:36.805 DEBUG - Method not mapping with MethodMapper annotation: serve
2022-01-04 10:57:36.806 DEBUG - Method not mapping with MethodMapper annotation: setFilters
2022-01-04 10:57:36.807 DEBUG - Method not mapping with MethodMapper annotation: servePut
2022-01-04 10:57:36.807 DEBUG - Method not mapping with MethodMapper annotation: serveGet
2022-01-04 10:57:36.807 DEBUG - Method not mapping with MethodMapper annotation: servePost
2022-01-04 10:57:36.807 DEBUG - Method not mapping with MethodMapper annotation: serveDelete
2022-01-04 10:57:36.811 INFO  - Add service: org.chaostocosmos.leap.http.service.TimeServiceImpl  Mapping path: /time/GetTime
2022-01-04 10:57:36.811 INFO  - Default host added - Server: leap   Host: localhost   Port: 8080   Doc-Root: home   Logging path: logs/leap.log   Level: [DEBUG]
2022-01-04 10:57:36.813 INFO  - Virtual host added - Server: leap1   Host: 127.0.0.1   Port: 8080   Doc-Root: home1   Logging path: logs/leap.log   Level: [DEBUG]
2022-01-04 10:57:36.819 DEBUG - Method not mapping with MethodMapper annotation: serve
2022-01-04 10:57:36.820 DEBUG - Method not mapping with MethodMapper annotation: setFilters
2022-01-04 10:57:36.820 DEBUG - Method not mapping with MethodMapper annotation: servePut
2022-01-04 10:57:36.820 DEBUG - Method not mapping with MethodMapper annotation: serveGet
2022-01-04 10:57:36.820 DEBUG - Method not mapping with MethodMapper annotation: servePost
2022-01-04 10:57:36.820 DEBUG - Method not mapping with MethodMapper annotation: serveDelete
2022-01-04 10:57:36.821 INFO  - Add service: org.chaostocosmos.leap.http.service.TimeServiceImpl  Mapping path: /time/GetTime
2022-01-04 10:57:36.821 INFO  - Virtual host added - Server: leap2   Host: 192.168.1.60   Port: 8082   Doc-Root: home2   Logging path: logs/leap.log   Level: [DEBUG]
2022-01-04 10:57:36.826 INFO  - Accepting connections on port 8082
2022-01-04 10:57:36.830 INFO  - Accepting connections on port 8080
2022-01-04 10:57:38.686 INFO  - Client request accepted... : /127.0.0.1
