2022-01-26 11:00:18.705 INFO  - Leap WAS server starting......
2022-01-26 11:00:18.711 INFO  - --------------------------------------------------------------------------
2022-01-26 11:00:18.713 INFO  - ThreadPool initialized - CORE: 50 MAX: 50 KEEP-ALIVE WHEN IDLE(seconds): 30
2022-01-26 11:00:18.713 INFO  - verbose mode on
2022-01-26 11:00:18.720 INFO  - Add dynamic classpath to ClassLoader: file:/D:/0.github/Leap/./home/webapp/services/
2022-01-26 11:00:18.760 INFO  - Add service: org.chaostocosmos.leap.http.services.TimeServiceImpl  Mapping path: /time/GetTime
2022-01-26 11:00:18.761 INFO  - Default host added - Server: leap   Host: localhost   Port: 8080   Doc-Root: home   Logging path: logs/leap.log   Level: [DEBUG]
2022-01-26 11:00:18.776 INFO  - Virtual host added - Server: leap2   Host: 192.168.1.28   Port: 8081   Doc-Root: home2   Logging path: logs/leap.log   Level: [DEBUG]
2022-01-26 11:00:18.776 INFO  - Virtual host added - Server: leap1   Host: 127.0.0.1   Port: 8080   Doc-Root: home1   Logging path: logs/leap.log   Level: [DEBUG]
2022-01-26 11:00:18.788 INFO  - Accepting connections on port 8080
2022-01-26 11:00:20.504 INFO  - Host: localhost:8080  Client request accepted... : /127.0.0.1
2022-01-26 11:00:43.481 INFO  - Leap WAS server starting......
2022-01-26 11:00:43.484 INFO  - --------------------------------------------------------------------------
2022-01-26 11:00:43.485 INFO  - ThreadPool initialized - CORE: 50 MAX: 50 KEEP-ALIVE WHEN IDLE(seconds): 30
2022-01-26 11:00:43.485 INFO  - verbose mode on
2022-01-26 11:00:43.491 INFO  - Add dynamic classpath to ClassLoader: file:/D:/0.github/Leap/./home/webapp/services/
2022-01-26 11:00:43.527 INFO  - Add service: org.chaostocosmos.leap.http.services.TimeServiceImpl  Mapping path: /time/GetTime
2022-01-26 11:00:43.528 INFO  - Default host added - Server: leap   Host: localhost   Port: 8080   Doc-Root: home   Logging path: logs/leap.log   Level: [DEBUG]
2022-01-26 11:00:43.530 INFO  - Virtual host added - Server: leap2   Host: 192.168.1.28   Port: 8081   Doc-Root: home2   Logging path: logs/leap.log   Level: [DEBUG]
2022-01-26 11:00:43.530 INFO  - Virtual host added - Server: leap1   Host: 127.0.0.1   Port: 8080   Doc-Root: home1   Logging path: logs/leap.log   Level: [DEBUG]
2022-01-26 11:00:43.543 INFO  - Accepting connections on port 8080
2022-01-26 11:00:46.558 INFO  - Host: localhost:8080  Client request accepted... : /127.0.0.1
2022-01-26 11:03:39.912 INFO  - Leap WAS server starting......
2022-01-26 11:03:39.915 INFO  - --------------------------------------------------------------------------
2022-01-26 11:03:39.915 INFO  - ThreadPool initialized - CORE: 50 MAX: 50 KEEP-ALIVE WHEN IDLE(seconds): 30
2022-01-26 11:03:39.915 INFO  - verbose mode on
2022-01-26 11:03:39.920 INFO  - Add dynamic classpath to ClassLoader: file:/D:/0.github/Leap/./home/webapp/services/
2022-01-26 11:03:39.953 INFO  - Add service: org.chaostocosmos.leap.http.services.TimeServiceImpl  Mapping path: /time/GetTime
2022-01-26 11:03:39.953 INFO  - Default host added - Server: leap   Host: localhost   Port: 8080   Doc-Root: home   Logging path: logs/leap.log   Level: [DEBUG]
2022-01-26 11:03:39.955 INFO  - Virtual host added - Server: leap2   Host: 192.168.1.28   Port: 8081   Doc-Root: home2   Logging path: logs/leap.log   Level: [DEBUG]
2022-01-26 11:03:39.956 INFO  - Virtual host added - Server: leap1   Host: 127.0.0.1   Port: 8080   Doc-Root: home1   Logging path: logs/leap.log   Level: [DEBUG]
2022-01-26 11:03:39.965 INFO  - Accepting connections on port 8080
2022-01-26 11:03:42.372 INFO  - Host: localhost:8080  Client request accepted... : /127.0.0.1
2022-01-26 11:15:32.895 INFO  - Leap WAS server starting......
2022-01-26 11:15:32.898 INFO  - --------------------------------------------------------------------------
2022-01-26 11:15:32.899 INFO  - ThreadPool initialized - CORE: 50 MAX: 50 KEEP-ALIVE WHEN IDLE(seconds): 30
2022-01-26 11:15:32.899 INFO  - verbose mode on
2022-01-26 11:15:32.905 INFO  - Add dynamic classpath to ClassLoader: file:/D:/0.github/Leap/./home/webapp/services/
2022-01-26 11:15:32.939 INFO  - Add service: org.chaostocosmos.leap.http.services.TimeServiceImpl  Mapping path: /time/GetTime
2022-01-26 11:15:32.940 INFO  - Default host added - Server: leap   Host: localhost   Port: 8080   Doc-Root: home   Logging path: logs/leap.log   Level: [DEBUG]
2022-01-26 11:15:32.942 INFO  - Virtual host added - Server: leap2   Host: 192.168.1.28   Port: 8081   Doc-Root: home2   Logging path: logs/leap.log   Level: [DEBUG]
2022-01-26 11:15:32.943 INFO  - Virtual host added - Server: leap1   Host: 127.0.0.1   Port: 8080   Doc-Root: home1   Logging path: logs/leap.log   Level: [DEBUG]
2022-01-26 11:15:32.954 INFO  - Accepting connections on port 8080
2022-01-26 11:15:34.599 INFO  - Host: localhost:8080  Client request accepted... : /127.0.0.1
2022-01-26 11:15:34.608 ERROR - null
java.lang.NullPointerException: null
	at org.chaostocosmos.leap.http.Context.lambda$26(Context.java:532)
	at java.base/java.util.stream.ReduceOps$1ReducingSink.accept(ReduceOps.java:80)
	at java.base/java.util.Spliterators$ArraySpliterator.forEachRemaining(Spliterators.java:948)
	at java.base/java.util.stream.AbstractPipeline.copyInto(AbstractPipeline.java:484)
	at java.base/java.util.stream.AbstractPipeline.wrapAndCopyInto(AbstractPipeline.java:474)
	at java.base/java.util.stream.ReduceOps$ReduceOp.evaluateSequential(ReduceOps.java:913)
	at java.base/java.util.stream.AbstractPipeline.evaluate(AbstractPipeline.java:234)
	at java.base/java.util.stream.ReferencePipeline.reduce(ReferencePipeline.java:553)
	at org.chaostocosmos.leap.http.Context.getMsg(Context.java:532)
	at org.chaostocosmos.leap.http.WASException.<init>(WASException.java:44)
	at org.chaostocosmos.leap.http.HttpParser$RequestParser.parseRequest(HttpParser.java:238)
	at org.chaostocosmos.leap.http.LeapRequestHandler.run(LeapRequestHandler.java:76)
	at java.base/java.util.concurrent.Executors$RunnableAdapter.call(Executors.java:515)
	at java.base/java.util.concurrent.FutureTask.run(FutureTask.java:264)
	at java.base/java.util.concurrent.ThreadPoolExecutor.runWorker(ThreadPoolExecutor.java:1128)
	at java.base/java.util.concurrent.ThreadPoolExecutor$Worker.run(ThreadPoolExecutor.java:628)
	at java.base/java.lang.Thread.run(Thread.java:829)
2022-01-26 11:16:18.823 INFO  - Leap WAS server starting......
2022-01-26 11:16:18.826 INFO  - --------------------------------------------------------------------------
2022-01-26 11:16:18.828 INFO  - ThreadPool initialized - CORE: 50 MAX: 50 KEEP-ALIVE WHEN IDLE(seconds): 30
2022-01-26 11:16:18.828 INFO  - verbose mode on
2022-01-26 11:16:18.832 INFO  - Add dynamic classpath to ClassLoader: file:/D:/0.github/Leap/./home/webapp/services/
2022-01-26 11:16:18.866 INFO  - Add service: org.chaostocosmos.leap.http.services.TimeServiceImpl  Mapping path: /time/GetTime
2022-01-26 11:16:18.867 INFO  - Default host added - Server: leap   Host: localhost   Port: 8080   Doc-Root: home   Logging path: logs/leap.log   Level: [DEBUG]
2022-01-26 11:16:18.868 INFO  - Virtual host added - Server: leap2   Host: 192.168.1.28   Port: 8081   Doc-Root: home2   Logging path: logs/leap.log   Level: [DEBUG]
2022-01-26 11:16:18.868 INFO  - Virtual host added - Server: leap1   Host: 127.0.0.1   Port: 8080   Doc-Root: home1   Logging path: logs/leap.log   Level: [DEBUG]
2022-01-26 11:16:18.880 INFO  - Accepting connections on port 8080
2022-01-26 11:16:20.888 INFO  - Host: localhost:8080  Client request accepted... : /127.0.0.1
2022-01-26 11:16:20.902 ERROR - null
java.lang.NullPointerException: null
	at org.chaostocosmos.leap.http.Context.lambda$26(Context.java:532)
	at java.base/java.util.stream.ReduceOps$1ReducingSink.accept(ReduceOps.java:80)
	at java.base/java.util.Spliterators$ArraySpliterator.forEachRemaining(Spliterators.java:948)
	at java.base/java.util.stream.AbstractPipeline.copyInto(AbstractPipeline.java:484)
	at java.base/java.util.stream.AbstractPipeline.wrapAndCopyInto(AbstractPipeline.java:474)
	at java.base/java.util.stream.ReduceOps$ReduceOp.evaluateSequential(ReduceOps.java:913)
	at java.base/java.util.stream.AbstractPipeline.evaluate(AbstractPipeline.java:234)
	at java.base/java.util.stream.ReferencePipeline.reduce(ReferencePipeline.java:553)
	at org.chaostocosmos.leap.http.Context.getMsg(Context.java:532)
	at org.chaostocosmos.leap.http.WASException.<init>(WASException.java:44)
	at org.chaostocosmos.leap.http.HttpParser$RequestParser.parseRequest(HttpParser.java:238)
	at org.chaostocosmos.leap.http.LeapRequestHandler.run(LeapRequestHandler.java:76)
	at java.base/java.util.concurrent.Executors$RunnableAdapter.call(Executors.java:515)
	at java.base/java.util.concurrent.FutureTask.run(FutureTask.java:264)
	at java.base/java.util.concurrent.ThreadPoolExecutor.runWorker(ThreadPoolExecutor.java:1128)
	at java.base/java.util.concurrent.ThreadPoolExecutor$Worker.run(ThreadPoolExecutor.java:628)
	at java.base/java.lang.Thread.run(Thread.java:829)
