2022-03-03 13:01:40.292 INFO  - Path: D:\0.github\Leap\home\webapp\WEB-INF\static
2022-03-03 13:01:40.304 INFO  - Path: D:\0.github\Leap\home\webapp\WEB-INF\static\새 폴더
2022-03-03 13:01:40.312 INFO  - Path: D:\0.github\Leap\home\webapp\WEB-INF\static\새 폴더\새 폴더
2022-03-03 13:01:40.313 INFO  - Path: D:\0.github\Leap\home\webapp\WEB-INF\static\새 폴더\새 폴더 (2)
2022-03-03 13:01:40.315 INFO  - Path: D:\0.github\Leap\home\webapp\WEB-INF\static\새 폴더\새 폴더 (3)
2022-03-03 13:01:40.316 INFO  - [RESOUCE INITIALIZED] Resource object for host: localhost started. Watching Paths: 
2022-03-03 13:01:40.356 INFO  - Leap WAS server starting......
2022-03-03 13:01:40.358 INFO  - --------------------------------------------------------------------------
2022-03-03 13:01:40.360 INFO  - ThreadPool initialized - CORE: 50 MAX: 50 KEEP-ALIVE WHEN IDLE(seconds): 30
2022-03-03 13:01:40.361 INFO  - verbose mode on
2022-03-03 13:01:40.451 INFO  - Add service: org.chaostocosmos.leap.http.services.LeapServiceDeploy  Mapping path: /deploy/upload   METHOD: POST
2022-03-03 13:01:40.453 INFO  - Add service: org.chaostocosmos.leap.http.services.TimeServiceImpl  Mapping path: /time/GetTime   METHOD: GET
2022-03-03 13:01:40.454 INFO  - [DEFAULT HOST] - Protocol: HTTP_1_0   Server: leap   Host: localhost   Port: 8080   Doc-Root: home   Logging path: logs\leap.log   Level: [DEBUG]
2022-03-03 13:01:40.461 INFO  - Add service: org.chaostocosmos.leap.http.services.LeapServiceDeploy  Mapping path: /deploy/upload   METHOD: POST
2022-03-03 13:01:40.462 INFO  - Add service: org.chaostocosmos.leap.http.services.TimeServiceImpl  Mapping path: /time/GetTime   METHOD: GET
2022-03-03 13:01:40.463 INFO  - [VIRTUAL HOST] - Protocol: HTTPS_1_0   Server: leap1   Host: awesome   Port: 8082   Doc-Root: home1   Logging path: logs\leap.log   Level: [DEBUG]
2022-03-03 13:01:40.470 INFO  - Add service: org.chaostocosmos.leap.http.services.LeapServiceDeploy  Mapping path: /deploy/upload   METHOD: POST
2022-03-03 13:01:40.471 INFO  - Add service: org.chaostocosmos.leap.http.services.TimeServiceImpl  Mapping path: /time/GetTime   METHOD: GET
2022-03-03 13:01:40.471 INFO  - [VIRTUAL HOST] - Protocol: HTTP_1_0   Server: leap2   Host: www.leap1.org   Port: 8081   Doc-Root: home2   Logging path: logs\leap.log   Level: [DEBUG]
2022-03-03 13:01:40.472 INFO  - --------------------------------------------------------------------------
2022-03-03 13:01:40.476 INFO  - [HTTP SERVER START] Address: www.leap1.org/127.0.0.1:8081
2022-03-03 13:01:40.476 INFO  - [HTTP SERVER START] Address: localhost/127.0.0.1:8080
2022-03-03 13:01:40.996 INFO  - [HTTPS SERVER START] Address: awesome/127.0.0.1:8082  Protocol: TLS  KeyStore: leap-keystore.jks  Supported Protocol: [TLSv1.3, TLSv1.2, TLSv1.1, TLSv1, SSLv3, SSLv2Hello]
2022-03-03 13:01:41.891 DEBUG - [WATCH] Added resource directory: D:\0.github\Leap\home\webapp\WEB-INF\static\새 폴더
2022-03-03 13:03:03.855 INFO  - Path: D:\0.github\Leap\home\webapp\WEB-INF\static
2022-03-03 13:03:03.857 INFO  - Path: D:\0.github\Leap\home\webapp\WEB-INF\static\새 폴더
2022-03-03 13:03:03.858 INFO  - Path: D:\0.github\Leap\home\webapp\WEB-INF\static\새 폴더\새 폴더
2022-03-03 13:03:03.859 INFO  - Path: D:\0.github\Leap\home\webapp\WEB-INF\static\새 폴더\새 폴더 (2)
2022-03-03 13:03:03.859 INFO  - Path: D:\0.github\Leap\home\webapp\WEB-INF\static\새 폴더\새 폴더 (3)
2022-03-03 13:03:03.859 INFO  - Path: D:\0.github\Leap\home\webapp\WEB-INF\static\새 폴더\새 폴더 (4)
2022-03-03 13:03:03.860 INFO  - [RESOUCE INITIALIZED] Resource object for host: localhost started. Watching Paths: 
2022-03-03 13:03:03.874 INFO  - Leap WAS server starting......
2022-03-03 13:03:03.875 INFO  - --------------------------------------------------------------------------
2022-03-03 13:03:03.876 INFO  - ThreadPool initialized - CORE: 50 MAX: 50 KEEP-ALIVE WHEN IDLE(seconds): 30
2022-03-03 13:03:03.876 INFO  - verbose mode on
2022-03-03 13:03:03.916 INFO  - Add service: org.chaostocosmos.leap.http.services.LeapServiceDeploy  Mapping path: /deploy/upload   METHOD: POST
2022-03-03 13:03:03.917 INFO  - Add service: org.chaostocosmos.leap.http.services.TimeServiceImpl  Mapping path: /time/GetTime   METHOD: GET
2022-03-03 13:03:03.919 INFO  - [DEFAULT HOST] - Protocol: HTTP_1_0   Server: leap   Host: localhost   Port: 8080   Doc-Root: home   Logging path: logs\leap.log   Level: [DEBUG]
2022-03-03 13:03:03.926 INFO  - Add service: org.chaostocosmos.leap.http.services.LeapServiceDeploy  Mapping path: /deploy/upload   METHOD: POST
2022-03-03 13:03:03.926 INFO  - Add service: org.chaostocosmos.leap.http.services.TimeServiceImpl  Mapping path: /time/GetTime   METHOD: GET
2022-03-03 13:03:03.926 INFO  - [VIRTUAL HOST] - Protocol: HTTPS_1_0   Server: leap1   Host: awesome   Port: 8082   Doc-Root: home1   Logging path: logs\leap.log   Level: [DEBUG]
2022-03-03 13:03:03.930 INFO  - Add service: org.chaostocosmos.leap.http.services.LeapServiceDeploy  Mapping path: /deploy/upload   METHOD: POST
2022-03-03 13:03:03.931 INFO  - Add service: org.chaostocosmos.leap.http.services.TimeServiceImpl  Mapping path: /time/GetTime   METHOD: GET
2022-03-03 13:03:03.931 INFO  - [VIRTUAL HOST] - Protocol: HTTP_1_0   Server: leap2   Host: www.leap1.org   Port: 8081   Doc-Root: home2   Logging path: logs\leap.log   Level: [DEBUG]
2022-03-03 13:03:03.932 INFO  - --------------------------------------------------------------------------
2022-03-03 13:03:03.937 INFO  - [HTTP SERVER START] Address: www.leap1.org/127.0.0.1:8081
2022-03-03 13:03:03.937 INFO  - [HTTP SERVER START] Address: localhost/127.0.0.1:8080
2022-03-03 13:03:04.443 INFO  - [HTTPS SERVER START] Address: awesome/127.0.0.1:8082  Protocol: TLS  KeyStore: leap-keystore.jks  Supported Protocol: [TLSv1.3, TLSv1.2, TLSv1.1, TLSv1, SSLv3, SSLv2Hello]
2022-03-03 13:03:27.381 INFO  - Path: D:\0.github\Leap\home\webapp\WEB-INF\static
2022-03-03 13:03:27.383 INFO  - Path: D:\0.github\Leap\home\webapp\WEB-INF\static\새 폴더
2022-03-03 13:03:27.384 INFO  - Path: D:\0.github\Leap\home\webapp\WEB-INF\static\새 폴더\새 폴더
2022-03-03 13:03:27.384 INFO  - Path: D:\0.github\Leap\home\webapp\WEB-INF\static\새 폴더\새 폴더 (2)
2022-03-03 13:03:27.385 INFO  - Path: D:\0.github\Leap\home\webapp\WEB-INF\static\새 폴더\새 폴더 (3)
2022-03-03 13:03:27.385 INFO  - Path: D:\0.github\Leap\home\webapp\WEB-INF\static\새 폴더\새 폴더 (4)
2022-03-03 13:03:27.386 INFO  - [RESOUCE INITIALIZED] Resource object for host: localhost started. Watching Paths: 
2022-03-03 13:03:27.400 INFO  - Leap WAS server starting......
2022-03-03 13:03:27.401 INFO  - --------------------------------------------------------------------------
2022-03-03 13:03:27.402 INFO  - ThreadPool initialized - CORE: 50 MAX: 50 KEEP-ALIVE WHEN IDLE(seconds): 30
2022-03-03 13:03:27.402 INFO  - verbose mode on
2022-03-03 13:03:27.444 INFO  - Add service: org.chaostocosmos.leap.http.services.LeapServiceDeploy  Mapping path: /deploy/upload   METHOD: POST
2022-03-03 13:03:27.445 INFO  - Add service: org.chaostocosmos.leap.http.services.TimeServiceImpl  Mapping path: /time/GetTime   METHOD: GET
2022-03-03 13:03:27.446 INFO  - [DEFAULT HOST] - Protocol: HTTP_1_0   Server: leap   Host: localhost   Port: 8080   Doc-Root: home   Logging path: logs\leap.log   Level: [DEBUG]
2022-03-03 13:03:27.450 INFO  - Add service: org.chaostocosmos.leap.http.services.LeapServiceDeploy  Mapping path: /deploy/upload   METHOD: POST
2022-03-03 13:03:27.451 INFO  - Add service: org.chaostocosmos.leap.http.services.TimeServiceImpl  Mapping path: /time/GetTime   METHOD: GET
2022-03-03 13:03:27.451 INFO  - [VIRTUAL HOST] - Protocol: HTTPS_1_0   Server: leap1   Host: awesome   Port: 8082   Doc-Root: home1   Logging path: logs\leap.log   Level: [DEBUG]
2022-03-03 13:03:27.457 INFO  - Add service: org.chaostocosmos.leap.http.services.LeapServiceDeploy  Mapping path: /deploy/upload   METHOD: POST
2022-03-03 13:03:27.458 INFO  - Add service: org.chaostocosmos.leap.http.services.TimeServiceImpl  Mapping path: /time/GetTime   METHOD: GET
2022-03-03 13:03:27.458 INFO  - [VIRTUAL HOST] - Protocol: HTTP_1_0   Server: leap2   Host: www.leap1.org   Port: 8081   Doc-Root: home2   Logging path: logs\leap.log   Level: [DEBUG]
2022-03-03 13:03:27.459 INFO  - --------------------------------------------------------------------------
2022-03-03 13:03:27.462 INFO  - [HTTP SERVER START] Address: www.leap1.org/127.0.0.1:8081
2022-03-03 13:03:27.462 INFO  - [HTTP SERVER START] Address: localhost/127.0.0.1:8080
2022-03-03 13:03:27.861 INFO  - [HTTPS SERVER START] Address: awesome/127.0.0.1:8082  Protocol: TLS  KeyStore: leap-keystore.jks  Supported Protocol: [TLSv1.3, TLSv1.2, TLSv1.1, TLSv1, SSLv3, SSLv2Hello]
2022-03-03 13:03:29.594 DEBUG - [WATCH] Added resource directory: D:\0.github\Leap\home\webapp\WEB-INF\static\새 폴더
2022-03-03 13:13:35.887 INFO  - Path: D:\0.github\Leap\home\webapp\WEB-INF\static
2022-03-03 13:13:35.890 INFO  - Path: D:\0.github\Leap\home\webapp\WEB-INF\static\새 폴더
2022-03-03 13:13:35.890 INFO  - Path: D:\0.github\Leap\home\webapp\WEB-INF\static\새 폴더\새 폴더
2022-03-03 13:13:35.891 INFO  - Path: D:\0.github\Leap\home\webapp\WEB-INF\static\새 폴더\새 폴더 (2)
2022-03-03 13:13:35.891 INFO  - Path: D:\0.github\Leap\home\webapp\WEB-INF\static\새 폴더\새 폴더 (3)
2022-03-03 13:13:35.891 INFO  - Path: D:\0.github\Leap\home\webapp\WEB-INF\static\새 폴더\새 폴더 (4)
2022-03-03 13:13:35.892 INFO  - Path: D:\0.github\Leap\home\webapp\WEB-INF\static\새 폴더\새 폴더 (5)
2022-03-03 13:13:35.892 INFO  - Path: D:\0.github\Leap\home\webapp\WEB-INF\static\새 폴더\새 폴더 (5)\aaa
2022-03-03 13:13:35.893 INFO  - [RESOUCE INITIALIZED] Resource object for host: localhost started. Watching Paths: 
2022-03-03 13:13:35.912 INFO  - Leap WAS server starting......
2022-03-03 13:13:35.913 INFO  - --------------------------------------------------------------------------
2022-03-03 13:13:35.914 INFO  - ThreadPool initialized - CORE: 50 MAX: 50 KEEP-ALIVE WHEN IDLE(seconds): 30
2022-03-03 13:13:35.914 INFO  - verbose mode on
2022-03-03 13:13:35.964 INFO  - Add service: org.chaostocosmos.leap.http.services.LeapServiceDeploy  Mapping path: /deploy/upload   METHOD: POST
2022-03-03 13:13:35.965 INFO  - Add service: org.chaostocosmos.leap.http.services.TimeServiceImpl  Mapping path: /time/GetTime   METHOD: GET
2022-03-03 13:13:35.967 INFO  - [DEFAULT HOST] - Protocol: HTTP_1_0   Server: leap   Host: localhost   Port: 8080   Doc-Root: home   Logging path: logs\leap.log   Level: [DEBUG]
2022-03-03 13:13:35.975 INFO  - Add service: org.chaostocosmos.leap.http.services.LeapServiceDeploy  Mapping path: /deploy/upload   METHOD: POST
2022-03-03 13:13:35.975 INFO  - Add service: org.chaostocosmos.leap.http.services.TimeServiceImpl  Mapping path: /time/GetTime   METHOD: GET
2022-03-03 13:13:35.976 INFO  - [VIRTUAL HOST] - Protocol: HTTPS_1_0   Server: leap1   Host: awesome   Port: 8082   Doc-Root: home1   Logging path: logs\leap.log   Level: [DEBUG]
2022-03-03 13:13:35.981 INFO  - Add service: org.chaostocosmos.leap.http.services.LeapServiceDeploy  Mapping path: /deploy/upload   METHOD: POST
2022-03-03 13:13:35.982 INFO  - Add service: org.chaostocosmos.leap.http.services.TimeServiceImpl  Mapping path: /time/GetTime   METHOD: GET
2022-03-03 13:13:35.983 INFO  - [VIRTUAL HOST] - Protocol: HTTP_1_0   Server: leap2   Host: www.leap1.org   Port: 8081   Doc-Root: home2   Logging path: logs\leap.log   Level: [DEBUG]
2022-03-03 13:13:35.983 INFO  - --------------------------------------------------------------------------
2022-03-03 13:13:35.988 INFO  - [HTTP SERVER START] Address: localhost/127.0.0.1:8080
2022-03-03 13:13:35.988 INFO  - [HTTP SERVER START] Address: www.leap1.org/127.0.0.1:8081
2022-03-03 13:13:36.447 INFO  - [HTTPS SERVER START] Address: awesome/127.0.0.1:8082  Protocol: TLS  KeyStore: leap-keystore.jks  Supported Protocol: [TLSv1.3, TLSv1.2, TLSv1.1, TLSv1, SSLv3, SSLv2Hello]
2022-03-03 13:13:40.301 DEBUG - [WATCH] Added resource directory: D:\0.github\Leap\home\webapp\WEB-INF\static\새 폴더
2022-03-03 13:14:23.490 INFO  - Path: D:\0.github\Leap\home\webapp\WEB-INF\static
2022-03-03 13:14:23.493 INFO  - Path: D:\0.github\Leap\home\webapp\WEB-INF\static\새 폴더
2022-03-03 13:14:23.494 INFO  - Path: D:\0.github\Leap\home\webapp\WEB-INF\static\새 폴더\새 폴더
2022-03-03 13:14:23.495 INFO  - Path: D:\0.github\Leap\home\webapp\WEB-INF\static\새 폴더\새 폴더 (2)
2022-03-03 13:14:23.495 INFO  - Path: D:\0.github\Leap\home\webapp\WEB-INF\static\새 폴더\새 폴더 (3)
2022-03-03 13:14:23.495 INFO  - Path: D:\0.github\Leap\home\webapp\WEB-INF\static\새 폴더\새 폴더 (4)
2022-03-03 13:14:23.495 INFO  - Path: D:\0.github\Leap\home\webapp\WEB-INF\static\새 폴더\새 폴더 (5)
2022-03-03 13:14:23.495 INFO  - Path: D:\0.github\Leap\home\webapp\WEB-INF\static\새 폴더\새 폴더 (5)\aaa
2022-03-03 13:14:23.496 INFO  - Path: D:\0.github\Leap\home\webapp\WEB-INF\static\새 폴더\새 폴더 (5)\새 폴더
2022-03-03 13:14:23.496 INFO  - [RESOUCE INITIALIZED] Resource object for host: localhost started. Watching Paths: 
2022-03-03 13:14:23.517 INFO  - Leap WAS server starting......
2022-03-03 13:14:23.518 INFO  - --------------------------------------------------------------------------
2022-03-03 13:14:23.519 INFO  - ThreadPool initialized - CORE: 50 MAX: 50 KEEP-ALIVE WHEN IDLE(seconds): 30
2022-03-03 13:14:23.519 INFO  - verbose mode on
2022-03-03 13:14:23.572 INFO  - Add service: org.chaostocosmos.leap.http.services.LeapServiceDeploy  Mapping path: /deploy/upload   METHOD: POST
2022-03-03 13:14:23.573 INFO  - Add service: org.chaostocosmos.leap.http.services.TimeServiceImpl  Mapping path: /time/GetTime   METHOD: GET
2022-03-03 13:14:23.574 INFO  - [DEFAULT HOST] - Protocol: HTTP_1_0   Server: leap   Host: localhost   Port: 8080   Doc-Root: home   Logging path: logs\leap.log   Level: [DEBUG]
2022-03-03 13:14:23.582 INFO  - Add service: org.chaostocosmos.leap.http.services.LeapServiceDeploy  Mapping path: /deploy/upload   METHOD: POST
2022-03-03 13:14:23.583 INFO  - Add service: org.chaostocosmos.leap.http.services.TimeServiceImpl  Mapping path: /time/GetTime   METHOD: GET
2022-03-03 13:14:23.583 INFO  - [VIRTUAL HOST] - Protocol: HTTPS_1_0   Server: leap1   Host: awesome   Port: 8082   Doc-Root: home1   Logging path: logs\leap.log   Level: [DEBUG]
2022-03-03 13:14:23.592 INFO  - Add service: org.chaostocosmos.leap.http.services.LeapServiceDeploy  Mapping path: /deploy/upload   METHOD: POST
2022-03-03 13:14:23.592 INFO  - Add service: org.chaostocosmos.leap.http.services.TimeServiceImpl  Mapping path: /time/GetTime   METHOD: GET
2022-03-03 13:14:23.592 INFO  - [VIRTUAL HOST] - Protocol: HTTP_1_0   Server: leap2   Host: www.leap1.org   Port: 8081   Doc-Root: home2   Logging path: logs\leap.log   Level: [DEBUG]
2022-03-03 13:14:23.593 INFO  - --------------------------------------------------------------------------
2022-03-03 13:14:23.597 INFO  - [HTTP SERVER START] Address: localhost/127.0.0.1:8080
2022-03-03 13:14:23.597 INFO  - [HTTP SERVER START] Address: www.leap1.org/127.0.0.1:8081
2022-03-03 13:14:24.034 INFO  - [HTTPS SERVER START] Address: awesome/127.0.0.1:8082  Protocol: TLS  KeyStore: leap-keystore.jks  Supported Protocol: [TLSv1.3, TLSv1.2, TLSv1.1, TLSv1, SSLv3, SSLv2Hello]
2022-03-03 13:14:50.741 INFO  - Path: D:\0.github\Leap\home\webapp\WEB-INF\static
2022-03-03 13:14:50.743 INFO  - Path: D:\0.github\Leap\home\webapp\WEB-INF\static\새 폴더
2022-03-03 13:14:50.744 INFO  - Path: D:\0.github\Leap\home\webapp\WEB-INF\static\새 폴더\새 폴더
2022-03-03 13:14:50.744 INFO  - Path: D:\0.github\Leap\home\webapp\WEB-INF\static\새 폴더\새 폴더 (2)
2022-03-03 13:14:50.745 INFO  - Path: D:\0.github\Leap\home\webapp\WEB-INF\static\새 폴더\새 폴더 (3)
2022-03-03 13:14:50.745 INFO  - Path: D:\0.github\Leap\home\webapp\WEB-INF\static\새 폴더\새 폴더 (4)
2022-03-03 13:14:50.746 INFO  - Path: D:\0.github\Leap\home\webapp\WEB-INF\static\새 폴더\새 폴더 (5)
2022-03-03 13:14:50.746 INFO  - Path: D:\0.github\Leap\home\webapp\WEB-INF\static\새 폴더\새 폴더 (5)\aaa
2022-03-03 13:14:50.746 INFO  - Path: D:\0.github\Leap\home\webapp\WEB-INF\static\새 폴더\새 폴더 (5)\새 폴더a
2022-03-03 13:14:50.746 INFO  - [RESOUCE INITIALIZED] Resource object for host: localhost started. Watching Paths: 
2022-03-03 13:14:50.767 INFO  - Leap WAS server starting......
2022-03-03 13:14:50.768 INFO  - --------------------------------------------------------------------------
2022-03-03 13:14:50.769 INFO  - ThreadPool initialized - CORE: 50 MAX: 50 KEEP-ALIVE WHEN IDLE(seconds): 30
2022-03-03 13:14:50.769 INFO  - verbose mode on
2022-03-03 13:14:50.819 INFO  - Add service: org.chaostocosmos.leap.http.services.LeapServiceDeploy  Mapping path: /deploy/upload   METHOD: POST
2022-03-03 13:14:50.821 INFO  - Add service: org.chaostocosmos.leap.http.services.TimeServiceImpl  Mapping path: /time/GetTime   METHOD: GET
2022-03-03 13:14:50.822 INFO  - [DEFAULT HOST] - Protocol: HTTP_1_0   Server: leap   Host: localhost   Port: 8080   Doc-Root: home   Logging path: logs\leap.log   Level: [DEBUG]
2022-03-03 13:14:50.829 INFO  - Add service: org.chaostocosmos.leap.http.services.LeapServiceDeploy  Mapping path: /deploy/upload   METHOD: POST
2022-03-03 13:14:50.830 INFO  - Add service: org.chaostocosmos.leap.http.services.TimeServiceImpl  Mapping path: /time/GetTime   METHOD: GET
2022-03-03 13:14:50.830 INFO  - [VIRTUAL HOST] - Protocol: HTTPS_1_0   Server: leap1   Host: awesome   Port: 8082   Doc-Root: home1   Logging path: logs\leap.log   Level: [DEBUG]
2022-03-03 13:14:50.835 INFO  - Add service: org.chaostocosmos.leap.http.services.LeapServiceDeploy  Mapping path: /deploy/upload   METHOD: POST
2022-03-03 13:14:50.835 INFO  - Add service: org.chaostocosmos.leap.http.services.TimeServiceImpl  Mapping path: /time/GetTime   METHOD: GET
2022-03-03 13:14:50.835 INFO  - [VIRTUAL HOST] - Protocol: HTTP_1_0   Server: leap2   Host: www.leap1.org   Port: 8081   Doc-Root: home2   Logging path: logs\leap.log   Level: [DEBUG]
2022-03-03 13:14:50.836 INFO  - --------------------------------------------------------------------------
2022-03-03 13:14:50.840 INFO  - [HTTP SERVER START] Address: localhost/127.0.0.1:8080
2022-03-03 13:14:50.840 INFO  - [HTTP SERVER START] Address: www.leap1.org/127.0.0.1:8081
2022-03-03 13:14:51.344 INFO  - [HTTPS SERVER START] Address: awesome/127.0.0.1:8082  Protocol: TLS  KeyStore: leap-keystore.jks  Supported Protocol: [TLSv1.3, TLSv1.2, TLSv1.1, TLSv1, SSLv3, SSLv2Hello]
2022-03-03 13:14:54.457 DEBUG - [WATCH] Added resource directory: D:\0.github\Leap\home\webapp\WEB-INF\static\새 폴더
2022-03-03 13:41:31.665 INFO  - Path: D:\0.github\Leap\home\webapp\WEB-INF\static
2022-03-03 13:41:31.669 INFO  - Path: D:\0.github\Leap\home\webapp\WEB-INF\static\새 폴더
2022-03-03 13:41:31.669 INFO  - Path: D:\0.github\Leap\home\webapp\WEB-INF\static\새 폴더\새 폴더
2022-03-03 13:41:31.670 INFO  - Path: D:\0.github\Leap\home\webapp\WEB-INF\static\새 폴더\새 폴더 (2)
2022-03-03 13:41:31.670 INFO  - Path: D:\0.github\Leap\home\webapp\WEB-INF\static\새 폴더\새 폴더 (3)
2022-03-03 13:41:31.671 INFO  - Path: D:\0.github\Leap\home\webapp\WEB-INF\static\새 폴더\새 폴더 (4)
2022-03-03 13:41:31.671 INFO  - Path: D:\0.github\Leap\home\webapp\WEB-INF\static\새 폴더\새 폴더 (5)
2022-03-03 13:41:31.671 INFO  - Path: D:\0.github\Leap\home\webapp\WEB-INF\static\새 폴더\새 폴더 (5)\aaa
2022-03-03 13:41:31.672 INFO  - Path: D:\0.github\Leap\home\webapp\WEB-INF\static\새 폴더\새 폴더 (5)\새 폴더a
2022-03-03 13:41:31.672 INFO  - Path: D:\0.github\Leap\home\webapp\WEB-INF\static\새 폴더\새 폴더 (5)\새 폴더a\새 폴더
2022-03-03 13:42:12.288 INFO  - Path: D:\0.github\Leap\home\webapp\WEB-INF\static
2022-03-03 13:42:12.291 INFO  - Path: D:\0.github\Leap\home\webapp\WEB-INF\static\새 폴더
2022-03-03 13:42:12.291 INFO  - Path: D:\0.github\Leap\home\webapp\WEB-INF\static\새 폴더\새 폴더
2022-03-03 13:42:12.292 INFO  - Path: D:\0.github\Leap\home\webapp\WEB-INF\static\새 폴더\새 폴더 (2)
2022-03-03 13:42:12.292 INFO  - Path: D:\0.github\Leap\home\webapp\WEB-INF\static\새 폴더\새 폴더 (3)
2022-03-03 13:42:12.292 INFO  - Path: D:\0.github\Leap\home\webapp\WEB-INF\static\새 폴더\새 폴더 (4)
2022-03-03 13:42:12.293 INFO  - Path: D:\0.github\Leap\home\webapp\WEB-INF\static\새 폴더\새 폴더 (5)
2022-03-03 13:42:12.293 INFO  - Path: D:\0.github\Leap\home\webapp\WEB-INF\static\새 폴더\새 폴더 (5)\aaa
2022-03-03 13:42:12.294 INFO  - Path: D:\0.github\Leap\home\webapp\WEB-INF\static\새 폴더\새 폴더 (5)\새 폴더a
2022-03-03 13:42:12.295 INFO  - Path: D:\0.github\Leap\home\webapp\WEB-INF\static\새 폴더\새 폴더 (5)\새 폴더a\새 폴더
2022-03-03 13:42:29.578 INFO  - Path: D:\0.github\Leap\home\webapp\WEB-INF\static
2022-03-03 13:42:29.597 INFO  - Path: D:\0.github\Leap\home\webapp\WEB-INF\static\새 폴더
2022-03-03 13:42:29.599 INFO  - Path: D:\0.github\Leap\home\webapp\WEB-INF\static\새 폴더\새 폴더
2022-03-03 13:42:29.599 INFO  - Path: D:\0.github\Leap\home\webapp\WEB-INF\static\새 폴더\새 폴더 (2)
2022-03-03 13:42:29.599 INFO  - Path: D:\0.github\Leap\home\webapp\WEB-INF\static\새 폴더\새 폴더 (3)
2022-03-03 13:42:29.600 INFO  - Path: D:\0.github\Leap\home\webapp\WEB-INF\static\새 폴더\새 폴더 (4)
2022-03-03 13:42:29.600 INFO  - Path: D:\0.github\Leap\home\webapp\WEB-INF\static\새 폴더\새 폴더 (5)
2022-03-03 13:42:29.601 INFO  - Path: D:\0.github\Leap\home\webapp\WEB-INF\static\새 폴더\새 폴더 (5)\aaa
2022-03-03 13:42:29.601 INFO  - Path: D:\0.github\Leap\home\webapp\WEB-INF\static\새 폴더\새 폴더 (5)\새 폴더a
2022-03-03 13:42:29.602 INFO  - Path: D:\0.github\Leap\home\webapp\WEB-INF\static\새 폴더\새 폴더 (5)\새 폴더a\새 폴더
2022-03-03 13:42:29.609 INFO  - [RESOUCE INITIALIZED] Resource object for host: localhost started. Watching Paths: 
2022-03-03 13:42:29.646 INFO  - Leap WAS server starting......
2022-03-03 13:42:29.649 INFO  - --------------------------------------------------------------------------
2022-03-03 13:42:29.649 INFO  - ThreadPool initialized - CORE: 50 MAX: 50 KEEP-ALIVE WHEN IDLE(seconds): 30
2022-03-03 13:42:29.649 INFO  - verbose mode on
2022-03-03 13:42:29.710 INFO  - Add service: org.chaostocosmos.leap.http.services.LeapServiceDeploy  Mapping path: /deploy/upload   METHOD: POST
2022-03-03 13:42:29.711 INFO  - Add service: org.chaostocosmos.leap.http.services.TimeServiceImpl  Mapping path: /time/GetTime   METHOD: GET
2022-03-03 13:42:29.713 INFO  - [DEFAULT HOST] - Protocol: HTTP_1_0   Server: leap   Host: localhost   Port: 8080   Doc-Root: home   Logging path: logs\leap.log   Level: [DEBUG]
2022-03-03 13:42:29.722 INFO  - Add service: org.chaostocosmos.leap.http.services.LeapServiceDeploy  Mapping path: /deploy/upload   METHOD: POST
2022-03-03 13:42:29.722 INFO  - Add service: org.chaostocosmos.leap.http.services.TimeServiceImpl  Mapping path: /time/GetTime   METHOD: GET
2022-03-03 13:42:29.723 INFO  - [VIRTUAL HOST] - Protocol: HTTPS_1_0   Server: leap1   Host: awesome   Port: 8082   Doc-Root: home1   Logging path: logs\leap.log   Level: [DEBUG]
2022-03-03 13:42:29.728 INFO  - Add service: org.chaostocosmos.leap.http.services.LeapServiceDeploy  Mapping path: /deploy/upload   METHOD: POST
2022-03-03 13:42:29.729 INFO  - Add service: org.chaostocosmos.leap.http.services.TimeServiceImpl  Mapping path: /time/GetTime   METHOD: GET
2022-03-03 13:42:29.730 INFO  - [VIRTUAL HOST] - Protocol: HTTP_1_0   Server: leap2   Host: www.leap1.org   Port: 8081   Doc-Root: home2   Logging path: logs\leap.log   Level: [DEBUG]
2022-03-03 13:42:29.731 INFO  - --------------------------------------------------------------------------
2022-03-03 13:42:29.736 INFO  - [HTTP SERVER START] Address: localhost/127.0.0.1:8080
2022-03-03 13:42:29.736 INFO  - [HTTP SERVER START] Address: www.leap1.org/127.0.0.1:8081
2022-03-03 13:42:30.223 INFO  - [HTTPS SERVER START] Address: awesome/127.0.0.1:8082  Protocol: TLS  KeyStore: leap-keystore.jks  Supported Protocol: [TLSv1.3, TLSv1.2, TLSv1.1, TLSv1, SSLv3, SSLv2Hello]
2022-03-03 13:43:11.087 INFO  - Path: D:\0.github\Leap\home\webapp\WEB-INF\static
2022-03-03 13:43:11.090 INFO  - Path: D:\0.github\Leap\home\webapp\WEB-INF\static\새 폴더
2022-03-03 13:43:11.091 INFO  - Path: D:\0.github\Leap\home\webapp\WEB-INF\static\새 폴더\새 폴더
2022-03-03 13:43:11.092 INFO  - Path: D:\0.github\Leap\home\webapp\WEB-INF\static\새 폴더\새 폴더 (2)
2022-03-03 13:43:11.092 INFO  - Path: D:\0.github\Leap\home\webapp\WEB-INF\static\새 폴더\새 폴더 (3)
2022-03-03 13:43:11.093 INFO  - Path: D:\0.github\Leap\home\webapp\WEB-INF\static\새 폴더\새 폴더 (4)
2022-03-03 13:43:11.093 INFO  - Path: D:\0.github\Leap\home\webapp\WEB-INF\static\새 폴더\새 폴더 (5)
2022-03-03 13:43:11.094 INFO  - Path: D:\0.github\Leap\home\webapp\WEB-INF\static\새 폴더\새 폴더 (5)\aaa
2022-03-03 13:43:11.095 INFO  - Path: D:\0.github\Leap\home\webapp\WEB-INF\static\새 폴더\새 폴더 (5)\새 폴더a
2022-03-03 13:43:11.096 INFO  - Path: D:\0.github\Leap\home\webapp\WEB-INF\static\새 폴더\새 폴더 (5)\새 폴더a\새 폴더
2022-03-03 13:43:11.106 INFO  - [RESOUCE INITIALIZED] Resource object for host: localhost started. Watching Paths: 
2022-03-03 13:43:11.140 INFO  - Leap WAS server starting......
2022-03-03 13:43:11.142 INFO  - --------------------------------------------------------------------------
2022-03-03 13:43:11.143 INFO  - ThreadPool initialized - CORE: 50 MAX: 50 KEEP-ALIVE WHEN IDLE(seconds): 30
2022-03-03 13:43:11.143 INFO  - verbose mode on
2022-03-03 13:43:11.199 INFO  - Add service: org.chaostocosmos.leap.http.services.LeapServiceDeploy  Mapping path: /deploy/upload   METHOD: POST
2022-03-03 13:43:11.200 INFO  - Add service: org.chaostocosmos.leap.http.services.TimeServiceImpl  Mapping path: /time/GetTime   METHOD: GET
2022-03-03 13:43:11.202 INFO  - [DEFAULT HOST] - Protocol: HTTP_1_0   Server: leap   Host: localhost   Port: 8080   Doc-Root: home   Logging path: logs\leap.log   Level: [DEBUG]
2022-03-03 13:43:11.208 INFO  - Add service: org.chaostocosmos.leap.http.services.LeapServiceDeploy  Mapping path: /deploy/upload   METHOD: POST
2022-03-03 13:43:11.209 INFO  - Add service: org.chaostocosmos.leap.http.services.TimeServiceImpl  Mapping path: /time/GetTime   METHOD: GET
2022-03-03 13:43:11.209 INFO  - [VIRTUAL HOST] - Protocol: HTTPS_1_0   Server: leap1   Host: awesome   Port: 8082   Doc-Root: home1   Logging path: logs\leap.log   Level: [DEBUG]
2022-03-03 13:43:11.217 INFO  - Add service: org.chaostocosmos.leap.http.services.LeapServiceDeploy  Mapping path: /deploy/upload   METHOD: POST
2022-03-03 13:43:11.218 INFO  - Add service: org.chaostocosmos.leap.http.services.TimeServiceImpl  Mapping path: /time/GetTime   METHOD: GET
2022-03-03 13:43:11.219 INFO  - [VIRTUAL HOST] - Protocol: HTTP_1_0   Server: leap2   Host: www.leap1.org   Port: 8081   Doc-Root: home2   Logging path: logs\leap.log   Level: [DEBUG]
2022-03-03 13:43:11.219 INFO  - --------------------------------------------------------------------------
2022-03-03 13:43:11.223 INFO  - [HTTP SERVER START] Address: www.leap1.org/127.0.0.1:8081
2022-03-03 13:43:11.223 INFO  - [HTTP SERVER START] Address: localhost/127.0.0.1:8080
2022-03-03 13:43:11.701 INFO  - [HTTPS SERVER START] Address: awesome/127.0.0.1:8082  Protocol: TLS  KeyStore: leap-keystore.jks  Supported Protocol: [TLSv1.3, TLSv1.2, TLSv1.1, TLSv1, SSLv3, SSLv2Hello]
2022-03-03 13:44:10.270 INFO  - Path: D:\0.github\Leap\home\webapp\WEB-INF\static
2022-03-03 13:44:10.273 INFO  - Path: D:\0.github\Leap\home\webapp\WEB-INF\static\새 폴더
2022-03-03 13:44:10.273 INFO  - Path: D:\0.github\Leap\home\webapp\WEB-INF\static\새 폴더\새 폴더
2022-03-03 13:44:10.273 INFO  - Path: D:\0.github\Leap\home\webapp\WEB-INF\static\새 폴더\새 폴더 (2)
2022-03-03 13:44:10.273 INFO  - Path: D:\0.github\Leap\home\webapp\WEB-INF\static\새 폴더\새 폴더 (3)
2022-03-03 13:44:10.274 INFO  - Path: D:\0.github\Leap\home\webapp\WEB-INF\static\새 폴더\새 폴더 (4)
2022-03-03 13:44:10.274 INFO  - Path: D:\0.github\Leap\home\webapp\WEB-INF\static\새 폴더\새 폴더 (5)
2022-03-03 13:44:10.274 INFO  - Path: D:\0.github\Leap\home\webapp\WEB-INF\static\새 폴더\새 폴더 (5)\aaa
2022-03-03 13:44:10.275 INFO  - Path: D:\0.github\Leap\home\webapp\WEB-INF\static\새 폴더\새 폴더 (5)\새 폴더a
2022-03-03 13:44:10.275 INFO  - Path: D:\0.github\Leap\home\webapp\WEB-INF\static\새 폴더\새 폴더 (5)\새 폴더a\새 폴더
2022-03-03 13:44:10.282 INFO  - [RESOUCE INITIALIZED] Resource object for host: localhost started. Watching Paths: 
2022-03-03 13:44:10.302 INFO  - Leap WAS server starting......
2022-03-03 13:44:10.306 INFO  - --------------------------------------------------------------------------
2022-03-03 13:44:10.306 INFO  - ThreadPool initialized - CORE: 50 MAX: 50 KEEP-ALIVE WHEN IDLE(seconds): 30
2022-03-03 13:44:10.306 INFO  - verbose mode on
2022-03-03 13:44:10.356 INFO  - Add service: org.chaostocosmos.leap.http.services.LeapServiceDeploy  Mapping path: /deploy/upload   METHOD: POST
2022-03-03 13:44:10.358 INFO  - Add service: org.chaostocosmos.leap.http.services.TimeServiceImpl  Mapping path: /time/GetTime   METHOD: GET
2022-03-03 13:44:10.359 INFO  - [DEFAULT HOST] - Protocol: HTTP_1_0   Server: leap   Host: localhost   Port: 8080   Doc-Root: home   Logging path: logs\leap.log   Level: [DEBUG]
2022-03-03 13:44:10.365 INFO  - Add service: org.chaostocosmos.leap.http.services.LeapServiceDeploy  Mapping path: /deploy/upload   METHOD: POST
2022-03-03 13:44:10.366 INFO  - Add service: org.chaostocosmos.leap.http.services.TimeServiceImpl  Mapping path: /time/GetTime   METHOD: GET
2022-03-03 13:44:10.367 INFO  - [VIRTUAL HOST] - Protocol: HTTPS_1_0   Server: leap1   Host: awesome   Port: 8082   Doc-Root: home1   Logging path: logs\leap.log   Level: [DEBUG]
2022-03-03 13:44:10.373 INFO  - Add service: org.chaostocosmos.leap.http.services.LeapServiceDeploy  Mapping path: /deploy/upload   METHOD: POST
2022-03-03 13:44:10.374 INFO  - Add service: org.chaostocosmos.leap.http.services.TimeServiceImpl  Mapping path: /time/GetTime   METHOD: GET
2022-03-03 13:44:10.374 INFO  - [VIRTUAL HOST] - Protocol: HTTP_1_0   Server: leap2   Host: www.leap1.org   Port: 8081   Doc-Root: home2   Logging path: logs\leap.log   Level: [DEBUG]
2022-03-03 13:44:10.375 INFO  - --------------------------------------------------------------------------
2022-03-03 13:44:10.380 INFO  - [HTTP SERVER START] Address: www.leap1.org/127.0.0.1:8081
2022-03-03 13:44:10.380 INFO  - [HTTP SERVER START] Address: localhost/127.0.0.1:8080
2022-03-03 13:44:10.880 INFO  - [HTTPS SERVER START] Address: awesome/127.0.0.1:8082  Protocol: TLS  KeyStore: leap-keystore.jks  Supported Protocol: [TLSv1.3, TLSv1.2, TLSv1.1, TLSv1, SSLv3, SSLv2Hello]
2022-03-03 13:48:58.004 INFO  - Path: D:\0.github\Leap\home\webapp\WEB-INF\static
2022-03-03 13:48:58.008 INFO  - Path: D:\0.github\Leap\home\webapp\WEB-INF\static\새 폴더
2022-03-03 13:48:58.008 INFO  - Path: D:\0.github\Leap\home\webapp\WEB-INF\static\새 폴더\새 폴더
2022-03-03 13:48:58.009 INFO  - Path: D:\0.github\Leap\home\webapp\WEB-INF\static\새 폴더\새 폴더 (2)
2022-03-03 13:48:58.009 INFO  - Path: D:\0.github\Leap\home\webapp\WEB-INF\static\새 폴더\새 폴더 (3)
2022-03-03 13:48:58.010 INFO  - Path: D:\0.github\Leap\home\webapp\WEB-INF\static\새 폴더\새 폴더 (4)
2022-03-03 13:48:58.010 INFO  - Path: D:\0.github\Leap\home\webapp\WEB-INF\static\새 폴더\새 폴더 (5)
2022-03-03 13:48:58.010 INFO  - Path: D:\0.github\Leap\home\webapp\WEB-INF\static\새 폴더\새 폴더 (5)\aaa
2022-03-03 13:48:58.011 INFO  - Path: D:\0.github\Leap\home\webapp\WEB-INF\static\새 폴더\새 폴더 (5)\새 폴더a
2022-03-03 13:48:58.012 INFO  - Path: D:\0.github\Leap\home\webapp\WEB-INF\static\새 폴더\새 폴더 (5)\새 폴더a\새 폴더
2022-03-03 13:49:10.748 INFO  - Path: D:\0.github\Leap\home\webapp\WEB-INF\static
2022-03-03 13:49:10.750 INFO  - Path: D:\0.github\Leap\home\webapp\WEB-INF\static\새 폴더
2022-03-03 13:49:10.751 INFO  - Path: D:\0.github\Leap\home\webapp\WEB-INF\static\새 폴더\새 폴더
2022-03-03 13:49:10.751 INFO  - Path: D:\0.github\Leap\home\webapp\WEB-INF\static\새 폴더\새 폴더 (2)
2022-03-03 13:49:10.752 INFO  - Path: D:\0.github\Leap\home\webapp\WEB-INF\static\새 폴더\새 폴더 (3)
2022-03-03 13:49:10.752 INFO  - Path: D:\0.github\Leap\home\webapp\WEB-INF\static\새 폴더\새 폴더 (4)
2022-03-03 13:49:10.752 INFO  - Path: D:\0.github\Leap\home\webapp\WEB-INF\static\새 폴더\새 폴더 (5)
2022-03-03 13:49:10.753 INFO  - Path: D:\0.github\Leap\home\webapp\WEB-INF\static\새 폴더\새 폴더 (5)\aaa
2022-03-03 13:49:10.753 INFO  - Path: D:\0.github\Leap\home\webapp\WEB-INF\static\새 폴더\새 폴더 (5)\새 폴더a
2022-03-03 13:49:10.753 INFO  - Path: D:\0.github\Leap\home\webapp\WEB-INF\static\새 폴더\새 폴더 (5)\새 폴더a\새 폴더
2022-03-03 13:49:33.522 INFO  - Path: D:\0.github\Leap\home\webapp\WEB-INF\static
2022-03-03 13:49:33.524 INFO  - Path: D:\0.github\Leap\home\webapp\WEB-INF\static\새 폴더
2022-03-03 13:49:33.525 INFO  - Path: D:\0.github\Leap\home\webapp\WEB-INF\static\새 폴더\새 폴더
2022-03-03 13:49:33.525 INFO  - Path: D:\0.github\Leap\home\webapp\WEB-INF\static\새 폴더\새 폴더 (2)
2022-03-03 13:49:33.526 INFO  - Path: D:\0.github\Leap\home\webapp\WEB-INF\static\새 폴더\새 폴더 (3)
2022-03-03 13:49:33.526 INFO  - Path: D:\0.github\Leap\home\webapp\WEB-INF\static\새 폴더\새 폴더 (4)
2022-03-03 13:49:33.526 INFO  - Path: D:\0.github\Leap\home\webapp\WEB-INF\static\새 폴더\새 폴더 (5)
2022-03-03 13:49:33.527 INFO  - Path: D:\0.github\Leap\home\webapp\WEB-INF\static\새 폴더\새 폴더 (5)\aaa
2022-03-03 13:49:33.527 INFO  - Path: D:\0.github\Leap\home\webapp\WEB-INF\static\새 폴더\새 폴더 (5)\새 폴더a
2022-03-03 13:49:33.527 INFO  - Path: D:\0.github\Leap\home\webapp\WEB-INF\static\새 폴더\새 폴더 (5)\새 폴더a\새 폴더
2022-03-03 13:50:33.552 INFO  - Path: D:\0.github\Leap\home\webapp\WEB-INF\static
2022-03-03 13:50:33.554 INFO  - Path: D:\0.github\Leap\home\webapp\WEB-INF\static\새 폴더
2022-03-03 13:50:33.555 INFO  - Path: D:\0.github\Leap\home\webapp\WEB-INF\static\새 폴더\새 폴더
2022-03-03 13:50:33.555 INFO  - Path: D:\0.github\Leap\home\webapp\WEB-INF\static\새 폴더\새 폴더 (2)
2022-03-03 13:50:33.555 INFO  - Path: D:\0.github\Leap\home\webapp\WEB-INF\static\새 폴더\새 폴더 (3)
2022-03-03 13:50:33.555 INFO  - Path: D:\0.github\Leap\home\webapp\WEB-INF\static\새 폴더\새 폴더 (4)
2022-03-03 13:50:33.555 INFO  - Path: D:\0.github\Leap\home\webapp\WEB-INF\static\새 폴더\새 폴더 (5)
2022-03-03 13:50:33.556 INFO  - Path: D:\0.github\Leap\home\webapp\WEB-INF\static\새 폴더\새 폴더 (5)\aaa
2022-03-03 13:50:33.556 INFO  - Path: D:\0.github\Leap\home\webapp\WEB-INF\static\새 폴더\새 폴더 (5)\새 폴더a
2022-03-03 13:50:33.556 INFO  - Path: D:\0.github\Leap\home\webapp\WEB-INF\static\새 폴더\새 폴더 (5)\새 폴더a\새 폴더
2022-03-03 13:50:33.726 INFO  - [RESOUCE INITIALIZED] Resource object for host: localhost started. Watching Paths: 
2022-03-03 13:50:33.758 INFO  - Leap WAS server starting......
2022-03-03 13:50:33.760 INFO  - --------------------------------------------------------------------------
2022-03-03 13:50:33.761 INFO  - ThreadPool initialized - CORE: 50 MAX: 50 KEEP-ALIVE WHEN IDLE(seconds): 30
2022-03-03 13:50:33.761 INFO  - verbose mode on
2022-03-03 13:50:33.801 INFO  - Add service: org.chaostocosmos.leap.http.services.LeapServiceDeploy  Mapping path: /deploy/upload   METHOD: POST
2022-03-03 13:50:33.802 INFO  - Add service: org.chaostocosmos.leap.http.services.TimeServiceImpl  Mapping path: /time/GetTime   METHOD: GET
2022-03-03 13:50:33.803 INFO  - [DEFAULT HOST] - Protocol: HTTP_1_0   Server: leap   Host: localhost   Port: 8080   Doc-Root: home   Logging path: logs\leap.log   Level: [DEBUG]
2022-03-03 13:50:33.808 INFO  - Add service: org.chaostocosmos.leap.http.services.LeapServiceDeploy  Mapping path: /deploy/upload   METHOD: POST
2022-03-03 13:50:33.809 INFO  - Add service: org.chaostocosmos.leap.http.services.TimeServiceImpl  Mapping path: /time/GetTime   METHOD: GET
2022-03-03 13:50:33.809 INFO  - [VIRTUAL HOST] - Protocol: HTTPS_1_0   Server: leap1   Host: awesome   Port: 8082   Doc-Root: home1   Logging path: logs\leap.log   Level: [DEBUG]
2022-03-03 13:50:33.814 INFO  - Add service: org.chaostocosmos.leap.http.services.LeapServiceDeploy  Mapping path: /deploy/upload   METHOD: POST
2022-03-03 13:50:33.814 INFO  - Add service: org.chaostocosmos.leap.http.services.TimeServiceImpl  Mapping path: /time/GetTime   METHOD: GET
2022-03-03 13:50:33.815 INFO  - [VIRTUAL HOST] - Protocol: HTTP_1_0   Server: leap2   Host: www.leap1.org   Port: 8081   Doc-Root: home2   Logging path: logs\leap.log   Level: [DEBUG]
2022-03-03 13:50:33.816 INFO  - --------------------------------------------------------------------------
2022-03-03 13:50:33.833 INFO  - [HTTP SERVER START] Address: www.leap1.org/127.0.0.1:8081
2022-03-03 13:50:33.833 INFO  - [HTTP SERVER START] Address: localhost/127.0.0.1:8080
2022-03-03 13:50:34.199 INFO  - [HTTPS SERVER START] Address: awesome/127.0.0.1:8082  Protocol: TLS  KeyStore: leap-keystore.jks  Supported Protocol: [TLSv1.3, TLSv1.2, TLSv1.1, TLSv1, SSLv3, SSLv2Hello]
2022-03-03 13:52:33.533 INFO  - Path: D:\0.github\Leap\home\webapp\WEB-INF\static
2022-03-03 13:52:33.536 INFO  - Path: D:\0.github\Leap\home\webapp\WEB-INF\static\새 폴더
2022-03-03 13:52:33.537 INFO  - Path: D:\0.github\Leap\home\webapp\WEB-INF\static\새 폴더\새 폴더
2022-03-03 13:52:33.538 INFO  - Path: D:\0.github\Leap\home\webapp\WEB-INF\static\새 폴더\새 폴더 (2)
2022-03-03 13:52:33.539 INFO  - Path: D:\0.github\Leap\home\webapp\WEB-INF\static\새 폴더\새 폴더 (3)
2022-03-03 13:52:33.539 INFO  - Path: D:\0.github\Leap\home\webapp\WEB-INF\static\새 폴더\새 폴더 (4)
2022-03-03 13:52:33.540 INFO  - Path: D:\0.github\Leap\home\webapp\WEB-INF\static\새 폴더\새 폴더 (5)
2022-03-03 13:52:33.540 INFO  - Path: D:\0.github\Leap\home\webapp\WEB-INF\static\새 폴더\새 폴더 (5)\aaa
2022-03-03 13:52:33.541 INFO  - Path: D:\0.github\Leap\home\webapp\WEB-INF\static\새 폴더\새 폴더 (5)\새 폴더a
2022-03-03 13:52:33.541 INFO  - Path: D:\0.github\Leap\home\webapp\WEB-INF\static\새 폴더\새 폴더 (5)\새 폴더a\새 폴더
2022-03-03 13:52:33.814 INFO  - [RESOUCE INITIALIZED] Resource object for host: localhost started. Watching Paths: 
2022-03-03 13:52:33.863 INFO  - Leap WAS server starting......
2022-03-03 13:52:33.865 INFO  - --------------------------------------------------------------------------
2022-03-03 13:52:33.866 INFO  - ThreadPool initialized - CORE: 50 MAX: 50 KEEP-ALIVE WHEN IDLE(seconds): 30
2022-03-03 13:52:33.866 INFO  - verbose mode on
2022-03-03 13:52:33.922 INFO  - Add service: org.chaostocosmos.leap.http.services.LeapServiceDeploy  Mapping path: /deploy/upload   METHOD: POST
2022-03-03 13:52:33.923 INFO  - Add service: org.chaostocosmos.leap.http.services.TimeServiceImpl  Mapping path: /time/GetTime   METHOD: GET
2022-03-03 13:52:33.925 INFO  - [DEFAULT HOST] - Protocol: HTTP_1_0   Server: leap   Host: localhost   Port: 8080   Doc-Root: home   Logging path: logs\leap.log   Level: [DEBUG]
2022-03-03 13:52:33.934 INFO  - Add service: org.chaostocosmos.leap.http.services.LeapServiceDeploy  Mapping path: /deploy/upload   METHOD: POST
2022-03-03 13:52:33.934 INFO  - Add service: org.chaostocosmos.leap.http.services.TimeServiceImpl  Mapping path: /time/GetTime   METHOD: GET
2022-03-03 13:52:33.936 INFO  - [VIRTUAL HOST] - Protocol: HTTPS_1_0   Server: leap1   Host: awesome   Port: 8082   Doc-Root: home1   Logging path: logs\leap.log   Level: [DEBUG]
2022-03-03 13:52:33.942 INFO  - Add service: org.chaostocosmos.leap.http.services.LeapServiceDeploy  Mapping path: /deploy/upload   METHOD: POST
2022-03-03 13:52:33.943 INFO  - Add service: org.chaostocosmos.leap.http.services.TimeServiceImpl  Mapping path: /time/GetTime   METHOD: GET
2022-03-03 13:52:33.944 INFO  - [VIRTUAL HOST] - Protocol: HTTP_1_0   Server: leap2   Host: www.leap1.org   Port: 8081   Doc-Root: home2   Logging path: logs\leap.log   Level: [DEBUG]
2022-03-03 13:52:33.945 INFO  - --------------------------------------------------------------------------
2022-03-03 13:52:33.950 INFO  - [HTTP SERVER START] Address: localhost/127.0.0.1:8080
2022-03-03 13:52:33.951 INFO  - [HTTP SERVER START] Address: www.leap1.org/127.0.0.1:8081
2022-03-03 13:52:34.570 INFO  - [HTTPS SERVER START] Address: awesome/127.0.0.1:8082  Protocol: TLS  KeyStore: leap-keystore.jks  Supported Protocol: [TLSv1.3, TLSv1.2, TLSv1.1, TLSv1, SSLv3, SSLv2Hello]
2022-03-03 13:54:16.218 INFO  - Path: D:\0.github\Leap\home\webapp\WEB-INF\static
2022-03-03 13:54:16.221 INFO  - Path: D:\0.github\Leap\home\webapp\WEB-INF\static\새 폴더
2022-03-03 13:54:16.221 INFO  - Path: D:\0.github\Leap\home\webapp\WEB-INF\static\새 폴더\새 폴더
2022-03-03 13:54:16.223 INFO  - Path: D:\0.github\Leap\home\webapp\WEB-INF\static\새 폴더\새 폴더 (2)
2022-03-03 13:54:16.223 INFO  - Path: D:\0.github\Leap\home\webapp\WEB-INF\static\새 폴더\새 폴더 (3)
2022-03-03 13:54:16.224 INFO  - Path: D:\0.github\Leap\home\webapp\WEB-INF\static\새 폴더\새 폴더 (4)
2022-03-03 13:54:16.224 INFO  - Path: D:\0.github\Leap\home\webapp\WEB-INF\static\새 폴더\새 폴더 (5)
2022-03-03 13:54:16.225 INFO  - Path: D:\0.github\Leap\home\webapp\WEB-INF\static\새 폴더\새 폴더 (5)\aaa
2022-03-03 13:54:16.225 INFO  - Path: D:\0.github\Leap\home\webapp\WEB-INF\static\새 폴더\새 폴더 (5)\새 폴더a
2022-03-03 13:54:16.225 INFO  - Path: D:\0.github\Leap\home\webapp\WEB-INF\static\새 폴더\새 폴더 (5)\새 폴더a\새 폴더
2022-03-03 13:54:16.440 INFO  - [RESOUCE INITIALIZED] Resource object for host: localhost started. Watching Paths: 
2022-03-03 13:54:16.479 INFO  - Leap WAS server starting......
2022-03-03 13:54:16.481 INFO  - --------------------------------------------------------------------------
2022-03-03 13:54:16.482 INFO  - ThreadPool initialized - CORE: 50 MAX: 50 KEEP-ALIVE WHEN IDLE(seconds): 30
2022-03-03 13:54:16.482 INFO  - verbose mode on
2022-03-03 13:54:16.527 INFO  - Add service: org.chaostocosmos.leap.http.services.LeapServiceDeploy  Mapping path: /deploy/upload   METHOD: POST
2022-03-03 13:54:16.528 INFO  - Add service: org.chaostocosmos.leap.http.services.TimeServiceImpl  Mapping path: /time/GetTime   METHOD: GET
2022-03-03 13:54:16.528 INFO  - [DEFAULT HOST] - Protocol: HTTP_1_0   Server: leap   Host: localhost   Port: 8080   Doc-Root: home   Logging path: logs\leap.log   Level: [DEBUG]
2022-03-03 13:54:16.537 INFO  - Add service: org.chaostocosmos.leap.http.services.LeapServiceDeploy  Mapping path: /deploy/upload   METHOD: POST
2022-03-03 13:54:16.537 INFO  - Add service: org.chaostocosmos.leap.http.services.TimeServiceImpl  Mapping path: /time/GetTime   METHOD: GET
2022-03-03 13:54:16.538 INFO  - [VIRTUAL HOST] - Protocol: HTTPS_1_0   Server: leap1   Host: awesome   Port: 8082   Doc-Root: home1   Logging path: logs\leap.log   Level: [DEBUG]
2022-03-03 13:54:16.545 INFO  - Add service: org.chaostocosmos.leap.http.services.LeapServiceDeploy  Mapping path: /deploy/upload   METHOD: POST
2022-03-03 13:54:16.546 INFO  - Add service: org.chaostocosmos.leap.http.services.TimeServiceImpl  Mapping path: /time/GetTime   METHOD: GET
2022-03-03 13:54:16.546 INFO  - [VIRTUAL HOST] - Protocol: HTTP_1_0   Server: leap2   Host: www.leap1.org   Port: 8081   Doc-Root: home2   Logging path: logs\leap.log   Level: [DEBUG]
2022-03-03 13:54:16.547 INFO  - --------------------------------------------------------------------------
2022-03-03 13:54:16.551 INFO  - [HTTP SERVER START] Address: www.leap1.org/127.0.0.1:8081
2022-03-03 13:54:16.551 INFO  - [HTTP SERVER START] Address: localhost/127.0.0.1:8080
2022-03-03 13:54:17.159 INFO  - [HTTPS SERVER START] Address: awesome/127.0.0.1:8082  Protocol: TLS  KeyStore: leap-keystore.jks  Supported Protocol: [TLSv1.3, TLSv1.2, TLSv1.1, TLSv1, SSLv3, SSLv2Hello]
2022-03-03 13:55:34.408 INFO  - Path: D:\0.github\Leap\home\webapp\WEB-INF\static
2022-03-03 13:55:34.410 INFO  - Path: D:\0.github\Leap\home\webapp\WEB-INF\static\새 폴더
2022-03-03 13:55:34.411 INFO  - Path: D:\0.github\Leap\home\webapp\WEB-INF\static\새 폴더\새 폴더
2022-03-03 13:55:34.411 INFO  - Path: D:\0.github\Leap\home\webapp\WEB-INF\static\새 폴더\새 폴더 (2)
2022-03-03 13:55:34.411 INFO  - Path: D:\0.github\Leap\home\webapp\WEB-INF\static\새 폴더\새 폴더 (3)
2022-03-03 13:55:34.412 INFO  - Path: D:\0.github\Leap\home\webapp\WEB-INF\static\새 폴더\새 폴더 (4)
2022-03-03 13:55:34.412 INFO  - Path: D:\0.github\Leap\home\webapp\WEB-INF\static\새 폴더\새 폴더 (5)
2022-03-03 13:55:34.412 INFO  - Path: D:\0.github\Leap\home\webapp\WEB-INF\static\새 폴더\새 폴더 (5)\aaa
2022-03-03 13:55:34.413 INFO  - Path: D:\0.github\Leap\home\webapp\WEB-INF\static\새 폴더\새 폴더 (5)\새 폴더a
2022-03-03 13:55:34.413 INFO  - Path: D:\0.github\Leap\home\webapp\WEB-INF\static\새 폴더\새 폴더 (5)\새 폴더a\새 폴더
2022-03-03 13:55:34.580 INFO  - [RESOUCE INITIALIZED] Resource object for host: localhost started. Watching Paths: 
2022-03-03 13:55:34.615 INFO  - Leap WAS server starting......
2022-03-03 13:55:34.618 INFO  - --------------------------------------------------------------------------
2022-03-03 13:55:34.618 INFO  - ThreadPool initialized - CORE: 50 MAX: 50 KEEP-ALIVE WHEN IDLE(seconds): 30
2022-03-03 13:55:34.618 INFO  - verbose mode on
2022-03-03 13:55:34.650 INFO  - Add service: org.chaostocosmos.leap.http.services.LeapServiceDeploy  Mapping path: /deploy/upload   METHOD: POST
2022-03-03 13:55:34.651 INFO  - Add service: org.chaostocosmos.leap.http.services.TimeServiceImpl  Mapping path: /time/GetTime   METHOD: GET
2022-03-03 13:55:34.651 INFO  - [DEFAULT HOST] - Protocol: HTTP_1_0   Server: leap   Host: localhost   Port: 8080   Doc-Root: home   Logging path: logs\leap.log   Level: [DEBUG]
2022-03-03 13:55:34.659 INFO  - Add service: org.chaostocosmos.leap.http.services.LeapServiceDeploy  Mapping path: /deploy/upload   METHOD: POST
2022-03-03 13:55:34.660 INFO  - Add service: org.chaostocosmos.leap.http.services.TimeServiceImpl  Mapping path: /time/GetTime   METHOD: GET
2022-03-03 13:55:34.660 INFO  - [VIRTUAL HOST] - Protocol: HTTPS_1_0   Server: leap1   Host: awesome   Port: 8082   Doc-Root: home1   Logging path: logs\leap.log   Level: [DEBUG]
2022-03-03 13:55:34.665 INFO  - Add service: org.chaostocosmos.leap.http.services.LeapServiceDeploy  Mapping path: /deploy/upload   METHOD: POST
2022-03-03 13:55:34.665 INFO  - Add service: org.chaostocosmos.leap.http.services.TimeServiceImpl  Mapping path: /time/GetTime   METHOD: GET
2022-03-03 13:55:34.666 INFO  - [VIRTUAL HOST] - Protocol: HTTP_1_0   Server: leap2   Host: www.leap1.org   Port: 8081   Doc-Root: home2   Logging path: logs\leap.log   Level: [DEBUG]
2022-03-03 13:55:34.666 INFO  - --------------------------------------------------------------------------
2022-03-03 13:55:34.670 INFO  - [HTTP SERVER START] Address: www.leap1.org/127.0.0.1:8081
2022-03-03 13:55:34.670 INFO  - [HTTP SERVER START] Address: localhost/127.0.0.1:8080
2022-03-03 13:55:35.146 INFO  - [HTTPS SERVER START] Address: awesome/127.0.0.1:8082  Protocol: TLS  KeyStore: leap-keystore.jks  Supported Protocol: [TLSv1.3, TLSv1.2, TLSv1.1, TLSv1, SSLv3, SSLv2Hello]
2022-03-03 13:56:08.977 INFO  - Path: D:\0.github\Leap\home\webapp\WEB-INF\static
2022-03-03 13:56:08.980 INFO  - Path: D:\0.github\Leap\home\webapp\WEB-INF\static\새 폴더
2022-03-03 13:56:08.981 INFO  - Path: D:\0.github\Leap\home\webapp\WEB-INF\static\새 폴더\새 폴더
2022-03-03 13:56:08.981 INFO  - Path: D:\0.github\Leap\home\webapp\WEB-INF\static\새 폴더\새 폴더 (2)
2022-03-03 13:56:08.982 INFO  - Path: D:\0.github\Leap\home\webapp\WEB-INF\static\새 폴더\새 폴더 (3)
2022-03-03 13:56:08.982 INFO  - Path: D:\0.github\Leap\home\webapp\WEB-INF\static\새 폴더\새 폴더 (4)
2022-03-03 13:56:08.982 INFO  - Path: D:\0.github\Leap\home\webapp\WEB-INF\static\새 폴더\새 폴더 (5)
2022-03-03 13:56:08.983 INFO  - Path: D:\0.github\Leap\home\webapp\WEB-INF\static\새 폴더\새 폴더 (5)\aaa
2022-03-03 13:56:08.983 INFO  - Path: D:\0.github\Leap\home\webapp\WEB-INF\static\새 폴더\새 폴더 (5)\새 폴더a
2022-03-03 13:56:08.984 INFO  - Path: D:\0.github\Leap\home\webapp\WEB-INF\static\새 폴더\새 폴더 (5)\새 폴더a\새 폴더
2022-03-03 13:56:09.188 INFO  - [RESOUCE INITIALIZED] Resource object for host: localhost started. Watching Paths: 
2022-03-03 13:56:09.223 INFO  - Leap WAS server starting......
2022-03-03 13:56:09.225 INFO  - --------------------------------------------------------------------------
2022-03-03 13:56:09.226 INFO  - ThreadPool initialized - CORE: 50 MAX: 50 KEEP-ALIVE WHEN IDLE(seconds): 30
2022-03-03 13:56:09.226 INFO  - verbose mode on
2022-03-03 13:56:09.268 INFO  - Add service: org.chaostocosmos.leap.http.services.LeapServiceDeploy  Mapping path: /deploy/upload   METHOD: POST
2022-03-03 13:56:09.269 INFO  - Add service: org.chaostocosmos.leap.http.services.TimeServiceImpl  Mapping path: /time/GetTime   METHOD: GET
2022-03-03 13:56:09.270 INFO  - [DEFAULT HOST] - Protocol: HTTP_1_0   Server: leap   Host: localhost   Port: 8080   Doc-Root: home   Logging path: logs\leap.log   Level: [DEBUG]
2022-03-03 13:56:09.275 INFO  - Add service: org.chaostocosmos.leap.http.services.LeapServiceDeploy  Mapping path: /deploy/upload   METHOD: POST
2022-03-03 13:56:09.275 INFO  - Add service: org.chaostocosmos.leap.http.services.TimeServiceImpl  Mapping path: /time/GetTime   METHOD: GET
2022-03-03 13:56:09.276 INFO  - [VIRTUAL HOST] - Protocol: HTTPS_1_0   Server: leap1   Host: awesome   Port: 8082   Doc-Root: home1   Logging path: logs\leap.log   Level: [DEBUG]
2022-03-03 13:56:09.281 INFO  - Add service: org.chaostocosmos.leap.http.services.LeapServiceDeploy  Mapping path: /deploy/upload   METHOD: POST
2022-03-03 13:56:09.282 INFO  - Add service: org.chaostocosmos.leap.http.services.TimeServiceImpl  Mapping path: /time/GetTime   METHOD: GET
2022-03-03 13:56:09.282 INFO  - [VIRTUAL HOST] - Protocol: HTTP_1_0   Server: leap2   Host: www.leap1.org   Port: 8081   Doc-Root: home2   Logging path: logs\leap.log   Level: [DEBUG]
2022-03-03 13:56:09.283 INFO  - --------------------------------------------------------------------------
2022-03-03 13:56:09.288 INFO  - [HTTP SERVER START] Address: www.leap1.org/127.0.0.1:8081
2022-03-03 13:56:09.288 INFO  - [HTTP SERVER START] Address: localhost/127.0.0.1:8080
2022-03-03 13:56:09.763 INFO  - [HTTPS SERVER START] Address: awesome/127.0.0.1:8082  Protocol: TLS  KeyStore: leap-keystore.jks  Supported Protocol: [TLSv1.3, TLSv1.2, TLSv1.1, TLSv1, SSLv3, SSLv2Hello]
2022-03-03 13:56:36.425 INFO  - Path: D:\0.github\Leap\home\webapp\WEB-INF\static
2022-03-03 13:56:36.428 INFO  - Path: D:\0.github\Leap\home\webapp\WEB-INF\static\새 폴더
2022-03-03 13:56:36.429 INFO  - Path: D:\0.github\Leap\home\webapp\WEB-INF\static\새 폴더\새 폴더
2022-03-03 13:56:36.429 INFO  - Path: D:\0.github\Leap\home\webapp\WEB-INF\static\새 폴더\새 폴더 (2)
2022-03-03 13:56:36.430 INFO  - Path: D:\0.github\Leap\home\webapp\WEB-INF\static\새 폴더\새 폴더 (3)
2022-03-03 13:56:36.430 INFO  - Path: D:\0.github\Leap\home\webapp\WEB-INF\static\새 폴더\새 폴더 (4)
2022-03-03 13:56:36.430 INFO  - Path: D:\0.github\Leap\home\webapp\WEB-INF\static\새 폴더\새 폴더 (5)
2022-03-03 13:56:36.431 INFO  - Path: D:\0.github\Leap\home\webapp\WEB-INF\static\새 폴더\새 폴더 (5)\aaa
2022-03-03 13:56:36.431 INFO  - Path: D:\0.github\Leap\home\webapp\WEB-INF\static\새 폴더\새 폴더 (5)\새 폴더a
2022-03-03 13:56:36.432 INFO  - Path: D:\0.github\Leap\home\webapp\WEB-INF\static\새 폴더\새 폴더 (5)\새 폴더a\새 폴더
2022-03-03 13:56:36.659 INFO  - [RESOUCE INITIALIZED] Resource object for host: localhost started. Watching Paths: 
2022-03-03 13:56:36.696 INFO  - Leap WAS server starting......
2022-03-03 13:56:36.698 INFO  - --------------------------------------------------------------------------
2022-03-03 13:56:36.699 INFO  - ThreadPool initialized - CORE: 50 MAX: 50 KEEP-ALIVE WHEN IDLE(seconds): 30
2022-03-03 13:56:36.699 INFO  - verbose mode on
2022-03-03 13:56:36.740 INFO  - Add service: org.chaostocosmos.leap.http.services.LeapServiceDeploy  Mapping path: /deploy/upload   METHOD: POST
2022-03-03 13:56:36.741 INFO  - Add service: org.chaostocosmos.leap.http.services.TimeServiceImpl  Mapping path: /time/GetTime   METHOD: GET
2022-03-03 13:56:36.742 INFO  - [DEFAULT HOST] - Protocol: HTTP_1_0   Server: leap   Host: localhost   Port: 8080   Doc-Root: home   Logging path: logs\leap.log   Level: [DEBUG]
2022-03-03 13:56:36.750 INFO  - Add service: org.chaostocosmos.leap.http.services.LeapServiceDeploy  Mapping path: /deploy/upload   METHOD: POST
2022-03-03 13:56:36.751 INFO  - Add service: org.chaostocosmos.leap.http.services.TimeServiceImpl  Mapping path: /time/GetTime   METHOD: GET
2022-03-03 13:56:36.751 INFO  - [VIRTUAL HOST] - Protocol: HTTPS_1_0   Server: leap1   Host: awesome   Port: 8082   Doc-Root: home1   Logging path: logs\leap.log   Level: [DEBUG]
2022-03-03 13:56:36.756 INFO  - Add service: org.chaostocosmos.leap.http.services.LeapServiceDeploy  Mapping path: /deploy/upload   METHOD: POST
2022-03-03 13:56:36.757 INFO  - Add service: org.chaostocosmos.leap.http.services.TimeServiceImpl  Mapping path: /time/GetTime   METHOD: GET
2022-03-03 13:56:36.757 INFO  - [VIRTUAL HOST] - Protocol: HTTP_1_0   Server: leap2   Host: www.leap1.org   Port: 8081   Doc-Root: home2   Logging path: logs\leap.log   Level: [DEBUG]
2022-03-03 13:56:36.758 INFO  - --------------------------------------------------------------------------
2022-03-03 13:56:36.765 INFO  - [HTTP SERVER START] Address: localhost/127.0.0.1:8080
2022-03-03 13:56:36.765 INFO  - [HTTP SERVER START] Address: www.leap1.org/127.0.0.1:8081
2022-03-03 13:56:37.198 INFO  - [HTTPS SERVER START] Address: awesome/127.0.0.1:8082  Protocol: TLS  KeyStore: leap-keystore.jks  Supported Protocol: [TLSv1.3, TLSv1.2, TLSv1.1, TLSv1, SSLv3, SSLv2Hello]
