2022-03-03 14:20:18.128 INFO  - Path: D:\0.github\Leap\home\webapp\WEB-INF\static
2022-03-03 14:20:18.146 INFO  - Path: D:\0.github\Leap\home\webapp\WEB-INF\static\새 폴더
2022-03-03 14:20:18.147 INFO  - Path: D:\0.github\Leap\home\webapp\WEB-INF\static\새 폴더\새 폴더
2022-03-03 14:20:18.148 INFO  - Path: D:\0.github\Leap\home\webapp\WEB-INF\static\새 폴더\새 폴더 (2)
2022-03-03 14:20:18.149 INFO  - Path: D:\0.github\Leap\home\webapp\WEB-INF\static\새 폴더\새 폴더 (3)
2022-03-03 14:20:18.150 INFO  - Path: D:\0.github\Leap\home\webapp\WEB-INF\static\새 폴더\새 폴더 (4)
2022-03-03 14:20:18.151 INFO  - Path: D:\0.github\Leap\home\webapp\WEB-INF\static\새 폴더\새 폴더 (5)
2022-03-03 14:20:18.152 INFO  - Path: D:\0.github\Leap\home\webapp\WEB-INF\static\새 폴더\새 폴더 (5)\aaa
2022-03-03 14:20:18.162 INFO  - Path: D:\0.github\Leap\home\webapp\WEB-INF\static\새 폴더\새 폴더 (5)\새 폴더a
2022-03-03 14:20:18.164 INFO  - Path: D:\0.github\Leap\home\webapp\WEB-INF\static\새 폴더\새 폴더 (5)\새 폴더a\새 폴더
2022-03-03 14:21:07.393 INFO  - Path: D:\0.github\Leap\home\webapp\WEB-INF\static
2022-03-03 14:21:07.395 INFO  - Path: D:\0.github\Leap\home\webapp\WEB-INF\static\새 폴더
2022-03-03 14:21:07.396 INFO  - Path: D:\0.github\Leap\home\webapp\WEB-INF\static\새 폴더\새 폴더
2022-03-03 14:21:07.397 INFO  - Path: D:\0.github\Leap\home\webapp\WEB-INF\static\새 폴더\새 폴더 (2)
2022-03-03 14:21:07.397 INFO  - Path: D:\0.github\Leap\home\webapp\WEB-INF\static\새 폴더\새 폴더 (3)
2022-03-03 14:21:07.398 INFO  - Path: D:\0.github\Leap\home\webapp\WEB-INF\static\새 폴더\새 폴더 (4)
2022-03-03 14:21:07.398 INFO  - Path: D:\0.github\Leap\home\webapp\WEB-INF\static\새 폴더\새 폴더 (5)
2022-03-03 14:21:07.399 INFO  - Path: D:\0.github\Leap\home\webapp\WEB-INF\static\새 폴더\새 폴더 (5)\aaa
2022-03-03 14:21:07.399 INFO  - Path: D:\0.github\Leap\home\webapp\WEB-INF\static\새 폴더\새 폴더 (5)\새 폴더a
2022-03-03 14:21:07.400 INFO  - Path: D:\0.github\Leap\home\webapp\WEB-INF\static\새 폴더\새 폴더 (5)\새 폴더a\새 폴더
2022-03-03 14:21:55.050 INFO  - Path: D:\0.github\Leap\home\webapp\WEB-INF\static
2022-03-03 14:21:55.053 INFO  - Path: D:\0.github\Leap\home\webapp\WEB-INF\static\새 폴더
2022-03-03 14:21:55.054 INFO  - Path: D:\0.github\Leap\home\webapp\WEB-INF\static\새 폴더\새 폴더
2022-03-03 14:21:55.055 INFO  - Path: D:\0.github\Leap\home\webapp\WEB-INF\static\새 폴더\새 폴더 (2)
2022-03-03 14:21:55.055 INFO  - Path: D:\0.github\Leap\home\webapp\WEB-INF\static\새 폴더\새 폴더 (3)
2022-03-03 14:21:55.055 INFO  - Path: D:\0.github\Leap\home\webapp\WEB-INF\static\새 폴더\새 폴더 (4)
2022-03-03 14:21:55.056 INFO  - Path: D:\0.github\Leap\home\webapp\WEB-INF\static\새 폴더\새 폴더 (5)
2022-03-03 14:21:55.056 INFO  - Path: D:\0.github\Leap\home\webapp\WEB-INF\static\새 폴더\새 폴더 (5)\aaa
2022-03-03 14:21:55.057 INFO  - Path: D:\0.github\Leap\home\webapp\WEB-INF\static\새 폴더\새 폴더 (5)\새 폴더a
2022-03-03 14:21:55.057 INFO  - Path: D:\0.github\Leap\home\webapp\WEB-INF\static\새 폴더\새 폴더 (5)\새 폴더a\새 폴더
2022-03-03 14:21:55.072 INFO  - [RESOUCE INITIALIZED] Resource object for host: localhost started. Watching Paths: 
2022-03-03 14:22:23.616 INFO  - Path: D:\0.github\Leap\home\webapp\WEB-INF\static
2022-03-03 14:22:23.618 INFO  - Path: D:\0.github\Leap\home\webapp\WEB-INF\static\새 폴더
2022-03-03 14:22:23.619 INFO  - Path: D:\0.github\Leap\home\webapp\WEB-INF\static\새 폴더\새 폴더
2022-03-03 14:22:23.619 INFO  - Path: D:\0.github\Leap\home\webapp\WEB-INF\static\새 폴더\새 폴더 (2)
2022-03-03 14:22:23.619 INFO  - Path: D:\0.github\Leap\home\webapp\WEB-INF\static\새 폴더\새 폴더 (3)
2022-03-03 14:22:23.620 INFO  - Path: D:\0.github\Leap\home\webapp\WEB-INF\static\새 폴더\새 폴더 (4)
2022-03-03 14:22:23.620 INFO  - Path: D:\0.github\Leap\home\webapp\WEB-INF\static\새 폴더\새 폴더 (5)
2022-03-03 14:22:23.621 INFO  - Path: D:\0.github\Leap\home\webapp\WEB-INF\static\새 폴더\새 폴더 (5)\aaa
2022-03-03 14:22:23.621 INFO  - Path: D:\0.github\Leap\home\webapp\WEB-INF\static\새 폴더\새 폴더 (5)\새 폴더a
2022-03-03 14:22:23.621 INFO  - Path: D:\0.github\Leap\home\webapp\WEB-INF\static\새 폴더\새 폴더 (5)\새 폴더a\새 폴더
2022-03-03 14:22:23.634 INFO  - [RESOUCE INITIALIZED] Resource object for host: localhost started. Watching Paths: 
2022-03-03 14:23:30.919 INFO  - Path: D:\0.github\Leap\home\webapp\WEB-INF\static
2022-03-03 14:23:30.921 INFO  - Path: D:\0.github\Leap\home\webapp\WEB-INF\static\새 폴더
2022-03-03 14:23:30.922 INFO  - Path: D:\0.github\Leap\home\webapp\WEB-INF\static\새 폴더\새 폴더
2022-03-03 14:23:30.923 INFO  - Path: D:\0.github\Leap\home\webapp\WEB-INF\static\새 폴더\새 폴더 (2)
2022-03-03 14:23:30.924 INFO  - Path: D:\0.github\Leap\home\webapp\WEB-INF\static\새 폴더\새 폴더 (3)
2022-03-03 14:23:30.924 INFO  - Path: D:\0.github\Leap\home\webapp\WEB-INF\static\새 폴더\새 폴더 (4)
2022-03-03 14:23:30.925 INFO  - Path: D:\0.github\Leap\home\webapp\WEB-INF\static\새 폴더\새 폴더 (5)
2022-03-03 14:23:30.935 INFO  - Path: D:\0.github\Leap\home\webapp\WEB-INF\static\새 폴더\새 폴더 (5)\aaa
2022-03-03 14:23:30.947 INFO  - Path: D:\0.github\Leap\home\webapp\WEB-INF\static\새 폴더\새 폴더 (5)\새 폴더a
2022-03-03 14:23:30.952 INFO  - Path: D:\0.github\Leap\home\webapp\WEB-INF\static\새 폴더\새 폴더 (5)\새 폴더a\새 폴더
2022-03-03 14:23:30.964 INFO  - [RESOUCE INITIALIZED] Resource object for host: localhost started. Watching Paths: 
2022-03-03 14:25:36.347 INFO  - Path: D:\0.github\Leap\home\webapp\WEB-INF\static
2022-03-03 14:25:36.349 INFO  - Path: D:\0.github\Leap\home\webapp\WEB-INF\static\새 폴더
2022-03-03 14:25:36.350 INFO  - Path: D:\0.github\Leap\home\webapp\WEB-INF\static\새 폴더\새 폴더
2022-03-03 14:25:36.350 INFO  - Path: D:\0.github\Leap\home\webapp\WEB-INF\static\새 폴더\새 폴더 (2)
2022-03-03 14:25:36.351 INFO  - Path: D:\0.github\Leap\home\webapp\WEB-INF\static\새 폴더\새 폴더 (3)
2022-03-03 14:25:36.351 INFO  - Path: D:\0.github\Leap\home\webapp\WEB-INF\static\새 폴더\새 폴더 (4)
2022-03-03 14:25:36.351 INFO  - Path: D:\0.github\Leap\home\webapp\WEB-INF\static\새 폴더\새 폴더 (5)
2022-03-03 14:25:36.352 INFO  - Path: D:\0.github\Leap\home\webapp\WEB-INF\static\새 폴더\새 폴더 (5)\aaa
2022-03-03 14:25:36.352 INFO  - Path: D:\0.github\Leap\home\webapp\WEB-INF\static\새 폴더\새 폴더 (5)\새 폴더a
2022-03-03 14:25:36.352 INFO  - Path: D:\0.github\Leap\home\webapp\WEB-INF\static\새 폴더\새 폴더 (5)\새 폴더a\새 폴더
2022-03-03 14:25:36.365 INFO  - [RESOUCE INITIALIZED] Resource object for host: localhost started. Watching Paths: 
2022-03-03 14:26:14.827 INFO  - Path: D:\0.github\Leap\home\webapp\WEB-INF\static
2022-03-03 14:26:14.831 INFO  - Path: D:\0.github\Leap\home\webapp\WEB-INF\static\새 폴더
2022-03-03 14:26:14.832 INFO  - Path: D:\0.github\Leap\home\webapp\WEB-INF\static\새 폴더\새 폴더
2022-03-03 14:26:14.832 INFO  - Path: D:\0.github\Leap\home\webapp\WEB-INF\static\새 폴더\새 폴더 (2)
2022-03-03 14:26:14.832 INFO  - Path: D:\0.github\Leap\home\webapp\WEB-INF\static\새 폴더\새 폴더 (3)
2022-03-03 14:26:14.833 INFO  - Path: D:\0.github\Leap\home\webapp\WEB-INF\static\새 폴더\새 폴더 (4)
2022-03-03 14:26:14.833 INFO  - Path: D:\0.github\Leap\home\webapp\WEB-INF\static\새 폴더\새 폴더 (5)
2022-03-03 14:26:14.834 INFO  - Path: D:\0.github\Leap\home\webapp\WEB-INF\static\새 폴더\새 폴더 (5)\aaa
2022-03-03 14:26:14.834 INFO  - Path: D:\0.github\Leap\home\webapp\WEB-INF\static\새 폴더\새 폴더 (5)\새 폴더a
2022-03-03 14:26:14.835 INFO  - Path: D:\0.github\Leap\home\webapp\WEB-INF\static\새 폴더\새 폴더 (5)\새 폴더a\새 폴더
2022-03-03 14:26:14.847 INFO  - [RESOUCE INITIALIZED] Resource object for host: localhost started. Watching Paths: 
2022-03-03 14:26:24.934 INFO  - Path: D:\0.github\Leap\home\webapp\WEB-INF\static
2022-03-03 14:26:24.937 INFO  - Path: D:\0.github\Leap\home\webapp\WEB-INF\static\새 폴더
2022-03-03 14:26:24.938 INFO  - Path: D:\0.github\Leap\home\webapp\WEB-INF\static\새 폴더\새 폴더
2022-03-03 14:26:24.939 INFO  - Path: D:\0.github\Leap\home\webapp\WEB-INF\static\새 폴더\새 폴더 (2)
2022-03-03 14:26:24.939 INFO  - Path: D:\0.github\Leap\home\webapp\WEB-INF\static\새 폴더\새 폴더 (3)
2022-03-03 14:26:24.940 INFO  - Path: D:\0.github\Leap\home\webapp\WEB-INF\static\새 폴더\새 폴더 (4)
2022-03-03 14:26:24.940 INFO  - Path: D:\0.github\Leap\home\webapp\WEB-INF\static\새 폴더\새 폴더 (5)
2022-03-03 14:26:24.941 INFO  - Path: D:\0.github\Leap\home\webapp\WEB-INF\static\새 폴더\새 폴더 (5)\aaa
2022-03-03 14:26:24.942 INFO  - Path: D:\0.github\Leap\home\webapp\WEB-INF\static\새 폴더\새 폴더 (5)\새 폴더a
2022-03-03 14:26:24.942 INFO  - Path: D:\0.github\Leap\home\webapp\WEB-INF\static\새 폴더\새 폴더 (5)\새 폴더a\새 폴더
2022-03-03 14:26:24.955 INFO  - [RESOUCE INITIALIZED] Resource object for host: localhost started. Watching Paths: 
2022-03-03 14:27:15.790 INFO  - Path: D:\0.github\Leap\home\webapp\WEB-INF\static
2022-03-03 14:27:15.792 INFO  - Path: D:\0.github\Leap\home\webapp\WEB-INF\static\새 폴더
2022-03-03 14:27:15.793 INFO  - Path: D:\0.github\Leap\home\webapp\WEB-INF\static\새 폴더\새 폴더
2022-03-03 14:27:15.793 INFO  - Path: D:\0.github\Leap\home\webapp\WEB-INF\static\새 폴더\새 폴더 (2)
2022-03-03 14:27:15.794 INFO  - Path: D:\0.github\Leap\home\webapp\WEB-INF\static\새 폴더\새 폴더 (3)
2022-03-03 14:27:15.794 INFO  - Path: D:\0.github\Leap\home\webapp\WEB-INF\static\새 폴더\새 폴더 (4)
2022-03-03 14:27:15.794 INFO  - Path: D:\0.github\Leap\home\webapp\WEB-INF\static\새 폴더\새 폴더 (5)
2022-03-03 14:27:15.795 INFO  - Path: D:\0.github\Leap\home\webapp\WEB-INF\static\새 폴더\새 폴더 (5)\aaa
2022-03-03 14:27:15.795 INFO  - Path: D:\0.github\Leap\home\webapp\WEB-INF\static\새 폴더\새 폴더 (5)\새 폴더a
2022-03-03 14:27:15.796 INFO  - Path: D:\0.github\Leap\home\webapp\WEB-INF\static\새 폴더\새 폴더 (5)\새 폴더a\새 폴더
2022-03-03 14:27:15.809 INFO  - [RESOUCE INITIALIZED] Resource object for host: localhost started. Watching Paths: 
2022-03-03 14:27:15.839 INFO  - Leap WAS server starting......
2022-03-03 14:27:15.840 INFO  - --------------------------------------------------------------------------
2022-03-03 14:27:15.840 INFO  - ThreadPool initialized - CORE: 50 MAX: 50 KEEP-ALIVE WHEN IDLE(seconds): 30
2022-03-03 14:27:15.841 INFO  - verbose mode on
2022-03-03 14:27:15.904 INFO  - Add service: org.chaostocosmos.leap.http.services.LeapServiceDeploy  Mapping path: /deploy/upload   METHOD: POST
2022-03-03 14:27:15.905 INFO  - Add service: org.chaostocosmos.leap.http.services.TimeServiceImpl  Mapping path: /time/GetTime   METHOD: GET
2022-03-03 14:27:15.906 INFO  - [DEFAULT HOST] - Protocol: HTTP_1_0   Server: leap   Host: localhost   Port: 8080   Doc-Root: home   Logging path: logs\leap.log   Level: [DEBUG]
2022-03-03 14:27:15.914 INFO  - Add service: org.chaostocosmos.leap.http.services.LeapServiceDeploy  Mapping path: /deploy/upload   METHOD: POST
2022-03-03 14:27:15.915 INFO  - Add service: org.chaostocosmos.leap.http.services.TimeServiceImpl  Mapping path: /time/GetTime   METHOD: GET
2022-03-03 14:27:15.916 INFO  - [VIRTUAL HOST] - Protocol: HTTPS_1_0   Server: leap1   Host: awesome   Port: 8082   Doc-Root: home1   Logging path: logs\leap.log   Level: [DEBUG]
2022-03-03 14:27:15.924 INFO  - Add service: org.chaostocosmos.leap.http.services.LeapServiceDeploy  Mapping path: /deploy/upload   METHOD: POST
2022-03-03 14:27:15.925 INFO  - Add service: org.chaostocosmos.leap.http.services.TimeServiceImpl  Mapping path: /time/GetTime   METHOD: GET
2022-03-03 14:27:15.925 INFO  - [VIRTUAL HOST] - Protocol: HTTP_1_0   Server: leap2   Host: www.leap1.org   Port: 8081   Doc-Root: home2   Logging path: logs\leap.log   Level: [DEBUG]
2022-03-03 14:27:15.925 INFO  - --------------------------------------------------------------------------
2022-03-03 14:27:15.930 INFO  - [HTTP SERVER START] Address: www.leap1.org/127.0.0.1:8081
2022-03-03 14:27:15.930 INFO  - [HTTP SERVER START] Address: localhost/127.0.0.1:8080
2022-03-03 14:27:16.389 INFO  - [HTTPS SERVER START] Address: awesome/127.0.0.1:8082  Protocol: TLS  KeyStore: leap-keystore.jks  Supported Protocol: [TLSv1.3, TLSv1.2, TLSv1.1, TLSv1, SSLv3, SSLv2Hello]
2022-03-03 14:28:26.412 INFO  - Path: D:\0.github\Leap\home\webapp\WEB-INF\static
2022-03-03 14:28:26.415 INFO  - Path: D:\0.github\Leap\home\webapp\WEB-INF\static\새 폴더
2022-03-03 14:28:26.416 INFO  - Path: D:\0.github\Leap\home\webapp\WEB-INF\static\새 폴더\새 폴더
2022-03-03 14:28:26.417 INFO  - Path: D:\0.github\Leap\home\webapp\WEB-INF\static\새 폴더\새 폴더 (2)
2022-03-03 14:28:26.417 INFO  - Path: D:\0.github\Leap\home\webapp\WEB-INF\static\새 폴더\새 폴더 (3)
2022-03-03 14:28:26.417 INFO  - Path: D:\0.github\Leap\home\webapp\WEB-INF\static\새 폴더\새 폴더 (4)
2022-03-03 14:28:26.418 INFO  - Path: D:\0.github\Leap\home\webapp\WEB-INF\static\새 폴더\새 폴더 (5)
2022-03-03 14:28:26.419 INFO  - Path: D:\0.github\Leap\home\webapp\WEB-INF\static\새 폴더\새 폴더 (5)\aaa
2022-03-03 14:28:26.422 INFO  - Path: D:\0.github\Leap\home\webapp\WEB-INF\static\새 폴더\새 폴더 (5)\새 폴더a
2022-03-03 14:28:26.423 INFO  - Path: D:\0.github\Leap\home\webapp\WEB-INF\static\새 폴더\새 폴더 (5)\새 폴더a\새 폴더
2022-03-03 14:28:26.435 INFO  - [RESOUCE INITIALIZED] Resource object for host: localhost started. Watching Paths: 
2022-03-03 14:28:26.458 INFO  - Leap WAS server starting......
2022-03-03 14:28:26.460 INFO  - --------------------------------------------------------------------------
2022-03-03 14:28:26.461 INFO  - ThreadPool initialized - CORE: 50 MAX: 50 KEEP-ALIVE WHEN IDLE(seconds): 30
2022-03-03 14:28:26.461 INFO  - verbose mode on
2022-03-03 14:28:26.550 INFO  - Add service: org.chaostocosmos.leap.http.services.LeapServiceDeploy  Mapping path: /deploy/upload   METHOD: POST
2022-03-03 14:28:26.552 INFO  - Add service: org.chaostocosmos.leap.http.services.TimeServiceImpl  Mapping path: /time/GetTime   METHOD: GET
2022-03-03 14:28:26.552 INFO  - [DEFAULT HOST] - Protocol: HTTP_1_0   Server: leap   Host: localhost   Port: 8080   Doc-Root: home   Logging path: logs\leap.log   Level: [DEBUG]
2022-03-03 14:28:26.559 INFO  - Add service: org.chaostocosmos.leap.http.services.LeapServiceDeploy  Mapping path: /deploy/upload   METHOD: POST
2022-03-03 14:28:26.560 INFO  - Add service: org.chaostocosmos.leap.http.services.TimeServiceImpl  Mapping path: /time/GetTime   METHOD: GET
2022-03-03 14:28:26.561 INFO  - [VIRTUAL HOST] - Protocol: HTTPS_1_0   Server: leap1   Host: awesome   Port: 8082   Doc-Root: home1   Logging path: logs\leap.log   Level: [DEBUG]
2022-03-03 14:28:26.569 INFO  - Add service: org.chaostocosmos.leap.http.services.LeapServiceDeploy  Mapping path: /deploy/upload   METHOD: POST
2022-03-03 14:28:26.570 INFO  - Add service: org.chaostocosmos.leap.http.services.TimeServiceImpl  Mapping path: /time/GetTime   METHOD: GET
2022-03-03 14:28:26.570 INFO  - [VIRTUAL HOST] - Protocol: HTTP_1_0   Server: leap2   Host: www.leap1.org   Port: 8081   Doc-Root: home2   Logging path: logs\leap.log   Level: [DEBUG]
2022-03-03 14:28:26.570 INFO  - --------------------------------------------------------------------------
2022-03-03 14:28:26.574 INFO  - [HTTP SERVER START] Address: www.leap1.org/127.0.0.1:8081
2022-03-03 14:28:26.574 INFO  - [HTTP SERVER START] Address: localhost/127.0.0.1:8080
2022-03-03 14:28:27.120 INFO  - [HTTPS SERVER START] Address: awesome/127.0.0.1:8082  Protocol: TLS  KeyStore: leap-keystore.jks  Supported Protocol: [TLSv1.3, TLSv1.2, TLSv1.1, TLSv1, SSLv3, SSLv2Hello]
2022-03-03 14:29:57.802 INFO  - Path: D:\0.github\Leap\home\webapp\WEB-INF\static
2022-03-03 14:29:57.804 INFO  - Path: D:\0.github\Leap\home\webapp\WEB-INF\static\새 폴더
2022-03-03 14:29:57.805 INFO  - Path: D:\0.github\Leap\home\webapp\WEB-INF\static\새 폴더\새 폴더
2022-03-03 14:29:57.805 INFO  - Path: D:\0.github\Leap\home\webapp\WEB-INF\static\새 폴더\새 폴더 (2)
2022-03-03 14:29:57.805 INFO  - Path: D:\0.github\Leap\home\webapp\WEB-INF\static\새 폴더\새 폴더 (3)
2022-03-03 14:29:57.806 INFO  - Path: D:\0.github\Leap\home\webapp\WEB-INF\static\새 폴더\새 폴더 (4)
2022-03-03 14:29:57.806 INFO  - Path: D:\0.github\Leap\home\webapp\WEB-INF\static\새 폴더\새 폴더 (5)
2022-03-03 14:29:57.806 INFO  - Path: D:\0.github\Leap\home\webapp\WEB-INF\static\새 폴더\새 폴더 (5)\aaa
2022-03-03 14:29:57.807 INFO  - Path: D:\0.github\Leap\home\webapp\WEB-INF\static\새 폴더\새 폴더 (5)\새 폴더a
2022-03-03 14:29:57.807 INFO  - Path: D:\0.github\Leap\home\webapp\WEB-INF\static\새 폴더\새 폴더 (5)\새 폴더a\새 폴더
2022-03-03 14:29:57.817 INFO  - [RESOUCE INITIALIZED] Resource object for host: localhost started. Watching Paths: 
2022-03-03 14:29:57.832 INFO  - Leap WAS server starting......
2022-03-03 14:29:57.834 INFO  - --------------------------------------------------------------------------
2022-03-03 14:29:57.834 INFO  - ThreadPool initialized - CORE: 50 MAX: 50 KEEP-ALIVE WHEN IDLE(seconds): 30
2022-03-03 14:29:57.834 INFO  - verbose mode on
2022-03-03 14:29:57.874 INFO  - Add service: org.chaostocosmos.leap.http.services.LeapServiceDeploy  Mapping path: /deploy/upload   METHOD: POST
2022-03-03 14:29:57.876 INFO  - Add service: org.chaostocosmos.leap.http.services.TimeServiceImpl  Mapping path: /time/GetTime   METHOD: GET
2022-03-03 14:29:57.876 INFO  - [DEFAULT HOST] - Protocol: HTTP_1_0   Server: leap   Host: localhost   Port: 8080   Doc-Root: home   Logging path: logs\leap.log   Level: [DEBUG]
2022-03-03 14:29:57.882 INFO  - Add service: org.chaostocosmos.leap.http.services.LeapServiceDeploy  Mapping path: /deploy/upload   METHOD: POST
2022-03-03 14:29:57.882 INFO  - Add service: org.chaostocosmos.leap.http.services.TimeServiceImpl  Mapping path: /time/GetTime   METHOD: GET
2022-03-03 14:29:57.883 INFO  - [VIRTUAL HOST] - Protocol: HTTPS_1_0   Server: leap1   Host: awesome   Port: 8082   Doc-Root: home1   Logging path: logs\leap.log   Level: [DEBUG]
2022-03-03 14:29:57.888 INFO  - Add service: org.chaostocosmos.leap.http.services.LeapServiceDeploy  Mapping path: /deploy/upload   METHOD: POST
2022-03-03 14:29:57.888 INFO  - Add service: org.chaostocosmos.leap.http.services.TimeServiceImpl  Mapping path: /time/GetTime   METHOD: GET
2022-03-03 14:29:57.889 INFO  - [VIRTUAL HOST] - Protocol: HTTP_1_0   Server: leap2   Host: www.leap1.org   Port: 8081   Doc-Root: home2   Logging path: logs\leap.log   Level: [DEBUG]
2022-03-03 14:29:57.889 INFO  - --------------------------------------------------------------------------
2022-03-03 14:29:57.892 INFO  - [HTTP SERVER START] Address: www.leap1.org/127.0.0.1:8081
2022-03-03 14:29:57.892 INFO  - [HTTP SERVER START] Address: localhost/127.0.0.1:8080
2022-03-03 14:29:58.269 INFO  - [HTTPS SERVER START] Address: awesome/127.0.0.1:8082  Protocol: TLS  KeyStore: leap-keystore.jks  Supported Protocol: [TLSv1.3, TLSv1.2, TLSv1.1, TLSv1, SSLv3, SSLv2Hello]
2022-03-03 14:30:39.545 INFO  - Path: D:\0.github\Leap\home\webapp\WEB-INF\static
2022-03-03 14:30:39.548 INFO  - Path: D:\0.github\Leap\home\webapp\WEB-INF\static\새 폴더
2022-03-03 14:30:39.548 INFO  - Path: D:\0.github\Leap\home\webapp\WEB-INF\static\새 폴더\새 폴더
2022-03-03 14:30:39.549 INFO  - Path: D:\0.github\Leap\home\webapp\WEB-INF\static\새 폴더\새 폴더 (2)
2022-03-03 14:30:39.549 INFO  - Path: D:\0.github\Leap\home\webapp\WEB-INF\static\새 폴더\새 폴더 (3)
2022-03-03 14:30:39.550 INFO  - Path: D:\0.github\Leap\home\webapp\WEB-INF\static\새 폴더\새 폴더 (4)
2022-03-03 14:30:39.550 INFO  - Path: D:\0.github\Leap\home\webapp\WEB-INF\static\새 폴더\새 폴더 (5)
2022-03-03 14:30:39.551 INFO  - Path: D:\0.github\Leap\home\webapp\WEB-INF\static\새 폴더\새 폴더 (5)\aaa
2022-03-03 14:30:39.551 INFO  - Path: D:\0.github\Leap\home\webapp\WEB-INF\static\새 폴더\새 폴더 (5)\새 폴더a
2022-03-03 14:30:39.552 INFO  - Path: D:\0.github\Leap\home\webapp\WEB-INF\static\새 폴더\새 폴더 (5)\새 폴더a\새 폴더
2022-03-03 14:30:39.566 INFO  - [RESOUCE INITIALIZED] Resource object for host: localhost started. Watching Paths: 
2022-03-03 14:30:39.588 INFO  - Leap WAS server starting......
2022-03-03 14:30:39.591 INFO  - --------------------------------------------------------------------------
2022-03-03 14:30:39.591 INFO  - ThreadPool initialized - CORE: 50 MAX: 50 KEEP-ALIVE WHEN IDLE(seconds): 30
2022-03-03 14:30:39.592 INFO  - verbose mode on
2022-03-03 14:30:39.643 INFO  - Add service: org.chaostocosmos.leap.http.services.LeapServiceDeploy  Mapping path: /deploy/upload   METHOD: POST
2022-03-03 14:30:39.644 INFO  - Add service: org.chaostocosmos.leap.http.services.TimeServiceImpl  Mapping path: /time/GetTime   METHOD: GET
2022-03-03 14:30:39.645 INFO  - [DEFAULT HOST] - Protocol: HTTP_1_0   Server: leap   Host: localhost   Port: 8080   Doc-Root: home   Logging path: logs\leap.log   Level: [DEBUG]
2022-03-03 14:30:39.652 INFO  - Add service: org.chaostocosmos.leap.http.services.LeapServiceDeploy  Mapping path: /deploy/upload   METHOD: POST
2022-03-03 14:30:39.653 INFO  - Add service: org.chaostocosmos.leap.http.services.TimeServiceImpl  Mapping path: /time/GetTime   METHOD: GET
2022-03-03 14:30:39.653 INFO  - [VIRTUAL HOST] - Protocol: HTTPS_1_0   Server: leap1   Host: awesome   Port: 8082   Doc-Root: home1   Logging path: logs\leap.log   Level: [DEBUG]
2022-03-03 14:30:39.660 INFO  - Add service: org.chaostocosmos.leap.http.services.LeapServiceDeploy  Mapping path: /deploy/upload   METHOD: POST
2022-03-03 14:30:39.660 INFO  - Add service: org.chaostocosmos.leap.http.services.TimeServiceImpl  Mapping path: /time/GetTime   METHOD: GET
2022-03-03 14:30:39.661 INFO  - [VIRTUAL HOST] - Protocol: HTTP_1_0   Server: leap2   Host: www.leap1.org   Port: 8081   Doc-Root: home2   Logging path: logs\leap.log   Level: [DEBUG]
2022-03-03 14:30:39.661 INFO  - --------------------------------------------------------------------------
2022-03-03 14:30:39.665 INFO  - [HTTP SERVER START] Address: www.leap1.org/127.0.0.1:8081
2022-03-03 14:30:39.665 INFO  - [HTTP SERVER START] Address: localhost/127.0.0.1:8080
2022-03-03 14:30:40.150 INFO  - [HTTPS SERVER START] Address: awesome/127.0.0.1:8082  Protocol: TLS  KeyStore: leap-keystore.jks  Supported Protocol: [TLSv1.3, TLSv1.2, TLSv1.1, TLSv1, SSLv3, SSLv2Hello]
2022-03-03 14:31:07.011 INFO  - Path: D:\0.github\Leap\home\webapp\WEB-INF\static
2022-03-03 14:31:07.014 INFO  - Path: D:\0.github\Leap\home\webapp\WEB-INF\static\새 폴더
2022-03-03 14:31:07.015 INFO  - Path: D:\0.github\Leap\home\webapp\WEB-INF\static\새 폴더\새 폴더
2022-03-03 14:31:07.016 INFO  - Path: D:\0.github\Leap\home\webapp\WEB-INF\static\새 폴더\새 폴더 (2)
2022-03-03 14:31:07.016 INFO  - Path: D:\0.github\Leap\home\webapp\WEB-INF\static\새 폴더\새 폴더 (3)
2022-03-03 14:31:07.016 INFO  - Path: D:\0.github\Leap\home\webapp\WEB-INF\static\새 폴더\새 폴더 (4)
2022-03-03 14:31:07.017 INFO  - Path: D:\0.github\Leap\home\webapp\WEB-INF\static\새 폴더\새 폴더 (5)
2022-03-03 14:31:07.017 INFO  - Path: D:\0.github\Leap\home\webapp\WEB-INF\static\새 폴더\새 폴더 (5)\aaa
2022-03-03 14:31:07.018 INFO  - Path: D:\0.github\Leap\home\webapp\WEB-INF\static\새 폴더\새 폴더 (5)\새 폴더a
2022-03-03 14:31:07.018 INFO  - Path: D:\0.github\Leap\home\webapp\WEB-INF\static\새 폴더\새 폴더 (5)\새 폴더a\새 폴더
2022-03-03 14:31:34.571 INFO  - Path: D:\0.github\Leap\home\webapp\WEB-INF\static
2022-03-03 14:31:34.574 INFO  - Path: D:\0.github\Leap\home\webapp\WEB-INF\static\새 폴더
2022-03-03 14:31:34.574 INFO  - Path: D:\0.github\Leap\home\webapp\WEB-INF\static\새 폴더\새 폴더
2022-03-03 14:31:34.575 INFO  - Path: D:\0.github\Leap\home\webapp\WEB-INF\static\새 폴더\새 폴더 (2)
2022-03-03 14:31:34.575 INFO  - Path: D:\0.github\Leap\home\webapp\WEB-INF\static\새 폴더\새 폴더 (3)
2022-03-03 14:31:34.576 INFO  - Path: D:\0.github\Leap\home\webapp\WEB-INF\static\새 폴더\새 폴더 (4)
2022-03-03 14:31:34.576 INFO  - Path: D:\0.github\Leap\home\webapp\WEB-INF\static\새 폴더\새 폴더 (5)
2022-03-03 14:31:34.577 INFO  - Path: D:\0.github\Leap\home\webapp\WEB-INF\static\새 폴더\새 폴더 (5)\aaa
2022-03-03 14:31:34.577 INFO  - Path: D:\0.github\Leap\home\webapp\WEB-INF\static\새 폴더\새 폴더 (5)\새 폴더a
2022-03-03 14:31:34.578 INFO  - Path: D:\0.github\Leap\home\webapp\WEB-INF\static\새 폴더\새 폴더 (5)\새 폴더a\새 폴더
2022-03-03 14:31:34.589 INFO  - [RESOUCE INITIALIZED] Resource object for host: localhost started. Watching Paths: 
2022-03-03 14:31:34.607 INFO  - Leap WAS server starting......
2022-03-03 14:31:34.609 INFO  - --------------------------------------------------------------------------
2022-03-03 14:31:34.609 INFO  - ThreadPool initialized - CORE: 50 MAX: 50 KEEP-ALIVE WHEN IDLE(seconds): 30
2022-03-03 14:31:34.609 INFO  - verbose mode on
2022-03-03 14:31:34.665 INFO  - Add service: org.chaostocosmos.leap.http.services.LeapServiceDeploy  Mapping path: /deploy/upload   METHOD: POST
2022-03-03 14:31:34.668 INFO  - Add service: org.chaostocosmos.leap.http.services.TimeServiceImpl  Mapping path: /time/GetTime   METHOD: GET
2022-03-03 14:31:34.675 INFO  - [DEFAULT HOST] - Protocol: HTTP_1_0   Server: leap   Host: localhost   Port: 8080   Doc-Root: home   Logging path: logs\leap.log   Level: [DEBUG]
2022-03-03 14:31:34.704 INFO  - Add service: org.chaostocosmos.leap.http.services.LeapServiceDeploy  Mapping path: /deploy/upload   METHOD: POST
2022-03-03 14:31:34.705 INFO  - Add service: org.chaostocosmos.leap.http.services.TimeServiceImpl  Mapping path: /time/GetTime   METHOD: GET
2022-03-03 14:31:34.706 INFO  - [VIRTUAL HOST] - Protocol: HTTPS_1_0   Server: leap1   Host: awesome   Port: 8082   Doc-Root: home1   Logging path: logs\leap.log   Level: [DEBUG]
2022-03-03 14:31:34.711 INFO  - Add service: org.chaostocosmos.leap.http.services.LeapServiceDeploy  Mapping path: /deploy/upload   METHOD: POST
2022-03-03 14:31:34.711 INFO  - Add service: org.chaostocosmos.leap.http.services.TimeServiceImpl  Mapping path: /time/GetTime   METHOD: GET
2022-03-03 14:31:34.712 INFO  - [VIRTUAL HOST] - Protocol: HTTP_1_0   Server: leap2   Host: www.leap1.org   Port: 8081   Doc-Root: home2   Logging path: logs\leap.log   Level: [DEBUG]
2022-03-03 14:31:34.712 INFO  - --------------------------------------------------------------------------
2022-03-03 14:31:34.720 INFO  - [HTTP SERVER START] Address: www.leap1.org/127.0.0.1:8081
2022-03-03 14:31:34.721 INFO  - [HTTP SERVER START] Address: localhost/127.0.0.1:8080
2022-03-03 14:31:35.172 INFO  - [HTTPS SERVER START] Address: awesome/127.0.0.1:8082  Protocol: TLS  KeyStore: leap-keystore.jks  Supported Protocol: [TLSv1.3, TLSv1.2, TLSv1.1, TLSv1, SSLv3, SSLv2Hello]
2022-03-03 14:32:24.584 INFO  - Path: D:\0.github\Leap\home\webapp\WEB-INF\static
2022-03-03 14:32:24.586 INFO  - Path: D:\0.github\Leap\home\webapp\WEB-INF\static\새 폴더
2022-03-03 14:32:24.587 INFO  - Path: D:\0.github\Leap\home\webapp\WEB-INF\static\새 폴더\새 폴더
2022-03-03 14:32:24.588 INFO  - Path: D:\0.github\Leap\home\webapp\WEB-INF\static\새 폴더\새 폴더 (2)
2022-03-03 14:32:24.588 INFO  - Path: D:\0.github\Leap\home\webapp\WEB-INF\static\새 폴더\새 폴더 (3)
2022-03-03 14:32:24.588 INFO  - Path: D:\0.github\Leap\home\webapp\WEB-INF\static\새 폴더\새 폴더 (4)
2022-03-03 14:32:24.588 INFO  - Path: D:\0.github\Leap\home\webapp\WEB-INF\static\새 폴더\새 폴더 (5)
2022-03-03 14:32:24.589 INFO  - Path: D:\0.github\Leap\home\webapp\WEB-INF\static\새 폴더\새 폴더 (5)\aaa
2022-03-03 14:32:24.589 INFO  - Path: D:\0.github\Leap\home\webapp\WEB-INF\static\새 폴더\새 폴더 (5)\새 폴더a
2022-03-03 14:32:24.590 INFO  - Path: D:\0.github\Leap\home\webapp\WEB-INF\static\새 폴더\새 폴더 (5)\새 폴더a\새 폴더
2022-03-03 14:32:24.602 INFO  - [RESOUCE INITIALIZED] Resource object for host: localhost started. Watching Paths: 
2022-03-03 14:32:24.619 INFO  - Leap WAS server starting......
2022-03-03 14:32:24.621 INFO  - --------------------------------------------------------------------------
2022-03-03 14:32:24.621 INFO  - ThreadPool initialized - CORE: 50 MAX: 50 KEEP-ALIVE WHEN IDLE(seconds): 30
2022-03-03 14:32:24.621 INFO  - verbose mode on
2022-03-03 14:32:24.668 INFO  - Add service: org.chaostocosmos.leap.http.services.LeapServiceDeploy  Mapping path: /deploy/upload   METHOD: POST
2022-03-03 14:32:24.670 INFO  - Add service: org.chaostocosmos.leap.http.services.TimeServiceImpl  Mapping path: /time/GetTime   METHOD: GET
2022-03-03 14:32:24.670 INFO  - [DEFAULT HOST] - Protocol: HTTP_1_0   Server: leap   Host: localhost   Port: 8080   Doc-Root: home   Logging path: logs\leap.log   Level: [DEBUG]
2022-03-03 14:32:24.679 INFO  - Add service: org.chaostocosmos.leap.http.services.LeapServiceDeploy  Mapping path: /deploy/upload   METHOD: POST
2022-03-03 14:32:24.681 INFO  - Add service: org.chaostocosmos.leap.http.services.TimeServiceImpl  Mapping path: /time/GetTime   METHOD: GET
2022-03-03 14:32:24.681 INFO  - [VIRTUAL HOST] - Protocol: HTTPS_1_0   Server: leap1   Host: awesome   Port: 8082   Doc-Root: home1   Logging path: logs\leap.log   Level: [DEBUG]
2022-03-03 14:32:24.687 INFO  - Add service: org.chaostocosmos.leap.http.services.LeapServiceDeploy  Mapping path: /deploy/upload   METHOD: POST
2022-03-03 14:32:24.687 INFO  - Add service: org.chaostocosmos.leap.http.services.TimeServiceImpl  Mapping path: /time/GetTime   METHOD: GET
2022-03-03 14:32:24.688 INFO  - [VIRTUAL HOST] - Protocol: HTTP_1_0   Server: leap2   Host: www.leap1.org   Port: 8081   Doc-Root: home2   Logging path: logs\leap.log   Level: [DEBUG]
2022-03-03 14:32:24.688 INFO  - --------------------------------------------------------------------------
2022-03-03 14:32:24.692 INFO  - [HTTP SERVER START] Address: www.leap1.org/127.0.0.1:8081
2022-03-03 14:32:24.693 INFO  - [HTTP SERVER START] Address: localhost/127.0.0.1:8080
2022-03-03 14:32:25.220 INFO  - [HTTPS SERVER START] Address: awesome/127.0.0.1:8082  Protocol: TLS  KeyStore: leap-keystore.jks  Supported Protocol: [TLSv1.3, TLSv1.2, TLSv1.1, TLSv1, SSLv3, SSLv2Hello]
2022-03-03 14:32:43.749 INFO  - Path: D:\0.github\Leap\home\webapp\WEB-INF\static
2022-03-03 14:32:43.753 INFO  - Path: D:\0.github\Leap\home\webapp\WEB-INF\static\새 폴더
2022-03-03 14:32:43.754 INFO  - Path: D:\0.github\Leap\home\webapp\WEB-INF\static\새 폴더\새 폴더
2022-03-03 14:32:43.754 INFO  - Path: D:\0.github\Leap\home\webapp\WEB-INF\static\새 폴더\새 폴더 (2)
2022-03-03 14:32:43.755 INFO  - Path: D:\0.github\Leap\home\webapp\WEB-INF\static\새 폴더\새 폴더 (3)
2022-03-03 14:32:43.764 INFO  - Path: D:\0.github\Leap\home\webapp\WEB-INF\static\새 폴더\새 폴더 (4)
2022-03-03 14:32:43.768 INFO  - Path: D:\0.github\Leap\home\webapp\WEB-INF\static\새 폴더\새 폴더 (5)
2022-03-03 14:32:43.769 INFO  - Path: D:\0.github\Leap\home\webapp\WEB-INF\static\새 폴더\새 폴더 (5)\aaa
2022-03-03 14:32:43.769 INFO  - Path: D:\0.github\Leap\home\webapp\WEB-INF\static\새 폴더\새 폴더 (5)\새 폴더a
2022-03-03 14:32:43.770 INFO  - Path: D:\0.github\Leap\home\webapp\WEB-INF\static\새 폴더\새 폴더 (5)\새 폴더a\새 폴더
2022-03-03 14:32:43.786 INFO  - [RESOUCE INITIALIZED] Resource object for host: localhost started. Watching Paths: 
2022-03-03 14:32:43.809 INFO  - Leap WAS server starting......
2022-03-03 14:32:43.812 INFO  - --------------------------------------------------------------------------
2022-03-03 14:32:43.812 INFO  - ThreadPool initialized - CORE: 50 MAX: 50 KEEP-ALIVE WHEN IDLE(seconds): 30
2022-03-03 14:32:43.812 INFO  - verbose mode on
2022-03-03 14:32:43.869 INFO  - Add service: org.chaostocosmos.leap.http.services.LeapServiceDeploy  Mapping path: /deploy/upload   METHOD: POST
2022-03-03 14:32:43.870 INFO  - Add service: org.chaostocosmos.leap.http.services.TimeServiceImpl  Mapping path: /time/GetTime   METHOD: GET
2022-03-03 14:32:43.871 INFO  - [DEFAULT HOST] - Protocol: HTTP_1_0   Server: leap   Host: localhost   Port: 8080   Doc-Root: home   Logging path: logs\leap.log   Level: [DEBUG]
2022-03-03 14:32:43.880 INFO  - Add service: org.chaostocosmos.leap.http.services.LeapServiceDeploy  Mapping path: /deploy/upload   METHOD: POST
2022-03-03 14:32:43.881 INFO  - Add service: org.chaostocosmos.leap.http.services.TimeServiceImpl  Mapping path: /time/GetTime   METHOD: GET
2022-03-03 14:32:43.882 INFO  - [VIRTUAL HOST] - Protocol: HTTPS_1_0   Server: leap1   Host: awesome   Port: 8082   Doc-Root: home1   Logging path: logs\leap.log   Level: [DEBUG]
2022-03-03 14:32:43.893 INFO  - Add service: org.chaostocosmos.leap.http.services.LeapServiceDeploy  Mapping path: /deploy/upload   METHOD: POST
2022-03-03 14:32:43.895 INFO  - Add service: org.chaostocosmos.leap.http.services.TimeServiceImpl  Mapping path: /time/GetTime   METHOD: GET
2022-03-03 14:32:43.899 INFO  - [VIRTUAL HOST] - Protocol: HTTP_1_0   Server: leap2   Host: www.leap1.org   Port: 8081   Doc-Root: home2   Logging path: logs\leap.log   Level: [DEBUG]
2022-03-03 14:32:43.899 INFO  - --------------------------------------------------------------------------
2022-03-03 14:32:43.904 INFO  - [HTTP SERVER START] Address: www.leap1.org/127.0.0.1:8081
2022-03-03 14:32:43.904 INFO  - [HTTP SERVER START] Address: localhost/127.0.0.1:8080
2022-03-03 14:32:44.370 INFO  - [HTTPS SERVER START] Address: awesome/127.0.0.1:8082  Protocol: TLS  KeyStore: leap-keystore.jks  Supported Protocol: [TLSv1.3, TLSv1.2, TLSv1.1, TLSv1, SSLv3, SSLv2Hello]
2022-03-03 14:33:10.979 INFO  - Path: D:\0.github\Leap\home\webapp\WEB-INF\static
2022-03-03 14:33:10.981 INFO  - Path: D:\0.github\Leap\home\webapp\WEB-INF\static\새 폴더
2022-03-03 14:33:10.982 INFO  - Path: D:\0.github\Leap\home\webapp\WEB-INF\static\새 폴더\새 폴더
2022-03-03 14:33:10.983 INFO  - Path: D:\0.github\Leap\home\webapp\WEB-INF\static\새 폴더\새 폴더 (2)
2022-03-03 14:33:10.983 INFO  - Path: D:\0.github\Leap\home\webapp\WEB-INF\static\새 폴더\새 폴더 (3)
2022-03-03 14:33:10.983 INFO  - Path: D:\0.github\Leap\home\webapp\WEB-INF\static\새 폴더\새 폴더 (4)
2022-03-03 14:33:10.984 INFO  - Path: D:\0.github\Leap\home\webapp\WEB-INF\static\새 폴더\새 폴더 (5)
2022-03-03 14:33:10.984 INFO  - Path: D:\0.github\Leap\home\webapp\WEB-INF\static\새 폴더\새 폴더 (5)\aaa
2022-03-03 14:33:10.984 INFO  - Path: D:\0.github\Leap\home\webapp\WEB-INF\static\새 폴더\새 폴더 (5)\새 폴더a
2022-03-03 14:33:10.985 INFO  - Path: D:\0.github\Leap\home\webapp\WEB-INF\static\새 폴더\새 폴더 (5)\새 폴더a\새 폴더
2022-03-03 14:33:10.994 INFO  - [RESOUCE INITIALIZED] Resource object for host: localhost started. Watching Paths: 
2022-03-03 14:33:11.009 INFO  - Leap WAS server starting......
2022-03-03 14:33:11.010 INFO  - --------------------------------------------------------------------------
2022-03-03 14:33:11.012 INFO  - ThreadPool initialized - CORE: 50 MAX: 50 KEEP-ALIVE WHEN IDLE(seconds): 30
2022-03-03 14:33:11.012 INFO  - verbose mode on
2022-03-03 14:33:11.053 INFO  - Add service: org.chaostocosmos.leap.http.services.LeapServiceDeploy  Mapping path: /deploy/upload   METHOD: POST
2022-03-03 14:33:11.053 INFO  - Add service: org.chaostocosmos.leap.http.services.TimeServiceImpl  Mapping path: /time/GetTime   METHOD: GET
2022-03-03 14:33:11.054 INFO  - [DEFAULT HOST] - Protocol: HTTP_1_0   Server: leap   Host: localhost   Port: 8080   Doc-Root: home   Logging path: logs\leap.log   Level: [DEBUG]
2022-03-03 14:33:11.060 INFO  - Add service: org.chaostocosmos.leap.http.services.LeapServiceDeploy  Mapping path: /deploy/upload   METHOD: POST
2022-03-03 14:33:11.061 INFO  - Add service: org.chaostocosmos.leap.http.services.TimeServiceImpl  Mapping path: /time/GetTime   METHOD: GET
2022-03-03 14:33:11.061 INFO  - [VIRTUAL HOST] - Protocol: HTTPS_1_0   Server: leap1   Host: awesome   Port: 8082   Doc-Root: home1   Logging path: logs\leap.log   Level: [DEBUG]
2022-03-03 14:33:11.067 INFO  - Add service: org.chaostocosmos.leap.http.services.LeapServiceDeploy  Mapping path: /deploy/upload   METHOD: POST
2022-03-03 14:33:11.067 INFO  - Add service: org.chaostocosmos.leap.http.services.TimeServiceImpl  Mapping path: /time/GetTime   METHOD: GET
2022-03-03 14:33:11.069 INFO  - [VIRTUAL HOST] - Protocol: HTTP_1_0   Server: leap2   Host: www.leap1.org   Port: 8081   Doc-Root: home2   Logging path: logs\leap.log   Level: [DEBUG]
2022-03-03 14:33:11.069 INFO  - --------------------------------------------------------------------------
2022-03-03 14:33:11.072 INFO  - [HTTP SERVER START] Address: www.leap1.org/127.0.0.1:8081
2022-03-03 14:33:11.072 INFO  - [HTTP SERVER START] Address: localhost/127.0.0.1:8080
2022-03-03 14:33:11.453 INFO  - [HTTPS SERVER START] Address: awesome/127.0.0.1:8082  Protocol: TLS  KeyStore: leap-keystore.jks  Supported Protocol: [TLSv1.3, TLSv1.2, TLSv1.1, TLSv1, SSLv3, SSLv2Hello]
2022-03-03 14:33:36.080 INFO  - Path: D:\0.github\Leap\home\webapp\WEB-INF\static
2022-03-03 14:33:36.082 INFO  - Path: D:\0.github\Leap\home\webapp\WEB-INF\static\새 폴더
2022-03-03 14:33:36.083 INFO  - Path: D:\0.github\Leap\home\webapp\WEB-INF\static\새 폴더\새 폴더
2022-03-03 14:33:36.083 INFO  - Path: D:\0.github\Leap\home\webapp\WEB-INF\static\새 폴더\새 폴더 (2)
2022-03-03 14:33:36.084 INFO  - Path: D:\0.github\Leap\home\webapp\WEB-INF\static\새 폴더\새 폴더 (3)
2022-03-03 14:33:36.084 INFO  - Path: D:\0.github\Leap\home\webapp\WEB-INF\static\새 폴더\새 폴더 (4)
2022-03-03 14:33:36.085 INFO  - Path: D:\0.github\Leap\home\webapp\WEB-INF\static\새 폴더\새 폴더 (5)
2022-03-03 14:33:36.085 INFO  - Path: D:\0.github\Leap\home\webapp\WEB-INF\static\새 폴더\새 폴더 (5)\aaa
2022-03-03 14:33:36.085 INFO  - Path: D:\0.github\Leap\home\webapp\WEB-INF\static\새 폴더\새 폴더 (5)\새 폴더a
2022-03-03 14:33:36.086 INFO  - Path: D:\0.github\Leap\home\webapp\WEB-INF\static\새 폴더\새 폴더 (5)\새 폴더a\새 폴더
2022-03-03 14:33:36.099 INFO  - [RESOUCE INITIALIZED] Resource object for host: localhost started. Watching Paths: 
2022-03-03 14:33:36.118 INFO  - Leap WAS server starting......
2022-03-03 14:33:36.120 INFO  - --------------------------------------------------------------------------
2022-03-03 14:33:36.120 INFO  - ThreadPool initialized - CORE: 50 MAX: 50 KEEP-ALIVE WHEN IDLE(seconds): 30
2022-03-03 14:33:36.120 INFO  - verbose mode on
2022-03-03 14:33:36.168 INFO  - Add service: org.chaostocosmos.leap.http.services.LeapServiceDeploy  Mapping path: /deploy/upload   METHOD: POST
2022-03-03 14:33:36.169 INFO  - Add service: org.chaostocosmos.leap.http.services.TimeServiceImpl  Mapping path: /time/GetTime   METHOD: GET
2022-03-03 14:33:36.169 INFO  - [DEFAULT HOST] - Protocol: HTTP_1_0   Server: leap   Host: localhost   Port: 8080   Doc-Root: home   Logging path: logs\leap.log   Level: [DEBUG]
2022-03-03 14:33:36.176 INFO  - Add service: org.chaostocosmos.leap.http.services.LeapServiceDeploy  Mapping path: /deploy/upload   METHOD: POST
2022-03-03 14:33:36.176 INFO  - Add service: org.chaostocosmos.leap.http.services.TimeServiceImpl  Mapping path: /time/GetTime   METHOD: GET
2022-03-03 14:33:36.177 INFO  - [VIRTUAL HOST] - Protocol: HTTPS_1_0   Server: leap1   Host: awesome   Port: 8082   Doc-Root: home1   Logging path: logs\leap.log   Level: [DEBUG]
2022-03-03 14:33:36.184 INFO  - Add service: org.chaostocosmos.leap.http.services.LeapServiceDeploy  Mapping path: /deploy/upload   METHOD: POST
2022-03-03 14:33:36.185 INFO  - Add service: org.chaostocosmos.leap.http.services.TimeServiceImpl  Mapping path: /time/GetTime   METHOD: GET
2022-03-03 14:33:36.185 INFO  - [VIRTUAL HOST] - Protocol: HTTP_1_0   Server: leap2   Host: www.leap1.org   Port: 8081   Doc-Root: home2   Logging path: logs\leap.log   Level: [DEBUG]
2022-03-03 14:33:36.185 INFO  - --------------------------------------------------------------------------
2022-03-03 14:33:36.189 INFO  - [HTTP SERVER START] Address: localhost/127.0.0.1:8080
2022-03-03 14:33:36.189 INFO  - [HTTP SERVER START] Address: www.leap1.org/127.0.0.1:8081
2022-03-03 14:33:36.667 INFO  - [HTTPS SERVER START] Address: awesome/127.0.0.1:8082  Protocol: TLS  KeyStore: leap-keystore.jks  Supported Protocol: [TLSv1.3, TLSv1.2, TLSv1.1, TLSv1, SSLv3, SSLv2Hello]
2022-03-03 14:34:13.584 INFO  - Path: D:\0.github\Leap\home\webapp\WEB-INF\static
2022-03-03 14:34:13.587 INFO  - Path: D:\0.github\Leap\home\webapp\WEB-INF\static\새 폴더
2022-03-03 14:34:13.587 INFO  - Path: D:\0.github\Leap\home\webapp\WEB-INF\static\새 폴더\새 폴더
2022-03-03 14:34:13.588 INFO  - Path: D:\0.github\Leap\home\webapp\WEB-INF\static\새 폴더\새 폴더 (2)
2022-03-03 14:34:13.588 INFO  - Path: D:\0.github\Leap\home\webapp\WEB-INF\static\새 폴더\새 폴더 (3)
2022-03-03 14:34:13.588 INFO  - Path: D:\0.github\Leap\home\webapp\WEB-INF\static\새 폴더\새 폴더 (4)
2022-03-03 14:34:13.589 INFO  - Path: D:\0.github\Leap\home\webapp\WEB-INF\static\새 폴더\새 폴더 (5)
2022-03-03 14:34:13.589 INFO  - Path: D:\0.github\Leap\home\webapp\WEB-INF\static\새 폴더\새 폴더 (5)\aaa
2022-03-03 14:34:13.589 INFO  - Path: D:\0.github\Leap\home\webapp\WEB-INF\static\새 폴더\새 폴더 (5)\새 폴더a
2022-03-03 14:34:13.590 INFO  - Path: D:\0.github\Leap\home\webapp\WEB-INF\static\새 폴더\새 폴더 (5)\새 폴더a\새 폴더
2022-03-03 14:34:13.607 INFO  - [RESOUCE INITIALIZED] Resource object for host: localhost started. Watching Paths: 
2022-03-03 14:34:13.625 INFO  - Leap WAS server starting......
2022-03-03 14:34:13.627 INFO  - --------------------------------------------------------------------------
2022-03-03 14:34:13.627 INFO  - ThreadPool initialized - CORE: 50 MAX: 50 KEEP-ALIVE WHEN IDLE(seconds): 30
2022-03-03 14:34:13.627 INFO  - verbose mode on
2022-03-03 14:34:13.677 INFO  - Add service: org.chaostocosmos.leap.http.services.LeapServiceDeploy  Mapping path: /deploy/upload   METHOD: POST
2022-03-03 14:34:13.679 INFO  - Add service: org.chaostocosmos.leap.http.services.TimeServiceImpl  Mapping path: /time/GetTime   METHOD: GET
2022-03-03 14:34:13.680 INFO  - [DEFAULT HOST] - Protocol: HTTP_1_0   Server: leap   Host: localhost   Port: 8080   Doc-Root: home   Logging path: logs\leap.log   Level: [DEBUG]
2022-03-03 14:34:13.687 INFO  - Add service: org.chaostocosmos.leap.http.services.LeapServiceDeploy  Mapping path: /deploy/upload   METHOD: POST
2022-03-03 14:34:13.688 INFO  - Add service: org.chaostocosmos.leap.http.services.TimeServiceImpl  Mapping path: /time/GetTime   METHOD: GET
2022-03-03 14:34:13.689 INFO  - [VIRTUAL HOST] - Protocol: HTTPS_1_0   Server: leap1   Host: awesome   Port: 8082   Doc-Root: home1   Logging path: logs\leap.log   Level: [DEBUG]
2022-03-03 14:34:13.694 INFO  - Add service: org.chaostocosmos.leap.http.services.LeapServiceDeploy  Mapping path: /deploy/upload   METHOD: POST
2022-03-03 14:34:13.695 INFO  - Add service: org.chaostocosmos.leap.http.services.TimeServiceImpl  Mapping path: /time/GetTime   METHOD: GET
2022-03-03 14:34:13.695 INFO  - [VIRTUAL HOST] - Protocol: HTTP_1_0   Server: leap2   Host: www.leap1.org   Port: 8081   Doc-Root: home2   Logging path: logs\leap.log   Level: [DEBUG]
2022-03-03 14:34:13.695 INFO  - --------------------------------------------------------------------------
2022-03-03 14:34:13.700 INFO  - [HTTP SERVER START] Address: www.leap1.org/127.0.0.1:8081
2022-03-03 14:34:13.700 INFO  - [HTTP SERVER START] Address: localhost/127.0.0.1:8080
2022-03-03 14:34:14.329 INFO  - [HTTPS SERVER START] Address: awesome/127.0.0.1:8082  Protocol: TLS  KeyStore: leap-keystore.jks  Supported Protocol: [TLSv1.3, TLSv1.2, TLSv1.1, TLSv1, SSLv3, SSLv2Hello]
2022-03-03 14:47:05.347 INFO  - Path: D:\0.github\Leap\home\webapp\WEB-INF\static
2022-03-03 14:47:05.350 INFO  - Path: D:\0.github\Leap\home\webapp\WEB-INF\static\새 폴더
2022-03-03 14:47:05.351 INFO  - Path: D:\0.github\Leap\home\webapp\WEB-INF\static\새 폴더\새 폴더
2022-03-03 14:47:05.352 INFO  - Path: D:\0.github\Leap\home\webapp\WEB-INF\static\새 폴더\새 폴더 (2)
2022-03-03 14:47:05.352 INFO  - Path: D:\0.github\Leap\home\webapp\WEB-INF\static\새 폴더\새 폴더 (3)
2022-03-03 14:47:05.353 INFO  - Path: D:\0.github\Leap\home\webapp\WEB-INF\static\새 폴더\새 폴더 (4)
2022-03-03 14:47:05.353 INFO  - Path: D:\0.github\Leap\home\webapp\WEB-INF\static\새 폴더\새 폴더 (5)
2022-03-03 14:47:05.354 INFO  - Path: D:\0.github\Leap\home\webapp\WEB-INF\static\새 폴더\새 폴더 (5)\aaa
2022-03-03 14:47:05.355 INFO  - Path: D:\0.github\Leap\home\webapp\WEB-INF\static\새 폴더\새 폴더 (5)\새 폴더a
2022-03-03 14:47:05.355 INFO  - Path: D:\0.github\Leap\home\webapp\WEB-INF\static\새 폴더\새 폴더 (5)\새 폴더a\새 폴더
2022-03-03 14:55:18.231 INFO  - Path: D:\0.github\Leap\home\webapp\WEB-INF\static
2022-03-03 14:55:18.234 INFO  - Path: D:\0.github\Leap\home\webapp\WEB-INF\static\새 폴더
2022-03-03 14:55:18.234 INFO  - Path: D:\0.github\Leap\home\webapp\WEB-INF\static\새 폴더\새 폴더
2022-03-03 14:55:18.234 INFO  - Path: D:\0.github\Leap\home\webapp\WEB-INF\static\새 폴더\새 폴더 (2)
2022-03-03 14:55:18.235 INFO  - Path: D:\0.github\Leap\home\webapp\WEB-INF\static\새 폴더\새 폴더 (3)
2022-03-03 14:55:18.235 INFO  - Path: D:\0.github\Leap\home\webapp\WEB-INF\static\새 폴더\새 폴더 (4)
2022-03-03 14:55:18.235 INFO  - Path: D:\0.github\Leap\home\webapp\WEB-INF\static\새 폴더\새 폴더 (5)
2022-03-03 14:55:18.236 INFO  - Path: D:\0.github\Leap\home\webapp\WEB-INF\static\새 폴더\새 폴더 (5)\aaa
2022-03-03 14:55:18.236 INFO  - Path: D:\0.github\Leap\home\webapp\WEB-INF\static\새 폴더\새 폴더 (5)\새 폴더a
2022-03-03 14:55:18.236 INFO  - Path: D:\0.github\Leap\home\webapp\WEB-INF\static\새 폴더\새 폴더 (5)\새 폴더a\새 폴더
2022-03-03 14:55:32.306 INFO  - Path: D:\0.github\Leap\home\webapp\WEB-INF\static
2022-03-03 14:55:32.309 INFO  - Path: D:\0.github\Leap\home\webapp\WEB-INF\static\새 폴더
2022-03-03 14:55:32.309 INFO  - Path: D:\0.github\Leap\home\webapp\WEB-INF\static\새 폴더\새 폴더
2022-03-03 14:55:32.311 INFO  - Path: D:\0.github\Leap\home\webapp\WEB-INF\static\새 폴더\새 폴더 (2)
2022-03-03 14:55:32.311 INFO  - Path: D:\0.github\Leap\home\webapp\WEB-INF\static\새 폴더\새 폴더 (3)
2022-03-03 14:55:32.312 INFO  - Path: D:\0.github\Leap\home\webapp\WEB-INF\static\새 폴더\새 폴더 (4)
2022-03-03 14:55:32.312 INFO  - Path: D:\0.github\Leap\home\webapp\WEB-INF\static\새 폴더\새 폴더 (5)
2022-03-03 14:55:32.312 INFO  - Path: D:\0.github\Leap\home\webapp\WEB-INF\static\새 폴더\새 폴더 (5)\aaa
2022-03-03 14:55:32.313 INFO  - Path: D:\0.github\Leap\home\webapp\WEB-INF\static\새 폴더\새 폴더 (5)\새 폴더a
2022-03-03 14:55:32.313 INFO  - Path: D:\0.github\Leap\home\webapp\WEB-INF\static\새 폴더\새 폴더 (5)\새 폴더a\새 폴더
2022-03-03 14:55:32.334 INFO  - [RESOUCE INITIALIZED] Resource object for host: localhost started. Watching Paths: 
2022-03-03 14:55:32.383 INFO  - Leap WAS server starting......
2022-03-03 14:55:32.388 INFO  - --------------------------------------------------------------------------
2022-03-03 14:55:32.390 INFO  - ThreadPool initialized - CORE: 50 MAX: 50 KEEP-ALIVE WHEN IDLE(seconds): 30
2022-03-03 14:55:32.390 INFO  - verbose mode on
2022-03-03 14:55:32.462 INFO  - Add service: org.chaostocosmos.leap.http.services.LeapServiceDeploy  Mapping path: /deploy/upload   METHOD: POST
2022-03-03 14:55:32.464 INFO  - Add service: org.chaostocosmos.leap.http.services.TimeServiceImpl  Mapping path: /time/GetTime   METHOD: GET
2022-03-03 14:55:32.465 INFO  - [DEFAULT HOST] - Protocol: HTTP_1_0   Server: leap   Host: localhost   Port: 8080   Doc-Root: home   Logging path: logs\leap.log   Level: [DEBUG]
2022-03-03 14:55:32.473 INFO  - Add service: org.chaostocosmos.leap.http.services.LeapServiceDeploy  Mapping path: /deploy/upload   METHOD: POST
2022-03-03 14:55:32.473 INFO  - Add service: org.chaostocosmos.leap.http.services.TimeServiceImpl  Mapping path: /time/GetTime   METHOD: GET
2022-03-03 14:55:32.474 INFO  - [VIRTUAL HOST] - Protocol: HTTPS_1_0   Server: leap1   Host: awesome   Port: 8082   Doc-Root: home1   Logging path: logs\leap.log   Level: [DEBUG]
2022-03-03 14:55:32.480 INFO  - Add service: org.chaostocosmos.leap.http.services.LeapServiceDeploy  Mapping path: /deploy/upload   METHOD: POST
2022-03-03 14:55:32.481 INFO  - Add service: org.chaostocosmos.leap.http.services.TimeServiceImpl  Mapping path: /time/GetTime   METHOD: GET
2022-03-03 14:55:32.481 INFO  - [VIRTUAL HOST] - Protocol: HTTP_1_0   Server: leap2   Host: www.leap1.org   Port: 8081   Doc-Root: home2   Logging path: logs\leap.log   Level: [DEBUG]
2022-03-03 14:55:32.481 INFO  - --------------------------------------------------------------------------
2022-03-03 14:55:32.486 INFO  - [HTTP SERVER START] Address: www.leap1.org/127.0.0.1:8081
2022-03-03 14:55:32.486 INFO  - [HTTP SERVER START] Address: localhost/127.0.0.1:8080
2022-03-03 14:55:32.894 INFO  - [HTTPS SERVER START] Address: awesome/127.0.0.1:8082  Protocol: TLS  KeyStore: leap-keystore.jks  Supported Protocol: [TLSv1.3, TLSv1.2, TLSv1.1, TLSv1, SSLv3, SSLv2Hello]
2022-03-03 14:56:15.555 INFO  - Path: D:\0.github\Leap\home\webapp\WEB-INF\static
2022-03-03 14:56:15.557 INFO  - Path: D:\0.github\Leap\home\webapp\WEB-INF\static\aaa
2022-03-03 14:56:15.558 INFO  - Path: D:\0.github\Leap\home\webapp\WEB-INF\static\aaa\bbb
2022-03-03 14:56:15.562 INFO  - [RESOUCE INITIALIZED] Resource object for host: localhost started. Watching Paths: 
2022-03-03 14:56:15.591 INFO  - Leap WAS server starting......
2022-03-03 14:56:15.593 INFO  - --------------------------------------------------------------------------
2022-03-03 14:56:15.594 INFO  - ThreadPool initialized - CORE: 50 MAX: 50 KEEP-ALIVE WHEN IDLE(seconds): 30
2022-03-03 14:56:15.595 INFO  - verbose mode on
2022-03-03 14:56:15.640 INFO  - Add service: org.chaostocosmos.leap.http.services.LeapServiceDeploy  Mapping path: /deploy/upload   METHOD: POST
2022-03-03 14:56:15.642 INFO  - Add service: org.chaostocosmos.leap.http.services.TimeServiceImpl  Mapping path: /time/GetTime   METHOD: GET
2022-03-03 14:56:15.642 INFO  - [DEFAULT HOST] - Protocol: HTTP_1_0   Server: leap   Host: localhost   Port: 8080   Doc-Root: home   Logging path: logs\leap.log   Level: [DEBUG]
2022-03-03 14:56:15.660 INFO  - Add service: org.chaostocosmos.leap.http.services.LeapServiceDeploy  Mapping path: /deploy/upload   METHOD: POST
2022-03-03 14:56:15.660 INFO  - Add service: org.chaostocosmos.leap.http.services.TimeServiceImpl  Mapping path: /time/GetTime   METHOD: GET
2022-03-03 14:56:15.661 INFO  - [VIRTUAL HOST] - Protocol: HTTPS_1_0   Server: leap1   Host: awesome   Port: 8082   Doc-Root: home1   Logging path: logs\leap.log   Level: [DEBUG]
2022-03-03 14:56:15.681 INFO  - Add service: org.chaostocosmos.leap.http.services.LeapServiceDeploy  Mapping path: /deploy/upload   METHOD: POST
2022-03-03 14:56:15.682 INFO  - Add service: org.chaostocosmos.leap.http.services.TimeServiceImpl  Mapping path: /time/GetTime   METHOD: GET
2022-03-03 14:56:15.683 INFO  - [VIRTUAL HOST] - Protocol: HTTP_1_0   Server: leap2   Host: www.leap1.org   Port: 8081   Doc-Root: home2   Logging path: logs\leap.log   Level: [DEBUG]
2022-03-03 14:56:15.683 INFO  - --------------------------------------------------------------------------
2022-03-03 14:56:15.686 INFO  - [HTTP SERVER START] Address: www.leap1.org/127.0.0.1:8081
2022-03-03 14:56:15.686 INFO  - [HTTP SERVER START] Address: localhost/127.0.0.1:8080
2022-03-03 14:56:16.043 INFO  - [HTTPS SERVER START] Address: awesome/127.0.0.1:8082  Protocol: TLS  KeyStore: leap-keystore.jks  Supported Protocol: [TLSv1.3, TLSv1.2, TLSv1.1, TLSv1, SSLv3, SSLv2Hello]
2022-03-03 14:56:34.934 INFO  - [CLIENT DETECTED] Client request accepted....../127.0.0.1  ---  55933
2022-03-03 14:56:34.943 DEBUG - ------------------------------ REQ: GET /aaa/bbb/big.html HTTP/1.1 ------------------------------
Authorization: Basic YWRtaW46YWRtaW4=
User-Agent: PostmanRuntime/7.29.0
Accept: */*
Postman-Token: 678e01d0-3811-41df-a521-80ae454bec0c
Host: localhost:8080
Accept-Encoding: gzip, deflate, br
Connection: keep-alive
2022-03-03 14:56:34.946 DEBUG - REQUEST RESOURCE: response.html   PATH: D:\0.github\Leap\home\webapp\WEB-INF\static\response.html
2022-03-03 14:56:34.950 DEBUG - REQUEST PATH: D:\0.github\Leap\home\webapp\WEB-INF\static\aaa\bbb\big.html
2022-03-03 14:56:34.956 DEBUG - DOWNLOAD RESOURCE MIME-TYPE: text/html
2022-03-03 14:56:34.963 DEBUG - ============================== RES : HTTP/1.0 200 OK. - /127.0.0.1:55933 ==============================
RES CODE: 200
Content-Length: [192]
Content-Type: [text/html]
2022-03-03 14:56:34.984 INFO  - Client closing....../127.0.0.1
2022-03-03 14:57:00.256 INFO  - [CLIENT DETECTED] Client request accepted....../127.0.0.1  ---  50074
2022-03-03 14:57:00.260 DEBUG - ------------------------------ REQ: GET /aaa/bbb/big.html/ HTTP/1.1 ------------------------------
Authorization: Basic YWRtaW46YWRtaW4=
User-Agent: PostmanRuntime/7.29.0
Accept: */*
Postman-Token: 44025940-09b4-4a0c-a8b1-e6d0e7d42206
Host: localhost:8080
Accept-Encoding: gzip, deflate, br
Connection: keep-alive
2022-03-03 14:57:00.261 DEBUG - REQUEST RESOURCE: response.html   PATH: D:\0.github\Leap\home\webapp\WEB-INF\static\response.html
2022-03-03 14:57:00.262 DEBUG - REQUEST PATH: D:\0.github\Leap\home\webapp\WEB-INF\static\aaa\bbb\big.html
2022-03-03 14:57:00.263 DEBUG - DOWNLOAD RESOURCE MIME-TYPE: text/html
2022-03-03 14:57:00.264 DEBUG - ============================== RES : HTTP/1.0 200 OK. - /127.0.0.1:50074 ==============================
RES CODE: 200
Content-Length: [192]
Content-Type: [text/html]
2022-03-03 14:57:00.265 INFO  - Client closing....../127.0.0.1
2022-03-03 14:57:07.705 INFO  - [CLIENT DETECTED] Client request accepted....../127.0.0.1  ---  50082
2022-03-03 14:57:07.708 DEBUG - ------------------------------ REQ: GET /aaa/bbb/big.html/ccc HTTP/1.1 ------------------------------
Authorization: Basic YWRtaW46YWRtaW4=
User-Agent: PostmanRuntime/7.29.0
Accept: */*
Postman-Token: 5489f918-13a1-490c-84b7-99a83631cd50
Host: localhost:8080
Accept-Encoding: gzip, deflate, br
Connection: keep-alive
2022-03-03 14:57:07.710 DEBUG - REQUEST RESOURCE: response.html   PATH: D:\0.github\Leap\home\webapp\WEB-INF\static\response.html
2022-03-03 14:57:07.710 DEBUG - REQUEST PATH: D:\0.github\Leap\home\webapp\WEB-INF\static\aaa\bbb\big.html\ccc
2022-03-03 14:57:07.714 ERROR - Resource Not Found.   /aaa/bbb/big.html/ccc
org.chaostocosmos.leap.http.WASException: Resource Not Found.   /aaa/bbb/big.html/ccc
	at org.chaostocosmos.leap.http.LeapRequestHandler.run(LeapRequestHandler.java:114)
	at java.base/java.util.concurrent.Executors$RunnableAdapter.call(Executors.java:515)
	at java.base/java.util.concurrent.FutureTask.run(FutureTask.java:264)
	at java.base/java.util.concurrent.ThreadPoolExecutor.runWorker(ThreadPoolExecutor.java:1128)
	at java.base/java.util.concurrent.ThreadPoolExecutor$Worker.run(ThreadPoolExecutor.java:628)
	at java.base/java.lang.Thread.run(Thread.java:829)
2022-03-03 14:57:07.716 ERROR - [HTTP: 404] - Resource Not Found.   /aaa/bbb/big.html/ccc
2022-03-03 14:57:07.716 DEBUG - REQUEST RESOURCE: response.html   PATH: D:\0.github\Leap\home\webapp\WEB-INF\static\response.html
2022-03-03 14:57:07.718 DEBUG - ============================== RES : HTTP/1.0 404 Resource Not Found. - /127.0.0.1:50082 ==============================
RES CODE: 404
Content-Length: [698]
Content-Type: [text/html]
2022-03-03 14:57:14.412 INFO  - [CLIENT DETECTED] Client request accepted....../127.0.0.1  ---  50090
2022-03-03 14:57:14.415 DEBUG - ------------------------------ REQ: GET /aaa/bbb/big.html HTTP/1.1 ------------------------------
Authorization: Basic YWRtaW46YWRtaW4=
User-Agent: PostmanRuntime/7.29.0
Accept: */*
Postman-Token: 4c17cc5a-0e81-42f1-915e-24b5d35d6469
Host: localhost:8080
Accept-Encoding: gzip, deflate, br
Connection: keep-alive
2022-03-03 14:57:14.416 DEBUG - REQUEST RESOURCE: response.html   PATH: D:\0.github\Leap\home\webapp\WEB-INF\static\response.html
2022-03-03 14:57:14.418 DEBUG - REQUEST PATH: D:\0.github\Leap\home\webapp\WEB-INF\static\aaa\bbb\big.html
2022-03-03 14:57:14.420 DEBUG - DOWNLOAD RESOURCE MIME-TYPE: text/html
2022-03-03 14:57:14.425 DEBUG - ============================== RES : HTTP/1.0 200 OK. - /127.0.0.1:50090 ==============================
RES CODE: 200
Content-Length: [192]
Content-Type: [text/html]
2022-03-03 14:57:14.428 INFO  - Client closing....../127.0.0.1
2022-03-03 14:59:24.742 INFO  - Path: D:\0.github\Leap\home\webapp\WEB-INF\static
2022-03-03 14:59:24.745 INFO  - Path: D:\0.github\Leap\home\webapp\WEB-INF\static\aaa
2022-03-03 14:59:24.745 INFO  - Path: D:\0.github\Leap\home\webapp\WEB-INF\static\aaa\bbb
2022-03-03 14:59:24.749 INFO  - [RESOUCE INITIALIZED] Resource object for host: localhost started. Watching Paths: 
2022-03-03 14:59:24.769 INFO  - Leap WAS server starting......
2022-03-03 14:59:24.770 INFO  - --------------------------------------------------------------------------
2022-03-03 14:59:24.771 INFO  - ThreadPool initialized - CORE: 50 MAX: 50 KEEP-ALIVE WHEN IDLE(seconds): 30
2022-03-03 14:59:24.771 INFO  - verbose mode on
2022-03-03 14:59:24.848 INFO  - Add service: org.chaostocosmos.leap.http.services.LeapServiceDeploy  Mapping path: /deploy/upload   METHOD: POST
2022-03-03 14:59:24.850 INFO  - Add service: org.chaostocosmos.leap.http.services.TimeServiceImpl  Mapping path: /time/GetTime   METHOD: GET
2022-03-03 14:59:24.850 INFO  - [DEFAULT HOST] - Protocol: HTTP_1_0   Server: leap   Host: localhost   Port: 8080   Doc-Root: home   Logging path: logs\leap.log   Level: [DEBUG]
2022-03-03 14:59:24.856 INFO  - Add service: org.chaostocosmos.leap.http.services.LeapServiceDeploy  Mapping path: /deploy/upload   METHOD: POST
2022-03-03 14:59:24.857 INFO  - Add service: org.chaostocosmos.leap.http.services.TimeServiceImpl  Mapping path: /time/GetTime   METHOD: GET
2022-03-03 14:59:24.857 INFO  - [VIRTUAL HOST] - Protocol: HTTPS_1_0   Server: leap1   Host: awesome   Port: 8082   Doc-Root: home1   Logging path: logs\leap.log   Level: [DEBUG]
2022-03-03 14:59:24.863 INFO  - Add service: org.chaostocosmos.leap.http.services.LeapServiceDeploy  Mapping path: /deploy/upload   METHOD: POST
2022-03-03 14:59:24.863 INFO  - Add service: org.chaostocosmos.leap.http.services.TimeServiceImpl  Mapping path: /time/GetTime   METHOD: GET
2022-03-03 14:59:24.864 INFO  - [VIRTUAL HOST] - Protocol: HTTP_1_0   Server: leap2   Host: www.leap1.org   Port: 8081   Doc-Root: home2   Logging path: logs\leap.log   Level: [DEBUG]
2022-03-03 14:59:24.864 INFO  - --------------------------------------------------------------------------
2022-03-03 14:59:24.868 INFO  - [HTTP SERVER START] Address: www.leap1.org/127.0.0.1:8081
2022-03-03 14:59:24.868 INFO  - [HTTP SERVER START] Address: localhost/127.0.0.1:8080
2022-03-03 14:59:25.334 INFO  - [HTTPS SERVER START] Address: awesome/127.0.0.1:8082  Protocol: TLS  KeyStore: leap-keystore.jks  Supported Protocol: [TLSv1.3, TLSv1.2, TLSv1.1, TLSv1, SSLv3, SSLv2Hello]
2022-03-03 14:59:27.919 INFO  - [CLIENT DETECTED] Client request accepted....../127.0.0.1  ---  50168
2022-03-03 14:59:27.925 DEBUG - ------------------------------ REQ: GET /aaa/bbb/big.html HTTP/1.1 ------------------------------
Authorization: Basic YWRtaW46YWRtaW4=
User-Agent: PostmanRuntime/7.29.0
Accept: */*
Postman-Token: a8996d7e-2c9c-4a56-8c9a-7c948334a0ec
Host: localhost:8080
Accept-Encoding: gzip, deflate, br
Connection: keep-alive
2022-03-03 14:59:27.929 DEBUG - REQUEST RESOURCE: response.html   PATH: D:\0.github\Leap\home\webapp\WEB-INF\static\response.html
2022-03-03 14:59:27.931 DEBUG - REQUEST PATH: D:\0.github\Leap\home\webapp\WEB-INF\static\aaa\bbb\big.html
2022-03-03 14:59:27.933 DEBUG - [RESOURCE] In-Memory resource requested: D:\0.github\Leap\home\webapp\WEB-INF\static\aaa\bbb\big.html
2022-03-03 14:59:27.936 DEBUG - DOWNLOAD RESOURCE MIME-TYPE: text/html
2022-03-03 14:59:27.938 DEBUG - ============================== RES : HTTP/1.0 200 OK. - /127.0.0.1:50168 ==============================
RES CODE: 200
Content-Length: [192]
Content-Type: [text/html]
2022-03-03 14:59:27.939 INFO  - Client closing....../127.0.0.1
