2022-01-03 15:18:12.718 INFO  - Leap WAS server starting...
2022-01-03 15:18:12.725 INFO  - --------------------------------------------------------------------------
2022-01-03 15:18:12.726 INFO  - ThreadPool initialized - CORE: 50 MAX: 50 KEEP-ALIVE WHEN IDLE(seconds): 30
2022-01-03 15:18:12.727 INFO  - verbose mode on
2022-01-03 15:18:12.769 INFO  - Add service: org.chaostocosmos.leap.http.service.TimeServiceImpl  Mapping path: /time/GetTime
2022-01-03 15:18:12.769 DEBUG - Method not mapping with MethodMapper annotation: setFilters
2022-01-03 15:18:12.770 DEBUG - Method not mapping with MethodMapper annotation: serve
2022-01-03 15:18:12.770 DEBUG - Method not mapping with MethodMapper annotation: serveGet
2022-01-03 15:18:12.770 DEBUG - Method not mapping with MethodMapper annotation: servePost
2022-01-03 15:18:12.771 DEBUG - Method not mapping with MethodMapper annotation: servePut
2022-01-03 15:18:12.771 DEBUG - Method not mapping with MethodMapper annotation: serveDelete
2022-01-03 15:18:12.771 INFO  - Default host added - Server: leap   Host: localhost   Port: 8080   Doc-Root: home   Logging path: logs/leap.log   Level: [DEBUG]
2022-01-03 15:18:12.773 INFO  - Virtual host added - Server: leap1   Host: 127.0.0.1   Port: 8080   Doc-Root: home1   Logging path: logs/leap.log   Level: [DEBUG]
2022-01-03 15:18:12.778 INFO  - Add service: org.chaostocosmos.leap.http.service.TimeServiceImpl  Mapping path: /time/GetTime
2022-01-03 15:18:12.778 DEBUG - Method not mapping with MethodMapper annotation: setFilters
2022-01-03 15:18:12.778 DEBUG - Method not mapping with MethodMapper annotation: serve
2022-01-03 15:18:12.778 DEBUG - Method not mapping with MethodMapper annotation: serveGet
2022-01-03 15:18:12.779 DEBUG - Method not mapping with MethodMapper annotation: servePost
2022-01-03 15:18:12.779 DEBUG - Method not mapping with MethodMapper annotation: servePut
2022-01-03 15:18:12.779 DEBUG - Method not mapping with MethodMapper annotation: serveDelete
2022-01-03 15:18:12.779 INFO  - Virtual host added - Server: leap2   Host: 192.168.1.60   Port: 8082   Doc-Root: home2   Logging path: logs/leap.log   Level: [DEBUG]
2022-01-03 15:18:12.784 INFO  - Accepting connections on port 8082
2022-01-03 15:18:12.787 INFO  - Accepting connections on port 8080
2022-01-03 15:18:22.089 INFO  - Client request accepted... : /127.0.0.1
2022-01-03 15:18:41.516 INFO  - Leap WAS server starting...
2022-01-03 15:18:41.520 INFO  - --------------------------------------------------------------------------
2022-01-03 15:18:41.520 INFO  - ThreadPool initialized - CORE: 50 MAX: 50 KEEP-ALIVE WHEN IDLE(seconds): 30
2022-01-03 15:18:41.520 INFO  - verbose mode on
2022-01-03 15:18:41.556 INFO  - Add service: org.chaostocosmos.leap.http.service.TimeServiceImpl  Mapping path: /time/GetTime
2022-01-03 15:18:41.557 DEBUG - Method not mapping with MethodMapper annotation: serve
2022-01-03 15:18:41.557 DEBUG - Method not mapping with MethodMapper annotation: setFilters
2022-01-03 15:18:41.558 DEBUG - Method not mapping with MethodMapper annotation: servePost
2022-01-03 15:18:41.558 DEBUG - Method not mapping with MethodMapper annotation: serveGet
2022-01-03 15:18:41.558 DEBUG - Method not mapping with MethodMapper annotation: servePut
2022-01-03 15:18:41.558 DEBUG - Method not mapping with MethodMapper annotation: serveDelete
2022-01-03 15:18:41.558 INFO  - Default host added - Server: leap   Host: localhost   Port: 8080   Doc-Root: home   Logging path: logs/leap.log   Level: [DEBUG]
2022-01-03 15:18:41.560 INFO  - Virtual host added - Server: leap1   Host: 127.0.0.1   Port: 8080   Doc-Root: home1   Logging path: logs/leap.log   Level: [DEBUG]
2022-01-03 15:18:41.568 INFO  - Add service: org.chaostocosmos.leap.http.service.TimeServiceImpl  Mapping path: /time/GetTime
2022-01-03 15:18:41.568 DEBUG - Method not mapping with MethodMapper annotation: serve
2022-01-03 15:18:41.569 DEBUG - Method not mapping with MethodMapper annotation: setFilters
2022-01-03 15:18:41.569 DEBUG - Method not mapping with MethodMapper annotation: servePost
2022-01-03 15:18:41.569 DEBUG - Method not mapping with MethodMapper annotation: serveGet
2022-01-03 15:18:41.569 DEBUG - Method not mapping with MethodMapper annotation: servePut
2022-01-03 15:18:41.569 DEBUG - Method not mapping with MethodMapper annotation: serveDelete
2022-01-03 15:18:41.569 INFO  - Virtual host added - Server: leap2   Host: 192.168.1.60   Port: 8082   Doc-Root: home2   Logging path: logs/leap.log   Level: [DEBUG]
2022-01-03 15:18:41.574 INFO  - Accepting connections on port 8082
2022-01-03 15:18:41.577 INFO  - Accepting connections on port 8080
2022-01-03 15:18:45.394 INFO  - Client request accepted... : /127.0.0.1
2022-01-03 15:20:17.900 INFO  - Leap WAS server starting...
2022-01-03 15:20:17.903 INFO  - --------------------------------------------------------------------------
2022-01-03 15:20:17.903 INFO  - ThreadPool initialized - CORE: 50 MAX: 50 KEEP-ALIVE WHEN IDLE(seconds): 30
2022-01-03 15:20:17.904 INFO  - verbose mode on
2022-01-03 15:20:17.939 DEBUG - Method not mapping with MethodMapper annotation: serve
2022-01-03 15:20:17.940 DEBUG - Method not mapping with MethodMapper annotation: setFilters
2022-01-03 15:20:17.940 DEBUG - Method not mapping with MethodMapper annotation: serveDelete
2022-01-03 15:20:17.940 DEBUG - Method not mapping with MethodMapper annotation: servePut
2022-01-03 15:20:17.941 DEBUG - Method not mapping with MethodMapper annotation: serveGet
2022-01-03 15:20:17.941 DEBUG - Method not mapping with MethodMapper annotation: servePost
2022-01-03 15:20:17.944 INFO  - Add service: org.chaostocosmos.leap.http.service.TimeServiceImpl  Mapping path: /time/GetTime
2022-01-03 15:20:17.944 INFO  - Default host added - Server: leap   Host: localhost   Port: 8080   Doc-Root: home   Logging path: logs/leap.log   Level: [DEBUG]
2022-01-03 15:20:17.946 INFO  - Virtual host added - Server: leap1   Host: 127.0.0.1   Port: 8080   Doc-Root: home1   Logging path: logs/leap.log   Level: [DEBUG]
2022-01-03 15:20:17.952 DEBUG - Method not mapping with MethodMapper annotation: serve
2022-01-03 15:20:17.953 DEBUG - Method not mapping with MethodMapper annotation: setFilters
2022-01-03 15:20:17.953 DEBUG - Method not mapping with MethodMapper annotation: serveDelete
2022-01-03 15:20:17.954 DEBUG - Method not mapping with MethodMapper annotation: servePut
2022-01-03 15:20:17.954 DEBUG - Method not mapping with MethodMapper annotation: serveGet
2022-01-03 15:20:17.954 DEBUG - Method not mapping with MethodMapper annotation: servePost
2022-01-03 15:20:17.955 INFO  - Add service: org.chaostocosmos.leap.http.service.TimeServiceImpl  Mapping path: /time/GetTime
2022-01-03 15:20:17.955 INFO  - Virtual host added - Server: leap2   Host: 192.168.1.60   Port: 8082   Doc-Root: home2   Logging path: logs/leap.log   Level: [DEBUG]
2022-01-03 15:20:17.959 INFO  - Accepting connections on port 8082
2022-01-03 15:20:17.963 INFO  - Accepting connections on port 8080
2022-01-03 15:20:20.565 INFO  - Client request accepted... : /127.0.0.1
2022-01-03 15:48:31.280 INFO  - Client request accepted... : /127.0.0.1
