2022-01-11 12:23:31.767 INFO  - Leap WAS server starting...
2022-01-11 12:23:31.775 INFO  - --------------------------------------------------------------------------
2022-01-11 12:23:31.776 INFO  - ThreadPool initialized - CORE: 50 MAX: 50 KEEP-ALIVE WHEN IDLE(seconds): 30
2022-01-11 12:23:31.776 INFO  - verbose mode on
2022-01-11 12:23:31.816 DEBUG - Service not mapping with ServiceMapper annotation: org.chaostocosmos.leap.http.service.DeployService
2022-01-11 12:23:31.823 DEBUG - Method not mapping with MethodMapper annotation: serve
2022-01-11 12:23:31.823 DEBUG - Method not mapping with MethodMapper annotation: setFilters
2022-01-11 12:23:31.823 DEBUG - Method not mapping with MethodMapper annotation: serveDelete
2022-01-11 12:23:31.824 DEBUG - Method not mapping with MethodMapper annotation: servePut
2022-01-11 12:23:31.825 DEBUG - Method not mapping with MethodMapper annotation: serveGet
2022-01-11 12:23:31.825 DEBUG - Method not mapping with MethodMapper annotation: servePost
2022-01-11 12:23:31.829 INFO  - Add service: org.chaostocosmos.leap.http.service.TimeServiceImpl  Mapping path: /time/GetTime
2022-01-11 12:23:31.830 INFO  - Default host added - Server: leap   Host: localhost   Port: 8080   Doc-Root: home   Logging path: logs/leap.log   Level: [DEBUG]
2022-01-11 12:23:31.838 DEBUG - Service not mapping with ServiceMapper annotation: org.chaostocosmos.leap.http.service.DeployService
2022-01-11 12:23:31.838 DEBUG - Method not mapping with MethodMapper annotation: serve
2022-01-11 12:23:31.838 DEBUG - Method not mapping with MethodMapper annotation: setFilters
2022-01-11 12:23:31.838 DEBUG - Method not mapping with MethodMapper annotation: serveDelete
2022-01-11 12:23:31.839 DEBUG - Method not mapping with MethodMapper annotation: servePut
2022-01-11 12:23:31.839 DEBUG - Method not mapping with MethodMapper annotation: serveGet
2022-01-11 12:23:31.839 DEBUG - Method not mapping with MethodMapper annotation: servePost
2022-01-11 12:23:31.839 INFO  - Add service: org.chaostocosmos.leap.http.service.TimeServiceImpl  Mapping path: /time/GetTime
2022-01-11 12:23:31.840 INFO  - Virtual host added - Server: leap2   Host: 192.168.1.28   Port: 8082   Doc-Root: home2   Logging path: logs/leap.log   Level: [DEBUG]
2022-01-11 12:23:31.840 INFO  - Virtual host added - Server: leap1   Host: 127.0.0.1   Port: 8080   Doc-Root: home1   Logging path: logs/leap.log   Level: [DEBUG]
2022-01-11 12:23:31.846 INFO  - Accepting connections on port 8082
2022-01-11 12:23:31.851 INFO  - Accepting connections on port 8080
2022-01-11 12:23:33.824 INFO  - Host: localhost:8080  Client request accepted... : /127.0.0.1
2022-01-11 12:23:33.858 DEBUG - Request host: localhost
2022-01-11 12:23:33.860 DEBUG - Accept: */*
User-Agent: PostmanRuntime/7.28.4
Connection: keep-alive
Postman-Token: edc80e26-d8b5-414e-85ce-c031ea9eeed4
Host: localhost:8080
Accept-Encoding: gzip, deflate, br
Content-Length: 1448
@Client: localhost
Content-Type: multipart/form-data; boundary=--------------------------182333719581798822563452
2022-01-11 12:23:33.861 DEBUG - .\home\webapp\WEB-INF\static\index.html   index.html   .\home\webapp\WEB-INF\static
2022-01-11 12:23:33.874 DEBUG - { httpRequestDescriptor='{ httpRequest='http://localhost:8080/ GET', httpVersion='HTTP/1.1', requestType='GET', requestedHost='localhost', reqHeader='{Accept=*/*, User-Agent=PostmanRuntime/7.28.4, Connection=keep-alive, Postman-Token=edc80e26-d8b5-414e-85ce-c031ea9eeed4, Host=localhost:8080, Accept-Encoding=gzip, deflate, br, Content-Length=1448, @Client=localhost, Content-Type=multipart/form-data; boundary=--------------------------182333719581798822563452}', contentType='multipart/form-data', reqBody='null', contextPath='/', url='http://localhost:8080/', contextParam='{}', multipartList='org.chaostocosmos.leap.http.HttpRequestDescriptor$MultipartDescriptor@f5e3b20'}', httpResponse='null', requestedHost='localhost', responseCode='200', responseBody='[B@465bc59e', responseHeader='{Server=LeapWAS 1.0.0, Date=Tue Jan 11 12:23:33 KST 2022}'}
2022-01-11 12:24:17.441 INFO  - Host: localhost:8080  Client request accepted... : /127.0.0.1
2022-01-11 12:24:17.895 DEBUG - Request host: localhost
2022-01-11 12:24:17.896 DEBUG - Accept: */*
User-Agent: PostmanRuntime/7.28.4
Connection: keep-alive
Postman-Token: 4a3dd667-3817-457e-9ba3-f5837944056d
Host: localhost:8080
Accept-Encoding: gzip, deflate, br
Content-Length: 103142
@Client: localhost
Content-Type: multipart/form-data; boundary=--------------------------926899180230379163227215
2022-01-11 12:24:17.898 DEBUG - .\home\webapp\WEB-INF\static\index.html   index.html   .\home\webapp\WEB-INF\static
2022-01-11 12:24:17.898 DEBUG - { httpRequestDescriptor='{ httpRequest='http://localhost:8080/ GET', httpVersion='HTTP/1.1', requestType='GET', requestedHost='localhost', reqHeader='{Accept=*/*, User-Agent=PostmanRuntime/7.28.4, Connection=keep-alive, Postman-Token=4a3dd667-3817-457e-9ba3-f5837944056d, Host=localhost:8080, Accept-Encoding=gzip, deflate, br, Content-Length=103142, @Client=localhost, Content-Type=multipart/form-data; boundary=--------------------------926899180230379163227215}', contentType='multipart/form-data', reqBody='null', contextPath='/', url='http://localhost:8080/', contextParam='{}', multipartList='org.chaostocosmos.leap.http.HttpRequestDescriptor$MultipartDescriptor@7da289dc'}', httpResponse='null', requestedHost='localhost', responseCode='200', responseBody='[B@73656818', responseHeader='{Server=LeapWAS 1.0.0, Date=Tue Jan 11 12:24:17 KST 2022}'}
2022-01-11 12:27:51.651 INFO  - Leap WAS server starting...
2022-01-11 12:27:51.654 INFO  - --------------------------------------------------------------------------
2022-01-11 12:27:51.655 INFO  - ThreadPool initialized - CORE: 50 MAX: 50 KEEP-ALIVE WHEN IDLE(seconds): 30
2022-01-11 12:27:51.655 INFO  - verbose mode on
2022-01-11 12:27:51.704 INFO  - Add service: org.chaostocosmos.leap.http.service.TimeServiceImpl  Mapping path: /time/GetTime
2022-01-11 12:27:51.704 DEBUG - Method not mapping with MethodMapper annotation: setFilters
2022-01-11 12:27:51.704 DEBUG - Method not mapping with MethodMapper annotation: serve
2022-01-11 12:27:51.705 DEBUG - Method not mapping with MethodMapper annotation: servePost
2022-01-11 12:27:51.705 DEBUG - Method not mapping with MethodMapper annotation: servePut
2022-01-11 12:27:51.705 DEBUG - Method not mapping with MethodMapper annotation: serveDelete
2022-01-11 12:27:51.705 DEBUG - Method not mapping with MethodMapper annotation: serveGet
2022-01-11 12:27:51.705 DEBUG - Service not mapping with ServiceMapper annotation: org.chaostocosmos.leap.http.service.DeployService
2022-01-11 12:27:51.705 INFO  - Default host added - Server: leap   Host: localhost   Port: 8080   Doc-Root: home   Logging path: logs/leap.log   Level: [DEBUG]
2022-01-11 12:27:51.715 INFO  - Add service: org.chaostocosmos.leap.http.service.TimeServiceImpl  Mapping path: /time/GetTime
2022-01-11 12:27:51.715 DEBUG - Method not mapping with MethodMapper annotation: setFilters
2022-01-11 12:27:51.715 DEBUG - Method not mapping with MethodMapper annotation: serve
2022-01-11 12:27:51.715 DEBUG - Method not mapping with MethodMapper annotation: servePost
2022-01-11 12:27:51.716 DEBUG - Method not mapping with MethodMapper annotation: servePut
2022-01-11 12:27:51.716 DEBUG - Method not mapping with MethodMapper annotation: serveDelete
2022-01-11 12:27:51.716 DEBUG - Method not mapping with MethodMapper annotation: serveGet
2022-01-11 12:27:51.717 DEBUG - Service not mapping with ServiceMapper annotation: org.chaostocosmos.leap.http.service.DeployService
2022-01-11 12:27:51.726 INFO  - Virtual host added - Server: leap2   Host: 192.168.1.28   Port: 8082   Doc-Root: home2   Logging path: logs/leap.log   Level: [DEBUG]
2022-01-11 12:27:51.730 INFO  - Virtual host added - Server: leap1   Host: 127.0.0.1   Port: 8080   Doc-Root: home1   Logging path: logs/leap.log   Level: [DEBUG]
2022-01-11 12:27:51.736 INFO  - Accepting connections on port 8082
2022-01-11 12:27:51.739 INFO  - Accepting connections on port 8080
2022-01-11 12:28:09.688 INFO  - Host: localhost:8080  Client request accepted... : /127.0.0.1
2022-01-11 12:28:10.126 DEBUG - Request host: localhost
2022-01-11 12:28:10.127 DEBUG - Accept: */*
User-Agent: PostmanRuntime/7.28.4
Connection: keep-alive
Postman-Token: 7b3f7681-ca28-472e-9b79-9c32ad01f360
Host: localhost:8080
Accept-Encoding: gzip, deflate, br
Content-Length: 103142
@Client: localhost
Content-Type: multipart/form-data; boundary=--------------------------645657979085970016456629
2022-01-11 12:28:10.128 DEBUG - .\home\webapp\WEB-INF\static\index.html   index.html   .\home\webapp\WEB-INF\static
2022-01-11 12:28:10.142 DEBUG - { httpRequestDescriptor='{ httpRequest='http://localhost:8080/ GET', httpVersion='HTTP/1.1', requestType='GET', requestedHost='localhost', reqHeader='{Accept=*/*, User-Agent=PostmanRuntime/7.28.4, Connection=keep-alive, Postman-Token=7b3f7681-ca28-472e-9b79-9c32ad01f360, Host=localhost:8080, Accept-Encoding=gzip, deflate, br, Content-Length=103142, @Client=localhost, Content-Type=multipart/form-data; boundary=--------------------------645657979085970016456629}', contentType='multipart/form-data', reqBody='null', contextPath='/', url='http://localhost:8080/', contextParam='{}', multipartList='org.chaostocosmos.leap.http.HttpRequestDescriptor$MultipartDescriptor@2690179e'}', httpResponse='null', requestedHost='localhost', responseCode='200', responseBody='[B@5f527984', responseHeader='{Server=LeapWAS 1.0.0, Date=Tue Jan 11 12:28:10 KST 2022}'}
2022-01-11 12:31:01.662 INFO  - Host: localhost:8080  Client request accepted... : /127.0.0.1
2022-01-11 12:31:02.106 DEBUG - Request host: localhost
2022-01-11 12:31:02.106 DEBUG - Accept: */*
User-Agent: PostmanRuntime/7.28.4
Connection: keep-alive
Postman-Token: e95ad15c-7a12-4768-bfa0-78caeaa97a2b
Host: localhost:8080
Accept-Encoding: gzip, deflate, br
Content-Length: 103142
@Client: localhost
Content-Type: multipart/form-data; boundary=--------------------------630933213008272829232193
2022-01-11 12:31:02.107 DEBUG - .\home\webapp\WEB-INF\static\index.html   index.html   .\home\webapp\WEB-INF\static
2022-01-11 12:31:02.109 DEBUG - { httpRequestDescriptor='{ httpRequest='http://localhost:8080/ GET', httpVersion='HTTP/1.1', requestType='GET', requestedHost='localhost', reqHeader='{Accept=*/*, User-Agent=PostmanRuntime/7.28.4, Connection=keep-alive, Postman-Token=e95ad15c-7a12-4768-bfa0-78caeaa97a2b, Host=localhost:8080, Accept-Encoding=gzip, deflate, br, Content-Length=103142, @Client=localhost, Content-Type=multipart/form-data; boundary=--------------------------630933213008272829232193}', contentType='multipart/form-data', reqBody='null', contextPath='/', url='http://localhost:8080/', contextParam='{}', multipartList='org.chaostocosmos.leap.http.HttpRequestDescriptor$MultipartDescriptor@20354115'}', httpResponse='null', requestedHost='localhost', responseCode='200', responseBody='[B@2ef2bb63', responseHeader='{Server=LeapWAS 1.0.0, Date=Tue Jan 11 12:31:02 KST 2022}'}
2022-01-11 12:32:12.139 INFO  - Leap WAS server starting...
2022-01-11 12:32:12.143 INFO  - --------------------------------------------------------------------------
2022-01-11 12:32:12.143 INFO  - ThreadPool initialized - CORE: 50 MAX: 50 KEEP-ALIVE WHEN IDLE(seconds): 30
2022-01-11 12:32:12.144 INFO  - verbose mode on
2022-01-11 12:32:12.204 INFO  - Add service: org.chaostocosmos.leap.http.service.TimeServiceImpl  Mapping path: /time/GetTime
2022-01-11 12:32:12.204 DEBUG - Method not mapping with MethodMapper annotation: serve
2022-01-11 12:32:12.204 DEBUG - Method not mapping with MethodMapper annotation: setFilters
2022-01-11 12:32:12.205 DEBUG - Method not mapping with MethodMapper annotation: serveDelete
2022-01-11 12:32:12.205 DEBUG - Method not mapping with MethodMapper annotation: serveGet
2022-01-11 12:32:12.205 DEBUG - Method not mapping with MethodMapper annotation: servePost
2022-01-11 12:32:12.205 DEBUG - Method not mapping with MethodMapper annotation: servePut
2022-01-11 12:32:12.205 DEBUG - Service not mapping with ServiceMapper annotation: org.chaostocosmos.leap.http.service.DeployService
2022-01-11 12:32:12.206 INFO  - Default host added - Server: leap   Host: localhost   Port: 8080   Doc-Root: home   Logging path: logs/leap.log   Level: [DEBUG]
2022-01-11 12:32:12.215 INFO  - Add service: org.chaostocosmos.leap.http.service.TimeServiceImpl  Mapping path: /time/GetTime
2022-01-11 12:32:12.216 DEBUG - Method not mapping with MethodMapper annotation: serve
2022-01-11 12:32:12.216 DEBUG - Method not mapping with MethodMapper annotation: setFilters
2022-01-11 12:32:12.216 DEBUG - Method not mapping with MethodMapper annotation: serveDelete
2022-01-11 12:32:12.216 DEBUG - Method not mapping with MethodMapper annotation: serveGet
2022-01-11 12:32:12.216 DEBUG - Method not mapping with MethodMapper annotation: servePost
2022-01-11 12:32:12.216 DEBUG - Method not mapping with MethodMapper annotation: servePut
2022-01-11 12:32:12.216 DEBUG - Service not mapping with ServiceMapper annotation: org.chaostocosmos.leap.http.service.DeployService
2022-01-11 12:32:12.217 INFO  - Virtual host added - Server: leap2   Host: 192.168.1.28   Port: 8082   Doc-Root: home2   Logging path: logs/leap.log   Level: [DEBUG]
2022-01-11 12:32:12.217 INFO  - Virtual host added - Server: leap1   Host: 127.0.0.1   Port: 8080   Doc-Root: home1   Logging path: logs/leap.log   Level: [DEBUG]
2022-01-11 12:32:12.224 INFO  - Accepting connections on port 8082
2022-01-11 12:32:12.229 INFO  - Accepting connections on port 8080
2022-01-11 12:32:14.224 INFO  - Host: localhost:8080  Client request accepted... : /127.0.0.1
2022-01-11 12:32:14.370 DEBUG - Request host: localhost
2022-01-11 12:32:14.371 DEBUG - Accept: */*
User-Agent: PostmanRuntime/7.28.4
Connection: keep-alive
Postman-Token: 1bb11071-dd7d-4c96-815c-6468bace43ab
Host: localhost:8080
Accept-Encoding: gzip, deflate, br
Content-Length: 103142
@Client: localhost
Content-Type: multipart/form-data; boundary=--------------------------077211117381896173457029
2022-01-11 12:32:14.373 DEBUG - .\home\webapp\WEB-INF\static\index.html   index.html   .\home\webapp\WEB-INF\static
2022-01-11 12:32:14.384 DEBUG - { httpRequestDescriptor='{ httpRequest='http://localhost:8080/ GET', httpVersion='HTTP/1.1', requestType='GET', requestedHost='localhost', reqHeader='{Accept=*/*, User-Agent=PostmanRuntime/7.28.4, Connection=keep-alive, Postman-Token=1bb11071-dd7d-4c96-815c-6468bace43ab, Host=localhost:8080, Accept-Encoding=gzip, deflate, br, Content-Length=103142, @Client=localhost, Content-Type=multipart/form-data; boundary=--------------------------077211117381896173457029}', contentType='multipart/form-data', reqBody='null', contextPath='/', url='http://localhost:8080/', contextParam='{}', multipartList='org.chaostocosmos.leap.http.HttpRequestDescriptor$MultipartDescriptor@b0cdf38'}', httpResponse='null', requestedHost='localhost', responseCode='200', responseBody='[B@26695ae4', responseHeader='{Server=LeapWAS 1.0.0, Date=Tue Jan 11 12:32:14 KST 2022}'}
2022-01-11 12:32:53.982 INFO  - Leap WAS server starting...
2022-01-11 12:32:53.985 INFO  - --------------------------------------------------------------------------
2022-01-11 12:32:53.986 INFO  - ThreadPool initialized - CORE: 50 MAX: 50 KEEP-ALIVE WHEN IDLE(seconds): 30
2022-01-11 12:32:53.986 INFO  - verbose mode on
2022-01-11 12:32:54.040 INFO  - Add service: org.chaostocosmos.leap.http.service.TimeServiceImpl  Mapping path: /time/GetTime
2022-01-11 12:32:54.041 DEBUG - Method not mapping with MethodMapper annotation: setFilters
2022-01-11 12:32:54.041 DEBUG - Method not mapping with MethodMapper annotation: serve
2022-01-11 12:32:54.041 DEBUG - Method not mapping with MethodMapper annotation: servePost
2022-01-11 12:32:54.041 DEBUG - Method not mapping with MethodMapper annotation: serveDelete
2022-01-11 12:32:54.041 DEBUG - Method not mapping with MethodMapper annotation: serveGet
2022-01-11 12:32:54.042 DEBUG - Method not mapping with MethodMapper annotation: servePut
2022-01-11 12:32:54.042 DEBUG - Service not mapping with ServiceMapper annotation: org.chaostocosmos.leap.http.service.DeployService
2022-01-11 12:32:54.042 INFO  - Default host added - Server: leap   Host: localhost   Port: 8080   Doc-Root: home   Logging path: logs/leap.log   Level: [DEBUG]
2022-01-11 12:32:54.050 INFO  - Add service: org.chaostocosmos.leap.http.service.TimeServiceImpl  Mapping path: /time/GetTime
2022-01-11 12:32:54.051 DEBUG - Method not mapping with MethodMapper annotation: setFilters
2022-01-11 12:32:54.051 DEBUG - Method not mapping with MethodMapper annotation: serve
2022-01-11 12:32:54.051 DEBUG - Method not mapping with MethodMapper annotation: servePost
2022-01-11 12:32:54.052 DEBUG - Method not mapping with MethodMapper annotation: serveDelete
2022-01-11 12:32:54.052 DEBUG - Method not mapping with MethodMapper annotation: serveGet
2022-01-11 12:32:54.052 DEBUG - Method not mapping with MethodMapper annotation: servePut
2022-01-11 12:32:54.052 DEBUG - Service not mapping with ServiceMapper annotation: org.chaostocosmos.leap.http.service.DeployService
2022-01-11 12:32:54.053 INFO  - Virtual host added - Server: leap2   Host: 192.168.1.28   Port: 8082   Doc-Root: home2   Logging path: logs/leap.log   Level: [DEBUG]
2022-01-11 12:32:54.053 INFO  - Virtual host added - Server: leap1   Host: 127.0.0.1   Port: 8080   Doc-Root: home1   Logging path: logs/leap.log   Level: [DEBUG]
2022-01-11 12:32:54.057 INFO  - Accepting connections on port 8082
2022-01-11 12:32:54.060 INFO  - Accepting connections on port 8080
2022-01-11 12:32:57.654 INFO  - Host: localhost:8080  Client request accepted... : /127.0.0.1
2022-01-11 12:32:58.293 DEBUG - Request host: localhost
2022-01-11 12:32:58.294 DEBUG - Accept: */*
User-Agent: PostmanRuntime/7.28.4
Connection: keep-alive
Postman-Token: 11e6fc52-8196-4e85-800c-fd716e947eb3
Host: localhost:8080
Accept-Encoding: gzip, deflate, br
Content-Length: 103142
@Client: localhost
Content-Type: multipart/form-data; boundary=--------------------------707698420255651054688337
2022-01-11 12:32:58.296 DEBUG - .\home\webapp\WEB-INF\static\index.html   index.html   .\home\webapp\WEB-INF\static
2022-01-11 12:32:58.308 DEBUG - { httpRequestDescriptor='{ httpRequest='http://localhost:8080/ GET', httpVersion='HTTP/1.1', requestType='GET', requestedHost='localhost', reqHeader='{Accept=*/*, User-Agent=PostmanRuntime/7.28.4, Connection=keep-alive, Postman-Token=11e6fc52-8196-4e85-800c-fd716e947eb3, Host=localhost:8080, Accept-Encoding=gzip, deflate, br, Content-Length=103142, @Client=localhost, Content-Type=multipart/form-data; boundary=--------------------------707698420255651054688337}', contentType='multipart/form-data', reqBody='null', contextPath='/', url='http://localhost:8080/', contextParam='{}', multipartList='org.chaostocosmos.leap.http.HttpRequestDescriptor$MultipartDescriptor@6a94b1e4'}', httpResponse='null', requestedHost='localhost', responseCode='200', responseBody='[B@41a3e075', responseHeader='{Server=LeapWAS 1.0.0, Date=Tue Jan 11 12:32:58 KST 2022}'}
2022-01-11 12:33:14.151 INFO  - Leap WAS server starting...
2022-01-11 12:33:14.154 INFO  - --------------------------------------------------------------------------
2022-01-11 12:33:14.155 INFO  - ThreadPool initialized - CORE: 50 MAX: 50 KEEP-ALIVE WHEN IDLE(seconds): 30
2022-01-11 12:33:14.155 INFO  - verbose mode on
2022-01-11 12:33:14.198 INFO  - Add service: org.chaostocosmos.leap.http.service.TimeServiceImpl  Mapping path: /time/GetTime
2022-01-11 12:33:14.198 DEBUG - Method not mapping with MethodMapper annotation: setFilters
2022-01-11 12:33:14.199 DEBUG - Method not mapping with MethodMapper annotation: serve
2022-01-11 12:33:14.199 DEBUG - Method not mapping with MethodMapper annotation: serveGet
2022-01-11 12:33:14.199 DEBUG - Method not mapping with MethodMapper annotation: serveDelete
2022-01-11 12:33:14.200 DEBUG - Method not mapping with MethodMapper annotation: servePost
2022-01-11 12:33:14.200 DEBUG - Method not mapping with MethodMapper annotation: servePut
2022-01-11 12:33:14.200 DEBUG - Service not mapping with ServiceMapper annotation: org.chaostocosmos.leap.http.service.DeployService
2022-01-11 12:33:14.200 INFO  - Default host added - Server: leap   Host: localhost   Port: 8080   Doc-Root: home   Logging path: logs/leap.log   Level: [DEBUG]
2022-01-11 12:33:14.207 INFO  - Add service: org.chaostocosmos.leap.http.service.TimeServiceImpl  Mapping path: /time/GetTime
2022-01-11 12:33:14.208 DEBUG - Method not mapping with MethodMapper annotation: setFilters
2022-01-11 12:33:14.208 DEBUG - Method not mapping with MethodMapper annotation: serve
2022-01-11 12:33:14.208 DEBUG - Method not mapping with MethodMapper annotation: serveGet
2022-01-11 12:33:14.209 DEBUG - Method not mapping with MethodMapper annotation: serveDelete
2022-01-11 12:33:14.209 DEBUG - Method not mapping with MethodMapper annotation: servePost
2022-01-11 12:33:14.209 DEBUG - Method not mapping with MethodMapper annotation: servePut
2022-01-11 12:33:14.209 DEBUG - Service not mapping with ServiceMapper annotation: org.chaostocosmos.leap.http.service.DeployService
2022-01-11 12:33:14.209 INFO  - Virtual host added - Server: leap2   Host: 192.168.1.28   Port: 8082   Doc-Root: home2   Logging path: logs/leap.log   Level: [DEBUG]
2022-01-11 12:33:14.210 INFO  - Virtual host added - Server: leap1   Host: 127.0.0.1   Port: 8080   Doc-Root: home1   Logging path: logs/leap.log   Level: [DEBUG]
2022-01-11 12:33:14.214 INFO  - Accepting connections on port 8082
2022-01-11 12:33:14.218 INFO  - Accepting connections on port 8080
2022-01-11 12:33:16.304 INFO  - Host: localhost:8080  Client request accepted... : /127.0.0.1
2022-01-11 12:33:16.816 DEBUG - Request host: localhost
2022-01-11 12:33:16.817 DEBUG - Accept: */*
User-Agent: PostmanRuntime/7.28.4
Connection: keep-alive
Postman-Token: 03bc5fd7-6025-441e-933a-3bd73a523827
Host: localhost:8080
Accept-Encoding: gzip, deflate, br
Content-Length: 103142
@Client: localhost
Content-Type: multipart/form-data; boundary=--------------------------956655735167923339228898
2022-01-11 12:33:16.820 DEBUG - .\home\webapp\WEB-INF\static\index.html   index.html   .\home\webapp\WEB-INF\static
2022-01-11 12:33:16.830 DEBUG - { httpRequestDescriptor='{ httpRequest='http://localhost:8080/ GET', httpVersion='HTTP/1.1', requestType='GET', requestedHost='localhost', reqHeader='{Accept=*/*, User-Agent=PostmanRuntime/7.28.4, Connection=keep-alive, Postman-Token=03bc5fd7-6025-441e-933a-3bd73a523827, Host=localhost:8080, Accept-Encoding=gzip, deflate, br, Content-Length=103142, @Client=localhost, Content-Type=multipart/form-data; boundary=--------------------------956655735167923339228898}', contentType='multipart/form-data', reqBody='null', contextPath='/', url='http://localhost:8080/', contextParam='{}', multipartList='org.chaostocosmos.leap.http.HttpRequestDescriptor$MultipartDescriptor@5f527984'}', httpResponse='null', requestedHost='localhost', responseCode='200', responseBody='[B@60520bbf', responseHeader='{Server=LeapWAS 1.0.0, Date=Tue Jan 11 12:33:16 KST 2022}'}
2022-01-11 12:39:12.009 INFO  - Host: localhost:8080  Client request accepted... : /127.0.0.1
2022-01-11 12:39:12.415 DEBUG - Request host: localhost
2022-01-11 12:39:12.416 DEBUG - Accept: */*
User-Agent: PostmanRuntime/7.28.4
Connection: keep-alive
Postman-Token: ff6a3871-2c05-4583-9f74-7b0b62a28041
Host: localhost:8080
Accept-Encoding: gzip, deflate, br
Content-Length: 103142
@Client: localhost
Content-Type: multipart/form-data; boundary=--------------------------825460178160161198932135
2022-01-11 12:39:12.417 DEBUG - .\home\webapp\WEB-INF\static\index.html   index.html   .\home\webapp\WEB-INF\static
2022-01-11 12:39:12.418 DEBUG - { httpRequestDescriptor='{ httpRequest='http://localhost:8080/ GET', httpVersion='HTTP/1.1', requestType='GET', requestedHost='localhost', reqHeader='{Accept=*/*, User-Agent=PostmanRuntime/7.28.4, Connection=keep-alive, Postman-Token=ff6a3871-2c05-4583-9f74-7b0b62a28041, Host=localhost:8080, Accept-Encoding=gzip, deflate, br, Content-Length=103142, @Client=localhost, Content-Type=multipart/form-data; boundary=--------------------------825460178160161198932135}', contentType='multipart/form-data', reqBody='null', contextPath='/', url='http://localhost:8080/', contextParam='{}', multipartList='org.chaostocosmos.leap.http.HttpRequestDescriptor$MultipartDescriptor@5f3a2169'}', httpResponse='null', requestedHost='localhost', responseCode='200', responseBody='[B@51fdc4fe', responseHeader='{Server=LeapWAS 1.0.0, Date=Tue Jan 11 12:39:12 KST 2022}'}
2022-01-11 12:39:49.557 INFO  - Leap WAS server starting...
2022-01-11 12:39:49.559 INFO  - --------------------------------------------------------------------------
2022-01-11 12:39:49.560 INFO  - ThreadPool initialized - CORE: 50 MAX: 50 KEEP-ALIVE WHEN IDLE(seconds): 30
2022-01-11 12:39:49.560 INFO  - verbose mode on
2022-01-11 12:39:49.606 INFO  - Add service: org.chaostocosmos.leap.http.service.TimeServiceImpl  Mapping path: /time/GetTime
2022-01-11 12:39:49.607 DEBUG - Method not mapping with MethodMapper annotation: serve
2022-01-11 12:39:49.607 DEBUG - Method not mapping with MethodMapper annotation: setFilters
2022-01-11 12:39:49.607 DEBUG - Method not mapping with MethodMapper annotation: serveGet
2022-01-11 12:39:49.607 DEBUG - Method not mapping with MethodMapper annotation: servePut
2022-01-11 12:39:49.608 DEBUG - Method not mapping with MethodMapper annotation: serveDelete
2022-01-11 12:39:49.608 DEBUG - Method not mapping with MethodMapper annotation: servePost
2022-01-11 12:39:49.608 DEBUG - Service not mapping with ServiceMapper annotation: org.chaostocosmos.leap.http.service.DeployService
2022-01-11 12:39:49.609 INFO  - Default host added - Server: leap   Host: localhost   Port: 8080   Doc-Root: home   Logging path: logs/leap.log   Level: [DEBUG]
2022-01-11 12:39:49.616 INFO  - Add service: org.chaostocosmos.leap.http.service.TimeServiceImpl  Mapping path: /time/GetTime
2022-01-11 12:39:49.616 DEBUG - Method not mapping with MethodMapper annotation: serve
2022-01-11 12:39:49.616 DEBUG - Method not mapping with MethodMapper annotation: setFilters
2022-01-11 12:39:49.616 DEBUG - Method not mapping with MethodMapper annotation: serveGet
2022-01-11 12:39:49.616 DEBUG - Method not mapping with MethodMapper annotation: servePut
2022-01-11 12:39:49.617 DEBUG - Method not mapping with MethodMapper annotation: serveDelete
2022-01-11 12:39:49.617 DEBUG - Method not mapping with MethodMapper annotation: servePost
2022-01-11 12:39:49.617 DEBUG - Service not mapping with ServiceMapper annotation: org.chaostocosmos.leap.http.service.DeployService
2022-01-11 12:39:49.617 INFO  - Virtual host added - Server: leap2   Host: 192.168.1.28   Port: 8082   Doc-Root: home2   Logging path: logs/leap.log   Level: [DEBUG]
2022-01-11 12:39:49.617 INFO  - Virtual host added - Server: leap1   Host: 127.0.0.1   Port: 8080   Doc-Root: home1   Logging path: logs/leap.log   Level: [DEBUG]
2022-01-11 12:39:49.622 INFO  - Accepting connections on port 8082
2022-01-11 12:39:49.624 INFO  - Accepting connections on port 8080
2022-01-11 12:39:51.793 INFO  - Host: localhost:8080  Client request accepted... : /127.0.0.1
2022-01-11 12:39:51.870 DEBUG - Request host: localhost
2022-01-11 12:39:51.872 DEBUG - Accept: */*
User-Agent: PostmanRuntime/7.28.4
Connection: keep-alive
Postman-Token: 3cfd4dcb-4c50-42dd-89e4-0352098e1dbc
Host: localhost:8080
Accept-Encoding: gzip, deflate, br
Content-Length: 103142
@Client: localhost
Content-Type: multipart/form-data; boundary=--------------------------881175388790848359725067
2022-01-11 12:39:51.875 DEBUG - .\home\webapp\WEB-INF\static\index.html   index.html   .\home\webapp\WEB-INF\static
2022-01-11 12:39:51.929 DEBUG - { httpRequestDescriptor='{ httpRequest='http://localhost:8080/ GET', httpVersion='HTTP/1.1', requestType='GET', requestedHost='localhost', reqHeader='{Accept=*/*, User-Agent=PostmanRuntime/7.28.4, Connection=keep-alive, Postman-Token=3cfd4dcb-4c50-42dd-89e4-0352098e1dbc, Host=localhost:8080, Accept-Encoding=gzip, deflate, br, Content-Length=103142, @Client=localhost, Content-Type=multipart/form-data; boundary=--------------------------881175388790848359725067}', contentType='multipart/form-data', reqBody='null', contextPath='/', url='http://localhost:8080/', contextParam='{}', multipartList='org.chaostocosmos.leap.http.HttpRequestDescriptor$MultipartDescriptor@26e01279'}', httpResponse='null', requestedHost='localhost', responseCode='200', responseBody='[B@b624d6f', responseHeader='{Server=LeapWAS 1.0.0, Date=Tue Jan 11 12:39:51 KST 2022}'}
2022-01-11 12:40:57.196 INFO  - Leap WAS server starting...
2022-01-11 12:40:57.199 INFO  - --------------------------------------------------------------------------
2022-01-11 12:40:57.199 INFO  - ThreadPool initialized - CORE: 50 MAX: 50 KEEP-ALIVE WHEN IDLE(seconds): 30
2022-01-11 12:40:57.200 INFO  - verbose mode on
2022-01-11 12:40:57.256 DEBUG - Method not mapping with MethodMapper annotation: serve
2022-01-11 12:40:57.256 DEBUG - Method not mapping with MethodMapper annotation: setFilters
2022-01-11 12:40:57.256 DEBUG - Method not mapping with MethodMapper annotation: servePut
2022-01-11 12:40:57.257 DEBUG - Method not mapping with MethodMapper annotation: serveGet
2022-01-11 12:40:57.257 DEBUG - Method not mapping with MethodMapper annotation: serveDelete
2022-01-11 12:40:57.257 DEBUG - Method not mapping with MethodMapper annotation: servePost
2022-01-11 12:40:57.261 INFO  - Add service: org.chaostocosmos.leap.http.service.TimeServiceImpl  Mapping path: /time/GetTime
2022-01-11 12:40:57.262 DEBUG - Service not mapping with ServiceMapper annotation: org.chaostocosmos.leap.http.service.DeployService
2022-01-11 12:40:57.262 INFO  - Default host added - Server: leap   Host: localhost   Port: 8080   Doc-Root: home   Logging path: logs/leap.log   Level: [DEBUG]
2022-01-11 12:40:57.271 DEBUG - Method not mapping with MethodMapper annotation: serve
2022-01-11 12:40:57.271 DEBUG - Method not mapping with MethodMapper annotation: setFilters
2022-01-11 12:40:57.271 DEBUG - Method not mapping with MethodMapper annotation: servePut
2022-01-11 12:40:57.271 DEBUG - Method not mapping with MethodMapper annotation: serveGet
2022-01-11 12:40:57.272 DEBUG - Method not mapping with MethodMapper annotation: serveDelete
2022-01-11 12:40:57.272 DEBUG - Method not mapping with MethodMapper annotation: servePost
2022-01-11 12:40:57.272 INFO  - Add service: org.chaostocosmos.leap.http.service.TimeServiceImpl  Mapping path: /time/GetTime
2022-01-11 12:40:57.272 DEBUG - Service not mapping with ServiceMapper annotation: org.chaostocosmos.leap.http.service.DeployService
2022-01-11 12:40:57.272 INFO  - Virtual host added - Server: leap2   Host: 192.168.1.28   Port: 8082   Doc-Root: home2   Logging path: logs/leap.log   Level: [DEBUG]
2022-01-11 12:40:57.273 INFO  - Virtual host added - Server: leap1   Host: 127.0.0.1   Port: 8080   Doc-Root: home1   Logging path: logs/leap.log   Level: [DEBUG]
2022-01-11 12:40:57.278 INFO  - Accepting connections on port 8082
2022-01-11 12:40:57.282 INFO  - Accepting connections on port 8080
2022-01-11 12:40:59.224 INFO  - Host: localhost:8080  Client request accepted... : /127.0.0.1
2022-01-11 12:40:59.246 ERROR - Unresolved compilation problem: 
	emptyLine cannot be resolved to a variable

java.lang.Error: Unresolved compilation problem: 
	emptyLine cannot be resolved to a variable

	at org.chaostocosmos.leap.http.HttpRequestDescriptor$MultipartDescriptor.save(HttpRequestDescriptor.java:90)
	at org.chaostocosmos.leap.http.HttpParser$RequestParser.parseRequest(HttpParser.java:211)
	at org.chaostocosmos.leap.http.LeapRequestHandler.run(LeapRequestHandler.java:74)
	at java.base/java.util.concurrent.Executors$RunnableAdapter.call(Executors.java:515)
	at java.base/java.util.concurrent.FutureTask.run(FutureTask.java:264)
	at java.base/java.util.concurrent.ThreadPoolExecutor.runWorker(ThreadPoolExecutor.java:1128)
	at java.base/java.util.concurrent.ThreadPoolExecutor$Worker.run(ThreadPoolExecutor.java:628)
	at java.base/java.lang.Thread.run(Thread.java:829)
2022-01-11 12:41:13.978 INFO  - Leap WAS server starting...
2022-01-11 12:41:13.982 INFO  - --------------------------------------------------------------------------
2022-01-11 12:41:13.982 INFO  - ThreadPool initialized - CORE: 50 MAX: 50 KEEP-ALIVE WHEN IDLE(seconds): 30
2022-01-11 12:41:13.982 INFO  - verbose mode on
2022-01-11 12:41:14.029 INFO  - Add service: org.chaostocosmos.leap.http.service.TimeServiceImpl  Mapping path: /time/GetTime
2022-01-11 12:41:14.030 DEBUG - Method not mapping with MethodMapper annotation: serve
2022-01-11 12:41:14.030 DEBUG - Method not mapping with MethodMapper annotation: setFilters
2022-01-11 12:41:14.030 DEBUG - Method not mapping with MethodMapper annotation: serveDelete
2022-01-11 12:41:14.030 DEBUG - Method not mapping with MethodMapper annotation: servePut
2022-01-11 12:41:14.030 DEBUG - Method not mapping with MethodMapper annotation: serveGet
2022-01-11 12:41:14.031 DEBUG - Method not mapping with MethodMapper annotation: servePost
2022-01-11 12:41:14.031 DEBUG - Service not mapping with ServiceMapper annotation: org.chaostocosmos.leap.http.service.DeployService
2022-01-11 12:41:14.031 INFO  - Default host added - Server: leap   Host: localhost   Port: 8080   Doc-Root: home   Logging path: logs/leap.log   Level: [DEBUG]
2022-01-11 12:41:14.038 INFO  - Add service: org.chaostocosmos.leap.http.service.TimeServiceImpl  Mapping path: /time/GetTime
2022-01-11 12:41:14.039 DEBUG - Method not mapping with MethodMapper annotation: serve
2022-01-11 12:41:14.039 DEBUG - Method not mapping with MethodMapper annotation: setFilters
2022-01-11 12:41:14.039 DEBUG - Method not mapping with MethodMapper annotation: serveDelete
2022-01-11 12:41:14.039 DEBUG - Method not mapping with MethodMapper annotation: servePut
2022-01-11 12:41:14.040 DEBUG - Method not mapping with MethodMapper annotation: serveGet
2022-01-11 12:41:14.040 DEBUG - Method not mapping with MethodMapper annotation: servePost
2022-01-11 12:41:14.040 DEBUG - Service not mapping with ServiceMapper annotation: org.chaostocosmos.leap.http.service.DeployService
2022-01-11 12:41:14.040 INFO  - Virtual host added - Server: leap2   Host: 192.168.1.28   Port: 8082   Doc-Root: home2   Logging path: logs/leap.log   Level: [DEBUG]
2022-01-11 12:41:14.041 INFO  - Virtual host added - Server: leap1   Host: 127.0.0.1   Port: 8080   Doc-Root: home1   Logging path: logs/leap.log   Level: [DEBUG]
2022-01-11 12:41:14.046 INFO  - Accepting connections on port 8082
2022-01-11 12:41:14.051 INFO  - Accepting connections on port 8080
2022-01-11 12:41:15.817 INFO  - Host: localhost:8080  Client request accepted... : /127.0.0.1
2022-01-11 12:41:15.909 DEBUG - Request host: localhost
2022-01-11 12:41:15.911 DEBUG - Accept: */*
User-Agent: PostmanRuntime/7.28.4
Connection: keep-alive
Postman-Token: e209f237-3514-4c36-b1e9-a33a2ed39ea0
Host: localhost:8080
Accept-Encoding: gzip, deflate, br
Content-Length: 103142
@Client: localhost
Content-Type: multipart/form-data; boundary=--------------------------694941595164413008895839
2022-01-11 12:41:15.914 DEBUG - .\home\webapp\WEB-INF\static\index.html   index.html   .\home\webapp\WEB-INF\static
2022-01-11 12:41:15.923 DEBUG - { httpRequestDescriptor='{ httpRequest='http://localhost:8080/ GET', httpVersion='HTTP/1.1', requestType='GET', requestedHost='localhost', reqHeader='{Accept=*/*, User-Agent=PostmanRuntime/7.28.4, Connection=keep-alive, Postman-Token=e209f237-3514-4c36-b1e9-a33a2ed39ea0, Host=localhost:8080, Accept-Encoding=gzip, deflate, br, Content-Length=103142, @Client=localhost, Content-Type=multipart/form-data; boundary=--------------------------694941595164413008895839}', contentType='multipart/form-data', reqBody='null', contextPath='/', url='http://localhost:8080/', contextParam='{}', multipartList='org.chaostocosmos.leap.http.HttpRequestDescriptor$MultipartDescriptor@6fd03080'}', httpResponse='null', requestedHost='localhost', responseCode='200', responseBody='[B@620f4b9b', responseHeader='{Server=LeapWAS 1.0.0, Date=Tue Jan 11 12:41:15 KST 2022}'}
2022-01-11 12:47:02.046 INFO  - Leap WAS server starting...
2022-01-11 12:47:02.048 INFO  - --------------------------------------------------------------------------
2022-01-11 12:47:02.049 INFO  - ThreadPool initialized - CORE: 50 MAX: 50 KEEP-ALIVE WHEN IDLE(seconds): 30
2022-01-11 12:47:02.049 INFO  - verbose mode on
2022-01-11 12:47:02.093 INFO  - Add service: org.chaostocosmos.leap.http.service.TimeServiceImpl  Mapping path: /time/GetTime
2022-01-11 12:47:02.094 DEBUG - Method not mapping with MethodMapper annotation: serve
2022-01-11 12:47:02.095 DEBUG - Method not mapping with MethodMapper annotation: setFilters
2022-01-11 12:47:02.095 DEBUG - Method not mapping with MethodMapper annotation: servePut
2022-01-11 12:47:02.095 DEBUG - Method not mapping with MethodMapper annotation: serveDelete
2022-01-11 12:47:02.095 DEBUG - Method not mapping with MethodMapper annotation: servePost
2022-01-11 12:47:02.095 DEBUG - Method not mapping with MethodMapper annotation: serveGet
2022-01-11 12:47:02.095 DEBUG - Service not mapping with ServiceMapper annotation: org.chaostocosmos.leap.http.service.DeployService
2022-01-11 12:47:02.096 INFO  - Default host added - Server: leap   Host: localhost   Port: 8080   Doc-Root: home   Logging path: logs/leap.log   Level: [DEBUG]
2022-01-11 12:47:02.105 INFO  - Add service: org.chaostocosmos.leap.http.service.TimeServiceImpl  Mapping path: /time/GetTime
2022-01-11 12:47:02.105 DEBUG - Method not mapping with MethodMapper annotation: serve
2022-01-11 12:47:02.105 DEBUG - Method not mapping with MethodMapper annotation: setFilters
2022-01-11 12:47:02.106 DEBUG - Method not mapping with MethodMapper annotation: servePut
2022-01-11 12:47:02.106 DEBUG - Method not mapping with MethodMapper annotation: serveDelete
2022-01-11 12:47:02.106 DEBUG - Method not mapping with MethodMapper annotation: servePost
2022-01-11 12:47:02.106 DEBUG - Method not mapping with MethodMapper annotation: serveGet
2022-01-11 12:47:02.106 DEBUG - Service not mapping with ServiceMapper annotation: org.chaostocosmos.leap.http.service.DeployService
2022-01-11 12:47:02.106 INFO  - Virtual host added - Server: leap2   Host: 192.168.1.28   Port: 8082   Doc-Root: home2   Logging path: logs/leap.log   Level: [DEBUG]
2022-01-11 12:47:02.107 INFO  - Virtual host added - Server: leap1   Host: 127.0.0.1   Port: 8080   Doc-Root: home1   Logging path: logs/leap.log   Level: [DEBUG]
2022-01-11 12:47:02.111 INFO  - Accepting connections on port 8082
2022-01-11 12:47:02.116 INFO  - Accepting connections on port 8080
2022-01-11 12:48:55.078 INFO  - Leap WAS server starting...
2022-01-11 12:48:55.081 INFO  - --------------------------------------------------------------------------
2022-01-11 12:48:55.081 INFO  - ThreadPool initialized - CORE: 50 MAX: 50 KEEP-ALIVE WHEN IDLE(seconds): 30
2022-01-11 12:48:55.081 INFO  - verbose mode on
2022-01-11 12:48:55.128 INFO  - Add service: org.chaostocosmos.leap.http.service.TimeServiceImpl  Mapping path: /time/GetTime
2022-01-11 12:48:55.128 DEBUG - Method not mapping with MethodMapper annotation: setFilters
2022-01-11 12:48:55.128 DEBUG - Method not mapping with MethodMapper annotation: serve
2022-01-11 12:48:55.128 DEBUG - Method not mapping with MethodMapper annotation: servePost
2022-01-11 12:48:55.129 DEBUG - Method not mapping with MethodMapper annotation: serveGet
2022-01-11 12:48:55.129 DEBUG - Method not mapping with MethodMapper annotation: serveDelete
2022-01-11 12:48:55.129 DEBUG - Method not mapping with MethodMapper annotation: servePut
2022-01-11 12:48:55.129 DEBUG - Service not mapping with ServiceMapper annotation: org.chaostocosmos.leap.http.service.DeployService
2022-01-11 12:48:55.129 INFO  - Default host added - Server: leap   Host: localhost   Port: 8080   Doc-Root: home   Logging path: logs/leap.log   Level: [DEBUG]
2022-01-11 12:48:55.136 INFO  - Add service: org.chaostocosmos.leap.http.service.TimeServiceImpl  Mapping path: /time/GetTime
2022-01-11 12:48:55.137 DEBUG - Method not mapping with MethodMapper annotation: setFilters
2022-01-11 12:48:55.138 DEBUG - Method not mapping with MethodMapper annotation: serve
2022-01-11 12:48:55.138 DEBUG - Method not mapping with MethodMapper annotation: servePost
2022-01-11 12:48:55.138 DEBUG - Method not mapping with MethodMapper annotation: serveGet
2022-01-11 12:48:55.138 DEBUG - Method not mapping with MethodMapper annotation: serveDelete
2022-01-11 12:48:55.139 DEBUG - Method not mapping with MethodMapper annotation: servePut
2022-01-11 12:48:55.139 DEBUG - Service not mapping with ServiceMapper annotation: org.chaostocosmos.leap.http.service.DeployService
2022-01-11 12:48:55.139 INFO  - Virtual host added - Server: leap2   Host: 192.168.1.28   Port: 8082   Doc-Root: home2   Logging path: logs/leap.log   Level: [DEBUG]
2022-01-11 12:48:55.140 INFO  - Virtual host added - Server: leap1   Host: 127.0.0.1   Port: 8080   Doc-Root: home1   Logging path: logs/leap.log   Level: [DEBUG]
2022-01-11 12:48:55.144 INFO  - Accepting connections on port 8082
2022-01-11 12:48:55.148 INFO  - Accepting connections on port 8080
2022-01-11 12:48:57.751 INFO  - Host: localhost:8080  Client request accepted... : /127.0.0.1
2022-01-11 12:48:57.829 DEBUG - Request host: localhost
2022-01-11 12:48:57.830 DEBUG - Accept: */*
User-Agent: PostmanRuntime/7.28.4
Connection: keep-alive
Postman-Token: af2d7980-21e4-4342-996f-8770e5459672
Host: localhost:8080
Accept-Encoding: gzip, deflate, br
Content-Length: 103142
@Client: localhost
Content-Type: multipart/form-data; boundary=--------------------------703181561618094322715484
2022-01-11 12:48:57.832 DEBUG - .\home\webapp\WEB-INF\static\index.html   index.html   .\home\webapp\WEB-INF\static
2022-01-11 12:48:57.862 DEBUG - { httpRequestDescriptor='{ httpRequest='http://localhost:8080/ GET', httpVersion='HTTP/1.1', requestType='GET', requestedHost='localhost', reqHeader='{Accept=*/*, User-Agent=PostmanRuntime/7.28.4, Connection=keep-alive, Postman-Token=af2d7980-21e4-4342-996f-8770e5459672, Host=localhost:8080, Accept-Encoding=gzip, deflate, br, Content-Length=103142, @Client=localhost, Content-Type=multipart/form-data; boundary=--------------------------703181561618094322715484}', contentType='multipart/form-data', reqBody='null', contextPath='/', url='http://localhost:8080/', contextParam='{}', multipartList='org.chaostocosmos.leap.http.HttpRequestDescriptor$MultipartDescriptor@37bc6cb9'}', httpResponse='null', requestedHost='localhost', responseCode='200', responseBody='[B@62abac25', responseHeader='{Server=LeapWAS 1.0.0, Date=Tue Jan 11 12:48:57 KST 2022}'}
2022-01-11 12:55:44.959 INFO  - Leap WAS server starting...
2022-01-11 12:55:44.962 INFO  - --------------------------------------------------------------------------
2022-01-11 12:55:44.963 INFO  - ThreadPool initialized - CORE: 50 MAX: 50 KEEP-ALIVE WHEN IDLE(seconds): 30
2022-01-11 12:55:44.963 INFO  - verbose mode on
2022-01-11 12:55:45.023 INFO  - Add service: org.chaostocosmos.leap.http.service.TimeServiceImpl  Mapping path: /time/GetTime
2022-01-11 12:55:45.024 DEBUG - Method not mapping with MethodMapper annotation: setFilters
2022-01-11 12:55:45.025 DEBUG - Method not mapping with MethodMapper annotation: serve
2022-01-11 12:55:45.025 DEBUG - Method not mapping with MethodMapper annotation: servePut
2022-01-11 12:55:45.026 DEBUG - Method not mapping with MethodMapper annotation: serveGet
2022-01-11 12:55:45.026 DEBUG - Method not mapping with MethodMapper annotation: servePost
2022-01-11 12:55:45.026 DEBUG - Method not mapping with MethodMapper annotation: serveDelete
2022-01-11 12:55:45.027 DEBUG - Service not mapping with ServiceMapper annotation: org.chaostocosmos.leap.http.service.DeployService
2022-01-11 12:55:45.027 INFO  - Default host added - Server: leap   Host: localhost   Port: 8080   Doc-Root: home   Logging path: logs/leap.log   Level: [DEBUG]
2022-01-11 12:55:45.040 INFO  - Add service: org.chaostocosmos.leap.http.service.TimeServiceImpl  Mapping path: /time/GetTime
2022-01-11 12:55:45.041 DEBUG - Method not mapping with MethodMapper annotation: setFilters
2022-01-11 12:55:45.041 DEBUG - Method not mapping with MethodMapper annotation: serve
2022-01-11 12:55:45.041 DEBUG - Method not mapping with MethodMapper annotation: servePut
2022-01-11 12:55:45.042 DEBUG - Method not mapping with MethodMapper annotation: serveGet
2022-01-11 12:55:45.042 DEBUG - Method not mapping with MethodMapper annotation: servePost
2022-01-11 12:55:45.042 DEBUG - Method not mapping with MethodMapper annotation: serveDelete
2022-01-11 12:55:45.043 DEBUG - Service not mapping with ServiceMapper annotation: org.chaostocosmos.leap.http.service.DeployService
2022-01-11 12:55:45.043 INFO  - Virtual host added - Server: leap2   Host: 192.168.1.28   Port: 8082   Doc-Root: home2   Logging path: logs/leap.log   Level: [DEBUG]
2022-01-11 12:55:45.043 INFO  - Virtual host added - Server: leap1   Host: 127.0.0.1   Port: 8080   Doc-Root: home1   Logging path: logs/leap.log   Level: [DEBUG]
2022-01-11 12:55:45.049 INFO  - Accepting connections on port 8082
2022-01-11 12:55:45.055 INFO  - Accepting connections on port 8080
2022-01-11 12:55:48.547 INFO  - Host: localhost:8080  Client request accepted... : /127.0.0.1
2022-01-11 12:56:55.560 INFO  - Leap WAS server starting...
2022-01-11 12:56:55.563 INFO  - --------------------------------------------------------------------------
2022-01-11 12:56:55.564 INFO  - ThreadPool initialized - CORE: 50 MAX: 50 KEEP-ALIVE WHEN IDLE(seconds): 30
2022-01-11 12:56:55.564 INFO  - verbose mode on
2022-01-11 12:56:55.610 INFO  - Add service: org.chaostocosmos.leap.http.service.TimeServiceImpl  Mapping path: /time/GetTime
2022-01-11 12:56:55.610 DEBUG - Method not mapping with MethodMapper annotation: servePut
2022-01-11 12:56:55.611 DEBUG - Method not mapping with MethodMapper annotation: serveDelete
2022-01-11 12:56:55.611 DEBUG - Method not mapping with MethodMapper annotation: serveGet
2022-01-11 12:56:55.611 DEBUG - Method not mapping with MethodMapper annotation: servePost
2022-01-11 12:56:55.611 DEBUG - Method not mapping with MethodMapper annotation: setFilters
2022-01-11 12:56:55.611 DEBUG - Method not mapping with MethodMapper annotation: serve
2022-01-11 12:56:55.612 DEBUG - Service not mapping with ServiceMapper annotation: org.chaostocosmos.leap.http.service.DeployService
2022-01-11 12:56:55.612 INFO  - Default host added - Server: leap   Host: localhost   Port: 8080   Doc-Root: home   Logging path: logs/leap.log   Level: [DEBUG]
2022-01-11 12:56:55.620 INFO  - Add service: org.chaostocosmos.leap.http.service.TimeServiceImpl  Mapping path: /time/GetTime
2022-01-11 12:56:55.620 DEBUG - Method not mapping with MethodMapper annotation: servePut
2022-01-11 12:56:55.620 DEBUG - Method not mapping with MethodMapper annotation: serveDelete
2022-01-11 12:56:55.621 DEBUG - Method not mapping with MethodMapper annotation: serveGet
2022-01-11 12:56:55.621 DEBUG - Method not mapping with MethodMapper annotation: servePost
2022-01-11 12:56:55.621 DEBUG - Method not mapping with MethodMapper annotation: setFilters
2022-01-11 12:56:55.621 DEBUG - Method not mapping with MethodMapper annotation: serve
2022-01-11 12:56:55.622 DEBUG - Service not mapping with ServiceMapper annotation: org.chaostocosmos.leap.http.service.DeployService
2022-01-11 12:56:55.622 INFO  - Virtual host added - Server: leap2   Host: 192.168.1.28   Port: 8082   Doc-Root: home2   Logging path: logs/leap.log   Level: [DEBUG]
2022-01-11 12:56:55.622 INFO  - Virtual host added - Server: leap1   Host: 127.0.0.1   Port: 8080   Doc-Root: home1   Logging path: logs/leap.log   Level: [DEBUG]
2022-01-11 12:56:55.628 INFO  - Accepting connections on port 8082
2022-01-11 12:56:55.632 INFO  - Accepting connections on port 8080
2022-01-11 12:56:58.276 INFO  - Host: localhost:8080  Client request accepted... : /127.0.0.1
2022-01-11 12:57:09.706 INFO  - Leap WAS server starting...
2022-01-11 12:57:09.711 INFO  - --------------------------------------------------------------------------
2022-01-11 12:57:09.713 INFO  - ThreadPool initialized - CORE: 50 MAX: 50 KEEP-ALIVE WHEN IDLE(seconds): 30
2022-01-11 12:57:09.713 INFO  - verbose mode on
2022-01-11 12:57:09.757 INFO  - Add service: org.chaostocosmos.leap.http.service.TimeServiceImpl  Mapping path: /time/GetTime
2022-01-11 12:57:09.758 DEBUG - Method not mapping with MethodMapper annotation: serve
2022-01-11 12:57:09.758 DEBUG - Method not mapping with MethodMapper annotation: setFilters
2022-01-11 12:57:09.758 DEBUG - Method not mapping with MethodMapper annotation: serveGet
2022-01-11 12:57:09.759 DEBUG - Method not mapping with MethodMapper annotation: servePost
2022-01-11 12:57:09.759 DEBUG - Method not mapping with MethodMapper annotation: serveDelete
2022-01-11 12:57:09.759 DEBUG - Method not mapping with MethodMapper annotation: servePut
2022-01-11 12:57:09.759 DEBUG - Service not mapping with ServiceMapper annotation: org.chaostocosmos.leap.http.service.DeployService
2022-01-11 12:57:09.760 INFO  - Default host added - Server: leap   Host: localhost   Port: 8080   Doc-Root: home   Logging path: logs/leap.log   Level: [DEBUG]
2022-01-11 12:57:09.768 INFO  - Add service: org.chaostocosmos.leap.http.service.TimeServiceImpl  Mapping path: /time/GetTime
2022-01-11 12:57:09.768 DEBUG - Method not mapping with MethodMapper annotation: serve
2022-01-11 12:57:09.768 DEBUG - Method not mapping with MethodMapper annotation: setFilters
2022-01-11 12:57:09.769 DEBUG - Method not mapping with MethodMapper annotation: serveGet
2022-01-11 12:57:09.769 DEBUG - Method not mapping with MethodMapper annotation: servePost
2022-01-11 12:57:09.769 DEBUG - Method not mapping with MethodMapper annotation: serveDelete
2022-01-11 12:57:09.770 DEBUG - Method not mapping with MethodMapper annotation: servePut
2022-01-11 12:57:09.770 DEBUG - Service not mapping with ServiceMapper annotation: org.chaostocosmos.leap.http.service.DeployService
2022-01-11 12:57:09.770 INFO  - Virtual host added - Server: leap2   Host: 192.168.1.28   Port: 8082   Doc-Root: home2   Logging path: logs/leap.log   Level: [DEBUG]
2022-01-11 12:57:09.770 INFO  - Virtual host added - Server: leap1   Host: 127.0.0.1   Port: 8080   Doc-Root: home1   Logging path: logs/leap.log   Level: [DEBUG]
2022-01-11 12:57:09.777 INFO  - Accepting connections on port 8082
2022-01-11 12:57:09.780 INFO  - Accepting connections on port 8080
2022-01-11 12:57:11.834 INFO  - Host: localhost:8080  Client request accepted... : /127.0.0.1
2022-01-11 12:57:22.329 INFO  - Leap WAS server starting...
2022-01-11 12:57:22.333 INFO  - --------------------------------------------------------------------------
2022-01-11 12:57:22.333 INFO  - ThreadPool initialized - CORE: 50 MAX: 50 KEEP-ALIVE WHEN IDLE(seconds): 30
2022-01-11 12:57:22.334 INFO  - verbose mode on
2022-01-11 12:57:22.381 INFO  - Add service: org.chaostocosmos.leap.http.service.TimeServiceImpl  Mapping path: /time/GetTime
2022-01-11 12:57:22.382 DEBUG - Method not mapping with MethodMapper annotation: setFilters
2022-01-11 12:57:22.382 DEBUG - Method not mapping with MethodMapper annotation: serve
2022-01-11 12:57:22.382 DEBUG - Method not mapping with MethodMapper annotation: servePost
2022-01-11 12:57:22.382 DEBUG - Method not mapping with MethodMapper annotation: serveGet
2022-01-11 12:57:22.383 DEBUG - Method not mapping with MethodMapper annotation: serveDelete
2022-01-11 12:57:22.383 DEBUG - Method not mapping with MethodMapper annotation: servePut
2022-01-11 12:57:22.383 DEBUG - Service not mapping with ServiceMapper annotation: org.chaostocosmos.leap.http.service.DeployService
2022-01-11 12:57:22.383 INFO  - Default host added - Server: leap   Host: localhost   Port: 8080   Doc-Root: home   Logging path: logs/leap.log   Level: [DEBUG]
2022-01-11 12:57:22.391 INFO  - Add service: org.chaostocosmos.leap.http.service.TimeServiceImpl  Mapping path: /time/GetTime
2022-01-11 12:57:22.392 DEBUG - Method not mapping with MethodMapper annotation: setFilters
2022-01-11 12:57:22.392 DEBUG - Method not mapping with MethodMapper annotation: serve
2022-01-11 12:57:22.393 DEBUG - Method not mapping with MethodMapper annotation: servePost
2022-01-11 12:57:22.393 DEBUG - Method not mapping with MethodMapper annotation: serveGet
2022-01-11 12:57:22.393 DEBUG - Method not mapping with MethodMapper annotation: serveDelete
2022-01-11 12:57:22.393 DEBUG - Method not mapping with MethodMapper annotation: servePut
2022-01-11 12:57:22.393 DEBUG - Service not mapping with ServiceMapper annotation: org.chaostocosmos.leap.http.service.DeployService
2022-01-11 12:57:22.394 INFO  - Virtual host added - Server: leap2   Host: 192.168.1.28   Port: 8082   Doc-Root: home2   Logging path: logs/leap.log   Level: [DEBUG]
2022-01-11 12:57:22.394 INFO  - Virtual host added - Server: leap1   Host: 127.0.0.1   Port: 8080   Doc-Root: home1   Logging path: logs/leap.log   Level: [DEBUG]
2022-01-11 12:57:22.399 INFO  - Accepting connections on port 8082
2022-01-11 12:57:22.403 INFO  - Accepting connections on port 8080
2022-01-11 12:57:24.469 INFO  - Host: localhost:8080  Client request accepted... : /127.0.0.1
2022-01-11 12:58:12.632 INFO  - Leap WAS server starting...
2022-01-11 12:58:12.635 INFO  - --------------------------------------------------------------------------
2022-01-11 12:58:12.635 INFO  - ThreadPool initialized - CORE: 50 MAX: 50 KEEP-ALIVE WHEN IDLE(seconds): 30
2022-01-11 12:58:12.635 INFO  - verbose mode on
2022-01-11 12:58:12.704 INFO  - Add service: org.chaostocosmos.leap.http.service.TimeServiceImpl  Mapping path: /time/GetTime
2022-01-11 12:58:12.705 DEBUG - Method not mapping with MethodMapper annotation: setFilters
2022-01-11 12:58:12.705 DEBUG - Method not mapping with MethodMapper annotation: serve
2022-01-11 12:58:12.705 DEBUG - Method not mapping with MethodMapper annotation: servePost
2022-01-11 12:58:12.706 DEBUG - Method not mapping with MethodMapper annotation: servePut
2022-01-11 12:58:12.706 DEBUG - Method not mapping with MethodMapper annotation: serveDelete
2022-01-11 12:58:12.706 DEBUG - Method not mapping with MethodMapper annotation: serveGet
2022-01-11 12:58:12.706 DEBUG - Service not mapping with ServiceMapper annotation: org.chaostocosmos.leap.http.service.DeployService
2022-01-11 12:58:12.706 INFO  - Default host added - Server: leap   Host: localhost   Port: 8080   Doc-Root: home   Logging path: logs/leap.log   Level: [DEBUG]
2022-01-11 12:58:12.716 INFO  - Add service: org.chaostocosmos.leap.http.service.TimeServiceImpl  Mapping path: /time/GetTime
2022-01-11 12:58:12.717 DEBUG - Method not mapping with MethodMapper annotation: setFilters
2022-01-11 12:58:12.717 DEBUG - Method not mapping with MethodMapper annotation: serve
2022-01-11 12:58:12.717 DEBUG - Method not mapping with MethodMapper annotation: servePost
2022-01-11 12:58:12.717 DEBUG - Method not mapping with MethodMapper annotation: servePut
2022-01-11 12:58:12.717 DEBUG - Method not mapping with MethodMapper annotation: serveDelete
2022-01-11 12:58:12.717 DEBUG - Method not mapping with MethodMapper annotation: serveGet
2022-01-11 12:58:12.718 DEBUG - Service not mapping with ServiceMapper annotation: org.chaostocosmos.leap.http.service.DeployService
2022-01-11 12:58:12.718 INFO  - Virtual host added - Server: leap2   Host: 192.168.1.28   Port: 8082   Doc-Root: home2   Logging path: logs/leap.log   Level: [DEBUG]
2022-01-11 12:58:12.718 INFO  - Virtual host added - Server: leap1   Host: 127.0.0.1   Port: 8080   Doc-Root: home1   Logging path: logs/leap.log   Level: [DEBUG]
2022-01-11 12:58:12.723 INFO  - Accepting connections on port 8082
2022-01-11 12:58:12.728 INFO  - Accepting connections on port 8080
2022-01-11 12:58:14.606 INFO  - Host: localhost:8080  Client request accepted... : /127.0.0.1
2022-01-11 12:58:14.687 DEBUG - Request host: localhost
2022-01-11 12:58:14.688 DEBUG - Accept: */*
User-Agent: PostmanRuntime/7.28.4
Connection: keep-alive
Postman-Token: 51b3e003-c4f8-4b73-aa61-897bb7fba663
Host: localhost:8080
Accept-Encoding: gzip, deflate, br
Content-Length: 103142
@Client: localhost
Content-Type: multipart/form-data; boundary=--------------------------905488097968651781553004
2022-01-11 12:58:14.690 DEBUG - .\home\webapp\WEB-INF\static\index.html   index.html   .\home\webapp\WEB-INF\static
2022-01-11 12:58:14.707 DEBUG - { httpRequestDescriptor='{ httpRequest='http://localhost:8080/ GET', httpVersion='HTTP/1.1', requestType='GET', requestedHost='localhost', reqHeader='{Accept=*/*, User-Agent=PostmanRuntime/7.28.4, Connection=keep-alive, Postman-Token=51b3e003-c4f8-4b73-aa61-897bb7fba663, Host=localhost:8080, Accept-Encoding=gzip, deflate, br, Content-Length=103142, @Client=localhost, Content-Type=multipart/form-data; boundary=--------------------------905488097968651781553004}', contentType='multipart/form-data', reqBody='null', contextPath='/', url='http://localhost:8080/', contextParam='{}', multipartList='org.chaostocosmos.leap.http.HttpRequestDescriptor$MultipartDescriptor@b624d6f'}', httpResponse='null', requestedHost='localhost', responseCode='200', responseBody='[B@33f6efc3', responseHeader='{Server=LeapWAS 1.0.0, Date=Tue Jan 11 12:58:14 KST 2022}'}
2022-01-11 12:59:35.379 INFO  - Leap WAS server starting...
2022-01-11 12:59:35.383 INFO  - --------------------------------------------------------------------------
2022-01-11 12:59:35.384 INFO  - ThreadPool initialized - CORE: 50 MAX: 50 KEEP-ALIVE WHEN IDLE(seconds): 30
2022-01-11 12:59:35.384 INFO  - verbose mode on
2022-01-11 12:59:35.458 INFO  - Add service: org.chaostocosmos.leap.http.service.TimeServiceImpl  Mapping path: /time/GetTime
2022-01-11 12:59:35.460 DEBUG - Method not mapping with MethodMapper annotation: servePut
2022-01-11 12:59:35.460 DEBUG - Method not mapping with MethodMapper annotation: serveGet
2022-01-11 12:59:35.460 DEBUG - Method not mapping with MethodMapper annotation: servePost
2022-01-11 12:59:35.461 DEBUG - Method not mapping with MethodMapper annotation: setFilters
2022-01-11 12:59:35.461 DEBUG - Method not mapping with MethodMapper annotation: serve
2022-01-11 12:59:35.461 DEBUG - Method not mapping with MethodMapper annotation: serveDelete
2022-01-11 12:59:35.462 DEBUG - Service not mapping with ServiceMapper annotation: org.chaostocosmos.leap.http.service.DeployService
2022-01-11 12:59:35.462 INFO  - Default host added - Server: leap   Host: localhost   Port: 8080   Doc-Root: home   Logging path: logs/leap.log   Level: [DEBUG]
2022-01-11 12:59:35.471 INFO  - Add service: org.chaostocosmos.leap.http.service.TimeServiceImpl  Mapping path: /time/GetTime
2022-01-11 12:59:35.472 DEBUG - Method not mapping with MethodMapper annotation: servePut
2022-01-11 12:59:35.472 DEBUG - Method not mapping with MethodMapper annotation: serveGet
2022-01-11 12:59:35.472 DEBUG - Method not mapping with MethodMapper annotation: servePost
2022-01-11 12:59:35.472 DEBUG - Method not mapping with MethodMapper annotation: setFilters
2022-01-11 12:59:35.472 DEBUG - Method not mapping with MethodMapper annotation: serve
2022-01-11 12:59:35.473 DEBUG - Method not mapping with MethodMapper annotation: serveDelete
2022-01-11 12:59:35.473 DEBUG - Service not mapping with ServiceMapper annotation: org.chaostocosmos.leap.http.service.DeployService
2022-01-11 12:59:35.473 INFO  - Virtual host added - Server: leap2   Host: 192.168.1.28   Port: 8082   Doc-Root: home2   Logging path: logs/leap.log   Level: [DEBUG]
2022-01-11 12:59:35.473 INFO  - Virtual host added - Server: leap1   Host: 127.0.0.1   Port: 8080   Doc-Root: home1   Logging path: logs/leap.log   Level: [DEBUG]
2022-01-11 12:59:35.481 INFO  - Accepting connections on port 8082
2022-01-11 12:59:35.485 INFO  - Accepting connections on port 8080
2022-01-11 12:59:37.874 INFO  - Host: localhost:8080  Client request accepted... : /127.0.0.1
2022-01-11 12:59:37.968 DEBUG - Request host: localhost
2022-01-11 12:59:37.970 DEBUG - Accept: */*
User-Agent: PostmanRuntime/7.28.4
Connection: keep-alive
Postman-Token: 417f1101-8f01-488f-9d48-b14166645fe6
Host: localhost:8080
Accept-Encoding: gzip, deflate, br
Content-Length: 103142
@Client: localhost
Content-Type: multipart/form-data; boundary=--------------------------487802593192841469872602
2022-01-11 12:59:37.972 DEBUG - .\home\webapp\WEB-INF\static\index.html   index.html   .\home\webapp\WEB-INF\static
2022-01-11 12:59:37.983 DEBUG - { httpRequestDescriptor='{ httpRequest='http://localhost:8080/ GET', httpVersion='HTTP/1.1', requestType='GET', requestedHost='localhost', reqHeader='{Accept=*/*, User-Agent=PostmanRuntime/7.28.4, Connection=keep-alive, Postman-Token=417f1101-8f01-488f-9d48-b14166645fe6, Host=localhost:8080, Accept-Encoding=gzip, deflate, br, Content-Length=103142, @Client=localhost, Content-Type=multipart/form-data; boundary=--------------------------487802593192841469872602}', contentType='multipart/form-data', reqBody='null', contextPath='/', url='http://localhost:8080/', contextParam='{}', multipartList='org.chaostocosmos.leap.http.HttpRequestDescriptor$MultipartDescriptor@487e17e2'}', httpResponse='null', requestedHost='localhost', responseCode='200', responseBody='[B@1254e4cc', responseHeader='{Server=LeapWAS 1.0.0, Date=Tue Jan 11 12:59:37 KST 2022}'}
