2022-02-08 09:49:57.559 INFO  - Leap WAS server starting......
2022-02-08 09:49:57.590 INFO  - --------------------------------------------------------------------------
2022-02-08 09:49:57.591 INFO  - ThreadPool initialized - CORE: 50 MAX: 50 KEEP-ALIVE WHEN IDLE(seconds): 30
2022-02-08 09:49:57.592 INFO  - verbose mode on
2022-02-08 09:49:57.600 INFO  - Add dynamic classpath to ClassLoader: file:/D:/0.github/Leap/./home/webapp/services/
2022-02-08 09:49:57.635 DEBUG - Method not mapped with MethodMapper: deployService
2022-02-08 09:49:57.639 DEBUG - org.chaostocosmos.leap.http.services.TimeServiceImpl@6a2b953e : POST
2022-02-08 09:49:57.640 INFO  - Add service: org.chaostocosmos.leap.http.services.TimeServiceImpl  Mapping path: /time/GetTime
2022-02-08 09:49:57.641 INFO  - Default host added - Server: leap   Host: localhost   Port: 8080   Doc-Root: home   Logging path: logs/leap.log   Level: [DEBUG]
2022-02-08 09:49:57.643 INFO  - Virtual host added - Server: leap2   Host: 192.168.1.28   Port: 8081   Doc-Root: home2   Logging path: logs/leap.log   Level: [DEBUG]
2022-02-08 09:49:57.644 INFO  - Virtual host added - Server: leap1   Host: 127.0.0.1   Port: 8080   Doc-Root: home1   Logging path: logs/leap.log   Level: [DEBUG]
2022-02-08 09:49:57.656 INFO  - Accepting connections on port 8080
2022-02-08 09:50:05.216 INFO  - Host: localhost:8080  Client request accepted... : /127.0.0.1
2022-02-08 09:50:05.221 DEBUG - ========================================POST /?aaa=bbb HTTP/1.1========================================
2022-02-08 09:50:05.221 DEBUG - User-Agent: PostmanRuntime/7.29.0
2022-02-08 09:50:05.222 DEBUG - Accept: */*
2022-02-08 09:50:05.222 DEBUG - Postman-Token: da31ba8d-d4ca-4966-aaad-65ec8f6391d0
2022-02-08 09:50:05.222 DEBUG - Host: localhost:8080
2022-02-08 09:50:05.222 DEBUG - Accept-Encoding: gzip, deflate, br
2022-02-08 09:50:05.223 DEBUG - Connection: keep-alive
2022-02-08 09:50:05.223 DEBUG - Content-Length: 0
2022-02-08 09:50:05.254 DEBUG - REQUEST RESOURCE: index.html   PATH: .\home\webapp\WEB-INF\static
2022-02-08 09:50:05.257 DEBUG - close input stream......
2022-02-08 09:50:05.258 DEBUG - close output stream......
2022-02-08 09:50:05.258 DEBUG - socket close......
2022-02-08 09:51:48.422 INFO  - Host: localhost:8080  Client request accepted... : /127.0.0.1
2022-02-08 09:51:48.425 DEBUG - ========================================POST /?aaa=bbb HTTP/1.1========================================
2022-02-08 09:51:48.426 DEBUG - User-Agent: PostmanRuntime/7.29.0
2022-02-08 09:51:48.426 DEBUG - Accept: */*
2022-02-08 09:51:48.426 DEBUG - Postman-Token: d3137fcb-bda6-490f-bba3-bc8d985f08cb
2022-02-08 09:51:48.426 DEBUG - Host: localhost:8080
2022-02-08 09:51:48.427 DEBUG - Accept-Encoding: gzip, deflate, br
2022-02-08 09:51:48.427 DEBUG - Connection: keep-alive
2022-02-08 09:51:48.427 DEBUG - Content-Length: 4859803
2022-02-08 09:51:48.427 DEBUG - Content-Type: application/zip
2022-02-08 09:51:48.430 ERROR - org.chaostocosmos.leap.http.WASException: Error in request parsing process. Caused: java.lang.IllegalArgumentException: No enum constant org.chaostocosmos.leap.http.enums.MIME_TYPE.APPLICATION_ZIP
org.chaostocosmos.leap.http.WASException: Error in request parsing process. Caused: java.lang.IllegalArgumentException: No enum constant org.chaostocosmos.leap.http.enums.MIME_TYPE.APPLICATION_ZIP
	at java.base/java.lang.Enum.valueOf(Enum.java:240)
	at org.chaostocosmos.leap.http.enums.MIME_TYPE.valueOf(MIME_TYPE.java:1)
	at org.chaostocosmos.leap.http.enums.MIME_TYPE.getMimeType(MIME_TYPE.java:63)
	at org.chaostocosmos.leap.http.HttpParser$RequestParser.parseRequest(HttpParser.java:139)
	at org.chaostocosmos.leap.http.LeapRequestHandler.run(LeapRequestHandler.java:76)
	at java.base/java.util.concurrent.Executors$RunnableAdapter.call(Executors.java:515)
	at java.base/java.util.concurrent.FutureTask.run(FutureTask.java:264)
	at java.base/java.util.concurrent.ThreadPoolExecutor.runWorker(ThreadPoolExecutor.java:1128)
	at java.base/java.util.concurrent.ThreadPoolExecutor$Worker.run(ThreadPoolExecutor.java:628)
	at java.base/java.lang.Thread.run(Thread.java:829)
2022-02-08 09:51:48.434 INFO  - Type: ERROR Code: 45 Exception: org.chaostocosmos.leap.http.WASException: Error in request parsing process. Caused: java.lang.IllegalArgumentException: No enum constant org.chaostocosmos.leap.http.enums.MIME_TYPE.APPLICATION_ZIP
2022-02-08 09:51:48.434 DEBUG - REQUEST RESOURCE: response.html   PATH: .\home\webapp\WEB-INF\static
2022-02-08 09:51:48.435 INFO  - Error client request /127.0.0.1:64440 --- /127.0.0.1:8080
2022-02-08 09:51:48.435 INFO  - Close client request on error /127.0.0.1:64440 --- /127.0.0.1:8080
2022-02-08 09:51:48.436 DEBUG - close input stream......
2022-02-08 09:51:48.436 DEBUG - close output stream......
2022-02-08 09:51:48.436 DEBUG - socket close......
2022-02-08 09:54:33.429 INFO  - Leap WAS server starting......
2022-02-08 09:54:33.432 INFO  - --------------------------------------------------------------------------
2022-02-08 09:54:33.432 INFO  - ThreadPool initialized - CORE: 50 MAX: 50 KEEP-ALIVE WHEN IDLE(seconds): 30
2022-02-08 09:54:33.433 INFO  - verbose mode on
2022-02-08 09:54:33.437 INFO  - Add dynamic classpath to ClassLoader: file:/D:/0.github/Leap/./home/webapp/services/
2022-02-08 09:54:33.463 DEBUG - Method not mapped with MethodMapper: deployService
2022-02-08 09:54:33.467 DEBUG - org.chaostocosmos.leap.http.services.TimeServiceImpl@5c90e579 : POST
2022-02-08 09:54:33.468 INFO  - Add service: org.chaostocosmos.leap.http.services.TimeServiceImpl  Mapping path: /time/GetTime
2022-02-08 09:54:33.468 INFO  - Default host added - Server: leap   Host: localhost   Port: 8080   Doc-Root: home   Logging path: logs/leap.log   Level: [DEBUG]
2022-02-08 09:54:33.469 INFO  - Virtual host added - Server: leap2   Host: 192.168.1.28   Port: 8081   Doc-Root: home2   Logging path: logs/leap.log   Level: [DEBUG]
2022-02-08 09:54:33.470 INFO  - Virtual host added - Server: leap1   Host: 127.0.0.1   Port: 8080   Doc-Root: home1   Logging path: logs/leap.log   Level: [DEBUG]
2022-02-08 09:54:33.481 INFO  - Accepting connections on port 8080
2022-02-08 09:54:35.252 INFO  - Host: localhost:8080  Client request accepted... : /127.0.0.1
2022-02-08 09:54:35.259 DEBUG - ========================================POST /?aaa=bbb HTTP/1.1========================================
2022-02-08 09:54:35.261 DEBUG - User-Agent: PostmanRuntime/7.29.0
2022-02-08 09:54:35.261 DEBUG - Accept: */*
2022-02-08 09:54:35.262 DEBUG - Postman-Token: 1d76964d-54ad-423b-972e-16f43da82d9b
2022-02-08 09:54:35.262 DEBUG - Host: localhost:8080
2022-02-08 09:54:35.262 DEBUG - Accept-Encoding: gzip, deflate, br
2022-02-08 09:54:35.262 DEBUG - Connection: keep-alive
2022-02-08 09:54:35.262 DEBUG - Content-Length: 4859803
2022-02-08 09:54:35.263 DEBUG - Content-Type: application/zip
2022-02-08 09:54:35.263 DEBUG - Context params: {}
2022-02-08 09:54:35.263 DEBUG - Mime Type: APPLICATION_ZIP
2022-02-08 09:54:35.285 DEBUG - REQUEST RESOURCE: index.html   PATH: .\home\webapp\WEB-INF\static
2022-02-08 09:54:35.289 DEBUG - close input stream......
2022-02-08 09:54:35.289 DEBUG - close output stream......
2022-02-08 09:54:35.290 DEBUG - socket close......
2022-02-08 09:55:28.459 INFO  - Host: localhost:8080  Client request accepted... : /127.0.0.1
2022-02-08 09:55:28.462 DEBUG - ========================================POST /?aaa=bbb HTTP/1.1========================================
2022-02-08 09:55:28.463 DEBUG - Content-Type: text/plain
2022-02-08 09:55:28.463 DEBUG - User-Agent: PostmanRuntime/7.29.0
2022-02-08 09:55:28.463 DEBUG - Accept: */*
2022-02-08 09:55:28.463 DEBUG - Postman-Token: 3f80e2e6-642c-4228-b084-4287f61665ea
2022-02-08 09:55:28.464 DEBUG - Host: localhost:8080
2022-02-08 09:55:28.464 DEBUG - Accept-Encoding: gzip, deflate, br
2022-02-08 09:55:28.464 DEBUG - Connection: keep-alive
2022-02-08 09:55:28.464 DEBUG - Content-Length: 2
2022-02-08 09:55:28.464 DEBUG - Context params: {}
2022-02-08 09:55:28.465 DEBUG - Mime Type: TEXT_PLAIN
2022-02-08 09:55:28.465 DEBUG - REQUEST RESOURCE: index.html   PATH: .\home\webapp\WEB-INF\static
2022-02-08 09:55:28.466 DEBUG - close input stream......
2022-02-08 09:55:28.466 DEBUG - close output stream......
2022-02-08 09:55:28.466 DEBUG - socket close......
2022-02-08 09:55:54.869 INFO  - Host: localhost:8080  Client request accepted... : /127.0.0.1
2022-02-08 09:55:54.871 DEBUG - ========================================POST /?aaa=bbb HTTP/1.1========================================
2022-02-08 09:55:54.871 DEBUG - User-Agent: PostmanRuntime/7.29.0
2022-02-08 09:55:54.872 DEBUG - Accept: */*
2022-02-08 09:55:54.872 DEBUG - Postman-Token: 66f1828c-fd86-4289-a086-564a0ce82322
2022-02-08 09:55:54.872 DEBUG - Host: localhost:8080
2022-02-08 09:55:54.872 DEBUG - Accept-Encoding: gzip, deflate, br
2022-02-08 09:55:54.872 DEBUG - Connection: keep-alive
2022-02-08 09:55:54.873 DEBUG - Content-Type: application/x-www-form-urlencoded
2022-02-08 09:55:54.873 DEBUG - Content-Length: 7
2022-02-08 09:55:54.873 DEBUG - Context params: {}
2022-02-08 09:55:54.873 DEBUG - Mime Type: APPLICATION_X_WWW_FORM_URLENCODED
2022-02-08 09:55:54.874 DEBUG - REQUEST RESOURCE: index.html   PATH: .\home\webapp\WEB-INF\static
2022-02-08 09:55:54.875 DEBUG - close input stream......
2022-02-08 09:55:54.876 DEBUG - close output stream......
2022-02-08 09:55:54.876 DEBUG - socket close......
2022-02-08 09:56:10.455 INFO  - Host: localhost:8080  Client request accepted... : /127.0.0.1
2022-02-08 09:56:10.456 DEBUG - ========================================POST /?aaa=bbb HTTP/1.1========================================
2022-02-08 09:56:10.457 DEBUG - User-Agent: PostmanRuntime/7.29.0
2022-02-08 09:56:10.458 DEBUG - Accept: */*
2022-02-08 09:56:10.458 DEBUG - Postman-Token: 7927814e-ca98-427a-bd42-7c4e8370f106
2022-02-08 09:56:10.458 DEBUG - Host: localhost:8080
2022-02-08 09:56:10.458 DEBUG - Accept-Encoding: gzip, deflate, br
2022-02-08 09:56:10.459 DEBUG - Connection: keep-alive
2022-02-08 09:56:10.459 DEBUG - Content-Length: 0
2022-02-08 09:56:10.459 DEBUG - REQUEST RESOURCE: index.html   PATH: .\home\webapp\WEB-INF\static
2022-02-08 09:56:10.460 DEBUG - close input stream......
2022-02-08 09:56:10.461 DEBUG - close output stream......
2022-02-08 09:56:10.461 DEBUG - socket close......
2022-02-08 09:56:35.325 INFO  - Host: localhost:8080  Client request accepted... : /127.0.0.1
2022-02-08 09:56:35.326 DEBUG - ========================================GET /?aaa=bbb HTTP/1.1========================================
2022-02-08 09:56:35.327 DEBUG - User-Agent: PostmanRuntime/7.29.0
2022-02-08 09:56:35.328 DEBUG - Accept: */*
2022-02-08 09:56:35.328 DEBUG - Postman-Token: 60198fc9-9b60-4f65-9f2e-7099a1d1dbb3
2022-02-08 09:56:35.328 DEBUG - Host: localhost:8080
2022-02-08 09:56:35.328 DEBUG - Accept-Encoding: gzip, deflate, br
2022-02-08 09:56:35.329 DEBUG - Connection: keep-alive
2022-02-08 09:56:35.329 DEBUG - REQUEST RESOURCE: index.html   PATH: .\home\webapp\WEB-INF\static
2022-02-08 09:56:35.332 DEBUG - close input stream......
2022-02-08 09:56:35.332 DEBUG - close output stream......
2022-02-08 09:56:35.332 DEBUG - socket close......
