2022-02-22 16:53:21.942 INFO  - Leap WAS server starting......
2022-02-22 16:53:22.035 INFO  - --------------------------------------------------------------------------
2022-02-22 16:53:22.156 INFO  - ThreadPool initialized - CORE: 50 MAX: 50 KEEP-ALIVE WHEN IDLE(seconds): 30
2022-02-22 16:53:22.170 INFO  - verbose mode on
2022-02-22 16:53:22.173 INFO  - [DEFAULT HOST] - Protocol: HTTP_1_0   Server: leap   Host: www.leap.org   Port: 8080   Doc-Root: home   Logging path: logs/leap.log   Level: [DEBUG]
2022-02-22 16:53:22.187 INFO  - Add dynamic classpath to ClassLoader: file:/D:/0.github/Leap/./home/webapp/services/
2022-02-22 16:53:22.235 DEBUG - Method not mapped with MethodMapper: errorHandling
2022-02-22 16:53:22.238 DEBUG - org.chaostocosmos.leap.http.services.LeapServiceDeploy@2beee7ff : POST
2022-02-22 16:53:22.239 INFO  - Add service: org.chaostocosmos.leap.http.services.LeapServiceDeploy  Mapping path: /deploy/service/
2022-02-22 16:53:22.240 DEBUG - Method not mapped with MethodMapper: errorHandling
2022-02-22 16:53:22.242 DEBUG - org.chaostocosmos.leap.http.services.TimeServiceImpl@13b13b5d : GET
2022-02-22 16:53:22.243 INFO  - Add service: org.chaostocosmos.leap.http.services.TimeServiceImpl  Mapping path: /time/GetTime
2022-02-22 16:53:22.250 DEBUG - Method not mapped with MethodMapper: errorHandling
2022-02-22 16:53:22.251 DEBUG - org.chaostocosmos.leap.http.services.LeapServiceDeploy@482bce4f : POST
2022-02-22 16:53:22.252 INFO  - Add service: org.chaostocosmos.leap.http.services.LeapServiceDeploy  Mapping path: /deploy/service/
2022-02-22 16:53:22.252 DEBUG - Method not mapped with MethodMapper: errorHandling
2022-02-22 16:53:22.252 DEBUG - org.chaostocosmos.leap.http.services.TimeServiceImpl@366647c2 : GET
2022-02-22 16:53:22.253 INFO  - Add service: org.chaostocosmos.leap.http.services.TimeServiceImpl  Mapping path: /time/GetTime
2022-02-22 16:53:22.253 INFO  - [VIRTUAL HOST] - Protocol: HTTP_1_0   Server: leap1   Host: aweSome   Port: 8080   Doc-Root: home1   Logging path: logs/leap.log   Level: [DEBUG]
2022-02-22 16:53:22.258 DEBUG - Method not mapped with MethodMapper: errorHandling
2022-02-22 16:53:22.259 DEBUG - org.chaostocosmos.leap.http.services.LeapServiceDeploy@6a6afff2 : POST
2022-02-22 16:53:22.259 INFO  - Add service: org.chaostocosmos.leap.http.services.LeapServiceDeploy  Mapping path: /deploy/service/
2022-02-22 16:53:22.260 DEBUG - Method not mapped with MethodMapper: errorHandling
2022-02-22 16:53:22.260 DEBUG - org.chaostocosmos.leap.http.services.TimeServiceImpl@1649b0e6 : GET
2022-02-22 16:53:22.260 INFO  - Add service: org.chaostocosmos.leap.http.services.TimeServiceImpl  Mapping path: /time/GetTime
2022-02-22 16:53:22.260 INFO  - [VIRTUAL HOST] - Protocol: HTTP_1_0   Server: leap2   Host: www.leap1.org   Port: 8081   Doc-Root: home2   Logging path: logs/leap.log   Level: [DEBUG]
2022-02-22 16:53:22.260 INFO  - --------------------------------------------------------------------------2
2022-02-22 16:53:22.264 INFO  - [HTTP SERVER START] aweSome/127.0.0.1:8080
2022-02-22 16:53:22.264 INFO  - [HTTP SERVER START] www.leap1.org/127.0.0.1:8081
