2022-02-14 13:10:06.288 INFO  - Leap WAS server starting......
2022-02-14 13:10:06.297 INFO  - --------------------------------------------------------------------------
2022-02-14 13:10:06.298 INFO  - ThreadPool initialized - CORE: 50 MAX: 50 KEEP-ALIVE WHEN IDLE(seconds): 30
2022-02-14 13:10:06.299 INFO  - verbose mode on
2022-02-14 13:10:06.486 INFO  - Add dynamic classpath to ClassLoader: file:/D:/0.github/Leap/./home/webapp/services/
2022-02-14 13:10:06.853 DEBUG - org.chaostocosmos.leap.http.services.LeapServiceDeploy@7748410a : DEPLOY
2022-02-14 13:10:06.854 INFO  - Add service: org.chaostocosmos.leap.http.services.LeapServiceDeploy  Mapping path: /deploy/service/
2022-02-14 13:10:06.857 DEBUG - org.chaostocosmos.leap.http.services.TimeServiceImpl@f2ff811 : POST
2022-02-14 13:10:06.880 INFO  - Add service: org.chaostocosmos.leap.http.services.TimeServiceImpl  Mapping path: /time/GetTime
2022-02-14 13:10:06.881 INFO  - Default host added - Server: leap   Host: localhost   Port: 8080   Doc-Root: home   Logging path: logs/leap.log   Level: [DEBUG]
2022-02-14 13:10:06.882 INFO  - Virtual host added - Server: leap2   Host: 192.168.1.28   Port: 8081   Doc-Root: home2   Logging path: logs/leap.log   Level: [DEBUG]
2022-02-14 13:10:06.883 INFO  - Virtual host added - Server: leap1   Host: 127.0.0.1   Port: 8080   Doc-Root: home1   Logging path: logs/leap.log   Level: [DEBUG]
2022-02-14 13:10:07.346 INFO  - Accepting connections on port 8080
2022-02-14 13:11:53.684 INFO  - Host: localhost:8080  Client request accepted...... /0:0:0:0:0:0:0:1
2022-02-14 13:11:53.686 INFO  - Host: localhost:8080  Client request accepted...... /0:0:0:0:0:0:0:1
2022-02-14 13:11:53.780 ERROR - org.chaostocosmos.leap.http.WASException: Error in request parsing process. Caused: javax.net.ssl.SSLHandshakeException: Remote host terminated the handshake
org.chaostocosmos.leap.http.WASException: Error in request parsing process. Caused: javax.net.ssl.SSLHandshakeException: Remote host terminated the handshake
	at java.base/sun.security.ssl.SSLSocketImpl.handleEOF(SSLSocketImpl.java:1616)
	at java.base/sun.security.ssl.SSLSocketImpl.decode(SSLSocketImpl.java:1434)
	at java.base/sun.security.ssl.SSLSocketImpl.readHandshakeRecord(SSLSocketImpl.java:1336)
	at java.base/sun.security.ssl.SSLSocketImpl.startHandshake(SSLSocketImpl.java:450)
	at java.base/sun.security.ssl.SSLSocketImpl.ensureNegotiated(SSLSocketImpl.java:841)
	at java.base/sun.security.ssl.SSLSocketImpl$AppInputStream.read(SSLSocketImpl.java:932)
	at java.base/sun.security.ssl.SSLSocketImpl$AppInputStream.read(SSLSocketImpl.java:892)
	at org.chaostocosmos.leap.http.commons.StreamUtils.readLine(StreamUtils.java:359)
	at org.chaostocosmos.leap.http.HttpParser$RequestParser.parseRequest(HttpParser.java:92)
	at org.chaostocosmos.leap.http.LeapRequestHandler.run(LeapRequestHandler.java:86)
	at java.base/java.util.concurrent.Executors$RunnableAdapter.call(Executors.java:515)
	at java.base/java.util.concurrent.FutureTask.run(FutureTask.java:264)
	at java.base/java.util.concurrent.ThreadPoolExecutor.runWorker(ThreadPoolExecutor.java:1128)
	at java.base/java.util.concurrent.ThreadPoolExecutor$Worker.run(ThreadPoolExecutor.java:628)
	at java.base/java.lang.Thread.run(Thread.java:829)
Caused by: javax.net.ssl.SSLHandshakeException: Remote host terminated the handshake
	... 15 common frames omitted
Caused by: java.io.EOFException: SSL peer shut down incorrectly
	at java.base/sun.security.ssl.SSLSocketInputRecord.read(SSLSocketInputRecord.java:483)
	at java.base/sun.security.ssl.SSLSocketInputRecord.readHeader(SSLSocketInputRecord.java:472)
	at java.base/sun.security.ssl.SSLSocketInputRecord.decode(SSLSocketInputRecord.java:160)
	at java.base/sun.security.ssl.SSLTransport.decode(SSLTransport.java:111)
	at java.base/sun.security.ssl.SSLSocketImpl.decode(SSLSocketImpl.java:1426)
	... 13 common frames omitted
2022-02-14 13:11:53.780 ERROR - org.chaostocosmos.leap.http.WASException: Error in request parsing process. Caused: javax.net.ssl.SSLException: Unsupported or unrecognized SSL message
org.chaostocosmos.leap.http.WASException: Error in request parsing process. Caused: javax.net.ssl.SSLException: Unsupported or unrecognized SSL message
	at java.base/sun.security.ssl.SSLSocketInputRecord.handleUnknownRecord(SSLSocketInputRecord.java:451)
	at java.base/sun.security.ssl.SSLSocketInputRecord.decode(SSLSocketInputRecord.java:175)
	at java.base/sun.security.ssl.SSLTransport.decode(SSLTransport.java:111)
	at java.base/sun.security.ssl.SSLSocketImpl.decode(SSLSocketImpl.java:1426)
	at java.base/sun.security.ssl.SSLSocketImpl.readHandshakeRecord(SSLSocketImpl.java:1336)
	at java.base/sun.security.ssl.SSLSocketImpl.startHandshake(SSLSocketImpl.java:450)
	at java.base/sun.security.ssl.SSLSocketImpl.ensureNegotiated(SSLSocketImpl.java:841)
	at java.base/sun.security.ssl.SSLSocketImpl$AppInputStream.read(SSLSocketImpl.java:932)
	at java.base/sun.security.ssl.SSLSocketImpl$AppInputStream.read(SSLSocketImpl.java:892)
	at org.chaostocosmos.leap.http.commons.StreamUtils.readLine(StreamUtils.java:359)
	at org.chaostocosmos.leap.http.HttpParser$RequestParser.parseRequest(HttpParser.java:92)
	at org.chaostocosmos.leap.http.LeapRequestHandler.run(LeapRequestHandler.java:86)
	at java.base/java.util.concurrent.Executors$RunnableAdapter.call(Executors.java:515)
	at java.base/java.util.concurrent.FutureTask.run(FutureTask.java:264)
	at java.base/java.util.concurrent.ThreadPoolExecutor.runWorker(ThreadPoolExecutor.java:1128)
	at java.base/java.util.concurrent.ThreadPoolExecutor$Worker.run(ThreadPoolExecutor.java:628)
	at java.base/java.lang.Thread.run(Thread.java:829)
Caused by: javax.net.ssl.SSLException: Unsupported or unrecognized SSL message
	... 17 common frames omitted
2022-02-14 13:11:53.784 WARN  - Type: ERROR Code: 45 Exception: org.chaostocosmos.leap.http.WASException: Error in request parsing process. Caused: javax.net.ssl.SSLHandshakeException: Remote host terminated the handshake
2022-02-14 13:11:53.787 WARN  - Type: ERROR Code: 45 Exception: org.chaostocosmos.leap.http.WASException: Error in request parsing process. Caused: javax.net.ssl.SSLException: Unsupported or unrecognized SSL message
2022-02-14 13:11:53.787 DEBUG - REQUEST RESOURCE: response.html   PATH: .\home\webapp\WEB-INF\static
2022-02-14 13:11:53.787 DEBUG - REQUEST RESOURCE: response.html   PATH: .\home\webapp\WEB-INF\static
2022-02-14 13:11:53.797 ERROR - Connection or outbound has closed
java.net.SocketException: Connection or outbound has closed
	at java.base/sun.security.ssl.SSLSocketImpl$AppOutputStream.write(SSLSocketImpl.java:1217)
	at java.base/java.io.OutputStream.write(OutputStream.java:122)
	at org.chaostocosmos.leap.http.LeapRequestHandler.sendResponse(LeapRequestHandler.java:192)
	at org.chaostocosmos.leap.http.LeapRequestHandler.run(LeapRequestHandler.java:178)
	at java.base/java.util.concurrent.Executors$RunnableAdapter.call(Executors.java:515)
	at java.base/java.util.concurrent.FutureTask.run(FutureTask.java:264)
	at java.base/java.util.concurrent.ThreadPoolExecutor.runWorker(ThreadPoolExecutor.java:1128)
	at java.base/java.util.concurrent.ThreadPoolExecutor$Worker.run(ThreadPoolExecutor.java:628)
	at java.base/java.lang.Thread.run(Thread.java:829)
2022-02-14 13:11:53.797 ERROR - Connection or outbound has closed
java.net.SocketException: Connection or outbound has closed
	at java.base/sun.security.ssl.SSLSocketImpl$AppOutputStream.write(SSLSocketImpl.java:1217)
	at java.base/java.io.OutputStream.write(OutputStream.java:122)
	at org.chaostocosmos.leap.http.LeapRequestHandler.sendResponse(LeapRequestHandler.java:192)
	at org.chaostocosmos.leap.http.LeapRequestHandler.run(LeapRequestHandler.java:178)
	at java.base/java.util.concurrent.Executors$RunnableAdapter.call(Executors.java:515)
	at java.base/java.util.concurrent.FutureTask.run(FutureTask.java:264)
	at java.base/java.util.concurrent.ThreadPoolExecutor.runWorker(ThreadPoolExecutor.java:1128)
	at java.base/java.util.concurrent.ThreadPoolExecutor$Worker.run(ThreadPoolExecutor.java:628)
	at java.base/java.lang.Thread.run(Thread.java:829)
2022-02-14 13:11:53.798 INFO  - Client close....../0:0:0:0:0:0:0:1
2022-02-14 13:11:53.799 INFO  - Client close....../0:0:0:0:0:0:0:1
2022-02-14 13:13:42.409 INFO  - Host: localhost:8080  Client request accepted...... /0:0:0:0:0:0:0:1
2022-02-14 13:13:42.411 INFO  - Host: localhost:8080  Client request accepted...... /0:0:0:0:0:0:0:1
2022-02-14 13:13:42.416 ERROR - org.chaostocosmos.leap.http.WASException: Error in request parsing process. Caused: javax.net.ssl.SSLException: Unsupported or unrecognized SSL message
org.chaostocosmos.leap.http.WASException: Error in request parsing process. Caused: javax.net.ssl.SSLException: Unsupported or unrecognized SSL message
	at java.base/sun.security.ssl.SSLSocketInputRecord.handleUnknownRecord(SSLSocketInputRecord.java:451)
	at java.base/sun.security.ssl.SSLSocketInputRecord.decode(SSLSocketInputRecord.java:175)
	at java.base/sun.security.ssl.SSLTransport.decode(SSLTransport.java:111)
	at java.base/sun.security.ssl.SSLSocketImpl.decode(SSLSocketImpl.java:1426)
	at java.base/sun.security.ssl.SSLSocketImpl.readHandshakeRecord(SSLSocketImpl.java:1336)
	at java.base/sun.security.ssl.SSLSocketImpl.startHandshake(SSLSocketImpl.java:450)
	at java.base/sun.security.ssl.SSLSocketImpl.ensureNegotiated(SSLSocketImpl.java:841)
	at java.base/sun.security.ssl.SSLSocketImpl$AppInputStream.read(SSLSocketImpl.java:932)
	at java.base/sun.security.ssl.SSLSocketImpl$AppInputStream.read(SSLSocketImpl.java:892)
	at org.chaostocosmos.leap.http.commons.StreamUtils.readLine(StreamUtils.java:359)
	at org.chaostocosmos.leap.http.HttpParser$RequestParser.parseRequest(HttpParser.java:92)
	at org.chaostocosmos.leap.http.LeapRequestHandler.run(LeapRequestHandler.java:86)
	at java.base/java.util.concurrent.Executors$RunnableAdapter.call(Executors.java:515)
	at java.base/java.util.concurrent.FutureTask.run(FutureTask.java:264)
	at java.base/java.util.concurrent.ThreadPoolExecutor.runWorker(ThreadPoolExecutor.java:1128)
	at java.base/java.util.concurrent.ThreadPoolExecutor$Worker.run(ThreadPoolExecutor.java:628)
	at java.base/java.lang.Thread.run(Thread.java:829)
Caused by: javax.net.ssl.SSLException: Unsupported or unrecognized SSL message
	... 17 common frames omitted
2022-02-14 13:13:42.416 ERROR - org.chaostocosmos.leap.http.WASException: Error in request parsing process. Caused: javax.net.ssl.SSLHandshakeException: Remote host terminated the handshake
org.chaostocosmos.leap.http.WASException: Error in request parsing process. Caused: javax.net.ssl.SSLHandshakeException: Remote host terminated the handshake
	at java.base/sun.security.ssl.SSLSocketImpl.handleEOF(SSLSocketImpl.java:1616)
	at java.base/sun.security.ssl.SSLSocketImpl.decode(SSLSocketImpl.java:1434)
	at java.base/sun.security.ssl.SSLSocketImpl.readHandshakeRecord(SSLSocketImpl.java:1336)
	at java.base/sun.security.ssl.SSLSocketImpl.startHandshake(SSLSocketImpl.java:450)
	at java.base/sun.security.ssl.SSLSocketImpl.ensureNegotiated(SSLSocketImpl.java:841)
	at java.base/sun.security.ssl.SSLSocketImpl$AppInputStream.read(SSLSocketImpl.java:932)
	at java.base/sun.security.ssl.SSLSocketImpl$AppInputStream.read(SSLSocketImpl.java:892)
	at org.chaostocosmos.leap.http.commons.StreamUtils.readLine(StreamUtils.java:359)
	at org.chaostocosmos.leap.http.HttpParser$RequestParser.parseRequest(HttpParser.java:92)
	at org.chaostocosmos.leap.http.LeapRequestHandler.run(LeapRequestHandler.java:86)
	at java.base/java.util.concurrent.Executors$RunnableAdapter.call(Executors.java:515)
	at java.base/java.util.concurrent.FutureTask.run(FutureTask.java:264)
	at java.base/java.util.concurrent.ThreadPoolExecutor.runWorker(ThreadPoolExecutor.java:1128)
	at java.base/java.util.concurrent.ThreadPoolExecutor$Worker.run(ThreadPoolExecutor.java:628)
	at java.base/java.lang.Thread.run(Thread.java:829)
Caused by: javax.net.ssl.SSLHandshakeException: Remote host terminated the handshake
	... 15 common frames omitted
Caused by: java.io.EOFException: SSL peer shut down incorrectly
	at java.base/sun.security.ssl.SSLSocketInputRecord.read(SSLSocketInputRecord.java:483)
	at java.base/sun.security.ssl.SSLSocketInputRecord.readHeader(SSLSocketInputRecord.java:472)
	at java.base/sun.security.ssl.SSLSocketInputRecord.decode(SSLSocketInputRecord.java:160)
	at java.base/sun.security.ssl.SSLTransport.decode(SSLTransport.java:111)
	at java.base/sun.security.ssl.SSLSocketImpl.decode(SSLSocketImpl.java:1426)
	... 13 common frames omitted
2022-02-14 13:13:42.461 WARN  - Type: ERROR Code: 45 Exception: org.chaostocosmos.leap.http.WASException: Error in request parsing process. Caused: javax.net.ssl.SSLException: Unsupported or unrecognized SSL message
2022-02-14 13:13:42.466 WARN  - Type: ERROR Code: 45 Exception: org.chaostocosmos.leap.http.WASException: Error in request parsing process. Caused: javax.net.ssl.SSLHandshakeException: Remote host terminated the handshake
2022-02-14 13:13:42.466 DEBUG - REQUEST RESOURCE: response.html   PATH: .\home\webapp\WEB-INF\static
2022-02-14 13:13:42.466 DEBUG - REQUEST RESOURCE: response.html   PATH: .\home\webapp\WEB-INF\static
2022-02-14 13:13:42.467 ERROR - Connection or outbound has closed
java.net.SocketException: Connection or outbound has closed
	at java.base/sun.security.ssl.SSLSocketImpl$AppOutputStream.write(SSLSocketImpl.java:1217)
	at java.base/java.io.OutputStream.write(OutputStream.java:122)
	at org.chaostocosmos.leap.http.LeapRequestHandler.sendResponse(LeapRequestHandler.java:192)
	at org.chaostocosmos.leap.http.LeapRequestHandler.run(LeapRequestHandler.java:178)
	at java.base/java.util.concurrent.Executors$RunnableAdapter.call(Executors.java:515)
	at java.base/java.util.concurrent.FutureTask.run(FutureTask.java:264)
	at java.base/java.util.concurrent.ThreadPoolExecutor.runWorker(ThreadPoolExecutor.java:1128)
	at java.base/java.util.concurrent.ThreadPoolExecutor$Worker.run(ThreadPoolExecutor.java:628)
	at java.base/java.lang.Thread.run(Thread.java:829)
2022-02-14 13:13:42.468 ERROR - Connection or outbound has closed
java.net.SocketException: Connection or outbound has closed
	at java.base/sun.security.ssl.SSLSocketImpl$AppOutputStream.write(SSLSocketImpl.java:1217)
	at java.base/java.io.OutputStream.write(OutputStream.java:122)
	at org.chaostocosmos.leap.http.LeapRequestHandler.sendResponse(LeapRequestHandler.java:192)
	at org.chaostocosmos.leap.http.LeapRequestHandler.run(LeapRequestHandler.java:178)
	at java.base/java.util.concurrent.Executors$RunnableAdapter.call(Executors.java:515)
	at java.base/java.util.concurrent.FutureTask.run(FutureTask.java:264)
	at java.base/java.util.concurrent.ThreadPoolExecutor.runWorker(ThreadPoolExecutor.java:1128)
	at java.base/java.util.concurrent.ThreadPoolExecutor$Worker.run(ThreadPoolExecutor.java:628)
	at java.base/java.lang.Thread.run(Thread.java:829)
2022-02-14 13:13:42.472 INFO  - Client close....../0:0:0:0:0:0:0:1
2022-02-14 13:13:42.473 INFO  - Client close....../0:0:0:0:0:0:0:1
2022-02-14 13:17:19.760 INFO  - Host: localhost:8080  Client request accepted...... /0:0:0:0:0:0:0:1
2022-02-14 13:17:19.763 INFO  - Host: localhost:8080  Client request accepted...... /0:0:0:0:0:0:0:1
2022-02-14 13:17:19.767 ERROR - org.chaostocosmos.leap.http.WASException: Error in request parsing process. Caused: javax.net.ssl.SSLException: Unsupported or unrecognized SSL message
org.chaostocosmos.leap.http.WASException: Error in request parsing process. Caused: javax.net.ssl.SSLException: Unsupported or unrecognized SSL message
	at java.base/sun.security.ssl.SSLSocketInputRecord.handleUnknownRecord(SSLSocketInputRecord.java:451)
	at java.base/sun.security.ssl.SSLSocketInputRecord.decode(SSLSocketInputRecord.java:175)
	at java.base/sun.security.ssl.SSLTransport.decode(SSLTransport.java:111)
	at java.base/sun.security.ssl.SSLSocketImpl.decode(SSLSocketImpl.java:1426)
	at java.base/sun.security.ssl.SSLSocketImpl.readHandshakeRecord(SSLSocketImpl.java:1336)
	at java.base/sun.security.ssl.SSLSocketImpl.startHandshake(SSLSocketImpl.java:450)
	at java.base/sun.security.ssl.SSLSocketImpl.ensureNegotiated(SSLSocketImpl.java:841)
	at java.base/sun.security.ssl.SSLSocketImpl$AppInputStream.read(SSLSocketImpl.java:932)
	at java.base/sun.security.ssl.SSLSocketImpl$AppInputStream.read(SSLSocketImpl.java:892)
	at org.chaostocosmos.leap.http.commons.StreamUtils.readLine(StreamUtils.java:359)
	at org.chaostocosmos.leap.http.HttpParser$RequestParser.parseRequest(HttpParser.java:92)
	at org.chaostocosmos.leap.http.LeapRequestHandler.run(LeapRequestHandler.java:86)
	at java.base/java.util.concurrent.Executors$RunnableAdapter.call(Executors.java:515)
	at java.base/java.util.concurrent.FutureTask.run(FutureTask.java:264)
	at java.base/java.util.concurrent.ThreadPoolExecutor.runWorker(ThreadPoolExecutor.java:1128)
	at java.base/java.util.concurrent.ThreadPoolExecutor$Worker.run(ThreadPoolExecutor.java:628)
	at java.base/java.lang.Thread.run(Thread.java:829)
Caused by: javax.net.ssl.SSLException: Unsupported or unrecognized SSL message
	... 17 common frames omitted
2022-02-14 13:17:19.772 WARN  - Type: ERROR Code: 45 Exception: org.chaostocosmos.leap.http.WASException: Error in request parsing process. Caused: javax.net.ssl.SSLException: Unsupported or unrecognized SSL message
2022-02-14 13:17:19.768 ERROR - org.chaostocosmos.leap.http.WASException: Error in request parsing process. Caused: javax.net.ssl.SSLHandshakeException: Remote host terminated the handshake
org.chaostocosmos.leap.http.WASException: Error in request parsing process. Caused: javax.net.ssl.SSLHandshakeException: Remote host terminated the handshake
	at java.base/sun.security.ssl.SSLSocketImpl.handleEOF(SSLSocketImpl.java:1616)
	at java.base/sun.security.ssl.SSLSocketImpl.decode(SSLSocketImpl.java:1434)
	at java.base/sun.security.ssl.SSLSocketImpl.readHandshakeRecord(SSLSocketImpl.java:1336)
	at java.base/sun.security.ssl.SSLSocketImpl.startHandshake(SSLSocketImpl.java:450)
	at java.base/sun.security.ssl.SSLSocketImpl.ensureNegotiated(SSLSocketImpl.java:841)
	at java.base/sun.security.ssl.SSLSocketImpl$AppInputStream.read(SSLSocketImpl.java:932)
	at java.base/sun.security.ssl.SSLSocketImpl$AppInputStream.read(SSLSocketImpl.java:892)
	at org.chaostocosmos.leap.http.commons.StreamUtils.readLine(StreamUtils.java:359)
	at org.chaostocosmos.leap.http.HttpParser$RequestParser.parseRequest(HttpParser.java:92)
	at org.chaostocosmos.leap.http.LeapRequestHandler.run(LeapRequestHandler.java:86)
	at java.base/java.util.concurrent.Executors$RunnableAdapter.call(Executors.java:515)
	at java.base/java.util.concurrent.FutureTask.run(FutureTask.java:264)
	at java.base/java.util.concurrent.ThreadPoolExecutor.runWorker(ThreadPoolExecutor.java:1128)
	at java.base/java.util.concurrent.ThreadPoolExecutor$Worker.run(ThreadPoolExecutor.java:628)
	at java.base/java.lang.Thread.run(Thread.java:829)
Caused by: javax.net.ssl.SSLHandshakeException: Remote host terminated the handshake
	... 15 common frames omitted
Caused by: java.io.EOFException: SSL peer shut down incorrectly
	at java.base/sun.security.ssl.SSLSocketInputRecord.read(SSLSocketInputRecord.java:483)
	at java.base/sun.security.ssl.SSLSocketInputRecord.readHeader(SSLSocketInputRecord.java:472)
	at java.base/sun.security.ssl.SSLSocketInputRecord.decode(SSLSocketInputRecord.java:160)
	at java.base/sun.security.ssl.SSLTransport.decode(SSLTransport.java:111)
	at java.base/sun.security.ssl.SSLSocketImpl.decode(SSLSocketImpl.java:1426)
	... 13 common frames omitted
2022-02-14 13:17:19.805 DEBUG - REQUEST RESOURCE: response.html   PATH: .\home\webapp\WEB-INF\static
2022-02-14 13:17:19.805 WARN  - Type: ERROR Code: 45 Exception: org.chaostocosmos.leap.http.WASException: Error in request parsing process. Caused: javax.net.ssl.SSLHandshakeException: Remote host terminated the handshake
2022-02-14 13:17:19.807 ERROR - Connection or outbound has closed
java.net.SocketException: Connection or outbound has closed
	at java.base/sun.security.ssl.SSLSocketImpl$AppOutputStream.write(SSLSocketImpl.java:1217)
	at java.base/java.io.OutputStream.write(OutputStream.java:122)
	at org.chaostocosmos.leap.http.LeapRequestHandler.sendResponse(LeapRequestHandler.java:192)
	at org.chaostocosmos.leap.http.LeapRequestHandler.run(LeapRequestHandler.java:178)
	at java.base/java.util.concurrent.Executors$RunnableAdapter.call(Executors.java:515)
	at java.base/java.util.concurrent.FutureTask.run(FutureTask.java:264)
	at java.base/java.util.concurrent.ThreadPoolExecutor.runWorker(ThreadPoolExecutor.java:1128)
	at java.base/java.util.concurrent.ThreadPoolExecutor$Worker.run(ThreadPoolExecutor.java:628)
	at java.base/java.lang.Thread.run(Thread.java:829)
2022-02-14 13:17:19.808 DEBUG - REQUEST RESOURCE: response.html   PATH: .\home\webapp\WEB-INF\static
2022-02-14 13:17:19.809 INFO  - Client close....../0:0:0:0:0:0:0:1
2022-02-14 13:17:19.810 ERROR - Connection or outbound has closed
java.net.SocketException: Connection or outbound has closed
	at java.base/sun.security.ssl.SSLSocketImpl$AppOutputStream.write(SSLSocketImpl.java:1217)
	at java.base/java.io.OutputStream.write(OutputStream.java:122)
	at org.chaostocosmos.leap.http.LeapRequestHandler.sendResponse(LeapRequestHandler.java:192)
	at org.chaostocosmos.leap.http.LeapRequestHandler.run(LeapRequestHandler.java:178)
	at java.base/java.util.concurrent.Executors$RunnableAdapter.call(Executors.java:515)
	at java.base/java.util.concurrent.FutureTask.run(FutureTask.java:264)
	at java.base/java.util.concurrent.ThreadPoolExecutor.runWorker(ThreadPoolExecutor.java:1128)
	at java.base/java.util.concurrent.ThreadPoolExecutor$Worker.run(ThreadPoolExecutor.java:628)
	at java.base/java.lang.Thread.run(Thread.java:829)
2022-02-14 13:17:19.817 INFO  - Client close....../0:0:0:0:0:0:0:1
2022-02-14 13:20:45.391 INFO  - Leap WAS server starting......
2022-02-14 13:20:45.394 INFO  - --------------------------------------------------------------------------
2022-02-14 13:20:45.394 INFO  - ThreadPool initialized - CORE: 50 MAX: 50 KEEP-ALIVE WHEN IDLE(seconds): 30
2022-02-14 13:20:45.394 INFO  - verbose mode on
2022-02-14 13:20:45.402 INFO  - Add dynamic classpath to ClassLoader: file:/D:/0.github/Leap/./home/webapp/services/
2022-02-14 13:20:45.428 DEBUG - org.chaostocosmos.leap.http.services.LeapServiceDeploy@6a03bcb1 : DEPLOY
2022-02-14 13:20:45.428 INFO  - Add service: org.chaostocosmos.leap.http.services.LeapServiceDeploy  Mapping path: /deploy/service/
2022-02-14 13:20:45.432 DEBUG - org.chaostocosmos.leap.http.services.TimeServiceImpl@11fc564b : POST
2022-02-14 13:20:45.433 INFO  - Add service: org.chaostocosmos.leap.http.services.TimeServiceImpl  Mapping path: /time/GetTime
2022-02-14 13:20:45.433 INFO  - Default host added - Server: leap   Host: localhost   Port: 443   Doc-Root: home   Logging path: logs/leap.log   Level: [DEBUG]
2022-02-14 13:20:45.435 INFO  - Virtual host added - Server: leap2   Host: 192.168.1.28   Port: 8081   Doc-Root: home2   Logging path: logs/leap.log   Level: [DEBUG]
2022-02-14 13:20:45.435 INFO  - Virtual host added - Server: leap1   Host: 127.0.0.1   Port: 8080   Doc-Root: home1   Logging path: logs/leap.log   Level: [DEBUG]
2022-02-14 13:20:45.791 INFO  - Accepting connections on port 8080
2022-02-14 13:20:55.299 INFO  - Host: localhost:443  Client request accepted...... /0:0:0:0:0:0:0:1
2022-02-14 13:20:55.301 INFO  - Host: localhost:443  Client request accepted...... /0:0:0:0:0:0:0:1
2022-02-14 13:20:55.351 ERROR - org.chaostocosmos.leap.http.WASException: Error in request parsing process. Caused: javax.net.ssl.SSLHandshakeException: Remote host terminated the handshake
org.chaostocosmos.leap.http.WASException: Error in request parsing process. Caused: javax.net.ssl.SSLHandshakeException: Remote host terminated the handshake
	at java.base/sun.security.ssl.SSLSocketImpl.handleEOF(SSLSocketImpl.java:1616)
	at java.base/sun.security.ssl.SSLSocketImpl.decode(SSLSocketImpl.java:1434)
	at java.base/sun.security.ssl.SSLSocketImpl.readHandshakeRecord(SSLSocketImpl.java:1336)
	at java.base/sun.security.ssl.SSLSocketImpl.startHandshake(SSLSocketImpl.java:450)
	at java.base/sun.security.ssl.SSLSocketImpl.ensureNegotiated(SSLSocketImpl.java:841)
	at java.base/sun.security.ssl.SSLSocketImpl$AppInputStream.read(SSLSocketImpl.java:932)
	at java.base/sun.security.ssl.SSLSocketImpl$AppInputStream.read(SSLSocketImpl.java:892)
	at org.chaostocosmos.leap.http.commons.StreamUtils.readLine(StreamUtils.java:359)
	at org.chaostocosmos.leap.http.HttpParser$RequestParser.parseRequest(HttpParser.java:92)
	at org.chaostocosmos.leap.http.LeapRequestHandler.run(LeapRequestHandler.java:86)
	at java.base/java.util.concurrent.Executors$RunnableAdapter.call(Executors.java:515)
	at java.base/java.util.concurrent.FutureTask.run(FutureTask.java:264)
	at java.base/java.util.concurrent.ThreadPoolExecutor.runWorker(ThreadPoolExecutor.java:1128)
	at java.base/java.util.concurrent.ThreadPoolExecutor$Worker.run(ThreadPoolExecutor.java:628)
	at java.base/java.lang.Thread.run(Thread.java:829)
Caused by: javax.net.ssl.SSLHandshakeException: Remote host terminated the handshake
	... 15 common frames omitted
Caused by: java.io.EOFException: SSL peer shut down incorrectly
	at java.base/sun.security.ssl.SSLSocketInputRecord.read(SSLSocketInputRecord.java:483)
	at java.base/sun.security.ssl.SSLSocketInputRecord.readHeader(SSLSocketInputRecord.java:472)
	at java.base/sun.security.ssl.SSLSocketInputRecord.decode(SSLSocketInputRecord.java:160)
	at java.base/sun.security.ssl.SSLTransport.decode(SSLTransport.java:111)
	at java.base/sun.security.ssl.SSLSocketImpl.decode(SSLSocketImpl.java:1426)
	... 13 common frames omitted
2022-02-14 13:20:55.357 WARN  - Type: ERROR Code: 45 Exception: org.chaostocosmos.leap.http.WASException: Error in request parsing process. Caused: javax.net.ssl.SSLHandshakeException: Remote host terminated the handshake
2022-02-14 13:20:55.359 DEBUG - REQUEST RESOURCE: response.html   PATH: .\home\webapp\WEB-INF\static
2022-02-14 13:20:55.361 ERROR - Connection or outbound has closed
java.net.SocketException: Connection or outbound has closed
	at java.base/sun.security.ssl.SSLSocketImpl$AppOutputStream.write(SSLSocketImpl.java:1217)
	at java.base/java.io.OutputStream.write(OutputStream.java:122)
	at org.chaostocosmos.leap.http.LeapRequestHandler.sendResponse(LeapRequestHandler.java:192)
	at org.chaostocosmos.leap.http.LeapRequestHandler.run(LeapRequestHandler.java:178)
	at java.base/java.util.concurrent.Executors$RunnableAdapter.call(Executors.java:515)
	at java.base/java.util.concurrent.FutureTask.run(FutureTask.java:264)
	at java.base/java.util.concurrent.ThreadPoolExecutor.runWorker(ThreadPoolExecutor.java:1128)
	at java.base/java.util.concurrent.ThreadPoolExecutor$Worker.run(ThreadPoolExecutor.java:628)
	at java.base/java.lang.Thread.run(Thread.java:829)
2022-02-14 13:20:55.364 INFO  - Client close....../0:0:0:0:0:0:0:1
2022-02-14 13:20:55.481 ERROR - org.chaostocosmos.leap.http.WASException: Error in request parsing process. Caused: javax.net.ssl.SSLHandshakeException: Empty client certificate chain
org.chaostocosmos.leap.http.WASException: Error in request parsing process. Caused: javax.net.ssl.SSLHandshakeException: Empty client certificate chain
	at java.base/sun.security.ssl.Alert.createSSLException(Alert.java:131)
	at java.base/sun.security.ssl.Alert.createSSLException(Alert.java:117)
	at java.base/sun.security.ssl.TransportContext.fatal(TransportContext.java:336)
	at java.base/sun.security.ssl.TransportContext.fatal(TransportContext.java:292)
	at java.base/sun.security.ssl.TransportContext.fatal(TransportContext.java:283)
	at java.base/sun.security.ssl.CertificateMessage$T13CertificateConsumer.onConsumeCertificate(CertificateMessage.java:1194)
	at java.base/sun.security.ssl.CertificateMessage$T13CertificateConsumer.consume(CertificateMessage.java:1181)
	at java.base/sun.security.ssl.SSLHandshake.consume(SSLHandshake.java:392)
	at java.base/sun.security.ssl.HandshakeContext.dispatch(HandshakeContext.java:443)
	at java.base/sun.security.ssl.HandshakeContext.dispatch(HandshakeContext.java:421)
	at java.base/sun.security.ssl.TransportContext.dispatch(TransportContext.java:182)
	at java.base/sun.security.ssl.SSLTransport.decode(SSLTransport.java:172)
	at java.base/sun.security.ssl.SSLSocketImpl.decode(SSLSocketImpl.java:1426)
	at java.base/sun.security.ssl.SSLSocketImpl.readHandshakeRecord(SSLSocketImpl.java:1336)
	at java.base/sun.security.ssl.SSLSocketImpl.startHandshake(SSLSocketImpl.java:450)
	at java.base/sun.security.ssl.SSLSocketImpl.ensureNegotiated(SSLSocketImpl.java:841)
	at java.base/sun.security.ssl.SSLSocketImpl$AppInputStream.read(SSLSocketImpl.java:932)
	at java.base/sun.security.ssl.SSLSocketImpl$AppInputStream.read(SSLSocketImpl.java:892)
	at org.chaostocosmos.leap.http.commons.StreamUtils.readLine(StreamUtils.java:359)
	at org.chaostocosmos.leap.http.HttpParser$RequestParser.parseRequest(HttpParser.java:92)
	at org.chaostocosmos.leap.http.LeapRequestHandler.run(LeapRequestHandler.java:86)
	at java.base/java.util.concurrent.Executors$RunnableAdapter.call(Executors.java:515)
	at java.base/java.util.concurrent.FutureTask.run(FutureTask.java:264)
	at java.base/java.util.concurrent.ThreadPoolExecutor.runWorker(ThreadPoolExecutor.java:1128)
	at java.base/java.util.concurrent.ThreadPoolExecutor$Worker.run(ThreadPoolExecutor.java:628)
	at java.base/java.lang.Thread.run(Thread.java:829)
Caused by: javax.net.ssl.SSLHandshakeException: Empty client certificate chain
	... 26 common frames omitted
2022-02-14 13:20:55.485 WARN  - Type: ERROR Code: 45 Exception: org.chaostocosmos.leap.http.WASException: Error in request parsing process. Caused: javax.net.ssl.SSLHandshakeException: Empty client certificate chain
2022-02-14 13:20:55.486 DEBUG - REQUEST RESOURCE: response.html   PATH: .\home\webapp\WEB-INF\static
2022-02-14 13:20:55.486 ERROR - Connection or outbound has closed
java.net.SocketException: Connection or outbound has closed
	at java.base/sun.security.ssl.SSLSocketImpl$AppOutputStream.write(SSLSocketImpl.java:1217)
	at java.base/java.io.OutputStream.write(OutputStream.java:122)
	at org.chaostocosmos.leap.http.LeapRequestHandler.sendResponse(LeapRequestHandler.java:192)
	at org.chaostocosmos.leap.http.LeapRequestHandler.run(LeapRequestHandler.java:178)
	at java.base/java.util.concurrent.Executors$RunnableAdapter.call(Executors.java:515)
	at java.base/java.util.concurrent.FutureTask.run(FutureTask.java:264)
	at java.base/java.util.concurrent.ThreadPoolExecutor.runWorker(ThreadPoolExecutor.java:1128)
	at java.base/java.util.concurrent.ThreadPoolExecutor$Worker.run(ThreadPoolExecutor.java:628)
	at java.base/java.lang.Thread.run(Thread.java:829)
2022-02-14 13:20:55.488 INFO  - Client close....../0:0:0:0:0:0:0:1
2022-02-14 13:22:15.205 INFO  - Host: localhost:443  Client request accepted...... /0:0:0:0:0:0:0:1
2022-02-14 13:22:15.206 INFO  - Host: localhost:443  Client request accepted...... /0:0:0:0:0:0:0:1
2022-02-14 13:22:15.362 ERROR - org.chaostocosmos.leap.http.WASException: Error in request parsing process. Caused: javax.net.ssl.SSLHandshakeException: Remote host terminated the handshake
org.chaostocosmos.leap.http.WASException: Error in request parsing process. Caused: javax.net.ssl.SSLHandshakeException: Remote host terminated the handshake
	at java.base/sun.security.ssl.SSLSocketImpl.handleEOF(SSLSocketImpl.java:1616)
	at java.base/sun.security.ssl.SSLSocketImpl.decode(SSLSocketImpl.java:1434)
	at java.base/sun.security.ssl.SSLSocketImpl.readHandshakeRecord(SSLSocketImpl.java:1336)
	at java.base/sun.security.ssl.SSLSocketImpl.startHandshake(SSLSocketImpl.java:450)
	at java.base/sun.security.ssl.SSLSocketImpl.ensureNegotiated(SSLSocketImpl.java:841)
	at java.base/sun.security.ssl.SSLSocketImpl$AppInputStream.read(SSLSocketImpl.java:932)
	at java.base/sun.security.ssl.SSLSocketImpl$AppInputStream.read(SSLSocketImpl.java:892)
	at org.chaostocosmos.leap.http.commons.StreamUtils.readLine(StreamUtils.java:359)
	at org.chaostocosmos.leap.http.HttpParser$RequestParser.parseRequest(HttpParser.java:92)
	at org.chaostocosmos.leap.http.LeapRequestHandler.run(LeapRequestHandler.java:86)
	at java.base/java.util.concurrent.Executors$RunnableAdapter.call(Executors.java:515)
	at java.base/java.util.concurrent.FutureTask.run(FutureTask.java:264)
	at java.base/java.util.concurrent.ThreadPoolExecutor.runWorker(ThreadPoolExecutor.java:1128)
	at java.base/java.util.concurrent.ThreadPoolExecutor$Worker.run(ThreadPoolExecutor.java:628)
	at java.base/java.lang.Thread.run(Thread.java:829)
Caused by: javax.net.ssl.SSLHandshakeException: Remote host terminated the handshake
	... 15 common frames omitted
Caused by: java.io.EOFException: SSL peer shut down incorrectly
	at java.base/sun.security.ssl.SSLSocketInputRecord.read(SSLSocketInputRecord.java:483)
	at java.base/sun.security.ssl.SSLSocketInputRecord.readHeader(SSLSocketInputRecord.java:472)
	at java.base/sun.security.ssl.SSLSocketInputRecord.decode(SSLSocketInputRecord.java:160)
	at java.base/sun.security.ssl.SSLTransport.decode(SSLTransport.java:111)
	at java.base/sun.security.ssl.SSLSocketImpl.decode(SSLSocketImpl.java:1426)
	... 13 common frames omitted
2022-02-14 13:22:15.362 ERROR - org.chaostocosmos.leap.http.WASException: Error in request parsing process. Caused: javax.net.ssl.SSLHandshakeException: Remote host terminated the handshake
org.chaostocosmos.leap.http.WASException: Error in request parsing process. Caused: javax.net.ssl.SSLHandshakeException: Remote host terminated the handshake
	at java.base/sun.security.ssl.SSLSocketImpl.handleEOF(SSLSocketImpl.java:1616)
	at java.base/sun.security.ssl.SSLSocketImpl.decode(SSLSocketImpl.java:1434)
	at java.base/sun.security.ssl.SSLSocketImpl.readHandshakeRecord(SSLSocketImpl.java:1336)
	at java.base/sun.security.ssl.SSLSocketImpl.startHandshake(SSLSocketImpl.java:450)
	at java.base/sun.security.ssl.SSLSocketImpl.ensureNegotiated(SSLSocketImpl.java:841)
	at java.base/sun.security.ssl.SSLSocketImpl$AppInputStream.read(SSLSocketImpl.java:932)
	at java.base/sun.security.ssl.SSLSocketImpl$AppInputStream.read(SSLSocketImpl.java:892)
	at org.chaostocosmos.leap.http.commons.StreamUtils.readLine(StreamUtils.java:359)
	at org.chaostocosmos.leap.http.HttpParser$RequestParser.parseRequest(HttpParser.java:92)
	at org.chaostocosmos.leap.http.LeapRequestHandler.run(LeapRequestHandler.java:86)
	at java.base/java.util.concurrent.Executors$RunnableAdapter.call(Executors.java:515)
	at java.base/java.util.concurrent.FutureTask.run(FutureTask.java:264)
	at java.base/java.util.concurrent.ThreadPoolExecutor.runWorker(ThreadPoolExecutor.java:1128)
	at java.base/java.util.concurrent.ThreadPoolExecutor$Worker.run(ThreadPoolExecutor.java:628)
	at java.base/java.lang.Thread.run(Thread.java:829)
Caused by: javax.net.ssl.SSLHandshakeException: Remote host terminated the handshake
	... 15 common frames omitted
Caused by: java.io.EOFException: SSL peer shut down incorrectly
	at java.base/sun.security.ssl.SSLSocketInputRecord.read(SSLSocketInputRecord.java:483)
	at java.base/sun.security.ssl.SSLSocketInputRecord.readHeader(SSLSocketInputRecord.java:472)
	at java.base/sun.security.ssl.SSLSocketInputRecord.decode(SSLSocketInputRecord.java:160)
	at java.base/sun.security.ssl.SSLTransport.decode(SSLTransport.java:111)
	at java.base/sun.security.ssl.SSLSocketImpl.decode(SSLSocketImpl.java:1426)
	... 13 common frames omitted
2022-02-14 13:22:15.366 INFO  - Host: localhost:443  Client request accepted...... /0:0:0:0:0:0:0:1
2022-02-14 13:22:15.367 WARN  - Type: ERROR Code: 45 Exception: org.chaostocosmos.leap.http.WASException: Error in request parsing process. Caused: javax.net.ssl.SSLHandshakeException: Remote host terminated the handshake
2022-02-14 13:22:15.372 WARN  - Type: ERROR Code: 45 Exception: org.chaostocosmos.leap.http.WASException: Error in request parsing process. Caused: javax.net.ssl.SSLHandshakeException: Remote host terminated the handshake
2022-02-14 13:22:15.374 DEBUG - REQUEST RESOURCE: response.html   PATH: .\home\webapp\WEB-INF\static
2022-02-14 13:22:15.375 DEBUG - REQUEST RESOURCE: response.html   PATH: .\home\webapp\WEB-INF\static
2022-02-14 13:22:15.376 ERROR - Connection or outbound has closed
java.net.SocketException: Connection or outbound has closed
	at java.base/sun.security.ssl.SSLSocketImpl$AppOutputStream.write(SSLSocketImpl.java:1217)
	at java.base/java.io.OutputStream.write(OutputStream.java:122)
	at org.chaostocosmos.leap.http.LeapRequestHandler.sendResponse(LeapRequestHandler.java:192)
	at org.chaostocosmos.leap.http.LeapRequestHandler.run(LeapRequestHandler.java:178)
	at java.base/java.util.concurrent.Executors$RunnableAdapter.call(Executors.java:515)
	at java.base/java.util.concurrent.FutureTask.run(FutureTask.java:264)
	at java.base/java.util.concurrent.ThreadPoolExecutor.runWorker(ThreadPoolExecutor.java:1128)
	at java.base/java.util.concurrent.ThreadPoolExecutor$Worker.run(ThreadPoolExecutor.java:628)
	at java.base/java.lang.Thread.run(Thread.java:829)
2022-02-14 13:22:15.376 ERROR - Connection or outbound has closed
java.net.SocketException: Connection or outbound has closed
	at java.base/sun.security.ssl.SSLSocketImpl$AppOutputStream.write(SSLSocketImpl.java:1217)
	at java.base/java.io.OutputStream.write(OutputStream.java:122)
	at org.chaostocosmos.leap.http.LeapRequestHandler.sendResponse(LeapRequestHandler.java:192)
	at org.chaostocosmos.leap.http.LeapRequestHandler.run(LeapRequestHandler.java:178)
	at java.base/java.util.concurrent.Executors$RunnableAdapter.call(Executors.java:515)
	at java.base/java.util.concurrent.FutureTask.run(FutureTask.java:264)
	at java.base/java.util.concurrent.ThreadPoolExecutor.runWorker(ThreadPoolExecutor.java:1128)
	at java.base/java.util.concurrent.ThreadPoolExecutor$Worker.run(ThreadPoolExecutor.java:628)
	at java.base/java.lang.Thread.run(Thread.java:829)
2022-02-14 13:22:15.384 INFO  - Client close....../0:0:0:0:0:0:0:1
2022-02-14 13:22:15.387 INFO  - Client close....../0:0:0:0:0:0:0:1
2022-02-14 13:22:15.409 ERROR - org.chaostocosmos.leap.http.WASException: Error in request parsing process. Caused: javax.net.ssl.SSLHandshakeException: Empty client certificate chain
org.chaostocosmos.leap.http.WASException: Error in request parsing process. Caused: javax.net.ssl.SSLHandshakeException: Empty client certificate chain
	at java.base/sun.security.ssl.Alert.createSSLException(Alert.java:131)
	at java.base/sun.security.ssl.Alert.createSSLException(Alert.java:117)
	at java.base/sun.security.ssl.TransportContext.fatal(TransportContext.java:336)
	at java.base/sun.security.ssl.TransportContext.fatal(TransportContext.java:292)
	at java.base/sun.security.ssl.TransportContext.fatal(TransportContext.java:283)
	at java.base/sun.security.ssl.CertificateMessage$T13CertificateConsumer.onConsumeCertificate(CertificateMessage.java:1194)
	at java.base/sun.security.ssl.CertificateMessage$T13CertificateConsumer.consume(CertificateMessage.java:1181)
	at java.base/sun.security.ssl.SSLHandshake.consume(SSLHandshake.java:392)
	at java.base/sun.security.ssl.HandshakeContext.dispatch(HandshakeContext.java:443)
	at java.base/sun.security.ssl.HandshakeContext.dispatch(HandshakeContext.java:421)
	at java.base/sun.security.ssl.TransportContext.dispatch(TransportContext.java:182)
	at java.base/sun.security.ssl.SSLTransport.decode(SSLTransport.java:172)
	at java.base/sun.security.ssl.SSLSocketImpl.decode(SSLSocketImpl.java:1426)
	at java.base/sun.security.ssl.SSLSocketImpl.readHandshakeRecord(SSLSocketImpl.java:1336)
	at java.base/sun.security.ssl.SSLSocketImpl.startHandshake(SSLSocketImpl.java:450)
	at java.base/sun.security.ssl.SSLSocketImpl.ensureNegotiated(SSLSocketImpl.java:841)
	at java.base/sun.security.ssl.SSLSocketImpl$AppInputStream.read(SSLSocketImpl.java:932)
	at java.base/sun.security.ssl.SSLSocketImpl$AppInputStream.read(SSLSocketImpl.java:892)
	at org.chaostocosmos.leap.http.commons.StreamUtils.readLine(StreamUtils.java:359)
	at org.chaostocosmos.leap.http.HttpParser$RequestParser.parseRequest(HttpParser.java:92)
	at org.chaostocosmos.leap.http.LeapRequestHandler.run(LeapRequestHandler.java:86)
	at java.base/java.util.concurrent.Executors$RunnableAdapter.call(Executors.java:515)
	at java.base/java.util.concurrent.FutureTask.run(FutureTask.java:264)
	at java.base/java.util.concurrent.ThreadPoolExecutor.runWorker(ThreadPoolExecutor.java:1128)
	at java.base/java.util.concurrent.ThreadPoolExecutor$Worker.run(ThreadPoolExecutor.java:628)
	at java.base/java.lang.Thread.run(Thread.java:829)
Caused by: javax.net.ssl.SSLHandshakeException: Empty client certificate chain
	... 26 common frames omitted
2022-02-14 13:22:15.418 WARN  - Type: ERROR Code: 45 Exception: org.chaostocosmos.leap.http.WASException: Error in request parsing process. Caused: javax.net.ssl.SSLHandshakeException: Empty client certificate chain
2022-02-14 13:22:15.424 DEBUG - REQUEST RESOURCE: response.html   PATH: .\home\webapp\WEB-INF\static
2022-02-14 13:22:15.426 ERROR - Connection or outbound has closed
java.net.SocketException: Connection or outbound has closed
	at java.base/sun.security.ssl.SSLSocketImpl$AppOutputStream.write(SSLSocketImpl.java:1217)
	at java.base/java.io.OutputStream.write(OutputStream.java:122)
	at org.chaostocosmos.leap.http.LeapRequestHandler.sendResponse(LeapRequestHandler.java:192)
	at org.chaostocosmos.leap.http.LeapRequestHandler.run(LeapRequestHandler.java:178)
	at java.base/java.util.concurrent.Executors$RunnableAdapter.call(Executors.java:515)
	at java.base/java.util.concurrent.FutureTask.run(FutureTask.java:264)
	at java.base/java.util.concurrent.ThreadPoolExecutor.runWorker(ThreadPoolExecutor.java:1128)
	at java.base/java.util.concurrent.ThreadPoolExecutor$Worker.run(ThreadPoolExecutor.java:628)
	at java.base/java.lang.Thread.run(Thread.java:829)
2022-02-14 13:22:15.433 INFO  - Client close....../0:0:0:0:0:0:0:1
2022-02-14 13:25:02.133 INFO  - Leap WAS server starting......
2022-02-14 13:25:02.136 INFO  - --------------------------------------------------------------------------
2022-02-14 13:25:02.137 INFO  - ThreadPool initialized - CORE: 50 MAX: 50 KEEP-ALIVE WHEN IDLE(seconds): 30
2022-02-14 13:25:02.137 INFO  - verbose mode on
2022-02-14 13:25:02.146 INFO  - Add dynamic classpath to ClassLoader: file:/D:/0.github/Leap/./home/webapp/services/
2022-02-14 13:25:02.177 DEBUG - org.chaostocosmos.leap.http.services.LeapServiceDeploy@6a03bcb1 : DEPLOY
2022-02-14 13:25:02.178 INFO  - Add service: org.chaostocosmos.leap.http.services.LeapServiceDeploy  Mapping path: /deploy/service/
2022-02-14 13:25:02.180 DEBUG - org.chaostocosmos.leap.http.services.TimeServiceImpl@11fc564b : POST
2022-02-14 13:25:02.181 INFO  - Add service: org.chaostocosmos.leap.http.services.TimeServiceImpl  Mapping path: /time/GetTime
2022-02-14 13:25:02.181 INFO  - Default host added - Server: leap   Host: localhost   Port: 443   Doc-Root: home   Logging path: logs/leap.log   Level: [DEBUG]
2022-02-14 13:25:02.182 INFO  - Virtual host added - Server: leap2   Host: 192.168.1.28   Port: 8081   Doc-Root: home2   Logging path: logs/leap.log   Level: [DEBUG]
2022-02-14 13:25:02.184 INFO  - Virtual host added - Server: leap1   Host: 127.0.0.1   Port: 8080   Doc-Root: home1   Logging path: logs/leap.log   Level: [DEBUG]
2022-02-14 13:25:02.478 INFO  - Accepting connections on port 8080
2022-02-14 13:25:07.103 INFO  - Host: localhost:443  Client request accepted...... /0:0:0:0:0:0:0:1
2022-02-14 13:25:07.106 INFO  - Host: localhost:443  Client request accepted...... /0:0:0:0:0:0:0:1
2022-02-14 13:25:07.366 INFO  - Host: localhost:443  Client request accepted...... /0:0:0:0:0:0:0:1
2022-02-14 13:25:07.535 ERROR - org.chaostocosmos.leap.http.WASException: Error in request parsing process. Caused: javax.net.ssl.SSLHandshakeException: Remote host terminated the handshake
org.chaostocosmos.leap.http.WASException: Error in request parsing process. Caused: javax.net.ssl.SSLHandshakeException: Remote host terminated the handshake
	at java.base/sun.security.ssl.SSLSocketImpl.handleEOF(SSLSocketImpl.java:1616)
	at java.base/sun.security.ssl.SSLSocketImpl.decode(SSLSocketImpl.java:1434)
	at java.base/sun.security.ssl.SSLSocketImpl.readHandshakeRecord(SSLSocketImpl.java:1336)
	at java.base/sun.security.ssl.SSLSocketImpl.startHandshake(SSLSocketImpl.java:450)
	at java.base/sun.security.ssl.SSLSocketImpl.ensureNegotiated(SSLSocketImpl.java:841)
	at java.base/sun.security.ssl.SSLSocketImpl$AppInputStream.read(SSLSocketImpl.java:932)
	at java.base/sun.security.ssl.SSLSocketImpl$AppInputStream.read(SSLSocketImpl.java:892)
	at org.chaostocosmos.leap.http.commons.StreamUtils.readLine(StreamUtils.java:359)
	at org.chaostocosmos.leap.http.HttpParser$RequestParser.parseRequest(HttpParser.java:92)
	at org.chaostocosmos.leap.http.LeapRequestHandler.run(LeapRequestHandler.java:86)
	at java.base/java.util.concurrent.Executors$RunnableAdapter.call(Executors.java:515)
	at java.base/java.util.concurrent.FutureTask.run(FutureTask.java:264)
	at java.base/java.util.concurrent.ThreadPoolExecutor.runWorker(ThreadPoolExecutor.java:1128)
	at java.base/java.util.concurrent.ThreadPoolExecutor$Worker.run(ThreadPoolExecutor.java:628)
	at java.base/java.lang.Thread.run(Thread.java:829)
Caused by: javax.net.ssl.SSLHandshakeException: Remote host terminated the handshake
	... 15 common frames omitted
Caused by: java.io.EOFException: SSL peer shut down incorrectly
	at java.base/sun.security.ssl.SSLSocketInputRecord.read(SSLSocketInputRecord.java:483)
	at java.base/sun.security.ssl.SSLSocketInputRecord.readHeader(SSLSocketInputRecord.java:472)
	at java.base/sun.security.ssl.SSLSocketInputRecord.decode(SSLSocketInputRecord.java:160)
	at java.base/sun.security.ssl.SSLTransport.decode(SSLTransport.java:111)
	at java.base/sun.security.ssl.SSLSocketImpl.decode(SSLSocketImpl.java:1426)
	... 13 common frames omitted
2022-02-14 13:25:07.536 ERROR - org.chaostocosmos.leap.http.WASException: Error in request parsing process. Caused: javax.net.ssl.SSLHandshakeException: Remote host terminated the handshake
org.chaostocosmos.leap.http.WASException: Error in request parsing process. Caused: javax.net.ssl.SSLHandshakeException: Remote host terminated the handshake
	at java.base/sun.security.ssl.SSLSocketImpl.handleEOF(SSLSocketImpl.java:1616)
	at java.base/sun.security.ssl.SSLSocketImpl.decode(SSLSocketImpl.java:1434)
	at java.base/sun.security.ssl.SSLSocketImpl.readHandshakeRecord(SSLSocketImpl.java:1336)
	at java.base/sun.security.ssl.SSLSocketImpl.startHandshake(SSLSocketImpl.java:450)
	at java.base/sun.security.ssl.SSLSocketImpl.ensureNegotiated(SSLSocketImpl.java:841)
	at java.base/sun.security.ssl.SSLSocketImpl$AppInputStream.read(SSLSocketImpl.java:932)
	at java.base/sun.security.ssl.SSLSocketImpl$AppInputStream.read(SSLSocketImpl.java:892)
	at org.chaostocosmos.leap.http.commons.StreamUtils.readLine(StreamUtils.java:359)
	at org.chaostocosmos.leap.http.HttpParser$RequestParser.parseRequest(HttpParser.java:92)
	at org.chaostocosmos.leap.http.LeapRequestHandler.run(LeapRequestHandler.java:86)
	at java.base/java.util.concurrent.Executors$RunnableAdapter.call(Executors.java:515)
	at java.base/java.util.concurrent.FutureTask.run(FutureTask.java:264)
	at java.base/java.util.concurrent.ThreadPoolExecutor.runWorker(ThreadPoolExecutor.java:1128)
	at java.base/java.util.concurrent.ThreadPoolExecutor$Worker.run(ThreadPoolExecutor.java:628)
	at java.base/java.lang.Thread.run(Thread.java:829)
Caused by: javax.net.ssl.SSLHandshakeException: Remote host terminated the handshake
	... 15 common frames omitted
Caused by: java.io.EOFException: SSL peer shut down incorrectly
	at java.base/sun.security.ssl.SSLSocketInputRecord.read(SSLSocketInputRecord.java:483)
	at java.base/sun.security.ssl.SSLSocketInputRecord.readHeader(SSLSocketInputRecord.java:472)
	at java.base/sun.security.ssl.SSLSocketInputRecord.decode(SSLSocketInputRecord.java:160)
	at java.base/sun.security.ssl.SSLTransport.decode(SSLTransport.java:111)
	at java.base/sun.security.ssl.SSLSocketImpl.decode(SSLSocketImpl.java:1426)
	... 13 common frames omitted
2022-02-14 13:25:07.576 WARN  - Type: ERROR Code: 45 Exception: org.chaostocosmos.leap.http.WASException: Error in request parsing process. Caused: javax.net.ssl.SSLHandshakeException: Remote host terminated the handshake
2022-02-14 13:25:07.593 DEBUG - REQUEST RESOURCE: response.html   PATH: .\home\webapp\WEB-INF\static
2022-02-14 13:25:07.552 WARN  - Type: ERROR Code: 45 Exception: org.chaostocosmos.leap.http.WASException: Error in request parsing process. Caused: javax.net.ssl.SSLHandshakeException: Remote host terminated the handshake
2022-02-14 13:25:07.596 DEBUG - REQUEST RESOURCE: response.html   PATH: .\home\webapp\WEB-INF\static
2022-02-14 13:25:07.597 ERROR - Connection or outbound has closed
java.net.SocketException: Connection or outbound has closed
	at java.base/sun.security.ssl.SSLSocketImpl$AppOutputStream.write(SSLSocketImpl.java:1217)
	at java.base/java.io.OutputStream.write(OutputStream.java:122)
	at org.chaostocosmos.leap.http.LeapRequestHandler.sendResponse(LeapRequestHandler.java:192)
	at org.chaostocosmos.leap.http.LeapRequestHandler.run(LeapRequestHandler.java:178)
	at java.base/java.util.concurrent.Executors$RunnableAdapter.call(Executors.java:515)
	at java.base/java.util.concurrent.FutureTask.run(FutureTask.java:264)
	at java.base/java.util.concurrent.ThreadPoolExecutor.runWorker(ThreadPoolExecutor.java:1128)
	at java.base/java.util.concurrent.ThreadPoolExecutor$Worker.run(ThreadPoolExecutor.java:628)
	at java.base/java.lang.Thread.run(Thread.java:829)
2022-02-14 13:25:07.598 ERROR - Connection or outbound has closed
java.net.SocketException: Connection or outbound has closed
	at java.base/sun.security.ssl.SSLSocketImpl$AppOutputStream.write(SSLSocketImpl.java:1217)
	at java.base/java.io.OutputStream.write(OutputStream.java:122)
	at org.chaostocosmos.leap.http.LeapRequestHandler.sendResponse(LeapRequestHandler.java:192)
	at org.chaostocosmos.leap.http.LeapRequestHandler.run(LeapRequestHandler.java:178)
	at java.base/java.util.concurrent.Executors$RunnableAdapter.call(Executors.java:515)
	at java.base/java.util.concurrent.FutureTask.run(FutureTask.java:264)
	at java.base/java.util.concurrent.ThreadPoolExecutor.runWorker(ThreadPoolExecutor.java:1128)
	at java.base/java.util.concurrent.ThreadPoolExecutor$Worker.run(ThreadPoolExecutor.java:628)
	at java.base/java.lang.Thread.run(Thread.java:829)
2022-02-14 13:25:07.601 INFO  - Client close....../0:0:0:0:0:0:0:1
2022-02-14 13:25:07.600 INFO  - Client close....../0:0:0:0:0:0:0:1
2022-02-14 13:25:07.609 ERROR - org.chaostocosmos.leap.http.WASException: Error in request parsing process. Caused: javax.net.ssl.SSLHandshakeException: Empty client certificate chain
org.chaostocosmos.leap.http.WASException: Error in request parsing process. Caused: javax.net.ssl.SSLHandshakeException: Empty client certificate chain
	at java.base/sun.security.ssl.Alert.createSSLException(Alert.java:131)
	at java.base/sun.security.ssl.Alert.createSSLException(Alert.java:117)
	at java.base/sun.security.ssl.TransportContext.fatal(TransportContext.java:336)
	at java.base/sun.security.ssl.TransportContext.fatal(TransportContext.java:292)
	at java.base/sun.security.ssl.TransportContext.fatal(TransportContext.java:283)
	at java.base/sun.security.ssl.CertificateMessage$T13CertificateConsumer.onConsumeCertificate(CertificateMessage.java:1194)
	at java.base/sun.security.ssl.CertificateMessage$T13CertificateConsumer.consume(CertificateMessage.java:1181)
	at java.base/sun.security.ssl.SSLHandshake.consume(SSLHandshake.java:392)
	at java.base/sun.security.ssl.HandshakeContext.dispatch(HandshakeContext.java:443)
	at java.base/sun.security.ssl.HandshakeContext.dispatch(HandshakeContext.java:421)
	at java.base/sun.security.ssl.TransportContext.dispatch(TransportContext.java:182)
	at java.base/sun.security.ssl.SSLTransport.decode(SSLTransport.java:172)
	at java.base/sun.security.ssl.SSLSocketImpl.decode(SSLSocketImpl.java:1426)
	at java.base/sun.security.ssl.SSLSocketImpl.readHandshakeRecord(SSLSocketImpl.java:1336)
	at java.base/sun.security.ssl.SSLSocketImpl.startHandshake(SSLSocketImpl.java:450)
	at java.base/sun.security.ssl.SSLSocketImpl.ensureNegotiated(SSLSocketImpl.java:841)
	at java.base/sun.security.ssl.SSLSocketImpl$AppInputStream.read(SSLSocketImpl.java:932)
	at java.base/sun.security.ssl.SSLSocketImpl$AppInputStream.read(SSLSocketImpl.java:892)
	at org.chaostocosmos.leap.http.commons.StreamUtils.readLine(StreamUtils.java:359)
	at org.chaostocosmos.leap.http.HttpParser$RequestParser.parseRequest(HttpParser.java:92)
	at org.chaostocosmos.leap.http.LeapRequestHandler.run(LeapRequestHandler.java:86)
	at java.base/java.util.concurrent.Executors$RunnableAdapter.call(Executors.java:515)
	at java.base/java.util.concurrent.FutureTask.run(FutureTask.java:264)
	at java.base/java.util.concurrent.ThreadPoolExecutor.runWorker(ThreadPoolExecutor.java:1128)
	at java.base/java.util.concurrent.ThreadPoolExecutor$Worker.run(ThreadPoolExecutor.java:628)
	at java.base/java.lang.Thread.run(Thread.java:829)
Caused by: javax.net.ssl.SSLHandshakeException: Empty client certificate chain
	... 26 common frames omitted
2022-02-14 13:25:07.615 WARN  - Type: ERROR Code: 45 Exception: org.chaostocosmos.leap.http.WASException: Error in request parsing process. Caused: javax.net.ssl.SSLHandshakeException: Empty client certificate chain
2022-02-14 13:25:07.616 DEBUG - REQUEST RESOURCE: response.html   PATH: .\home\webapp\WEB-INF\static
2022-02-14 13:25:07.619 ERROR - Connection or outbound has closed
java.net.SocketException: Connection or outbound has closed
	at java.base/sun.security.ssl.SSLSocketImpl$AppOutputStream.write(SSLSocketImpl.java:1217)
	at java.base/java.io.OutputStream.write(OutputStream.java:122)
	at org.chaostocosmos.leap.http.LeapRequestHandler.sendResponse(LeapRequestHandler.java:192)
	at org.chaostocosmos.leap.http.LeapRequestHandler.run(LeapRequestHandler.java:178)
	at java.base/java.util.concurrent.Executors$RunnableAdapter.call(Executors.java:515)
	at java.base/java.util.concurrent.FutureTask.run(FutureTask.java:264)
	at java.base/java.util.concurrent.ThreadPoolExecutor.runWorker(ThreadPoolExecutor.java:1128)
	at java.base/java.util.concurrent.ThreadPoolExecutor$Worker.run(ThreadPoolExecutor.java:628)
	at java.base/java.lang.Thread.run(Thread.java:829)
2022-02-14 13:25:07.624 INFO  - Client close....../0:0:0:0:0:0:0:1
2022-02-14 13:26:01.754 INFO  - Leap WAS server starting......
2022-02-14 13:26:01.757 INFO  - --------------------------------------------------------------------------
2022-02-14 13:26:01.757 INFO  - ThreadPool initialized - CORE: 50 MAX: 50 KEEP-ALIVE WHEN IDLE(seconds): 30
2022-02-14 13:26:01.757 INFO  - verbose mode on
2022-02-14 13:26:01.766 INFO  - Add dynamic classpath to ClassLoader: file:/D:/0.github/Leap/./home/webapp/services/
2022-02-14 13:26:01.792 DEBUG - org.chaostocosmos.leap.http.services.LeapServiceDeploy@6a03bcb1 : DEPLOY
2022-02-14 13:26:01.794 INFO  - Add service: org.chaostocosmos.leap.http.services.LeapServiceDeploy  Mapping path: /deploy/service/
2022-02-14 13:26:01.796 DEBUG - org.chaostocosmos.leap.http.services.TimeServiceImpl@11fc564b : POST
2022-02-14 13:26:01.797 INFO  - Add service: org.chaostocosmos.leap.http.services.TimeServiceImpl  Mapping path: /time/GetTime
2022-02-14 13:26:01.798 INFO  - Default host added - Server: leap   Host: localhost   Port: 443   Doc-Root: home   Logging path: logs/leap.log   Level: [DEBUG]
2022-02-14 13:26:01.799 INFO  - Virtual host added - Server: leap2   Host: 192.168.1.28   Port: 8081   Doc-Root: home2   Logging path: logs/leap.log   Level: [DEBUG]
2022-02-14 13:26:01.800 INFO  - Virtual host added - Server: leap1   Host: 127.0.0.1   Port: 8080   Doc-Root: home1   Logging path: logs/leap.log   Level: [DEBUG]
2022-02-14 13:26:02.293 INFO  - Accepting connections on port 8080
2022-02-14 13:26:04.602 INFO  - Host: localhost:443  Client request accepted...... /0:0:0:0:0:0:0:1
2022-02-14 13:26:04.605 INFO  - Host: localhost:443  Client request accepted...... /0:0:0:0:0:0:0:1
2022-02-14 13:26:04.964 INFO  - Host: localhost:443  Client request accepted...... /0:0:0:0:0:0:0:1
2022-02-14 13:26:04.978 ERROR - org.chaostocosmos.leap.http.WASException: Error in request parsing process. Caused: javax.net.ssl.SSLHandshakeException: Remote host terminated the handshake
org.chaostocosmos.leap.http.WASException: Error in request parsing process. Caused: javax.net.ssl.SSLHandshakeException: Remote host terminated the handshake
	at java.base/sun.security.ssl.SSLSocketImpl.handleEOF(SSLSocketImpl.java:1616)
	at java.base/sun.security.ssl.SSLSocketImpl.decode(SSLSocketImpl.java:1434)
	at java.base/sun.security.ssl.SSLSocketImpl.readHandshakeRecord(SSLSocketImpl.java:1336)
	at java.base/sun.security.ssl.SSLSocketImpl.startHandshake(SSLSocketImpl.java:450)
	at java.base/sun.security.ssl.SSLSocketImpl.ensureNegotiated(SSLSocketImpl.java:841)
	at java.base/sun.security.ssl.SSLSocketImpl$AppInputStream.read(SSLSocketImpl.java:932)
	at java.base/sun.security.ssl.SSLSocketImpl$AppInputStream.read(SSLSocketImpl.java:892)
	at org.chaostocosmos.leap.http.commons.StreamUtils.readLine(StreamUtils.java:359)
	at org.chaostocosmos.leap.http.HttpParser$RequestParser.parseRequest(HttpParser.java:92)
	at org.chaostocosmos.leap.http.LeapRequestHandler.run(LeapRequestHandler.java:86)
	at java.base/java.util.concurrent.Executors$RunnableAdapter.call(Executors.java:515)
	at java.base/java.util.concurrent.FutureTask.run(FutureTask.java:264)
	at java.base/java.util.concurrent.ThreadPoolExecutor.runWorker(ThreadPoolExecutor.java:1128)
	at java.base/java.util.concurrent.ThreadPoolExecutor$Worker.run(ThreadPoolExecutor.java:628)
	at java.base/java.lang.Thread.run(Thread.java:829)
Caused by: javax.net.ssl.SSLHandshakeException: Remote host terminated the handshake
	... 15 common frames omitted
Caused by: java.io.EOFException: SSL peer shut down incorrectly
	at java.base/sun.security.ssl.SSLSocketInputRecord.read(SSLSocketInputRecord.java:483)
	at java.base/sun.security.ssl.SSLSocketInputRecord.readHeader(SSLSocketInputRecord.java:472)
	at java.base/sun.security.ssl.SSLSocketInputRecord.decode(SSLSocketInputRecord.java:160)
	at java.base/sun.security.ssl.SSLTransport.decode(SSLTransport.java:111)
	at java.base/sun.security.ssl.SSLSocketImpl.decode(SSLSocketImpl.java:1426)
	... 13 common frames omitted
2022-02-14 13:26:04.983 WARN  - Type: ERROR Code: 45 Exception: org.chaostocosmos.leap.http.WASException: Error in request parsing process. Caused: javax.net.ssl.SSLHandshakeException: Remote host terminated the handshake
2022-02-14 13:26:04.978 ERROR - org.chaostocosmos.leap.http.WASException: Error in request parsing process. Caused: java.net.SocketException: Software caused connection abort: recv failed
org.chaostocosmos.leap.http.WASException: Error in request parsing process. Caused: java.net.SocketException: Software caused connection abort: recv failed
	at java.base/java.net.SocketInputStream.socketRead0(Native Method)
	at java.base/java.net.SocketInputStream.socketRead(SocketInputStream.java:115)
	at java.base/java.net.SocketInputStream.read(SocketInputStream.java:168)
	at java.base/java.net.SocketInputStream.read(SocketInputStream.java:140)
	at java.base/sun.security.ssl.SSLSocketInputRecord.read(SSLSocketInputRecord.java:478)
	at java.base/sun.security.ssl.SSLSocketInputRecord.readHeader(SSLSocketInputRecord.java:472)
	at java.base/sun.security.ssl.SSLSocketInputRecord.decode(SSLSocketInputRecord.java:160)
	at java.base/sun.security.ssl.SSLTransport.decode(SSLTransport.java:111)
	at java.base/sun.security.ssl.SSLSocketImpl.decode(SSLSocketImpl.java:1426)
	at java.base/sun.security.ssl.SSLSocketImpl.readHandshakeRecord(SSLSocketImpl.java:1336)
	at java.base/sun.security.ssl.SSLSocketImpl.startHandshake(SSLSocketImpl.java:450)
	at java.base/sun.security.ssl.SSLSocketImpl.ensureNegotiated(SSLSocketImpl.java:841)
	at java.base/sun.security.ssl.SSLSocketImpl$AppInputStream.read(SSLSocketImpl.java:932)
	at java.base/sun.security.ssl.SSLSocketImpl$AppInputStream.read(SSLSocketImpl.java:892)
	at org.chaostocosmos.leap.http.commons.StreamUtils.readLine(StreamUtils.java:359)
	at org.chaostocosmos.leap.http.HttpParser$RequestParser.parseRequest(HttpParser.java:92)
	at org.chaostocosmos.leap.http.LeapRequestHandler.run(LeapRequestHandler.java:86)
	at java.base/java.util.concurrent.Executors$RunnableAdapter.call(Executors.java:515)
	at java.base/java.util.concurrent.FutureTask.run(FutureTask.java:264)
	at java.base/java.util.concurrent.ThreadPoolExecutor.runWorker(ThreadPoolExecutor.java:1128)
	at java.base/java.util.concurrent.ThreadPoolExecutor$Worker.run(ThreadPoolExecutor.java:628)
	at java.base/java.lang.Thread.run(Thread.java:829)
Caused by: java.net.SocketException: Software caused connection abort: recv failed
	... 22 common frames omitted
2022-02-14 13:26:04.985 DEBUG - REQUEST RESOURCE: response.html   PATH: .\home\webapp\WEB-INF\static
2022-02-14 13:26:04.989 WARN  - Type: ERROR Code: 45 Exception: org.chaostocosmos.leap.http.WASException: Error in request parsing process. Caused: java.net.SocketException: Software caused connection abort: recv failed
2022-02-14 13:26:04.989 DEBUG - REQUEST RESOURCE: response.html   PATH: .\home\webapp\WEB-INF\static
2022-02-14 13:26:04.990 ERROR - Connection or outbound has closed
java.net.SocketException: Connection or outbound has closed
	at java.base/sun.security.ssl.SSLSocketImpl$AppOutputStream.write(SSLSocketImpl.java:1217)
	at java.base/java.io.OutputStream.write(OutputStream.java:122)
	at org.chaostocosmos.leap.http.LeapRequestHandler.sendResponse(LeapRequestHandler.java:192)
	at org.chaostocosmos.leap.http.LeapRequestHandler.run(LeapRequestHandler.java:178)
	at java.base/java.util.concurrent.Executors$RunnableAdapter.call(Executors.java:515)
	at java.base/java.util.concurrent.FutureTask.run(FutureTask.java:264)
	at java.base/java.util.concurrent.ThreadPoolExecutor.runWorker(ThreadPoolExecutor.java:1128)
	at java.base/java.util.concurrent.ThreadPoolExecutor$Worker.run(ThreadPoolExecutor.java:628)
	at java.base/java.lang.Thread.run(Thread.java:829)
2022-02-14 13:26:04.992 ERROR - Connection or outbound has closed
java.net.SocketException: Connection or outbound has closed
	at java.base/sun.security.ssl.SSLSocketImpl$AppOutputStream.write(SSLSocketImpl.java:1217)
	at java.base/java.io.OutputStream.write(OutputStream.java:122)
	at org.chaostocosmos.leap.http.LeapRequestHandler.sendResponse(LeapRequestHandler.java:192)
	at org.chaostocosmos.leap.http.LeapRequestHandler.run(LeapRequestHandler.java:178)
	at java.base/java.util.concurrent.Executors$RunnableAdapter.call(Executors.java:515)
	at java.base/java.util.concurrent.FutureTask.run(FutureTask.java:264)
	at java.base/java.util.concurrent.ThreadPoolExecutor.runWorker(ThreadPoolExecutor.java:1128)
	at java.base/java.util.concurrent.ThreadPoolExecutor$Worker.run(ThreadPoolExecutor.java:628)
	at java.base/java.lang.Thread.run(Thread.java:829)
2022-02-14 13:26:04.994 INFO  - Client close....../0:0:0:0:0:0:0:1
2022-02-14 13:26:04.997 INFO  - Client close....../0:0:0:0:0:0:0:1
2022-02-14 13:26:05.022 ERROR - org.chaostocosmos.leap.http.WASException: Error in request parsing process. Caused: javax.net.ssl.SSLHandshakeException: Empty client certificate chain
org.chaostocosmos.leap.http.WASException: Error in request parsing process. Caused: javax.net.ssl.SSLHandshakeException: Empty client certificate chain
	at java.base/sun.security.ssl.Alert.createSSLException(Alert.java:131)
	at java.base/sun.security.ssl.Alert.createSSLException(Alert.java:117)
	at java.base/sun.security.ssl.TransportContext.fatal(TransportContext.java:336)
	at java.base/sun.security.ssl.TransportContext.fatal(TransportContext.java:292)
	at java.base/sun.security.ssl.TransportContext.fatal(TransportContext.java:283)
	at java.base/sun.security.ssl.CertificateMessage$T13CertificateConsumer.onConsumeCertificate(CertificateMessage.java:1194)
	at java.base/sun.security.ssl.CertificateMessage$T13CertificateConsumer.consume(CertificateMessage.java:1181)
	at java.base/sun.security.ssl.SSLHandshake.consume(SSLHandshake.java:392)
	at java.base/sun.security.ssl.HandshakeContext.dispatch(HandshakeContext.java:443)
	at java.base/sun.security.ssl.HandshakeContext.dispatch(HandshakeContext.java:421)
	at java.base/sun.security.ssl.TransportContext.dispatch(TransportContext.java:182)
	at java.base/sun.security.ssl.SSLTransport.decode(SSLTransport.java:172)
	at java.base/sun.security.ssl.SSLSocketImpl.decode(SSLSocketImpl.java:1426)
	at java.base/sun.security.ssl.SSLSocketImpl.readHandshakeRecord(SSLSocketImpl.java:1336)
	at java.base/sun.security.ssl.SSLSocketImpl.startHandshake(SSLSocketImpl.java:450)
	at java.base/sun.security.ssl.SSLSocketImpl.ensureNegotiated(SSLSocketImpl.java:841)
	at java.base/sun.security.ssl.SSLSocketImpl$AppInputStream.read(SSLSocketImpl.java:932)
	at java.base/sun.security.ssl.SSLSocketImpl$AppInputStream.read(SSLSocketImpl.java:892)
	at org.chaostocosmos.leap.http.commons.StreamUtils.readLine(StreamUtils.java:359)
	at org.chaostocosmos.leap.http.HttpParser$RequestParser.parseRequest(HttpParser.java:92)
	at org.chaostocosmos.leap.http.LeapRequestHandler.run(LeapRequestHandler.java:86)
	at java.base/java.util.concurrent.Executors$RunnableAdapter.call(Executors.java:515)
	at java.base/java.util.concurrent.FutureTask.run(FutureTask.java:264)
	at java.base/java.util.concurrent.ThreadPoolExecutor.runWorker(ThreadPoolExecutor.java:1128)
	at java.base/java.util.concurrent.ThreadPoolExecutor$Worker.run(ThreadPoolExecutor.java:628)
	at java.base/java.lang.Thread.run(Thread.java:829)
Caused by: javax.net.ssl.SSLHandshakeException: Empty client certificate chain
	... 26 common frames omitted
2022-02-14 13:26:05.053 WARN  - Type: ERROR Code: 45 Exception: org.chaostocosmos.leap.http.WASException: Error in request parsing process. Caused: javax.net.ssl.SSLHandshakeException: Empty client certificate chain
2022-02-14 13:26:05.056 DEBUG - REQUEST RESOURCE: response.html   PATH: .\home\webapp\WEB-INF\static
2022-02-14 13:26:05.060 ERROR - Connection or outbound has closed
java.net.SocketException: Connection or outbound has closed
	at java.base/sun.security.ssl.SSLSocketImpl$AppOutputStream.write(SSLSocketImpl.java:1217)
	at java.base/java.io.OutputStream.write(OutputStream.java:122)
	at org.chaostocosmos.leap.http.LeapRequestHandler.sendResponse(LeapRequestHandler.java:192)
	at org.chaostocosmos.leap.http.LeapRequestHandler.run(LeapRequestHandler.java:178)
	at java.base/java.util.concurrent.Executors$RunnableAdapter.call(Executors.java:515)
	at java.base/java.util.concurrent.FutureTask.run(FutureTask.java:264)
	at java.base/java.util.concurrent.ThreadPoolExecutor.runWorker(ThreadPoolExecutor.java:1128)
	at java.base/java.util.concurrent.ThreadPoolExecutor$Worker.run(ThreadPoolExecutor.java:628)
	at java.base/java.lang.Thread.run(Thread.java:829)
2022-02-14 13:26:05.063 INFO  - Client close....../0:0:0:0:0:0:0:1
