2022-02-17 15:54:14.586 INFO  - Leap WAS server starting......
2022-02-17 15:54:14.594 INFO  - --------------------------------------------------------------------------
2022-02-17 15:54:14.595 INFO  - ThreadPool initialized - CORE: 50 MAX: 50 KEEP-ALIVE WHEN IDLE(seconds): 30
2022-02-17 15:54:14.595 INFO  - verbose mode on
2022-02-17 15:54:14.603 INFO  - Add dynamic classpath to ClassLoader: file:/D:/0.github/Leap/./home/webapp/services/
2022-02-17 15:54:14.634 DEBUG - Method not mapped with MethodMapper: errorHandling
2022-02-17 15:54:14.635 DEBUG - org.chaostocosmos.leap.http.services.LeapServiceDeploy@1d8bd0de : POST
2022-02-17 15:54:14.636 INFO  - Add service: org.chaostocosmos.leap.http.services.LeapServiceDeploy  Mapping path: /deploy/service/
2022-02-17 15:54:14.639 DEBUG - org.chaostocosmos.leap.http.services.TimeServiceImpl@3943a2be : GET
2022-02-17 15:54:14.640 INFO  - Add service: org.chaostocosmos.leap.http.services.TimeServiceImpl  Mapping path: /time/GetTime
2022-02-17 15:54:14.640 DEBUG - Method not mapped with MethodMapper: errorHandling
2022-02-17 15:54:14.640 INFO  - Default host added - Server: leap   Host: localhost   Port: 8080   Doc-Root: home   Logging path: logs/leap.log   Level: [DEBUG]
2022-02-17 15:54:14.642 INFO  - Virtual host added - Server: leap2   Host: 192.168.1.28   Port: 8081   Doc-Root: home2   Logging path: logs/leap.log   Level: [DEBUG]
2022-02-17 15:54:14.643 INFO  - Virtual host added - Server: leap1   Host: 127.0.0.1   Port: 8080   Doc-Root: home1   Logging path: logs/leap.log   Level: [DEBUG]
2022-02-17 15:54:14.655 INFO  - HTTP SERVER START. Port: 8080
2022-02-17 15:58:42.645 INFO  - Leap WAS server starting......
2022-02-17 15:58:42.649 INFO  - --------------------------------------------------------------------------
2022-02-17 15:58:42.649 INFO  - ThreadPool initialized - CORE: 50 MAX: 50 KEEP-ALIVE WHEN IDLE(seconds): 30
2022-02-17 15:58:42.649 INFO  - verbose mode on
2022-02-17 15:58:42.659 INFO  - Add dynamic classpath to ClassLoader: file:/D:/0.github/Leap/./home/webapp/services/
2022-02-17 15:58:42.683 DEBUG - Method not mapped with MethodMapper: errorHandling
2022-02-17 15:58:42.685 DEBUG - org.chaostocosmos.leap.http.services.LeapServiceDeploy@fa36558 : POST
2022-02-17 15:58:42.686 INFO  - Add service: org.chaostocosmos.leap.http.services.LeapServiceDeploy  Mapping path: /deploy/service/
2022-02-17 15:58:42.688 DEBUG - org.chaostocosmos.leap.http.services.TimeServiceImpl@484970b0 : GET
2022-02-17 15:58:42.689 INFO  - Add service: org.chaostocosmos.leap.http.services.TimeServiceImpl  Mapping path: /time/GetTime
2022-02-17 15:58:42.690 DEBUG - Method not mapped with MethodMapper: errorHandling
2022-02-17 15:58:42.690 INFO  - Default host added - Server: leap   Host: localhost   Port: 8080   Doc-Root: home   Logging path: logs/leap.log   Level: [DEBUG]
2022-02-17 15:58:42.693 INFO  - Virtual host added - Server: leap2   Host: 192.168.1.28   Port: 8081   Doc-Root: home2   Logging path: logs/leap.log   Level: [DEBUG]
2022-02-17 15:58:42.693 INFO  - Virtual host added - Server: leap1   Host: 127.0.0.1   Port: 8080   Doc-Root: home1   Logging path: logs/leap.log   Level: [DEBUG]
2022-02-17 15:58:42.704 INFO  - HTTP SERVER START. Port: 8080
2022-02-17 15:59:52.234 INFO  - Leap WAS server starting......
2022-02-17 15:59:52.237 INFO  - --------------------------------------------------------------------------
2022-02-17 15:59:52.238 INFO  - ThreadPool initialized - CORE: 50 MAX: 50 KEEP-ALIVE WHEN IDLE(seconds): 30
2022-02-17 15:59:52.239 INFO  - verbose mode on
2022-02-17 15:59:52.248 INFO  - Add dynamic classpath to ClassLoader: file:/D:/0.github/Leap/./home/webapp/services/
2022-02-17 15:59:52.275 DEBUG - Method not mapped with MethodMapper: errorHandling
2022-02-17 15:59:52.277 DEBUG - org.chaostocosmos.leap.http.services.LeapServiceDeploy@fa36558 : POST
2022-02-17 15:59:52.277 INFO  - Add service: org.chaostocosmos.leap.http.services.LeapServiceDeploy  Mapping path: /deploy/service/
2022-02-17 15:59:52.280 DEBUG - org.chaostocosmos.leap.http.services.TimeServiceImpl@484970b0 : GET
2022-02-17 15:59:52.281 INFO  - Add service: org.chaostocosmos.leap.http.services.TimeServiceImpl  Mapping path: /time/GetTime
2022-02-17 15:59:52.281 DEBUG - Method not mapped with MethodMapper: errorHandling
2022-02-17 15:59:52.281 INFO  - Default host added - Protocol: HTTP_1_0   Server: leap   Host: localhost   Port: 8080   Doc-Root: home   Logging path: logs/leap.log   Level: [DEBUG]
2022-02-17 15:59:52.283 INFO  - Virtual host added - Protocol: HTTP_1_0   Server: leap2   Host: 192.168.1.28   Port: 8081   Doc-Root: home2   Logging path: logs/leap.log   Level: [DEBUG]
2022-02-17 15:59:52.283 INFO  - Virtual host added - Protocol: HTTP_1_0   Server: leap1   Host: 127.0.0.1   Port: 8080   Doc-Root: home1   Logging path: logs/leap.log   Level: [DEBUG]
2022-02-17 15:59:52.294 INFO  - HTTP SERVER START. Port: 8080
