2022-01-28 13:16:28.060 INFO  - Leap WAS server starting......
2022-01-28 13:16:28.065 INFO  - --------------------------------------------------------------------------
2022-01-28 13:16:28.066 INFO  - ThreadPool initialized - CORE: 50 MAX: 50 KEEP-ALIVE WHEN IDLE(seconds): 30
2022-01-28 13:16:28.066 INFO  - verbose mode on
2022-01-28 13:16:28.085 INFO  - Add dynamic classpath to ClassLoader: file:/D:/0.github/Leap/./home/webapp/services/
2022-01-28 13:16:28.138 INFO  - Add service: org.chaostocosmos.leap.http.services.TimeServiceImpl  Mapping path: /time/GetTime
2022-01-28 13:16:28.139 INFO  - Default host added - Server: leap   Host: localhost   Port: 8080   Doc-Root: home   Logging path: logs/leap.log   Level: [DEBUG]
2022-01-28 13:16:28.143 INFO  - Virtual host added - Server: leap2   Host: 192.168.1.28   Port: 8081   Doc-Root: home2   Logging path: logs/leap.log   Level: [DEBUG]
2022-01-28 13:16:28.144 INFO  - Virtual host added - Server: leap1   Host: 127.0.0.1   Port: 8080   Doc-Root: home1   Logging path: logs/leap.log   Level: [DEBUG]
2022-01-28 13:16:28.160 INFO  - Accepting connections on port 8080
2022-01-28 13:16:30.996 INFO  - Host: localhost:8080  Client request accepted... : /127.0.0.1
2022-01-28 13:16:31.006 DEBUG - Context params: {}
2022-01-28 13:16:31.030 DEBUG - Request host: localhost
2022-01-28 13:16:31.031 DEBUG - Authorization: Basic Y2hhb3M5MzA6OTM5Mw==
Accept: */*
User-Agent: PostmanRuntime/7.29.0
Connection: keep-alive
Postman-Token: f9b46de8-c874-4aa8-a394-8adc3b4f9546
Host: localhost:8080
Accept-Encoding: gzip, deflate, br
korean: yahoo
Content-Length: 61
@Client: localhost
Content-Type: application/x-www-form-urlencoded
2022-01-28 13:16:31.037 ERROR - org.chaostocosmos.leap.http.WASException: Requested method is not matching with service: POST
org.chaostocosmos.leap.http.WASException: Requested method is not matching with service: POST
	at org.chaostocosmos.leap.http.services.ServiceManager.vaildateRequestMethod(ServiceManager.java:126)
	at org.chaostocosmos.leap.http.LeapRequestHandler.run(LeapRequestHandler.java:99)
	at java.base/java.util.concurrent.Executors$RunnableAdapter.call(Executors.java:515)
	at java.base/java.util.concurrent.FutureTask.run(FutureTask.java:264)
	at java.base/java.util.concurrent.ThreadPoolExecutor.runWorker(ThreadPoolExecutor.java:1128)
	at java.base/java.util.concurrent.ThreadPoolExecutor$Worker.run(ThreadPoolExecutor.java:628)
	at java.base/java.lang.Thread.run(Thread.java:829)
2022-01-28 13:16:31.038 INFO  - Type: ERROR Code: 34 Exception: org.chaostocosmos.leap.http.WASException: Requested method is not matching with service: POST
2022-01-28 13:16:31.039 DEBUG - .\home\webapp\WEB-INF\static\response.html   response.html   .\home\webapp\WEB-INF\static
2022-01-28 13:16:31.041 INFO  - Error client request /127.0.0.1:65382 --- /127.0.0.1:8080
2022-01-28 13:16:31.041 INFO  - Close client request on error /127.0.0.1:65382 --- /127.0.0.1:8080
2022-01-28 13:16:31.053 DEBUG - { httpRequestDescriptor='{ httpRequest='http://localhost POST', httpVersion='HTTP/1.1', requestType='POST', requestedHost='localhost', reqHeader='{Authorization=Basic Y2hhb3M5MzA6OTM5Mw==, Accept=*/*, User-Agent=PostmanRuntime/7.29.0, Connection=keep-alive, Postman-Token=f9b46de8-c874-4aa8-a394-8adc3b4f9546, Host=localhost:8080, Accept-Encoding=gzip, deflate, br, korean=yahoo, Content-Length=61, @Client=localhost, Content-Type=application/x-www-form-urlencoded}', contentType='application/x-www-form-urlencoded', reqBody='[B@1860f924', contextPath='/time/GetTime', contextParam='{}', bodyPart='null', contentLength='61'}', httpResponse='null', requestedHost='localhost', responseCode='200', responseBody='[B@329253d2', responseHeader='{Server=LeapWAS 1.0.0, Date=Fri Jan 28 13:16:31 KST 2022}'}
2022-01-28 13:18:45.217 INFO  - Leap WAS server starting......
2022-01-28 13:18:45.221 INFO  - --------------------------------------------------------------------------
2022-01-28 13:18:45.222 INFO  - ThreadPool initialized - CORE: 50 MAX: 50 KEEP-ALIVE WHEN IDLE(seconds): 30
2022-01-28 13:18:45.222 INFO  - verbose mode on
2022-01-28 13:18:45.230 INFO  - Add dynamic classpath to ClassLoader: file:/D:/0.github/Leap/./home/webapp/services/
2022-01-28 13:18:45.338 INFO  - Add service: org.chaostocosmos.leap.http.services.TimeServiceImpl  Mapping path: /time/GetTime
2022-01-28 13:18:45.338 INFO  - Default host added - Server: leap   Host: localhost   Port: 8080   Doc-Root: home   Logging path: logs/leap.log   Level: [DEBUG]
2022-01-28 13:18:45.340 INFO  - Virtual host added - Server: leap2   Host: 192.168.1.28   Port: 8081   Doc-Root: home2   Logging path: logs/leap.log   Level: [DEBUG]
2022-01-28 13:18:45.341 INFO  - Virtual host added - Server: leap1   Host: 127.0.0.1   Port: 8080   Doc-Root: home1   Logging path: logs/leap.log   Level: [DEBUG]
2022-01-28 13:18:45.367 INFO  - Accepting connections on port 8080
2022-01-28 13:18:48.439 INFO  - Host: localhost:8080  Client request accepted... : /127.0.0.1
2022-01-28 13:18:48.490 DEBUG - Context params: {}
2022-01-28 13:18:48.512 DEBUG - Request host: localhost
2022-01-28 13:18:48.514 DEBUG - Authorization: Basic Y2hhb3M5MzA6OTM5Mw==
Accept: */*
User-Agent: PostmanRuntime/7.29.0
Connection: keep-alive
Postman-Token: 35bc8f55-8539-45d2-bf49-32ab0882c412
Host: localhost:8080
Accept-Encoding: gzip, deflate, br
korean: yahoo
Content-Length: 61
@Client: localhost
Content-Type: application/x-www-form-urlencoded
2022-01-28 13:18:48.523 ERROR - org.chaostocosmos.leap.http.WASException: Requested method is not matching with service: POST
org.chaostocosmos.leap.http.WASException: Requested method is not matching with service: POST
	at org.chaostocosmos.leap.http.services.ServiceManager.vaildateRequestMethod(ServiceManager.java:126)
	at org.chaostocosmos.leap.http.LeapRequestHandler.run(LeapRequestHandler.java:99)
	at java.base/java.util.concurrent.Executors$RunnableAdapter.call(Executors.java:515)
	at java.base/java.util.concurrent.FutureTask.run(FutureTask.java:264)
	at java.base/java.util.concurrent.ThreadPoolExecutor.runWorker(ThreadPoolExecutor.java:1128)
	at java.base/java.util.concurrent.ThreadPoolExecutor$Worker.run(ThreadPoolExecutor.java:628)
	at java.base/java.lang.Thread.run(Thread.java:829)
2022-01-28 13:18:48.525 INFO  - Type: ERROR Code: 34 Exception: org.chaostocosmos.leap.http.WASException: Requested method is not matching with service: POST
2022-01-28 13:18:48.525 DEBUG - .\home\webapp\WEB-INF\static\response.html   response.html   .\home\webapp\WEB-INF\static
2022-01-28 13:18:48.526 INFO  - Error client request /127.0.0.1:65406 --- /127.0.0.1:8080
2022-01-28 13:18:48.526 INFO  - Close client request on error /127.0.0.1:65406 --- /127.0.0.1:8080
2022-01-28 13:18:48.539 DEBUG - { httpRequestDescriptor='{ httpRequest='http://localhost POST', httpVersion='HTTP/1.1', requestType='POST', requestedHost='localhost', reqHeader='{Authorization=Basic Y2hhb3M5MzA6OTM5Mw==, Accept=*/*, User-Agent=PostmanRuntime/7.29.0, Connection=keep-alive, Postman-Token=35bc8f55-8539-45d2-bf49-32ab0882c412, Host=localhost:8080, Accept-Encoding=gzip, deflate, br, korean=yahoo, Content-Length=61, @Client=localhost, Content-Type=application/x-www-form-urlencoded}', contentType='application/x-www-form-urlencoded', reqBody='[B@2b607616', contextPath='/time/GetTime', contextParam='{}', bodyPart='null', contentLength='61'}', httpResponse='null', requestedHost='localhost', responseCode='200', responseBody='[B@7c17ce5c', responseHeader='{Server=LeapWAS 1.0.0, Date=Fri Jan 28 13:18:48 KST 2022}'}
2022-01-28 13:33:28.258 INFO  - Leap WAS server starting......
2022-01-28 13:33:28.261 INFO  - --------------------------------------------------------------------------
2022-01-28 13:33:28.262 INFO  - ThreadPool initialized - CORE: 50 MAX: 50 KEEP-ALIVE WHEN IDLE(seconds): 30
2022-01-28 13:33:28.262 INFO  - verbose mode on
2022-01-28 13:33:28.267 INFO  - Add dynamic classpath to ClassLoader: file:/D:/0.github/Leap/./home/webapp/services/
2022-01-28 13:33:28.323 INFO  - Add service: org.chaostocosmos.leap.http.services.TimeServiceImpl  Mapping path: /time/GetTime
2022-01-28 13:33:28.324 INFO  - Default host added - Server: leap   Host: localhost   Port: 8080   Doc-Root: home   Logging path: logs/leap.log   Level: [DEBUG]
2022-01-28 13:33:28.326 INFO  - Virtual host added - Server: leap2   Host: 192.168.1.28   Port: 8081   Doc-Root: home2   Logging path: logs/leap.log   Level: [DEBUG]
2022-01-28 13:33:28.326 INFO  - Virtual host added - Server: leap1   Host: 127.0.0.1   Port: 8080   Doc-Root: home1   Logging path: logs/leap.log   Level: [DEBUG]
2022-01-28 13:33:28.341 INFO  - Accepting connections on port 8080
2022-01-28 13:33:31.080 INFO  - Host: localhost:8080  Client request accepted... : /127.0.0.1
2022-01-28 13:33:31.090 DEBUG - Context params: {}
2022-01-28 13:33:31.108 DEBUG - Request host: localhost
2022-01-28 13:33:31.109 DEBUG - Authorization: Basic Y2hhb3M5MzA6OTM5Mw==
Accept: */*
User-Agent: PostmanRuntime/7.29.0
Connection: keep-alive
Postman-Token: ba6cef48-cfc2-4593-aca1-811fadff5b20
Host: localhost:8080
Accept-Encoding: gzip, deflate, br
korean: yahoo
Content-Length: 61
@Client: localhost
Content-Type: application/x-www-form-urlencoded
2022-01-28 13:33:31.118 ERROR - org.chaostocosmos.leap.http.WASException: Requested method is not matching with service: POST
org.chaostocosmos.leap.http.WASException: Requested method is not matching with service: POST
	at org.chaostocosmos.leap.http.services.ServiceManager.vaildateRequestMethod(ServiceManager.java:124)
	at org.chaostocosmos.leap.http.LeapRequestHandler.run(LeapRequestHandler.java:99)
	at java.base/java.util.concurrent.Executors$RunnableAdapter.call(Executors.java:515)
	at java.base/java.util.concurrent.FutureTask.run(FutureTask.java:264)
	at java.base/java.util.concurrent.ThreadPoolExecutor.runWorker(ThreadPoolExecutor.java:1128)
	at java.base/java.util.concurrent.ThreadPoolExecutor$Worker.run(ThreadPoolExecutor.java:628)
	at java.base/java.lang.Thread.run(Thread.java:829)
2022-01-28 13:33:31.120 INFO  - Type: ERROR Code: 34 Exception: org.chaostocosmos.leap.http.WASException: Requested method is not matching with service: POST
2022-01-28 13:33:31.120 DEBUG - .\home\webapp\WEB-INF\static\response.html   response.html   .\home\webapp\WEB-INF\static
2022-01-28 13:33:31.121 INFO  - Error client request /127.0.0.1:64314 --- /127.0.0.1:8080
2022-01-28 13:33:31.121 INFO  - Close client request on error /127.0.0.1:64314 --- /127.0.0.1:8080
2022-01-28 13:33:31.136 DEBUG - { httpRequestDescriptor='{ httpRequest='http://localhost POST', httpVersion='HTTP/1.1', requestType='POST', requestedHost='localhost', reqHeader='{Authorization=Basic Y2hhb3M5MzA6OTM5Mw==, Accept=*/*, User-Agent=PostmanRuntime/7.29.0, Connection=keep-alive, Postman-Token=ba6cef48-cfc2-4593-aca1-811fadff5b20, Host=localhost:8080, Accept-Encoding=gzip, deflate, br, korean=yahoo, Content-Length=61, @Client=localhost, Content-Type=application/x-www-form-urlencoded}', contentType='application/x-www-form-urlencoded', reqBody='[B@4ccb01bf', contextPath='/time/GetTime', contextParam='{}', bodyPart='null', contentLength='61'}', httpResponse='null', requestedHost='localhost', responseCode='200', responseBody='[B@1eb9f78b', responseHeader='{Server=LeapWAS 1.0.0, Date=Fri Jan 28 13:33:31 KST 2022}'}
2022-01-28 13:35:17.948 INFO  - Leap WAS server starting......
2022-01-28 13:35:17.951 INFO  - --------------------------------------------------------------------------
2022-01-28 13:35:17.952 INFO  - ThreadPool initialized - CORE: 50 MAX: 50 KEEP-ALIVE WHEN IDLE(seconds): 30
2022-01-28 13:35:17.952 INFO  - verbose mode on
2022-01-28 13:35:17.958 INFO  - Add dynamic classpath to ClassLoader: file:/D:/0.github/Leap/./home/webapp/services/
2022-01-28 13:35:17.993 INFO  - Add service: org.chaostocosmos.leap.http.services.TimeServiceImpl  Mapping path: /time/GetTime
2022-01-28 13:35:17.994 INFO  - Default host added - Server: leap   Host: localhost   Port: 8080   Doc-Root: home   Logging path: logs/leap.log   Level: [DEBUG]
2022-01-28 13:35:17.995 INFO  - Virtual host added - Server: leap2   Host: 192.168.1.28   Port: 8081   Doc-Root: home2   Logging path: logs/leap.log   Level: [DEBUG]
2022-01-28 13:35:17.996 INFO  - Virtual host added - Server: leap1   Host: 127.0.0.1   Port: 8080   Doc-Root: home1   Logging path: logs/leap.log   Level: [DEBUG]
2022-01-28 13:35:18.007 INFO  - Accepting connections on port 8080
2022-01-28 13:35:19.511 INFO  - Host: localhost:8080  Client request accepted... : /127.0.0.1
2022-01-28 13:35:19.523 DEBUG - Context params: {}
2022-01-28 13:35:19.541 DEBUG - Request host: localhost
2022-01-28 13:35:19.543 DEBUG - Authorization: Basic Y2hhb3M5MzA6OTM5Mw==
Accept: */*
User-Agent: PostmanRuntime/7.29.0
Connection: keep-alive
Postman-Token: 7295b755-0c24-4504-9489-d61330cdd1c2
Host: localhost:8080
Accept-Encoding: gzip, deflate, br
korean: yahoo
Content-Length: 61
@Client: localhost
Content-Type: application/x-www-form-urlencoded
2022-01-28 13:35:19.549 ERROR - org.chaostocosmos.leap.http.WASException: Method Not Allowed   <br>Requested method not supported: POST
org.chaostocosmos.leap.http.WASException: Method Not Allowed   <br>Requested method not supported: POST
	at org.chaostocosmos.leap.http.LeapRequestHandler.run(LeapRequestHandler.java:97)
	at java.base/java.util.concurrent.Executors$RunnableAdapter.call(Executors.java:515)
	at java.base/java.util.concurrent.FutureTask.run(FutureTask.java:264)
	at java.base/java.util.concurrent.ThreadPoolExecutor.runWorker(ThreadPoolExecutor.java:1128)
	at java.base/java.util.concurrent.ThreadPoolExecutor$Worker.run(ThreadPoolExecutor.java:628)
	at java.base/java.lang.Thread.run(Thread.java:829)
2022-01-28 13:35:19.551 INFO  - Type: HTTP Code: 405 Exception: org.chaostocosmos.leap.http.WASException: Method Not Allowed   <br>Requested method not supported: POST
2022-01-28 13:35:19.551 DEBUG - .\home\webapp\WEB-INF\static\response.html   response.html   .\home\webapp\WEB-INF\static
2022-01-28 13:35:19.552 INFO  - Error client request /127.0.0.1:51648 --- /127.0.0.1:8080
2022-01-28 13:35:19.552 INFO  - Close client request on error /127.0.0.1:51648 --- /127.0.0.1:8080
2022-01-28 13:35:19.561 DEBUG - { httpRequestDescriptor='{ httpRequest='http://localhost POST', httpVersion='HTTP/1.1', requestType='POST', requestedHost='localhost', reqHeader='{Authorization=Basic Y2hhb3M5MzA6OTM5Mw==, Accept=*/*, User-Agent=PostmanRuntime/7.29.0, Connection=keep-alive, Postman-Token=7295b755-0c24-4504-9489-d61330cdd1c2, Host=localhost:8080, Accept-Encoding=gzip, deflate, br, korean=yahoo, Content-Length=61, @Client=localhost, Content-Type=application/x-www-form-urlencoded}', contentType='application/x-www-form-urlencoded', reqBody='[B@1fb8c547', contextPath='/time/GetTime', contextParam='{}', bodyPart='null', contentLength='61'}', httpResponse='null', requestedHost='localhost', responseCode='200', responseBody='[B@3a9ec628', responseHeader='{Server=LeapWAS 1.0.0, Date=Fri Jan 28 13:35:19 KST 2022}'}
2022-01-28 13:35:38.025 INFO  - Host: localhost:8080  Client request accepted... : /127.0.0.1
2022-01-28 13:35:38.026 INFO  - Host: localhost:8080  Client request accepted... : /127.0.0.1
2022-01-28 13:35:38.032 ERROR - org.chaostocosmos.leap.http.WASException: Error in request parsing process. Caused: java.lang.NumberFormatException: null
org.chaostocosmos.leap.http.WASException: Error in request parsing process. Caused: java.lang.NumberFormatException: null
	at java.base/java.lang.Long.parseLong(Long.java:655)
	at java.base/java.lang.Long.parseLong(Long.java:817)
	at org.chaostocosmos.leap.http.HttpParser$RequestParser.parseRequest(HttpParser.java:123)
	at org.chaostocosmos.leap.http.LeapRequestHandler.run(LeapRequestHandler.java:76)
	at java.base/java.util.concurrent.Executors$RunnableAdapter.call(Executors.java:515)
	at java.base/java.util.concurrent.FutureTask.run(FutureTask.java:264)
	at java.base/java.util.concurrent.ThreadPoolExecutor.runWorker(ThreadPoolExecutor.java:1128)
	at java.base/java.util.concurrent.ThreadPoolExecutor$Worker.run(ThreadPoolExecutor.java:628)
	at java.base/java.lang.Thread.run(Thread.java:829)
2022-01-28 13:35:38.034 INFO  - Type: ERROR Code: 45 Exception: org.chaostocosmos.leap.http.WASException: Error in request parsing process. Caused: java.lang.NumberFormatException: null
2022-01-28 13:35:38.034 DEBUG - .\home\webapp\WEB-INF\static\response.html   response.html   .\home\webapp\WEB-INF\static
2022-01-28 13:35:38.034 INFO  - Error client request /127.0.0.1:51663 --- /127.0.0.1:8080
2022-01-28 13:35:38.036 INFO  - Close client request on error /127.0.0.1:51663 --- /127.0.0.1:8080
2022-01-28 13:35:38.036 DEBUG - { httpRequestDescriptor='null', httpResponse='null', requestedHost='null', responseCode='200', responseBody='[B@5b249a71', responseHeader='{}'}
2022-01-28 13:35:38.286 INFO  - Host: localhost:8080  Client request accepted... : /127.0.0.1
2022-01-28 13:37:05.999 INFO  - Leap WAS server starting......
2022-01-28 13:37:06.003 INFO  - --------------------------------------------------------------------------
2022-01-28 13:37:06.003 INFO  - ThreadPool initialized - CORE: 50 MAX: 50 KEEP-ALIVE WHEN IDLE(seconds): 30
2022-01-28 13:37:06.004 INFO  - verbose mode on
2022-01-28 13:37:06.011 INFO  - Add dynamic classpath to ClassLoader: file:/D:/0.github/Leap/./home/webapp/services/
2022-01-28 13:37:06.061 INFO  - Add service: org.chaostocosmos.leap.http.services.TimeServiceImpl  Mapping path: /time/GetTime
2022-01-28 13:37:06.061 INFO  - Default host added - Server: leap   Host: localhost   Port: 8080   Doc-Root: home   Logging path: logs/leap.log   Level: [DEBUG]
2022-01-28 13:37:06.063 INFO  - Virtual host added - Server: leap2   Host: 192.168.1.28   Port: 8081   Doc-Root: home2   Logging path: logs/leap.log   Level: [DEBUG]
2022-01-28 13:37:06.063 INFO  - Virtual host added - Server: leap1   Host: 127.0.0.1   Port: 8080   Doc-Root: home1   Logging path: logs/leap.log   Level: [DEBUG]
2022-01-28 13:37:06.074 INFO  - Accepting connections on port 8080
2022-01-28 13:37:07.583 INFO  - Host: localhost:8080  Client request accepted... : /127.0.0.1
2022-01-28 13:37:07.586 INFO  - Host: localhost:8080  Client request accepted... : /127.0.0.1
2022-01-28 13:37:07.614 DEBUG - Request host: localhost
2022-01-28 13:37:07.615 DEBUG - Cookie: io=PL7TK76OSCzqZRBSAAAC
Accept: text/html,application/xhtml+xml,application/xml;q=0.9,image/avif,image/webp,image/apng,*/*;q=0.8,application/signed-exchange;v=b3;q=0.9
Connection: keep-alive
User-Agent: Mozilla/5.0 (Windows NT 10.0; Win64; x64) AppleWebKit/537.36 (KHTML, like Gecko) Chrome/97.0.4692.99 Safari/537.36
Sec-Fetch-Site: none
Sec-Fetch-Dest: document
Host: localhost:8080
Accept-Encoding: gzip, deflate, br
@Client: localhost
Sec-Fetch-Mode: navigate
sec-ch-ua: " Not;A Brand";v="99", "Google Chrome";v="97", "Chromium";v="97"
sec-ch-ua-mobile: ?0
Cache-Control: max-age=0
Upgrade-Insecure-Requests: 1
sec-ch-ua-platform: "Windows"
Sec-Fetch-User: ?1
Accept-Language: ko,en-US;q=0.9,en;q=0.8
2022-01-28 13:37:07.622 ERROR - org.chaostocosmos.leap.http.WASException: Requested method is not matching with service: GET
org.chaostocosmos.leap.http.WASException: Requested method is not matching with service: GET
	at org.chaostocosmos.leap.http.services.ServiceManager.vaildateRequestMethod(ServiceManager.java:124)
	at org.chaostocosmos.leap.http.LeapRequestHandler.run(LeapRequestHandler.java:99)
	at java.base/java.util.concurrent.Executors$RunnableAdapter.call(Executors.java:515)
	at java.base/java.util.concurrent.FutureTask.run(FutureTask.java:264)
	at java.base/java.util.concurrent.ThreadPoolExecutor.runWorker(ThreadPoolExecutor.java:1128)
	at java.base/java.util.concurrent.ThreadPoolExecutor$Worker.run(ThreadPoolExecutor.java:628)
	at java.base/java.lang.Thread.run(Thread.java:829)
2022-01-28 13:37:07.625 INFO  - Type: ERROR Code: 34 Exception: org.chaostocosmos.leap.http.WASException: Requested method is not matching with service: GET
2022-01-28 13:37:07.626 DEBUG - .\home\webapp\WEB-INF\static\response.html   response.html   .\home\webapp\WEB-INF\static
2022-01-28 13:37:07.627 INFO  - Error client request /127.0.0.1:51683 --- /127.0.0.1:8080
2022-01-28 13:37:07.627 INFO  - Close client request on error /127.0.0.1:51683 --- /127.0.0.1:8080
2022-01-28 13:37:07.636 DEBUG - { httpRequestDescriptor='{ httpRequest='http://localhost GET', httpVersion='HTTP/1.1', requestType='GET', requestedHost='localhost', reqHeader='{Cookie=io=PL7TK76OSCzqZRBSAAAC, Accept=text/html,application/xhtml+xml,application/xml;q=0.9,image/avif,image/webp,image/apng,*/*;q=0.8,application/signed-exchange;v=b3;q=0.9, Connection=keep-alive, User-Agent=Mozilla/5.0 (Windows NT 10.0; Win64; x64) AppleWebKit/537.36 (KHTML, like Gecko) Chrome/97.0.4692.99 Safari/537.36, Sec-Fetch-Site=none, Sec-Fetch-Dest=document, Host=localhost:8080, Accept-Encoding=gzip, deflate, br, @Client=localhost, Sec-Fetch-Mode=navigate, sec-ch-ua=" Not;A Brand";v="99", "Google Chrome";v="97", "Chromium";v="97", sec-ch-ua-mobile=?0, Cache-Control=max-age=0, Upgrade-Insecure-Requests=1, sec-ch-ua-platform="Windows", Sec-Fetch-User=?1, Accept-Language=ko,en-US;q=0.9,en;q=0.8}', contentType='null', reqBody='[B@5f5f4b8b', contextPath='/time/GetTime', contextParam='{}', bodyPart='null', contentLength='0'}', httpResponse='null', requestedHost='localhost', responseCode='200', responseBody='[B@247a4b37', responseHeader='{Server=LeapWAS 1.0.0, Date=Fri Jan 28 13:37:07 KST 2022}'}
2022-01-28 13:37:07.682 DEBUG - Request host: localhost
2022-01-28 13:37:07.684 DEBUG - Cookie: io=PL7TK76OSCzqZRBSAAAC
Accept: image/avif,image/webp,image/apng,image/svg+xml,image/*,*/*;q=0.8
Connection: keep-alive
User-Agent: Mozilla/5.0 (Windows NT 10.0; Win64; x64) AppleWebKit/537.36 (KHTML, like Gecko) Chrome/97.0.4692.99 Safari/537.36
Referer: http://localhost:8080/time/GetTime?ccc=%EC%9D%B4%EA%B2%83%EB%8F%84%20%ED%85%8C%EC%8A%A4
Sec-Fetch-Site: same-origin
Sec-Fetch-Dest: image
Host: localhost:8080
Accept-Encoding: gzip, deflate, br
@Client: localhost
Sec-Fetch-Mode: no-cors
sec-ch-ua: " Not;A Brand";v="99", "Google Chrome";v="97", "Chromium";v="97"
sec-ch-ua-mobile: ?0
sec-ch-ua-platform: "Windows"
Accept-Language: ko,en-US;q=0.9,en;q=0.8
2022-01-28 13:37:07.687 DEBUG - .\home\webapp\WEB-INF\static\favicon.ico   favicon.ico   .\home\webapp\WEB-INF\static
2022-01-28 13:37:07.688 DEBUG - { httpRequestDescriptor='{ httpRequest='http://localhost GET', httpVersion='HTTP/1.1', requestType='GET', requestedHost='localhost', reqHeader='{Cookie=io=PL7TK76OSCzqZRBSAAAC, Accept=image/avif,image/webp,image/apng,image/svg+xml,image/*,*/*;q=0.8, Connection=keep-alive, User-Agent=Mozilla/5.0 (Windows NT 10.0; Win64; x64) AppleWebKit/537.36 (KHTML, like Gecko) Chrome/97.0.4692.99 Safari/537.36, Referer=http://localhost:8080/time/GetTime?ccc=%EC%9D%B4%EA%B2%83%EB%8F%84%20%ED%85%8C%EC%8A%A4, Sec-Fetch-Site=same-origin, Sec-Fetch-Dest=image, Host=localhost:8080, Accept-Encoding=gzip, deflate, br, @Client=localhost, Sec-Fetch-Mode=no-cors, sec-ch-ua=" Not;A Brand";v="99", "Google Chrome";v="97", "Chromium";v="97", sec-ch-ua-mobile=?0, sec-ch-ua-platform="Windows", Accept-Language=ko,en-US;q=0.9,en;q=0.8}', contentType='null', reqBody='[B@7ccdb6f8', contextPath='/favicon.ico', contextParam='{}', bodyPart='null', contentLength='0'}', httpResponse='null', requestedHost='localhost', responseCode='200', responseBody='[B@31177e5f', responseHeader='{Server=LeapWAS 1.0.0, Date=Fri Jan 28 13:37:07 KST 2022, Content-Type=image/x-icon}'}
2022-01-28 13:37:07.846 INFO  - Host: localhost:8080  Client request accepted... : /127.0.0.1
2022-01-28 13:38:46.594 INFO  - Host: localhost:8080  Client request accepted... : /127.0.0.1
2022-01-28 13:38:46.599 DEBUG - Context params: {}
2022-01-28 13:38:46.600 DEBUG - Request host: localhost
2022-01-28 13:38:46.601 DEBUG - Authorization: Basic Y2hhb3M5MzA6OTM5Mw==
Accept: */*
User-Agent: PostmanRuntime/7.29.0
Connection: keep-alive
Postman-Token: af99ab32-3a9e-43da-8131-caf21f3e8e02
Host: localhost:8080
Accept-Encoding: gzip, deflate, br
korean: yahoo
Content-Length: 61
@Client: localhost
Content-Type: application/x-www-form-urlencoded
2022-01-28 13:38:46.603 ERROR - org.chaostocosmos.leap.http.WASException: Method Not Allowed   <br>Requested method not supported: POST
org.chaostocosmos.leap.http.WASException: Method Not Allowed   <br>Requested method not supported: POST
	at org.chaostocosmos.leap.http.LeapRequestHandler.run(LeapRequestHandler.java:97)
	at java.base/java.util.concurrent.Executors$RunnableAdapter.call(Executors.java:515)
	at java.base/java.util.concurrent.FutureTask.run(FutureTask.java:264)
	at java.base/java.util.concurrent.ThreadPoolExecutor.runWorker(ThreadPoolExecutor.java:1128)
	at java.base/java.util.concurrent.ThreadPoolExecutor$Worker.run(ThreadPoolExecutor.java:628)
	at java.base/java.lang.Thread.run(Thread.java:829)
2022-01-28 13:38:46.604 INFO  - Type: HTTP Code: 405 Exception: org.chaostocosmos.leap.http.WASException: Method Not Allowed   <br>Requested method not supported: POST
2022-01-28 13:38:46.604 DEBUG - .\home\webapp\WEB-INF\static\response.html   response.html   .\home\webapp\WEB-INF\static
2022-01-28 13:38:46.604 INFO  - Error client request /127.0.0.1:54576 --- /127.0.0.1:8080
2022-01-28 13:38:46.604 INFO  - Close client request on error /127.0.0.1:54576 --- /127.0.0.1:8080
2022-01-28 13:38:46.605 DEBUG - { httpRequestDescriptor='{ httpRequest='http://localhost POST', httpVersion='HTTP/1.1', requestType='POST', requestedHost='localhost', reqHeader='{Authorization=Basic Y2hhb3M5MzA6OTM5Mw==, Accept=*/*, User-Agent=PostmanRuntime/7.29.0, Connection=keep-alive, Postman-Token=af99ab32-3a9e-43da-8131-caf21f3e8e02, Host=localhost:8080, Accept-Encoding=gzip, deflate, br, korean=yahoo, Content-Length=61, @Client=localhost, Content-Type=application/x-www-form-urlencoded}', contentType='application/x-www-form-urlencoded', reqBody='[B@5af8853c', contextPath='/time/GetTime', contextParam='{}', bodyPart='null', contentLength='61'}', httpResponse='null', requestedHost='localhost', responseCode='200', responseBody='[B@2a4faa06', responseHeader='{Server=LeapWAS 1.0.0, Date=Fri Jan 28 13:38:46 KST 2022}'}
2022-01-28 13:39:44.083 INFO  - Leap WAS server starting......
2022-01-28 13:39:44.086 INFO  - --------------------------------------------------------------------------
2022-01-28 13:39:44.087 INFO  - ThreadPool initialized - CORE: 50 MAX: 50 KEEP-ALIVE WHEN IDLE(seconds): 30
2022-01-28 13:39:44.087 INFO  - verbose mode on
2022-01-28 13:39:44.092 INFO  - Add dynamic classpath to ClassLoader: file:/D:/0.github/Leap/./home/webapp/services/
2022-01-28 13:39:44.128 INFO  - Add service: org.chaostocosmos.leap.http.services.TimeServiceImpl  Mapping path: /time/GetTime
2022-01-28 13:39:44.129 INFO  - Default host added - Server: leap   Host: localhost   Port: 8080   Doc-Root: home   Logging path: logs/leap.log   Level: [DEBUG]
2022-01-28 13:39:44.131 INFO  - Virtual host added - Server: leap2   Host: 192.168.1.28   Port: 8081   Doc-Root: home2   Logging path: logs/leap.log   Level: [DEBUG]
2022-01-28 13:39:44.131 INFO  - Virtual host added - Server: leap1   Host: 127.0.0.1   Port: 8080   Doc-Root: home1   Logging path: logs/leap.log   Level: [DEBUG]
2022-01-28 13:39:44.141 INFO  - Accepting connections on port 8080
2022-01-28 13:39:46.321 INFO  - Host: localhost:8080  Client request accepted... : /127.0.0.1
2022-01-28 13:39:46.347 DEBUG - Context params: {}
2022-01-28 13:39:46.369 DEBUG - Request host: localhost
2022-01-28 13:39:46.371 DEBUG - Authorization: Basic Y2hhb3M5MzA6OTM5Mw==
Accept: */*
User-Agent: PostmanRuntime/7.29.0
Connection: keep-alive
Postman-Token: 8d964f86-87a0-476b-83d4-f0674fa53871
Host: localhost:8080
Accept-Encoding: gzip, deflate, br
korean: yahoo
Content-Length: 61
@Client: localhost
Content-Type: application/x-www-form-urlencoded
2022-01-28 13:39:46.377 ERROR - org.chaostocosmos.leap.http.WASException: Method Not Allowed   <br>Requested method not supported: POST
org.chaostocosmos.leap.http.WASException: Method Not Allowed   <br>Requested method not supported: POST
	at org.chaostocosmos.leap.http.LeapRequestHandler.run(LeapRequestHandler.java:98)
	at java.base/java.util.concurrent.Executors$RunnableAdapter.call(Executors.java:515)
	at java.base/java.util.concurrent.FutureTask.run(FutureTask.java:264)
	at java.base/java.util.concurrent.ThreadPoolExecutor.runWorker(ThreadPoolExecutor.java:1128)
	at java.base/java.util.concurrent.ThreadPoolExecutor$Worker.run(ThreadPoolExecutor.java:628)
	at java.base/java.lang.Thread.run(Thread.java:829)
2022-01-28 13:39:46.378 INFO  - Type: HTTP Code: 405 Exception: org.chaostocosmos.leap.http.WASException: Method Not Allowed   <br>Requested method not supported: POST
2022-01-28 13:39:46.379 DEBUG - .\home\webapp\WEB-INF\static\response.html   response.html   .\home\webapp\WEB-INF\static
2022-01-28 13:39:46.381 INFO  - Error client request /127.0.0.1:51986 --- /127.0.0.1:8080
2022-01-28 13:39:46.382 INFO  - Close client request on error /127.0.0.1:51986 --- /127.0.0.1:8080
2022-01-28 13:39:46.394 DEBUG - { httpRequestDescriptor='{ httpRequest='http://localhost POST', httpVersion='HTTP/1.1', requestType='POST', requestedHost='localhost', reqHeader='{Authorization=Basic Y2hhb3M5MzA6OTM5Mw==, Accept=*/*, User-Agent=PostmanRuntime/7.29.0, Connection=keep-alive, Postman-Token=8d964f86-87a0-476b-83d4-f0674fa53871, Host=localhost:8080, Accept-Encoding=gzip, deflate, br, korean=yahoo, Content-Length=61, @Client=localhost, Content-Type=application/x-www-form-urlencoded}', contentType='application/x-www-form-urlencoded', reqBody='[B@1d661c4e', contextPath='/time/GetTime', contextParam='{}', bodyPart='null', contentLength='61'}', httpResponse='null', requestedHost='localhost', responseCode='200', responseBody='[B@5d02e0b3', responseHeader='{Server=LeapWAS 1.0.0, Date=Fri Jan 28 13:39:46 KST 2022}'}
