2022-01-12 18:01:04.420 INFO  - Leap WAS server starting...
2022-01-12 18:01:04.428 INFO  - --------------------------------------------------------------------------
2022-01-12 18:01:04.428 INFO  - ThreadPool initialized - CORE: 50 MAX: 50 KEEP-ALIVE WHEN IDLE(seconds): 30
2022-01-12 18:01:04.428 INFO  - verbose mode on
2022-01-12 18:01:04.498 INFO  - Default host added - Server: leap   Host: localhost   Port: 8080   Doc-Root: home   Logging path: logs/leap.log   Level: [DEBUG]
2022-01-12 18:01:04.535 INFO  - Virtual host added - Server: leap2   Host: 192.168.1.28   Port: 8082   Doc-Root: home2   Logging path: logs/leap.log   Level: [DEBUG]
2022-01-12 18:01:04.536 INFO  - Virtual host added - Server: leap1   Host: 127.0.0.1   Port: 8080   Doc-Root: home1   Logging path: logs/leap.log   Level: [DEBUG]
2022-01-12 18:01:04.543 INFO  - Accepting connections on port 8082
2022-01-12 18:01:04.549 INFO  - Accepting connections on port 8080
2022-01-12 18:01:56.793 INFO  - Leap WAS server starting...
2022-01-12 18:01:56.796 INFO  - --------------------------------------------------------------------------
2022-01-12 18:01:56.797 INFO  - ThreadPool initialized - CORE: 50 MAX: 50 KEEP-ALIVE WHEN IDLE(seconds): 30
2022-01-12 18:01:56.797 INFO  - verbose mode on
2022-01-12 18:01:56.830 INFO  - Default host added - Server: leap   Host: localhost   Port: 8080   Doc-Root: home   Logging path: logs/leap.log   Level: [DEBUG]
2022-01-12 18:01:56.840 INFO  - Virtual host added - Server: leap2   Host: 192.168.1.28   Port: 8082   Doc-Root: home2   Logging path: logs/leap.log   Level: [DEBUG]
2022-01-12 18:01:56.840 INFO  - Virtual host added - Server: leap1   Host: 127.0.0.1   Port: 8080   Doc-Root: home1   Logging path: logs/leap.log   Level: [DEBUG]
2022-01-12 18:01:56.845 INFO  - Accepting connections on port 8082
2022-01-12 18:01:56.849 INFO  - Accepting connections on port 8080
2022-01-12 18:02:36.825 INFO  - Leap WAS server starting...
2022-01-12 18:02:36.828 INFO  - --------------------------------------------------------------------------
2022-01-12 18:02:36.829 INFO  - ThreadPool initialized - CORE: 50 MAX: 50 KEEP-ALIVE WHEN IDLE(seconds): 30
2022-01-12 18:02:36.829 INFO  - verbose mode on
2022-01-12 18:02:36.942 ERROR - chaostocosmos.leap.http.service.TimeServiceImpl
java.lang.ClassNotFoundException: chaostocosmos.leap.http.service.TimeServiceImpl
	at java.base/jdk.internal.loader.BuiltinClassLoader.loadClass(BuiltinClassLoader.java:581)
	at java.base/jdk.internal.loader.ClassLoaders$AppClassLoader.loadClass(ClassLoaders.java:178)
	at java.base/java.lang.ClassLoader.loadClass(ClassLoader.java:522)
	at java.base/java.lang.Class.forName0(Native Method)
	at java.base/java.lang.Class.forName(Class.java:315)
	at org.chaostocosmos.leap.http.commons.ClassUtils.getClass(ClassUtils.java:172)
	at org.chaostocosmos.leap.http.commons.ClassUtils.lambda$13(ClassUtils.java:158)
	at java.base/java.util.stream.ReferencePipeline$3$1.accept(ReferencePipeline.java:195)
	at java.base/java.util.ArrayList$ArrayListSpliterator.forEachRemaining(ArrayList.java:1655)
	at java.base/java.util.stream.AbstractPipeline.copyInto(AbstractPipeline.java:484)
	at java.base/java.util.stream.AbstractPipeline.wrapAndCopyInto(AbstractPipeline.java:474)
	at java.base/java.util.stream.ReduceOps$ReduceOp.evaluateSequential(ReduceOps.java:913)
	at java.base/java.util.stream.AbstractPipeline.evaluate(AbstractPipeline.java:234)
	at java.base/java.util.stream.ReferencePipeline.collect(ReferencePipeline.java:578)
	at org.chaostocosmos.leap.http.commons.ClassUtils.findAllClasses(ClassUtils.java:161)
	at org.chaostocosmos.leap.http.commons.ClassUtils.findAllLeapServices(ClassUtils.java:69)
	at org.chaostocosmos.leap.http.service.ServiceManager.<init>(ServiceManager.java:65)
	at org.chaostocosmos.leap.http.LeapHttpServer.<init>(LeapHttpServer.java:135)
	at org.chaostocosmos.leap.http.LeapWAS.start(LeapWAS.java:158)
	at org.chaostocosmos.leap.http.LeapWAS.main(LeapWAS.java:228)
2022-01-12 18:03:05.740 INFO  - Leap WAS server starting...
2022-01-12 18:03:05.744 INFO  - --------------------------------------------------------------------------
2022-01-12 18:03:05.744 INFO  - ThreadPool initialized - CORE: 50 MAX: 50 KEEP-ALIVE WHEN IDLE(seconds): 30
2022-01-12 18:03:05.745 INFO  - verbose mode on
