2022-02-23 13:45:27.078 INFO  - Leap WAS server starting......
2022-02-23 13:45:27.089 INFO  - --------------------------------------------------------------------------
2022-02-23 13:45:27.097 INFO  - ThreadPool initialized - CORE: 50 MAX: 50 KEEP-ALIVE WHEN IDLE(seconds): 30
2022-02-23 13:45:27.099 INFO  - verbose mode on
2022-02-23 13:45:27.102 INFO  - [DEFAULT HOST] - Protocol: HTTP_1_0   Server: leap   Host: www.leap.org   Port: 8080   Doc-Root: home   Logging path: logs/leap.log   Level: [DEBUG]
2022-02-23 13:45:27.129 INFO  - Add dynamic classpath to ClassLoader: file:/D:/0.github/Leap/./home/webapp/services/
2022-02-23 13:45:27.164 DEBUG - Method not mapped with MethodMapper: errorHandling
2022-02-23 13:45:27.167 DEBUG - org.chaostocosmos.leap.http.services.LeapServiceDeploy@44a7bfbc : POST
2022-02-23 13:45:27.168 INFO  - Add service: org.chaostocosmos.leap.http.services.LeapServiceDeploy  Mapping path: /deploy/service/
2022-02-23 13:45:27.169 DEBUG - Method not mapped with MethodMapper: errorHandling
2022-02-23 13:45:27.172 DEBUG - org.chaostocosmos.leap.http.services.TimeServiceImpl@5136d012 : GET
2022-02-23 13:45:27.174 INFO  - Add service: org.chaostocosmos.leap.http.services.TimeServiceImpl  Mapping path: /time/GetTime
2022-02-23 13:45:27.181 DEBUG - Method not mapped with MethodMapper: errorHandling
2022-02-23 13:45:27.182 DEBUG - org.chaostocosmos.leap.http.services.LeapServiceDeploy@2892dae4 : POST
2022-02-23 13:45:27.182 INFO  - Add service: org.chaostocosmos.leap.http.services.LeapServiceDeploy  Mapping path: /deploy/service/
2022-02-23 13:45:27.182 DEBUG - Method not mapped with MethodMapper: errorHandling
2022-02-23 13:45:27.182 DEBUG - org.chaostocosmos.leap.http.services.TimeServiceImpl@355ce81c : GET
2022-02-23 13:45:27.183 INFO  - Add service: org.chaostocosmos.leap.http.services.TimeServiceImpl  Mapping path: /time/GetTime
2022-02-23 13:45:27.183 INFO  - [VIRTUAL HOST] - Protocol: HTTPS_1_0   Server: leap1   Host: awesome   Port: 8082   Doc-Root: home1   Logging path: logs/leap.log   Level: [DEBUG]
2022-02-23 13:45:27.191 DEBUG - Method not mapped with MethodMapper: errorHandling
2022-02-23 13:45:27.192 DEBUG - org.chaostocosmos.leap.http.services.LeapServiceDeploy@29647f75 : POST
2022-02-23 13:45:27.192 INFO  - Add service: org.chaostocosmos.leap.http.services.LeapServiceDeploy  Mapping path: /deploy/service/
2022-02-23 13:45:27.193 DEBUG - Method not mapped with MethodMapper: errorHandling
2022-02-23 13:45:27.193 DEBUG - org.chaostocosmos.leap.http.services.TimeServiceImpl@3315d2d7 : GET
2022-02-23 13:45:27.194 INFO  - Add service: org.chaostocosmos.leap.http.services.TimeServiceImpl  Mapping path: /time/GetTime
2022-02-23 13:45:27.195 INFO  - [VIRTUAL HOST] - Protocol: HTTP_1_0   Server: leap2   Host: www.leap1.org   Port: 8081   Doc-Root: home2   Logging path: logs/leap.log   Level: [DEBUG]
2022-02-23 13:45:27.195 INFO  - --------------------------------------------------------------------------
2022-02-23 13:45:27.205 INFO  - [HTTP SERVER START] www.leap1.org/127.0.0.1:8081
2022-02-23 13:45:27.205 INFO  - [HTTP SERVER START] www.leap.org/127.0.0.1:8080
2022-02-23 13:45:27.733 INFO  - [HTTPS SERVER START] Address: awesome/127.0.0.1:8082  Protocol: TLS  KeyStore: leap-keystore.jks  Supported Protocol: [TLSv1.3, TLSv1.2, TLSv1.1, TLSv1, SSLv3, SSLv2Hello]
2022-02-23 13:45:28.983 INFO  - [CLIENT DETECTED] Client request accepted....../127.0.0.1  ---  60553
2022-02-23 13:45:28.985 INFO  - [CLIENT DETECTED] Client request accepted....../127.0.0.1  ---  60554
2022-02-23 13:45:29.153 ERROR - [HTTP: 400] - Bad Request   Requested host not exist in this server: localhost
2022-02-23 13:45:29.154 DEBUG - REQUEST RESOURCE: response.html   PATH: .\home\webapp\WEB-INF\static
2022-02-23 13:45:29.157 ERROR - null
java.lang.NullPointerException: null
	at org.chaostocosmos.leap.http.LeapRequestHandler.run(LeapRequestHandler.java:160)
	at java.base/java.util.concurrent.Executors$RunnableAdapter.call(Executors.java:515)
	at java.base/java.util.concurrent.FutureTask.run(FutureTask.java:264)
	at java.base/java.util.concurrent.ThreadPoolExecutor.runWorker(ThreadPoolExecutor.java:1128)
	at java.base/java.util.concurrent.ThreadPoolExecutor$Worker.run(ThreadPoolExecutor.java:628)
	at java.base/java.lang.Thread.run(Thread.java:829)
2022-02-23 13:45:29.247 INFO  - [CLIENT DETECTED] Client request accepted....../127.0.0.1  ---  60555
2022-02-23 13:45:59.156 ERROR - null
java.lang.NullPointerException: null
	at org.chaostocosmos.leap.http.LeapRequestHandler.run(LeapRequestHandler.java:159)
	at java.base/java.util.concurrent.Executors$RunnableAdapter.call(Executors.java:515)
	at java.base/java.util.concurrent.FutureTask.run(FutureTask.java:264)
	at java.base/java.util.concurrent.ThreadPoolExecutor.runWorker(ThreadPoolExecutor.java:1128)
	at java.base/java.util.concurrent.ThreadPoolExecutor$Worker.run(ThreadPoolExecutor.java:628)
	at java.base/java.lang.Thread.run(Thread.java:829)
2022-02-23 13:45:59.278 ERROR - null
java.lang.NullPointerException: null
	at org.chaostocosmos.leap.http.LeapRequestHandler.run(LeapRequestHandler.java:159)
	at java.base/java.util.concurrent.Executors$RunnableAdapter.call(Executors.java:515)
	at java.base/java.util.concurrent.FutureTask.run(FutureTask.java:264)
	at java.base/java.util.concurrent.ThreadPoolExecutor.runWorker(ThreadPoolExecutor.java:1128)
	at java.base/java.util.concurrent.ThreadPoolExecutor$Worker.run(ThreadPoolExecutor.java:628)
	at java.base/java.lang.Thread.run(Thread.java:829)
2022-02-23 13:50:02.426 INFO  - Leap WAS server starting......
2022-02-23 13:50:02.429 INFO  - --------------------------------------------------------------------------
2022-02-23 13:50:02.429 INFO  - ThreadPool initialized - CORE: 50 MAX: 50 KEEP-ALIVE WHEN IDLE(seconds): 30
2022-02-23 13:50:02.429 INFO  - verbose mode on
2022-02-23 13:50:02.430 INFO  - [DEFAULT HOST] - Protocol: HTTP_1_0   Server: leap   Host: www.leap.org   Port: 8080   Doc-Root: home   Logging path: logs/leap.log   Level: [DEBUG]
2022-02-23 13:50:02.448 INFO  - Add dynamic classpath to ClassLoader: file:/D:/0.github/Leap/./home/webapp/services/
2022-02-23 13:50:02.474 DEBUG - Method not mapped with MethodMapper: errorHandling
2022-02-23 13:50:02.476 DEBUG - org.chaostocosmos.leap.http.services.LeapServiceDeploy@609db43b : POST
2022-02-23 13:50:02.477 INFO  - Add service: org.chaostocosmos.leap.http.services.LeapServiceDeploy  Mapping path: /deploy/service/
2022-02-23 13:50:02.479 DEBUG - org.chaostocosmos.leap.http.services.TimeServiceImpl@46fa7c39 : GET
2022-02-23 13:50:02.480 INFO  - Add service: org.chaostocosmos.leap.http.services.TimeServiceImpl  Mapping path: /time/GetTime
2022-02-23 13:50:02.480 DEBUG - Method not mapped with MethodMapper: errorHandling
2022-02-23 13:50:02.488 DEBUG - Method not mapped with MethodMapper: errorHandling
2022-02-23 13:50:02.488 DEBUG - org.chaostocosmos.leap.http.services.LeapServiceDeploy@68e965f5 : POST
2022-02-23 13:50:02.489 INFO  - Add service: org.chaostocosmos.leap.http.services.LeapServiceDeploy  Mapping path: /deploy/service/
2022-02-23 13:50:02.498 DEBUG - org.chaostocosmos.leap.http.services.TimeServiceImpl@6f27a732 : GET
2022-02-23 13:50:02.503 INFO  - Add service: org.chaostocosmos.leap.http.services.TimeServiceImpl  Mapping path: /time/GetTime
2022-02-23 13:50:02.503 DEBUG - Method not mapped with MethodMapper: errorHandling
2022-02-23 13:50:02.503 INFO  - [VIRTUAL HOST] - Protocol: HTTPS_1_0   Server: leap1   Host: awesome   Port: 8082   Doc-Root: home1   Logging path: logs/leap.log   Level: [DEBUG]
2022-02-23 13:50:02.508 DEBUG - Method not mapped with MethodMapper: errorHandling
2022-02-23 13:50:02.508 DEBUG - org.chaostocosmos.leap.http.services.LeapServiceDeploy@6c779568 : POST
2022-02-23 13:50:02.509 INFO  - Add service: org.chaostocosmos.leap.http.services.LeapServiceDeploy  Mapping path: /deploy/service/
2022-02-23 13:50:02.509 DEBUG - org.chaostocosmos.leap.http.services.TimeServiceImpl@f381794 : GET
2022-02-23 13:50:02.509 INFO  - Add service: org.chaostocosmos.leap.http.services.TimeServiceImpl  Mapping path: /time/GetTime
2022-02-23 13:50:02.510 DEBUG - Method not mapped with MethodMapper: errorHandling
2022-02-23 13:50:02.511 INFO  - [VIRTUAL HOST] - Protocol: HTTP_1_0   Server: leap2   Host: www.leap1.org   Port: 8081   Doc-Root: home2   Logging path: logs/leap.log   Level: [DEBUG]
2022-02-23 13:50:02.511 INFO  - --------------------------------------------------------------------------
2022-02-23 13:50:02.516 INFO  - [HTTP SERVER START] www.leap.org/127.0.0.1:8080
2022-02-23 13:50:02.516 INFO  - [HTTP SERVER START] www.leap1.org/127.0.0.1:8081
2022-02-23 13:50:02.901 INFO  - [HTTPS SERVER START] Address: awesome/127.0.0.1:8082  Protocol: TLS  KeyStore: leap-keystore.jks  Supported Protocol: [TLSv1.3, TLSv1.2, TLSv1.1, TLSv1, SSLv3, SSLv2Hello]
2022-02-23 13:50:04.349 INFO  - [CLIENT DETECTED] Client request accepted....../127.0.0.1  ---  64042
2022-02-23 13:50:04.350 INFO  - [CLIENT DETECTED] Client request accepted....../127.0.0.1  ---  64043
2022-02-23 13:50:04.542 ERROR - [HTTP: 400] - Bad Request   Requested host not exist in this server: localhost
2022-02-23 13:50:04.543 DEBUG - REQUEST RESOURCE: response.html   PATH: .\home\webapp\WEB-INF\static
2022-02-23 13:50:04.546 ERROR - No value present
java.util.NoSuchElementException: No value present
	at java.base/java.util.Optional.get(Optional.java:148)
	at org.chaostocosmos.leap.http.Context.getProtocol(Context.java:345)
	at org.chaostocosmos.leap.http.HttpTransferBuilder$HttpTransfer.sendResponse(HttpTransferBuilder.java:146)
	at org.chaostocosmos.leap.http.LeapRequestHandler.run(LeapRequestHandler.java:160)
	at java.base/java.util.concurrent.Executors$RunnableAdapter.call(Executors.java:515)
	at java.base/java.util.concurrent.FutureTask.run(FutureTask.java:264)
	at java.base/java.util.concurrent.ThreadPoolExecutor.runWorker(ThreadPoolExecutor.java:1128)
	at java.base/java.util.concurrent.ThreadPoolExecutor$Worker.run(ThreadPoolExecutor.java:628)
	at java.base/java.lang.Thread.run(Thread.java:829)
2022-02-23 13:50:04.596 INFO  - [CLIENT DETECTED] Client request accepted....../127.0.0.1  ---  64044
2022-02-23 13:50:34.553 ERROR - null
java.lang.NullPointerException: null
	at org.chaostocosmos.leap.http.LeapRequestHandler.run(LeapRequestHandler.java:159)
	at java.base/java.util.concurrent.Executors$RunnableAdapter.call(Executors.java:515)
	at java.base/java.util.concurrent.FutureTask.run(FutureTask.java:264)
	at java.base/java.util.concurrent.ThreadPoolExecutor.runWorker(ThreadPoolExecutor.java:1128)
	at java.base/java.util.concurrent.ThreadPoolExecutor$Worker.run(ThreadPoolExecutor.java:628)
	at java.base/java.lang.Thread.run(Thread.java:829)
2022-02-23 13:50:34.616 ERROR - null
java.lang.NullPointerException: null
	at org.chaostocosmos.leap.http.LeapRequestHandler.run(LeapRequestHandler.java:159)
	at java.base/java.util.concurrent.Executors$RunnableAdapter.call(Executors.java:515)
	at java.base/java.util.concurrent.FutureTask.run(FutureTask.java:264)
	at java.base/java.util.concurrent.ThreadPoolExecutor.runWorker(ThreadPoolExecutor.java:1128)
	at java.base/java.util.concurrent.ThreadPoolExecutor$Worker.run(ThreadPoolExecutor.java:628)
	at java.base/java.lang.Thread.run(Thread.java:829)
2022-02-23 13:56:00.372 INFO  - Leap WAS server starting......
2022-02-23 13:56:00.376 INFO  - --------------------------------------------------------------------------
2022-02-23 13:56:00.376 INFO  - ThreadPool initialized - CORE: 50 MAX: 50 KEEP-ALIVE WHEN IDLE(seconds): 30
2022-02-23 13:56:00.376 INFO  - verbose mode on
2022-02-23 13:56:00.378 INFO  - [DEFAULT HOST] - Protocol: HTTP_1_0   Server: leap   Host: www.leap.org   Port: 8080   Doc-Root: home   Logging path: logs/leap.log   Level: [DEBUG]
2022-02-23 13:56:00.395 INFO  - Add dynamic classpath to ClassLoader: file:/D:/0.github/Leap/./home/webapp/services/
2022-02-23 13:56:00.429 DEBUG - Method not mapped with MethodMapper: errorHandling
2022-02-23 13:56:00.437 DEBUG - org.chaostocosmos.leap.http.services.LeapServiceDeploy@609db43b : POST
2022-02-23 13:56:00.438 INFO  - Add service: org.chaostocosmos.leap.http.services.LeapServiceDeploy  Mapping path: /deploy/service/
2022-02-23 13:56:00.441 DEBUG - org.chaostocosmos.leap.http.services.TimeServiceImpl@46fa7c39 : GET
2022-02-23 13:56:00.442 INFO  - Add service: org.chaostocosmos.leap.http.services.TimeServiceImpl  Mapping path: /time/GetTime
2022-02-23 13:56:00.442 DEBUG - Method not mapped with MethodMapper: errorHandling
2022-02-23 13:56:00.448 DEBUG - Method not mapped with MethodMapper: errorHandling
2022-02-23 13:56:00.449 DEBUG - org.chaostocosmos.leap.http.services.LeapServiceDeploy@68e965f5 : POST
2022-02-23 13:56:00.449 INFO  - Add service: org.chaostocosmos.leap.http.services.LeapServiceDeploy  Mapping path: /deploy/service/
2022-02-23 13:56:00.450 DEBUG - org.chaostocosmos.leap.http.services.TimeServiceImpl@6f27a732 : GET
2022-02-23 13:56:00.450 INFO  - Add service: org.chaostocosmos.leap.http.services.TimeServiceImpl  Mapping path: /time/GetTime
2022-02-23 13:56:00.450 DEBUG - Method not mapped with MethodMapper: errorHandling
2022-02-23 13:56:00.450 INFO  - [VIRTUAL HOST] - Protocol: HTTPS_1_0   Server: leap1   Host: awesome   Port: 8082   Doc-Root: home1   Logging path: logs/leap.log   Level: [DEBUG]
2022-02-23 13:56:00.455 DEBUG - Method not mapped with MethodMapper: errorHandling
2022-02-23 13:56:00.457 DEBUG - org.chaostocosmos.leap.http.services.LeapServiceDeploy@6c779568 : POST
2022-02-23 13:56:00.457 INFO  - Add service: org.chaostocosmos.leap.http.services.LeapServiceDeploy  Mapping path: /deploy/service/
2022-02-23 13:56:00.458 DEBUG - org.chaostocosmos.leap.http.services.TimeServiceImpl@f381794 : GET
2022-02-23 13:56:00.458 INFO  - Add service: org.chaostocosmos.leap.http.services.TimeServiceImpl  Mapping path: /time/GetTime
2022-02-23 13:56:00.459 DEBUG - Method not mapped with MethodMapper: errorHandling
2022-02-23 13:56:00.459 INFO  - [VIRTUAL HOST] - Protocol: HTTP_1_0   Server: leap2   Host: www.leap1.org   Port: 8081   Doc-Root: home2   Logging path: logs/leap.log   Level: [DEBUG]
2022-02-23 13:56:00.459 INFO  - --------------------------------------------------------------------------
2022-02-23 13:56:00.463 INFO  - [HTTP SERVER START] www.leap1.org/127.0.0.1:8081
2022-02-23 13:56:00.463 INFO  - [HTTP SERVER START] www.leap.org/127.0.0.1:8080
2022-02-23 13:56:00.902 INFO  - [HTTPS SERVER START] Address: awesome/127.0.0.1:8082  Protocol: TLS  KeyStore: leap-keystore.jks  Supported Protocol: [TLSv1.3, TLSv1.2, TLSv1.1, TLSv1, SSLv3, SSLv2Hello]
2022-02-23 13:56:02.474 INFO  - [CLIENT DETECTED] Client request accepted....../127.0.0.1  ---  60835
2022-02-23 13:56:02.477 INFO  - [CLIENT DETECTED] Client request accepted....../127.0.0.1  ---  60836
2022-02-23 13:56:02.682 ERROR - [HTTP: 400] - Bad Request   Requested host not exist in this server: localhost
2022-02-23 13:56:02.684 DEBUG - REQUEST RESOURCE: response.html   PATH: .\home\webapp\WEB-INF\static
2022-02-23 13:56:02.690 ERROR - class java.lang.String cannot be cast to class java.nio.file.Path (java.lang.String and java.nio.file.Path are in module java.base of loader 'bootstrap')
java.lang.ClassCastException: class java.lang.String cannot be cast to class java.nio.file.Path (java.lang.String and java.nio.file.Path are in module java.base of loader 'bootstrap')
	at org.chaostocosmos.leap.http.HttpTransferBuilder$HttpTransfer.sendResponse(HttpTransferBuilder.java:152)
	at org.chaostocosmos.leap.http.LeapRequestHandler.run(LeapRequestHandler.java:163)
	at java.base/java.util.concurrent.Executors$RunnableAdapter.call(Executors.java:515)
	at java.base/java.util.concurrent.FutureTask.run(FutureTask.java:264)
	at java.base/java.util.concurrent.ThreadPoolExecutor.runWorker(ThreadPoolExecutor.java:1128)
	at java.base/java.util.concurrent.ThreadPoolExecutor$Worker.run(ThreadPoolExecutor.java:628)
	at java.base/java.lang.Thread.run(Thread.java:829)
2022-02-23 13:56:02.737 INFO  - [CLIENT DETECTED] Client request accepted....../127.0.0.1  ---  60837
2022-02-23 13:56:32.697 ERROR - null
java.lang.NullPointerException: null
	at org.chaostocosmos.leap.http.LeapRequestHandler.run(LeapRequestHandler.java:159)
	at java.base/java.util.concurrent.Executors$RunnableAdapter.call(Executors.java:515)
	at java.base/java.util.concurrent.FutureTask.run(FutureTask.java:264)
	at java.base/java.util.concurrent.ThreadPoolExecutor.runWorker(ThreadPoolExecutor.java:1128)
	at java.base/java.util.concurrent.ThreadPoolExecutor$Worker.run(ThreadPoolExecutor.java:628)
	at java.base/java.lang.Thread.run(Thread.java:829)
2022-02-23 13:56:32.756 ERROR - null
java.lang.NullPointerException: null
	at org.chaostocosmos.leap.http.LeapRequestHandler.run(LeapRequestHandler.java:159)
	at java.base/java.util.concurrent.Executors$RunnableAdapter.call(Executors.java:515)
	at java.base/java.util.concurrent.FutureTask.run(FutureTask.java:264)
	at java.base/java.util.concurrent.ThreadPoolExecutor.runWorker(ThreadPoolExecutor.java:1128)
	at java.base/java.util.concurrent.ThreadPoolExecutor$Worker.run(ThreadPoolExecutor.java:628)
	at java.base/java.lang.Thread.run(Thread.java:829)
2022-02-23 13:57:47.253 INFO  - Leap WAS server starting......
2022-02-23 13:57:47.256 INFO  - --------------------------------------------------------------------------
2022-02-23 13:57:47.256 INFO  - ThreadPool initialized - CORE: 50 MAX: 50 KEEP-ALIVE WHEN IDLE(seconds): 30
2022-02-23 13:57:47.256 INFO  - verbose mode on
2022-02-23 13:57:47.257 INFO  - [DEFAULT HOST] - Protocol: HTTP_1_0   Server: leap   Host: www.leap.org   Port: 8080   Doc-Root: home   Logging path: logs/leap.log   Level: [DEBUG]
2022-02-23 13:57:47.272 INFO  - Add dynamic classpath to ClassLoader: file:/D:/0.github/Leap/./home/webapp/services/
2022-02-23 13:57:47.298 DEBUG - Method not mapped with MethodMapper: errorHandling
2022-02-23 13:57:47.299 DEBUG - org.chaostocosmos.leap.http.services.LeapServiceDeploy@609db43b : POST
2022-02-23 13:57:47.300 INFO  - Add service: org.chaostocosmos.leap.http.services.LeapServiceDeploy  Mapping path: /deploy/service/
2022-02-23 13:57:47.302 DEBUG - org.chaostocosmos.leap.http.services.TimeServiceImpl@46fa7c39 : GET
2022-02-23 13:57:47.303 INFO  - Add service: org.chaostocosmos.leap.http.services.TimeServiceImpl  Mapping path: /time/GetTime
2022-02-23 13:57:47.303 DEBUG - Method not mapped with MethodMapper: errorHandling
2022-02-23 13:57:47.308 DEBUG - Method not mapped with MethodMapper: errorHandling
2022-02-23 13:57:47.309 DEBUG - org.chaostocosmos.leap.http.services.LeapServiceDeploy@68e965f5 : POST
2022-02-23 13:57:47.310 INFO  - Add service: org.chaostocosmos.leap.http.services.LeapServiceDeploy  Mapping path: /deploy/service/
2022-02-23 13:57:47.310 DEBUG - org.chaostocosmos.leap.http.services.TimeServiceImpl@6f27a732 : GET
2022-02-23 13:57:47.310 INFO  - Add service: org.chaostocosmos.leap.http.services.TimeServiceImpl  Mapping path: /time/GetTime
2022-02-23 13:57:47.310 DEBUG - Method not mapped with MethodMapper: errorHandling
2022-02-23 13:57:47.311 INFO  - [VIRTUAL HOST] - Protocol: HTTPS_1_0   Server: leap1   Host: awesome   Port: 8082   Doc-Root: home1   Logging path: logs/leap.log   Level: [DEBUG]
2022-02-23 13:57:47.316 DEBUG - Method not mapped with MethodMapper: errorHandling
2022-02-23 13:57:47.317 DEBUG - org.chaostocosmos.leap.http.services.LeapServiceDeploy@6c779568 : POST
2022-02-23 13:57:47.317 INFO  - Add service: org.chaostocosmos.leap.http.services.LeapServiceDeploy  Mapping path: /deploy/service/
2022-02-23 13:57:47.317 DEBUG - org.chaostocosmos.leap.http.services.TimeServiceImpl@f381794 : GET
2022-02-23 13:57:47.317 INFO  - Add service: org.chaostocosmos.leap.http.services.TimeServiceImpl  Mapping path: /time/GetTime
2022-02-23 13:57:47.317 DEBUG - Method not mapped with MethodMapper: errorHandling
2022-02-23 13:57:47.318 INFO  - [VIRTUAL HOST] - Protocol: HTTP_1_0   Server: leap2   Host: www.leap1.org   Port: 8081   Doc-Root: home2   Logging path: logs/leap.log   Level: [DEBUG]
2022-02-23 13:57:47.318 INFO  - --------------------------------------------------------------------------
2022-02-23 13:57:47.321 INFO  - [HTTP SERVER START] www.leap1.org/127.0.0.1:8081
2022-02-23 13:57:47.321 INFO  - [HTTP SERVER START] www.leap.org/127.0.0.1:8080
2022-02-23 13:57:47.783 INFO  - [HTTPS SERVER START] Address: awesome/127.0.0.1:8082  Protocol: TLS  KeyStore: leap-keystore.jks  Supported Protocol: [TLSv1.3, TLSv1.2, TLSv1.1, TLSv1, SSLv3, SSLv2Hello]
2022-02-23 13:57:49.118 INFO  - [CLIENT DETECTED] Client request accepted....../127.0.0.1  ---  60856
2022-02-23 13:57:49.120 INFO  - [CLIENT DETECTED] Client request accepted....../127.0.0.1  ---  60857
2022-02-23 13:57:49.286 ERROR - [HTTP: 400] - Bad Request   Requested host not exist in this server: localhost
2022-02-23 13:57:49.287 DEBUG - REQUEST RESOURCE: response.html   PATH: .\home\webapp\WEB-INF\static
2022-02-23 13:57:49.291 DEBUG - ============================== RES : HTTP_1_0 400 OK - /127.0.0.1:60857 ==============================
RES CODE: 400
Content-Length: [160]
2022-02-23 13:57:49.362 INFO  - [CLIENT DETECTED] Client request accepted....../127.0.0.1  ---  60859
2022-02-23 13:57:49.397 ERROR - [HTTP: 400] - Bad Request   Requested host not exist in this server: localhost
2022-02-23 13:57:49.398 DEBUG - REQUEST RESOURCE: response.html   PATH: .\home\webapp\WEB-INF\static
2022-02-23 13:57:49.399 DEBUG - ============================== RES : HTTP_1_0 400 OK - /127.0.0.1:60856 ==============================
RES CODE: 400
Content-Length: [160]
2022-02-23 13:58:19.401 ERROR - null
java.lang.NullPointerException: null
	at org.chaostocosmos.leap.http.LeapRequestHandler.run(LeapRequestHandler.java:159)
	at java.base/java.util.concurrent.Executors$RunnableAdapter.call(Executors.java:515)
	at java.base/java.util.concurrent.FutureTask.run(FutureTask.java:264)
	at java.base/java.util.concurrent.ThreadPoolExecutor.runWorker(ThreadPoolExecutor.java:1128)
	at java.base/java.util.concurrent.ThreadPoolExecutor$Worker.run(ThreadPoolExecutor.java:628)
	at java.base/java.lang.Thread.run(Thread.java:829)
2022-02-23 13:59:01.771 INFO  - Leap WAS server starting......
2022-02-23 13:59:01.774 INFO  - --------------------------------------------------------------------------
2022-02-23 13:59:01.775 INFO  - ThreadPool initialized - CORE: 50 MAX: 50 KEEP-ALIVE WHEN IDLE(seconds): 30
2022-02-23 13:59:01.775 INFO  - verbose mode on
2022-02-23 13:59:01.777 INFO  - [DEFAULT HOST] - Protocol: HTTP_1_0   Server: leap   Host: www.leap.org   Port: 8080   Doc-Root: home   Logging path: logs/leap.log   Level: [DEBUG]
2022-02-23 13:59:01.792 INFO  - Add dynamic classpath to ClassLoader: file:/D:/0.github/Leap/./home/webapp/services/
2022-02-23 13:59:01.815 DEBUG - Method not mapped with MethodMapper: errorHandling
2022-02-23 13:59:01.818 DEBUG - org.chaostocosmos.leap.http.services.LeapServiceDeploy@609db43b : POST
2022-02-23 13:59:01.818 INFO  - Add service: org.chaostocosmos.leap.http.services.LeapServiceDeploy  Mapping path: /deploy/service/
2022-02-23 13:59:01.821 DEBUG - org.chaostocosmos.leap.http.services.TimeServiceImpl@46fa7c39 : GET
2022-02-23 13:59:01.822 INFO  - Add service: org.chaostocosmos.leap.http.services.TimeServiceImpl  Mapping path: /time/GetTime
2022-02-23 13:59:01.822 DEBUG - Method not mapped with MethodMapper: errorHandling
2022-02-23 13:59:01.828 DEBUG - Method not mapped with MethodMapper: errorHandling
2022-02-23 13:59:01.829 DEBUG - org.chaostocosmos.leap.http.services.LeapServiceDeploy@68e965f5 : POST
2022-02-23 13:59:01.829 INFO  - Add service: org.chaostocosmos.leap.http.services.LeapServiceDeploy  Mapping path: /deploy/service/
2022-02-23 13:59:01.829 DEBUG - org.chaostocosmos.leap.http.services.TimeServiceImpl@6f27a732 : GET
2022-02-23 13:59:01.829 INFO  - Add service: org.chaostocosmos.leap.http.services.TimeServiceImpl  Mapping path: /time/GetTime
2022-02-23 13:59:01.830 DEBUG - Method not mapped with MethodMapper: errorHandling
2022-02-23 13:59:01.830 INFO  - [VIRTUAL HOST] - Protocol: HTTPS_1_0   Server: leap1   Host: awesome   Port: 8082   Doc-Root: home1   Logging path: logs/leap.log   Level: [DEBUG]
2022-02-23 13:59:01.837 DEBUG - Method not mapped with MethodMapper: errorHandling
2022-02-23 13:59:01.838 DEBUG - org.chaostocosmos.leap.http.services.LeapServiceDeploy@6c779568 : POST
2022-02-23 13:59:01.838 INFO  - Add service: org.chaostocosmos.leap.http.services.LeapServiceDeploy  Mapping path: /deploy/service/
2022-02-23 13:59:01.838 DEBUG - org.chaostocosmos.leap.http.services.TimeServiceImpl@f381794 : GET
2022-02-23 13:59:01.839 INFO  - Add service: org.chaostocosmos.leap.http.services.TimeServiceImpl  Mapping path: /time/GetTime
2022-02-23 13:59:01.839 DEBUG - Method not mapped with MethodMapper: errorHandling
2022-02-23 13:59:01.839 INFO  - [VIRTUAL HOST] - Protocol: HTTP_1_0   Server: leap2   Host: www.leap1.org   Port: 8081   Doc-Root: home2   Logging path: logs/leap.log   Level: [DEBUG]
2022-02-23 13:59:01.839 INFO  - --------------------------------------------------------------------------
2022-02-23 13:59:01.843 INFO  - [HTTP SERVER START] www.leap.org/127.0.0.1:8080
2022-02-23 13:59:01.843 INFO  - [HTTP SERVER START] www.leap1.org/127.0.0.1:8081
2022-02-23 13:59:02.186 INFO  - [HTTPS SERVER START] Address: awesome/127.0.0.1:8082  Protocol: TLS  KeyStore: leap-keystore.jks  Supported Protocol: [TLSv1.3, TLSv1.2, TLSv1.1, TLSv1, SSLv3, SSLv2Hello]
2022-02-23 13:59:03.236 INFO  - [CLIENT DETECTED] Client request accepted....../127.0.0.1  ---  60873
2022-02-23 13:59:03.238 INFO  - [CLIENT DETECTED] Client request accepted....../127.0.0.1  ---  60884
2022-02-23 13:59:03.387 ERROR - [HTTP: 400] - Bad Request   Requested host not exist in this server: localhost
2022-02-23 13:59:03.387 DEBUG - REQUEST RESOURCE: response.html   PATH: .\home\webapp\WEB-INF\static
2022-02-23 13:59:03.391 DEBUG - ============================== RES : HTTP_1_0 400 OK - /127.0.0.1:60884 ==============================
RES CODE: 400
Content-Length: [160]
2022-02-23 13:59:03.430 ERROR - [HTTP: 400] - Bad Request   Requested host not exist in this server: localhost
2022-02-23 13:59:03.431 DEBUG - REQUEST RESOURCE: response.html   PATH: .\home\webapp\WEB-INF\static
2022-02-23 13:59:03.434 DEBUG - ============================== RES : HTTP_1_0 400 OK - /127.0.0.1:60873 ==============================
RES CODE: 400
Content-Length: [160]
2022-02-23 13:59:03.483 INFO  - [CLIENT DETECTED] Client request accepted....../127.0.0.1  ---  60893
2022-02-23 13:59:33.512 ERROR - [ERROR: 5000] - null
2022-02-23 13:59:33.516 ERROR - null
java.lang.NullPointerException: null
	at java.base/java.util.Objects.requireNonNull(Objects.java:221)
	at java.base/java.util.ImmutableCollections$MapN.<init>(ImmutableCollections.java:827)
	at java.base/java.util.Map.of(Map.java:1349)
	at org.chaostocosmos.leap.http.HttpTransferBuilder.buildHttpResponsePage(HttpTransferBuilder.java:249)
	at org.chaostocosmos.leap.http.HttpTransferBuilder.buildErrorResponse(HttpTransferBuilder.java:232)
	at org.chaostocosmos.leap.http.LeapRequestHandler.run(LeapRequestHandler.java:159)
	at java.base/java.util.concurrent.Executors$RunnableAdapter.call(Executors.java:515)
	at java.base/java.util.concurrent.FutureTask.run(FutureTask.java:264)
	at java.base/java.util.concurrent.ThreadPoolExecutor.runWorker(ThreadPoolExecutor.java:1128)
	at java.base/java.util.concurrent.ThreadPoolExecutor$Worker.run(ThreadPoolExecutor.java:628)
	at java.base/java.lang.Thread.run(Thread.java:829)
