2022-02-28 09:32:55.488 INFO  - Leap WAS server starting......
2022-02-28 09:32:55.494 INFO  - --------------------------------------------------------------------------
2022-02-28 09:32:55.495 INFO  - ThreadPool initialized - CORE: 50 MAX: 50 KEEP-ALIVE WHEN IDLE(seconds): 30
2022-02-28 09:32:55.496 INFO  - verbose mode on
2022-02-28 09:32:55.930 DEBUG - Method not mapped with MethodMapper: errorHandling
2022-02-28 09:32:55.935 DEBUG - org.chaostocosmos.leap.http.services.LeapServiceDeploy@7690781 : POST
2022-02-28 09:32:55.936 INFO  - Add service: org.chaostocosmos.leap.http.services.LeapServiceDeploy  Mapping path: /deploy/upload
2022-02-28 09:32:55.937 DEBUG - Method not mapped with MethodMapper: errorHandling
2022-02-28 09:32:55.938 DEBUG - org.chaostocosmos.leap.http.services.TimeServiceImpl@68c72235 : GET
2022-02-28 09:32:55.938 INFO  - Add service: org.chaostocosmos.leap.http.services.TimeServiceImpl  Mapping path: /time/GetTime
2022-02-28 09:32:55.939 DEBUG - Method not mapped with MethodMapper: errorHandling
2022-02-28 09:32:55.939 DEBUG - org.chaostocosmos.leap.http.services.TimeServiceImpl@3a6bb9bf : GET
2022-02-28 09:32:55.939 INFO  - Add service: org.chaostocosmos.leap.http.services.TimeServiceImpl  Mapping path: /time/GetTime
2022-02-28 09:32:55.940 INFO  - [DEFAULT HOST] - Protocol: HTTP_1_0   Server: leap   Host: localhost   Port: 8080   Doc-Root: .\home   Logging path: logs\leap.log   Level: [DEBUG]
2022-02-28 09:32:55.945 DEBUG - Method not mapped with MethodMapper: errorHandling
2022-02-28 09:32:55.945 DEBUG - org.chaostocosmos.leap.http.services.LeapServiceDeploy@65f095f8 : POST
2022-02-28 09:32:55.946 INFO  - Add service: org.chaostocosmos.leap.http.services.LeapServiceDeploy  Mapping path: /deploy/upload
2022-02-28 09:32:55.947 DEBUG - Method not mapped with MethodMapper: errorHandling
2022-02-28 09:32:55.947 DEBUG - org.chaostocosmos.leap.http.services.TimeServiceImpl@59af0466 : GET
2022-02-28 09:32:55.947 INFO  - Add service: org.chaostocosmos.leap.http.services.TimeServiceImpl  Mapping path: /time/GetTime
2022-02-28 09:32:55.948 INFO  - [VIRTUAL HOST] - Protocol: HTTPS_1_0   Server: leap1   Host: awesome   Port: 8082   Doc-Root: .\home1   Logging path: logs\leap.log   Level: [DEBUG]
2022-02-28 09:32:55.955 DEBUG - Method not mapped with MethodMapper: errorHandling
2022-02-28 09:32:55.956 DEBUG - org.chaostocosmos.leap.http.services.LeapServiceDeploy@346d61be : POST
2022-02-28 09:32:55.956 INFO  - Add service: org.chaostocosmos.leap.http.services.LeapServiceDeploy  Mapping path: /deploy/upload
2022-02-28 09:32:55.956 DEBUG - Method not mapped with MethodMapper: errorHandling
2022-02-28 09:32:55.957 DEBUG - org.chaostocosmos.leap.http.services.TimeServiceImpl@55536d9e : GET
2022-02-28 09:32:55.957 INFO  - Add service: org.chaostocosmos.leap.http.services.TimeServiceImpl  Mapping path: /time/GetTime
2022-02-28 09:32:55.958 INFO  - [VIRTUAL HOST] - Protocol: HTTP_1_0   Server: leap2   Host: www.leap1.org   Port: 8081   Doc-Root: .\home2   Logging path: logs\leap.log   Level: [DEBUG]
2022-02-28 09:32:55.959 INFO  - --------------------------------------------------------------------------
2022-02-28 09:32:55.963 INFO  - [HTTP SERVER START] Address: www.leap1.org/127.0.0.1:8081
2022-02-28 09:32:55.963 INFO  - [HTTP SERVER START] Address: localhost/127.0.0.1:8080
2022-02-28 09:32:56.441 INFO  - [HTTPS SERVER START] Address: awesome/127.0.0.1:8082  Protocol: TLS  KeyStore: leap-keystore.jks  Supported Protocol: [TLSv1.3, TLSv1.2, TLSv1.1, TLSv1, SSLv3, SSLv2Hello]
