2022-02-08 11:00:39.920 INFO  - Leap WAS server starting......
2022-02-08 11:00:39.927 INFO  - --------------------------------------------------------------------------
2022-02-08 11:00:39.928 INFO  - ThreadPool initialized - CORE: 50 MAX: 50 KEEP-ALIVE WHEN IDLE(seconds): 30
2022-02-08 11:00:39.929 INFO  - verbose mode on
2022-02-08 11:00:39.937 INFO  - Add dynamic classpath to ClassLoader: file:/D:/0.github/Leap/./home/webapp/services/
2022-02-08 11:00:39.963 DEBUG - Method not mapped with MethodMapper: deployService
2022-02-08 11:00:39.968 DEBUG - org.chaostocosmos.leap.http.services.TimeServiceImpl@2638011 : POST
2022-02-08 11:00:39.969 INFO  - Add service: org.chaostocosmos.leap.http.services.TimeServiceImpl  Mapping path: /time/GetTime
2022-02-08 11:00:39.969 INFO  - Default host added - Server: leap   Host: localhost   Port: 8080   Doc-Root: home   Logging path: logs/leap.log   Level: [DEBUG]
2022-02-08 11:00:39.971 INFO  - Virtual host added - Server: leap2   Host: 192.168.1.28   Port: 8081   Doc-Root: home2   Logging path: logs/leap.log   Level: [DEBUG]
2022-02-08 11:00:39.971 INFO  - Virtual host added - Server: leap1   Host: 127.0.0.1   Port: 8080   Doc-Root: home1   Logging path: logs/leap.log   Level: [DEBUG]
2022-02-08 11:00:39.983 INFO  - Accepting connections on port 8080
2022-02-08 11:01:20.863 INFO  - Host: localhost:8080  Client request accepted... : /127.0.0.1
2022-02-08 11:01:20.866 DEBUG - ======================================== GET /?aaa=bbb HTTP/1.1 ========================================
2022-02-08 11:01:20.867 DEBUG - Content-Type: text/plain
2022-02-08 11:01:20.868 DEBUG - User-Agent: PostmanRuntime/7.29.0
2022-02-08 11:01:20.868 DEBUG - Accept: */*
2022-02-08 11:01:20.868 DEBUG - Postman-Token: 954e02d3-9be2-451f-8af7-79f92c5c00c0
2022-02-08 11:01:20.869 DEBUG - Host: localhost:8080
2022-02-08 11:01:20.869 DEBUG - Accept-Encoding: gzip, deflate, br
2022-02-08 11:01:20.869 DEBUG - Connection: keep-alive
2022-02-08 11:01:20.869 DEBUG - Content-Length: 2
2022-02-08 11:01:20.869 DEBUG - Context params: {}
2022-02-08 11:01:20.871 DEBUG - Mime Type: TEXT_PLAIN
2022-02-08 11:01:20.893 ERROR - Not support response body
java.lang.RuntimeException: Not support response body
	at org.chaostocosmos.leap.http.HttpResponseDescriptor.<init>(HttpResponseDescriptor.java:77)
	at org.chaostocosmos.leap.http.HttpResponseDescriptor.<init>(HttpResponseDescriptor.java:56)
	at org.chaostocosmos.leap.http.HttpBuilder.buildHttpResponse(HttpBuilder.java:58)
	at org.chaostocosmos.leap.http.LeapRequestHandler.run(LeapRequestHandler.java:77)
	at java.base/java.util.concurrent.Executors$RunnableAdapter.call(Executors.java:515)
	at java.base/java.util.concurrent.FutureTask.run(FutureTask.java:264)
	at java.base/java.util.concurrent.ThreadPoolExecutor.runWorker(ThreadPoolExecutor.java:1128)
	at java.base/java.util.concurrent.ThreadPoolExecutor$Worker.run(ThreadPoolExecutor.java:628)
	at java.base/java.lang.Thread.run(Thread.java:829)
2022-02-08 11:01:20.896 DEBUG - REQUEST RESOURCE: response.html   PATH: .\home\webapp\WEB-INF\static
