2022-12-30 12:22:38.469 INFO  - Leap WAS server starting...
2022-12-30 12:22:38.477 INFO  - --------------------------------------------------------------------------
2022-12-30 12:22:38.477 INFO  - ThreadPool initialized - CORE: 50 MAX: 50 KEEP-ALIVE WHEN IDLE(seconds): 30
2022-12-30 12:22:38.478 INFO  - verbose mode on
2022-12-30 12:22:38.512 DEBUG - Method not mapping with MethodMapper annotation: setFilters
2022-12-30 12:22:38.512 DEBUG - Method not mapping with MethodMapper annotation: serve
2022-12-30 12:22:38.513 DEBUG - Method not mapping with MethodMapper annotation: serveGet
2022-12-30 12:22:38.513 DEBUG - Method not mapping with MethodMapper annotation: serveDelete
2022-12-30 12:22:38.513 DEBUG - Method not mapping with MethodMapper annotation: servePut
2022-12-30 12:22:38.514 DEBUG - Method not mapping with MethodMapper annotation: servePost
2022-12-30 12:22:38.519 INFO  - Add service: org.chaostocosmos.leap.http.service.TimeServiceImpl  Mapping path: /time/GetTime
2022-12-30 12:22:38.519 INFO  - Default host added - Server: leap   Host: localhost   Port: 8080   Doc-Root: home   Logging path: logs/leap.log   Level: [INFO, DEBUG]
2022-12-30 12:22:38.521 INFO  - Virtual host added - Server: leap1   Host: 127.0.0.1   Port: 8080   Doc-Root: home1   Logging path: logs/leap.log   Level: [INFO]
2022-12-30 12:22:38.527 DEBUG - Method not mapping with MethodMapper annotation: setFilters
2022-12-30 12:22:38.527 DEBUG - Method not mapping with MethodMapper annotation: serve
2022-12-30 12:22:38.528 DEBUG - Method not mapping with MethodMapper annotation: serveGet
2022-12-30 12:22:38.528 DEBUG - Method not mapping with MethodMapper annotation: serveDelete
2022-12-30 12:22:38.528 DEBUG - Method not mapping with MethodMapper annotation: servePut
2022-12-30 12:22:38.528 DEBUG - Method not mapping with MethodMapper annotation: servePost
2022-12-30 12:22:38.529 INFO  - Add service: org.chaostocosmos.leap.http.service.TimeServiceImpl  Mapping path: /time/GetTime
2022-12-30 12:22:38.529 INFO  - Virtual host added - Server: leap2   Host: 192.168.1.60   Port: 8082   Doc-Root: home2   Logging path: logs/leap.log   Level: [INFO]
2022-12-30 12:22:38.536 INFO  - Accepting connections on port 8082
2022-12-30 12:22:38.541 INFO  - Accepting connections on port 8080
2022-12-30 12:22:42.426 INFO  - Client request accepted... : /127.0.0.1
2022-12-30 12:22:42.427 INFO  - Client request accepted... : /127.0.0.1
2022-12-30 12:22:42.429 INFO  - GET /time/GetTime HTTP/1.1
2022-12-30 12:22:42.434 INFO  - Cookie= io=PL7TK76OSCzqZRBSAAAC
2022-12-30 12:22:42.435 INFO  - Accept= text/html,application/xhtml+xml,application/xml;q=0.9,image/avif,image/webp,image/apng,*/*;q=0.8,application/signed-exchange;v=b3;q=0.9
2022-12-30 12:22:42.435 INFO  - Connection= keep-alive
2022-12-30 12:22:42.436 INFO  - User-Agent= Mozilla/5.0 (Windows NT 10.0; Win64; x64) AppleWebKit/537.36 (KHTML, like Gecko) Chrome/96.0.4664.110 Safari/537.36
2022-12-30 12:22:42.437 INFO  - Sec-Fetch-Site= none
2022-12-30 12:22:42.437 INFO  - Sec-Fetch-Dest= document
2022-12-30 12:22:42.437 INFO  - Host= localhost:8080
2022-12-30 12:22:42.437 INFO  - Accept-Encoding= gzip, deflate, br
2022-12-30 12:22:42.437 INFO  - Sec-Fetch-Mode= navigate
2022-12-30 12:22:42.437 INFO  - sec-ch-ua= " Not A;Brand";v="99", "Chromium";v="96", "Google Chrome";v="96"
2022-12-30 12:22:42.438 INFO  - sec-ch-ua-mobile= ?0
2022-12-30 12:22:42.438 INFO  - Cache-Control= max-age=0
2022-12-30 12:22:42.438 INFO  - Upgrade-Insecure-Requests= 1
2022-12-30 12:22:42.438 INFO  - sec-ch-ua-platform= "Windows"
2022-12-30 12:22:42.438 INFO  - Sec-Fetch-User= ?1
2022-12-30 12:22:42.438 INFO  - Accept-Language= ko,en-US;q=0.9,en;q=0.8
2022-12-30 12:22:42.458 DEBUG - Request host: localhost
2022-12-30 12:22:42.458 DEBUG - Host: localhost:8080
Connection: keep-alive
Cache-Control: max-age=0
sec-ch-ua: " Not A;Brand";v="99", "Chromium";v="96", "Google Chrome";v="96"
sec-ch-ua-mobile: ?0
sec-ch-ua-platform: "Windows"
Upgrade-Insecure-Requests: 1
User-Agent: Mozilla/5.0 (Windows NT 10.0; Win64; x64) AppleWebKit/537.36 (KHTML, like Gecko) Chrome/96.0.4664.110 Safari/537.36
Accept: text/html,application/xhtml+xml,application/xml;q=0.9,image/avif,image/webp,image/apng,*/*;q=0.8,application/signed-exchange;v=b3;q=0.9
Sec-Fetch-Site: none
Sec-Fetch-Mode: navigate
Sec-Fetch-User: ?1
Sec-Fetch-Dest: document
Accept-Encoding: gzip, deflate, br
Accept-Language: ko,en-US;q=0.9,en;q=0.8
Cookie: io=PL7TK76OSCzqZRBSAAAC
2022-12-30 12:22:42.461 INFO  - getTime servlet started....+++++++++++++++++++++++++++++++++++++++++++++++++
2022-12-30 12:22:42.487 DEBUG - { httpRequestDescriptor='{ httpRequest='http://localhost:8080/time/GetTime GET', httpVersion='HTTP/1.1', requestLines='Host: localhost:8080
Connection: keep-alive
Cache-Control: max-age=0
sec-ch-ua: " Not A;Brand";v="99", "Chromium";v="96", "Google Chrome";v="96"
sec-ch-ua-mobile: ?0
sec-ch-ua-platform: "Windows"
Upgrade-Insecure-Requests: 1
User-Agent: Mozilla/5.0 (Windows NT 10.0; Win64; x64) AppleWebKit/537.36 (KHTML, like Gecko) Chrome/96.0.4664.110 Safari/537.36
Accept: text/html,application/xhtml+xml,application/xml;q=0.9,image/avif,image/webp,image/apng,*/*;q=0.8,application/signed-exchange;v=b3;q=0.9
Sec-Fetch-Site: none
Sec-Fetch-Mode: navigate
Sec-Fetch-User: ?1
Sec-Fetch-Dest: document
Accept-Encoding: gzip, deflate, br
Accept-Language: ko,en-US;q=0.9,en;q=0.8
Cookie: io=PL7TK76OSCzqZRBSAAAC', requestType='GET', requestHost='localhost', reqHeader='{Cookie= io=PL7TK76OSCzqZRBSAAAC, Accept= text/html,application/xhtml+xml,application/xml;q=0.9,image/avif,image/webp,image/apng,*/*;q=0.8,application/signed-exchange;v=b3;q=0.9, Connection= keep-alive, User-Agent= Mozilla/5.0 (Windows NT 10.0; Win64; x64) AppleWebKit/537.36 (KHTML, like Gecko) Chrome/96.0.4664.110 Safari/537.36, Sec-Fetch-Site= none, Sec-Fetch-Dest= document, Host= localhost:8080, Accept-Encoding= gzip, deflate, br, @Client=localhost, Sec-Fetch-Mode= navigate, sec-ch-ua= " Not A;Brand";v="99", "Chromium";v="96", "Google Chrome";v="96", sec-ch-ua-mobile= ?0, Cache-Control= max-age=0, Upgrade-Insecure-Requests= 1, sec-ch-ua-platform= "Windows", Sec-Fetch-User= ?1, Accept-Language= ko,en-US;q=0.9,en;q=0.8}', contentType='null', reqBody='null', contextPath='/time/GetTime', url='http://localhost:8080/time/GetTime', contextParam='{}'}', httpResponse='null', requestedHost='localhost', responseCode='200', responseBody='[B@6050fc2f', responseHeader='{Date: =Thu Dec 30 12:22:42 KST 2021, Server: =LeapWAS 1.0.0}'}
2022-12-30 12:22:42.689 INFO  - Client request accepted... : /127.0.0.1
2022-12-30 12:23:17.075 INFO  - Leap WAS server starting...
2022-12-30 12:23:17.078 INFO  - --------------------------------------------------------------------------
2022-12-30 12:23:17.078 INFO  - ThreadPool initialized - CORE: 50 MAX: 50 KEEP-ALIVE WHEN IDLE(seconds): 30
2022-12-30 12:23:17.078 INFO  - verbose mode on
2022-12-30 12:23:17.129 INFO  - Add service: org.chaostocosmos.leap.http.service.TimeServiceImpl  Mapping path: /time/GetTime
2022-12-30 12:23:17.129 DEBUG - Method not mapping with MethodMapper annotation: serve
2022-12-30 12:23:17.129 DEBUG - Method not mapping with MethodMapper annotation: setFilters
2022-12-30 12:23:17.130 DEBUG - Method not mapping with MethodMapper annotation: servePut
2022-12-30 12:23:17.130 DEBUG - Method not mapping with MethodMapper annotation: serveDelete
2022-12-30 12:23:17.130 DEBUG - Method not mapping with MethodMapper annotation: servePost
2022-12-30 12:23:17.130 DEBUG - Method not mapping with MethodMapper annotation: serveGet
2022-12-30 12:23:17.131 INFO  - Default host added - Server: leap   Host: localhost   Port: 8080   Doc-Root: home   Logging path: logs/leap.log   Level: [INFO, DEBUG]
2022-12-30 12:23:17.132 INFO  - Virtual host added - Server: leap1   Host: 127.0.0.1   Port: 8080   Doc-Root: home1   Logging path: logs/leap.log   Level: [INFO]
2022-12-30 12:23:17.139 INFO  - Add service: org.chaostocosmos.leap.http.service.TimeServiceImpl  Mapping path: /time/GetTime
2022-12-30 12:23:17.139 DEBUG - Method not mapping with MethodMapper annotation: serve
2022-12-30 12:23:17.140 DEBUG - Method not mapping with MethodMapper annotation: setFilters
2022-12-30 12:23:17.140 DEBUG - Method not mapping with MethodMapper annotation: servePut
2022-12-30 12:23:17.140 DEBUG - Method not mapping with MethodMapper annotation: serveDelete
2022-12-30 12:23:17.140 DEBUG - Method not mapping with MethodMapper annotation: servePost
2022-12-30 12:23:17.140 DEBUG - Method not mapping with MethodMapper annotation: serveGet
2022-12-30 12:23:17.141 INFO  - Virtual host added - Server: leap2   Host: 192.168.1.60   Port: 8082   Doc-Root: home2   Logging path: logs/leap.log   Level: [INFO]
2022-12-30 12:23:17.146 INFO  - Accepting connections on port 8082
2022-12-30 12:23:17.150 INFO  - Accepting connections on port 8080
2022-12-30 12:23:58.885 INFO  - Leap WAS server starting...
2022-12-30 12:23:58.914 INFO  - --------------------------------------------------------------------------
2022-12-30 12:23:58.917 INFO  - ThreadPool initialized - CORE: 50 MAX: 50 KEEP-ALIVE WHEN IDLE(seconds): 30
2022-12-30 12:23:58.921 INFO  - verbose mode on
2022-12-30 12:24:08.412 INFO  - Add service: org.chaostocosmos.leap.http.service.TimeServiceImpl  Mapping path: /time/GetTime
2022-12-30 12:24:08.414 DEBUG - Method not mapping with MethodMapper annotation: serveDelete
2022-12-30 12:24:08.417 DEBUG - Method not mapping with MethodMapper annotation: serveGet
2022-12-30 12:24:08.419 DEBUG - Method not mapping with MethodMapper annotation: servePut
2022-12-30 12:24:08.422 DEBUG - Method not mapping with MethodMapper annotation: servePost
2022-12-30 12:24:08.425 DEBUG - Method not mapping with MethodMapper annotation: setFilters
2022-12-30 12:24:08.429 DEBUG - Method not mapping with MethodMapper annotation: serve
2022-12-30 12:24:08.432 INFO  - Default host added - Server: leap   Host: localhost   Port: 8080   Doc-Root: home   Logging path: logs/leap.log   Level: [INFO, DEBUG]
2022-12-30 12:24:08.455 INFO  - Virtual host added - Server: leap1   Host: 127.0.0.1   Port: 8080   Doc-Root: home1   Logging path: logs/leap.log   Level: [INFO]
2022-12-30 12:24:08.637 INFO  - Add service: org.chaostocosmos.leap.http.service.TimeServiceImpl  Mapping path: /time/GetTime
2022-12-30 12:24:08.639 DEBUG - Method not mapping with MethodMapper annotation: serveDelete
2022-12-30 12:24:08.642 DEBUG - Method not mapping with MethodMapper annotation: serveGet
2022-12-30 12:24:08.644 DEBUG - Method not mapping with MethodMapper annotation: servePut
2022-12-30 12:24:08.647 DEBUG - Method not mapping with MethodMapper annotation: servePost
2022-12-30 12:24:08.651 DEBUG - Method not mapping with MethodMapper annotation: setFilters
2022-12-30 12:24:08.654 DEBUG - Method not mapping with MethodMapper annotation: serve
2022-12-30 12:24:08.657 INFO  - Virtual host added - Server: leap2   Host: 192.168.1.60   Port: 8082   Doc-Root: home2   Logging path: logs/leap.log   Level: [INFO]
2022-12-30 12:24:08.667 INFO  - Accepting connections on port 8082
2022-12-30 12:24:08.670 INFO  - Accepting connections on port 8080
2022-12-30 12:26:40.361 INFO  - Leap WAS server starting...
2022-12-30 12:26:40.363 INFO  - --------------------------------------------------------------------------
2022-12-30 12:26:40.364 INFO  - ThreadPool initialized - CORE: 50 MAX: 50 KEEP-ALIVE WHEN IDLE(seconds): 30
2022-12-30 12:26:40.364 INFO  - verbose mode on
2022-12-30 12:26:40.395 INFO  - Add service: org.chaostocosmos.leap.http.service.TimeServiceImpl  Mapping path: /time/GetTime
2022-12-30 12:26:40.395 DEBUG - Method not mapping with MethodMapper annotation: serve
2022-12-30 12:26:40.395 DEBUG - Method not mapping with MethodMapper annotation: setFilters
2022-12-30 12:26:40.396 DEBUG - Method not mapping with MethodMapper annotation: servePost
2022-12-30 12:26:40.396 DEBUG - Method not mapping with MethodMapper annotation: serveDelete
2022-12-30 12:26:40.396 DEBUG - Method not mapping with MethodMapper annotation: serveGet
2022-12-30 12:26:40.396 DEBUG - Method not mapping with MethodMapper annotation: servePut
2022-12-30 12:26:40.397 INFO  - Default host added - Server: leap   Host: localhost   Port: 8080   Doc-Root: home   Logging path: logs/leap.log   Level: [INFO, DEBUG]
2022-12-30 12:26:40.398 INFO  - Virtual host added - Server: leap1   Host: 127.0.0.1   Port: 8080   Doc-Root: home1   Logging path: logs/leap.log   Level: [INFO]
2022-12-30 12:26:40.407 INFO  - Add service: org.chaostocosmos.leap.http.service.TimeServiceImpl  Mapping path: /time/GetTime
2022-12-30 12:26:40.408 DEBUG - Method not mapping with MethodMapper annotation: serve
2022-12-30 12:26:40.408 DEBUG - Method not mapping with MethodMapper annotation: setFilters
2022-12-30 12:26:40.408 DEBUG - Method not mapping with MethodMapper annotation: servePost
2022-12-30 12:26:40.408 DEBUG - Method not mapping with MethodMapper annotation: serveDelete
2022-12-30 12:26:40.408 DEBUG - Method not mapping with MethodMapper annotation: serveGet
2022-12-30 12:26:40.409 DEBUG - Method not mapping with MethodMapper annotation: servePut
2022-12-30 12:26:40.409 INFO  - Virtual host added - Server: leap2   Host: 192.168.1.60   Port: 8082   Doc-Root: home2   Logging path: logs/leap.log   Level: [INFO]
2022-12-30 12:26:40.416 INFO  - Accepting connections on port 8082
2022-12-30 12:26:40.419 INFO  - Accepting connections on port 8080
2022-12-30 12:26:42.990 INFO  - Client request accepted... : /127.0.0.1
2022-12-30 12:26:42.994 INFO  - Client request accepted... : /127.0.0.1
2022-12-30 12:26:42.997 INFO  - GET /time/GetTime HTTP/1.1
2022-12-30 12:26:43.003 INFO  - Cookie= io=PL7TK76OSCzqZRBSAAAC
2022-12-30 12:26:43.004 INFO  - Accept= text/html,application/xhtml+xml,application/xml;q=0.9,image/avif,image/webp,image/apng,*/*;q=0.8,application/signed-exchange;v=b3;q=0.9
2022-12-30 12:26:43.004 INFO  - Connection= keep-alive
2022-12-30 12:26:43.004 INFO  - User-Agent= Mozilla/5.0 (Windows NT 10.0; Win64; x64) AppleWebKit/537.36 (KHTML, like Gecko) Chrome/96.0.4664.110 Safari/537.36
2022-12-30 12:26:43.004 INFO  - Sec-Fetch-Site= none
2022-12-30 12:26:43.005 INFO  - Sec-Fetch-Dest= document
2022-12-30 12:26:43.005 INFO  - Host= localhost:8080
2022-12-30 12:26:43.005 INFO  - Accept-Encoding= gzip, deflate, br
2022-12-30 12:26:43.005 INFO  - Sec-Fetch-Mode= navigate
2022-12-30 12:26:43.005 INFO  - sec-ch-ua= " Not A;Brand";v="99", "Chromium";v="96", "Google Chrome";v="96"
2022-12-30 12:26:43.005 INFO  - sec-ch-ua-mobile= ?0
2022-12-30 12:26:43.005 INFO  - Cache-Control= max-age=0
2022-12-30 12:26:43.006 INFO  - Upgrade-Insecure-Requests= 1
2022-12-30 12:26:43.006 INFO  - sec-ch-ua-platform= "Windows"
2022-12-30 12:26:43.006 INFO  - Sec-Fetch-User= ?1
2022-12-30 12:26:43.006 INFO  - Accept-Language= ko,en-US;q=0.9,en;q=0.8
2022-12-30 12:26:43.024 DEBUG - Request host: localhost
2022-12-30 12:26:43.024 DEBUG - Host: localhost:8080
Connection: keep-alive
Cache-Control: max-age=0
sec-ch-ua: " Not A;Brand";v="99", "Chromium";v="96", "Google Chrome";v="96"
sec-ch-ua-mobile: ?0
sec-ch-ua-platform: "Windows"
Upgrade-Insecure-Requests: 1
User-Agent: Mozilla/5.0 (Windows NT 10.0; Win64; x64) AppleWebKit/537.36 (KHTML, like Gecko) Chrome/96.0.4664.110 Safari/537.36
Accept: text/html,application/xhtml+xml,application/xml;q=0.9,image/avif,image/webp,image/apng,*/*;q=0.8,application/signed-exchange;v=b3;q=0.9
Sec-Fetch-Site: none
Sec-Fetch-Mode: navigate
Sec-Fetch-User: ?1
Sec-Fetch-Dest: document
Accept-Encoding: gzip, deflate, br
Accept-Language: ko,en-US;q=0.9,en;q=0.8
Cookie: io=PL7TK76OSCzqZRBSAAAC
2022-12-30 12:26:43.031 ERROR - null
java.lang.NullPointerException: null
	at org.chaostocosmos.leap.http.service.AbstractLeapService.serve(AbstractLeapService.java:55)
	at org.chaostocosmos.leap.http.service.TimeServiceImpl.serve(TimeServiceImpl.java:1)
	at org.chaostocosmos.leap.http.service.ServiceInvoker.invokeService(ServiceInvoker.java:31)
	at org.chaostocosmos.leap.http.LeapRequestHandler.run(LeapRequestHandler.java:94)
	at java.base/java.util.concurrent.Executors$RunnableAdapter.call(Executors.java:515)
	at java.base/java.util.concurrent.FutureTask.run(FutureTask.java:264)
	at java.base/java.util.concurrent.ThreadPoolExecutor.runWorker(ThreadPoolExecutor.java:1128)
	at java.base/java.util.concurrent.ThreadPoolExecutor$Worker.run(ThreadPoolExecutor.java:628)
	at java.base/java.lang.Thread.run(Thread.java:829)
2022-12-30 12:26:43.237 INFO  - Client request accepted... : /127.0.0.1
2022-12-30 12:26:44.071 INFO  - GET /time/GetTime HTTP/1.1
2022-12-30 12:26:44.071 INFO  - Cookie= io=PL7TK76OSCzqZRBSAAAC
2022-12-30 12:26:44.072 INFO  - Accept= text/html,application/xhtml+xml,application/xml;q=0.9,image/avif,image/webp,image/apng,*/*;q=0.8,application/signed-exchange;v=b3;q=0.9
2022-12-30 12:26:44.072 INFO  - Connection= keep-alive
2022-12-30 12:26:44.072 INFO  - User-Agent= Mozilla/5.0 (Windows NT 10.0; Win64; x64) AppleWebKit/537.36 (KHTML, like Gecko) Chrome/96.0.4664.110 Safari/537.36
2022-12-30 12:26:44.072 INFO  - Sec-Fetch-Site= none
2022-12-30 12:26:44.073 INFO  - Sec-Fetch-Dest= document
2022-12-30 12:26:44.073 INFO  - Host= localhost:8080
2022-12-30 12:26:44.073 INFO  - Accept-Encoding= gzip, deflate, br
2022-12-30 12:26:44.073 INFO  - Sec-Fetch-Mode= navigate
2022-12-30 12:26:44.074 INFO  - sec-ch-ua= " Not A;Brand";v="99", "Chromium";v="96", "Google Chrome";v="96"
2022-12-30 12:26:44.075 INFO  - sec-ch-ua-mobile= ?0
2022-12-30 12:26:44.075 INFO  - Cache-Control= max-age=0
2022-12-30 12:26:44.075 INFO  - Upgrade-Insecure-Requests= 1
2022-12-30 12:26:44.076 INFO  - sec-ch-ua-platform= "Windows"
2022-12-30 12:26:44.076 INFO  - Sec-Fetch-User= ?1
2022-12-30 12:26:44.076 INFO  - Accept-Language= ko,en-US;q=0.9,en;q=0.8
2022-12-30 12:26:44.077 DEBUG - Request host: localhost
2022-12-30 12:26:44.077 DEBUG - Host: localhost:8080
Connection: keep-alive
Cache-Control: max-age=0
sec-ch-ua: " Not A;Brand";v="99", "Chromium";v="96", "Google Chrome";v="96"
sec-ch-ua-mobile: ?0
sec-ch-ua-platform: "Windows"
Upgrade-Insecure-Requests: 1
User-Agent: Mozilla/5.0 (Windows NT 10.0; Win64; x64) AppleWebKit/537.36 (KHTML, like Gecko) Chrome/96.0.4664.110 Safari/537.36
Accept: text/html,application/xhtml+xml,application/xml;q=0.9,image/avif,image/webp,image/apng,*/*;q=0.8,application/signed-exchange;v=b3;q=0.9
Sec-Fetch-Site: none
Sec-Fetch-Mode: navigate
Sec-Fetch-User: ?1
Sec-Fetch-Dest: document
Accept-Encoding: gzip, deflate, br
Accept-Language: ko,en-US;q=0.9,en;q=0.8
Cookie: io=PL7TK76OSCzqZRBSAAAC
2022-12-30 12:26:44.079 ERROR - null
java.lang.NullPointerException: null
	at org.chaostocosmos.leap.http.service.AbstractLeapService.serve(AbstractLeapService.java:55)
	at org.chaostocosmos.leap.http.service.TimeServiceImpl.serve(TimeServiceImpl.java:1)
	at org.chaostocosmos.leap.http.service.ServiceInvoker.invokeService(ServiceInvoker.java:31)
	at org.chaostocosmos.leap.http.LeapRequestHandler.run(LeapRequestHandler.java:94)
	at java.base/java.util.concurrent.Executors$RunnableAdapter.call(Executors.java:515)
	at java.base/java.util.concurrent.FutureTask.run(FutureTask.java:264)
	at java.base/java.util.concurrent.ThreadPoolExecutor.runWorker(ThreadPoolExecutor.java:1128)
	at java.base/java.util.concurrent.ThreadPoolExecutor$Worker.run(ThreadPoolExecutor.java:628)
	at java.base/java.lang.Thread.run(Thread.java:829)
2022-12-30 12:26:44.080 INFO  - GET /time/GetTime HTTP/1.1
2022-12-30 12:26:44.081 INFO  - Cookie= io=PL7TK76OSCzqZRBSAAAC
2022-12-30 12:26:44.081 INFO  - Accept= text/html,application/xhtml+xml,application/xml;q=0.9,image/avif,image/webp,image/apng,*/*;q=0.8,application/signed-exchange;v=b3;q=0.9
2022-12-30 12:26:44.081 INFO  - Connection= keep-alive
2022-12-30 12:26:44.082 INFO  - User-Agent= Mozilla/5.0 (Windows NT 10.0; Win64; x64) AppleWebKit/537.36 (KHTML, like Gecko) Chrome/96.0.4664.110 Safari/537.36
2022-12-30 12:26:44.082 INFO  - Sec-Fetch-Site= none
2022-12-30 12:26:44.082 INFO  - Sec-Fetch-Dest= document
2022-12-30 12:26:44.082 INFO  - Host= localhost:8080
2022-12-30 12:26:44.082 INFO  - Accept-Encoding= gzip, deflate, br
2022-12-30 12:26:44.083 INFO  - Sec-Fetch-Mode= navigate
2022-12-30 12:26:44.083 INFO  - sec-ch-ua= " Not A;Brand";v="99", "Chromium";v="96", "Google Chrome";v="96"
2022-12-30 12:26:44.083 INFO  - sec-ch-ua-mobile= ?0
2022-12-30 12:26:44.083 INFO  - Cache-Control= max-age=0
2022-12-30 12:26:44.083 INFO  - Upgrade-Insecure-Requests= 1
2022-12-30 12:26:44.084 INFO  - sec-ch-ua-platform= "Windows"
2022-12-30 12:26:44.084 INFO  - Sec-Fetch-User= ?1
2022-12-30 12:26:44.084 INFO  - Accept-Language= ko,en-US;q=0.9,en;q=0.8
2022-12-30 12:26:44.085 DEBUG - Request host: localhost
2022-12-30 12:26:44.085 DEBUG - Host: localhost:8080
Connection: keep-alive
Cache-Control: max-age=0
sec-ch-ua: " Not A;Brand";v="99", "Chromium";v="96", "Google Chrome";v="96"
sec-ch-ua-mobile: ?0
sec-ch-ua-platform: "Windows"
Upgrade-Insecure-Requests: 1
User-Agent: Mozilla/5.0 (Windows NT 10.0; Win64; x64) AppleWebKit/537.36 (KHTML, like Gecko) Chrome/96.0.4664.110 Safari/537.36
Accept: text/html,application/xhtml+xml,application/xml;q=0.9,image/avif,image/webp,image/apng,*/*;q=0.8,application/signed-exchange;v=b3;q=0.9
Sec-Fetch-Site: none
Sec-Fetch-Mode: navigate
Sec-Fetch-User: ?1
Sec-Fetch-Dest: document
Accept-Encoding: gzip, deflate, br
Accept-Language: ko,en-US;q=0.9,en;q=0.8
Cookie: io=PL7TK76OSCzqZRBSAAAC
2022-12-30 12:26:44.087 ERROR - null
java.lang.NullPointerException: null
	at org.chaostocosmos.leap.http.service.AbstractLeapService.serve(AbstractLeapService.java:55)
	at org.chaostocosmos.leap.http.service.TimeServiceImpl.serve(TimeServiceImpl.java:1)
	at org.chaostocosmos.leap.http.service.ServiceInvoker.invokeService(ServiceInvoker.java:31)
	at org.chaostocosmos.leap.http.LeapRequestHandler.run(LeapRequestHandler.java:94)
	at java.base/java.util.concurrent.Executors$RunnableAdapter.call(Executors.java:515)
	at java.base/java.util.concurrent.FutureTask.run(FutureTask.java:264)
	at java.base/java.util.concurrent.ThreadPoolExecutor.runWorker(ThreadPoolExecutor.java:1128)
	at java.base/java.util.concurrent.ThreadPoolExecutor$Worker.run(ThreadPoolExecutor.java:628)
	at java.base/java.lang.Thread.run(Thread.java:829)
2022-12-30 12:26:44.405 INFO  - Client request accepted... : /127.0.0.1
2022-12-30 12:26:44.408 INFO  - GET /time/GetTime HTTP/1.1
2022-12-30 12:26:44.409 INFO  - Cookie= io=PL7TK76OSCzqZRBSAAAC
2022-12-30 12:26:44.410 INFO  - Accept= text/html,application/xhtml+xml,application/xml;q=0.9,image/avif,image/webp,image/apng,*/*;q=0.8,application/signed-exchange;v=b3;q=0.9
2022-12-30 12:26:44.410 INFO  - Connection= keep-alive
2022-12-30 12:26:44.411 INFO  - User-Agent= Mozilla/5.0 (Windows NT 10.0; Win64; x64) AppleWebKit/537.36 (KHTML, like Gecko) Chrome/96.0.4664.110 Safari/537.36
2022-12-30 12:26:44.412 INFO  - Sec-Fetch-Site= none
2022-12-30 12:26:44.412 INFO  - Sec-Fetch-Dest= document
2022-12-30 12:26:44.412 INFO  - Host= localhost:8080
2022-12-30 12:26:44.413 INFO  - Accept-Encoding= gzip, deflate, br
2022-12-30 12:26:44.413 INFO  - Sec-Fetch-Mode= navigate
2022-12-30 12:26:44.413 INFO  - sec-ch-ua= " Not A;Brand";v="99", "Chromium";v="96", "Google Chrome";v="96"
2022-12-30 12:26:44.413 INFO  - sec-ch-ua-mobile= ?0
2022-12-30 12:26:44.413 INFO  - Cache-Control= max-age=0
2022-12-30 12:26:44.414 INFO  - Upgrade-Insecure-Requests= 1
2022-12-30 12:26:44.414 INFO  - sec-ch-ua-platform= "Windows"
2022-12-30 12:26:44.415 INFO  - Sec-Fetch-User= ?1
2022-12-30 12:26:44.415 INFO  - Accept-Language= ko,en-US;q=0.9,en;q=0.8
2022-12-30 12:26:44.417 DEBUG - Request host: localhost
2022-12-30 12:26:44.418 DEBUG - Host: localhost:8080
Connection: keep-alive
Cache-Control: max-age=0
sec-ch-ua: " Not A;Brand";v="99", "Chromium";v="96", "Google Chrome";v="96"
sec-ch-ua-mobile: ?0
sec-ch-ua-platform: "Windows"
Upgrade-Insecure-Requests: 1
User-Agent: Mozilla/5.0 (Windows NT 10.0; Win64; x64) AppleWebKit/537.36 (KHTML, like Gecko) Chrome/96.0.4664.110 Safari/537.36
Accept: text/html,application/xhtml+xml,application/xml;q=0.9,image/avif,image/webp,image/apng,*/*;q=0.8,application/signed-exchange;v=b3;q=0.9
Sec-Fetch-Site: none
Sec-Fetch-Mode: navigate
Sec-Fetch-User: ?1
Sec-Fetch-Dest: document
Accept-Encoding: gzip, deflate, br
Accept-Language: ko,en-US;q=0.9,en;q=0.8
Cookie: io=PL7TK76OSCzqZRBSAAAC
2022-12-30 12:26:44.424 ERROR - null
java.lang.NullPointerException: null
	at org.chaostocosmos.leap.http.service.AbstractLeapService.serve(AbstractLeapService.java:55)
	at org.chaostocosmos.leap.http.service.TimeServiceImpl.serve(TimeServiceImpl.java:1)
	at org.chaostocosmos.leap.http.service.ServiceInvoker.invokeService(ServiceInvoker.java:31)
	at org.chaostocosmos.leap.http.LeapRequestHandler.run(LeapRequestHandler.java:94)
	at java.base/java.util.concurrent.Executors$RunnableAdapter.call(Executors.java:515)
	at java.base/java.util.concurrent.FutureTask.run(FutureTask.java:264)
	at java.base/java.util.concurrent.ThreadPoolExecutor.runWorker(ThreadPoolExecutor.java:1128)
	at java.base/java.util.concurrent.ThreadPoolExecutor$Worker.run(ThreadPoolExecutor.java:628)
	at java.base/java.lang.Thread.run(Thread.java:829)
2022-12-30 12:26:44.653 INFO  - Client request accepted... : /127.0.0.1
2022-12-30 12:26:49.465 INFO  - GET /time/GetTime HTTP/1.1
2022-12-30 12:26:49.467 INFO  - Cookie= io=PL7TK76OSCzqZRBSAAAC
2022-12-30 12:26:49.469 INFO  - Accept= text/html,application/xhtml+xml,application/xml;q=0.9,image/avif,image/webp,image/apng,*/*;q=0.8,application/signed-exchange;v=b3;q=0.9
2022-12-30 12:26:49.470 INFO  - Connection= keep-alive
2022-12-30 12:26:49.471 INFO  - User-Agent= Mozilla/5.0 (Windows NT 10.0; Win64; x64) AppleWebKit/537.36 (KHTML, like Gecko) Chrome/96.0.4664.110 Safari/537.36
2022-12-30 12:26:49.471 INFO  - Sec-Fetch-Site= none
2022-12-30 12:26:49.472 INFO  - Sec-Fetch-Dest= document
2022-12-30 12:26:49.473 INFO  - Host= localhost:8080
2022-12-30 12:26:49.474 INFO  - Accept-Encoding= gzip, deflate, br
2022-12-30 12:26:49.475 INFO  - Sec-Fetch-Mode= navigate
2022-12-30 12:26:49.475 INFO  - sec-ch-ua= " Not A;Brand";v="99", "Chromium";v="96", "Google Chrome";v="96"
2022-12-30 12:26:49.476 INFO  - sec-ch-ua-mobile= ?0
2022-12-30 12:26:49.476 INFO  - Cache-Control= max-age=0
2022-12-30 12:26:49.477 INFO  - Upgrade-Insecure-Requests= 1
2022-12-30 12:26:49.478 INFO  - sec-ch-ua-platform= "Windows"
2022-12-30 12:26:49.478 INFO  - Sec-Fetch-User= ?1
2022-12-30 12:26:49.479 INFO  - Accept-Language= ko,en-US;q=0.9,en;q=0.8
2022-12-30 12:26:49.481 DEBUG - Request host: localhost
2022-12-30 12:26:49.482 DEBUG - Host: localhost:8080
Connection: keep-alive
Cache-Control: max-age=0
sec-ch-ua: " Not A;Brand";v="99", "Chromium";v="96", "Google Chrome";v="96"
sec-ch-ua-mobile: ?0
sec-ch-ua-platform: "Windows"
Upgrade-Insecure-Requests: 1
User-Agent: Mozilla/5.0 (Windows NT 10.0; Win64; x64) AppleWebKit/537.36 (KHTML, like Gecko) Chrome/96.0.4664.110 Safari/537.36
Accept: text/html,application/xhtml+xml,application/xml;q=0.9,image/avif,image/webp,image/apng,*/*;q=0.8,application/signed-exchange;v=b3;q=0.9
Sec-Fetch-Site: none
Sec-Fetch-Mode: navigate
Sec-Fetch-User: ?1
Sec-Fetch-Dest: document
Accept-Encoding: gzip, deflate, br
Accept-Language: ko,en-US;q=0.9,en;q=0.8
Cookie: io=PL7TK76OSCzqZRBSAAAC
2022-12-30 12:26:49.486 ERROR - null
java.lang.NullPointerException: null
	at org.chaostocosmos.leap.http.service.AbstractLeapService.serve(AbstractLeapService.java:55)
	at org.chaostocosmos.leap.http.service.TimeServiceImpl.serve(TimeServiceImpl.java:1)
	at org.chaostocosmos.leap.http.service.ServiceInvoker.invokeService(ServiceInvoker.java:31)
	at org.chaostocosmos.leap.http.LeapRequestHandler.run(LeapRequestHandler.java:94)
	at java.base/java.util.concurrent.Executors$RunnableAdapter.call(Executors.java:515)
	at java.base/java.util.concurrent.FutureTask.run(FutureTask.java:264)
	at java.base/java.util.concurrent.ThreadPoolExecutor.runWorker(ThreadPoolExecutor.java:1128)
	at java.base/java.util.concurrent.ThreadPoolExecutor$Worker.run(ThreadPoolExecutor.java:628)
	at java.base/java.lang.Thread.run(Thread.java:829)
2022-12-30 12:26:49.774 INFO  - Client request accepted... : /127.0.0.1
2022-12-30 12:26:49.777 INFO  - GET /time/GetTime HTTP/1.1
2022-12-30 12:26:49.778 INFO  - Cookie= io=PL7TK76OSCzqZRBSAAAC
2022-12-30 12:26:49.779 INFO  - Accept= text/html,application/xhtml+xml,application/xml;q=0.9,image/avif,image/webp,image/apng,*/*;q=0.8,application/signed-exchange;v=b3;q=0.9
2022-12-30 12:26:49.780 INFO  - Connection= keep-alive
2022-12-30 12:26:49.780 INFO  - User-Agent= Mozilla/5.0 (Windows NT 10.0; Win64; x64) AppleWebKit/537.36 (KHTML, like Gecko) Chrome/96.0.4664.110 Safari/537.36
2022-12-30 12:26:49.781 INFO  - Sec-Fetch-Site= none
2022-12-30 12:26:49.781 INFO  - Sec-Fetch-Dest= document
2022-12-30 12:26:49.781 INFO  - Host= localhost:8080
2022-12-30 12:26:49.782 INFO  - Accept-Encoding= gzip, deflate, br
2022-12-30 12:26:49.782 INFO  - Sec-Fetch-Mode= navigate
2022-12-30 12:26:49.782 INFO  - sec-ch-ua= " Not A;Brand";v="99", "Chromium";v="96", "Google Chrome";v="96"
2022-12-30 12:26:49.783 INFO  - sec-ch-ua-mobile= ?0
2022-12-30 12:26:49.783 INFO  - Cache-Control= max-age=0
2022-12-30 12:26:49.783 INFO  - Upgrade-Insecure-Requests= 1
2022-12-30 12:26:49.784 INFO  - sec-ch-ua-platform= "Windows"
2022-12-30 12:26:49.784 INFO  - Sec-Fetch-User= ?1
2022-12-30 12:26:49.784 INFO  - Accept-Language= ko,en-US;q=0.9,en;q=0.8
2022-12-30 12:26:49.793 DEBUG - Request host: localhost
2022-12-30 12:26:49.797 DEBUG - Host: localhost:8080
Connection: keep-alive
Cache-Control: max-age=0
sec-ch-ua: " Not A;Brand";v="99", "Chromium";v="96", "Google Chrome";v="96"
sec-ch-ua-mobile: ?0
sec-ch-ua-platform: "Windows"
Upgrade-Insecure-Requests: 1
User-Agent: Mozilla/5.0 (Windows NT 10.0; Win64; x64) AppleWebKit/537.36 (KHTML, like Gecko) Chrome/96.0.4664.110 Safari/537.36
Accept: text/html,application/xhtml+xml,application/xml;q=0.9,image/avif,image/webp,image/apng,*/*;q=0.8,application/signed-exchange;v=b3;q=0.9
Sec-Fetch-Site: none
Sec-Fetch-Mode: navigate
Sec-Fetch-User: ?1
Sec-Fetch-Dest: document
Accept-Encoding: gzip, deflate, br
Accept-Language: ko,en-US;q=0.9,en;q=0.8
Cookie: io=PL7TK76OSCzqZRBSAAAC
2022-12-30 12:26:49.798 ERROR - null
java.lang.NullPointerException: null
	at org.chaostocosmos.leap.http.service.AbstractLeapService.serve(AbstractLeapService.java:55)
	at org.chaostocosmos.leap.http.service.TimeServiceImpl.serve(TimeServiceImpl.java:1)
	at org.chaostocosmos.leap.http.service.ServiceInvoker.invokeService(ServiceInvoker.java:31)
	at org.chaostocosmos.leap.http.LeapRequestHandler.run(LeapRequestHandler.java:94)
	at java.base/java.util.concurrent.Executors$RunnableAdapter.call(Executors.java:515)
	at java.base/java.util.concurrent.FutureTask.run(FutureTask.java:264)
	at java.base/java.util.concurrent.ThreadPoolExecutor.runWorker(ThreadPoolExecutor.java:1128)
	at java.base/java.util.concurrent.ThreadPoolExecutor$Worker.run(ThreadPoolExecutor.java:628)
	at java.base/java.lang.Thread.run(Thread.java:829)
2022-12-30 12:27:20.117 INFO  - Client request accepted... : /127.0.0.1
2022-12-30 12:27:20.118 INFO  - Client request accepted... : /127.0.0.1
2022-12-30 12:27:20.120 INFO  - GET /time/GetTime HTTP/1.1
2022-12-30 12:27:20.121 INFO  - Cookie= io=PL7TK76OSCzqZRBSAAAC
2022-12-30 12:27:20.123 INFO  - Accept= text/html,application/xhtml+xml,application/xml;q=0.9,image/avif,image/webp,image/apng,*/*;q=0.8,application/signed-exchange;v=b3;q=0.9
2022-12-30 12:27:20.123 INFO  - Connection= keep-alive
2022-12-30 12:27:20.123 INFO  - User-Agent= Mozilla/5.0 (Windows NT 10.0; Win64; x64) AppleWebKit/537.36 (KHTML, like Gecko) Chrome/96.0.4664.110 Safari/537.36
2022-12-30 12:27:20.124 INFO  - Sec-Fetch-Site= none
2022-12-30 12:27:20.124 INFO  - Sec-Fetch-Dest= document
2022-12-30 12:27:20.124 INFO  - Host= localhost:8080
2022-12-30 12:27:20.124 INFO  - Accept-Encoding= gzip, deflate, br
2022-12-30 12:27:20.125 INFO  - Sec-Fetch-Mode= navigate
2022-12-30 12:27:20.125 INFO  - sec-ch-ua= " Not A;Brand";v="99", "Chromium";v="96", "Google Chrome";v="96"
2022-12-30 12:27:20.125 INFO  - sec-ch-ua-mobile= ?0
2022-12-30 12:27:20.129 INFO  - Cache-Control= max-age=0
2022-12-30 12:27:20.137 INFO  - Upgrade-Insecure-Requests= 1
2022-12-30 12:27:20.138 INFO  - sec-ch-ua-platform= "Windows"
2022-12-30 12:27:20.138 INFO  - Sec-Fetch-User= ?1
2022-12-30 12:27:20.138 INFO  - Accept-Language= ko,en-US;q=0.9,en;q=0.8
2022-12-30 12:27:20.139 DEBUG - Request host: localhost
2022-12-30 12:27:20.139 DEBUG - Host: localhost:8080
Connection: keep-alive
Cache-Control: max-age=0
sec-ch-ua: " Not A;Brand";v="99", "Chromium";v="96", "Google Chrome";v="96"
sec-ch-ua-mobile: ?0
sec-ch-ua-platform: "Windows"
Upgrade-Insecure-Requests: 1
User-Agent: Mozilla/5.0 (Windows NT 10.0; Win64; x64) AppleWebKit/537.36 (KHTML, like Gecko) Chrome/96.0.4664.110 Safari/537.36
Accept: text/html,application/xhtml+xml,application/xml;q=0.9,image/avif,image/webp,image/apng,*/*;q=0.8,application/signed-exchange;v=b3;q=0.9
Sec-Fetch-Site: none
Sec-Fetch-Mode: navigate
Sec-Fetch-User: ?1
Sec-Fetch-Dest: document
Accept-Encoding: gzip, deflate, br
Accept-Language: ko,en-US;q=0.9,en;q=0.8
Cookie: io=PL7TK76OSCzqZRBSAAAC
2022-12-30 12:27:20.141 ERROR - null
java.lang.NullPointerException: null
	at org.chaostocosmos.leap.http.service.AbstractLeapService.serve(AbstractLeapService.java:55)
	at org.chaostocosmos.leap.http.service.TimeServiceImpl.serve(TimeServiceImpl.java:1)
	at org.chaostocosmos.leap.http.service.ServiceInvoker.invokeService(ServiceInvoker.java:31)
	at org.chaostocosmos.leap.http.LeapRequestHandler.run(LeapRequestHandler.java:94)
	at java.base/java.util.concurrent.Executors$RunnableAdapter.call(Executors.java:515)
	at java.base/java.util.concurrent.FutureTask.run(FutureTask.java:264)
	at java.base/java.util.concurrent.ThreadPoolExecutor.runWorker(ThreadPoolExecutor.java:1128)
	at java.base/java.util.concurrent.ThreadPoolExecutor$Worker.run(ThreadPoolExecutor.java:628)
	at java.base/java.lang.Thread.run(Thread.java:829)
2022-12-30 12:27:20.381 INFO  - Client request accepted... : /127.0.0.1
2022-12-30 12:27:24.722 INFO  - Leap WAS server starting...
2022-12-30 12:27:24.725 INFO  - --------------------------------------------------------------------------
2022-12-30 12:27:24.725 INFO  - ThreadPool initialized - CORE: 50 MAX: 50 KEEP-ALIVE WHEN IDLE(seconds): 30
2022-12-30 12:27:24.725 INFO  - verbose mode on
2022-12-30 12:27:24.760 INFO  - Add service: org.chaostocosmos.leap.http.service.TimeServiceImpl  Mapping path: /time/GetTime
2022-12-30 12:27:24.760 DEBUG - Method not mapping with MethodMapper annotation: serveGet
2022-12-30 12:27:24.761 DEBUG - Method not mapping with MethodMapper annotation: servePut
2022-12-30 12:27:24.761 DEBUG - Method not mapping with MethodMapper annotation: servePost
2022-12-30 12:27:24.761 DEBUG - Method not mapping with MethodMapper annotation: serveDelete
2022-12-30 12:27:24.761 DEBUG - Method not mapping with MethodMapper annotation: serve
2022-12-30 12:27:24.762 DEBUG - Method not mapping with MethodMapper annotation: setFilters
2022-12-30 12:27:24.762 INFO  - Default host added - Server: leap   Host: localhost   Port: 8080   Doc-Root: home   Logging path: logs/leap.log   Level: [INFO, DEBUG]
2022-12-30 12:27:24.763 INFO  - Virtual host added - Server: leap1   Host: 127.0.0.1   Port: 8080   Doc-Root: home1   Logging path: logs/leap.log   Level: [INFO]
2022-12-30 12:27:24.770 INFO  - Add service: org.chaostocosmos.leap.http.service.TimeServiceImpl  Mapping path: /time/GetTime
2022-12-30 12:27:24.771 DEBUG - Method not mapping with MethodMapper annotation: serveGet
2022-12-30 12:27:24.771 DEBUG - Method not mapping with MethodMapper annotation: servePut
2022-12-30 12:27:24.771 DEBUG - Method not mapping with MethodMapper annotation: servePost
2022-12-30 12:27:24.771 DEBUG - Method not mapping with MethodMapper annotation: serveDelete
2022-12-30 12:27:24.772 DEBUG - Method not mapping with MethodMapper annotation: serve
2022-12-30 12:27:24.772 DEBUG - Method not mapping with MethodMapper annotation: setFilters
2022-12-30 12:27:24.772 INFO  - Virtual host added - Server: leap2   Host: 192.168.1.60   Port: 8082   Doc-Root: home2   Logging path: logs/leap.log   Level: [INFO]
2022-12-30 12:27:24.778 INFO  - Accepting connections on port 8082
2022-12-30 12:27:24.783 INFO  - Accepting connections on port 8080
2022-12-30 12:27:26.842 INFO  - Client request accepted... : /127.0.0.1
2022-12-30 12:27:26.846 INFO  - Client request accepted... : /127.0.0.1
2022-12-30 12:27:26.852 INFO  - GET /time/GetTime HTTP/1.1
2022-12-30 12:27:26.863 INFO  - Cookie= io=PL7TK76OSCzqZRBSAAAC
2022-12-30 12:27:26.863 INFO  - Accept= text/html,application/xhtml+xml,application/xml;q=0.9,image/avif,image/webp,image/apng,*/*;q=0.8,application/signed-exchange;v=b3;q=0.9
2022-12-30 12:27:26.864 INFO  - Connection= keep-alive
2022-12-30 12:27:26.864 INFO  - User-Agent= Mozilla/5.0 (Windows NT 10.0; Win64; x64) AppleWebKit/537.36 (KHTML, like Gecko) Chrome/96.0.4664.110 Safari/537.36
2022-12-30 12:27:26.864 INFO  - Sec-Fetch-Site= none
2022-12-30 12:27:26.865 INFO  - Sec-Fetch-Dest= document
2022-12-30 12:27:26.865 INFO  - Host= localhost:8080
2022-12-30 12:27:26.865 INFO  - Accept-Encoding= gzip, deflate, br
2022-12-30 12:27:26.865 INFO  - Sec-Fetch-Mode= navigate
2022-12-30 12:27:26.866 INFO  - sec-ch-ua= " Not A;Brand";v="99", "Chromium";v="96", "Google Chrome";v="96"
2022-12-30 12:27:26.866 INFO  - sec-ch-ua-mobile= ?0
2022-12-30 12:27:26.866 INFO  - Cache-Control= max-age=0
2022-12-30 12:27:26.866 INFO  - Upgrade-Insecure-Requests= 1
2022-12-30 12:27:26.866 INFO  - sec-ch-ua-platform= "Windows"
2022-12-30 12:27:26.867 INFO  - Sec-Fetch-User= ?1
2022-12-30 12:27:26.867 INFO  - Accept-Language= ko,en-US;q=0.9,en;q=0.8
2022-12-30 12:27:26.879 DEBUG - Request host: localhost
2022-12-30 12:27:26.879 DEBUG - Host: localhost:8080
Connection: keep-alive
Cache-Control: max-age=0
sec-ch-ua: " Not A;Brand";v="99", "Chromium";v="96", "Google Chrome";v="96"
sec-ch-ua-mobile: ?0
sec-ch-ua-platform: "Windows"
Upgrade-Insecure-Requests: 1
User-Agent: Mozilla/5.0 (Windows NT 10.0; Win64; x64) AppleWebKit/537.36 (KHTML, like Gecko) Chrome/96.0.4664.110 Safari/537.36
Accept: text/html,application/xhtml+xml,application/xml;q=0.9,image/avif,image/webp,image/apng,*/*;q=0.8,application/signed-exchange;v=b3;q=0.9
Sec-Fetch-Site: none
Sec-Fetch-Mode: navigate
Sec-Fetch-User: ?1
Sec-Fetch-Dest: document
Accept-Encoding: gzip, deflate, br
Accept-Language: ko,en-US;q=0.9,en;q=0.8
Cookie: io=PL7TK76OSCzqZRBSAAAC
2022-12-30 12:27:26.884 ERROR - null
java.lang.NullPointerException: null
	at org.chaostocosmos.leap.http.service.AbstractLeapService.serve(AbstractLeapService.java:55)
	at org.chaostocosmos.leap.http.service.TimeServiceImpl.serve(TimeServiceImpl.java:1)
	at org.chaostocosmos.leap.http.service.ServiceInvoker.invokeService(ServiceInvoker.java:31)
	at org.chaostocosmos.leap.http.LeapRequestHandler.run(LeapRequestHandler.java:94)
	at java.base/java.util.concurrent.Executors$RunnableAdapter.call(Executors.java:515)
	at java.base/java.util.concurrent.FutureTask.run(FutureTask.java:264)
	at java.base/java.util.concurrent.ThreadPoolExecutor.runWorker(ThreadPoolExecutor.java:1128)
	at java.base/java.util.concurrent.ThreadPoolExecutor$Worker.run(ThreadPoolExecutor.java:628)
	at java.base/java.lang.Thread.run(Thread.java:829)
2022-12-30 12:27:27.105 INFO  - Client request accepted... : /127.0.0.1
2022-12-30 12:28:26.910 INFO  - GET /time/GetTime HTTP/1.1
2022-12-30 12:28:26.911 INFO  - Cookie= io=PL7TK76OSCzqZRBSAAAC
2022-12-30 12:28:26.911 INFO  - Accept= text/html,application/xhtml+xml,application/xml;q=0.9,image/avif,image/webp,image/apng,*/*;q=0.8,application/signed-exchange;v=b3;q=0.9
2022-12-30 12:28:26.911 INFO  - Connection= keep-alive
2022-12-30 12:28:26.912 INFO  - User-Agent= Mozilla/5.0 (Windows NT 10.0; Win64; x64) AppleWebKit/537.36 (KHTML, like Gecko) Chrome/96.0.4664.110 Safari/537.36
2022-12-30 12:28:26.913 INFO  - Sec-Fetch-Site= none
2022-12-30 12:28:26.913 INFO  - Sec-Fetch-Dest= document
2022-12-30 12:28:26.913 INFO  - Host= localhost:8080
2022-12-30 12:28:26.913 INFO  - Accept-Encoding= gzip, deflate, br
2022-12-30 12:28:26.913 INFO  - Sec-Fetch-Mode= navigate
2022-12-30 12:28:26.914 INFO  - sec-ch-ua= " Not A;Brand";v="99", "Chromium";v="96", "Google Chrome";v="96"
2022-12-30 12:28:26.915 INFO  - sec-ch-ua-mobile= ?0
2022-12-30 12:28:26.915 INFO  - Cache-Control= max-age=0
2022-12-30 12:28:26.915 INFO  - Upgrade-Insecure-Requests= 1
2022-12-30 12:28:26.916 INFO  - sec-ch-ua-platform= "Windows"
2022-12-30 12:28:26.916 INFO  - Sec-Fetch-User= ?1
2022-12-30 12:28:26.916 INFO  - Accept-Language= ko,en-US;q=0.9,en;q=0.8
2022-12-30 12:28:26.917 DEBUG - Request host: localhost
2022-12-30 12:28:26.928 DEBUG - Host: localhost:8080
Connection: keep-alive
Cache-Control: max-age=0
sec-ch-ua: " Not A;Brand";v="99", "Chromium";v="96", "Google Chrome";v="96"
sec-ch-ua-mobile: ?0
sec-ch-ua-platform: "Windows"
Upgrade-Insecure-Requests: 1
User-Agent: Mozilla/5.0 (Windows NT 10.0; Win64; x64) AppleWebKit/537.36 (KHTML, like Gecko) Chrome/96.0.4664.110 Safari/537.36
Accept: text/html,application/xhtml+xml,application/xml;q=0.9,image/avif,image/webp,image/apng,*/*;q=0.8,application/signed-exchange;v=b3;q=0.9
Sec-Fetch-Site: none
Sec-Fetch-Mode: navigate
Sec-Fetch-User: ?1
Sec-Fetch-Dest: document
Accept-Encoding: gzip, deflate, br
Accept-Language: ko,en-US;q=0.9,en;q=0.8
Cookie: io=PL7TK76OSCzqZRBSAAAC
2022-12-30 12:28:26.933 ERROR - null
java.lang.NullPointerException: null
	at org.chaostocosmos.leap.http.service.AbstractLeapService.serve(AbstractLeapService.java:55)
	at org.chaostocosmos.leap.http.service.TimeServiceImpl.serve(TimeServiceImpl.java:1)
	at org.chaostocosmos.leap.http.service.ServiceInvoker.invokeService(ServiceInvoker.java:31)
	at org.chaostocosmos.leap.http.LeapRequestHandler.run(LeapRequestHandler.java:94)
	at java.base/java.util.concurrent.Executors$RunnableAdapter.call(Executors.java:515)
	at java.base/java.util.concurrent.FutureTask.run(FutureTask.java:264)
	at java.base/java.util.concurrent.ThreadPoolExecutor.runWorker(ThreadPoolExecutor.java:1128)
	at java.base/java.util.concurrent.ThreadPoolExecutor$Worker.run(ThreadPoolExecutor.java:628)
	at java.base/java.lang.Thread.run(Thread.java:829)
2022-12-30 12:28:27.225 INFO  - Client request accepted... : /127.0.0.1
2022-12-30 12:28:27.226 INFO  - GET /time/GetTime HTTP/1.1
2022-12-30 12:28:27.227 INFO  - Cookie= io=PL7TK76OSCzqZRBSAAAC
2022-12-30 12:28:27.227 INFO  - Accept= text/html,application/xhtml+xml,application/xml;q=0.9,image/avif,image/webp,image/apng,*/*;q=0.8,application/signed-exchange;v=b3;q=0.9
2022-12-30 12:28:27.227 INFO  - Connection= keep-alive
2022-12-30 12:28:27.227 INFO  - User-Agent= Mozilla/5.0 (Windows NT 10.0; Win64; x64) AppleWebKit/537.36 (KHTML, like Gecko) Chrome/96.0.4664.110 Safari/537.36
2022-12-30 12:28:27.227 INFO  - Sec-Fetch-Site= none
2022-12-30 12:28:27.228 INFO  - Sec-Fetch-Dest= document
2022-12-30 12:28:27.228 INFO  - Host= localhost:8080
2022-12-30 12:28:27.228 INFO  - Accept-Encoding= gzip, deflate, br
2022-12-30 12:28:27.228 INFO  - Sec-Fetch-Mode= navigate
2022-12-30 12:28:27.228 INFO  - sec-ch-ua= " Not A;Brand";v="99", "Chromium";v="96", "Google Chrome";v="96"
2022-12-30 12:28:27.228 INFO  - sec-ch-ua-mobile= ?0
2022-12-30 12:28:27.229 INFO  - Cache-Control= max-age=0
2022-12-30 12:28:27.229 INFO  - Upgrade-Insecure-Requests= 1
2022-12-30 12:28:27.229 INFO  - sec-ch-ua-platform= "Windows"
2022-12-30 12:28:27.229 INFO  - Sec-Fetch-User= ?1
2022-12-30 12:28:27.229 INFO  - Accept-Language= ko,en-US;q=0.9,en;q=0.8
2022-12-30 12:28:27.230 DEBUG - Request host: localhost
2022-12-30 12:28:27.230 DEBUG - Host: localhost:8080
Connection: keep-alive
Cache-Control: max-age=0
sec-ch-ua: " Not A;Brand";v="99", "Chromium";v="96", "Google Chrome";v="96"
sec-ch-ua-mobile: ?0
sec-ch-ua-platform: "Windows"
Upgrade-Insecure-Requests: 1
User-Agent: Mozilla/5.0 (Windows NT 10.0; Win64; x64) AppleWebKit/537.36 (KHTML, like Gecko) Chrome/96.0.4664.110 Safari/537.36
Accept: text/html,application/xhtml+xml,application/xml;q=0.9,image/avif,image/webp,image/apng,*/*;q=0.8,application/signed-exchange;v=b3;q=0.9
Sec-Fetch-Site: none
Sec-Fetch-Mode: navigate
Sec-Fetch-User: ?1
Sec-Fetch-Dest: document
Accept-Encoding: gzip, deflate, br
Accept-Language: ko,en-US;q=0.9,en;q=0.8
Cookie: io=PL7TK76OSCzqZRBSAAAC
2022-12-30 12:28:27.231 ERROR - null
java.lang.NullPointerException: null
	at org.chaostocosmos.leap.http.service.AbstractLeapService.serve(AbstractLeapService.java:55)
	at org.chaostocosmos.leap.http.service.TimeServiceImpl.serve(TimeServiceImpl.java:1)
	at org.chaostocosmos.leap.http.service.ServiceInvoker.invokeService(ServiceInvoker.java:31)
	at org.chaostocosmos.leap.http.LeapRequestHandler.run(LeapRequestHandler.java:94)
	at java.base/java.util.concurrent.Executors$RunnableAdapter.call(Executors.java:515)
	at java.base/java.util.concurrent.FutureTask.run(FutureTask.java:264)
	at java.base/java.util.concurrent.ThreadPoolExecutor.runWorker(ThreadPoolExecutor.java:1128)
	at java.base/java.util.concurrent.ThreadPoolExecutor$Worker.run(ThreadPoolExecutor.java:628)
	at java.base/java.lang.Thread.run(Thread.java:829)
2022-12-30 12:33:27.572 INFO  - Client request accepted... : /127.0.0.1
2022-12-30 12:33:27.574 INFO  - Client request accepted... : /127.0.0.1
2022-12-30 12:33:27.576 INFO  - GET /time/GetTime HTTP/1.1
2022-12-30 12:33:27.577 INFO  - Cookie= io=PL7TK76OSCzqZRBSAAAC
2022-12-30 12:33:27.578 INFO  - Accept= text/html,application/xhtml+xml,application/xml;q=0.9,image/avif,image/webp,image/apng,*/*;q=0.8,application/signed-exchange;v=b3;q=0.9
2022-12-30 12:33:27.578 INFO  - Connection= keep-alive
2022-12-30 12:33:27.578 INFO  - User-Agent= Mozilla/5.0 (Windows NT 10.0; Win64; x64) AppleWebKit/537.36 (KHTML, like Gecko) Chrome/96.0.4664.110 Safari/537.36
2022-12-30 12:33:27.579 INFO  - Sec-Fetch-Site= none
2022-12-30 12:33:27.579 INFO  - Sec-Fetch-Dest= document
2022-12-30 12:33:27.579 INFO  - Host= localhost:8080
2022-12-30 12:33:27.579 INFO  - Accept-Encoding= gzip, deflate, br
2022-12-30 12:33:27.580 INFO  - Sec-Fetch-Mode= navigate
2022-12-30 12:33:27.580 INFO  - sec-ch-ua= " Not A;Brand";v="99", "Chromium";v="96", "Google Chrome";v="96"
2022-12-30 12:33:27.580 INFO  - sec-ch-ua-mobile= ?0
2022-12-30 12:33:27.580 INFO  - Cache-Control= max-age=0
2022-12-30 12:33:27.580 INFO  - Upgrade-Insecure-Requests= 1
2022-12-30 12:33:27.581 INFO  - sec-ch-ua-platform= "Windows"
2022-12-30 12:33:27.581 INFO  - Sec-Fetch-User= ?1
2022-12-30 12:33:27.581 INFO  - Accept-Language= ko,en-US;q=0.9,en;q=0.8
2022-12-30 12:33:27.582 DEBUG - Request host: localhost
2022-12-30 12:33:27.582 DEBUG - Host: localhost:8080
Connection: keep-alive
Cache-Control: max-age=0
sec-ch-ua: " Not A;Brand";v="99", "Chromium";v="96", "Google Chrome";v="96"
sec-ch-ua-mobile: ?0
sec-ch-ua-platform: "Windows"
Upgrade-Insecure-Requests: 1
User-Agent: Mozilla/5.0 (Windows NT 10.0; Win64; x64) AppleWebKit/537.36 (KHTML, like Gecko) Chrome/96.0.4664.110 Safari/537.36
Accept: text/html,application/xhtml+xml,application/xml;q=0.9,image/avif,image/webp,image/apng,*/*;q=0.8,application/signed-exchange;v=b3;q=0.9
Sec-Fetch-Site: none
Sec-Fetch-Mode: navigate
Sec-Fetch-User: ?1
Sec-Fetch-Dest: document
Accept-Encoding: gzip, deflate, br
Accept-Language: ko,en-US;q=0.9,en;q=0.8
Cookie: io=PL7TK76OSCzqZRBSAAAC
2022-12-30 12:33:27.583 ERROR - null
java.lang.NullPointerException: null
	at org.chaostocosmos.leap.http.service.AbstractLeapService.serve(AbstractLeapService.java:55)
	at org.chaostocosmos.leap.http.service.TimeServiceImpl.serve(TimeServiceImpl.java:1)
	at org.chaostocosmos.leap.http.service.ServiceInvoker.invokeService(ServiceInvoker.java:31)
	at org.chaostocosmos.leap.http.LeapRequestHandler.run(LeapRequestHandler.java:94)
	at java.base/java.util.concurrent.Executors$RunnableAdapter.call(Executors.java:515)
	at java.base/java.util.concurrent.FutureTask.run(FutureTask.java:264)
	at java.base/java.util.concurrent.ThreadPoolExecutor.runWorker(ThreadPoolExecutor.java:1128)
	at java.base/java.util.concurrent.ThreadPoolExecutor$Worker.run(ThreadPoolExecutor.java:628)
	at java.base/java.lang.Thread.run(Thread.java:829)
2022-12-30 12:33:27.837 INFO  - Client request accepted... : /127.0.0.1
2022-12-30 12:43:27.918 INFO  - Client request accepted... : /127.0.0.1
2022-12-30 12:43:27.920 INFO  - Client request accepted... : /127.0.0.1
2022-12-30 12:43:27.922 INFO  - GET /time/GetTime HTTP/1.1
2022-12-30 12:43:27.923 INFO  - Cookie= io=PL7TK76OSCzqZRBSAAAC
2022-12-30 12:43:27.924 INFO  - Accept= text/html,application/xhtml+xml,application/xml;q=0.9,image/avif,image/webp,image/apng,*/*;q=0.8,application/signed-exchange;v=b3;q=0.9
2022-12-30 12:43:27.924 INFO  - Connection= keep-alive
2022-12-30 12:43:27.924 INFO  - User-Agent= Mozilla/5.0 (Windows NT 10.0; Win64; x64) AppleWebKit/537.36 (KHTML, like Gecko) Chrome/96.0.4664.110 Safari/537.36
2022-12-30 12:43:27.925 INFO  - Sec-Fetch-Site= none
2022-12-30 12:43:27.925 INFO  - Sec-Fetch-Dest= document
2022-12-30 12:43:27.926 INFO  - Host= localhost:8080
2022-12-30 12:43:27.926 INFO  - Accept-Encoding= gzip, deflate, br
2022-12-30 12:43:27.926 INFO  - Sec-Fetch-Mode= navigate
2022-12-30 12:43:27.926 INFO  - sec-ch-ua= " Not A;Brand";v="99", "Chromium";v="96", "Google Chrome";v="96"
2022-12-30 12:43:27.927 INFO  - sec-ch-ua-mobile= ?0
2022-12-30 12:43:27.927 INFO  - Cache-Control= max-age=0
2022-12-30 12:43:27.927 INFO  - Upgrade-Insecure-Requests= 1
2022-12-30 12:43:27.928 INFO  - sec-ch-ua-platform= "Windows"
2022-12-30 12:43:27.928 INFO  - Sec-Fetch-User= ?1
2022-12-30 12:43:27.928 INFO  - Accept-Language= ko,en-US;q=0.9,en;q=0.8
2022-12-30 12:43:27.929 DEBUG - Request host: localhost
2022-12-30 12:43:27.929 DEBUG - Host: localhost:8080
Connection: keep-alive
Cache-Control: max-age=0
sec-ch-ua: " Not A;Brand";v="99", "Chromium";v="96", "Google Chrome";v="96"
sec-ch-ua-mobile: ?0
sec-ch-ua-platform: "Windows"
Upgrade-Insecure-Requests: 1
User-Agent: Mozilla/5.0 (Windows NT 10.0; Win64; x64) AppleWebKit/537.36 (KHTML, like Gecko) Chrome/96.0.4664.110 Safari/537.36
Accept: text/html,application/xhtml+xml,application/xml;q=0.9,image/avif,image/webp,image/apng,*/*;q=0.8,application/signed-exchange;v=b3;q=0.9
Sec-Fetch-Site: none
Sec-Fetch-Mode: navigate
Sec-Fetch-User: ?1
Sec-Fetch-Dest: document
Accept-Encoding: gzip, deflate, br
Accept-Language: ko,en-US;q=0.9,en;q=0.8
Cookie: io=PL7TK76OSCzqZRBSAAAC
2022-12-30 12:43:27.931 ERROR - null
java.lang.NullPointerException: null
	at org.chaostocosmos.leap.http.service.AbstractLeapService.serve(AbstractLeapService.java:55)
	at org.chaostocosmos.leap.http.service.TimeServiceImpl.serve(TimeServiceImpl.java:1)
	at org.chaostocosmos.leap.http.service.ServiceInvoker.invokeService(ServiceInvoker.java:31)
	at org.chaostocosmos.leap.http.LeapRequestHandler.run(LeapRequestHandler.java:94)
	at java.base/java.util.concurrent.Executors$RunnableAdapter.call(Executors.java:515)
	at java.base/java.util.concurrent.FutureTask.run(FutureTask.java:264)
	at java.base/java.util.concurrent.ThreadPoolExecutor.runWorker(ThreadPoolExecutor.java:1128)
	at java.base/java.util.concurrent.ThreadPoolExecutor$Worker.run(ThreadPoolExecutor.java:628)
	at java.base/java.lang.Thread.run(Thread.java:829)
2022-12-30 12:43:28.182 INFO  - Client request accepted... : /127.0.0.1
