2022-12-31 09:33:56.917 INFO  - Leap WAS server starting...
2022-12-31 09:33:56.924 INFO  - --------------------------------------------------------------------------
2022-12-31 09:33:56.924 INFO  - ThreadPool initialized - CORE: 50 MAX: 50 KEEP-ALIVE WHEN IDLE(seconds): 30
2022-12-31 09:33:56.924 INFO  - verbose mode on
2022-12-31 09:33:57.305 INFO  - Add service: org.chaostocosmos.leap.http.service.TimeServiceImpl  Mapping path: /time/GetTime
2022-12-31 09:33:57.305 DEBUG - Method not mapping with MethodMapper annotation: setFilters
2022-12-31 09:33:57.306 DEBUG - Method not mapping with MethodMapper annotation: serve
2022-12-31 09:33:57.306 DEBUG - Method not mapping with MethodMapper annotation: servePost
2022-12-31 09:33:57.306 DEBUG - Method not mapping with MethodMapper annotation: serveDelete
2022-12-31 09:33:57.307 DEBUG - Method not mapping with MethodMapper annotation: servePut
2022-12-31 09:33:57.307 DEBUG - Method not mapping with MethodMapper annotation: serveGet
2022-12-31 09:33:57.307 INFO  - Default host added - Server: leap   Host: localhost   Port: 8080   Doc-Root: home   Logging path: logs/leap.log   Level: [DEBUG]
2022-12-31 09:33:57.309 INFO  - Virtual host added - Server: leap1   Host: 127.0.0.1   Port: 8080   Doc-Root: home1   Logging path: logs/leap.log   Level: [DEBUG]
2022-12-31 09:33:57.316 INFO  - Add service: org.chaostocosmos.leap.http.service.TimeServiceImpl  Mapping path: /time/GetTime
2022-12-31 09:33:57.316 DEBUG - Method not mapping with MethodMapper annotation: setFilters
2022-12-31 09:33:57.316 DEBUG - Method not mapping with MethodMapper annotation: serve
2022-12-31 09:33:57.316 DEBUG - Method not mapping with MethodMapper annotation: servePost
2022-12-31 09:33:57.317 DEBUG - Method not mapping with MethodMapper annotation: serveDelete
2022-12-31 09:33:57.317 DEBUG - Method not mapping with MethodMapper annotation: servePut
2022-12-31 09:33:57.317 DEBUG - Method not mapping with MethodMapper annotation: serveGet
2022-12-31 09:33:57.317 INFO  - Virtual host added - Server: leap2   Host: 192.168.1.60   Port: 8082   Doc-Root: home2   Logging path: logs/leap.log   Level: [DEBUG]
2022-12-31 09:33:57.325 INFO  - Accepting connections on port 8082
2022-12-31 09:33:57.330 INFO  - Accepting connections on port 8080
2022-12-31 09:37:36.187 INFO  - Client request accepted... : /127.0.0.1
2022-12-31 09:37:36.189 INFO  - Client request accepted... : /127.0.0.1
2022-12-31 09:37:36.214 DEBUG - Request host: localhost
2022-12-31 09:37:36.214 DEBUG - Host: localhost:8080
Connection: keep-alive
Cache-Control: max-age=0
sec-ch-ua: " Not A;Brand";v="99", "Chromium";v="96", "Google Chrome";v="96"
sec-ch-ua-mobile: ?0
sec-ch-ua-platform: "Windows"
Upgrade-Insecure-Requests: 1
User-Agent: Mozilla/5.0 (Windows NT 10.0; Win64; x64) AppleWebKit/537.36 (KHTML, like Gecko) Chrome/96.0.4664.110 Safari/537.36
Accept: text/html,application/xhtml+xml,application/xml;q=0.9,image/avif,image/webp,image/apng,*/*;q=0.8,application/signed-exchange;v=b3;q=0.9
Sec-Fetch-Site: none
Sec-Fetch-Mode: navigate
Sec-Fetch-User: ?1
Sec-Fetch-Dest: document
Accept-Encoding: gzip, deflate, br
Accept-Language: ko,en-US;q=0.9,en;q=0.8
Cookie: io=PL7TK76OSCzqZRBSAAAC
2022-12-31 09:37:36.219 DEBUG - .\home\webapp\WEB-INF\static\response.html   response.html   .\home\webapp\WEB-INF\static
2022-12-31 09:37:36.251 DEBUG - { httpRequestDescriptor='{ httpRequest='http://localhost:8080/time/GetTime GET', httpVersion='HTTP/1.1', requestLines='Host: localhost:8080
Connection: keep-alive
Cache-Control: max-age=0
sec-ch-ua: " Not A;Brand";v="99", "Chromium";v="96", "Google Chrome";v="96"
sec-ch-ua-mobile: ?0
sec-ch-ua-platform: "Windows"
Upgrade-Insecure-Requests: 1
User-Agent: Mozilla/5.0 (Windows NT 10.0; Win64; x64) AppleWebKit/537.36 (KHTML, like Gecko) Chrome/96.0.4664.110 Safari/537.36
Accept: text/html,application/xhtml+xml,application/xml;q=0.9,image/avif,image/webp,image/apng,*/*;q=0.8,application/signed-exchange;v=b3;q=0.9
Sec-Fetch-Site: none
Sec-Fetch-Mode: navigate
Sec-Fetch-User: ?1
Sec-Fetch-Dest: document
Accept-Encoding: gzip, deflate, br
Accept-Language: ko,en-US;q=0.9,en;q=0.8
Cookie: io=PL7TK76OSCzqZRBSAAAC', requestType='GET', requestHost='localhost', reqHeader='{Cookie= io=PL7TK76OSCzqZRBSAAAC, Accept= text/html,application/xhtml+xml,application/xml;q=0.9,image/avif,image/webp,image/apng,*/*;q=0.8,application/signed-exchange;v=b3;q=0.9, Connection= keep-alive, User-Agent= Mozilla/5.0 (Windows NT 10.0; Win64; x64) AppleWebKit/537.36 (KHTML, like Gecko) Chrome/96.0.4664.110 Safari/537.36, Sec-Fetch-Site= none, Sec-Fetch-Dest= document, Host= localhost:8080, Accept-Encoding= gzip, deflate, br, @Client=localhost, Sec-Fetch-Mode= navigate, sec-ch-ua= " Not A;Brand";v="99", "Chromium";v="96", "Google Chrome";v="96", sec-ch-ua-mobile= ?0, Cache-Control= max-age=0, Upgrade-Insecure-Requests= 1, sec-ch-ua-platform= "Windows", Sec-Fetch-User= ?1, Accept-Language= ko,en-US;q=0.9,en;q=0.8}', contentType='null', reqBody='null', contextPath='/time/GetTime', url='http://localhost:8080/time/GetTime', contextParam='{}'}', httpResponse='null', requestedHost='localhost', responseCode='200', responseBody='[B@410843b', responseHeader='{Server=LeapWAS 1.0.0, Date=Fri Dec 31 09:37:36 KST 2021}'}
2022-12-31 09:37:36.282 DEBUG - Request host: localhost
2022-12-31 09:37:36.282 DEBUG - Host: localhost:8080
Connection: keep-alive
sec-ch-ua: " Not A;Brand";v="99", "Chromium";v="96", "Google Chrome";v="96"
sec-ch-ua-mobile: ?0
User-Agent: Mozilla/5.0 (Windows NT 10.0; Win64; x64) AppleWebKit/537.36 (KHTML, like Gecko) Chrome/96.0.4664.110 Safari/537.36
sec-ch-ua-platform: "Windows"
Accept: image/avif,image/webp,image/apng,image/svg+xml,image/*,*/*;q=0.8
Sec-Fetch-Site: same-origin
Sec-Fetch-Mode: no-cors
Sec-Fetch-Dest: image
Referer: http://localhost:8080/time/GetTime
Accept-Encoding: gzip, deflate, br
Accept-Language: ko,en-US;q=0.9,en;q=0.8
Cookie: io=PL7TK76OSCzqZRBSAAAC
2022-12-31 09:37:36.284 DEBUG - .\home\webapp\WEB-INF\static\response.html   response.html   .\home\webapp\WEB-INF\static
2022-12-31 09:37:36.286 DEBUG - { httpRequestDescriptor='{ httpRequest='http://localhost:8080/favicon.ico GET', httpVersion='HTTP/1.1', requestLines='Host: localhost:8080
Connection: keep-alive
sec-ch-ua: " Not A;Brand";v="99", "Chromium";v="96", "Google Chrome";v="96"
sec-ch-ua-mobile: ?0
User-Agent: Mozilla/5.0 (Windows NT 10.0; Win64; x64) AppleWebKit/537.36 (KHTML, like Gecko) Chrome/96.0.4664.110 Safari/537.36
sec-ch-ua-platform: "Windows"
Accept: image/avif,image/webp,image/apng,image/svg+xml,image/*,*/*;q=0.8
Sec-Fetch-Site: same-origin
Sec-Fetch-Mode: no-cors
Sec-Fetch-Dest: image
Referer: http://localhost:8080/time/GetTime
Accept-Encoding: gzip, deflate, br
Accept-Language: ko,en-US;q=0.9,en;q=0.8
Cookie: io=PL7TK76OSCzqZRBSAAAC', requestType='GET', requestHost='localhost', reqHeader='{Cookie= io=PL7TK76OSCzqZRBSAAAC, Accept= image/avif,image/webp,image/apng,image/svg+xml,image/*,*/*;q=0.8, Connection= keep-alive, User-Agent= Mozilla/5.0 (Windows NT 10.0; Win64; x64) AppleWebKit/537.36 (KHTML, like Gecko) Chrome/96.0.4664.110 Safari/537.36, Referer= http://localhost:8080/time/GetTime, Sec-Fetch-Site= same-origin, Sec-Fetch-Dest= image, Host= localhost:8080, Accept-Encoding= gzip, deflate, br, @Client=localhost, Sec-Fetch-Mode= no-cors, sec-ch-ua= " Not A;Brand";v="99", "Chromium";v="96", "Google Chrome";v="96", sec-ch-ua-mobile= ?0, sec-ch-ua-platform= "Windows", Accept-Language= ko,en-US;q=0.9,en;q=0.8}', contentType='null', reqBody='null', contextPath='/favicon.ico', url='http://localhost:8080/favicon.ico', contextParam='{}'}', httpResponse='null', requestedHost='localhost', responseCode='200', responseBody='[B@39f3d131', responseHeader='{Server=LeapWAS 1.0.0, Date=Fri Dec 31 09:37:36 KST 2021}'}
2022-12-31 09:37:36.434 INFO  - Client request accepted... : /127.0.0.1
2022-12-31 09:37:37.531 DEBUG - Request host: localhost
2022-12-31 09:37:37.787 DEBUG - Host: localhost:8080
Connection: keep-alive
Cache-Control: max-age=0
sec-ch-ua: " Not A;Brand";v="99", "Chromium";v="96", "Google Chrome";v="96"
sec-ch-ua-mobile: ?0
sec-ch-ua-platform: "Windows"
Upgrade-Insecure-Requests: 1
User-Agent: Mozilla/5.0 (Windows NT 10.0; Win64; x64) AppleWebKit/537.36 (KHTML, like Gecko) Chrome/96.0.4664.110 Safari/537.36
Accept: text/html,application/xhtml+xml,application/xml;q=0.9,image/avif,image/webp,image/apng,*/*;q=0.8,application/signed-exchange;v=b3;q=0.9
Sec-Fetch-Site: none
Sec-Fetch-Mode: navigate
Sec-Fetch-User: ?1
Sec-Fetch-Dest: document
Accept-Encoding: gzip, deflate, br
Accept-Language: ko,en-US;q=0.9,en;q=0.8
Cookie: io=PL7TK76OSCzqZRBSAAAC
2022-12-31 09:37:37.793 DEBUG - .\home\webapp\WEB-INF\static\response.html   response.html   .\home\webapp\WEB-INF\static
2022-12-31 09:37:37.795 DEBUG - { httpRequestDescriptor='{ httpRequest='http://localhost:8080/time/GetTime GET', httpVersion='HTTP/1.1', requestLines='Host: localhost:8080
Connection: keep-alive
Cache-Control: max-age=0
sec-ch-ua: " Not A;Brand";v="99", "Chromium";v="96", "Google Chrome";v="96"
sec-ch-ua-mobile: ?0
sec-ch-ua-platform: "Windows"
Upgrade-Insecure-Requests: 1
User-Agent: Mozilla/5.0 (Windows NT 10.0; Win64; x64) AppleWebKit/537.36 (KHTML, like Gecko) Chrome/96.0.4664.110 Safari/537.36
Accept: text/html,application/xhtml+xml,application/xml;q=0.9,image/avif,image/webp,image/apng,*/*;q=0.8,application/signed-exchange;v=b3;q=0.9
Sec-Fetch-Site: none
Sec-Fetch-Mode: navigate
Sec-Fetch-User: ?1
Sec-Fetch-Dest: document
Accept-Encoding: gzip, deflate, br
Accept-Language: ko,en-US;q=0.9,en;q=0.8
Cookie: io=PL7TK76OSCzqZRBSAAAC', requestType='GET', requestHost='localhost', reqHeader='{Cookie= io=PL7TK76OSCzqZRBSAAAC, Accept= text/html,application/xhtml+xml,application/xml;q=0.9,image/avif,image/webp,image/apng,*/*;q=0.8,application/signed-exchange;v=b3;q=0.9, Connection= keep-alive, User-Agent= Mozilla/5.0 (Windows NT 10.0; Win64; x64) AppleWebKit/537.36 (KHTML, like Gecko) Chrome/96.0.4664.110 Safari/537.36, Sec-Fetch-Site= none, Sec-Fetch-Dest= document, Host= localhost:8080, Accept-Encoding= gzip, deflate, br, @Client=localhost, Sec-Fetch-Mode= navigate, sec-ch-ua= " Not A;Brand";v="99", "Chromium";v="96", "Google Chrome";v="96", sec-ch-ua-mobile= ?0, Cache-Control= max-age=0, Upgrade-Insecure-Requests= 1, sec-ch-ua-platform= "Windows", Sec-Fetch-User= ?1, Accept-Language= ko,en-US;q=0.9,en;q=0.8}', contentType='null', reqBody='null', contextPath='/time/GetTime', url='http://localhost:8080/time/GetTime', contextParam='{}'}', httpResponse='null', requestedHost='localhost', responseCode='200', responseBody='[B@24a75ab2', responseHeader='{Server=LeapWAS 1.0.0, Date=Fri Dec 31 09:37:37 KST 2021}'}
2022-12-31 09:37:37.835 INFO  - Client request accepted... : /127.0.0.1
2022-12-31 09:37:37.836 DEBUG - Request host: localhost
2022-12-31 09:37:37.836 DEBUG - Host: localhost:8080
Connection: keep-alive
sec-ch-ua: " Not A;Brand";v="99", "Chromium";v="96", "Google Chrome";v="96"
sec-ch-ua-mobile: ?0
User-Agent: Mozilla/5.0 (Windows NT 10.0; Win64; x64) AppleWebKit/537.36 (KHTML, like Gecko) Chrome/96.0.4664.110 Safari/537.36
sec-ch-ua-platform: "Windows"
Accept: image/avif,image/webp,image/apng,image/svg+xml,image/*,*/*;q=0.8
Sec-Fetch-Site: same-origin
Sec-Fetch-Mode: no-cors
Sec-Fetch-Dest: image
Referer: http://localhost:8080/time/GetTime
Accept-Encoding: gzip, deflate, br
Accept-Language: ko,en-US;q=0.9,en;q=0.8
Cookie: io=PL7TK76OSCzqZRBSAAAC
2022-12-31 09:37:37.838 DEBUG - .\home\webapp\WEB-INF\static\response.html   response.html   .\home\webapp\WEB-INF\static
2022-12-31 09:37:37.839 DEBUG - { httpRequestDescriptor='{ httpRequest='http://localhost:8080/favicon.ico GET', httpVersion='HTTP/1.1', requestLines='Host: localhost:8080
Connection: keep-alive
sec-ch-ua: " Not A;Brand";v="99", "Chromium";v="96", "Google Chrome";v="96"
sec-ch-ua-mobile: ?0
User-Agent: Mozilla/5.0 (Windows NT 10.0; Win64; x64) AppleWebKit/537.36 (KHTML, like Gecko) Chrome/96.0.4664.110 Safari/537.36
sec-ch-ua-platform: "Windows"
Accept: image/avif,image/webp,image/apng,image/svg+xml,image/*,*/*;q=0.8
Sec-Fetch-Site: same-origin
Sec-Fetch-Mode: no-cors
Sec-Fetch-Dest: image
Referer: http://localhost:8080/time/GetTime
Accept-Encoding: gzip, deflate, br
Accept-Language: ko,en-US;q=0.9,en;q=0.8
Cookie: io=PL7TK76OSCzqZRBSAAAC', requestType='GET', requestHost='localhost', reqHeader='{Cookie= io=PL7TK76OSCzqZRBSAAAC, Accept= image/avif,image/webp,image/apng,image/svg+xml,image/*,*/*;q=0.8, Connection= keep-alive, User-Agent= Mozilla/5.0 (Windows NT 10.0; Win64; x64) AppleWebKit/537.36 (KHTML, like Gecko) Chrome/96.0.4664.110 Safari/537.36, Referer= http://localhost:8080/time/GetTime, Sec-Fetch-Site= same-origin, Sec-Fetch-Dest= image, Host= localhost:8080, Accept-Encoding= gzip, deflate, br, @Client=localhost, Sec-Fetch-Mode= no-cors, sec-ch-ua= " Not A;Brand";v="99", "Chromium";v="96", "Google Chrome";v="96", sec-ch-ua-mobile= ?0, sec-ch-ua-platform= "Windows", Accept-Language= ko,en-US;q=0.9,en;q=0.8}', contentType='null', reqBody='null', contextPath='/favicon.ico', url='http://localhost:8080/favicon.ico', contextParam='{}'}', httpResponse='null', requestedHost='localhost', responseCode='200', responseBody='[B@88a8f7e', responseHeader='{Server=LeapWAS 1.0.0, Date=Fri Dec 31 09:37:37 KST 2021}'}
2022-12-31 09:37:58.585 INFO  - Client request accepted... : /127.0.0.1
2022-12-31 09:38:19.074 INFO  - Client request accepted... : /127.0.0.1
2022-12-31 09:54:17.568 INFO  - Leap WAS server starting...
2022-12-31 09:54:17.571 INFO  - --------------------------------------------------------------------------
2022-12-31 09:54:17.571 INFO  - ThreadPool initialized - CORE: 50 MAX: 50 KEEP-ALIVE WHEN IDLE(seconds): 30
2022-12-31 09:54:17.572 INFO  - verbose mode on
2022-12-31 09:54:17.607 INFO  - Add service: org.chaostocosmos.leap.http.service.TimeServiceImpl  Mapping path: /time/GetTime
2022-12-31 09:54:17.608 DEBUG - Method not mapping with MethodMapper annotation: serve
2022-12-31 09:54:17.608 DEBUG - Method not mapping with MethodMapper annotation: setFilters
2022-12-31 09:54:17.608 DEBUG - Method not mapping with MethodMapper annotation: servePut
2022-12-31 09:54:17.608 DEBUG - Method not mapping with MethodMapper annotation: serveDelete
2022-12-31 09:54:17.609 DEBUG - Method not mapping with MethodMapper annotation: serveGet
2022-12-31 09:54:17.609 DEBUG - Method not mapping with MethodMapper annotation: servePost
2022-12-31 09:54:17.609 INFO  - Default host added - Server: leap   Host: localhost   Port: 8080   Doc-Root: home   Logging path: logs/leap.log   Level: [DEBUG]
2022-12-31 09:54:17.610 INFO  - Virtual host added - Server: leap1   Host: 127.0.0.1   Port: 8080   Doc-Root: home1   Logging path: logs/leap.log   Level: [DEBUG]
2022-12-31 09:54:17.709 INFO  - Add service: org.chaostocosmos.leap.http.service.TimeServiceImpl  Mapping path: /time/GetTime
2022-12-31 09:54:17.710 DEBUG - Method not mapping with MethodMapper annotation: serve
2022-12-31 09:54:17.710 DEBUG - Method not mapping with MethodMapper annotation: setFilters
2022-12-31 09:54:17.710 DEBUG - Method not mapping with MethodMapper annotation: servePut
2022-12-31 09:54:17.710 DEBUG - Method not mapping with MethodMapper annotation: serveDelete
2022-12-31 09:54:17.710 DEBUG - Method not mapping with MethodMapper annotation: serveGet
2022-12-31 09:54:17.710 DEBUG - Method not mapping with MethodMapper annotation: servePost
2022-12-31 09:54:17.711 INFO  - Virtual host added - Server: leap2   Host: 192.168.1.60   Port: 8082   Doc-Root: home2   Logging path: logs/leap.log   Level: [DEBUG]
2022-12-31 09:54:17.718 INFO  - Accepting connections on port 8082
2022-12-31 09:54:17.722 INFO  - Accepting connections on port 8080
2022-12-31 09:55:19.774 INFO  - Client request accepted... : /127.0.0.1
2022-12-31 09:56:19.224 INFO  - Leap WAS server starting...
2022-12-31 09:56:19.227 INFO  - --------------------------------------------------------------------------
2022-12-31 09:56:19.227 INFO  - ThreadPool initialized - CORE: 50 MAX: 50 KEEP-ALIVE WHEN IDLE(seconds): 30
2022-12-31 09:56:19.227 INFO  - verbose mode on
2022-12-31 09:56:19.270 INFO  - Add service: org.chaostocosmos.leap.http.service.TimeServiceImpl  Mapping path: /time/GetTime
2022-12-31 09:56:19.270 DEBUG - Method not mapping with MethodMapper annotation: servePut
2022-12-31 09:56:19.270 DEBUG - Method not mapping with MethodMapper annotation: serveGet
2022-12-31 09:56:19.271 DEBUG - Method not mapping with MethodMapper annotation: serveDelete
2022-12-31 09:56:19.271 DEBUG - Method not mapping with MethodMapper annotation: servePost
2022-12-31 09:56:19.271 DEBUG - Method not mapping with MethodMapper annotation: setFilters
2022-12-31 09:56:19.271 DEBUG - Method not mapping with MethodMapper annotation: serve
2022-12-31 09:56:19.272 INFO  - Default host added - Server: leap   Host: localhost   Port: 8080   Doc-Root: home   Logging path: logs/leap.log   Level: [DEBUG]
2022-12-31 09:56:19.274 INFO  - Virtual host added - Server: leap1   Host: 127.0.0.1   Port: 8080   Doc-Root: home1   Logging path: logs/leap.log   Level: [DEBUG]
2022-12-31 09:56:19.281 INFO  - Add service: org.chaostocosmos.leap.http.service.TimeServiceImpl  Mapping path: /time/GetTime
2022-12-31 09:56:19.281 DEBUG - Method not mapping with MethodMapper annotation: servePut
2022-12-31 09:56:19.281 DEBUG - Method not mapping with MethodMapper annotation: serveGet
2022-12-31 09:56:19.281 DEBUG - Method not mapping with MethodMapper annotation: serveDelete
2022-12-31 09:56:19.281 DEBUG - Method not mapping with MethodMapper annotation: servePost
2022-12-31 09:56:19.282 DEBUG - Method not mapping with MethodMapper annotation: setFilters
2022-12-31 09:56:19.282 DEBUG - Method not mapping with MethodMapper annotation: serve
2022-12-31 09:56:19.282 INFO  - Virtual host added - Server: leap2   Host: 192.168.1.60   Port: 8082   Doc-Root: home2   Logging path: logs/leap.log   Level: [DEBUG]
2022-12-31 09:56:19.287 INFO  - Accepting connections on port 8082
2022-12-31 09:56:19.290 INFO  - Accepting connections on port 8080
2022-12-31 09:56:23.263 INFO  - Client request accepted... : /127.0.0.1
2022-12-31 09:57:41.549 INFO  - Leap WAS server starting...
2022-12-31 09:57:41.552 INFO  - --------------------------------------------------------------------------
2022-12-31 09:57:41.552 INFO  - ThreadPool initialized - CORE: 50 MAX: 50 KEEP-ALIVE WHEN IDLE(seconds): 30
2022-12-31 09:57:41.553 INFO  - verbose mode on
2022-12-31 09:57:41.595 INFO  - Add service: org.chaostocosmos.leap.http.service.TimeServiceImpl  Mapping path: /time/GetTime
2022-12-31 09:57:41.602 DEBUG - Method not mapping with MethodMapper annotation: serve
2022-12-31 09:57:41.603 DEBUG - Method not mapping with MethodMapper annotation: setFilters
2022-12-31 09:57:41.603 DEBUG - Method not mapping with MethodMapper annotation: serveDelete
2022-12-31 09:57:41.604 DEBUG - Method not mapping with MethodMapper annotation: servePut
2022-12-31 09:57:41.604 DEBUG - Method not mapping with MethodMapper annotation: serveGet
2022-12-31 09:57:41.604 DEBUG - Method not mapping with MethodMapper annotation: servePost
2022-12-31 09:57:41.604 INFO  - Default host added - Server: leap   Host: localhost   Port: 8080   Doc-Root: home   Logging path: logs/leap.log   Level: [DEBUG]
2022-12-31 09:57:41.606 INFO  - Virtual host added - Server: leap1   Host: 127.0.0.1   Port: 8080   Doc-Root: home1   Logging path: logs/leap.log   Level: [DEBUG]
2022-12-31 09:57:41.639 INFO  - Add service: org.chaostocosmos.leap.http.service.TimeServiceImpl  Mapping path: /time/GetTime
2022-12-31 09:57:41.639 DEBUG - Method not mapping with MethodMapper annotation: serve
2022-12-31 09:57:41.640 DEBUG - Method not mapping with MethodMapper annotation: setFilters
2022-12-31 09:57:41.640 DEBUG - Method not mapping with MethodMapper annotation: serveDelete
2022-12-31 09:57:41.640 DEBUG - Method not mapping with MethodMapper annotation: servePut
2022-12-31 09:57:41.641 DEBUG - Method not mapping with MethodMapper annotation: serveGet
2022-12-31 09:57:41.641 DEBUG - Method not mapping with MethodMapper annotation: servePost
2022-12-31 09:57:41.641 INFO  - Virtual host added - Server: leap2   Host: 192.168.1.60   Port: 8082   Doc-Root: home2   Logging path: logs/leap.log   Level: [DEBUG]
2022-12-31 09:57:41.649 INFO  - Accepting connections on port 8082
2022-12-31 09:57:41.653 INFO  - Accepting connections on port 8080
2022-12-31 09:57:49.545 INFO  - Client request accepted... : /127.0.0.1
2022-12-31 09:59:11.406 INFO  - Leap WAS server starting...
2022-12-31 09:59:11.409 INFO  - --------------------------------------------------------------------------
2022-12-31 09:59:11.410 INFO  - ThreadPool initialized - CORE: 50 MAX: 50 KEEP-ALIVE WHEN IDLE(seconds): 30
2022-12-31 09:59:11.410 INFO  - verbose mode on
2022-12-31 09:59:11.459 INFO  - Add service: org.chaostocosmos.leap.http.service.TimeServiceImpl  Mapping path: /time/GetTime
2022-12-31 09:59:11.460 DEBUG - Method not mapping with MethodMapper annotation: setFilters
2022-12-31 09:59:11.460 DEBUG - Method not mapping with MethodMapper annotation: serve
2022-12-31 09:59:11.461 DEBUG - Method not mapping with MethodMapper annotation: servePost
2022-12-31 09:59:11.462 DEBUG - Method not mapping with MethodMapper annotation: servePut
2022-12-31 09:59:11.462 DEBUG - Method not mapping with MethodMapper annotation: serveGet
2022-12-31 09:59:11.462 DEBUG - Method not mapping with MethodMapper annotation: serveDelete
2022-12-31 09:59:11.462 INFO  - Default host added - Server: leap   Host: localhost   Port: 8080   Doc-Root: home   Logging path: logs/leap.log   Level: [DEBUG]
2022-12-31 09:59:11.465 INFO  - Virtual host added - Server: leap1   Host: 127.0.0.1   Port: 8080   Doc-Root: home1   Logging path: logs/leap.log   Level: [DEBUG]
2022-12-31 09:59:11.473 INFO  - Add service: org.chaostocosmos.leap.http.service.TimeServiceImpl  Mapping path: /time/GetTime
2022-12-31 09:59:11.473 DEBUG - Method not mapping with MethodMapper annotation: setFilters
2022-12-31 09:59:11.474 DEBUG - Method not mapping with MethodMapper annotation: serve
2022-12-31 09:59:11.475 DEBUG - Method not mapping with MethodMapper annotation: servePost
2022-12-31 09:59:11.476 DEBUG - Method not mapping with MethodMapper annotation: servePut
2022-12-31 09:59:11.477 DEBUG - Method not mapping with MethodMapper annotation: serveGet
2022-12-31 09:59:11.477 DEBUG - Method not mapping with MethodMapper annotation: serveDelete
2022-12-31 09:59:11.477 INFO  - Virtual host added - Server: leap2   Host: 192.168.1.60   Port: 8082   Doc-Root: home2   Logging path: logs/leap.log   Level: [DEBUG]
2022-12-31 09:59:11.484 INFO  - Accepting connections on port 8082
2022-12-31 09:59:11.489 INFO  - Accepting connections on port 8080
2022-12-31 09:59:15.017 INFO  - Client request accepted... : /127.0.0.1
