2022-01-11 13:00:17.592 INFO  - Leap WAS server starting...
2022-01-11 13:00:17.600 INFO  - --------------------------------------------------------------------------
2022-01-11 13:00:17.613 INFO  - ThreadPool initialized - CORE: 50 MAX: 50 KEEP-ALIVE WHEN IDLE(seconds): 30
2022-01-11 13:00:17.613 INFO  - verbose mode on
2022-01-11 13:00:17.656 DEBUG - Service not mapping with ServiceMapper annotation: org.chaostocosmos.leap.http.service.DeployService
2022-01-11 13:00:17.668 INFO  - Add service: org.chaostocosmos.leap.http.service.TimeServiceImpl  Mapping path: /time/GetTime
2022-01-11 13:00:17.669 DEBUG - Method not mapping with MethodMapper annotation: serve
2022-01-11 13:00:17.669 DEBUG - Method not mapping with MethodMapper annotation: setFilters
2022-01-11 13:00:17.670 DEBUG - Method not mapping with MethodMapper annotation: servePut
2022-01-11 13:00:17.671 DEBUG - Method not mapping with MethodMapper annotation: servePost
2022-01-11 13:00:17.671 DEBUG - Method not mapping with MethodMapper annotation: serveGet
2022-01-11 13:00:17.672 DEBUG - Method not mapping with MethodMapper annotation: serveDelete
2022-01-11 13:00:17.672 INFO  - Default host added - Server: leap   Host: localhost   Port: 8080   Doc-Root: home   Logging path: logs/leap.log   Level: [DEBUG]
2022-01-11 13:00:17.683 DEBUG - Service not mapping with ServiceMapper annotation: org.chaostocosmos.leap.http.service.DeployService
2022-01-11 13:00:17.683 INFO  - Add service: org.chaostocosmos.leap.http.service.TimeServiceImpl  Mapping path: /time/GetTime
2022-01-11 13:00:17.683 DEBUG - Method not mapping with MethodMapper annotation: serve
2022-01-11 13:00:17.683 DEBUG - Method not mapping with MethodMapper annotation: setFilters
2022-01-11 13:00:17.684 DEBUG - Method not mapping with MethodMapper annotation: servePut
2022-01-11 13:00:17.684 DEBUG - Method not mapping with MethodMapper annotation: servePost
2022-01-11 13:00:17.684 DEBUG - Method not mapping with MethodMapper annotation: serveGet
2022-01-11 13:00:17.684 DEBUG - Method not mapping with MethodMapper annotation: serveDelete
2022-01-11 13:00:17.684 INFO  - Virtual host added - Server: leap2   Host: 192.168.1.28   Port: 8082   Doc-Root: home2   Logging path: logs/leap.log   Level: [DEBUG]
2022-01-11 13:00:17.685 INFO  - Virtual host added - Server: leap1   Host: 127.0.0.1   Port: 8080   Doc-Root: home1   Logging path: logs/leap.log   Level: [DEBUG]
2022-01-11 13:00:17.690 INFO  - Accepting connections on port 8082
2022-01-11 13:00:17.695 INFO  - Accepting connections on port 8080
2022-01-11 13:00:20.218 INFO  - Host: localhost:8080  Client request accepted... : /127.0.0.1
2022-01-11 13:00:20.335 DEBUG - Request host: localhost
2022-01-11 13:00:20.335 DEBUG - Accept: */*
User-Agent: PostmanRuntime/7.28.4
Connection: keep-alive
Postman-Token: ad9b7a6e-70ed-47d4-9872-5d9963760a64
Host: localhost:8080
Accept-Encoding: gzip, deflate, br
Content-Length: 103142
@Client: localhost
Content-Type: multipart/form-data; boundary=--------------------------082155020585403180972678
2022-01-11 13:00:20.338 DEBUG - .\home\webapp\WEB-INF\static\index.html   index.html   .\home\webapp\WEB-INF\static
2022-01-11 13:00:20.350 DEBUG - { httpRequestDescriptor='{ httpRequest='http://localhost:8080/ GET', httpVersion='HTTP/1.1', requestType='GET', requestedHost='localhost', reqHeader='{Accept=*/*, User-Agent=PostmanRuntime/7.28.4, Connection=keep-alive, Postman-Token=ad9b7a6e-70ed-47d4-9872-5d9963760a64, Host=localhost:8080, Accept-Encoding=gzip, deflate, br, Content-Length=103142, @Client=localhost, Content-Type=multipart/form-data; boundary=--------------------------082155020585403180972678}', contentType='multipart/form-data', reqBody='null', contextPath='/', url='http://localhost:8080/', contextParam='{}', multipartList='org.chaostocosmos.leap.http.HttpRequestDescriptor$MultipartDescriptor@317a0d9d'}', httpResponse='null', requestedHost='localhost', responseCode='200', responseBody='[B@354d31d5', responseHeader='{Server=LeapWAS 1.0.0, Date=Tue Jan 11 13:00:20 KST 2022}'}
