2022-02-24 09:46:38.328 DEBUG - ------------------------------ REQ: GET / HTTP/1.1 ------------------------------
Host: awesome:8082
Connection: keep-alive
Cache-Control: max-age=0
sec-ch-ua: " Not A;Brand";v="99", "Chromium";v="98", "Google Chrome";v="98"
sec-ch-ua-mobile: ?0
sec-ch-ua-platform: "Windows"
Upgrade-Insecure-Requests: 1
User-Agent: Mozilla/5.0 (Windows NT 10.0; Win64; x64) AppleWebKit/537.36 (KHTML, like Gecko) Chrome/98.0.4758.102 Safari/537.36
Accept: text/html,application/xhtml+xml,application/xml;q=0.9,image/avif,image/webp,image/apng,*/*;q=0.8,application/signed-exchange;v=b3;q=0.9
Sec-Fetch-Site: none
Sec-Fetch-Mode: navigate
Sec-Fetch-User: ?1
Sec-Fetch-Dest: document
Accept-Encoding: gzip, deflate, br
Accept-Language: ko,en-US;q=0.9,en;q=0.8
2022-02-24 09:46:38.435 DEBUG - REQUEST RESOURCE: response.html   PATH: home1\webapp\WEB-INF\static
2022-02-24 09:46:38.437 DEBUG - REQUEST CONTEXT: /   PATH: home1\webapp\WEB-INF\static
2022-02-24 09:46:38.455 DEBUG - REQUEST RESOURCE: index.html   PATH: home1\webapp\WEB-INF\static
2022-02-24 09:46:38.466 DEBUG - ============================== RES : HTTPS/1.0 200 OK. - /127.0.0.1:52847 ==============================
RES CODE: 200
Content-Length: [660]
Content-Type: [TEXT_HTML]
2022-02-24 09:46:38.473 INFO  - Client closing....../127.0.0.1
