2022-05-27 10:00:05.016 INFO  - [THREAD-MONITOR] ThreadPool -   Core: 30  Max: 30  Active: 0  Largest: 0  Queued size: 0  Task completed: 0
2022-05-27 10:00:05.353 INFO  - [MEMORY-MONITOR] Memory -   Process Total: 532.677 MB  Process Max: 8518.631 MB  Process Used: 8094.44 MB  Process Free: 424.192 MB  Physical Total: 34069.651 MB  Physical Free: 17401.156 MB  Process CPU load: 14.0 PCT  Process CPU time: 3.0 SE  System CPU load: 23.0 PCT  System CPU load AVG: -1.0 PCT
2022-05-27 10:00:15.030 INFO  - [THREAD-MONITOR] ThreadPool -   Core: 30  Max: 30  Active: 0  Largest: 0  Queued size: 0  Task completed: 0
2022-05-27 10:00:15.071 INFO  - [MEMORY-MONITOR] Memory -   Process Total: 532.677 MB  Process Max: 8518.631 MB  Process Used: 8094.692 MB  Process Free: 423.939 MB  Physical Total: 34069.651 MB  Physical Free: 17382.658 MB  Process CPU load: 0.0 PCT  Process CPU time: 3.0 SE  System CPU load: 13.0 PCT  System CPU load AVG: -1.0 PCT
2022-05-27 10:00:25.040 INFO  - [THREAD-MONITOR] ThreadPool -   Core: 30  Max: 30  Active: 0  Largest: 0  Queued size: 0  Task completed: 0
2022-05-27 10:00:25.071 INFO  - [MEMORY-MONITOR] Memory -   Process Total: 532.677 MB  Process Max: 8518.631 MB  Process Used: 8094.692 MB  Process Free: 423.939 MB  Physical Total: 34069.651 MB  Physical Free: 17436.807 MB  Process CPU load: 0.0 PCT  Process CPU time: 3.0 SE  System CPU load: 13.0 PCT  System CPU load AVG: -1.0 PCT
2022-05-27 10:00:35.046 INFO  - [THREAD-MONITOR] ThreadPool -   Core: 30  Max: 30  Active: 0  Largest: 0  Queued size: 0  Task completed: 0
2022-05-27 10:00:35.084 INFO  - [MEMORY-MONITOR] Memory -   Process Total: 532.677 MB  Process Max: 8518.631 MB  Process Used: 8094.692 MB  Process Free: 423.939 MB  Physical Total: 34069.651 MB  Physical Free: 17322.521 MB  Process CPU load: 0.0 PCT  Process CPU time: 3.0 SE  System CPU load: 15.0 PCT  System CPU load AVG: -1.0 PCT
2022-05-27 10:00:45.055 INFO  - [THREAD-MONITOR] ThreadPool -   Core: 30  Max: 30  Active: 0  Largest: 0  Queued size: 0  Task completed: 0
2022-05-27 10:00:45.089 INFO  - [MEMORY-MONITOR] Memory -   Process Total: 532.677 MB  Process Max: 8518.631 MB  Process Used: 8094.692 MB  Process Free: 423.939 MB  Physical Total: 34069.651 MB  Physical Free: 17380.082 MB  Process CPU load: 0.0 PCT  Process CPU time: 3.0 SE  System CPU load: 7.0 PCT  System CPU load AVG: -1.0 PCT
2022-05-27 10:00:55.062 INFO  - [THREAD-MONITOR] ThreadPool -   Core: 30  Max: 30  Active: 0  Largest: 0  Queued size: 0  Task completed: 0
2022-05-27 10:00:55.107 INFO  - [MEMORY-MONITOR] Memory -   Process Total: 532.677 MB  Process Max: 8518.631 MB  Process Used: 8094.692 MB  Process Free: 423.939 MB  Physical Total: 34069.651 MB  Physical Free: 17412.772 MB  Process CPU load: 0.0 PCT  Process CPU time: 3.0 SE  System CPU load: 6.0 PCT  System CPU load AVG: -1.0 PCT
2022-05-27 10:01:05.068 INFO  - [THREAD-MONITOR] ThreadPool -   Core: 30  Max: 30  Active: 0  Largest: 0  Queued size: 0  Task completed: 0
2022-05-27 10:01:05.109 INFO  - [MEMORY-MONITOR] Memory -   Process Total: 532.677 MB  Process Max: 8518.631 MB  Process Used: 8094.692 MB  Process Free: 423.939 MB  Physical Total: 34069.651 MB  Physical Free: 17415.033 MB  Process CPU load: 0.0 PCT  Process CPU time: 3.0 SE  System CPU load: 7.0 PCT  System CPU load AVG: -1.0 PCT
2022-05-27 10:01:15.079 INFO  - [THREAD-MONITOR] ThreadPool -   Core: 30  Max: 30  Active: 0  Largest: 0  Queued size: 0  Task completed: 0
2022-05-27 10:01:15.126 INFO  - [MEMORY-MONITOR] Memory -   Process Total: 532.677 MB  Process Max: 8518.631 MB  Process Used: 8094.692 MB  Process Free: 423.939 MB  Physical Total: 34069.651 MB  Physical Free: 17418.793 MB  Process CPU load: 0.0 PCT  Process CPU time: 4.0 SE  System CPU load: 7.0 PCT  System CPU load AVG: -1.0 PCT
2022-05-27 10:01:25.089 INFO  - [THREAD-MONITOR] ThreadPool -   Core: 30  Max: 30  Active: 0  Largest: 0  Queued size: 0  Task completed: 0
2022-05-27 10:01:25.175 INFO  - [MEMORY-MONITOR] Memory -   Process Total: 532.677 MB  Process Max: 8518.631 MB  Process Used: 8094.692 MB  Process Free: 423.939 MB  Physical Total: 34069.651 MB  Physical Free: 17402.008 MB  Process CPU load: 0.0 PCT  Process CPU time: 4.0 SE  System CPU load: 9.0 PCT  System CPU load AVG: -1.0 PCT
2022-05-27 10:01:35.093 INFO  - [THREAD-MONITOR] ThreadPool -   Core: 30  Max: 30  Active: 0  Largest: 0  Queued size: 0  Task completed: 0
2022-05-27 10:01:35.132 INFO  - [MEMORY-MONITOR] Memory -   Process Total: 532.677 MB  Process Max: 8518.631 MB  Process Used: 8094.692 MB  Process Free: 423.939 MB  Physical Total: 34069.651 MB  Physical Free: 17339.007 MB  Process CPU load: 0.0 PCT  Process CPU time: 4.0 SE  System CPU load: 17.0 PCT  System CPU load AVG: -1.0 PCT
2022-05-27 10:01:45.096 INFO  - [THREAD-MONITOR] ThreadPool -   Core: 30  Max: 30  Active: 0  Largest: 0  Queued size: 0  Task completed: 0
2022-05-27 10:01:45.131 INFO  - [MEMORY-MONITOR] Memory -   Process Total: 532.677 MB  Process Max: 8518.631 MB  Process Used: 8094.692 MB  Process Free: 423.939 MB  Physical Total: 34069.651 MB  Physical Free: 17354.523 MB  Process CPU load: 0.0 PCT  Process CPU time: 4.0 SE  System CPU load: 9.0 PCT  System CPU load AVG: -1.0 PCT
2022-05-27 10:01:55.108 INFO  - [THREAD-MONITOR] ThreadPool -   Core: 30  Max: 30  Active: 0  Largest: 0  Queued size: 0  Task completed: 0
2022-05-27 10:01:55.140 INFO  - [MEMORY-MONITOR] Memory -   Process Total: 532.677 MB  Process Max: 8518.631 MB  Process Used: 8094.692 MB  Process Free: 423.939 MB  Physical Total: 34069.651 MB  Physical Free: 17403.531 MB  Process CPU load: 0.0 PCT  Process CPU time: 4.0 SE  System CPU load: 10.0 PCT  System CPU load AVG: -1.0 PCT
2022-05-27 10:02:05.110 INFO  - [THREAD-MONITOR] ThreadPool -   Core: 30  Max: 30  Active: 0  Largest: 0  Queued size: 0  Task completed: 0
2022-05-27 10:02:05.138 INFO  - [MEMORY-MONITOR] Memory -   Process Total: 532.677 MB  Process Max: 8518.631 MB  Process Used: 8094.692 MB  Process Free: 423.939 MB  Physical Total: 34069.651 MB  Physical Free: 17365.025 MB  Process CPU load: 0.0 PCT  Process CPU time: 4.0 SE  System CPU load: 9.0 PCT  System CPU load AVG: -1.0 PCT
2022-05-27 10:02:15.122 INFO  - [THREAD-MONITOR] ThreadPool -   Core: 30  Max: 30  Active: 0  Largest: 0  Queued size: 0  Task completed: 0
2022-05-27 10:02:15.157 INFO  - [MEMORY-MONITOR] Memory -   Process Total: 532.677 MB  Process Max: 8518.631 MB  Process Used: 8094.944 MB  Process Free: 423.688 MB  Physical Total: 34069.651 MB  Physical Free: 17341.092 MB  Process CPU load: 0.0 PCT  Process CPU time: 4.0 SE  System CPU load: 12.0 PCT  System CPU load AVG: -1.0 PCT
2022-05-27 10:02:25.127 INFO  - [THREAD-MONITOR] ThreadPool -   Core: 30  Max: 30  Active: 0  Largest: 0  Queued size: 0  Task completed: 0
2022-05-27 10:02:25.169 INFO  - [MEMORY-MONITOR] Memory -   Process Total: 532.677 MB  Process Max: 8518.631 MB  Process Used: 8094.944 MB  Process Free: 423.688 MB  Physical Total: 34069.651 MB  Physical Free: 17374.745 MB  Process CPU load: 0.0 PCT  Process CPU time: 4.0 SE  System CPU load: 11.0 PCT  System CPU load AVG: -1.0 PCT
2022-05-27 10:02:35.133 INFO  - [THREAD-MONITOR] ThreadPool -   Core: 30  Max: 30  Active: 0  Largest: 0  Queued size: 0  Task completed: 0
2022-05-27 10:02:35.178 INFO  - [MEMORY-MONITOR] Memory -   Process Total: 532.677 MB  Process Max: 8518.631 MB  Process Used: 8094.944 MB  Process Free: 423.688 MB  Physical Total: 34069.651 MB  Physical Free: 17416.72 MB  Process CPU load: 0.0 PCT  Process CPU time: 4.0 SE  System CPU load: 8.0 PCT  System CPU load AVG: -1.0 PCT
2022-05-27 10:02:45.143 INFO  - [THREAD-MONITOR] ThreadPool -   Core: 30  Max: 30  Active: 0  Largest: 0  Queued size: 0  Task completed: 0
2022-05-27 10:02:45.189 INFO  - [MEMORY-MONITOR] Memory -   Process Total: 532.677 MB  Process Max: 8518.631 MB  Process Used: 8094.944 MB  Process Free: 423.688 MB  Physical Total: 34069.651 MB  Physical Free: 17346.408 MB  Process CPU load: 0.0 PCT  Process CPU time: 4.0 SE  System CPU load: 9.0 PCT  System CPU load AVG: -1.0 PCT
2022-05-27 10:02:55.155 INFO  - [THREAD-MONITOR] ThreadPool -   Core: 30  Max: 30  Active: 0  Largest: 0  Queued size: 0  Task completed: 0
2022-05-27 10:02:55.192 INFO  - [MEMORY-MONITOR] Memory -   Process Total: 532.677 MB  Process Max: 8518.631 MB  Process Used: 8094.944 MB  Process Free: 423.688 MB  Physical Total: 34069.651 MB  Physical Free: 17363.46 MB  Process CPU load: 0.0 PCT  Process CPU time: 4.0 SE  System CPU load: 10.0 PCT  System CPU load AVG: -1.0 PCT
2022-05-27 10:03:05.158 INFO  - [THREAD-MONITOR] ThreadPool -   Core: 30  Max: 30  Active: 0  Largest: 0  Queued size: 0  Task completed: 0
2022-05-27 10:03:05.183 INFO  - [MEMORY-MONITOR] Memory -   Process Total: 532.677 MB  Process Max: 8518.631 MB  Process Used: 8094.944 MB  Process Free: 423.688 MB  Physical Total: 34069.651 MB  Physical Free: 17373.725 MB  Process CPU load: 0.0 PCT  Process CPU time: 4.0 SE  System CPU load: 25.0 PCT  System CPU load AVG: -1.0 PCT
2022-05-27 10:03:15.169 INFO  - [THREAD-MONITOR] ThreadPool -   Core: 30  Max: 30  Active: 0  Largest: 0  Queued size: 0  Task completed: 0
2022-05-27 10:03:15.205 INFO  - [MEMORY-MONITOR] Memory -   Process Total: 532.677 MB  Process Max: 8518.631 MB  Process Used: 8094.944 MB  Process Free: 423.688 MB  Physical Total: 34069.651 MB  Physical Free: 17355.022 MB  Process CPU load: 0.0 PCT  Process CPU time: 4.0 SE  System CPU load: 15.0 PCT  System CPU load AVG: -1.0 PCT
2022-05-27 10:03:25.170 INFO  - [THREAD-MONITOR] ThreadPool -   Core: 30  Max: 30  Active: 0  Largest: 0  Queued size: 0  Task completed: 0
2022-05-27 10:03:25.207 INFO  - [MEMORY-MONITOR] Memory -   Process Total: 532.677 MB  Process Max: 8518.631 MB  Process Used: 8094.944 MB  Process Free: 423.688 MB  Physical Total: 34069.651 MB  Physical Free: 17391.866 MB  Process CPU load: 0.0 PCT  Process CPU time: 4.0 SE  System CPU load: 9.0 PCT  System CPU load AVG: -1.0 PCT
2022-05-27 10:03:35.184 INFO  - [THREAD-MONITOR] ThreadPool -   Core: 30  Max: 30  Active: 0  Largest: 0  Queued size: 0  Task completed: 0
2022-05-27 10:03:35.220 INFO  - [MEMORY-MONITOR] Memory -   Process Total: 532.677 MB  Process Max: 8518.631 MB  Process Used: 8094.944 MB  Process Free: 423.688 MB  Physical Total: 34069.651 MB  Physical Free: 17402.524 MB  Process CPU load: 0.0 PCT  Process CPU time: 4.0 SE  System CPU load: 12.0 PCT  System CPU load AVG: -1.0 PCT
2022-05-27 10:03:45.191 INFO  - [THREAD-MONITOR] ThreadPool -   Core: 30  Max: 30  Active: 0  Largest: 0  Queued size: 0  Task completed: 0
2022-05-27 10:03:45.220 INFO  - [MEMORY-MONITOR] Memory -   Process Total: 532.677 MB  Process Max: 8518.631 MB  Process Used: 8094.944 MB  Process Free: 423.688 MB  Physical Total: 34069.651 MB  Physical Free: 17394.086 MB  Process CPU load: 0.0 PCT  Process CPU time: 4.0 SE  System CPU load: 22.0 PCT  System CPU load AVG: -1.0 PCT
2022-05-27 10:08:15.934 INFO  - [THREAD-MONITOR] ThreadPool -   Core: 30  Max: 30  Active: 0  Largest: 0  Queued size: 0  Task completed: 0
2022-05-27 10:08:16.182 INFO  - [MEMORY-MONITOR] Memory -   Process Total: 1017.119 MB  Process Max: 8518.631 MB  Process Used: 103.787 MB  Process Free: 913.332 MB  Physical Total: 34069.651 MB  Physical Free: 17333.088 MB  Process CPU load: 13.0 PCT  Process CPU time: 3.0 SE  System CPU load: 37.0 PCT  System CPU load AVG: -1.0 PCT
2022-05-27 10:08:25.940 INFO  - [THREAD-MONITOR] ThreadPool -   Core: 30  Max: 30  Active: 0  Largest: 0  Queued size: 0  Task completed: 0
2022-05-27 10:08:25.972 INFO  - [MEMORY-MONITOR] Memory -   Process Total: 1017.119 MB  Process Max: 8518.631 MB  Process Used: 104.125 MB  Process Free: 912.994 MB  Physical Total: 34069.651 MB  Physical Free: 17376.338 MB  Process CPU load: 0.0 PCT  Process CPU time: 3.0 SE  System CPU load: 9.0 PCT  System CPU load AVG: -1.0 PCT
2022-05-27 10:08:35.949 INFO  - [THREAD-MONITOR] ThreadPool -   Core: 30  Max: 30  Active: 0  Largest: 0  Queued size: 0  Task completed: 0
2022-05-27 10:08:35.990 INFO  - [MEMORY-MONITOR] Memory -   Process Total: 1017.119 MB  Process Max: 8518.631 MB  Process Used: 104.125 MB  Process Free: 912.994 MB  Physical Total: 34069.651 MB  Physical Free: 17353.552 MB  Process CPU load: 0.0 PCT  Process CPU time: 3.0 SE  System CPU load: 13.0 PCT  System CPU load AVG: -1.0 PCT
2022-05-27 10:08:45.950 INFO  - [THREAD-MONITOR] ThreadPool -   Core: 30  Max: 30  Active: 0  Largest: 0  Queued size: 0  Task completed: 0
2022-05-27 10:08:45.978 INFO  - [MEMORY-MONITOR] Memory -   Process Total: 1017.119 MB  Process Max: 8518.631 MB  Process Used: 104.215 MB  Process Free: 912.904 MB  Physical Total: 34069.651 MB  Physical Free: 17338.163 MB  Process CPU load: 0.0 PCT  Process CPU time: 3.0 SE  System CPU load: 26.0 PCT  System CPU load AVG: -1.0 PCT
2022-05-27 10:08:59.745 INFO  - [THREAD-MONITOR] ThreadPool -   Core: 30  Max: 30  Active: 0  Largest: 0  Queued size: 0  Task completed: 0
2022-05-27 10:08:59.992 INFO  - [MEMORY-MONITOR] Memory -   Process Max: 8518.631 MB  Process Total: 532.677 MB  Process Used: 112.174 MB  Process Free: 420.503 MB  Physical Total: 34069.651 MB  Physical Free: 17394.057 MB  Process CPU load: 12.0 PCT  Process CPU time: 2.0 SE  System CPU load: 13.0 PCT  System CPU load AVG: -1.0 PCT
2022-05-27 10:09:09.749 INFO  - [THREAD-MONITOR] ThreadPool -   Core: 30  Max: 30  Active: 0  Largest: 0  Queued size: 0  Task completed: 0
2022-05-27 10:09:09.779 INFO  - [MEMORY-MONITOR] Memory -   Process Max: 8518.631 MB  Process Total: 532.677 MB  Process Used: 112.174 MB  Process Free: 420.503 MB  Physical Total: 34069.651 MB  Physical Free: 17407.603 MB  Process CPU load: 0.0 PCT  Process CPU time: 2.0 SE  System CPU load: 11.0 PCT  System CPU load AVG: -1.0 PCT
2022-05-27 10:09:19.751 INFO  - [THREAD-MONITOR] ThreadPool -   Core: 30  Max: 30  Active: 0  Largest: 0  Queued size: 0  Task completed: 0
2022-05-27 10:09:19.786 INFO  - [MEMORY-MONITOR] Memory -   Process Max: 8518.631 MB  Process Total: 532.677 MB  Process Used: 112.174 MB  Process Free: 420.503 MB  Physical Total: 34069.651 MB  Physical Free: 17397.551 MB  Process CPU load: 0.0 PCT  Process CPU time: 2.0 SE  System CPU load: 7.0 PCT  System CPU load AVG: -1.0 PCT
2022-05-27 10:09:29.762 INFO  - [THREAD-MONITOR] ThreadPool -   Core: 30  Max: 30  Active: 0  Largest: 0  Queued size: 0  Task completed: 0
2022-05-27 10:09:29.796 INFO  - [MEMORY-MONITOR] Memory -   Process Max: 8518.631 MB  Process Total: 532.677 MB  Process Used: 112.174 MB  Process Free: 420.503 MB  Physical Total: 34069.651 MB  Physical Free: 17402.941 MB  Process CPU load: 0.0 PCT  Process CPU time: 2.0 SE  System CPU load: 46.0 PCT  System CPU load AVG: -1.0 PCT
2022-05-27 10:09:39.772 INFO  - [THREAD-MONITOR] ThreadPool -   Core: 30  Max: 30  Active: 0  Largest: 0  Queued size: 0  Task completed: 0
2022-05-27 10:09:39.802 INFO  - [MEMORY-MONITOR] Memory -   Process Max: 8518.631 MB  Process Total: 532.677 MB  Process Used: 112.174 MB  Process Free: 420.503 MB  Physical Total: 34069.651 MB  Physical Free: 17377.284 MB  Process CPU load: 0.0 PCT  Process CPU time: 2.0 SE  System CPU load: 18.0 PCT  System CPU load AVG: -1.0 PCT
2022-05-27 10:09:59.722 INFO  - [THREAD-MONITOR]   Core: 30  Max: 30  Active: 0  Largest: 0  Queued size: 0  Task completed: 0
2022-05-27 10:10:00.031 INFO  - [MEMORY-MONITOR]   Process Max: 8518.631 MB  Process Total: 532.677 MB  Process Used: 107.16 MB  Process Free: 425.517 MB  Physical Total: 34069.651 MB  Physical Free: 17328.742 MB  Process CPU load: 16.0 PCT  Process CPU time: 3.0 SE  System CPU load: 51.0 PCT
2022-05-27 10:10:09.722 INFO  - [THREAD-MONITOR]   Core: 30  Max: 30  Active: 0  Largest: 0  Queued size: 0  Task completed: 0
2022-05-27 10:10:09.768 INFO  - [MEMORY-MONITOR]   Process Max: 8518.631 MB  Process Total: 532.677 MB  Process Used: 107.412 MB  Process Free: 425.265 MB  Physical Total: 34069.651 MB  Physical Free: 17163.743 MB  Process CPU load: 0.0 PCT  Process CPU time: 3.0 SE  System CPU load: 14.0 PCT
2022-05-27 10:10:19.725 INFO  - [THREAD-MONITOR]   Core: 30  Max: 30  Active: 0  Largest: 0  Queued size: 0  Task completed: 0
2022-05-27 10:10:19.760 INFO  - [MEMORY-MONITOR]   Process Max: 8518.631 MB  Process Total: 532.677 MB  Process Used: 107.412 MB  Process Free: 425.265 MB  Physical Total: 34069.651 MB  Physical Free: 17070.76 MB  Process CPU load: 0.0 PCT  Process CPU time: 3.0 SE  System CPU load: 16.0 PCT
2022-05-27 10:10:29.730 INFO  - [THREAD-MONITOR]   Core: 30  Max: 30  Active: 0  Largest: 0  Queued size: 0  Task completed: 0
2022-05-27 10:10:29.774 INFO  - [MEMORY-MONITOR]   Process Max: 8518.631 MB  Process Total: 532.677 MB  Process Used: 107.412 MB  Process Free: 425.265 MB  Physical Total: 34069.651 MB  Physical Free: 17050.69 MB  Process CPU load: 0.0 PCT  Process CPU time: 3.0 SE  System CPU load: 13.0 PCT
2022-05-27 10:10:39.734 INFO  - [THREAD-MONITOR]   Core: 30  Max: 30  Active: 0  Largest: 0  Queued size: 0  Task completed: 0
2022-05-27 10:10:39.774 INFO  - [MEMORY-MONITOR]   Process Max: 8518.631 MB  Process Total: 532.677 MB  Process Used: 107.412 MB  Process Free: 425.265 MB  Physical Total: 34069.651 MB  Physical Free: 17118.421 MB  Process CPU load: 0.0 PCT  Process CPU time: 4.0 SE  System CPU load: 10.0 PCT
2022-05-27 10:10:49.736 INFO  - [THREAD-MONITOR]   Core: 30  Max: 30  Active: 0  Largest: 0  Queued size: 0  Task completed: 0
2022-05-27 10:10:49.780 INFO  - [MEMORY-MONITOR]   Process Max: 8518.631 MB  Process Total: 532.677 MB  Process Used: 107.412 MB  Process Free: 425.265 MB  Physical Total: 34069.651 MB  Physical Free: 17012.511 MB  Process CPU load: 0.0 PCT  Process CPU time: 4.0 SE  System CPU load: 15.0 PCT
2022-05-27 10:10:59.748 INFO  - [THREAD-MONITOR]   Core: 30  Max: 30  Active: 0  Largest: 0  Queued size: 0  Task completed: 0
2022-05-27 10:10:59.793 INFO  - [MEMORY-MONITOR]   Process Max: 8518.631 MB  Process Total: 532.677 MB  Process Used: 107.412 MB  Process Free: 425.265 MB  Physical Total: 34069.651 MB  Physical Free: 16968.086 MB  Process CPU load: 0.0 PCT  Process CPU time: 4.0 SE  System CPU load: 17.0 PCT
2022-05-27 10:11:09.757 INFO  - [THREAD-MONITOR]   Core: 30  Max: 30  Active: 0  Largest: 0  Queued size: 0  Task completed: 0
2022-05-27 10:11:09.794 INFO  - [MEMORY-MONITOR]   Process Max: 8518.631 MB  Process Total: 532.677 MB  Process Used: 107.412 MB  Process Free: 425.265 MB  Physical Total: 34069.651 MB  Physical Free: 16953.356 MB  Process CPU load: 0.0 PCT  Process CPU time: 4.0 SE  System CPU load: 34.0 PCT
2022-05-27 10:11:19.757 INFO  - [THREAD-MONITOR]   Core: 30  Max: 30  Active: 0  Largest: 0  Queued size: 0  Task completed: 0
2022-05-27 10:11:19.796 INFO  - [MEMORY-MONITOR]   Process Max: 8518.631 MB  Process Total: 532.677 MB  Process Used: 107.412 MB  Process Free: 425.265 MB  Physical Total: 34069.651 MB  Physical Free: 17103.811 MB  Process CPU load: 0.0 PCT  Process CPU time: 4.0 SE  System CPU load: 16.0 PCT
2022-05-27 10:11:29.762 INFO  - [THREAD-MONITOR]   Core: 30  Max: 30  Active: 0  Largest: 0  Queued size: 0  Task completed: 0
2022-05-27 10:11:29.841 INFO  - [MEMORY-MONITOR]   Process Max: 8518.631 MB  Process Total: 532.677 MB  Process Used: 107.412 MB  Process Free: 425.265 MB  Physical Total: 34069.651 MB  Physical Free: 16913.138 MB  Process CPU load: 0.0 PCT  Process CPU time: 4.0 SE  System CPU load: 14.0 PCT
2022-05-27 10:11:39.767 INFO  - [THREAD-MONITOR]   Core: 30  Max: 30  Active: 0  Largest: 0  Queued size: 0  Task completed: 0
2022-05-27 10:11:39.853 INFO  - [MEMORY-MONITOR]   Process Max: 8518.631 MB  Process Total: 532.677 MB  Process Used: 107.412 MB  Process Free: 425.265 MB  Physical Total: 34069.651 MB  Physical Free: 18798.023 MB  Process CPU load: 0.0 PCT  Process CPU time: 4.0 SE  System CPU load: 40.0 PCT
2022-05-27 10:11:49.782 INFO  - [THREAD-MONITOR]   Core: 30  Max: 30  Active: 0  Largest: 0  Queued size: 0  Task completed: 0
2022-05-27 10:11:49.804 INFO  - [MEMORY-MONITOR]   Process Max: 8518.631 MB  Process Total: 532.677 MB  Process Used: 107.412 MB  Process Free: 425.265 MB  Physical Total: 34069.651 MB  Physical Free: 19063.251 MB  Process CPU load: 0.0 PCT  Process CPU time: 4.0 SE  System CPU load: 19.0 PCT
2022-05-27 10:11:59.787 INFO  - [THREAD-MONITOR]   Core: 30  Max: 30  Active: 0  Largest: 0  Queued size: 0  Task completed: 0
2022-05-27 10:11:59.827 INFO  - [MEMORY-MONITOR]   Process Max: 8518.631 MB  Process Total: 532.677 MB  Process Used: 107.412 MB  Process Free: 425.265 MB  Physical Total: 34069.651 MB  Physical Free: 19088.318 MB  Process CPU load: 0.0 PCT  Process CPU time: 4.0 SE  System CPU load: 10.0 PCT
2022-05-27 10:12:09.799 INFO  - [THREAD-MONITOR]   Core: 30  Max: 30  Active: 0  Largest: 0  Queued size: 0  Task completed: 0
2022-05-27 10:12:09.835 INFO  - [MEMORY-MONITOR]   Process Max: 8518.631 MB  Process Total: 532.677 MB  Process Used: 107.412 MB  Process Free: 425.265 MB  Physical Total: 34069.651 MB  Physical Free: 19096.547 MB  Process CPU load: 0.0 PCT  Process CPU time: 4.0 SE  System CPU load: 10.0 PCT
2022-05-27 10:12:19.806 INFO  - [THREAD-MONITOR]   Core: 30  Max: 30  Active: 0  Largest: 0  Queued size: 0  Task completed: 0
2022-05-27 10:12:19.845 INFO  - [MEMORY-MONITOR]   Process Max: 8518.631 MB  Process Total: 532.677 MB  Process Used: 107.412 MB  Process Free: 425.265 MB  Physical Total: 34069.651 MB  Physical Free: 18824.843 MB  Process CPU load: 0.0 PCT  Process CPU time: 4.0 SE  System CPU load: 23.0 PCT
2022-05-27 10:12:29.820 INFO  - [THREAD-MONITOR]   Core: 30  Max: 30  Active: 0  Largest: 0  Queued size: 0  Task completed: 0
2022-05-27 10:12:29.861 INFO  - [MEMORY-MONITOR]   Process Max: 8518.631 MB  Process Total: 532.677 MB  Process Used: 107.412 MB  Process Free: 425.265 MB  Physical Total: 34069.651 MB  Physical Free: 18761.437 MB  Process CPU load: 0.0 PCT  Process CPU time: 4.0 SE  System CPU load: 25.0 PCT
2022-05-27 10:12:39.832 INFO  - [THREAD-MONITOR]   Core: 30  Max: 30  Active: 0  Largest: 0  Queued size: 0  Task completed: 0
2022-05-27 10:12:39.860 INFO  - [MEMORY-MONITOR]   Process Max: 8518.631 MB  Process Total: 532.677 MB  Process Used: 107.412 MB  Process Free: 425.265 MB  Physical Total: 34069.651 MB  Physical Free: 18672.693 MB  Process CPU load: 0.0 PCT  Process CPU time: 4.0 SE  System CPU load: 20.0 PCT
2022-05-27 10:12:49.836 INFO  - [THREAD-MONITOR]   Core: 30  Max: 30  Active: 0  Largest: 0  Queued size: 0  Task completed: 0
2022-05-27 10:12:49.881 INFO  - [MEMORY-MONITOR]   Process Max: 8518.631 MB  Process Total: 532.677 MB  Process Used: 107.663 MB  Process Free: 425.013 MB  Physical Total: 34069.651 MB  Physical Free: 18346.209 MB  Process CPU load: 0.0 PCT  Process CPU time: 4.0 SE  System CPU load: 29.0 PCT
