2022-02-22 17:28:39.061 DEBUG - ------------------------------ REQ: GET / HTTP/1.1 ------------------------------
Host: www.leap1.org:8080
Connection: keep-alive
Upgrade-Insecure-Requests: 1
User-Agent: Mozilla/5.0 (Windows NT 10.0; Win64; x64) AppleWebKit/537.36 (KHTML, like Gecko) Chrome/98.0.4758.102 Safari/537.36
Accept: text/html,application/xhtml+xml,application/xml;q=0.9,image/avif,image/webp,image/apng,*/*;q=0.8,application/signed-exchange;v=b3;q=0.9
Accept-Encoding: gzip, deflate
Accept-Language: ko,en-US;q=0.9,en;q=0.8
2022-02-22 17:28:39.084 DEBUG - REQUEST CONTEXT: /   PATH: home2\webapp\WEB-INF\static
2022-02-22 17:28:39.085 DEBUG - REQUEST RESOURCE: index.html   PATH: home2\webapp\WEB-INF\static
2022-02-22 17:28:39.090 DEBUG - ============================== RES : HTTP_1_0 200 OK - /127.0.0.1:55791 ==============================
RES CODE: 200
Content-Length: [233]
Content-Type: [TEXT_HTML]
2022-02-22 17:28:39.425 DEBUG - ------------------------------ REQ: GET /favicon.ico HTTP/1.1 ------------------------------
Host: www.leap1.org:8080
Connection: keep-alive
User-Agent: Mozilla/5.0 (Windows NT 10.0; Win64; x64) AppleWebKit/537.36 (KHTML, like Gecko) Chrome/98.0.4758.102 Safari/537.36
Accept: image/avif,image/webp,image/apng,image/svg+xml,image/*,*/*;q=0.8
Referer: http://www.leap1.org:8080/
Accept-Encoding: gzip, deflate
Accept-Language: ko,en-US;q=0.9,en;q=0.8
2022-02-22 17:28:39.427 DEBUG - REQUEST CONTEXT: /favicon.ico   PATH: home2\webapp\WEB-INF\static
2022-02-22 17:28:39.431 DEBUG - DOWNLOAD RESOURCE MIME-TYPE: image/x-icon
2022-02-22 17:28:39.433 DEBUG - ============================== RES : HTTP_1_0 200 OK - /127.0.0.1:55792 ==============================
RES CODE: 200
Content-Length: [1150]
Content-Type: [image/x-icon]
